square = λ var : Z.Syntax.base_type → Type,
λ '(x18, x19, x17, x15, x13, x11, x9, x7, x5, x3, x1)%core,
uint64_t x20 = ((uint64_t)x18 * x18);
uint64_t x21 = (((uint64_t)x19 * x18) + ((uint64_t)x18 * x19));
uint64_t x22 = ((0x2 * ((uint64_t)x17 * x18)) + ((0x2 * ((uint64_t)x19 * x19)) + (0x2 * ((uint64_t)x18 * x17))));
uint64_t x23 = (((uint64_t)x15 * x18) + ((0x2 * ((uint64_t)x17 * x19)) + ((0x2 * ((uint64_t)x19 * x17)) + ((uint64_t)x18 * x15))));
uint64_t x24 = (((uint64_t)x13 * x18) + (((uint64_t)x15 * x19) + ((0x2 * ((uint64_t)x17 * x17)) + (((uint64_t)x19 * x15) + ((uint64_t)x18 * x13)))));
uint64_t x25 = (((uint64_t)x11 * x18) + (((uint64_t)x13 * x19) + (((uint64_t)x15 * x17) + (((uint64_t)x17 * x15) + (((uint64_t)x19 * x13) + ((uint64_t)x18 * x11))))));
uint64_t x26 = ((0x2 * ((uint64_t)x9 * x18)) + ((0x2 * ((uint64_t)x11 * x19)) + ((0x2 * ((uint64_t)x13 * x17)) + (((uint64_t)x15 * x15) + ((0x2 * ((uint64_t)x17 * x13)) + ((0x2 * ((uint64_t)x19 * x11)) + (0x2 * ((uint64_t)x18 * x9))))))));
uint64_t x27 = (((uint64_t)x7 * x18) + ((0x2 * ((uint64_t)x9 * x19)) + ((0x2 * ((uint64_t)x11 * x17)) + (((uint64_t)x13 * x15) + (((uint64_t)x15 * x13) + ((0x2 * ((uint64_t)x17 * x11)) + ((0x2 * ((uint64_t)x19 * x9)) + ((uint64_t)x18 * x7))))))));
uint64_t x28 = (((uint64_t)x5 * x18) + (((uint64_t)x7 * x19) + ((0x2 * ((uint64_t)x9 * x17)) + (((uint64_t)x11 * x15) + (((uint64_t)x13 * x13) + (((uint64_t)x15 * x11) + ((0x2 * ((uint64_t)x17 * x9)) + (((uint64_t)x19 * x7) + ((uint64_t)x18 * x5)))))))));
uint64_t x29 = ((0x2 * ((uint64_t)x3 * x18)) + ((0x2 * ((uint64_t)x5 * x19)) + ((0x2 * ((uint64_t)x7 * x17)) + ((0x2 * ((uint64_t)x9 * x15)) + ((0x2 * ((uint64_t)x11 * x13)) + ((0x2 * ((uint64_t)x13 * x11)) + ((0x2 * ((uint64_t)x15 * x9)) + ((0x2 * ((uint64_t)x17 * x7)) + ((0x2 * ((uint64_t)x19 * x5)) + (0x2 * ((uint64_t)x18 * x3)))))))))));
uint64_t x30 = (((uint64_t)x1 * x18) + ((0x2 * ((uint64_t)x3 * x19)) + ((0x2 * ((uint64_t)x5 * x17)) + (((uint64_t)x7 * x15) + ((0x2 * ((uint64_t)x9 * x13)) + ((0x2 * ((uint64_t)x11 * x11)) + ((0x2 * ((uint64_t)x13 * x9)) + (((uint64_t)x15 * x7) + ((0x2 * ((uint64_t)x17 * x5)) + ((0x2 * ((uint64_t)x19 * x3)) + ((uint64_t)x18 * x1)))))))))));
uint64_t x31 = (((uint64_t)x1 * x19) + ((0x2 * ((uint64_t)x3 * x17)) + (((uint64_t)x5 * x15) + (((uint64_t)x7 * x13) + ((0x2 * ((uint64_t)x9 * x11)) + ((0x2 * ((uint64_t)x11 * x9)) + (((uint64_t)x13 * x7) + (((uint64_t)x15 * x5) + ((0x2 * ((uint64_t)x17 * x3)) + ((uint64_t)x19 * x1))))))))));
uint64_t x32 = (((uint64_t)x1 * x17) + (((uint64_t)x3 * x15) + (((uint64_t)x5 * x13) + (((uint64_t)x7 * x11) + ((0x2 * ((uint64_t)x9 * x9)) + (((uint64_t)x11 * x7) + (((uint64_t)x13 * x5) + (((uint64_t)x15 * x3) + ((uint64_t)x17 * x1)))))))));
uint64_t x33 = (((uint64_t)x1 * x15) + ((0x2 * ((uint64_t)x3 * x13)) + ((0x2 * ((uint64_t)x5 * x11)) + ((0x2 * ((uint64_t)x7 * x9)) + ((0x2 * ((uint64_t)x9 * x7)) + ((0x2 * ((uint64_t)x11 * x5)) + ((0x2 * ((uint64_t)x13 * x3)) + ((uint64_t)x15 * x1))))))));
uint64_t x34 = (((uint64_t)x1 * x13) + ((0x2 * ((uint64_t)x3 * x11)) + ((0x2 * ((uint64_t)x5 * x9)) + (((uint64_t)x7 * x7) + ((0x2 * ((uint64_t)x9 * x5)) + ((0x2 * ((uint64_t)x11 * x3)) + ((uint64_t)x13 * x1)))))));
uint64_t x35 = (((uint64_t)x1 * x11) + ((0x2 * ((uint64_t)x3 * x9)) + (((uint64_t)x5 * x7) + (((uint64_t)x7 * x5) + ((0x2 * ((uint64_t)x9 * x3)) + ((uint64_t)x11 * x1))))));
uint64_t x36 = (((uint64_t)x1 * x9) + (((uint64_t)x3 * x7) + (((uint64_t)x5 * x5) + (((uint64_t)x7 * x3) + ((uint64_t)x9 * x1)))));
uint64_t x37 = (((uint64_t)x1 * x7) + ((0x2 * ((uint64_t)x3 * x5)) + ((0x2 * ((uint64_t)x5 * x3)) + ((uint64_t)x7 * x1))));
uint64_t x38 = (((uint64_t)x1 * x5) + ((0x2 * ((uint64_t)x3 * x3)) + ((uint64_t)x5 * x1)));
uint64_t x39 = (((uint64_t)x1 * x3) + ((uint64_t)x3 * x1));
uint64_t x40 = ((uint64_t)x1 * x1);
uint64_t x41 = (x31 + (0xbd * x20));
uint64_t x42 = (x32 + (0xbd * x21));
uint64_t x43 = (x33 + (0xbd * x22));
uint64_t x44 = (x34 + (0xbd * x23));
uint64_t x45 = (x35 + (0xbd * x24));
uint64_t x46 = (x36 + (0xbd * x25));
uint64_t x47 = (x37 + (0xbd * x26));
uint64_t x48 = (x38 + (0xbd * x27));
uint64_t x49 = (x39 + (0xbd * x28));
uint64_t x50 = (x40 + (0xbd * x29));
uint64_t x51 = (x50 >> 0x18);
uint32_t x52 = ((uint32_t)x50 & 0xffffff);
uint64_t x53 = (x51 + x49);
uint64_t x54 = (x53 >> 0x17);
uint32_t x55 = ((uint32_t)x53 & 0x7fffff);
uint64_t x56 = (x54 + x48);
uint64_t x57 = (x56 >> 0x17);
uint32_t x58 = ((uint32_t)x56 & 0x7fffff);
uint64_t x59 = (x57 + x47);
uint64_t x60 = (x59 >> 0x18);
uint32_t x61 = ((uint32_t)x59 & 0xffffff);
uint64_t x62 = (x60 + x46);
uint64_t x63 = (x62 >> 0x17);
uint32_t x64 = ((uint32_t)x62 & 0x7fffff);
uint64_t x65 = (x63 + x45);
uint64_t x66 = (x65 >> 0x17);
uint32_t x67 = ((uint32_t)x65 & 0x7fffff);
uint64_t x68 = (x66 + x44);
uint64_t x69 = (x68 >> 0x17);
uint32_t x70 = ((uint32_t)x68 & 0x7fffff);
uint64_t x71 = (x69 + x43);
uint64_t x72 = (x71 >> 0x18);
uint32_t x73 = ((uint32_t)x71 & 0xffffff);
uint64_t x74 = (x72 + x42);
uint64_t x75 = (x74 >> 0x17);
uint32_t x76 = ((uint32_t)x74 & 0x7fffff);
uint64_t x77 = (x75 + x41);
uint64_t x78 = (x77 >> 0x17);
uint32_t x79 = ((uint32_t)x77 & 0x7fffff);
uint64_t x80 = (x78 + x30);
uint32_t x81 = (uint32_t) (x80 >> 0x17);
uint32_t x82 = ((uint32_t)x80 & 0x7fffff);
uint64_t x83 = (x52 + ((uint64_t)0xbd * x81));
uint32_t x84 = (uint32_t) (x83 >> 0x18);
uint32_t x85 = ((uint32_t)x83 & 0xffffff);
uint32_t x86 = (x84 + x55);
uint32_t x87 = (x86 >> 0x17);
uint32_t x88 = (x86 & 0x7fffff);
return (Return x82, Return x79, Return x76, Return x73, Return x70, Return x67, Return x64, Return x61, (x87 + x58), Return x88, Return x85)
     : ∀ var : Z.Syntax.base_type → Type, expr Z.Syntax.base_type Z.Syntax.op (uint32_t * uint32_t * uint32_t * uint32_t * uint32_t * uint32_t * uint32_t * uint32_t * uint32_t * uint32_t * uint32_t -> uint32_t * uint32_t * uint32_t * uint32_t * uint32_t * uint32_t * uint32_t * uint32_t * uint32_t * uint32_t * uint32_t)

Argument scope is [function_scope]
