square = λ var : Z.Syntax.base_type → Type,
λ '(x14, x15, x13, x11, x9, x7, x5, x3, x1)%core,
uint64_t x16 = ((uint64_t)x14 * x14);
uint64_t x17 = (((uint64_t)x15 * x14) + ((uint64_t)x14 * x15));
uint64_t x18 = (((uint64_t)x13 * x14) + (((uint64_t)x15 * x15) + ((uint64_t)x14 * x13)));
uint64_t x19 = (((uint64_t)x11 * x14) + (((uint64_t)x13 * x15) + (((uint64_t)x15 * x13) + ((uint64_t)x14 * x11))));
uint64_t x20 = (((uint64_t)x9 * x14) + (((uint64_t)x11 * x15) + (((uint64_t)x13 * x13) + (((uint64_t)x15 * x11) + ((uint64_t)x14 * x9)))));
uint64_t x21 = (((uint64_t)x7 * x14) + (((uint64_t)x9 * x15) + (((uint64_t)x11 * x13) + (((uint64_t)x13 * x11) + (((uint64_t)x15 * x9) + ((uint64_t)x14 * x7))))));
uint64_t x22 = (((uint64_t)x5 * x14) + (((uint64_t)x7 * x15) + (((uint64_t)x9 * x13) + (((uint64_t)x11 * x11) + (((uint64_t)x13 * x9) + (((uint64_t)x15 * x7) + ((uint64_t)x14 * x5)))))));
uint64_t x23 = (((uint64_t)x3 * x14) + (((uint64_t)x5 * x15) + (((uint64_t)x7 * x13) + (((uint64_t)x9 * x11) + (((uint64_t)x11 * x9) + (((uint64_t)x13 * x7) + (((uint64_t)x15 * x5) + ((uint64_t)x14 * x3))))))));
uint64_t x24 = (((uint64_t)x1 * x14) + (((uint64_t)x3 * x15) + (((uint64_t)x5 * x13) + (((uint64_t)x7 * x11) + (((uint64_t)x9 * x9) + (((uint64_t)x11 * x7) + (((uint64_t)x13 * x5) + (((uint64_t)x15 * x3) + ((uint64_t)x14 * x1)))))))));
uint64_t x25 = (((uint64_t)x1 * x15) + (((uint64_t)x3 * x13) + (((uint64_t)x5 * x11) + (((uint64_t)x7 * x9) + (((uint64_t)x9 * x7) + (((uint64_t)x11 * x5) + (((uint64_t)x13 * x3) + ((uint64_t)x15 * x1))))))));
uint64_t x26 = (((uint64_t)x1 * x13) + (((uint64_t)x3 * x11) + (((uint64_t)x5 * x9) + (((uint64_t)x7 * x7) + (((uint64_t)x9 * x5) + (((uint64_t)x11 * x3) + ((uint64_t)x13 * x1)))))));
uint64_t x27 = (((uint64_t)x1 * x11) + (((uint64_t)x3 * x9) + (((uint64_t)x5 * x7) + (((uint64_t)x7 * x5) + (((uint64_t)x9 * x3) + ((uint64_t)x11 * x1))))));
uint64_t x28 = (((uint64_t)x1 * x9) + (((uint64_t)x3 * x7) + (((uint64_t)x5 * x5) + (((uint64_t)x7 * x3) + ((uint64_t)x9 * x1)))));
uint64_t x29 = (((uint64_t)x1 * x7) + (((uint64_t)x3 * x5) + (((uint64_t)x5 * x3) + ((uint64_t)x7 * x1))));
uint64_t x30 = (((uint64_t)x1 * x5) + (((uint64_t)x3 * x3) + ((uint64_t)x5 * x1)));
uint64_t x31 = (((uint64_t)x1 * x3) + ((uint64_t)x3 * x1));
uint64_t x32 = ((uint64_t)x1 * x1);
uint64_t x33 = (x25 + (0x11 * x16));
uint64_t x34 = (x26 + (0x11 * x17));
uint64_t x35 = (x27 + (0x11 * x18));
uint64_t x36 = (x28 + (0x11 * x19));
uint64_t x37 = (x29 + (0x11 * x20));
uint64_t x38 = (x30 + (0x11 * x21));
uint64_t x39 = (x31 + (0x11 * x22));
uint64_t x40 = (x32 + (0x11 * x23));
uint64_t x41 = (x40 >> 0x16);
uint32_t x42 = ((uint32_t)x40 & 0x3fffff);
uint64_t x43 = (x41 + x39);
uint64_t x44 = (x43 >> 0x16);
uint32_t x45 = ((uint32_t)x43 & 0x3fffff);
uint64_t x46 = (x44 + x38);
uint64_t x47 = (x46 >> 0x16);
uint32_t x48 = ((uint32_t)x46 & 0x3fffff);
uint64_t x49 = (x47 + x37);
uint32_t x50 = (uint32_t) (x49 >> 0x16);
uint32_t x51 = ((uint32_t)x49 & 0x3fffff);
uint64_t x52 = (x50 + x36);
uint32_t x53 = (uint32_t) (x52 >> 0x16);
uint32_t x54 = ((uint32_t)x52 & 0x3fffff);
uint64_t x55 = (x53 + x35);
uint32_t x56 = (uint32_t) (x55 >> 0x16);
uint32_t x57 = ((uint32_t)x55 & 0x3fffff);
uint64_t x58 = (x56 + x34);
uint32_t x59 = (uint32_t) (x58 >> 0x16);
uint32_t x60 = ((uint32_t)x58 & 0x3fffff);
uint64_t x61 = (x59 + x33);
uint32_t x62 = (uint32_t) (x61 >> 0x16);
uint32_t x63 = ((uint32_t)x61 & 0x3fffff);
uint64_t x64 = (x62 + x24);
uint32_t x65 = (uint32_t) (x64 >> 0x16);
uint32_t x66 = ((uint32_t)x64 & 0x3fffff);
uint64_t x67 = (x42 + ((uint64_t)0x11 * x65));
uint32_t x68 = (uint32_t) (x67 >> 0x16);
uint32_t x69 = ((uint32_t)x67 & 0x3fffff);
uint32_t x70 = (x68 + x45);
uint32_t x71 = (x70 >> 0x16);
uint32_t x72 = (x70 & 0x3fffff);
return (Return x66, Return x63, Return x60, Return x57, Return x54, Return x51, (x71 + x48), Return x72, Return x69)
     : ∀ var : Z.Syntax.base_type → Type, expr Z.Syntax.base_type Z.Syntax.op (uint32_t * uint32_t * uint32_t * uint32_t * uint32_t * uint32_t * uint32_t * uint32_t * uint32_t -> uint32_t * uint32_t * uint32_t * uint32_t * uint32_t * uint32_t * uint32_t * uint32_t * uint32_t)

Argument scope is [function_scope]
