mul = λ var : Z.Syntax.base_type → Type,
λ '(x6, x7, x5, x3, (x12, x13, x11, x9))%core,
uint64_t x15, uint64_t x16 = mulx_u64(x3, x9);
uint64_t x18, uint64_t x19 = mulx_u64(x3, x11);
uint64_t x21, uint64_t x22 = mulx_u64(x3, x13);
uint64_t x24, uint64_t x25 = mulx_u64(x3, x12);
uint64_t x27, uint8_t x28 = addcarryx_u64(0x0, x16, x18);
uint64_t x30, uint8_t x31 = addcarryx_u64(x28, x19, x21);
uint64_t x33, uint8_t x34 = addcarryx_u64(x31, x22, x24);
uint64_t x36, uint8_t _ = addcarryx_u64(0x0, x34, x25);
uint64_t x39, uint64_t x40 = mulx_u64(x15, 0xffffffffffffffffL);
uint64_t x42, uint64_t x43 = mulx_u64(x15, 0xffffffffffffffffL);
uint64_t x45, uint64_t x46 = mulx_u64(x15, 0xffffffffffffffffL);
uint64_t x48, uint64_t x49 = mulx_u64(x15, 0xffa7ffffffffffffL);
uint64_t x51, uint8_t x52 = addcarryx_u64(0x0, x40, x42);
uint64_t x54, uint8_t x55 = addcarryx_u64(x52, x43, x45);
uint64_t x57, uint8_t x58 = addcarryx_u64(x55, x46, x48);
uint64_t x60, uint8_t _ = addcarryx_u64(0x0, x58, x49);
uint64_t _, uint8_t x64 = addcarryx_u64(0x0, x15, x39);
uint64_t x66, uint8_t x67 = addcarryx_u64(x64, x27, x51);
uint64_t x69, uint8_t x70 = addcarryx_u64(x67, x30, x54);
uint64_t x72, uint8_t x73 = addcarryx_u64(x70, x33, x57);
uint64_t x75, uint8_t x76 = addcarryx_u64(x73, x36, x60);
uint64_t x78, uint64_t x79 = mulx_u64(x5, x9);
uint64_t x81, uint64_t x82 = mulx_u64(x5, x11);
uint64_t x84, uint64_t x85 = mulx_u64(x5, x13);
uint64_t x87, uint64_t x88 = mulx_u64(x5, x12);
uint64_t x90, uint8_t x91 = addcarryx_u64(0x0, x79, x81);
uint64_t x93, uint8_t x94 = addcarryx_u64(x91, x82, x84);
uint64_t x96, uint8_t x97 = addcarryx_u64(x94, x85, x87);
uint64_t x99, uint8_t _ = addcarryx_u64(0x0, x97, x88);
uint64_t x102, uint8_t x103 = addcarryx_u64(0x0, x66, x78);
uint64_t x105, uint8_t x106 = addcarryx_u64(x103, x69, x90);
uint64_t x108, uint8_t x109 = addcarryx_u64(x106, x72, x93);
uint64_t x111, uint8_t x112 = addcarryx_u64(x109, x75, x96);
uint64_t x114, uint8_t x115 = addcarryx_u64(x112, x76, x99);
uint64_t x117, uint64_t x118 = mulx_u64(x102, 0xffffffffffffffffL);
uint64_t x120, uint64_t x121 = mulx_u64(x102, 0xffffffffffffffffL);
uint64_t x123, uint64_t x124 = mulx_u64(x102, 0xffffffffffffffffL);
uint64_t x126, uint64_t x127 = mulx_u64(x102, 0xffa7ffffffffffffL);
uint64_t x129, uint8_t x130 = addcarryx_u64(0x0, x118, x120);
uint64_t x132, uint8_t x133 = addcarryx_u64(x130, x121, x123);
uint64_t x135, uint8_t x136 = addcarryx_u64(x133, x124, x126);
uint64_t x138, uint8_t _ = addcarryx_u64(0x0, x136, x127);
uint64_t _, uint8_t x142 = addcarryx_u64(0x0, x102, x117);
uint64_t x144, uint8_t x145 = addcarryx_u64(x142, x105, x129);
uint64_t x147, uint8_t x148 = addcarryx_u64(x145, x108, x132);
uint64_t x150, uint8_t x151 = addcarryx_u64(x148, x111, x135);
uint64_t x153, uint8_t x154 = addcarryx_u64(x151, x114, x138);
uint8_t x155 = (x154 + x115);
uint64_t x157, uint64_t x158 = mulx_u64(x7, x9);
uint64_t x160, uint64_t x161 = mulx_u64(x7, x11);
uint64_t x163, uint64_t x164 = mulx_u64(x7, x13);
uint64_t x166, uint64_t x167 = mulx_u64(x7, x12);
uint64_t x169, uint8_t x170 = addcarryx_u64(0x0, x158, x160);
uint64_t x172, uint8_t x173 = addcarryx_u64(x170, x161, x163);
uint64_t x175, uint8_t x176 = addcarryx_u64(x173, x164, x166);
uint64_t x178, uint8_t _ = addcarryx_u64(0x0, x176, x167);
uint64_t x181, uint8_t x182 = addcarryx_u64(0x0, x144, x157);
uint64_t x184, uint8_t x185 = addcarryx_u64(x182, x147, x169);
uint64_t x187, uint8_t x188 = addcarryx_u64(x185, x150, x172);
uint64_t x190, uint8_t x191 = addcarryx_u64(x188, x153, x175);
uint64_t x193, uint8_t x194 = addcarryx_u64(x191, x155, x178);
uint64_t x196, uint64_t x197 = mulx_u64(x181, 0xffffffffffffffffL);
uint64_t x199, uint64_t x200 = mulx_u64(x181, 0xffffffffffffffffL);
uint64_t x202, uint64_t x203 = mulx_u64(x181, 0xffffffffffffffffL);
uint64_t x205, uint64_t x206 = mulx_u64(x181, 0xffa7ffffffffffffL);
uint64_t x208, uint8_t x209 = addcarryx_u64(0x0, x197, x199);
uint64_t x211, uint8_t x212 = addcarryx_u64(x209, x200, x202);
uint64_t x214, uint8_t x215 = addcarryx_u64(x212, x203, x205);
uint64_t x217, uint8_t _ = addcarryx_u64(0x0, x215, x206);
uint64_t _, uint8_t x221 = addcarryx_u64(0x0, x181, x196);
uint64_t x223, uint8_t x224 = addcarryx_u64(x221, x184, x208);
uint64_t x226, uint8_t x227 = addcarryx_u64(x224, x187, x211);
uint64_t x229, uint8_t x230 = addcarryx_u64(x227, x190, x214);
uint64_t x232, uint8_t x233 = addcarryx_u64(x230, x193, x217);
uint8_t x234 = (x233 + x194);
uint64_t x236, uint64_t x237 = mulx_u64(x6, x9);
uint64_t x239, uint64_t x240 = mulx_u64(x6, x11);
uint64_t x242, uint64_t x243 = mulx_u64(x6, x13);
uint64_t x245, uint64_t x246 = mulx_u64(x6, x12);
uint64_t x248, uint8_t x249 = addcarryx_u64(0x0, x237, x239);
uint64_t x251, uint8_t x252 = addcarryx_u64(x249, x240, x242);
uint64_t x254, uint8_t x255 = addcarryx_u64(x252, x243, x245);
uint64_t x257, uint8_t _ = addcarryx_u64(0x0, x255, x246);
uint64_t x260, uint8_t x261 = addcarryx_u64(0x0, x223, x236);
uint64_t x263, uint8_t x264 = addcarryx_u64(x261, x226, x248);
uint64_t x266, uint8_t x267 = addcarryx_u64(x264, x229, x251);
uint64_t x269, uint8_t x270 = addcarryx_u64(x267, x232, x254);
uint64_t x272, uint8_t x273 = addcarryx_u64(x270, x234, x257);
uint64_t x275, uint64_t x276 = mulx_u64(x260, 0xffffffffffffffffL);
uint64_t x278, uint64_t x279 = mulx_u64(x260, 0xffffffffffffffffL);
uint64_t x281, uint64_t x282 = mulx_u64(x260, 0xffffffffffffffffL);
uint64_t x284, uint64_t x285 = mulx_u64(x260, 0xffa7ffffffffffffL);
uint64_t x287, uint8_t x288 = addcarryx_u64(0x0, x276, x278);
uint64_t x290, uint8_t x291 = addcarryx_u64(x288, x279, x281);
uint64_t x293, uint8_t x294 = addcarryx_u64(x291, x282, x284);
uint64_t x296, uint8_t _ = addcarryx_u64(0x0, x294, x285);
uint64_t _, uint8_t x300 = addcarryx_u64(0x0, x260, x275);
uint64_t x302, uint8_t x303 = addcarryx_u64(x300, x263, x287);
uint64_t x305, uint8_t x306 = addcarryx_u64(x303, x266, x290);
uint64_t x308, uint8_t x309 = addcarryx_u64(x306, x269, x293);
uint64_t x311, uint8_t x312 = addcarryx_u64(x309, x272, x296);
uint8_t x313 = (x312 + x273);
uint64_t x315, uint8_t x316 = subborrow_u64(0x0, x302, 0xffffffffffffffffL);
uint64_t x318, uint8_t x319 = subborrow_u64(x316, x305, 0xffffffffffffffffL);
uint64_t x321, uint8_t x322 = subborrow_u64(x319, x308, 0xffffffffffffffffL);
uint64_t x324, uint8_t x325 = subborrow_u64(x322, x311, 0xffa7ffffffffffffL);
uint64_t _, uint8_t x328 = subborrow_u64(x325, x313, 0x0);
(cmovznz64(x328, x324, x311), cmovznz64(x328, x321, x308), cmovznz64(x328, x318, x305), cmovznz64(x328, x315, x302))
     : ∀ var : Z.Syntax.base_type → Type, expr Z.Syntax.base_type Z.Syntax.op (uint64_t * uint64_t * uint64_t * uint64_t * (uint64_t * uint64_t * uint64_t * uint64_t) -> uint64_t * uint64_t * uint64_t * uint64_t)

Argument scope is [function_scope]
