mul = λ var : Z.Syntax.base_type → Type,
λ '(x28, x29, x27, x25, x23, x21, x19, x17, x15, x13, x11, x9, x7, x5, x3, (x56, x57, x55, x53, x51, x49, x47, x45, x43, x41, x39, x37, x35, x33, x31))%core,
uint64_t x58 = (0x2 * ((uint64_t)x28 * x56));
uint64_t x59 = (((uint64_t)x29 * x56) + ((uint64_t)x28 * x57));
uint64_t x60 = ((0x2 * ((uint64_t)x27 * x56)) + (((uint64_t)x29 * x57) + (0x2 * ((uint64_t)x28 * x55))));
uint64_t x61 = ((0x2 * ((uint64_t)x25 * x56)) + ((0x2 * ((uint64_t)x27 * x57)) + ((0x2 * ((uint64_t)x29 * x55)) + (0x2 * ((uint64_t)x28 * x53)))));
uint64_t x62 = (((uint64_t)x23 * x56) + (((uint64_t)x25 * x57) + ((0x2 * ((uint64_t)x27 * x55)) + (((uint64_t)x29 * x53) + ((uint64_t)x28 * x51)))));
uint64_t x63 = ((0x2 * ((uint64_t)x21 * x56)) + (((uint64_t)x23 * x57) + ((0x2 * ((uint64_t)x25 * x55)) + ((0x2 * ((uint64_t)x27 * x53)) + (((uint64_t)x29 * x51) + (0x2 * ((uint64_t)x28 * x49)))))));
uint64_t x64 = (((uint64_t)x19 * x56) + (((uint64_t)x21 * x57) + (((uint64_t)x23 * x55) + (((uint64_t)x25 * x53) + (((uint64_t)x27 * x51) + (((uint64_t)x29 * x49) + ((uint64_t)x28 * x47)))))));
uint64_t x65 = ((0x2 * ((uint64_t)x17 * x56)) + (((uint64_t)x19 * x57) + ((0x2 * ((uint64_t)x21 * x55)) + (((uint64_t)x23 * x53) + (((uint64_t)x25 * x51) + ((0x2 * ((uint64_t)x27 * x49)) + (((uint64_t)x29 * x47) + (0x2 * ((uint64_t)x28 * x45)))))))));
uint64_t x66 = ((0x2 * ((uint64_t)x15 * x56)) + ((0x2 * ((uint64_t)x17 * x57)) + ((0x2 * ((uint64_t)x19 * x55)) + ((0x2 * ((uint64_t)x21 * x53)) + (((uint64_t)x23 * x51) + ((0x2 * ((uint64_t)x25 * x49)) + ((0x2 * ((uint64_t)x27 * x47)) + ((0x2 * ((uint64_t)x29 * x45)) + (0x2 * ((uint64_t)x28 * x43))))))))));
uint64_t x67 = (((uint64_t)x13 * x56) + (((uint64_t)x15 * x57) + ((0x2 * ((uint64_t)x17 * x55)) + (((uint64_t)x19 * x53) + (((uint64_t)x21 * x51) + (((uint64_t)x23 * x49) + (((uint64_t)x25 * x47) + ((0x2 * ((uint64_t)x27 * x45)) + (((uint64_t)x29 * x43) + ((uint64_t)x28 * x41))))))))));
uint64_t x68 = ((0x2 * ((uint64_t)x11 * x56)) + (((uint64_t)x13 * x57) + ((0x2 * ((uint64_t)x15 * x55)) + ((0x2 * ((uint64_t)x17 * x53)) + (((uint64_t)x19 * x51) + ((0x2 * ((uint64_t)x21 * x49)) + (((uint64_t)x23 * x47) + ((0x2 * ((uint64_t)x25 * x45)) + ((0x2 * ((uint64_t)x27 * x43)) + (((uint64_t)x29 * x41) + (0x2 * ((uint64_t)x28 * x39))))))))))));
uint64_t x69 = (((uint64_t)x9 * x56) + (((uint64_t)x11 * x57) + (((uint64_t)x13 * x55) + (((uint64_t)x15 * x53) + (((uint64_t)x17 * x51) + (((uint64_t)x19 * x49) + (((uint64_t)x21 * x47) + (((uint64_t)x23 * x45) + (((uint64_t)x25 * x43) + (((uint64_t)x27 * x41) + (((uint64_t)x29 * x39) + ((uint64_t)x28 * x37))))))))))));
uint64_t x70 = ((0x2 * ((uint64_t)x7 * x56)) + (((uint64_t)x9 * x57) + ((0x2 * ((uint64_t)x11 * x55)) + (((uint64_t)x13 * x53) + (((uint64_t)x15 * x51) + ((0x2 * ((uint64_t)x17 * x49)) + (((uint64_t)x19 * x47) + ((0x2 * ((uint64_t)x21 * x45)) + (((uint64_t)x23 * x43) + (((uint64_t)x25 * x41) + ((0x2 * ((uint64_t)x27 * x39)) + (((uint64_t)x29 * x37) + (0x2 * ((uint64_t)x28 * x35))))))))))))));
uint64_t x71 = ((0x2 * ((uint64_t)x5 * x56)) + ((0x2 * ((uint64_t)x7 * x57)) + ((0x2 * ((uint64_t)x9 * x55)) + ((0x2 * ((uint64_t)x11 * x53)) + (((uint64_t)x13 * x51) + ((0x2 * ((uint64_t)x15 * x49)) + ((0x2 * ((uint64_t)x17 * x47)) + ((0x2 * ((uint64_t)x19 * x45)) + ((0x2 * ((uint64_t)x21 * x43)) + (((uint64_t)x23 * x41) + ((0x2 * ((uint64_t)x25 * x39)) + ((0x2 * ((uint64_t)x27 * x37)) + ((0x2 * ((uint64_t)x29 * x35)) + (0x2 * ((uint64_t)x28 * x33)))))))))))))));
uint64_t x72 = (((uint64_t)x3 * x56) + (((uint64_t)x5 * x57) + ((0x2 * ((uint64_t)x7 * x55)) + (((uint64_t)x9 * x53) + (((uint64_t)x11 * x51) + (((uint64_t)x13 * x49) + (((uint64_t)x15 * x47) + ((0x2 * ((uint64_t)x17 * x45)) + (((uint64_t)x19 * x43) + (((uint64_t)x21 * x41) + (((uint64_t)x23 * x39) + (((uint64_t)x25 * x37) + ((0x2 * ((uint64_t)x27 * x35)) + (((uint64_t)x29 * x33) + ((uint64_t)x28 * x31)))))))))))))));
uint64_t x73 = (((uint64_t)x3 * x57) + ((0x2 * ((uint64_t)x5 * x55)) + ((0x2 * ((uint64_t)x7 * x53)) + (((uint64_t)x9 * x51) + ((0x2 * ((uint64_t)x11 * x49)) + (((uint64_t)x13 * x47) + ((0x2 * ((uint64_t)x15 * x45)) + ((0x2 * ((uint64_t)x17 * x43)) + (((uint64_t)x19 * x41) + ((0x2 * ((uint64_t)x21 * x39)) + (((uint64_t)x23 * x37) + ((0x2 * ((uint64_t)x25 * x35)) + ((0x2 * ((uint64_t)x27 * x33)) + ((uint64_t)x29 * x31))))))))))))));
uint64_t x74 = (((uint64_t)x3 * x55) + (((uint64_t)x5 * x53) + (((uint64_t)x7 * x51) + (((uint64_t)x9 * x49) + (((uint64_t)x11 * x47) + (((uint64_t)x13 * x45) + (((uint64_t)x15 * x43) + (((uint64_t)x17 * x41) + (((uint64_t)x19 * x39) + (((uint64_t)x21 * x37) + (((uint64_t)x23 * x35) + (((uint64_t)x25 * x33) + ((uint64_t)x27 * x31)))))))))))));
uint64_t x75 = (((uint64_t)x3 * x53) + (((uint64_t)x5 * x51) + ((0x2 * ((uint64_t)x7 * x49)) + (((uint64_t)x9 * x47) + ((0x2 * ((uint64_t)x11 * x45)) + (((uint64_t)x13 * x43) + (((uint64_t)x15 * x41) + ((0x2 * ((uint64_t)x17 * x39)) + (((uint64_t)x19 * x37) + ((0x2 * ((uint64_t)x21 * x35)) + (((uint64_t)x23 * x33) + ((uint64_t)x25 * x31))))))))))));
uint64_t x76 = (((uint64_t)x3 * x51) + ((0x2 * ((uint64_t)x5 * x49)) + ((0x2 * ((uint64_t)x7 * x47)) + ((0x2 * ((uint64_t)x9 * x45)) + ((0x2 * ((uint64_t)x11 * x43)) + (((uint64_t)x13 * x41) + ((0x2 * ((uint64_t)x15 * x39)) + ((0x2 * ((uint64_t)x17 * x37)) + ((0x2 * ((uint64_t)x19 * x35)) + ((0x2 * ((uint64_t)x21 * x33)) + ((uint64_t)x23 * x31)))))))))));
uint64_t x77 = (((uint64_t)x3 * x49) + (((uint64_t)x5 * x47) + ((0x2 * ((uint64_t)x7 * x45)) + (((uint64_t)x9 * x43) + (((uint64_t)x11 * x41) + (((uint64_t)x13 * x39) + (((uint64_t)x15 * x37) + ((0x2 * ((uint64_t)x17 * x35)) + (((uint64_t)x19 * x33) + ((uint64_t)x21 * x31))))))))));
uint64_t x78 = (((uint64_t)x3 * x47) + ((0x2 * ((uint64_t)x5 * x45)) + ((0x2 * ((uint64_t)x7 * x43)) + (((uint64_t)x9 * x41) + ((0x2 * ((uint64_t)x11 * x39)) + (((uint64_t)x13 * x37) + ((0x2 * ((uint64_t)x15 * x35)) + ((0x2 * ((uint64_t)x17 * x33)) + ((uint64_t)x19 * x31)))))))));
uint64_t x79 = (((uint64_t)x3 * x45) + (((uint64_t)x5 * x43) + (((uint64_t)x7 * x41) + (((uint64_t)x9 * x39) + (((uint64_t)x11 * x37) + (((uint64_t)x13 * x35) + (((uint64_t)x15 * x33) + ((uint64_t)x17 * x31))))))));
uint64_t x80 = (((uint64_t)x3 * x43) + (((uint64_t)x5 * x41) + ((0x2 * ((uint64_t)x7 * x39)) + (((uint64_t)x9 * x37) + ((0x2 * ((uint64_t)x11 * x35)) + (((uint64_t)x13 * x33) + ((uint64_t)x15 * x31)))))));
uint64_t x81 = (((uint64_t)x3 * x41) + ((0x2 * ((uint64_t)x5 * x39)) + ((0x2 * ((uint64_t)x7 * x37)) + ((0x2 * ((uint64_t)x9 * x35)) + ((0x2 * ((uint64_t)x11 * x33)) + ((uint64_t)x13 * x31))))));
uint64_t x82 = (((uint64_t)x3 * x39) + (((uint64_t)x5 * x37) + ((0x2 * ((uint64_t)x7 * x35)) + (((uint64_t)x9 * x33) + ((uint64_t)x11 * x31)))));
uint64_t x83 = (((uint64_t)x3 * x37) + ((0x2 * ((uint64_t)x5 * x35)) + ((0x2 * ((uint64_t)x7 * x33)) + ((uint64_t)x9 * x31))));
uint64_t x84 = (((uint64_t)x3 * x35) + (((uint64_t)x5 * x33) + ((uint64_t)x7 * x31)));
uint64_t x85 = (((uint64_t)x3 * x33) + ((uint64_t)x5 * x31));
uint64_t x86 = ((uint64_t)x3 * x31);
uint64_t x87 = (x73 + (0x19 * x58));
uint64_t x88 = (x74 + (0x19 * x59));
uint64_t x89 = (x75 + (0x19 * x60));
uint64_t x90 = (x76 + (0x19 * x61));
uint64_t x91 = (x77 + (0x19 * x62));
uint64_t x92 = (x78 + (0x19 * x63));
uint64_t x93 = (x79 + (0x19 * x64));
uint64_t x94 = (x80 + (0x19 * x65));
uint64_t x95 = (x81 + (0x19 * x66));
uint64_t x96 = (x82 + (0x19 * x67));
uint64_t x97 = (x83 + (0x19 * x68));
uint64_t x98 = (x84 + (0x19 * x69));
uint64_t x99 = (x85 + (0x19 * x70));
uint64_t x100 = (x86 + (0x19 * x71));
uint64_t x101 = (x100 >> 0x19);
uint32_t x102 = ((uint32_t)x100 & 0x1ffffff);
uint64_t x103 = (x101 + x99);
uint64_t x104 = (x103 >> 0x19);
uint32_t x105 = ((uint32_t)x103 & 0x1ffffff);
uint64_t x106 = (x104 + x98);
uint64_t x107 = (x106 >> 0x18);
uint32_t x108 = ((uint32_t)x106 & 0xffffff);
uint64_t x109 = (x107 + x97);
uint64_t x110 = (x109 >> 0x19);
uint32_t x111 = ((uint32_t)x109 & 0x1ffffff);
uint64_t x112 = (x110 + x96);
uint64_t x113 = (x112 >> 0x18);
uint32_t x114 = ((uint32_t)x112 & 0xffffff);
uint64_t x115 = (x113 + x95);
uint64_t x116 = (x115 >> 0x19);
uint32_t x117 = ((uint32_t)x115 & 0x1ffffff);
uint64_t x118 = (x116 + x94);
uint64_t x119 = (x118 >> 0x19);
uint32_t x120 = ((uint32_t)x118 & 0x1ffffff);
uint64_t x121 = (x119 + x93);
uint64_t x122 = (x121 >> 0x18);
uint32_t x123 = ((uint32_t)x121 & 0xffffff);
uint64_t x124 = (x122 + x92);
uint64_t x125 = (x124 >> 0x19);
uint32_t x126 = ((uint32_t)x124 & 0x1ffffff);
uint64_t x127 = (x125 + x91);
uint64_t x128 = (x127 >> 0x18);
uint32_t x129 = ((uint32_t)x127 & 0xffffff);
uint64_t x130 = (x128 + x90);
uint64_t x131 = (x130 >> 0x19);
uint32_t x132 = ((uint32_t)x130 & 0x1ffffff);
uint64_t x133 = (x131 + x89);
uint64_t x134 = (x133 >> 0x19);
uint32_t x135 = ((uint32_t)x133 & 0x1ffffff);
uint64_t x136 = (x134 + x88);
uint64_t x137 = (x136 >> 0x18);
uint32_t x138 = ((uint32_t)x136 & 0xffffff);
uint64_t x139 = (x137 + x87);
uint64_t x140 = (x139 >> 0x19);
uint32_t x141 = ((uint32_t)x139 & 0x1ffffff);
uint64_t x142 = (x140 + x72);
uint64_t x143 = (x142 >> 0x18);
uint32_t x144 = ((uint32_t)x142 & 0xffffff);
uint64_t x145 = (x102 + (0x19 * x143));
uint32_t x146 = (uint32_t) (x145 >> 0x19);
uint32_t x147 = ((uint32_t)x145 & 0x1ffffff);
uint32_t x148 = (x146 + x105);
uint32_t x149 = (x148 >> 0x19);
uint32_t x150 = (x148 & 0x1ffffff);
return (Return x144, Return x141, Return x138, Return x135, Return x132, Return x129, Return x126, Return x123, Return x120, Return x117, Return x114, Return x111, (x149 + x108), Return x150, Return x147)
     : ∀ var : Z.Syntax.base_type → Type, expr Z.Syntax.base_type Z.Syntax.op (uint32_t * uint32_t * uint32_t * uint32_t * uint32_t * uint32_t * uint32_t * uint32_t * uint32_t * uint32_t * uint32_t * uint32_t * uint32_t * uint32_t * uint32_t * (uint32_t * uint32_t * uint32_t * uint32_t * uint32_t * uint32_t * uint32_t * uint32_t * uint32_t * uint32_t * uint32_t * uint32_t * uint32_t * uint32_t * uint32_t) -> uint32_t * uint32_t * uint32_t * uint32_t * uint32_t * uint32_t * uint32_t * uint32_t * uint32_t * uint32_t * uint32_t * uint32_t * uint32_t * uint32_t * uint32_t)

Argument scope is [function_scope]
