mul = λ var : Z.Syntax.base_type → Type,
λ '(x28, x29, x27, x25, x23, x21, x19, x17, x15, x13, x11, x9, x7, x5, x3, (x56, x57, x55, x53, x51, x49, x47, x45, x43, x41, x39, x37, x35, x33, x31))%core,
uint32_t x59, uint32_t x60 = mulx_u32(x3, x31);
uint32_t x62, uint32_t x63 = mulx_u32(x3, x33);
uint32_t x65, uint32_t x66 = mulx_u32(x3, x35);
uint32_t x68, uint32_t x69 = mulx_u32(x3, x37);
uint32_t x71, uint32_t x72 = mulx_u32(x3, x39);
uint32_t x74, uint32_t x75 = mulx_u32(x3, x41);
uint32_t x77, uint32_t x78 = mulx_u32(x3, x43);
uint32_t x80, uint32_t x81 = mulx_u32(x3, x45);
uint32_t x83, uint32_t x84 = mulx_u32(x3, x47);
uint32_t x86, uint32_t x87 = mulx_u32(x3, x49);
uint32_t x89, uint32_t x90 = mulx_u32(x3, x51);
uint32_t x92, uint32_t x93 = mulx_u32(x3, x53);
uint32_t x95, uint32_t x96 = mulx_u32(x3, x55);
uint32_t x98, uint32_t x99 = mulx_u32(x3, x57);
uint32_t x101, uint32_t x102 = mulx_u32(x3, x56);
uint32_t x104, uint8_t x105 = addcarryx_u32(0x0, x60, x62);
uint32_t x107, uint8_t x108 = addcarryx_u32(x105, x63, x65);
uint32_t x110, uint8_t x111 = addcarryx_u32(x108, x66, x68);
uint32_t x113, uint8_t x114 = addcarryx_u32(x111, x69, x71);
uint32_t x116, uint8_t x117 = addcarryx_u32(x114, x72, x74);
uint32_t x119, uint8_t x120 = addcarryx_u32(x117, x75, x77);
uint32_t x122, uint8_t x123 = addcarryx_u32(x120, x78, x80);
uint32_t x125, uint8_t x126 = addcarryx_u32(x123, x81, x83);
uint32_t x128, uint8_t x129 = addcarryx_u32(x126, x84, x86);
uint32_t x131, uint8_t x132 = addcarryx_u32(x129, x87, x89);
uint32_t x134, uint8_t x135 = addcarryx_u32(x132, x90, x92);
uint32_t x137, uint8_t x138 = addcarryx_u32(x135, x93, x95);
uint32_t x140, uint8_t x141 = addcarryx_u32(x138, x96, x98);
uint32_t x143, uint8_t x144 = addcarryx_u32(x141, x99, x101);
uint32_t x146, uint8_t _ = addcarryx_u32(0x0, x144, x102);
uint32_t x149, uint8_t x150 = addcarryx_u32(0x0, 0x0, x128);
uint32_t x152, uint8_t x153 = addcarryx_u32(x150, 0x0, x131);
uint32_t x155, uint8_t x156 = addcarryx_u32(x153, 0x0, x134);
uint32_t x158, uint8_t x159 = addcarryx_u32(x156, 0x0, x137);
uint32_t x161, uint8_t x162 = addcarryx_u32(x159, 0x0, x140);
uint32_t x164, uint8_t x165 = addcarryx_u32(x162, 0x0, x143);
uint32_t x167, uint8_t x168 = addcarryx_u32(x165, 0x0, x146);
uint32_t x170, uint32_t x171 = mulx_u32(x59, 0xffffffff);
uint32_t x173, uint32_t x174 = mulx_u32(x59, 0xffffffff);
uint32_t x176, uint32_t x177 = mulx_u32(x59, 0xffffffff);
uint32_t x179, uint32_t x180 = mulx_u32(x59, 0xffffffff);
uint32_t x182, uint32_t x183 = mulx_u32(x59, 0xffffffff);
uint32_t x185, uint32_t x186 = mulx_u32(x59, 0xffffffff);
uint32_t x188, uint32_t x189 = mulx_u32(x59, 0xffffffff);
uint32_t x191, uint32_t x192 = mulx_u32(x59, 0xfffffffd);
uint32_t x194, uint32_t x195 = mulx_u32(x59, 0xffffffff);
uint32_t x197, uint32_t x198 = mulx_u32(x59, 0xffffffff);
uint32_t x200, uint32_t x201 = mulx_u32(x59, 0xffffffff);
uint32_t x203, uint32_t x204 = mulx_u32(x59, 0xffffffff);
uint32_t x206, uint32_t x207 = mulx_u32(x59, 0xffffffff);
uint32_t x209, uint32_t x210 = mulx_u32(x59, 0xffffffff);
uint32_t x212, uint8_t x213 = mulx_u32_out_u8(x59, 0x3);
uint32_t x215, uint8_t x216 = addcarryx_u32(0x0, x171, x173);
uint32_t x218, uint8_t x219 = addcarryx_u32(x216, x174, x176);
uint32_t x221, uint8_t x222 = addcarryx_u32(x219, x177, x179);
uint32_t x224, uint8_t x225 = addcarryx_u32(x222, x180, x182);
uint32_t x227, uint8_t x228 = addcarryx_u32(x225, x183, x185);
uint32_t x230, uint8_t x231 = addcarryx_u32(x228, x186, x188);
uint32_t x233, uint8_t x234 = addcarryx_u32(x231, x189, x191);
uint32_t x236, uint8_t x237 = addcarryx_u32(x234, x192, x194);
uint32_t x239, uint8_t x240 = addcarryx_u32(x237, x195, x197);
uint32_t x242, uint8_t x243 = addcarryx_u32(x240, x198, x200);
uint32_t x245, uint8_t x246 = addcarryx_u32(x243, x201, x203);
uint32_t x248, uint8_t x249 = addcarryx_u32(x246, x204, x206);
uint32_t x251, uint8_t x252 = addcarryx_u32(x249, x207, x209);
uint32_t x254, uint8_t x255 = addcarryx_u32(x252, x210, x212);
uint8_t x256 = (x255 + x213);
uint32_t _, uint8_t x259 = addcarryx_u32(0x0, x59, x170);
uint32_t x261, uint8_t x262 = addcarryx_u32(x259, x104, x215);
uint32_t x264, uint8_t x265 = addcarryx_u32(x262, x107, x218);
uint32_t x267, uint8_t x268 = addcarryx_u32(x265, x110, x221);
uint32_t x270, uint8_t x271 = addcarryx_u32(x268, x113, x224);
uint32_t x273, uint8_t x274 = addcarryx_u32(x271, x116, x227);
uint32_t x276, uint8_t x277 = addcarryx_u32(x274, x119, x230);
uint32_t x279, uint8_t x280 = addcarryx_u32(x277, x122, x233);
uint32_t x282, uint8_t x283 = addcarryx_u32(x280, x125, x236);
uint32_t x285, uint8_t x286 = addcarryx_u32(x283, x149, x239);
uint32_t x288, uint8_t x289 = addcarryx_u32(x286, x152, x242);
uint32_t x291, uint8_t x292 = addcarryx_u32(x289, x155, x245);
uint32_t x294, uint8_t x295 = addcarryx_u32(x292, x158, x248);
uint32_t x297, uint8_t x298 = addcarryx_u32(x295, x161, x251);
uint32_t x300, uint8_t x301 = addcarryx_u32(x298, x164, x254);
uint32_t x303, uint8_t x304 = addcarryx_u32(x301, x167, x256);
uint8_t x305 = (x304 + x168);
uint32_t x307, uint32_t x308 = mulx_u32(x5, x31);
uint32_t x310, uint32_t x311 = mulx_u32(x5, x33);
uint32_t x313, uint32_t x314 = mulx_u32(x5, x35);
uint32_t x316, uint32_t x317 = mulx_u32(x5, x37);
uint32_t x319, uint32_t x320 = mulx_u32(x5, x39);
uint32_t x322, uint32_t x323 = mulx_u32(x5, x41);
uint32_t x325, uint32_t x326 = mulx_u32(x5, x43);
uint32_t x328, uint32_t x329 = mulx_u32(x5, x45);
uint32_t x331, uint32_t x332 = mulx_u32(x5, x47);
uint32_t x334, uint32_t x335 = mulx_u32(x5, x49);
uint32_t x337, uint32_t x338 = mulx_u32(x5, x51);
uint32_t x340, uint32_t x341 = mulx_u32(x5, x53);
uint32_t x343, uint32_t x344 = mulx_u32(x5, x55);
uint32_t x346, uint32_t x347 = mulx_u32(x5, x57);
uint32_t x349, uint32_t x350 = mulx_u32(x5, x56);
uint32_t x352, uint8_t x353 = addcarryx_u32(0x0, x308, x310);
uint32_t x355, uint8_t x356 = addcarryx_u32(x353, x311, x313);
uint32_t x358, uint8_t x359 = addcarryx_u32(x356, x314, x316);
uint32_t x361, uint8_t x362 = addcarryx_u32(x359, x317, x319);
uint32_t x364, uint8_t x365 = addcarryx_u32(x362, x320, x322);
uint32_t x367, uint8_t x368 = addcarryx_u32(x365, x323, x325);
uint32_t x370, uint8_t x371 = addcarryx_u32(x368, x326, x328);
uint32_t x373, uint8_t x374 = addcarryx_u32(x371, x329, x331);
uint32_t x376, uint8_t x377 = addcarryx_u32(x374, x332, x334);
uint32_t x379, uint8_t x380 = addcarryx_u32(x377, x335, x337);
uint32_t x382, uint8_t x383 = addcarryx_u32(x380, x338, x340);
uint32_t x385, uint8_t x386 = addcarryx_u32(x383, x341, x343);
uint32_t x388, uint8_t x389 = addcarryx_u32(x386, x344, x346);
uint32_t x391, uint8_t x392 = addcarryx_u32(x389, x347, x349);
uint32_t x394, uint8_t _ = addcarryx_u32(0x0, x392, x350);
uint32_t x397, uint8_t x398 = addcarryx_u32(0x0, x261, x307);
uint32_t x400, uint8_t x401 = addcarryx_u32(x398, x264, x352);
uint32_t x403, uint8_t x404 = addcarryx_u32(x401, x267, x355);
uint32_t x406, uint8_t x407 = addcarryx_u32(x404, x270, x358);
uint32_t x409, uint8_t x410 = addcarryx_u32(x407, x273, x361);
uint32_t x412, uint8_t x413 = addcarryx_u32(x410, x276, x364);
uint32_t x415, uint8_t x416 = addcarryx_u32(x413, x279, x367);
uint32_t x418, uint8_t x419 = addcarryx_u32(x416, x282, x370);
uint32_t x421, uint8_t x422 = addcarryx_u32(x419, x285, x373);
uint32_t x424, uint8_t x425 = addcarryx_u32(x422, x288, x376);
uint32_t x427, uint8_t x428 = addcarryx_u32(x425, x291, x379);
uint32_t x430, uint8_t x431 = addcarryx_u32(x428, x294, x382);
uint32_t x433, uint8_t x434 = addcarryx_u32(x431, x297, x385);
uint32_t x436, uint8_t x437 = addcarryx_u32(x434, x300, x388);
uint32_t x439, uint8_t x440 = addcarryx_u32(x437, x303, x391);
uint32_t x442, uint8_t x443 = addcarryx_u32(x440, x305, x394);
uint32_t x445, uint32_t x446 = mulx_u32(x397, 0xffffffff);
uint32_t x448, uint32_t x449 = mulx_u32(x397, 0xffffffff);
uint32_t x451, uint32_t x452 = mulx_u32(x397, 0xffffffff);
uint32_t x454, uint32_t x455 = mulx_u32(x397, 0xffffffff);
uint32_t x457, uint32_t x458 = mulx_u32(x397, 0xffffffff);
uint32_t x460, uint32_t x461 = mulx_u32(x397, 0xffffffff);
uint32_t x463, uint32_t x464 = mulx_u32(x397, 0xffffffff);
uint32_t x466, uint32_t x467 = mulx_u32(x397, 0xfffffffd);
uint32_t x469, uint32_t x470 = mulx_u32(x397, 0xffffffff);
uint32_t x472, uint32_t x473 = mulx_u32(x397, 0xffffffff);
uint32_t x475, uint32_t x476 = mulx_u32(x397, 0xffffffff);
uint32_t x478, uint32_t x479 = mulx_u32(x397, 0xffffffff);
uint32_t x481, uint32_t x482 = mulx_u32(x397, 0xffffffff);
uint32_t x484, uint32_t x485 = mulx_u32(x397, 0xffffffff);
uint32_t x487, uint8_t x488 = mulx_u32_out_u8(x397, 0x3);
uint32_t x490, uint8_t x491 = addcarryx_u32(0x0, x446, x448);
uint32_t x493, uint8_t x494 = addcarryx_u32(x491, x449, x451);
uint32_t x496, uint8_t x497 = addcarryx_u32(x494, x452, x454);
uint32_t x499, uint8_t x500 = addcarryx_u32(x497, x455, x457);
uint32_t x502, uint8_t x503 = addcarryx_u32(x500, x458, x460);
uint32_t x505, uint8_t x506 = addcarryx_u32(x503, x461, x463);
uint32_t x508, uint8_t x509 = addcarryx_u32(x506, x464, x466);
uint32_t x511, uint8_t x512 = addcarryx_u32(x509, x467, x469);
uint32_t x514, uint8_t x515 = addcarryx_u32(x512, x470, x472);
uint32_t x517, uint8_t x518 = addcarryx_u32(x515, x473, x475);
uint32_t x520, uint8_t x521 = addcarryx_u32(x518, x476, x478);
uint32_t x523, uint8_t x524 = addcarryx_u32(x521, x479, x481);
uint32_t x526, uint8_t x527 = addcarryx_u32(x524, x482, x484);
uint32_t x529, uint8_t x530 = addcarryx_u32(x527, x485, x487);
uint8_t x531 = (x530 + x488);
uint32_t _, uint8_t x534 = addcarryx_u32(0x0, x397, x445);
uint32_t x536, uint8_t x537 = addcarryx_u32(x534, x400, x490);
uint32_t x539, uint8_t x540 = addcarryx_u32(x537, x403, x493);
uint32_t x542, uint8_t x543 = addcarryx_u32(x540, x406, x496);
uint32_t x545, uint8_t x546 = addcarryx_u32(x543, x409, x499);
uint32_t x548, uint8_t x549 = addcarryx_u32(x546, x412, x502);
uint32_t x551, uint8_t x552 = addcarryx_u32(x549, x415, x505);
uint32_t x554, uint8_t x555 = addcarryx_u32(x552, x418, x508);
uint32_t x557, uint8_t x558 = addcarryx_u32(x555, x421, x511);
uint32_t x560, uint8_t x561 = addcarryx_u32(x558, x424, x514);
uint32_t x563, uint8_t x564 = addcarryx_u32(x561, x427, x517);
uint32_t x566, uint8_t x567 = addcarryx_u32(x564, x430, x520);
uint32_t x569, uint8_t x570 = addcarryx_u32(x567, x433, x523);
uint32_t x572, uint8_t x573 = addcarryx_u32(x570, x436, x526);
uint32_t x575, uint8_t x576 = addcarryx_u32(x573, x439, x529);
uint32_t x578, uint8_t x579 = addcarryx_u32(x576, x442, x531);
uint8_t x580 = (x579 + x443);
uint32_t x582, uint32_t x583 = mulx_u32(x7, x31);
uint32_t x585, uint32_t x586 = mulx_u32(x7, x33);
uint32_t x588, uint32_t x589 = mulx_u32(x7, x35);
uint32_t x591, uint32_t x592 = mulx_u32(x7, x37);
uint32_t x594, uint32_t x595 = mulx_u32(x7, x39);
uint32_t x597, uint32_t x598 = mulx_u32(x7, x41);
uint32_t x600, uint32_t x601 = mulx_u32(x7, x43);
uint32_t x603, uint32_t x604 = mulx_u32(x7, x45);
uint32_t x606, uint32_t x607 = mulx_u32(x7, x47);
uint32_t x609, uint32_t x610 = mulx_u32(x7, x49);
uint32_t x612, uint32_t x613 = mulx_u32(x7, x51);
uint32_t x615, uint32_t x616 = mulx_u32(x7, x53);
uint32_t x618, uint32_t x619 = mulx_u32(x7, x55);
uint32_t x621, uint32_t x622 = mulx_u32(x7, x57);
uint32_t x624, uint32_t x625 = mulx_u32(x7, x56);
uint32_t x627, uint8_t x628 = addcarryx_u32(0x0, x583, x585);
uint32_t x630, uint8_t x631 = addcarryx_u32(x628, x586, x588);
uint32_t x633, uint8_t x634 = addcarryx_u32(x631, x589, x591);
uint32_t x636, uint8_t x637 = addcarryx_u32(x634, x592, x594);
uint32_t x639, uint8_t x640 = addcarryx_u32(x637, x595, x597);
uint32_t x642, uint8_t x643 = addcarryx_u32(x640, x598, x600);
uint32_t x645, uint8_t x646 = addcarryx_u32(x643, x601, x603);
uint32_t x648, uint8_t x649 = addcarryx_u32(x646, x604, x606);
uint32_t x651, uint8_t x652 = addcarryx_u32(x649, x607, x609);
uint32_t x654, uint8_t x655 = addcarryx_u32(x652, x610, x612);
uint32_t x657, uint8_t x658 = addcarryx_u32(x655, x613, x615);
uint32_t x660, uint8_t x661 = addcarryx_u32(x658, x616, x618);
uint32_t x663, uint8_t x664 = addcarryx_u32(x661, x619, x621);
uint32_t x666, uint8_t x667 = addcarryx_u32(x664, x622, x624);
uint32_t x669, uint8_t _ = addcarryx_u32(0x0, x667, x625);
uint32_t x672, uint8_t x673 = addcarryx_u32(0x0, x536, x582);
uint32_t x675, uint8_t x676 = addcarryx_u32(x673, x539, x627);
uint32_t x678, uint8_t x679 = addcarryx_u32(x676, x542, x630);
uint32_t x681, uint8_t x682 = addcarryx_u32(x679, x545, x633);
uint32_t x684, uint8_t x685 = addcarryx_u32(x682, x548, x636);
uint32_t x687, uint8_t x688 = addcarryx_u32(x685, x551, x639);
uint32_t x690, uint8_t x691 = addcarryx_u32(x688, x554, x642);
uint32_t x693, uint8_t x694 = addcarryx_u32(x691, x557, x645);
uint32_t x696, uint8_t x697 = addcarryx_u32(x694, x560, x648);
uint32_t x699, uint8_t x700 = addcarryx_u32(x697, x563, x651);
uint32_t x702, uint8_t x703 = addcarryx_u32(x700, x566, x654);
uint32_t x705, uint8_t x706 = addcarryx_u32(x703, x569, x657);
uint32_t x708, uint8_t x709 = addcarryx_u32(x706, x572, x660);
uint32_t x711, uint8_t x712 = addcarryx_u32(x709, x575, x663);
uint32_t x714, uint8_t x715 = addcarryx_u32(x712, x578, x666);
uint32_t x717, uint8_t x718 = addcarryx_u32(x715, x580, x669);
uint32_t x720, uint32_t x721 = mulx_u32(x672, 0xffffffff);
uint32_t x723, uint32_t x724 = mulx_u32(x672, 0xffffffff);
uint32_t x726, uint32_t x727 = mulx_u32(x672, 0xffffffff);
uint32_t x729, uint32_t x730 = mulx_u32(x672, 0xffffffff);
uint32_t x732, uint32_t x733 = mulx_u32(x672, 0xffffffff);
uint32_t x735, uint32_t x736 = mulx_u32(x672, 0xffffffff);
uint32_t x738, uint32_t x739 = mulx_u32(x672, 0xffffffff);
uint32_t x741, uint32_t x742 = mulx_u32(x672, 0xfffffffd);
uint32_t x744, uint32_t x745 = mulx_u32(x672, 0xffffffff);
uint32_t x747, uint32_t x748 = mulx_u32(x672, 0xffffffff);
uint32_t x750, uint32_t x751 = mulx_u32(x672, 0xffffffff);
uint32_t x753, uint32_t x754 = mulx_u32(x672, 0xffffffff);
uint32_t x756, uint32_t x757 = mulx_u32(x672, 0xffffffff);
uint32_t x759, uint32_t x760 = mulx_u32(x672, 0xffffffff);
uint32_t x762, uint8_t x763 = mulx_u32_out_u8(x672, 0x3);
uint32_t x765, uint8_t x766 = addcarryx_u32(0x0, x721, x723);
uint32_t x768, uint8_t x769 = addcarryx_u32(x766, x724, x726);
uint32_t x771, uint8_t x772 = addcarryx_u32(x769, x727, x729);
uint32_t x774, uint8_t x775 = addcarryx_u32(x772, x730, x732);
uint32_t x777, uint8_t x778 = addcarryx_u32(x775, x733, x735);
uint32_t x780, uint8_t x781 = addcarryx_u32(x778, x736, x738);
uint32_t x783, uint8_t x784 = addcarryx_u32(x781, x739, x741);
uint32_t x786, uint8_t x787 = addcarryx_u32(x784, x742, x744);
uint32_t x789, uint8_t x790 = addcarryx_u32(x787, x745, x747);
uint32_t x792, uint8_t x793 = addcarryx_u32(x790, x748, x750);
uint32_t x795, uint8_t x796 = addcarryx_u32(x793, x751, x753);
uint32_t x798, uint8_t x799 = addcarryx_u32(x796, x754, x756);
uint32_t x801, uint8_t x802 = addcarryx_u32(x799, x757, x759);
uint32_t x804, uint8_t x805 = addcarryx_u32(x802, x760, x762);
uint8_t x806 = (x805 + x763);
uint32_t _, uint8_t x809 = addcarryx_u32(0x0, x672, x720);
uint32_t x811, uint8_t x812 = addcarryx_u32(x809, x675, x765);
uint32_t x814, uint8_t x815 = addcarryx_u32(x812, x678, x768);
uint32_t x817, uint8_t x818 = addcarryx_u32(x815, x681, x771);
uint32_t x820, uint8_t x821 = addcarryx_u32(x818, x684, x774);
uint32_t x823, uint8_t x824 = addcarryx_u32(x821, x687, x777);
uint32_t x826, uint8_t x827 = addcarryx_u32(x824, x690, x780);
uint32_t x829, uint8_t x830 = addcarryx_u32(x827, x693, x783);
uint32_t x832, uint8_t x833 = addcarryx_u32(x830, x696, x786);
uint32_t x835, uint8_t x836 = addcarryx_u32(x833, x699, x789);
uint32_t x838, uint8_t x839 = addcarryx_u32(x836, x702, x792);
uint32_t x841, uint8_t x842 = addcarryx_u32(x839, x705, x795);
uint32_t x844, uint8_t x845 = addcarryx_u32(x842, x708, x798);
uint32_t x847, uint8_t x848 = addcarryx_u32(x845, x711, x801);
uint32_t x850, uint8_t x851 = addcarryx_u32(x848, x714, x804);
uint32_t x853, uint8_t x854 = addcarryx_u32(x851, x717, x806);
uint8_t x855 = (x854 + x718);
uint32_t x857, uint32_t x858 = mulx_u32(x9, x31);
uint32_t x860, uint32_t x861 = mulx_u32(x9, x33);
uint32_t x863, uint32_t x864 = mulx_u32(x9, x35);
uint32_t x866, uint32_t x867 = mulx_u32(x9, x37);
uint32_t x869, uint32_t x870 = mulx_u32(x9, x39);
uint32_t x872, uint32_t x873 = mulx_u32(x9, x41);
uint32_t x875, uint32_t x876 = mulx_u32(x9, x43);
uint32_t x878, uint32_t x879 = mulx_u32(x9, x45);
uint32_t x881, uint32_t x882 = mulx_u32(x9, x47);
uint32_t x884, uint32_t x885 = mulx_u32(x9, x49);
uint32_t x887, uint32_t x888 = mulx_u32(x9, x51);
uint32_t x890, uint32_t x891 = mulx_u32(x9, x53);
uint32_t x893, uint32_t x894 = mulx_u32(x9, x55);
uint32_t x896, uint32_t x897 = mulx_u32(x9, x57);
uint32_t x899, uint32_t x900 = mulx_u32(x9, x56);
uint32_t x902, uint8_t x903 = addcarryx_u32(0x0, x858, x860);
uint32_t x905, uint8_t x906 = addcarryx_u32(x903, x861, x863);
uint32_t x908, uint8_t x909 = addcarryx_u32(x906, x864, x866);
uint32_t x911, uint8_t x912 = addcarryx_u32(x909, x867, x869);
uint32_t x914, uint8_t x915 = addcarryx_u32(x912, x870, x872);
uint32_t x917, uint8_t x918 = addcarryx_u32(x915, x873, x875);
uint32_t x920, uint8_t x921 = addcarryx_u32(x918, x876, x878);
uint32_t x923, uint8_t x924 = addcarryx_u32(x921, x879, x881);
uint32_t x926, uint8_t x927 = addcarryx_u32(x924, x882, x884);
uint32_t x929, uint8_t x930 = addcarryx_u32(x927, x885, x887);
uint32_t x932, uint8_t x933 = addcarryx_u32(x930, x888, x890);
uint32_t x935, uint8_t x936 = addcarryx_u32(x933, x891, x893);
uint32_t x938, uint8_t x939 = addcarryx_u32(x936, x894, x896);
uint32_t x941, uint8_t x942 = addcarryx_u32(x939, x897, x899);
uint32_t x944, uint8_t _ = addcarryx_u32(0x0, x942, x900);
uint32_t x947, uint8_t x948 = addcarryx_u32(0x0, x811, x857);
uint32_t x950, uint8_t x951 = addcarryx_u32(x948, x814, x902);
uint32_t x953, uint8_t x954 = addcarryx_u32(x951, x817, x905);
uint32_t x956, uint8_t x957 = addcarryx_u32(x954, x820, x908);
uint32_t x959, uint8_t x960 = addcarryx_u32(x957, x823, x911);
uint32_t x962, uint8_t x963 = addcarryx_u32(x960, x826, x914);
uint32_t x965, uint8_t x966 = addcarryx_u32(x963, x829, x917);
uint32_t x968, uint8_t x969 = addcarryx_u32(x966, x832, x920);
uint32_t x971, uint8_t x972 = addcarryx_u32(x969, x835, x923);
uint32_t x974, uint8_t x975 = addcarryx_u32(x972, x838, x926);
uint32_t x977, uint8_t x978 = addcarryx_u32(x975, x841, x929);
uint32_t x980, uint8_t x981 = addcarryx_u32(x978, x844, x932);
uint32_t x983, uint8_t x984 = addcarryx_u32(x981, x847, x935);
uint32_t x986, uint8_t x987 = addcarryx_u32(x984, x850, x938);
uint32_t x989, uint8_t x990 = addcarryx_u32(x987, x853, x941);
uint32_t x992, uint8_t x993 = addcarryx_u32(x990, x855, x944);
uint32_t x995, uint32_t x996 = mulx_u32(x947, 0xffffffff);
uint32_t x998, uint32_t x999 = mulx_u32(x947, 0xffffffff);
uint32_t x1001, uint32_t x1002 = mulx_u32(x947, 0xffffffff);
uint32_t x1004, uint32_t x1005 = mulx_u32(x947, 0xffffffff);
uint32_t x1007, uint32_t x1008 = mulx_u32(x947, 0xffffffff);
uint32_t x1010, uint32_t x1011 = mulx_u32(x947, 0xffffffff);
uint32_t x1013, uint32_t x1014 = mulx_u32(x947, 0xffffffff);
uint32_t x1016, uint32_t x1017 = mulx_u32(x947, 0xfffffffd);
uint32_t x1019, uint32_t x1020 = mulx_u32(x947, 0xffffffff);
uint32_t x1022, uint32_t x1023 = mulx_u32(x947, 0xffffffff);
uint32_t x1025, uint32_t x1026 = mulx_u32(x947, 0xffffffff);
uint32_t x1028, uint32_t x1029 = mulx_u32(x947, 0xffffffff);
uint32_t x1031, uint32_t x1032 = mulx_u32(x947, 0xffffffff);
uint32_t x1034, uint32_t x1035 = mulx_u32(x947, 0xffffffff);
uint32_t x1037, uint8_t x1038 = mulx_u32_out_u8(x947, 0x3);
uint32_t x1040, uint8_t x1041 = addcarryx_u32(0x0, x996, x998);
uint32_t x1043, uint8_t x1044 = addcarryx_u32(x1041, x999, x1001);
uint32_t x1046, uint8_t x1047 = addcarryx_u32(x1044, x1002, x1004);
uint32_t x1049, uint8_t x1050 = addcarryx_u32(x1047, x1005, x1007);
uint32_t x1052, uint8_t x1053 = addcarryx_u32(x1050, x1008, x1010);
uint32_t x1055, uint8_t x1056 = addcarryx_u32(x1053, x1011, x1013);
uint32_t x1058, uint8_t x1059 = addcarryx_u32(x1056, x1014, x1016);
uint32_t x1061, uint8_t x1062 = addcarryx_u32(x1059, x1017, x1019);
uint32_t x1064, uint8_t x1065 = addcarryx_u32(x1062, x1020, x1022);
uint32_t x1067, uint8_t x1068 = addcarryx_u32(x1065, x1023, x1025);
uint32_t x1070, uint8_t x1071 = addcarryx_u32(x1068, x1026, x1028);
uint32_t x1073, uint8_t x1074 = addcarryx_u32(x1071, x1029, x1031);
uint32_t x1076, uint8_t x1077 = addcarryx_u32(x1074, x1032, x1034);
uint32_t x1079, uint8_t x1080 = addcarryx_u32(x1077, x1035, x1037);
uint8_t x1081 = (x1080 + x1038);
uint32_t _, uint8_t x1084 = addcarryx_u32(0x0, x947, x995);
uint32_t x1086, uint8_t x1087 = addcarryx_u32(x1084, x950, x1040);
uint32_t x1089, uint8_t x1090 = addcarryx_u32(x1087, x953, x1043);
uint32_t x1092, uint8_t x1093 = addcarryx_u32(x1090, x956, x1046);
uint32_t x1095, uint8_t x1096 = addcarryx_u32(x1093, x959, x1049);
uint32_t x1098, uint8_t x1099 = addcarryx_u32(x1096, x962, x1052);
uint32_t x1101, uint8_t x1102 = addcarryx_u32(x1099, x965, x1055);
uint32_t x1104, uint8_t x1105 = addcarryx_u32(x1102, x968, x1058);
uint32_t x1107, uint8_t x1108 = addcarryx_u32(x1105, x971, x1061);
uint32_t x1110, uint8_t x1111 = addcarryx_u32(x1108, x974, x1064);
uint32_t x1113, uint8_t x1114 = addcarryx_u32(x1111, x977, x1067);
uint32_t x1116, uint8_t x1117 = addcarryx_u32(x1114, x980, x1070);
uint32_t x1119, uint8_t x1120 = addcarryx_u32(x1117, x983, x1073);
uint32_t x1122, uint8_t x1123 = addcarryx_u32(x1120, x986, x1076);
uint32_t x1125, uint8_t x1126 = addcarryx_u32(x1123, x989, x1079);
uint32_t x1128, uint8_t x1129 = addcarryx_u32(x1126, x992, x1081);
uint8_t x1130 = (x1129 + x993);
uint32_t x1132, uint32_t x1133 = mulx_u32(x11, x31);
uint32_t x1135, uint32_t x1136 = mulx_u32(x11, x33);
uint32_t x1138, uint32_t x1139 = mulx_u32(x11, x35);
uint32_t x1141, uint32_t x1142 = mulx_u32(x11, x37);
uint32_t x1144, uint32_t x1145 = mulx_u32(x11, x39);
uint32_t x1147, uint32_t x1148 = mulx_u32(x11, x41);
uint32_t x1150, uint32_t x1151 = mulx_u32(x11, x43);
uint32_t x1153, uint32_t x1154 = mulx_u32(x11, x45);
uint32_t x1156, uint32_t x1157 = mulx_u32(x11, x47);
uint32_t x1159, uint32_t x1160 = mulx_u32(x11, x49);
uint32_t x1162, uint32_t x1163 = mulx_u32(x11, x51);
uint32_t x1165, uint32_t x1166 = mulx_u32(x11, x53);
uint32_t x1168, uint32_t x1169 = mulx_u32(x11, x55);
uint32_t x1171, uint32_t x1172 = mulx_u32(x11, x57);
uint32_t x1174, uint32_t x1175 = mulx_u32(x11, x56);
uint32_t x1177, uint8_t x1178 = addcarryx_u32(0x0, x1133, x1135);
uint32_t x1180, uint8_t x1181 = addcarryx_u32(x1178, x1136, x1138);
uint32_t x1183, uint8_t x1184 = addcarryx_u32(x1181, x1139, x1141);
uint32_t x1186, uint8_t x1187 = addcarryx_u32(x1184, x1142, x1144);
uint32_t x1189, uint8_t x1190 = addcarryx_u32(x1187, x1145, x1147);
uint32_t x1192, uint8_t x1193 = addcarryx_u32(x1190, x1148, x1150);
uint32_t x1195, uint8_t x1196 = addcarryx_u32(x1193, x1151, x1153);
uint32_t x1198, uint8_t x1199 = addcarryx_u32(x1196, x1154, x1156);
uint32_t x1201, uint8_t x1202 = addcarryx_u32(x1199, x1157, x1159);
uint32_t x1204, uint8_t x1205 = addcarryx_u32(x1202, x1160, x1162);
uint32_t x1207, uint8_t x1208 = addcarryx_u32(x1205, x1163, x1165);
uint32_t x1210, uint8_t x1211 = addcarryx_u32(x1208, x1166, x1168);
uint32_t x1213, uint8_t x1214 = addcarryx_u32(x1211, x1169, x1171);
uint32_t x1216, uint8_t x1217 = addcarryx_u32(x1214, x1172, x1174);
uint32_t x1219, uint8_t _ = addcarryx_u32(0x0, x1217, x1175);
uint32_t x1222, uint8_t x1223 = addcarryx_u32(0x0, x1086, x1132);
uint32_t x1225, uint8_t x1226 = addcarryx_u32(x1223, x1089, x1177);
uint32_t x1228, uint8_t x1229 = addcarryx_u32(x1226, x1092, x1180);
uint32_t x1231, uint8_t x1232 = addcarryx_u32(x1229, x1095, x1183);
uint32_t x1234, uint8_t x1235 = addcarryx_u32(x1232, x1098, x1186);
uint32_t x1237, uint8_t x1238 = addcarryx_u32(x1235, x1101, x1189);
uint32_t x1240, uint8_t x1241 = addcarryx_u32(x1238, x1104, x1192);
uint32_t x1243, uint8_t x1244 = addcarryx_u32(x1241, x1107, x1195);
uint32_t x1246, uint8_t x1247 = addcarryx_u32(x1244, x1110, x1198);
uint32_t x1249, uint8_t x1250 = addcarryx_u32(x1247, x1113, x1201);
uint32_t x1252, uint8_t x1253 = addcarryx_u32(x1250, x1116, x1204);
uint32_t x1255, uint8_t x1256 = addcarryx_u32(x1253, x1119, x1207);
uint32_t x1258, uint8_t x1259 = addcarryx_u32(x1256, x1122, x1210);
uint32_t x1261, uint8_t x1262 = addcarryx_u32(x1259, x1125, x1213);
uint32_t x1264, uint8_t x1265 = addcarryx_u32(x1262, x1128, x1216);
uint32_t x1267, uint8_t x1268 = addcarryx_u32(x1265, x1130, x1219);
uint32_t x1270, uint32_t x1271 = mulx_u32(x1222, 0xffffffff);
uint32_t x1273, uint32_t x1274 = mulx_u32(x1222, 0xffffffff);
uint32_t x1276, uint32_t x1277 = mulx_u32(x1222, 0xffffffff);
uint32_t x1279, uint32_t x1280 = mulx_u32(x1222, 0xffffffff);
uint32_t x1282, uint32_t x1283 = mulx_u32(x1222, 0xffffffff);
uint32_t x1285, uint32_t x1286 = mulx_u32(x1222, 0xffffffff);
uint32_t x1288, uint32_t x1289 = mulx_u32(x1222, 0xffffffff);
uint32_t x1291, uint32_t x1292 = mulx_u32(x1222, 0xfffffffd);
uint32_t x1294, uint32_t x1295 = mulx_u32(x1222, 0xffffffff);
uint32_t x1297, uint32_t x1298 = mulx_u32(x1222, 0xffffffff);
uint32_t x1300, uint32_t x1301 = mulx_u32(x1222, 0xffffffff);
uint32_t x1303, uint32_t x1304 = mulx_u32(x1222, 0xffffffff);
uint32_t x1306, uint32_t x1307 = mulx_u32(x1222, 0xffffffff);
uint32_t x1309, uint32_t x1310 = mulx_u32(x1222, 0xffffffff);
uint32_t x1312, uint8_t x1313 = mulx_u32_out_u8(x1222, 0x3);
uint32_t x1315, uint8_t x1316 = addcarryx_u32(0x0, x1271, x1273);
uint32_t x1318, uint8_t x1319 = addcarryx_u32(x1316, x1274, x1276);
uint32_t x1321, uint8_t x1322 = addcarryx_u32(x1319, x1277, x1279);
uint32_t x1324, uint8_t x1325 = addcarryx_u32(x1322, x1280, x1282);
uint32_t x1327, uint8_t x1328 = addcarryx_u32(x1325, x1283, x1285);
uint32_t x1330, uint8_t x1331 = addcarryx_u32(x1328, x1286, x1288);
uint32_t x1333, uint8_t x1334 = addcarryx_u32(x1331, x1289, x1291);
uint32_t x1336, uint8_t x1337 = addcarryx_u32(x1334, x1292, x1294);
uint32_t x1339, uint8_t x1340 = addcarryx_u32(x1337, x1295, x1297);
uint32_t x1342, uint8_t x1343 = addcarryx_u32(x1340, x1298, x1300);
uint32_t x1345, uint8_t x1346 = addcarryx_u32(x1343, x1301, x1303);
uint32_t x1348, uint8_t x1349 = addcarryx_u32(x1346, x1304, x1306);
uint32_t x1351, uint8_t x1352 = addcarryx_u32(x1349, x1307, x1309);
uint32_t x1354, uint8_t x1355 = addcarryx_u32(x1352, x1310, x1312);
uint8_t x1356 = (x1355 + x1313);
uint32_t _, uint8_t x1359 = addcarryx_u32(0x0, x1222, x1270);
uint32_t x1361, uint8_t x1362 = addcarryx_u32(x1359, x1225, x1315);
uint32_t x1364, uint8_t x1365 = addcarryx_u32(x1362, x1228, x1318);
uint32_t x1367, uint8_t x1368 = addcarryx_u32(x1365, x1231, x1321);
uint32_t x1370, uint8_t x1371 = addcarryx_u32(x1368, x1234, x1324);
uint32_t x1373, uint8_t x1374 = addcarryx_u32(x1371, x1237, x1327);
uint32_t x1376, uint8_t x1377 = addcarryx_u32(x1374, x1240, x1330);
uint32_t x1379, uint8_t x1380 = addcarryx_u32(x1377, x1243, x1333);
uint32_t x1382, uint8_t x1383 = addcarryx_u32(x1380, x1246, x1336);
uint32_t x1385, uint8_t x1386 = addcarryx_u32(x1383, x1249, x1339);
uint32_t x1388, uint8_t x1389 = addcarryx_u32(x1386, x1252, x1342);
uint32_t x1391, uint8_t x1392 = addcarryx_u32(x1389, x1255, x1345);
uint32_t x1394, uint8_t x1395 = addcarryx_u32(x1392, x1258, x1348);
uint32_t x1397, uint8_t x1398 = addcarryx_u32(x1395, x1261, x1351);
uint32_t x1400, uint8_t x1401 = addcarryx_u32(x1398, x1264, x1354);
uint32_t x1403, uint8_t x1404 = addcarryx_u32(x1401, x1267, x1356);
uint8_t x1405 = (x1404 + x1268);
uint32_t x1407, uint32_t x1408 = mulx_u32(x13, x31);
uint32_t x1410, uint32_t x1411 = mulx_u32(x13, x33);
uint32_t x1413, uint32_t x1414 = mulx_u32(x13, x35);
uint32_t x1416, uint32_t x1417 = mulx_u32(x13, x37);
uint32_t x1419, uint32_t x1420 = mulx_u32(x13, x39);
uint32_t x1422, uint32_t x1423 = mulx_u32(x13, x41);
uint32_t x1425, uint32_t x1426 = mulx_u32(x13, x43);
uint32_t x1428, uint32_t x1429 = mulx_u32(x13, x45);
uint32_t x1431, uint32_t x1432 = mulx_u32(x13, x47);
uint32_t x1434, uint32_t x1435 = mulx_u32(x13, x49);
uint32_t x1437, uint32_t x1438 = mulx_u32(x13, x51);
uint32_t x1440, uint32_t x1441 = mulx_u32(x13, x53);
uint32_t x1443, uint32_t x1444 = mulx_u32(x13, x55);
uint32_t x1446, uint32_t x1447 = mulx_u32(x13, x57);
uint32_t x1449, uint32_t x1450 = mulx_u32(x13, x56);
uint32_t x1452, uint8_t x1453 = addcarryx_u32(0x0, x1408, x1410);
uint32_t x1455, uint8_t x1456 = addcarryx_u32(x1453, x1411, x1413);
uint32_t x1458, uint8_t x1459 = addcarryx_u32(x1456, x1414, x1416);
uint32_t x1461, uint8_t x1462 = addcarryx_u32(x1459, x1417, x1419);
uint32_t x1464, uint8_t x1465 = addcarryx_u32(x1462, x1420, x1422);
uint32_t x1467, uint8_t x1468 = addcarryx_u32(x1465, x1423, x1425);
uint32_t x1470, uint8_t x1471 = addcarryx_u32(x1468, x1426, x1428);
uint32_t x1473, uint8_t x1474 = addcarryx_u32(x1471, x1429, x1431);
uint32_t x1476, uint8_t x1477 = addcarryx_u32(x1474, x1432, x1434);
uint32_t x1479, uint8_t x1480 = addcarryx_u32(x1477, x1435, x1437);
uint32_t x1482, uint8_t x1483 = addcarryx_u32(x1480, x1438, x1440);
uint32_t x1485, uint8_t x1486 = addcarryx_u32(x1483, x1441, x1443);
uint32_t x1488, uint8_t x1489 = addcarryx_u32(x1486, x1444, x1446);
uint32_t x1491, uint8_t x1492 = addcarryx_u32(x1489, x1447, x1449);
uint32_t x1494, uint8_t _ = addcarryx_u32(0x0, x1492, x1450);
uint32_t x1497, uint8_t x1498 = addcarryx_u32(0x0, x1361, x1407);
uint32_t x1500, uint8_t x1501 = addcarryx_u32(x1498, x1364, x1452);
uint32_t x1503, uint8_t x1504 = addcarryx_u32(x1501, x1367, x1455);
uint32_t x1506, uint8_t x1507 = addcarryx_u32(x1504, x1370, x1458);
uint32_t x1509, uint8_t x1510 = addcarryx_u32(x1507, x1373, x1461);
uint32_t x1512, uint8_t x1513 = addcarryx_u32(x1510, x1376, x1464);
uint32_t x1515, uint8_t x1516 = addcarryx_u32(x1513, x1379, x1467);
uint32_t x1518, uint8_t x1519 = addcarryx_u32(x1516, x1382, x1470);
uint32_t x1521, uint8_t x1522 = addcarryx_u32(x1519, x1385, x1473);
uint32_t x1524, uint8_t x1525 = addcarryx_u32(x1522, x1388, x1476);
uint32_t x1527, uint8_t x1528 = addcarryx_u32(x1525, x1391, x1479);
uint32_t x1530, uint8_t x1531 = addcarryx_u32(x1528, x1394, x1482);
uint32_t x1533, uint8_t x1534 = addcarryx_u32(x1531, x1397, x1485);
uint32_t x1536, uint8_t x1537 = addcarryx_u32(x1534, x1400, x1488);
uint32_t x1539, uint8_t x1540 = addcarryx_u32(x1537, x1403, x1491);
uint32_t x1542, uint8_t x1543 = addcarryx_u32(x1540, x1405, x1494);
uint32_t x1545, uint32_t x1546 = mulx_u32(x1497, 0xffffffff);
uint32_t x1548, uint32_t x1549 = mulx_u32(x1497, 0xffffffff);
uint32_t x1551, uint32_t x1552 = mulx_u32(x1497, 0xffffffff);
uint32_t x1554, uint32_t x1555 = mulx_u32(x1497, 0xffffffff);
uint32_t x1557, uint32_t x1558 = mulx_u32(x1497, 0xffffffff);
uint32_t x1560, uint32_t x1561 = mulx_u32(x1497, 0xffffffff);
uint32_t x1563, uint32_t x1564 = mulx_u32(x1497, 0xffffffff);
uint32_t x1566, uint32_t x1567 = mulx_u32(x1497, 0xfffffffd);
uint32_t x1569, uint32_t x1570 = mulx_u32(x1497, 0xffffffff);
uint32_t x1572, uint32_t x1573 = mulx_u32(x1497, 0xffffffff);
uint32_t x1575, uint32_t x1576 = mulx_u32(x1497, 0xffffffff);
uint32_t x1578, uint32_t x1579 = mulx_u32(x1497, 0xffffffff);
uint32_t x1581, uint32_t x1582 = mulx_u32(x1497, 0xffffffff);
uint32_t x1584, uint32_t x1585 = mulx_u32(x1497, 0xffffffff);
uint32_t x1587, uint8_t x1588 = mulx_u32_out_u8(x1497, 0x3);
uint32_t x1590, uint8_t x1591 = addcarryx_u32(0x0, x1546, x1548);
uint32_t x1593, uint8_t x1594 = addcarryx_u32(x1591, x1549, x1551);
uint32_t x1596, uint8_t x1597 = addcarryx_u32(x1594, x1552, x1554);
uint32_t x1599, uint8_t x1600 = addcarryx_u32(x1597, x1555, x1557);
uint32_t x1602, uint8_t x1603 = addcarryx_u32(x1600, x1558, x1560);
uint32_t x1605, uint8_t x1606 = addcarryx_u32(x1603, x1561, x1563);
uint32_t x1608, uint8_t x1609 = addcarryx_u32(x1606, x1564, x1566);
uint32_t x1611, uint8_t x1612 = addcarryx_u32(x1609, x1567, x1569);
uint32_t x1614, uint8_t x1615 = addcarryx_u32(x1612, x1570, x1572);
uint32_t x1617, uint8_t x1618 = addcarryx_u32(x1615, x1573, x1575);
uint32_t x1620, uint8_t x1621 = addcarryx_u32(x1618, x1576, x1578);
uint32_t x1623, uint8_t x1624 = addcarryx_u32(x1621, x1579, x1581);
uint32_t x1626, uint8_t x1627 = addcarryx_u32(x1624, x1582, x1584);
uint32_t x1629, uint8_t x1630 = addcarryx_u32(x1627, x1585, x1587);
uint8_t x1631 = (x1630 + x1588);
uint32_t _, uint8_t x1634 = addcarryx_u32(0x0, x1497, x1545);
uint32_t x1636, uint8_t x1637 = addcarryx_u32(x1634, x1500, x1590);
uint32_t x1639, uint8_t x1640 = addcarryx_u32(x1637, x1503, x1593);
uint32_t x1642, uint8_t x1643 = addcarryx_u32(x1640, x1506, x1596);
uint32_t x1645, uint8_t x1646 = addcarryx_u32(x1643, x1509, x1599);
uint32_t x1648, uint8_t x1649 = addcarryx_u32(x1646, x1512, x1602);
uint32_t x1651, uint8_t x1652 = addcarryx_u32(x1649, x1515, x1605);
uint32_t x1654, uint8_t x1655 = addcarryx_u32(x1652, x1518, x1608);
uint32_t x1657, uint8_t x1658 = addcarryx_u32(x1655, x1521, x1611);
uint32_t x1660, uint8_t x1661 = addcarryx_u32(x1658, x1524, x1614);
uint32_t x1663, uint8_t x1664 = addcarryx_u32(x1661, x1527, x1617);
uint32_t x1666, uint8_t x1667 = addcarryx_u32(x1664, x1530, x1620);
uint32_t x1669, uint8_t x1670 = addcarryx_u32(x1667, x1533, x1623);
uint32_t x1672, uint8_t x1673 = addcarryx_u32(x1670, x1536, x1626);
uint32_t x1675, uint8_t x1676 = addcarryx_u32(x1673, x1539, x1629);
uint32_t x1678, uint8_t x1679 = addcarryx_u32(x1676, x1542, x1631);
uint8_t x1680 = (x1679 + x1543);
uint32_t x1682, uint32_t x1683 = mulx_u32(x15, x31);
uint32_t x1685, uint32_t x1686 = mulx_u32(x15, x33);
uint32_t x1688, uint32_t x1689 = mulx_u32(x15, x35);
uint32_t x1691, uint32_t x1692 = mulx_u32(x15, x37);
uint32_t x1694, uint32_t x1695 = mulx_u32(x15, x39);
uint32_t x1697, uint32_t x1698 = mulx_u32(x15, x41);
uint32_t x1700, uint32_t x1701 = mulx_u32(x15, x43);
uint32_t x1703, uint32_t x1704 = mulx_u32(x15, x45);
uint32_t x1706, uint32_t x1707 = mulx_u32(x15, x47);
uint32_t x1709, uint32_t x1710 = mulx_u32(x15, x49);
uint32_t x1712, uint32_t x1713 = mulx_u32(x15, x51);
uint32_t x1715, uint32_t x1716 = mulx_u32(x15, x53);
uint32_t x1718, uint32_t x1719 = mulx_u32(x15, x55);
uint32_t x1721, uint32_t x1722 = mulx_u32(x15, x57);
uint32_t x1724, uint32_t x1725 = mulx_u32(x15, x56);
uint32_t x1727, uint8_t x1728 = addcarryx_u32(0x0, x1683, x1685);
uint32_t x1730, uint8_t x1731 = addcarryx_u32(x1728, x1686, x1688);
uint32_t x1733, uint8_t x1734 = addcarryx_u32(x1731, x1689, x1691);
uint32_t x1736, uint8_t x1737 = addcarryx_u32(x1734, x1692, x1694);
uint32_t x1739, uint8_t x1740 = addcarryx_u32(x1737, x1695, x1697);
uint32_t x1742, uint8_t x1743 = addcarryx_u32(x1740, x1698, x1700);
uint32_t x1745, uint8_t x1746 = addcarryx_u32(x1743, x1701, x1703);
uint32_t x1748, uint8_t x1749 = addcarryx_u32(x1746, x1704, x1706);
uint32_t x1751, uint8_t x1752 = addcarryx_u32(x1749, x1707, x1709);
uint32_t x1754, uint8_t x1755 = addcarryx_u32(x1752, x1710, x1712);
uint32_t x1757, uint8_t x1758 = addcarryx_u32(x1755, x1713, x1715);
uint32_t x1760, uint8_t x1761 = addcarryx_u32(x1758, x1716, x1718);
uint32_t x1763, uint8_t x1764 = addcarryx_u32(x1761, x1719, x1721);
uint32_t x1766, uint8_t x1767 = addcarryx_u32(x1764, x1722, x1724);
uint32_t x1769, uint8_t _ = addcarryx_u32(0x0, x1767, x1725);
uint32_t x1772, uint8_t x1773 = addcarryx_u32(0x0, x1636, x1682);
uint32_t x1775, uint8_t x1776 = addcarryx_u32(x1773, x1639, x1727);
uint32_t x1778, uint8_t x1779 = addcarryx_u32(x1776, x1642, x1730);
uint32_t x1781, uint8_t x1782 = addcarryx_u32(x1779, x1645, x1733);
uint32_t x1784, uint8_t x1785 = addcarryx_u32(x1782, x1648, x1736);
uint32_t x1787, uint8_t x1788 = addcarryx_u32(x1785, x1651, x1739);
uint32_t x1790, uint8_t x1791 = addcarryx_u32(x1788, x1654, x1742);
uint32_t x1793, uint8_t x1794 = addcarryx_u32(x1791, x1657, x1745);
uint32_t x1796, uint8_t x1797 = addcarryx_u32(x1794, x1660, x1748);
uint32_t x1799, uint8_t x1800 = addcarryx_u32(x1797, x1663, x1751);
uint32_t x1802, uint8_t x1803 = addcarryx_u32(x1800, x1666, x1754);
uint32_t x1805, uint8_t x1806 = addcarryx_u32(x1803, x1669, x1757);
uint32_t x1808, uint8_t x1809 = addcarryx_u32(x1806, x1672, x1760);
uint32_t x1811, uint8_t x1812 = addcarryx_u32(x1809, x1675, x1763);
uint32_t x1814, uint8_t x1815 = addcarryx_u32(x1812, x1678, x1766);
uint32_t x1817, uint8_t x1818 = addcarryx_u32(x1815, x1680, x1769);
uint32_t x1820, uint32_t x1821 = mulx_u32(x1772, 0xffffffff);
uint32_t x1823, uint32_t x1824 = mulx_u32(x1772, 0xffffffff);
uint32_t x1826, uint32_t x1827 = mulx_u32(x1772, 0xffffffff);
uint32_t x1829, uint32_t x1830 = mulx_u32(x1772, 0xffffffff);
uint32_t x1832, uint32_t x1833 = mulx_u32(x1772, 0xffffffff);
uint32_t x1835, uint32_t x1836 = mulx_u32(x1772, 0xffffffff);
uint32_t x1838, uint32_t x1839 = mulx_u32(x1772, 0xffffffff);
uint32_t x1841, uint32_t x1842 = mulx_u32(x1772, 0xfffffffd);
uint32_t x1844, uint32_t x1845 = mulx_u32(x1772, 0xffffffff);
uint32_t x1847, uint32_t x1848 = mulx_u32(x1772, 0xffffffff);
uint32_t x1850, uint32_t x1851 = mulx_u32(x1772, 0xffffffff);
uint32_t x1853, uint32_t x1854 = mulx_u32(x1772, 0xffffffff);
uint32_t x1856, uint32_t x1857 = mulx_u32(x1772, 0xffffffff);
uint32_t x1859, uint32_t x1860 = mulx_u32(x1772, 0xffffffff);
uint32_t x1862, uint8_t x1863 = mulx_u32_out_u8(x1772, 0x3);
uint32_t x1865, uint8_t x1866 = addcarryx_u32(0x0, x1821, x1823);
uint32_t x1868, uint8_t x1869 = addcarryx_u32(x1866, x1824, x1826);
uint32_t x1871, uint8_t x1872 = addcarryx_u32(x1869, x1827, x1829);
uint32_t x1874, uint8_t x1875 = addcarryx_u32(x1872, x1830, x1832);
uint32_t x1877, uint8_t x1878 = addcarryx_u32(x1875, x1833, x1835);
uint32_t x1880, uint8_t x1881 = addcarryx_u32(x1878, x1836, x1838);
uint32_t x1883, uint8_t x1884 = addcarryx_u32(x1881, x1839, x1841);
uint32_t x1886, uint8_t x1887 = addcarryx_u32(x1884, x1842, x1844);
uint32_t x1889, uint8_t x1890 = addcarryx_u32(x1887, x1845, x1847);
uint32_t x1892, uint8_t x1893 = addcarryx_u32(x1890, x1848, x1850);
uint32_t x1895, uint8_t x1896 = addcarryx_u32(x1893, x1851, x1853);
uint32_t x1898, uint8_t x1899 = addcarryx_u32(x1896, x1854, x1856);
uint32_t x1901, uint8_t x1902 = addcarryx_u32(x1899, x1857, x1859);
uint32_t x1904, uint8_t x1905 = addcarryx_u32(x1902, x1860, x1862);
uint8_t x1906 = (x1905 + x1863);
uint32_t _, uint8_t x1909 = addcarryx_u32(0x0, x1772, x1820);
uint32_t x1911, uint8_t x1912 = addcarryx_u32(x1909, x1775, x1865);
uint32_t x1914, uint8_t x1915 = addcarryx_u32(x1912, x1778, x1868);
uint32_t x1917, uint8_t x1918 = addcarryx_u32(x1915, x1781, x1871);
uint32_t x1920, uint8_t x1921 = addcarryx_u32(x1918, x1784, x1874);
uint32_t x1923, uint8_t x1924 = addcarryx_u32(x1921, x1787, x1877);
uint32_t x1926, uint8_t x1927 = addcarryx_u32(x1924, x1790, x1880);
uint32_t x1929, uint8_t x1930 = addcarryx_u32(x1927, x1793, x1883);
uint32_t x1932, uint8_t x1933 = addcarryx_u32(x1930, x1796, x1886);
uint32_t x1935, uint8_t x1936 = addcarryx_u32(x1933, x1799, x1889);
uint32_t x1938, uint8_t x1939 = addcarryx_u32(x1936, x1802, x1892);
uint32_t x1941, uint8_t x1942 = addcarryx_u32(x1939, x1805, x1895);
uint32_t x1944, uint8_t x1945 = addcarryx_u32(x1942, x1808, x1898);
uint32_t x1947, uint8_t x1948 = addcarryx_u32(x1945, x1811, x1901);
uint32_t x1950, uint8_t x1951 = addcarryx_u32(x1948, x1814, x1904);
uint32_t x1953, uint8_t x1954 = addcarryx_u32(x1951, x1817, x1906);
uint8_t x1955 = (x1954 + x1818);
uint32_t x1957, uint32_t x1958 = mulx_u32(x17, x31);
uint32_t x1960, uint32_t x1961 = mulx_u32(x17, x33);
uint32_t x1963, uint32_t x1964 = mulx_u32(x17, x35);
uint32_t x1966, uint32_t x1967 = mulx_u32(x17, x37);
uint32_t x1969, uint32_t x1970 = mulx_u32(x17, x39);
uint32_t x1972, uint32_t x1973 = mulx_u32(x17, x41);
uint32_t x1975, uint32_t x1976 = mulx_u32(x17, x43);
uint32_t x1978, uint32_t x1979 = mulx_u32(x17, x45);
uint32_t x1981, uint32_t x1982 = mulx_u32(x17, x47);
uint32_t x1984, uint32_t x1985 = mulx_u32(x17, x49);
uint32_t x1987, uint32_t x1988 = mulx_u32(x17, x51);
uint32_t x1990, uint32_t x1991 = mulx_u32(x17, x53);
uint32_t x1993, uint32_t x1994 = mulx_u32(x17, x55);
uint32_t x1996, uint32_t x1997 = mulx_u32(x17, x57);
uint32_t x1999, uint32_t x2000 = mulx_u32(x17, x56);
uint32_t x2002, uint8_t x2003 = addcarryx_u32(0x0, x1958, x1960);
uint32_t x2005, uint8_t x2006 = addcarryx_u32(x2003, x1961, x1963);
uint32_t x2008, uint8_t x2009 = addcarryx_u32(x2006, x1964, x1966);
uint32_t x2011, uint8_t x2012 = addcarryx_u32(x2009, x1967, x1969);
uint32_t x2014, uint8_t x2015 = addcarryx_u32(x2012, x1970, x1972);
uint32_t x2017, uint8_t x2018 = addcarryx_u32(x2015, x1973, x1975);
uint32_t x2020, uint8_t x2021 = addcarryx_u32(x2018, x1976, x1978);
uint32_t x2023, uint8_t x2024 = addcarryx_u32(x2021, x1979, x1981);
uint32_t x2026, uint8_t x2027 = addcarryx_u32(x2024, x1982, x1984);
uint32_t x2029, uint8_t x2030 = addcarryx_u32(x2027, x1985, x1987);
uint32_t x2032, uint8_t x2033 = addcarryx_u32(x2030, x1988, x1990);
uint32_t x2035, uint8_t x2036 = addcarryx_u32(x2033, x1991, x1993);
uint32_t x2038, uint8_t x2039 = addcarryx_u32(x2036, x1994, x1996);
uint32_t x2041, uint8_t x2042 = addcarryx_u32(x2039, x1997, x1999);
uint32_t x2044, uint8_t _ = addcarryx_u32(0x0, x2042, x2000);
uint32_t x2047, uint8_t x2048 = addcarryx_u32(0x0, x1911, x1957);
uint32_t x2050, uint8_t x2051 = addcarryx_u32(x2048, x1914, x2002);
uint32_t x2053, uint8_t x2054 = addcarryx_u32(x2051, x1917, x2005);
uint32_t x2056, uint8_t x2057 = addcarryx_u32(x2054, x1920, x2008);
uint32_t x2059, uint8_t x2060 = addcarryx_u32(x2057, x1923, x2011);
uint32_t x2062, uint8_t x2063 = addcarryx_u32(x2060, x1926, x2014);
uint32_t x2065, uint8_t x2066 = addcarryx_u32(x2063, x1929, x2017);
uint32_t x2068, uint8_t x2069 = addcarryx_u32(x2066, x1932, x2020);
uint32_t x2071, uint8_t x2072 = addcarryx_u32(x2069, x1935, x2023);
uint32_t x2074, uint8_t x2075 = addcarryx_u32(x2072, x1938, x2026);
uint32_t x2077, uint8_t x2078 = addcarryx_u32(x2075, x1941, x2029);
uint32_t x2080, uint8_t x2081 = addcarryx_u32(x2078, x1944, x2032);
uint32_t x2083, uint8_t x2084 = addcarryx_u32(x2081, x1947, x2035);
uint32_t x2086, uint8_t x2087 = addcarryx_u32(x2084, x1950, x2038);
uint32_t x2089, uint8_t x2090 = addcarryx_u32(x2087, x1953, x2041);
uint32_t x2092, uint8_t x2093 = addcarryx_u32(x2090, x1955, x2044);
uint32_t x2095, uint32_t x2096 = mulx_u32(x2047, 0xffffffff);
uint32_t x2098, uint32_t x2099 = mulx_u32(x2047, 0xffffffff);
uint32_t x2101, uint32_t x2102 = mulx_u32(x2047, 0xffffffff);
uint32_t x2104, uint32_t x2105 = mulx_u32(x2047, 0xffffffff);
uint32_t x2107, uint32_t x2108 = mulx_u32(x2047, 0xffffffff);
uint32_t x2110, uint32_t x2111 = mulx_u32(x2047, 0xffffffff);
uint32_t x2113, uint32_t x2114 = mulx_u32(x2047, 0xffffffff);
uint32_t x2116, uint32_t x2117 = mulx_u32(x2047, 0xfffffffd);
uint32_t x2119, uint32_t x2120 = mulx_u32(x2047, 0xffffffff);
uint32_t x2122, uint32_t x2123 = mulx_u32(x2047, 0xffffffff);
uint32_t x2125, uint32_t x2126 = mulx_u32(x2047, 0xffffffff);
uint32_t x2128, uint32_t x2129 = mulx_u32(x2047, 0xffffffff);
uint32_t x2131, uint32_t x2132 = mulx_u32(x2047, 0xffffffff);
uint32_t x2134, uint32_t x2135 = mulx_u32(x2047, 0xffffffff);
uint32_t x2137, uint8_t x2138 = mulx_u32_out_u8(x2047, 0x3);
uint32_t x2140, uint8_t x2141 = addcarryx_u32(0x0, x2096, x2098);
uint32_t x2143, uint8_t x2144 = addcarryx_u32(x2141, x2099, x2101);
uint32_t x2146, uint8_t x2147 = addcarryx_u32(x2144, x2102, x2104);
uint32_t x2149, uint8_t x2150 = addcarryx_u32(x2147, x2105, x2107);
uint32_t x2152, uint8_t x2153 = addcarryx_u32(x2150, x2108, x2110);
uint32_t x2155, uint8_t x2156 = addcarryx_u32(x2153, x2111, x2113);
uint32_t x2158, uint8_t x2159 = addcarryx_u32(x2156, x2114, x2116);
uint32_t x2161, uint8_t x2162 = addcarryx_u32(x2159, x2117, x2119);
uint32_t x2164, uint8_t x2165 = addcarryx_u32(x2162, x2120, x2122);
uint32_t x2167, uint8_t x2168 = addcarryx_u32(x2165, x2123, x2125);
uint32_t x2170, uint8_t x2171 = addcarryx_u32(x2168, x2126, x2128);
uint32_t x2173, uint8_t x2174 = addcarryx_u32(x2171, x2129, x2131);
uint32_t x2176, uint8_t x2177 = addcarryx_u32(x2174, x2132, x2134);
uint32_t x2179, uint8_t x2180 = addcarryx_u32(x2177, x2135, x2137);
uint8_t x2181 = (x2180 + x2138);
uint32_t _, uint8_t x2184 = addcarryx_u32(0x0, x2047, x2095);
uint32_t x2186, uint8_t x2187 = addcarryx_u32(x2184, x2050, x2140);
uint32_t x2189, uint8_t x2190 = addcarryx_u32(x2187, x2053, x2143);
uint32_t x2192, uint8_t x2193 = addcarryx_u32(x2190, x2056, x2146);
uint32_t x2195, uint8_t x2196 = addcarryx_u32(x2193, x2059, x2149);
uint32_t x2198, uint8_t x2199 = addcarryx_u32(x2196, x2062, x2152);
uint32_t x2201, uint8_t x2202 = addcarryx_u32(x2199, x2065, x2155);
uint32_t x2204, uint8_t x2205 = addcarryx_u32(x2202, x2068, x2158);
uint32_t x2207, uint8_t x2208 = addcarryx_u32(x2205, x2071, x2161);
uint32_t x2210, uint8_t x2211 = addcarryx_u32(x2208, x2074, x2164);
uint32_t x2213, uint8_t x2214 = addcarryx_u32(x2211, x2077, x2167);
uint32_t x2216, uint8_t x2217 = addcarryx_u32(x2214, x2080, x2170);
uint32_t x2219, uint8_t x2220 = addcarryx_u32(x2217, x2083, x2173);
uint32_t x2222, uint8_t x2223 = addcarryx_u32(x2220, x2086, x2176);
uint32_t x2225, uint8_t x2226 = addcarryx_u32(x2223, x2089, x2179);
uint32_t x2228, uint8_t x2229 = addcarryx_u32(x2226, x2092, x2181);
uint8_t x2230 = (x2229 + x2093);
uint32_t x2232, uint32_t x2233 = mulx_u32(x19, x31);
uint32_t x2235, uint32_t x2236 = mulx_u32(x19, x33);
uint32_t x2238, uint32_t x2239 = mulx_u32(x19, x35);
uint32_t x2241, uint32_t x2242 = mulx_u32(x19, x37);
uint32_t x2244, uint32_t x2245 = mulx_u32(x19, x39);
uint32_t x2247, uint32_t x2248 = mulx_u32(x19, x41);
uint32_t x2250, uint32_t x2251 = mulx_u32(x19, x43);
uint32_t x2253, uint32_t x2254 = mulx_u32(x19, x45);
uint32_t x2256, uint32_t x2257 = mulx_u32(x19, x47);
uint32_t x2259, uint32_t x2260 = mulx_u32(x19, x49);
uint32_t x2262, uint32_t x2263 = mulx_u32(x19, x51);
uint32_t x2265, uint32_t x2266 = mulx_u32(x19, x53);
uint32_t x2268, uint32_t x2269 = mulx_u32(x19, x55);
uint32_t x2271, uint32_t x2272 = mulx_u32(x19, x57);
uint32_t x2274, uint32_t x2275 = mulx_u32(x19, x56);
uint32_t x2277, uint8_t x2278 = addcarryx_u32(0x0, x2233, x2235);
uint32_t x2280, uint8_t x2281 = addcarryx_u32(x2278, x2236, x2238);
uint32_t x2283, uint8_t x2284 = addcarryx_u32(x2281, x2239, x2241);
uint32_t x2286, uint8_t x2287 = addcarryx_u32(x2284, x2242, x2244);
uint32_t x2289, uint8_t x2290 = addcarryx_u32(x2287, x2245, x2247);
uint32_t x2292, uint8_t x2293 = addcarryx_u32(x2290, x2248, x2250);
uint32_t x2295, uint8_t x2296 = addcarryx_u32(x2293, x2251, x2253);
uint32_t x2298, uint8_t x2299 = addcarryx_u32(x2296, x2254, x2256);
uint32_t x2301, uint8_t x2302 = addcarryx_u32(x2299, x2257, x2259);
uint32_t x2304, uint8_t x2305 = addcarryx_u32(x2302, x2260, x2262);
uint32_t x2307, uint8_t x2308 = addcarryx_u32(x2305, x2263, x2265);
uint32_t x2310, uint8_t x2311 = addcarryx_u32(x2308, x2266, x2268);
uint32_t x2313, uint8_t x2314 = addcarryx_u32(x2311, x2269, x2271);
uint32_t x2316, uint8_t x2317 = addcarryx_u32(x2314, x2272, x2274);
uint32_t x2319, uint8_t _ = addcarryx_u32(0x0, x2317, x2275);
uint32_t x2322, uint8_t x2323 = addcarryx_u32(0x0, x2186, x2232);
uint32_t x2325, uint8_t x2326 = addcarryx_u32(x2323, x2189, x2277);
uint32_t x2328, uint8_t x2329 = addcarryx_u32(x2326, x2192, x2280);
uint32_t x2331, uint8_t x2332 = addcarryx_u32(x2329, x2195, x2283);
uint32_t x2334, uint8_t x2335 = addcarryx_u32(x2332, x2198, x2286);
uint32_t x2337, uint8_t x2338 = addcarryx_u32(x2335, x2201, x2289);
uint32_t x2340, uint8_t x2341 = addcarryx_u32(x2338, x2204, x2292);
uint32_t x2343, uint8_t x2344 = addcarryx_u32(x2341, x2207, x2295);
uint32_t x2346, uint8_t x2347 = addcarryx_u32(x2344, x2210, x2298);
uint32_t x2349, uint8_t x2350 = addcarryx_u32(x2347, x2213, x2301);
uint32_t x2352, uint8_t x2353 = addcarryx_u32(x2350, x2216, x2304);
uint32_t x2355, uint8_t x2356 = addcarryx_u32(x2353, x2219, x2307);
uint32_t x2358, uint8_t x2359 = addcarryx_u32(x2356, x2222, x2310);
uint32_t x2361, uint8_t x2362 = addcarryx_u32(x2359, x2225, x2313);
uint32_t x2364, uint8_t x2365 = addcarryx_u32(x2362, x2228, x2316);
uint32_t x2367, uint8_t x2368 = addcarryx_u32(x2365, x2230, x2319);
uint32_t x2370, uint32_t x2371 = mulx_u32(x2322, 0xffffffff);
uint32_t x2373, uint32_t x2374 = mulx_u32(x2322, 0xffffffff);
uint32_t x2376, uint32_t x2377 = mulx_u32(x2322, 0xffffffff);
uint32_t x2379, uint32_t x2380 = mulx_u32(x2322, 0xffffffff);
uint32_t x2382, uint32_t x2383 = mulx_u32(x2322, 0xffffffff);
uint32_t x2385, uint32_t x2386 = mulx_u32(x2322, 0xffffffff);
uint32_t x2388, uint32_t x2389 = mulx_u32(x2322, 0xffffffff);
uint32_t x2391, uint32_t x2392 = mulx_u32(x2322, 0xfffffffd);
uint32_t x2394, uint32_t x2395 = mulx_u32(x2322, 0xffffffff);
uint32_t x2397, uint32_t x2398 = mulx_u32(x2322, 0xffffffff);
uint32_t x2400, uint32_t x2401 = mulx_u32(x2322, 0xffffffff);
uint32_t x2403, uint32_t x2404 = mulx_u32(x2322, 0xffffffff);
uint32_t x2406, uint32_t x2407 = mulx_u32(x2322, 0xffffffff);
uint32_t x2409, uint32_t x2410 = mulx_u32(x2322, 0xffffffff);
uint32_t x2412, uint8_t x2413 = mulx_u32_out_u8(x2322, 0x3);
uint32_t x2415, uint8_t x2416 = addcarryx_u32(0x0, x2371, x2373);
uint32_t x2418, uint8_t x2419 = addcarryx_u32(x2416, x2374, x2376);
uint32_t x2421, uint8_t x2422 = addcarryx_u32(x2419, x2377, x2379);
uint32_t x2424, uint8_t x2425 = addcarryx_u32(x2422, x2380, x2382);
uint32_t x2427, uint8_t x2428 = addcarryx_u32(x2425, x2383, x2385);
uint32_t x2430, uint8_t x2431 = addcarryx_u32(x2428, x2386, x2388);
uint32_t x2433, uint8_t x2434 = addcarryx_u32(x2431, x2389, x2391);
uint32_t x2436, uint8_t x2437 = addcarryx_u32(x2434, x2392, x2394);
uint32_t x2439, uint8_t x2440 = addcarryx_u32(x2437, x2395, x2397);
uint32_t x2442, uint8_t x2443 = addcarryx_u32(x2440, x2398, x2400);
uint32_t x2445, uint8_t x2446 = addcarryx_u32(x2443, x2401, x2403);
uint32_t x2448, uint8_t x2449 = addcarryx_u32(x2446, x2404, x2406);
uint32_t x2451, uint8_t x2452 = addcarryx_u32(x2449, x2407, x2409);
uint32_t x2454, uint8_t x2455 = addcarryx_u32(x2452, x2410, x2412);
uint8_t x2456 = (x2455 + x2413);
uint32_t _, uint8_t x2459 = addcarryx_u32(0x0, x2322, x2370);
uint32_t x2461, uint8_t x2462 = addcarryx_u32(x2459, x2325, x2415);
uint32_t x2464, uint8_t x2465 = addcarryx_u32(x2462, x2328, x2418);
uint32_t x2467, uint8_t x2468 = addcarryx_u32(x2465, x2331, x2421);
uint32_t x2470, uint8_t x2471 = addcarryx_u32(x2468, x2334, x2424);
uint32_t x2473, uint8_t x2474 = addcarryx_u32(x2471, x2337, x2427);
uint32_t x2476, uint8_t x2477 = addcarryx_u32(x2474, x2340, x2430);
uint32_t x2479, uint8_t x2480 = addcarryx_u32(x2477, x2343, x2433);
uint32_t x2482, uint8_t x2483 = addcarryx_u32(x2480, x2346, x2436);
uint32_t x2485, uint8_t x2486 = addcarryx_u32(x2483, x2349, x2439);
uint32_t x2488, uint8_t x2489 = addcarryx_u32(x2486, x2352, x2442);
uint32_t x2491, uint8_t x2492 = addcarryx_u32(x2489, x2355, x2445);
uint32_t x2494, uint8_t x2495 = addcarryx_u32(x2492, x2358, x2448);
uint32_t x2497, uint8_t x2498 = addcarryx_u32(x2495, x2361, x2451);
uint32_t x2500, uint8_t x2501 = addcarryx_u32(x2498, x2364, x2454);
uint32_t x2503, uint8_t x2504 = addcarryx_u32(x2501, x2367, x2456);
uint8_t x2505 = (x2504 + x2368);
uint32_t x2507, uint32_t x2508 = mulx_u32(x21, x31);
uint32_t x2510, uint32_t x2511 = mulx_u32(x21, x33);
uint32_t x2513, uint32_t x2514 = mulx_u32(x21, x35);
uint32_t x2516, uint32_t x2517 = mulx_u32(x21, x37);
uint32_t x2519, uint32_t x2520 = mulx_u32(x21, x39);
uint32_t x2522, uint32_t x2523 = mulx_u32(x21, x41);
uint32_t x2525, uint32_t x2526 = mulx_u32(x21, x43);
uint32_t x2528, uint32_t x2529 = mulx_u32(x21, x45);
uint32_t x2531, uint32_t x2532 = mulx_u32(x21, x47);
uint32_t x2534, uint32_t x2535 = mulx_u32(x21, x49);
uint32_t x2537, uint32_t x2538 = mulx_u32(x21, x51);
uint32_t x2540, uint32_t x2541 = mulx_u32(x21, x53);
uint32_t x2543, uint32_t x2544 = mulx_u32(x21, x55);
uint32_t x2546, uint32_t x2547 = mulx_u32(x21, x57);
uint32_t x2549, uint32_t x2550 = mulx_u32(x21, x56);
uint32_t x2552, uint8_t x2553 = addcarryx_u32(0x0, x2508, x2510);
uint32_t x2555, uint8_t x2556 = addcarryx_u32(x2553, x2511, x2513);
uint32_t x2558, uint8_t x2559 = addcarryx_u32(x2556, x2514, x2516);
uint32_t x2561, uint8_t x2562 = addcarryx_u32(x2559, x2517, x2519);
uint32_t x2564, uint8_t x2565 = addcarryx_u32(x2562, x2520, x2522);
uint32_t x2567, uint8_t x2568 = addcarryx_u32(x2565, x2523, x2525);
uint32_t x2570, uint8_t x2571 = addcarryx_u32(x2568, x2526, x2528);
uint32_t x2573, uint8_t x2574 = addcarryx_u32(x2571, x2529, x2531);
uint32_t x2576, uint8_t x2577 = addcarryx_u32(x2574, x2532, x2534);
uint32_t x2579, uint8_t x2580 = addcarryx_u32(x2577, x2535, x2537);
uint32_t x2582, uint8_t x2583 = addcarryx_u32(x2580, x2538, x2540);
uint32_t x2585, uint8_t x2586 = addcarryx_u32(x2583, x2541, x2543);
uint32_t x2588, uint8_t x2589 = addcarryx_u32(x2586, x2544, x2546);
uint32_t x2591, uint8_t x2592 = addcarryx_u32(x2589, x2547, x2549);
uint32_t x2594, uint8_t _ = addcarryx_u32(0x0, x2592, x2550);
uint32_t x2597, uint8_t x2598 = addcarryx_u32(0x0, x2461, x2507);
uint32_t x2600, uint8_t x2601 = addcarryx_u32(x2598, x2464, x2552);
uint32_t x2603, uint8_t x2604 = addcarryx_u32(x2601, x2467, x2555);
uint32_t x2606, uint8_t x2607 = addcarryx_u32(x2604, x2470, x2558);
uint32_t x2609, uint8_t x2610 = addcarryx_u32(x2607, x2473, x2561);
uint32_t x2612, uint8_t x2613 = addcarryx_u32(x2610, x2476, x2564);
uint32_t x2615, uint8_t x2616 = addcarryx_u32(x2613, x2479, x2567);
uint32_t x2618, uint8_t x2619 = addcarryx_u32(x2616, x2482, x2570);
uint32_t x2621, uint8_t x2622 = addcarryx_u32(x2619, x2485, x2573);
uint32_t x2624, uint8_t x2625 = addcarryx_u32(x2622, x2488, x2576);
uint32_t x2627, uint8_t x2628 = addcarryx_u32(x2625, x2491, x2579);
uint32_t x2630, uint8_t x2631 = addcarryx_u32(x2628, x2494, x2582);
uint32_t x2633, uint8_t x2634 = addcarryx_u32(x2631, x2497, x2585);
uint32_t x2636, uint8_t x2637 = addcarryx_u32(x2634, x2500, x2588);
uint32_t x2639, uint8_t x2640 = addcarryx_u32(x2637, x2503, x2591);
uint32_t x2642, uint8_t x2643 = addcarryx_u32(x2640, x2505, x2594);
uint32_t x2645, uint32_t x2646 = mulx_u32(x2597, 0xffffffff);
uint32_t x2648, uint32_t x2649 = mulx_u32(x2597, 0xffffffff);
uint32_t x2651, uint32_t x2652 = mulx_u32(x2597, 0xffffffff);
uint32_t x2654, uint32_t x2655 = mulx_u32(x2597, 0xffffffff);
uint32_t x2657, uint32_t x2658 = mulx_u32(x2597, 0xffffffff);
uint32_t x2660, uint32_t x2661 = mulx_u32(x2597, 0xffffffff);
uint32_t x2663, uint32_t x2664 = mulx_u32(x2597, 0xffffffff);
uint32_t x2666, uint32_t x2667 = mulx_u32(x2597, 0xfffffffd);
uint32_t x2669, uint32_t x2670 = mulx_u32(x2597, 0xffffffff);
uint32_t x2672, uint32_t x2673 = mulx_u32(x2597, 0xffffffff);
uint32_t x2675, uint32_t x2676 = mulx_u32(x2597, 0xffffffff);
uint32_t x2678, uint32_t x2679 = mulx_u32(x2597, 0xffffffff);
uint32_t x2681, uint32_t x2682 = mulx_u32(x2597, 0xffffffff);
uint32_t x2684, uint32_t x2685 = mulx_u32(x2597, 0xffffffff);
uint32_t x2687, uint8_t x2688 = mulx_u32_out_u8(x2597, 0x3);
uint32_t x2690, uint8_t x2691 = addcarryx_u32(0x0, x2646, x2648);
uint32_t x2693, uint8_t x2694 = addcarryx_u32(x2691, x2649, x2651);
uint32_t x2696, uint8_t x2697 = addcarryx_u32(x2694, x2652, x2654);
uint32_t x2699, uint8_t x2700 = addcarryx_u32(x2697, x2655, x2657);
uint32_t x2702, uint8_t x2703 = addcarryx_u32(x2700, x2658, x2660);
uint32_t x2705, uint8_t x2706 = addcarryx_u32(x2703, x2661, x2663);
uint32_t x2708, uint8_t x2709 = addcarryx_u32(x2706, x2664, x2666);
uint32_t x2711, uint8_t x2712 = addcarryx_u32(x2709, x2667, x2669);
uint32_t x2714, uint8_t x2715 = addcarryx_u32(x2712, x2670, x2672);
uint32_t x2717, uint8_t x2718 = addcarryx_u32(x2715, x2673, x2675);
uint32_t x2720, uint8_t x2721 = addcarryx_u32(x2718, x2676, x2678);
uint32_t x2723, uint8_t x2724 = addcarryx_u32(x2721, x2679, x2681);
uint32_t x2726, uint8_t x2727 = addcarryx_u32(x2724, x2682, x2684);
uint32_t x2729, uint8_t x2730 = addcarryx_u32(x2727, x2685, x2687);
uint8_t x2731 = (x2730 + x2688);
uint32_t _, uint8_t x2734 = addcarryx_u32(0x0, x2597, x2645);
uint32_t x2736, uint8_t x2737 = addcarryx_u32(x2734, x2600, x2690);
uint32_t x2739, uint8_t x2740 = addcarryx_u32(x2737, x2603, x2693);
uint32_t x2742, uint8_t x2743 = addcarryx_u32(x2740, x2606, x2696);
uint32_t x2745, uint8_t x2746 = addcarryx_u32(x2743, x2609, x2699);
uint32_t x2748, uint8_t x2749 = addcarryx_u32(x2746, x2612, x2702);
uint32_t x2751, uint8_t x2752 = addcarryx_u32(x2749, x2615, x2705);
uint32_t x2754, uint8_t x2755 = addcarryx_u32(x2752, x2618, x2708);
uint32_t x2757, uint8_t x2758 = addcarryx_u32(x2755, x2621, x2711);
uint32_t x2760, uint8_t x2761 = addcarryx_u32(x2758, x2624, x2714);
uint32_t x2763, uint8_t x2764 = addcarryx_u32(x2761, x2627, x2717);
uint32_t x2766, uint8_t x2767 = addcarryx_u32(x2764, x2630, x2720);
uint32_t x2769, uint8_t x2770 = addcarryx_u32(x2767, x2633, x2723);
uint32_t x2772, uint8_t x2773 = addcarryx_u32(x2770, x2636, x2726);
uint32_t x2775, uint8_t x2776 = addcarryx_u32(x2773, x2639, x2729);
uint32_t x2778, uint8_t x2779 = addcarryx_u32(x2776, x2642, x2731);
uint8_t x2780 = (x2779 + x2643);
uint32_t x2782, uint32_t x2783 = mulx_u32(x23, x31);
uint32_t x2785, uint32_t x2786 = mulx_u32(x23, x33);
uint32_t x2788, uint32_t x2789 = mulx_u32(x23, x35);
uint32_t x2791, uint32_t x2792 = mulx_u32(x23, x37);
uint32_t x2794, uint32_t x2795 = mulx_u32(x23, x39);
uint32_t x2797, uint32_t x2798 = mulx_u32(x23, x41);
uint32_t x2800, uint32_t x2801 = mulx_u32(x23, x43);
uint32_t x2803, uint32_t x2804 = mulx_u32(x23, x45);
uint32_t x2806, uint32_t x2807 = mulx_u32(x23, x47);
uint32_t x2809, uint32_t x2810 = mulx_u32(x23, x49);
uint32_t x2812, uint32_t x2813 = mulx_u32(x23, x51);
uint32_t x2815, uint32_t x2816 = mulx_u32(x23, x53);
uint32_t x2818, uint32_t x2819 = mulx_u32(x23, x55);
uint32_t x2821, uint32_t x2822 = mulx_u32(x23, x57);
uint32_t x2824, uint32_t x2825 = mulx_u32(x23, x56);
uint32_t x2827, uint8_t x2828 = addcarryx_u32(0x0, x2783, x2785);
uint32_t x2830, uint8_t x2831 = addcarryx_u32(x2828, x2786, x2788);
uint32_t x2833, uint8_t x2834 = addcarryx_u32(x2831, x2789, x2791);
uint32_t x2836, uint8_t x2837 = addcarryx_u32(x2834, x2792, x2794);
uint32_t x2839, uint8_t x2840 = addcarryx_u32(x2837, x2795, x2797);
uint32_t x2842, uint8_t x2843 = addcarryx_u32(x2840, x2798, x2800);
uint32_t x2845, uint8_t x2846 = addcarryx_u32(x2843, x2801, x2803);
uint32_t x2848, uint8_t x2849 = addcarryx_u32(x2846, x2804, x2806);
uint32_t x2851, uint8_t x2852 = addcarryx_u32(x2849, x2807, x2809);
uint32_t x2854, uint8_t x2855 = addcarryx_u32(x2852, x2810, x2812);
uint32_t x2857, uint8_t x2858 = addcarryx_u32(x2855, x2813, x2815);
uint32_t x2860, uint8_t x2861 = addcarryx_u32(x2858, x2816, x2818);
uint32_t x2863, uint8_t x2864 = addcarryx_u32(x2861, x2819, x2821);
uint32_t x2866, uint8_t x2867 = addcarryx_u32(x2864, x2822, x2824);
uint32_t x2869, uint8_t _ = addcarryx_u32(0x0, x2867, x2825);
uint32_t x2872, uint8_t x2873 = addcarryx_u32(0x0, x2736, x2782);
uint32_t x2875, uint8_t x2876 = addcarryx_u32(x2873, x2739, x2827);
uint32_t x2878, uint8_t x2879 = addcarryx_u32(x2876, x2742, x2830);
uint32_t x2881, uint8_t x2882 = addcarryx_u32(x2879, x2745, x2833);
uint32_t x2884, uint8_t x2885 = addcarryx_u32(x2882, x2748, x2836);
uint32_t x2887, uint8_t x2888 = addcarryx_u32(x2885, x2751, x2839);
uint32_t x2890, uint8_t x2891 = addcarryx_u32(x2888, x2754, x2842);
uint32_t x2893, uint8_t x2894 = addcarryx_u32(x2891, x2757, x2845);
uint32_t x2896, uint8_t x2897 = addcarryx_u32(x2894, x2760, x2848);
uint32_t x2899, uint8_t x2900 = addcarryx_u32(x2897, x2763, x2851);
uint32_t x2902, uint8_t x2903 = addcarryx_u32(x2900, x2766, x2854);
uint32_t x2905, uint8_t x2906 = addcarryx_u32(x2903, x2769, x2857);
uint32_t x2908, uint8_t x2909 = addcarryx_u32(x2906, x2772, x2860);
uint32_t x2911, uint8_t x2912 = addcarryx_u32(x2909, x2775, x2863);
uint32_t x2914, uint8_t x2915 = addcarryx_u32(x2912, x2778, x2866);
uint32_t x2917, uint8_t x2918 = addcarryx_u32(x2915, x2780, x2869);
uint32_t x2920, uint32_t x2921 = mulx_u32(x2872, 0xffffffff);
uint32_t x2923, uint32_t x2924 = mulx_u32(x2872, 0xffffffff);
uint32_t x2926, uint32_t x2927 = mulx_u32(x2872, 0xffffffff);
uint32_t x2929, uint32_t x2930 = mulx_u32(x2872, 0xffffffff);
uint32_t x2932, uint32_t x2933 = mulx_u32(x2872, 0xffffffff);
uint32_t x2935, uint32_t x2936 = mulx_u32(x2872, 0xffffffff);
uint32_t x2938, uint32_t x2939 = mulx_u32(x2872, 0xffffffff);
uint32_t x2941, uint32_t x2942 = mulx_u32(x2872, 0xfffffffd);
uint32_t x2944, uint32_t x2945 = mulx_u32(x2872, 0xffffffff);
uint32_t x2947, uint32_t x2948 = mulx_u32(x2872, 0xffffffff);
uint32_t x2950, uint32_t x2951 = mulx_u32(x2872, 0xffffffff);
uint32_t x2953, uint32_t x2954 = mulx_u32(x2872, 0xffffffff);
uint32_t x2956, uint32_t x2957 = mulx_u32(x2872, 0xffffffff);
uint32_t x2959, uint32_t x2960 = mulx_u32(x2872, 0xffffffff);
uint32_t x2962, uint8_t x2963 = mulx_u32_out_u8(x2872, 0x3);
uint32_t x2965, uint8_t x2966 = addcarryx_u32(0x0, x2921, x2923);
uint32_t x2968, uint8_t x2969 = addcarryx_u32(x2966, x2924, x2926);
uint32_t x2971, uint8_t x2972 = addcarryx_u32(x2969, x2927, x2929);
uint32_t x2974, uint8_t x2975 = addcarryx_u32(x2972, x2930, x2932);
uint32_t x2977, uint8_t x2978 = addcarryx_u32(x2975, x2933, x2935);
uint32_t x2980, uint8_t x2981 = addcarryx_u32(x2978, x2936, x2938);
uint32_t x2983, uint8_t x2984 = addcarryx_u32(x2981, x2939, x2941);
uint32_t x2986, uint8_t x2987 = addcarryx_u32(x2984, x2942, x2944);
uint32_t x2989, uint8_t x2990 = addcarryx_u32(x2987, x2945, x2947);
uint32_t x2992, uint8_t x2993 = addcarryx_u32(x2990, x2948, x2950);
uint32_t x2995, uint8_t x2996 = addcarryx_u32(x2993, x2951, x2953);
uint32_t x2998, uint8_t x2999 = addcarryx_u32(x2996, x2954, x2956);
uint32_t x3001, uint8_t x3002 = addcarryx_u32(x2999, x2957, x2959);
uint32_t x3004, uint8_t x3005 = addcarryx_u32(x3002, x2960, x2962);
uint8_t x3006 = (x3005 + x2963);
uint32_t _, uint8_t x3009 = addcarryx_u32(0x0, x2872, x2920);
uint32_t x3011, uint8_t x3012 = addcarryx_u32(x3009, x2875, x2965);
uint32_t x3014, uint8_t x3015 = addcarryx_u32(x3012, x2878, x2968);
uint32_t x3017, uint8_t x3018 = addcarryx_u32(x3015, x2881, x2971);
uint32_t x3020, uint8_t x3021 = addcarryx_u32(x3018, x2884, x2974);
uint32_t x3023, uint8_t x3024 = addcarryx_u32(x3021, x2887, x2977);
uint32_t x3026, uint8_t x3027 = addcarryx_u32(x3024, x2890, x2980);
uint32_t x3029, uint8_t x3030 = addcarryx_u32(x3027, x2893, x2983);
uint32_t x3032, uint8_t x3033 = addcarryx_u32(x3030, x2896, x2986);
uint32_t x3035, uint8_t x3036 = addcarryx_u32(x3033, x2899, x2989);
uint32_t x3038, uint8_t x3039 = addcarryx_u32(x3036, x2902, x2992);
uint32_t x3041, uint8_t x3042 = addcarryx_u32(x3039, x2905, x2995);
uint32_t x3044, uint8_t x3045 = addcarryx_u32(x3042, x2908, x2998);
uint32_t x3047, uint8_t x3048 = addcarryx_u32(x3045, x2911, x3001);
uint32_t x3050, uint8_t x3051 = addcarryx_u32(x3048, x2914, x3004);
uint32_t x3053, uint8_t x3054 = addcarryx_u32(x3051, x2917, x3006);
uint8_t x3055 = (x3054 + x2918);
uint32_t x3057, uint32_t x3058 = mulx_u32(x25, x31);
uint32_t x3060, uint32_t x3061 = mulx_u32(x25, x33);
uint32_t x3063, uint32_t x3064 = mulx_u32(x25, x35);
uint32_t x3066, uint32_t x3067 = mulx_u32(x25, x37);
uint32_t x3069, uint32_t x3070 = mulx_u32(x25, x39);
uint32_t x3072, uint32_t x3073 = mulx_u32(x25, x41);
uint32_t x3075, uint32_t x3076 = mulx_u32(x25, x43);
uint32_t x3078, uint32_t x3079 = mulx_u32(x25, x45);
uint32_t x3081, uint32_t x3082 = mulx_u32(x25, x47);
uint32_t x3084, uint32_t x3085 = mulx_u32(x25, x49);
uint32_t x3087, uint32_t x3088 = mulx_u32(x25, x51);
uint32_t x3090, uint32_t x3091 = mulx_u32(x25, x53);
uint32_t x3093, uint32_t x3094 = mulx_u32(x25, x55);
uint32_t x3096, uint32_t x3097 = mulx_u32(x25, x57);
uint32_t x3099, uint32_t x3100 = mulx_u32(x25, x56);
uint32_t x3102, uint8_t x3103 = addcarryx_u32(0x0, x3058, x3060);
uint32_t x3105, uint8_t x3106 = addcarryx_u32(x3103, x3061, x3063);
uint32_t x3108, uint8_t x3109 = addcarryx_u32(x3106, x3064, x3066);
uint32_t x3111, uint8_t x3112 = addcarryx_u32(x3109, x3067, x3069);
uint32_t x3114, uint8_t x3115 = addcarryx_u32(x3112, x3070, x3072);
uint32_t x3117, uint8_t x3118 = addcarryx_u32(x3115, x3073, x3075);
uint32_t x3120, uint8_t x3121 = addcarryx_u32(x3118, x3076, x3078);
uint32_t x3123, uint8_t x3124 = addcarryx_u32(x3121, x3079, x3081);
uint32_t x3126, uint8_t x3127 = addcarryx_u32(x3124, x3082, x3084);
uint32_t x3129, uint8_t x3130 = addcarryx_u32(x3127, x3085, x3087);
uint32_t x3132, uint8_t x3133 = addcarryx_u32(x3130, x3088, x3090);
uint32_t x3135, uint8_t x3136 = addcarryx_u32(x3133, x3091, x3093);
uint32_t x3138, uint8_t x3139 = addcarryx_u32(x3136, x3094, x3096);
uint32_t x3141, uint8_t x3142 = addcarryx_u32(x3139, x3097, x3099);
uint32_t x3144, uint8_t _ = addcarryx_u32(0x0, x3142, x3100);
uint32_t x3147, uint8_t x3148 = addcarryx_u32(0x0, x3011, x3057);
uint32_t x3150, uint8_t x3151 = addcarryx_u32(x3148, x3014, x3102);
uint32_t x3153, uint8_t x3154 = addcarryx_u32(x3151, x3017, x3105);
uint32_t x3156, uint8_t x3157 = addcarryx_u32(x3154, x3020, x3108);
uint32_t x3159, uint8_t x3160 = addcarryx_u32(x3157, x3023, x3111);
uint32_t x3162, uint8_t x3163 = addcarryx_u32(x3160, x3026, x3114);
uint32_t x3165, uint8_t x3166 = addcarryx_u32(x3163, x3029, x3117);
uint32_t x3168, uint8_t x3169 = addcarryx_u32(x3166, x3032, x3120);
uint32_t x3171, uint8_t x3172 = addcarryx_u32(x3169, x3035, x3123);
uint32_t x3174, uint8_t x3175 = addcarryx_u32(x3172, x3038, x3126);
uint32_t x3177, uint8_t x3178 = addcarryx_u32(x3175, x3041, x3129);
uint32_t x3180, uint8_t x3181 = addcarryx_u32(x3178, x3044, x3132);
uint32_t x3183, uint8_t x3184 = addcarryx_u32(x3181, x3047, x3135);
uint32_t x3186, uint8_t x3187 = addcarryx_u32(x3184, x3050, x3138);
uint32_t x3189, uint8_t x3190 = addcarryx_u32(x3187, x3053, x3141);
uint32_t x3192, uint8_t x3193 = addcarryx_u32(x3190, x3055, x3144);
uint32_t x3195, uint32_t x3196 = mulx_u32(x3147, 0xffffffff);
uint32_t x3198, uint32_t x3199 = mulx_u32(x3147, 0xffffffff);
uint32_t x3201, uint32_t x3202 = mulx_u32(x3147, 0xffffffff);
uint32_t x3204, uint32_t x3205 = mulx_u32(x3147, 0xffffffff);
uint32_t x3207, uint32_t x3208 = mulx_u32(x3147, 0xffffffff);
uint32_t x3210, uint32_t x3211 = mulx_u32(x3147, 0xffffffff);
uint32_t x3213, uint32_t x3214 = mulx_u32(x3147, 0xffffffff);
uint32_t x3216, uint32_t x3217 = mulx_u32(x3147, 0xfffffffd);
uint32_t x3219, uint32_t x3220 = mulx_u32(x3147, 0xffffffff);
uint32_t x3222, uint32_t x3223 = mulx_u32(x3147, 0xffffffff);
uint32_t x3225, uint32_t x3226 = mulx_u32(x3147, 0xffffffff);
uint32_t x3228, uint32_t x3229 = mulx_u32(x3147, 0xffffffff);
uint32_t x3231, uint32_t x3232 = mulx_u32(x3147, 0xffffffff);
uint32_t x3234, uint32_t x3235 = mulx_u32(x3147, 0xffffffff);
uint32_t x3237, uint8_t x3238 = mulx_u32_out_u8(x3147, 0x3);
uint32_t x3240, uint8_t x3241 = addcarryx_u32(0x0, x3196, x3198);
uint32_t x3243, uint8_t x3244 = addcarryx_u32(x3241, x3199, x3201);
uint32_t x3246, uint8_t x3247 = addcarryx_u32(x3244, x3202, x3204);
uint32_t x3249, uint8_t x3250 = addcarryx_u32(x3247, x3205, x3207);
uint32_t x3252, uint8_t x3253 = addcarryx_u32(x3250, x3208, x3210);
uint32_t x3255, uint8_t x3256 = addcarryx_u32(x3253, x3211, x3213);
uint32_t x3258, uint8_t x3259 = addcarryx_u32(x3256, x3214, x3216);
uint32_t x3261, uint8_t x3262 = addcarryx_u32(x3259, x3217, x3219);
uint32_t x3264, uint8_t x3265 = addcarryx_u32(x3262, x3220, x3222);
uint32_t x3267, uint8_t x3268 = addcarryx_u32(x3265, x3223, x3225);
uint32_t x3270, uint8_t x3271 = addcarryx_u32(x3268, x3226, x3228);
uint32_t x3273, uint8_t x3274 = addcarryx_u32(x3271, x3229, x3231);
uint32_t x3276, uint8_t x3277 = addcarryx_u32(x3274, x3232, x3234);
uint32_t x3279, uint8_t x3280 = addcarryx_u32(x3277, x3235, x3237);
uint8_t x3281 = (x3280 + x3238);
uint32_t _, uint8_t x3284 = addcarryx_u32(0x0, x3147, x3195);
uint32_t x3286, uint8_t x3287 = addcarryx_u32(x3284, x3150, x3240);
uint32_t x3289, uint8_t x3290 = addcarryx_u32(x3287, x3153, x3243);
uint32_t x3292, uint8_t x3293 = addcarryx_u32(x3290, x3156, x3246);
uint32_t x3295, uint8_t x3296 = addcarryx_u32(x3293, x3159, x3249);
uint32_t x3298, uint8_t x3299 = addcarryx_u32(x3296, x3162, x3252);
uint32_t x3301, uint8_t x3302 = addcarryx_u32(x3299, x3165, x3255);
uint32_t x3304, uint8_t x3305 = addcarryx_u32(x3302, x3168, x3258);
uint32_t x3307, uint8_t x3308 = addcarryx_u32(x3305, x3171, x3261);
uint32_t x3310, uint8_t x3311 = addcarryx_u32(x3308, x3174, x3264);
uint32_t x3313, uint8_t x3314 = addcarryx_u32(x3311, x3177, x3267);
uint32_t x3316, uint8_t x3317 = addcarryx_u32(x3314, x3180, x3270);
uint32_t x3319, uint8_t x3320 = addcarryx_u32(x3317, x3183, x3273);
uint32_t x3322, uint8_t x3323 = addcarryx_u32(x3320, x3186, x3276);
uint32_t x3325, uint8_t x3326 = addcarryx_u32(x3323, x3189, x3279);
uint32_t x3328, uint8_t x3329 = addcarryx_u32(x3326, x3192, x3281);
uint8_t x3330 = (x3329 + x3193);
uint32_t x3332, uint32_t x3333 = mulx_u32(x27, x31);
uint32_t x3335, uint32_t x3336 = mulx_u32(x27, x33);
uint32_t x3338, uint32_t x3339 = mulx_u32(x27, x35);
uint32_t x3341, uint32_t x3342 = mulx_u32(x27, x37);
uint32_t x3344, uint32_t x3345 = mulx_u32(x27, x39);
uint32_t x3347, uint32_t x3348 = mulx_u32(x27, x41);
uint32_t x3350, uint32_t x3351 = mulx_u32(x27, x43);
uint32_t x3353, uint32_t x3354 = mulx_u32(x27, x45);
uint32_t x3356, uint32_t x3357 = mulx_u32(x27, x47);
uint32_t x3359, uint32_t x3360 = mulx_u32(x27, x49);
uint32_t x3362, uint32_t x3363 = mulx_u32(x27, x51);
uint32_t x3365, uint32_t x3366 = mulx_u32(x27, x53);
uint32_t x3368, uint32_t x3369 = mulx_u32(x27, x55);
uint32_t x3371, uint32_t x3372 = mulx_u32(x27, x57);
uint32_t x3374, uint32_t x3375 = mulx_u32(x27, x56);
uint32_t x3377, uint8_t x3378 = addcarryx_u32(0x0, x3333, x3335);
uint32_t x3380, uint8_t x3381 = addcarryx_u32(x3378, x3336, x3338);
uint32_t x3383, uint8_t x3384 = addcarryx_u32(x3381, x3339, x3341);
uint32_t x3386, uint8_t x3387 = addcarryx_u32(x3384, x3342, x3344);
uint32_t x3389, uint8_t x3390 = addcarryx_u32(x3387, x3345, x3347);
uint32_t x3392, uint8_t x3393 = addcarryx_u32(x3390, x3348, x3350);
uint32_t x3395, uint8_t x3396 = addcarryx_u32(x3393, x3351, x3353);
uint32_t x3398, uint8_t x3399 = addcarryx_u32(x3396, x3354, x3356);
uint32_t x3401, uint8_t x3402 = addcarryx_u32(x3399, x3357, x3359);
uint32_t x3404, uint8_t x3405 = addcarryx_u32(x3402, x3360, x3362);
uint32_t x3407, uint8_t x3408 = addcarryx_u32(x3405, x3363, x3365);
uint32_t x3410, uint8_t x3411 = addcarryx_u32(x3408, x3366, x3368);
uint32_t x3413, uint8_t x3414 = addcarryx_u32(x3411, x3369, x3371);
uint32_t x3416, uint8_t x3417 = addcarryx_u32(x3414, x3372, x3374);
uint32_t x3419, uint8_t _ = addcarryx_u32(0x0, x3417, x3375);
uint32_t x3422, uint8_t x3423 = addcarryx_u32(0x0, x3286, x3332);
uint32_t x3425, uint8_t x3426 = addcarryx_u32(x3423, x3289, x3377);
uint32_t x3428, uint8_t x3429 = addcarryx_u32(x3426, x3292, x3380);
uint32_t x3431, uint8_t x3432 = addcarryx_u32(x3429, x3295, x3383);
uint32_t x3434, uint8_t x3435 = addcarryx_u32(x3432, x3298, x3386);
uint32_t x3437, uint8_t x3438 = addcarryx_u32(x3435, x3301, x3389);
uint32_t x3440, uint8_t x3441 = addcarryx_u32(x3438, x3304, x3392);
uint32_t x3443, uint8_t x3444 = addcarryx_u32(x3441, x3307, x3395);
uint32_t x3446, uint8_t x3447 = addcarryx_u32(x3444, x3310, x3398);
uint32_t x3449, uint8_t x3450 = addcarryx_u32(x3447, x3313, x3401);
uint32_t x3452, uint8_t x3453 = addcarryx_u32(x3450, x3316, x3404);
uint32_t x3455, uint8_t x3456 = addcarryx_u32(x3453, x3319, x3407);
uint32_t x3458, uint8_t x3459 = addcarryx_u32(x3456, x3322, x3410);
uint32_t x3461, uint8_t x3462 = addcarryx_u32(x3459, x3325, x3413);
uint32_t x3464, uint8_t x3465 = addcarryx_u32(x3462, x3328, x3416);
uint32_t x3467, uint8_t x3468 = addcarryx_u32(x3465, x3330, x3419);
uint32_t x3470, uint32_t x3471 = mulx_u32(x3422, 0xffffffff);
uint32_t x3473, uint32_t x3474 = mulx_u32(x3422, 0xffffffff);
uint32_t x3476, uint32_t x3477 = mulx_u32(x3422, 0xffffffff);
uint32_t x3479, uint32_t x3480 = mulx_u32(x3422, 0xffffffff);
uint32_t x3482, uint32_t x3483 = mulx_u32(x3422, 0xffffffff);
uint32_t x3485, uint32_t x3486 = mulx_u32(x3422, 0xffffffff);
uint32_t x3488, uint32_t x3489 = mulx_u32(x3422, 0xffffffff);
uint32_t x3491, uint32_t x3492 = mulx_u32(x3422, 0xfffffffd);
uint32_t x3494, uint32_t x3495 = mulx_u32(x3422, 0xffffffff);
uint32_t x3497, uint32_t x3498 = mulx_u32(x3422, 0xffffffff);
uint32_t x3500, uint32_t x3501 = mulx_u32(x3422, 0xffffffff);
uint32_t x3503, uint32_t x3504 = mulx_u32(x3422, 0xffffffff);
uint32_t x3506, uint32_t x3507 = mulx_u32(x3422, 0xffffffff);
uint32_t x3509, uint32_t x3510 = mulx_u32(x3422, 0xffffffff);
uint32_t x3512, uint8_t x3513 = mulx_u32_out_u8(x3422, 0x3);
uint32_t x3515, uint8_t x3516 = addcarryx_u32(0x0, x3471, x3473);
uint32_t x3518, uint8_t x3519 = addcarryx_u32(x3516, x3474, x3476);
uint32_t x3521, uint8_t x3522 = addcarryx_u32(x3519, x3477, x3479);
uint32_t x3524, uint8_t x3525 = addcarryx_u32(x3522, x3480, x3482);
uint32_t x3527, uint8_t x3528 = addcarryx_u32(x3525, x3483, x3485);
uint32_t x3530, uint8_t x3531 = addcarryx_u32(x3528, x3486, x3488);
uint32_t x3533, uint8_t x3534 = addcarryx_u32(x3531, x3489, x3491);
uint32_t x3536, uint8_t x3537 = addcarryx_u32(x3534, x3492, x3494);
uint32_t x3539, uint8_t x3540 = addcarryx_u32(x3537, x3495, x3497);
uint32_t x3542, uint8_t x3543 = addcarryx_u32(x3540, x3498, x3500);
uint32_t x3545, uint8_t x3546 = addcarryx_u32(x3543, x3501, x3503);
uint32_t x3548, uint8_t x3549 = addcarryx_u32(x3546, x3504, x3506);
uint32_t x3551, uint8_t x3552 = addcarryx_u32(x3549, x3507, x3509);
uint32_t x3554, uint8_t x3555 = addcarryx_u32(x3552, x3510, x3512);
uint8_t x3556 = (x3555 + x3513);
uint32_t _, uint8_t x3559 = addcarryx_u32(0x0, x3422, x3470);
uint32_t x3561, uint8_t x3562 = addcarryx_u32(x3559, x3425, x3515);
uint32_t x3564, uint8_t x3565 = addcarryx_u32(x3562, x3428, x3518);
uint32_t x3567, uint8_t x3568 = addcarryx_u32(x3565, x3431, x3521);
uint32_t x3570, uint8_t x3571 = addcarryx_u32(x3568, x3434, x3524);
uint32_t x3573, uint8_t x3574 = addcarryx_u32(x3571, x3437, x3527);
uint32_t x3576, uint8_t x3577 = addcarryx_u32(x3574, x3440, x3530);
uint32_t x3579, uint8_t x3580 = addcarryx_u32(x3577, x3443, x3533);
uint32_t x3582, uint8_t x3583 = addcarryx_u32(x3580, x3446, x3536);
uint32_t x3585, uint8_t x3586 = addcarryx_u32(x3583, x3449, x3539);
uint32_t x3588, uint8_t x3589 = addcarryx_u32(x3586, x3452, x3542);
uint32_t x3591, uint8_t x3592 = addcarryx_u32(x3589, x3455, x3545);
uint32_t x3594, uint8_t x3595 = addcarryx_u32(x3592, x3458, x3548);
uint32_t x3597, uint8_t x3598 = addcarryx_u32(x3595, x3461, x3551);
uint32_t x3600, uint8_t x3601 = addcarryx_u32(x3598, x3464, x3554);
uint32_t x3603, uint8_t x3604 = addcarryx_u32(x3601, x3467, x3556);
uint8_t x3605 = (x3604 + x3468);
uint32_t x3607, uint32_t x3608 = mulx_u32(x29, x31);
uint32_t x3610, uint32_t x3611 = mulx_u32(x29, x33);
uint32_t x3613, uint32_t x3614 = mulx_u32(x29, x35);
uint32_t x3616, uint32_t x3617 = mulx_u32(x29, x37);
uint32_t x3619, uint32_t x3620 = mulx_u32(x29, x39);
uint32_t x3622, uint32_t x3623 = mulx_u32(x29, x41);
uint32_t x3625, uint32_t x3626 = mulx_u32(x29, x43);
uint32_t x3628, uint32_t x3629 = mulx_u32(x29, x45);
uint32_t x3631, uint32_t x3632 = mulx_u32(x29, x47);
uint32_t x3634, uint32_t x3635 = mulx_u32(x29, x49);
uint32_t x3637, uint32_t x3638 = mulx_u32(x29, x51);
uint32_t x3640, uint32_t x3641 = mulx_u32(x29, x53);
uint32_t x3643, uint32_t x3644 = mulx_u32(x29, x55);
uint32_t x3646, uint32_t x3647 = mulx_u32(x29, x57);
uint32_t x3649, uint32_t x3650 = mulx_u32(x29, x56);
uint32_t x3652, uint8_t x3653 = addcarryx_u32(0x0, x3608, x3610);
uint32_t x3655, uint8_t x3656 = addcarryx_u32(x3653, x3611, x3613);
uint32_t x3658, uint8_t x3659 = addcarryx_u32(x3656, x3614, x3616);
uint32_t x3661, uint8_t x3662 = addcarryx_u32(x3659, x3617, x3619);
uint32_t x3664, uint8_t x3665 = addcarryx_u32(x3662, x3620, x3622);
uint32_t x3667, uint8_t x3668 = addcarryx_u32(x3665, x3623, x3625);
uint32_t x3670, uint8_t x3671 = addcarryx_u32(x3668, x3626, x3628);
uint32_t x3673, uint8_t x3674 = addcarryx_u32(x3671, x3629, x3631);
uint32_t x3676, uint8_t x3677 = addcarryx_u32(x3674, x3632, x3634);
uint32_t x3679, uint8_t x3680 = addcarryx_u32(x3677, x3635, x3637);
uint32_t x3682, uint8_t x3683 = addcarryx_u32(x3680, x3638, x3640);
uint32_t x3685, uint8_t x3686 = addcarryx_u32(x3683, x3641, x3643);
uint32_t x3688, uint8_t x3689 = addcarryx_u32(x3686, x3644, x3646);
uint32_t x3691, uint8_t x3692 = addcarryx_u32(x3689, x3647, x3649);
uint32_t x3694, uint8_t _ = addcarryx_u32(0x0, x3692, x3650);
uint32_t x3697, uint8_t x3698 = addcarryx_u32(0x0, x3561, x3607);
uint32_t x3700, uint8_t x3701 = addcarryx_u32(x3698, x3564, x3652);
uint32_t x3703, uint8_t x3704 = addcarryx_u32(x3701, x3567, x3655);
uint32_t x3706, uint8_t x3707 = addcarryx_u32(x3704, x3570, x3658);
uint32_t x3709, uint8_t x3710 = addcarryx_u32(x3707, x3573, x3661);
uint32_t x3712, uint8_t x3713 = addcarryx_u32(x3710, x3576, x3664);
uint32_t x3715, uint8_t x3716 = addcarryx_u32(x3713, x3579, x3667);
uint32_t x3718, uint8_t x3719 = addcarryx_u32(x3716, x3582, x3670);
uint32_t x3721, uint8_t x3722 = addcarryx_u32(x3719, x3585, x3673);
uint32_t x3724, uint8_t x3725 = addcarryx_u32(x3722, x3588, x3676);
uint32_t x3727, uint8_t x3728 = addcarryx_u32(x3725, x3591, x3679);
uint32_t x3730, uint8_t x3731 = addcarryx_u32(x3728, x3594, x3682);
uint32_t x3733, uint8_t x3734 = addcarryx_u32(x3731, x3597, x3685);
uint32_t x3736, uint8_t x3737 = addcarryx_u32(x3734, x3600, x3688);
uint32_t x3739, uint8_t x3740 = addcarryx_u32(x3737, x3603, x3691);
uint32_t x3742, uint8_t x3743 = addcarryx_u32(x3740, x3605, x3694);
uint32_t x3745, uint32_t x3746 = mulx_u32(x3697, 0xffffffff);
uint32_t x3748, uint32_t x3749 = mulx_u32(x3697, 0xffffffff);
uint32_t x3751, uint32_t x3752 = mulx_u32(x3697, 0xffffffff);
uint32_t x3754, uint32_t x3755 = mulx_u32(x3697, 0xffffffff);
uint32_t x3757, uint32_t x3758 = mulx_u32(x3697, 0xffffffff);
uint32_t x3760, uint32_t x3761 = mulx_u32(x3697, 0xffffffff);
uint32_t x3763, uint32_t x3764 = mulx_u32(x3697, 0xffffffff);
uint32_t x3766, uint32_t x3767 = mulx_u32(x3697, 0xfffffffd);
uint32_t x3769, uint32_t x3770 = mulx_u32(x3697, 0xffffffff);
uint32_t x3772, uint32_t x3773 = mulx_u32(x3697, 0xffffffff);
uint32_t x3775, uint32_t x3776 = mulx_u32(x3697, 0xffffffff);
uint32_t x3778, uint32_t x3779 = mulx_u32(x3697, 0xffffffff);
uint32_t x3781, uint32_t x3782 = mulx_u32(x3697, 0xffffffff);
uint32_t x3784, uint32_t x3785 = mulx_u32(x3697, 0xffffffff);
uint32_t x3787, uint8_t x3788 = mulx_u32_out_u8(x3697, 0x3);
uint32_t x3790, uint8_t x3791 = addcarryx_u32(0x0, x3746, x3748);
uint32_t x3793, uint8_t x3794 = addcarryx_u32(x3791, x3749, x3751);
uint32_t x3796, uint8_t x3797 = addcarryx_u32(x3794, x3752, x3754);
uint32_t x3799, uint8_t x3800 = addcarryx_u32(x3797, x3755, x3757);
uint32_t x3802, uint8_t x3803 = addcarryx_u32(x3800, x3758, x3760);
uint32_t x3805, uint8_t x3806 = addcarryx_u32(x3803, x3761, x3763);
uint32_t x3808, uint8_t x3809 = addcarryx_u32(x3806, x3764, x3766);
uint32_t x3811, uint8_t x3812 = addcarryx_u32(x3809, x3767, x3769);
uint32_t x3814, uint8_t x3815 = addcarryx_u32(x3812, x3770, x3772);
uint32_t x3817, uint8_t x3818 = addcarryx_u32(x3815, x3773, x3775);
uint32_t x3820, uint8_t x3821 = addcarryx_u32(x3818, x3776, x3778);
uint32_t x3823, uint8_t x3824 = addcarryx_u32(x3821, x3779, x3781);
uint32_t x3826, uint8_t x3827 = addcarryx_u32(x3824, x3782, x3784);
uint32_t x3829, uint8_t x3830 = addcarryx_u32(x3827, x3785, x3787);
uint8_t x3831 = (x3830 + x3788);
uint32_t _, uint8_t x3834 = addcarryx_u32(0x0, x3697, x3745);
uint32_t x3836, uint8_t x3837 = addcarryx_u32(x3834, x3700, x3790);
uint32_t x3839, uint8_t x3840 = addcarryx_u32(x3837, x3703, x3793);
uint32_t x3842, uint8_t x3843 = addcarryx_u32(x3840, x3706, x3796);
uint32_t x3845, uint8_t x3846 = addcarryx_u32(x3843, x3709, x3799);
uint32_t x3848, uint8_t x3849 = addcarryx_u32(x3846, x3712, x3802);
uint32_t x3851, uint8_t x3852 = addcarryx_u32(x3849, x3715, x3805);
uint32_t x3854, uint8_t x3855 = addcarryx_u32(x3852, x3718, x3808);
uint32_t x3857, uint8_t x3858 = addcarryx_u32(x3855, x3721, x3811);
uint32_t x3860, uint8_t x3861 = addcarryx_u32(x3858, x3724, x3814);
uint32_t x3863, uint8_t x3864 = addcarryx_u32(x3861, x3727, x3817);
uint32_t x3866, uint8_t x3867 = addcarryx_u32(x3864, x3730, x3820);
uint32_t x3869, uint8_t x3870 = addcarryx_u32(x3867, x3733, x3823);
uint32_t x3872, uint8_t x3873 = addcarryx_u32(x3870, x3736, x3826);
uint32_t x3875, uint8_t x3876 = addcarryx_u32(x3873, x3739, x3829);
uint32_t x3878, uint8_t x3879 = addcarryx_u32(x3876, x3742, x3831);
uint8_t x3880 = (x3879 + x3743);
uint32_t x3882, uint32_t x3883 = mulx_u32(x28, x31);
uint32_t x3885, uint32_t x3886 = mulx_u32(x28, x33);
uint32_t x3888, uint32_t x3889 = mulx_u32(x28, x35);
uint32_t x3891, uint32_t x3892 = mulx_u32(x28, x37);
uint32_t x3894, uint32_t x3895 = mulx_u32(x28, x39);
uint32_t x3897, uint32_t x3898 = mulx_u32(x28, x41);
uint32_t x3900, uint32_t x3901 = mulx_u32(x28, x43);
uint32_t x3903, uint32_t x3904 = mulx_u32(x28, x45);
uint32_t x3906, uint32_t x3907 = mulx_u32(x28, x47);
uint32_t x3909, uint32_t x3910 = mulx_u32(x28, x49);
uint32_t x3912, uint32_t x3913 = mulx_u32(x28, x51);
uint32_t x3915, uint32_t x3916 = mulx_u32(x28, x53);
uint32_t x3918, uint32_t x3919 = mulx_u32(x28, x55);
uint32_t x3921, uint32_t x3922 = mulx_u32(x28, x57);
uint32_t x3924, uint32_t x3925 = mulx_u32(x28, x56);
uint32_t x3927, uint8_t x3928 = addcarryx_u32(0x0, x3883, x3885);
uint32_t x3930, uint8_t x3931 = addcarryx_u32(x3928, x3886, x3888);
uint32_t x3933, uint8_t x3934 = addcarryx_u32(x3931, x3889, x3891);
uint32_t x3936, uint8_t x3937 = addcarryx_u32(x3934, x3892, x3894);
uint32_t x3939, uint8_t x3940 = addcarryx_u32(x3937, x3895, x3897);
uint32_t x3942, uint8_t x3943 = addcarryx_u32(x3940, x3898, x3900);
uint32_t x3945, uint8_t x3946 = addcarryx_u32(x3943, x3901, x3903);
uint32_t x3948, uint8_t x3949 = addcarryx_u32(x3946, x3904, x3906);
uint32_t x3951, uint8_t x3952 = addcarryx_u32(x3949, x3907, x3909);
uint32_t x3954, uint8_t x3955 = addcarryx_u32(x3952, x3910, x3912);
uint32_t x3957, uint8_t x3958 = addcarryx_u32(x3955, x3913, x3915);
uint32_t x3960, uint8_t x3961 = addcarryx_u32(x3958, x3916, x3918);
uint32_t x3963, uint8_t x3964 = addcarryx_u32(x3961, x3919, x3921);
uint32_t x3966, uint8_t x3967 = addcarryx_u32(x3964, x3922, x3924);
uint32_t x3969, uint8_t _ = addcarryx_u32(0x0, x3967, x3925);
uint32_t x3972, uint8_t x3973 = addcarryx_u32(0x0, x3836, x3882);
uint32_t x3975, uint8_t x3976 = addcarryx_u32(x3973, x3839, x3927);
uint32_t x3978, uint8_t x3979 = addcarryx_u32(x3976, x3842, x3930);
uint32_t x3981, uint8_t x3982 = addcarryx_u32(x3979, x3845, x3933);
uint32_t x3984, uint8_t x3985 = addcarryx_u32(x3982, x3848, x3936);
uint32_t x3987, uint8_t x3988 = addcarryx_u32(x3985, x3851, x3939);
uint32_t x3990, uint8_t x3991 = addcarryx_u32(x3988, x3854, x3942);
uint32_t x3993, uint8_t x3994 = addcarryx_u32(x3991, x3857, x3945);
uint32_t x3996, uint8_t x3997 = addcarryx_u32(x3994, x3860, x3948);
uint32_t x3999, uint8_t x4000 = addcarryx_u32(x3997, x3863, x3951);
uint32_t x4002, uint8_t x4003 = addcarryx_u32(x4000, x3866, x3954);
uint32_t x4005, uint8_t x4006 = addcarryx_u32(x4003, x3869, x3957);
uint32_t x4008, uint8_t x4009 = addcarryx_u32(x4006, x3872, x3960);
uint32_t x4011, uint8_t x4012 = addcarryx_u32(x4009, x3875, x3963);
uint32_t x4014, uint8_t x4015 = addcarryx_u32(x4012, x3878, x3966);
uint32_t x4017, uint8_t x4018 = addcarryx_u32(x4015, x3880, x3969);
uint32_t x4020, uint32_t x4021 = mulx_u32(x3972, 0xffffffff);
uint32_t x4023, uint32_t x4024 = mulx_u32(x3972, 0xffffffff);
uint32_t x4026, uint32_t x4027 = mulx_u32(x3972, 0xffffffff);
uint32_t x4029, uint32_t x4030 = mulx_u32(x3972, 0xffffffff);
uint32_t x4032, uint32_t x4033 = mulx_u32(x3972, 0xffffffff);
uint32_t x4035, uint32_t x4036 = mulx_u32(x3972, 0xffffffff);
uint32_t x4038, uint32_t x4039 = mulx_u32(x3972, 0xffffffff);
uint32_t x4041, uint32_t x4042 = mulx_u32(x3972, 0xfffffffd);
uint32_t x4044, uint32_t x4045 = mulx_u32(x3972, 0xffffffff);
uint32_t x4047, uint32_t x4048 = mulx_u32(x3972, 0xffffffff);
uint32_t x4050, uint32_t x4051 = mulx_u32(x3972, 0xffffffff);
uint32_t x4053, uint32_t x4054 = mulx_u32(x3972, 0xffffffff);
uint32_t x4056, uint32_t x4057 = mulx_u32(x3972, 0xffffffff);
uint32_t x4059, uint32_t x4060 = mulx_u32(x3972, 0xffffffff);
uint32_t x4062, uint8_t x4063 = mulx_u32_out_u8(x3972, 0x3);
uint32_t x4065, uint8_t x4066 = addcarryx_u32(0x0, x4021, x4023);
uint32_t x4068, uint8_t x4069 = addcarryx_u32(x4066, x4024, x4026);
uint32_t x4071, uint8_t x4072 = addcarryx_u32(x4069, x4027, x4029);
uint32_t x4074, uint8_t x4075 = addcarryx_u32(x4072, x4030, x4032);
uint32_t x4077, uint8_t x4078 = addcarryx_u32(x4075, x4033, x4035);
uint32_t x4080, uint8_t x4081 = addcarryx_u32(x4078, x4036, x4038);
uint32_t x4083, uint8_t x4084 = addcarryx_u32(x4081, x4039, x4041);
uint32_t x4086, uint8_t x4087 = addcarryx_u32(x4084, x4042, x4044);
uint32_t x4089, uint8_t x4090 = addcarryx_u32(x4087, x4045, x4047);
uint32_t x4092, uint8_t x4093 = addcarryx_u32(x4090, x4048, x4050);
uint32_t x4095, uint8_t x4096 = addcarryx_u32(x4093, x4051, x4053);
uint32_t x4098, uint8_t x4099 = addcarryx_u32(x4096, x4054, x4056);
uint32_t x4101, uint8_t x4102 = addcarryx_u32(x4099, x4057, x4059);
uint32_t x4104, uint8_t x4105 = addcarryx_u32(x4102, x4060, x4062);
uint8_t x4106 = (x4105 + x4063);
uint32_t _, uint8_t x4109 = addcarryx_u32(0x0, x3972, x4020);
uint32_t x4111, uint8_t x4112 = addcarryx_u32(x4109, x3975, x4065);
uint32_t x4114, uint8_t x4115 = addcarryx_u32(x4112, x3978, x4068);
uint32_t x4117, uint8_t x4118 = addcarryx_u32(x4115, x3981, x4071);
uint32_t x4120, uint8_t x4121 = addcarryx_u32(x4118, x3984, x4074);
uint32_t x4123, uint8_t x4124 = addcarryx_u32(x4121, x3987, x4077);
uint32_t x4126, uint8_t x4127 = addcarryx_u32(x4124, x3990, x4080);
uint32_t x4129, uint8_t x4130 = addcarryx_u32(x4127, x3993, x4083);
uint32_t x4132, uint8_t x4133 = addcarryx_u32(x4130, x3996, x4086);
uint32_t x4135, uint8_t x4136 = addcarryx_u32(x4133, x3999, x4089);
uint32_t x4138, uint8_t x4139 = addcarryx_u32(x4136, x4002, x4092);
uint32_t x4141, uint8_t x4142 = addcarryx_u32(x4139, x4005, x4095);
uint32_t x4144, uint8_t x4145 = addcarryx_u32(x4142, x4008, x4098);
uint32_t x4147, uint8_t x4148 = addcarryx_u32(x4145, x4011, x4101);
uint32_t x4150, uint8_t x4151 = addcarryx_u32(x4148, x4014, x4104);
uint32_t x4153, uint8_t x4154 = addcarryx_u32(x4151, x4017, x4106);
uint8_t x4155 = (x4154 + x4018);
uint32_t x4157, uint8_t x4158 = subborrow_u32(0x0, x4111, 0xffffffff);
uint32_t x4160, uint8_t x4161 = subborrow_u32(x4158, x4114, 0xffffffff);
uint32_t x4163, uint8_t x4164 = subborrow_u32(x4161, x4117, 0xffffffff);
uint32_t x4166, uint8_t x4167 = subborrow_u32(x4164, x4120, 0xffffffff);
uint32_t x4169, uint8_t x4170 = subborrow_u32(x4167, x4123, 0xffffffff);
uint32_t x4172, uint8_t x4173 = subborrow_u32(x4170, x4126, 0xffffffff);
uint32_t x4175, uint8_t x4176 = subborrow_u32(x4173, x4129, 0xffffffff);
uint32_t x4178, uint8_t x4179 = subborrow_u32(x4176, x4132, 0xfffffffd);
uint32_t x4181, uint8_t x4182 = subborrow_u32(x4179, x4135, 0xffffffff);
uint32_t x4184, uint8_t x4185 = subborrow_u32(x4182, x4138, 0xffffffff);
uint32_t x4187, uint8_t x4188 = subborrow_u32(x4185, x4141, 0xffffffff);
uint32_t x4190, uint8_t x4191 = subborrow_u32(x4188, x4144, 0xffffffff);
uint32_t x4193, uint8_t x4194 = subborrow_u32(x4191, x4147, 0xffffffff);
uint32_t x4196, uint8_t x4197 = subborrow_u32(x4194, x4150, 0xffffffff);
uint32_t x4199, uint8_t x4200 = subborrow_u32(x4197, x4153, 0x3);
uint32_t _, uint8_t x4203 = subborrow_u32(x4200, x4155, 0x0);
(cmovznz32(x4203, x4199, x4153), cmovznz32(x4203, x4196, x4150), cmovznz32(x4203, x4193, x4147), cmovznz32(x4203, x4190, x4144), cmovznz32(x4203, x4187, x4141), cmovznz32(x4203, x4184, x4138), cmovznz32(x4203, x4181, x4135), cmovznz32(x4203, x4178, x4132), cmovznz32(x4203, x4175, x4129), cmovznz32(x4203, x4172, x4126), cmovznz32(x4203, x4169, x4123), cmovznz32(x4203, x4166, x4120), cmovznz32(x4203, x4163, x4117), cmovznz32(x4203, x4160, x4114), cmovznz32(x4203, x4157, x4111))
     : ∀ var : Z.Syntax.base_type → Type, expr Z.Syntax.base_type Z.Syntax.op (uint32_t * uint32_t * uint32_t * uint32_t * uint32_t * uint32_t * uint32_t * uint32_t * uint32_t * uint32_t * uint32_t * uint32_t * uint32_t * uint32_t * uint32_t * (uint32_t * uint32_t * uint32_t * uint32_t * uint32_t * uint32_t * uint32_t * uint32_t * uint32_t * uint32_t * uint32_t * uint32_t * uint32_t * uint32_t * uint32_t) -> uint32_t * uint32_t * uint32_t * uint32_t * uint32_t * uint32_t * uint32_t * uint32_t * uint32_t * uint32_t * uint32_t * uint32_t * uint32_t * uint32_t * uint32_t)

Argument scope is [function_scope]
