freeze = λ var : Z.Syntax.base_type → Type,
λ '(x10, x11, x9, x7, x5, x3, x1)%core,
uint32_t x13, uint32_t x14 = Op (Z.Syntax.SubWithGetBorrow 25 (Syntax.TWord 5) (Syntax.TWord 5) (Syntax.TWord 5) (Syntax.TWord 5) (Syntax.TWord 5)) (0x0, Return x1, 0x1fffffd);
uint32_t x16, uint32_t x17 = Op (Z.Syntax.SubWithGetBorrow 25 (Syntax.TWord 5) (Syntax.TWord 5) (Syntax.TWord 5) (Syntax.TWord 5) (Syntax.TWord 5)) (Return x14, Return x3, 0x1ffffff);
uint32_t x19, uint32_t x20 = Op (Z.Syntax.SubWithGetBorrow 25 (Syntax.TWord 5) (Syntax.TWord 5) (Syntax.TWord 5) (Syntax.TWord 5) (Syntax.TWord 5)) (Return x17, Return x5, 0x1ffffff);
uint32_t x22, uint32_t x23 = Op (Z.Syntax.SubWithGetBorrow 25 (Syntax.TWord 5) (Syntax.TWord 5) (Syntax.TWord 5) (Syntax.TWord 5) (Syntax.TWord 5)) (Return x20, Return x7, 0x1ffffff);
uint32_t x25, uint32_t x26 = Op (Z.Syntax.SubWithGetBorrow 25 (Syntax.TWord 5) (Syntax.TWord 5) (Syntax.TWord 5) (Syntax.TWord 5) (Syntax.TWord 5)) (Return x23, Return x9, 0x1ffffff);
uint32_t x28, uint32_t x29 = Op (Z.Syntax.SubWithGetBorrow 25 (Syntax.TWord 5) (Syntax.TWord 5) (Syntax.TWord 5) (Syntax.TWord 5) (Syntax.TWord 5)) (Return x26, Return x11, 0x1ffffff);
uint32_t x31, uint32_t x32 = Op (Z.Syntax.SubWithGetBorrow 24 (Syntax.TWord 5) (Syntax.TWord 5) (Syntax.TWord 5) (Syntax.TWord 5) (Syntax.TWord 5)) (Return x29, Return x10, 0xffffff);
uint32_t x33 = cmovznz32(x32, 0x0, 0xffffffff);
uint32_t x34 = (x33 & 0x1fffffd);
uint32_t x36, uint32_t x37 = Op (Z.Syntax.AddWithGetCarry 25 (Syntax.TWord 5) (Syntax.TWord 5) (Syntax.TWord 5) (Syntax.TWord 5) (Syntax.TWord 5)) (0x0, Return x13, Return x34);
uint32_t x38 = (x33 & 0x1ffffff);
uint32_t x40, uint32_t x41 = Op (Z.Syntax.AddWithGetCarry 25 (Syntax.TWord 5) (Syntax.TWord 5) (Syntax.TWord 5) (Syntax.TWord 5) (Syntax.TWord 5)) (Return x37, Return x16, Return x38);
uint32_t x42 = (x33 & 0x1ffffff);
uint32_t x44, uint32_t x45 = Op (Z.Syntax.AddWithGetCarry 25 (Syntax.TWord 5) (Syntax.TWord 5) (Syntax.TWord 5) (Syntax.TWord 5) (Syntax.TWord 5)) (Return x41, Return x19, Return x42);
uint32_t x46 = (x33 & 0x1ffffff);
uint32_t x48, uint32_t x49 = Op (Z.Syntax.AddWithGetCarry 25 (Syntax.TWord 5) (Syntax.TWord 5) (Syntax.TWord 5) (Syntax.TWord 5) (Syntax.TWord 5)) (Return x45, Return x22, Return x46);
uint32_t x50 = (x33 & 0x1ffffff);
uint32_t x52, uint32_t x53 = Op (Z.Syntax.AddWithGetCarry 25 (Syntax.TWord 5) (Syntax.TWord 5) (Syntax.TWord 5) (Syntax.TWord 5) (Syntax.TWord 5)) (Return x49, Return x25, Return x50);
uint32_t x54 = (x33 & 0x1ffffff);
uint32_t x56, uint32_t x57 = Op (Z.Syntax.AddWithGetCarry 25 (Syntax.TWord 5) (Syntax.TWord 5) (Syntax.TWord 5) (Syntax.TWord 5) (Syntax.TWord 5)) (Return x53, Return x28, Return x54);
uint32_t x58 = (x33 & 0xffffff);
uint32_t x60, uint32_t _ = Op (Z.Syntax.AddWithGetCarry 24 (Syntax.TWord 5) (Syntax.TWord 5) (Syntax.TWord 5) (Syntax.TWord 5) (Syntax.TWord 5)) (Return x57, Return x31, Return x58);
(Return x60, Return x56, Return x52, Return x48, Return x44, Return x40, Return x36)
     : ∀ var : Z.Syntax.base_type → Type, expr Z.Syntax.base_type Z.Syntax.op (uint32_t * uint32_t * uint32_t * uint32_t * uint32_t * uint32_t * uint32_t -> uint32_t * uint32_t * uint32_t * uint32_t * uint32_t * uint32_t * uint32_t)

Argument scope is [function_scope]
