mul = λ var : Z.Syntax.base_type → Type,
λ '(x14, x15, x13, x11, x9, x7, x5, x3, (x28, x29, x27, x25, x23, x21, x19, x17))%core,
uint64_t x31, uint64_t x32 = mulx_u64(x3, x17);
uint64_t x34, uint64_t x35 = mulx_u64(x3, x19);
uint64_t x37, uint64_t x38 = mulx_u64(x3, x21);
uint64_t x40, uint64_t x41 = mulx_u64(x3, x23);
uint64_t x43, uint64_t x44 = mulx_u64(x3, x25);
uint64_t x46, uint64_t x47 = mulx_u64(x3, x27);
uint64_t x49, uint64_t x50 = mulx_u64(x3, x29);
uint64_t x52, uint64_t x53 = mulx_u64(x3, x28);
uint64_t x55, uint8_t x56 = addcarryx_u64(0x0, x32, x34);
uint64_t x58, uint8_t x59 = addcarryx_u64(x56, x35, x37);
uint64_t x61, uint8_t x62 = addcarryx_u64(x59, x38, x40);
uint64_t x64, uint8_t x65 = addcarryx_u64(x62, x41, x43);
uint64_t x67, uint8_t x68 = addcarryx_u64(x65, x44, x46);
uint64_t x70, uint8_t x71 = addcarryx_u64(x68, x47, x49);
uint64_t x73, uint8_t x74 = addcarryx_u64(x71, x50, x52);
uint64_t x76, uint8_t _ = addcarryx_u64(0x0, x74, x53);
uint64_t x79, uint64_t x80 = mulx_u64(x31, 0xffffffffffffffffL);
uint64_t x82, uint64_t x83 = mulx_u64(x31, 0xffffffffffffffffL);
uint64_t x85, uint64_t x86 = mulx_u64(x31, 0xffffffffffffffffL);
uint64_t x88, uint64_t x89 = mulx_u64(x31, 0xffffffffffffffffL);
uint64_t x91, uint64_t x92 = mulx_u64(x31, 0xffffffffffffffffL);
uint64_t x94, uint64_t x95 = mulx_u64(x31, 0xffffffffffffffffL);
uint64_t x97, uint64_t x98 = mulx_u64(x31, 0xffffffffffffffffL);
uint64_t x100, uint64_t x101 = mulx_u64(x31, 0x3eddffffffffffff);
uint64_t x103, uint8_t x104 = addcarryx_u64(0x0, x80, x82);
uint64_t x106, uint8_t x107 = addcarryx_u64(x104, x83, x85);
uint64_t x109, uint8_t x110 = addcarryx_u64(x107, x86, x88);
uint64_t x112, uint8_t x113 = addcarryx_u64(x110, x89, x91);
uint64_t x115, uint8_t x116 = addcarryx_u64(x113, x92, x94);
uint64_t x118, uint8_t x119 = addcarryx_u64(x116, x95, x97);
uint64_t x121, uint8_t x122 = addcarryx_u64(x119, x98, x100);
uint64_t x124, uint8_t _ = addcarryx_u64(0x0, x122, x101);
uint64_t _, uint8_t x128 = addcarryx_u64(0x0, x31, x79);
uint64_t x130, uint8_t x131 = addcarryx_u64(x128, x55, x103);
uint64_t x133, uint8_t x134 = addcarryx_u64(x131, x58, x106);
uint64_t x136, uint8_t x137 = addcarryx_u64(x134, x61, x109);
uint64_t x139, uint8_t x140 = addcarryx_u64(x137, x64, x112);
uint64_t x142, uint8_t x143 = addcarryx_u64(x140, x67, x115);
uint64_t x145, uint8_t x146 = addcarryx_u64(x143, x70, x118);
uint64_t x148, uint8_t x149 = addcarryx_u64(x146, x73, x121);
uint64_t x151, uint8_t x152 = addcarryx_u64(x149, x76, x124);
uint8_t x153 = (x152 + 0x0);
uint64_t x155, uint64_t x156 = mulx_u64(x5, x17);
uint64_t x158, uint64_t x159 = mulx_u64(x5, x19);
uint64_t x161, uint64_t x162 = mulx_u64(x5, x21);
uint64_t x164, uint64_t x165 = mulx_u64(x5, x23);
uint64_t x167, uint64_t x168 = mulx_u64(x5, x25);
uint64_t x170, uint64_t x171 = mulx_u64(x5, x27);
uint64_t x173, uint64_t x174 = mulx_u64(x5, x29);
uint64_t x176, uint64_t x177 = mulx_u64(x5, x28);
uint64_t x179, uint8_t x180 = addcarryx_u64(0x0, x156, x158);
uint64_t x182, uint8_t x183 = addcarryx_u64(x180, x159, x161);
uint64_t x185, uint8_t x186 = addcarryx_u64(x183, x162, x164);
uint64_t x188, uint8_t x189 = addcarryx_u64(x186, x165, x167);
uint64_t x191, uint8_t x192 = addcarryx_u64(x189, x168, x170);
uint64_t x194, uint8_t x195 = addcarryx_u64(x192, x171, x173);
uint64_t x197, uint8_t x198 = addcarryx_u64(x195, x174, x176);
uint64_t x200, uint8_t _ = addcarryx_u64(0x0, x198, x177);
uint64_t x203, uint8_t x204 = addcarryx_u64(0x0, x130, x155);
uint64_t x206, uint8_t x207 = addcarryx_u64(x204, x133, x179);
uint64_t x209, uint8_t x210 = addcarryx_u64(x207, x136, x182);
uint64_t x212, uint8_t x213 = addcarryx_u64(x210, x139, x185);
uint64_t x215, uint8_t x216 = addcarryx_u64(x213, x142, x188);
uint64_t x218, uint8_t x219 = addcarryx_u64(x216, x145, x191);
uint64_t x221, uint8_t x222 = addcarryx_u64(x219, x148, x194);
uint64_t x224, uint8_t x225 = addcarryx_u64(x222, x151, x197);
uint64_t x227, uint8_t x228 = addcarryx_u64(x225, x153, x200);
uint64_t x230, uint64_t x231 = mulx_u64(x203, 0xffffffffffffffffL);
uint64_t x233, uint64_t x234 = mulx_u64(x203, 0xffffffffffffffffL);
uint64_t x236, uint64_t x237 = mulx_u64(x203, 0xffffffffffffffffL);
uint64_t x239, uint64_t x240 = mulx_u64(x203, 0xffffffffffffffffL);
uint64_t x242, uint64_t x243 = mulx_u64(x203, 0xffffffffffffffffL);
uint64_t x245, uint64_t x246 = mulx_u64(x203, 0xffffffffffffffffL);
uint64_t x248, uint64_t x249 = mulx_u64(x203, 0xffffffffffffffffL);
uint64_t x251, uint64_t x252 = mulx_u64(x203, 0x3eddffffffffffff);
uint64_t x254, uint8_t x255 = addcarryx_u64(0x0, x231, x233);
uint64_t x257, uint8_t x258 = addcarryx_u64(x255, x234, x236);
uint64_t x260, uint8_t x261 = addcarryx_u64(x258, x237, x239);
uint64_t x263, uint8_t x264 = addcarryx_u64(x261, x240, x242);
uint64_t x266, uint8_t x267 = addcarryx_u64(x264, x243, x245);
uint64_t x269, uint8_t x270 = addcarryx_u64(x267, x246, x248);
uint64_t x272, uint8_t x273 = addcarryx_u64(x270, x249, x251);
uint64_t x275, uint8_t _ = addcarryx_u64(0x0, x273, x252);
uint64_t _, uint8_t x279 = addcarryx_u64(0x0, x203, x230);
uint64_t x281, uint8_t x282 = addcarryx_u64(x279, x206, x254);
uint64_t x284, uint8_t x285 = addcarryx_u64(x282, x209, x257);
uint64_t x287, uint8_t x288 = addcarryx_u64(x285, x212, x260);
uint64_t x290, uint8_t x291 = addcarryx_u64(x288, x215, x263);
uint64_t x293, uint8_t x294 = addcarryx_u64(x291, x218, x266);
uint64_t x296, uint8_t x297 = addcarryx_u64(x294, x221, x269);
uint64_t x299, uint8_t x300 = addcarryx_u64(x297, x224, x272);
uint64_t x302, uint8_t x303 = addcarryx_u64(x300, x227, x275);
uint8_t x304 = (x303 + x228);
uint64_t x306, uint64_t x307 = mulx_u64(x7, x17);
uint64_t x309, uint64_t x310 = mulx_u64(x7, x19);
uint64_t x312, uint64_t x313 = mulx_u64(x7, x21);
uint64_t x315, uint64_t x316 = mulx_u64(x7, x23);
uint64_t x318, uint64_t x319 = mulx_u64(x7, x25);
uint64_t x321, uint64_t x322 = mulx_u64(x7, x27);
uint64_t x324, uint64_t x325 = mulx_u64(x7, x29);
uint64_t x327, uint64_t x328 = mulx_u64(x7, x28);
uint64_t x330, uint8_t x331 = addcarryx_u64(0x0, x307, x309);
uint64_t x333, uint8_t x334 = addcarryx_u64(x331, x310, x312);
uint64_t x336, uint8_t x337 = addcarryx_u64(x334, x313, x315);
uint64_t x339, uint8_t x340 = addcarryx_u64(x337, x316, x318);
uint64_t x342, uint8_t x343 = addcarryx_u64(x340, x319, x321);
uint64_t x345, uint8_t x346 = addcarryx_u64(x343, x322, x324);
uint64_t x348, uint8_t x349 = addcarryx_u64(x346, x325, x327);
uint64_t x351, uint8_t _ = addcarryx_u64(0x0, x349, x328);
uint64_t x354, uint8_t x355 = addcarryx_u64(0x0, x281, x306);
uint64_t x357, uint8_t x358 = addcarryx_u64(x355, x284, x330);
uint64_t x360, uint8_t x361 = addcarryx_u64(x358, x287, x333);
uint64_t x363, uint8_t x364 = addcarryx_u64(x361, x290, x336);
uint64_t x366, uint8_t x367 = addcarryx_u64(x364, x293, x339);
uint64_t x369, uint8_t x370 = addcarryx_u64(x367, x296, x342);
uint64_t x372, uint8_t x373 = addcarryx_u64(x370, x299, x345);
uint64_t x375, uint8_t x376 = addcarryx_u64(x373, x302, x348);
uint64_t x378, uint8_t x379 = addcarryx_u64(x376, x304, x351);
uint64_t x381, uint64_t x382 = mulx_u64(x354, 0xffffffffffffffffL);
uint64_t x384, uint64_t x385 = mulx_u64(x354, 0xffffffffffffffffL);
uint64_t x387, uint64_t x388 = mulx_u64(x354, 0xffffffffffffffffL);
uint64_t x390, uint64_t x391 = mulx_u64(x354, 0xffffffffffffffffL);
uint64_t x393, uint64_t x394 = mulx_u64(x354, 0xffffffffffffffffL);
uint64_t x396, uint64_t x397 = mulx_u64(x354, 0xffffffffffffffffL);
uint64_t x399, uint64_t x400 = mulx_u64(x354, 0xffffffffffffffffL);
uint64_t x402, uint64_t x403 = mulx_u64(x354, 0x3eddffffffffffff);
uint64_t x405, uint8_t x406 = addcarryx_u64(0x0, x382, x384);
uint64_t x408, uint8_t x409 = addcarryx_u64(x406, x385, x387);
uint64_t x411, uint8_t x412 = addcarryx_u64(x409, x388, x390);
uint64_t x414, uint8_t x415 = addcarryx_u64(x412, x391, x393);
uint64_t x417, uint8_t x418 = addcarryx_u64(x415, x394, x396);
uint64_t x420, uint8_t x421 = addcarryx_u64(x418, x397, x399);
uint64_t x423, uint8_t x424 = addcarryx_u64(x421, x400, x402);
uint64_t x426, uint8_t _ = addcarryx_u64(0x0, x424, x403);
uint64_t _, uint8_t x430 = addcarryx_u64(0x0, x354, x381);
uint64_t x432, uint8_t x433 = addcarryx_u64(x430, x357, x405);
uint64_t x435, uint8_t x436 = addcarryx_u64(x433, x360, x408);
uint64_t x438, uint8_t x439 = addcarryx_u64(x436, x363, x411);
uint64_t x441, uint8_t x442 = addcarryx_u64(x439, x366, x414);
uint64_t x444, uint8_t x445 = addcarryx_u64(x442, x369, x417);
uint64_t x447, uint8_t x448 = addcarryx_u64(x445, x372, x420);
uint64_t x450, uint8_t x451 = addcarryx_u64(x448, x375, x423);
uint64_t x453, uint8_t x454 = addcarryx_u64(x451, x378, x426);
uint8_t x455 = (x454 + x379);
uint64_t x457, uint64_t x458 = mulx_u64(x9, x17);
uint64_t x460, uint64_t x461 = mulx_u64(x9, x19);
uint64_t x463, uint64_t x464 = mulx_u64(x9, x21);
uint64_t x466, uint64_t x467 = mulx_u64(x9, x23);
uint64_t x469, uint64_t x470 = mulx_u64(x9, x25);
uint64_t x472, uint64_t x473 = mulx_u64(x9, x27);
uint64_t x475, uint64_t x476 = mulx_u64(x9, x29);
uint64_t x478, uint64_t x479 = mulx_u64(x9, x28);
uint64_t x481, uint8_t x482 = addcarryx_u64(0x0, x458, x460);
uint64_t x484, uint8_t x485 = addcarryx_u64(x482, x461, x463);
uint64_t x487, uint8_t x488 = addcarryx_u64(x485, x464, x466);
uint64_t x490, uint8_t x491 = addcarryx_u64(x488, x467, x469);
uint64_t x493, uint8_t x494 = addcarryx_u64(x491, x470, x472);
uint64_t x496, uint8_t x497 = addcarryx_u64(x494, x473, x475);
uint64_t x499, uint8_t x500 = addcarryx_u64(x497, x476, x478);
uint64_t x502, uint8_t _ = addcarryx_u64(0x0, x500, x479);
uint64_t x505, uint8_t x506 = addcarryx_u64(0x0, x432, x457);
uint64_t x508, uint8_t x509 = addcarryx_u64(x506, x435, x481);
uint64_t x511, uint8_t x512 = addcarryx_u64(x509, x438, x484);
uint64_t x514, uint8_t x515 = addcarryx_u64(x512, x441, x487);
uint64_t x517, uint8_t x518 = addcarryx_u64(x515, x444, x490);
uint64_t x520, uint8_t x521 = addcarryx_u64(x518, x447, x493);
uint64_t x523, uint8_t x524 = addcarryx_u64(x521, x450, x496);
uint64_t x526, uint8_t x527 = addcarryx_u64(x524, x453, x499);
uint64_t x529, uint8_t x530 = addcarryx_u64(x527, x455, x502);
uint64_t x532, uint64_t x533 = mulx_u64(x505, 0xffffffffffffffffL);
uint64_t x535, uint64_t x536 = mulx_u64(x505, 0xffffffffffffffffL);
uint64_t x538, uint64_t x539 = mulx_u64(x505, 0xffffffffffffffffL);
uint64_t x541, uint64_t x542 = mulx_u64(x505, 0xffffffffffffffffL);
uint64_t x544, uint64_t x545 = mulx_u64(x505, 0xffffffffffffffffL);
uint64_t x547, uint64_t x548 = mulx_u64(x505, 0xffffffffffffffffL);
uint64_t x550, uint64_t x551 = mulx_u64(x505, 0xffffffffffffffffL);
uint64_t x553, uint64_t x554 = mulx_u64(x505, 0x3eddffffffffffff);
uint64_t x556, uint8_t x557 = addcarryx_u64(0x0, x533, x535);
uint64_t x559, uint8_t x560 = addcarryx_u64(x557, x536, x538);
uint64_t x562, uint8_t x563 = addcarryx_u64(x560, x539, x541);
uint64_t x565, uint8_t x566 = addcarryx_u64(x563, x542, x544);
uint64_t x568, uint8_t x569 = addcarryx_u64(x566, x545, x547);
uint64_t x571, uint8_t x572 = addcarryx_u64(x569, x548, x550);
uint64_t x574, uint8_t x575 = addcarryx_u64(x572, x551, x553);
uint64_t x577, uint8_t _ = addcarryx_u64(0x0, x575, x554);
uint64_t _, uint8_t x581 = addcarryx_u64(0x0, x505, x532);
uint64_t x583, uint8_t x584 = addcarryx_u64(x581, x508, x556);
uint64_t x586, uint8_t x587 = addcarryx_u64(x584, x511, x559);
uint64_t x589, uint8_t x590 = addcarryx_u64(x587, x514, x562);
uint64_t x592, uint8_t x593 = addcarryx_u64(x590, x517, x565);
uint64_t x595, uint8_t x596 = addcarryx_u64(x593, x520, x568);
uint64_t x598, uint8_t x599 = addcarryx_u64(x596, x523, x571);
uint64_t x601, uint8_t x602 = addcarryx_u64(x599, x526, x574);
uint64_t x604, uint8_t x605 = addcarryx_u64(x602, x529, x577);
uint8_t x606 = (x605 + x530);
uint64_t x608, uint64_t x609 = mulx_u64(x11, x17);
uint64_t x611, uint64_t x612 = mulx_u64(x11, x19);
uint64_t x614, uint64_t x615 = mulx_u64(x11, x21);
uint64_t x617, uint64_t x618 = mulx_u64(x11, x23);
uint64_t x620, uint64_t x621 = mulx_u64(x11, x25);
uint64_t x623, uint64_t x624 = mulx_u64(x11, x27);
uint64_t x626, uint64_t x627 = mulx_u64(x11, x29);
uint64_t x629, uint64_t x630 = mulx_u64(x11, x28);
uint64_t x632, uint8_t x633 = addcarryx_u64(0x0, x609, x611);
uint64_t x635, uint8_t x636 = addcarryx_u64(x633, x612, x614);
uint64_t x638, uint8_t x639 = addcarryx_u64(x636, x615, x617);
uint64_t x641, uint8_t x642 = addcarryx_u64(x639, x618, x620);
uint64_t x644, uint8_t x645 = addcarryx_u64(x642, x621, x623);
uint64_t x647, uint8_t x648 = addcarryx_u64(x645, x624, x626);
uint64_t x650, uint8_t x651 = addcarryx_u64(x648, x627, x629);
uint64_t x653, uint8_t _ = addcarryx_u64(0x0, x651, x630);
uint64_t x656, uint8_t x657 = addcarryx_u64(0x0, x583, x608);
uint64_t x659, uint8_t x660 = addcarryx_u64(x657, x586, x632);
uint64_t x662, uint8_t x663 = addcarryx_u64(x660, x589, x635);
uint64_t x665, uint8_t x666 = addcarryx_u64(x663, x592, x638);
uint64_t x668, uint8_t x669 = addcarryx_u64(x666, x595, x641);
uint64_t x671, uint8_t x672 = addcarryx_u64(x669, x598, x644);
uint64_t x674, uint8_t x675 = addcarryx_u64(x672, x601, x647);
uint64_t x677, uint8_t x678 = addcarryx_u64(x675, x604, x650);
uint64_t x680, uint8_t x681 = addcarryx_u64(x678, x606, x653);
uint64_t x683, uint64_t x684 = mulx_u64(x656, 0xffffffffffffffffL);
uint64_t x686, uint64_t x687 = mulx_u64(x656, 0xffffffffffffffffL);
uint64_t x689, uint64_t x690 = mulx_u64(x656, 0xffffffffffffffffL);
uint64_t x692, uint64_t x693 = mulx_u64(x656, 0xffffffffffffffffL);
uint64_t x695, uint64_t x696 = mulx_u64(x656, 0xffffffffffffffffL);
uint64_t x698, uint64_t x699 = mulx_u64(x656, 0xffffffffffffffffL);
uint64_t x701, uint64_t x702 = mulx_u64(x656, 0xffffffffffffffffL);
uint64_t x704, uint64_t x705 = mulx_u64(x656, 0x3eddffffffffffff);
uint64_t x707, uint8_t x708 = addcarryx_u64(0x0, x684, x686);
uint64_t x710, uint8_t x711 = addcarryx_u64(x708, x687, x689);
uint64_t x713, uint8_t x714 = addcarryx_u64(x711, x690, x692);
uint64_t x716, uint8_t x717 = addcarryx_u64(x714, x693, x695);
uint64_t x719, uint8_t x720 = addcarryx_u64(x717, x696, x698);
uint64_t x722, uint8_t x723 = addcarryx_u64(x720, x699, x701);
uint64_t x725, uint8_t x726 = addcarryx_u64(x723, x702, x704);
uint64_t x728, uint8_t _ = addcarryx_u64(0x0, x726, x705);
uint64_t _, uint8_t x732 = addcarryx_u64(0x0, x656, x683);
uint64_t x734, uint8_t x735 = addcarryx_u64(x732, x659, x707);
uint64_t x737, uint8_t x738 = addcarryx_u64(x735, x662, x710);
uint64_t x740, uint8_t x741 = addcarryx_u64(x738, x665, x713);
uint64_t x743, uint8_t x744 = addcarryx_u64(x741, x668, x716);
uint64_t x746, uint8_t x747 = addcarryx_u64(x744, x671, x719);
uint64_t x749, uint8_t x750 = addcarryx_u64(x747, x674, x722);
uint64_t x752, uint8_t x753 = addcarryx_u64(x750, x677, x725);
uint64_t x755, uint8_t x756 = addcarryx_u64(x753, x680, x728);
uint8_t x757 = (x756 + x681);
uint64_t x759, uint64_t x760 = mulx_u64(x13, x17);
uint64_t x762, uint64_t x763 = mulx_u64(x13, x19);
uint64_t x765, uint64_t x766 = mulx_u64(x13, x21);
uint64_t x768, uint64_t x769 = mulx_u64(x13, x23);
uint64_t x771, uint64_t x772 = mulx_u64(x13, x25);
uint64_t x774, uint64_t x775 = mulx_u64(x13, x27);
uint64_t x777, uint64_t x778 = mulx_u64(x13, x29);
uint64_t x780, uint64_t x781 = mulx_u64(x13, x28);
uint64_t x783, uint8_t x784 = addcarryx_u64(0x0, x760, x762);
uint64_t x786, uint8_t x787 = addcarryx_u64(x784, x763, x765);
uint64_t x789, uint8_t x790 = addcarryx_u64(x787, x766, x768);
uint64_t x792, uint8_t x793 = addcarryx_u64(x790, x769, x771);
uint64_t x795, uint8_t x796 = addcarryx_u64(x793, x772, x774);
uint64_t x798, uint8_t x799 = addcarryx_u64(x796, x775, x777);
uint64_t x801, uint8_t x802 = addcarryx_u64(x799, x778, x780);
uint64_t x804, uint8_t _ = addcarryx_u64(0x0, x802, x781);
uint64_t x807, uint8_t x808 = addcarryx_u64(0x0, x734, x759);
uint64_t x810, uint8_t x811 = addcarryx_u64(x808, x737, x783);
uint64_t x813, uint8_t x814 = addcarryx_u64(x811, x740, x786);
uint64_t x816, uint8_t x817 = addcarryx_u64(x814, x743, x789);
uint64_t x819, uint8_t x820 = addcarryx_u64(x817, x746, x792);
uint64_t x822, uint8_t x823 = addcarryx_u64(x820, x749, x795);
uint64_t x825, uint8_t x826 = addcarryx_u64(x823, x752, x798);
uint64_t x828, uint8_t x829 = addcarryx_u64(x826, x755, x801);
uint64_t x831, uint8_t x832 = addcarryx_u64(x829, x757, x804);
uint64_t x834, uint64_t x835 = mulx_u64(x807, 0xffffffffffffffffL);
uint64_t x837, uint64_t x838 = mulx_u64(x807, 0xffffffffffffffffL);
uint64_t x840, uint64_t x841 = mulx_u64(x807, 0xffffffffffffffffL);
uint64_t x843, uint64_t x844 = mulx_u64(x807, 0xffffffffffffffffL);
uint64_t x846, uint64_t x847 = mulx_u64(x807, 0xffffffffffffffffL);
uint64_t x849, uint64_t x850 = mulx_u64(x807, 0xffffffffffffffffL);
uint64_t x852, uint64_t x853 = mulx_u64(x807, 0xffffffffffffffffL);
uint64_t x855, uint64_t x856 = mulx_u64(x807, 0x3eddffffffffffff);
uint64_t x858, uint8_t x859 = addcarryx_u64(0x0, x835, x837);
uint64_t x861, uint8_t x862 = addcarryx_u64(x859, x838, x840);
uint64_t x864, uint8_t x865 = addcarryx_u64(x862, x841, x843);
uint64_t x867, uint8_t x868 = addcarryx_u64(x865, x844, x846);
uint64_t x870, uint8_t x871 = addcarryx_u64(x868, x847, x849);
uint64_t x873, uint8_t x874 = addcarryx_u64(x871, x850, x852);
uint64_t x876, uint8_t x877 = addcarryx_u64(x874, x853, x855);
uint64_t x879, uint8_t _ = addcarryx_u64(0x0, x877, x856);
uint64_t _, uint8_t x883 = addcarryx_u64(0x0, x807, x834);
uint64_t x885, uint8_t x886 = addcarryx_u64(x883, x810, x858);
uint64_t x888, uint8_t x889 = addcarryx_u64(x886, x813, x861);
uint64_t x891, uint8_t x892 = addcarryx_u64(x889, x816, x864);
uint64_t x894, uint8_t x895 = addcarryx_u64(x892, x819, x867);
uint64_t x897, uint8_t x898 = addcarryx_u64(x895, x822, x870);
uint64_t x900, uint8_t x901 = addcarryx_u64(x898, x825, x873);
uint64_t x903, uint8_t x904 = addcarryx_u64(x901, x828, x876);
uint64_t x906, uint8_t x907 = addcarryx_u64(x904, x831, x879);
uint8_t x908 = (x907 + x832);
uint64_t x910, uint64_t x911 = mulx_u64(x15, x17);
uint64_t x913, uint64_t x914 = mulx_u64(x15, x19);
uint64_t x916, uint64_t x917 = mulx_u64(x15, x21);
uint64_t x919, uint64_t x920 = mulx_u64(x15, x23);
uint64_t x922, uint64_t x923 = mulx_u64(x15, x25);
uint64_t x925, uint64_t x926 = mulx_u64(x15, x27);
uint64_t x928, uint64_t x929 = mulx_u64(x15, x29);
uint64_t x931, uint64_t x932 = mulx_u64(x15, x28);
uint64_t x934, uint8_t x935 = addcarryx_u64(0x0, x911, x913);
uint64_t x937, uint8_t x938 = addcarryx_u64(x935, x914, x916);
uint64_t x940, uint8_t x941 = addcarryx_u64(x938, x917, x919);
uint64_t x943, uint8_t x944 = addcarryx_u64(x941, x920, x922);
uint64_t x946, uint8_t x947 = addcarryx_u64(x944, x923, x925);
uint64_t x949, uint8_t x950 = addcarryx_u64(x947, x926, x928);
uint64_t x952, uint8_t x953 = addcarryx_u64(x950, x929, x931);
uint64_t x955, uint8_t _ = addcarryx_u64(0x0, x953, x932);
uint64_t x958, uint8_t x959 = addcarryx_u64(0x0, x885, x910);
uint64_t x961, uint8_t x962 = addcarryx_u64(x959, x888, x934);
uint64_t x964, uint8_t x965 = addcarryx_u64(x962, x891, x937);
uint64_t x967, uint8_t x968 = addcarryx_u64(x965, x894, x940);
uint64_t x970, uint8_t x971 = addcarryx_u64(x968, x897, x943);
uint64_t x973, uint8_t x974 = addcarryx_u64(x971, x900, x946);
uint64_t x976, uint8_t x977 = addcarryx_u64(x974, x903, x949);
uint64_t x979, uint8_t x980 = addcarryx_u64(x977, x906, x952);
uint64_t x982, uint8_t x983 = addcarryx_u64(x980, x908, x955);
uint64_t x985, uint64_t x986 = mulx_u64(x958, 0xffffffffffffffffL);
uint64_t x988, uint64_t x989 = mulx_u64(x958, 0xffffffffffffffffL);
uint64_t x991, uint64_t x992 = mulx_u64(x958, 0xffffffffffffffffL);
uint64_t x994, uint64_t x995 = mulx_u64(x958, 0xffffffffffffffffL);
uint64_t x997, uint64_t x998 = mulx_u64(x958, 0xffffffffffffffffL);
uint64_t x1000, uint64_t x1001 = mulx_u64(x958, 0xffffffffffffffffL);
uint64_t x1003, uint64_t x1004 = mulx_u64(x958, 0xffffffffffffffffL);
uint64_t x1006, uint64_t x1007 = mulx_u64(x958, 0x3eddffffffffffff);
uint64_t x1009, uint8_t x1010 = addcarryx_u64(0x0, x986, x988);
uint64_t x1012, uint8_t x1013 = addcarryx_u64(x1010, x989, x991);
uint64_t x1015, uint8_t x1016 = addcarryx_u64(x1013, x992, x994);
uint64_t x1018, uint8_t x1019 = addcarryx_u64(x1016, x995, x997);
uint64_t x1021, uint8_t x1022 = addcarryx_u64(x1019, x998, x1000);
uint64_t x1024, uint8_t x1025 = addcarryx_u64(x1022, x1001, x1003);
uint64_t x1027, uint8_t x1028 = addcarryx_u64(x1025, x1004, x1006);
uint64_t x1030, uint8_t _ = addcarryx_u64(0x0, x1028, x1007);
uint64_t _, uint8_t x1034 = addcarryx_u64(0x0, x958, x985);
uint64_t x1036, uint8_t x1037 = addcarryx_u64(x1034, x961, x1009);
uint64_t x1039, uint8_t x1040 = addcarryx_u64(x1037, x964, x1012);
uint64_t x1042, uint8_t x1043 = addcarryx_u64(x1040, x967, x1015);
uint64_t x1045, uint8_t x1046 = addcarryx_u64(x1043, x970, x1018);
uint64_t x1048, uint8_t x1049 = addcarryx_u64(x1046, x973, x1021);
uint64_t x1051, uint8_t x1052 = addcarryx_u64(x1049, x976, x1024);
uint64_t x1054, uint8_t x1055 = addcarryx_u64(x1052, x979, x1027);
uint64_t x1057, uint8_t x1058 = addcarryx_u64(x1055, x982, x1030);
uint8_t x1059 = (x1058 + x983);
uint64_t x1061, uint64_t x1062 = mulx_u64(x14, x17);
uint64_t x1064, uint64_t x1065 = mulx_u64(x14, x19);
uint64_t x1067, uint64_t x1068 = mulx_u64(x14, x21);
uint64_t x1070, uint64_t x1071 = mulx_u64(x14, x23);
uint64_t x1073, uint64_t x1074 = mulx_u64(x14, x25);
uint64_t x1076, uint64_t x1077 = mulx_u64(x14, x27);
uint64_t x1079, uint64_t x1080 = mulx_u64(x14, x29);
uint64_t x1082, uint64_t x1083 = mulx_u64(x14, x28);
uint64_t x1085, uint8_t x1086 = addcarryx_u64(0x0, x1062, x1064);
uint64_t x1088, uint8_t x1089 = addcarryx_u64(x1086, x1065, x1067);
uint64_t x1091, uint8_t x1092 = addcarryx_u64(x1089, x1068, x1070);
uint64_t x1094, uint8_t x1095 = addcarryx_u64(x1092, x1071, x1073);
uint64_t x1097, uint8_t x1098 = addcarryx_u64(x1095, x1074, x1076);
uint64_t x1100, uint8_t x1101 = addcarryx_u64(x1098, x1077, x1079);
uint64_t x1103, uint8_t x1104 = addcarryx_u64(x1101, x1080, x1082);
uint64_t x1106, uint8_t _ = addcarryx_u64(0x0, x1104, x1083);
uint64_t x1109, uint8_t x1110 = addcarryx_u64(0x0, x1036, x1061);
uint64_t x1112, uint8_t x1113 = addcarryx_u64(x1110, x1039, x1085);
uint64_t x1115, uint8_t x1116 = addcarryx_u64(x1113, x1042, x1088);
uint64_t x1118, uint8_t x1119 = addcarryx_u64(x1116, x1045, x1091);
uint64_t x1121, uint8_t x1122 = addcarryx_u64(x1119, x1048, x1094);
uint64_t x1124, uint8_t x1125 = addcarryx_u64(x1122, x1051, x1097);
uint64_t x1127, uint8_t x1128 = addcarryx_u64(x1125, x1054, x1100);
uint64_t x1130, uint8_t x1131 = addcarryx_u64(x1128, x1057, x1103);
uint64_t x1133, uint8_t x1134 = addcarryx_u64(x1131, x1059, x1106);
uint64_t x1136, uint64_t x1137 = mulx_u64(x1109, 0xffffffffffffffffL);
uint64_t x1139, uint64_t x1140 = mulx_u64(x1109, 0xffffffffffffffffL);
uint64_t x1142, uint64_t x1143 = mulx_u64(x1109, 0xffffffffffffffffL);
uint64_t x1145, uint64_t x1146 = mulx_u64(x1109, 0xffffffffffffffffL);
uint64_t x1148, uint64_t x1149 = mulx_u64(x1109, 0xffffffffffffffffL);
uint64_t x1151, uint64_t x1152 = mulx_u64(x1109, 0xffffffffffffffffL);
uint64_t x1154, uint64_t x1155 = mulx_u64(x1109, 0xffffffffffffffffL);
uint64_t x1157, uint64_t x1158 = mulx_u64(x1109, 0x3eddffffffffffff);
uint64_t x1160, uint8_t x1161 = addcarryx_u64(0x0, x1137, x1139);
uint64_t x1163, uint8_t x1164 = addcarryx_u64(x1161, x1140, x1142);
uint64_t x1166, uint8_t x1167 = addcarryx_u64(x1164, x1143, x1145);
uint64_t x1169, uint8_t x1170 = addcarryx_u64(x1167, x1146, x1148);
uint64_t x1172, uint8_t x1173 = addcarryx_u64(x1170, x1149, x1151);
uint64_t x1175, uint8_t x1176 = addcarryx_u64(x1173, x1152, x1154);
uint64_t x1178, uint8_t x1179 = addcarryx_u64(x1176, x1155, x1157);
uint64_t x1181, uint8_t _ = addcarryx_u64(0x0, x1179, x1158);
uint64_t _, uint8_t x1185 = addcarryx_u64(0x0, x1109, x1136);
uint64_t x1187, uint8_t x1188 = addcarryx_u64(x1185, x1112, x1160);
uint64_t x1190, uint8_t x1191 = addcarryx_u64(x1188, x1115, x1163);
uint64_t x1193, uint8_t x1194 = addcarryx_u64(x1191, x1118, x1166);
uint64_t x1196, uint8_t x1197 = addcarryx_u64(x1194, x1121, x1169);
uint64_t x1199, uint8_t x1200 = addcarryx_u64(x1197, x1124, x1172);
uint64_t x1202, uint8_t x1203 = addcarryx_u64(x1200, x1127, x1175);
uint64_t x1205, uint8_t x1206 = addcarryx_u64(x1203, x1130, x1178);
uint64_t x1208, uint8_t x1209 = addcarryx_u64(x1206, x1133, x1181);
uint8_t x1210 = (x1209 + x1134);
uint64_t x1212, uint8_t x1213 = subborrow_u64(0x0, x1187, 0xffffffffffffffffL);
uint64_t x1215, uint8_t x1216 = subborrow_u64(x1213, x1190, 0xffffffffffffffffL);
uint64_t x1218, uint8_t x1219 = subborrow_u64(x1216, x1193, 0xffffffffffffffffL);
uint64_t x1221, uint8_t x1222 = subborrow_u64(x1219, x1196, 0xffffffffffffffffL);
uint64_t x1224, uint8_t x1225 = subborrow_u64(x1222, x1199, 0xffffffffffffffffL);
uint64_t x1227, uint8_t x1228 = subborrow_u64(x1225, x1202, 0xffffffffffffffffL);
uint64_t x1230, uint8_t x1231 = subborrow_u64(x1228, x1205, 0xffffffffffffffffL);
uint64_t x1233, uint8_t x1234 = subborrow_u64(x1231, x1208, 0x3eddffffffffffff);
uint64_t _, uint8_t x1237 = subborrow_u64(x1234, x1210, 0x0);
(cmovznz64(x1237, x1233, x1208), cmovznz64(x1237, x1230, x1205), cmovznz64(x1237, x1227, x1202), cmovznz64(x1237, x1224, x1199), cmovznz64(x1237, x1221, x1196), cmovznz64(x1237, x1218, x1193), cmovznz64(x1237, x1215, x1190), cmovznz64(x1237, x1212, x1187))
     : ∀ var : Z.Syntax.base_type → Type, expr Z.Syntax.base_type Z.Syntax.op (uint64_t * uint64_t * uint64_t * uint64_t * uint64_t * uint64_t * uint64_t * uint64_t * (uint64_t * uint64_t * uint64_t * uint64_t * uint64_t * uint64_t * uint64_t * uint64_t) -> uint64_t * uint64_t * uint64_t * uint64_t * uint64_t * uint64_t * uint64_t * uint64_t)

Argument scope is [function_scope]
