mul = λ var : Z.Syntax.base_type → Type,
λ '(x20, x21, x19, x17, x15, x13, x11, x9, x7, x5, x3, (x40, x41, x39, x37, x35, x33, x31, x29, x27, x25, x23))%core,
uint32_t x43, uint32_t x44 = mulx_u32(x3, x23);
uint32_t x46, uint32_t x47 = mulx_u32(x3, x25);
uint32_t x49, uint32_t x50 = mulx_u32(x3, x27);
uint32_t x52, uint32_t x53 = mulx_u32(x3, x29);
uint32_t x55, uint32_t x56 = mulx_u32(x3, x31);
uint32_t x58, uint32_t x59 = mulx_u32(x3, x33);
uint32_t x61, uint32_t x62 = mulx_u32(x3, x35);
uint32_t x64, uint32_t x65 = mulx_u32(x3, x37);
uint32_t x67, uint32_t x68 = mulx_u32(x3, x39);
uint32_t x70, uint32_t x71 = mulx_u32(x3, x41);
uint32_t x73, uint32_t x74 = mulx_u32(x3, x40);
uint32_t x76, uint8_t x77 = addcarryx_u32(0x0, x44, x46);
uint32_t x79, uint8_t x80 = addcarryx_u32(x77, x47, x49);
uint32_t x82, uint8_t x83 = addcarryx_u32(x80, x50, x52);
uint32_t x85, uint8_t x86 = addcarryx_u32(x83, x53, x55);
uint32_t x88, uint8_t x89 = addcarryx_u32(x86, x56, x58);
uint32_t x91, uint8_t x92 = addcarryx_u32(x89, x59, x61);
uint32_t x94, uint8_t x95 = addcarryx_u32(x92, x62, x64);
uint32_t x97, uint8_t x98 = addcarryx_u32(x95, x65, x67);
uint32_t x100, uint8_t x101 = addcarryx_u32(x98, x68, x70);
uint32_t x103, uint8_t x104 = addcarryx_u32(x101, x71, x73);
uint32_t x106, uint8_t _ = addcarryx_u32(0x0, x104, x74);
uint32_t x109, uint8_t x110 = addcarryx_u32(0x0, 0x0, x100);
uint32_t x112, uint8_t x113 = addcarryx_u32(x110, 0x0, x103);
uint32_t x115, uint8_t x116 = addcarryx_u32(x113, 0x0, x106);
uint32_t x118, uint32_t x119 = mulx_u32(x43, 0xffffffff);
uint32_t x121, uint32_t x122 = mulx_u32(x43, 0xffffffff);
uint32_t x124, uint32_t x125 = mulx_u32(x43, 0xffffffff);
uint32_t x127, uint32_t x128 = mulx_u32(x43, 0xffffffff);
uint32_t x130, uint32_t x131 = mulx_u32(x43, 0xffffffff);
uint32_t x133, uint32_t x134 = mulx_u32(x43, 0xfffffffd);
uint32_t x136, uint32_t x137 = mulx_u32(x43, 0xffffffff);
uint32_t x139, uint32_t x140 = mulx_u32(x43, 0xffffffff);
uint32_t x142, uint32_t x143 = mulx_u32(x43, 0xffffffff);
uint32_t x145, uint32_t x146 = mulx_u32(x43, 0xffffffff);
uint32_t x148, uint8_t x149 = mulx_u32_out_u8(x43, 0x3);
uint32_t x151, uint8_t x152 = addcarryx_u32(0x0, x119, x121);
uint32_t x154, uint8_t x155 = addcarryx_u32(x152, x122, x124);
uint32_t x157, uint8_t x158 = addcarryx_u32(x155, x125, x127);
uint32_t x160, uint8_t x161 = addcarryx_u32(x158, x128, x130);
uint32_t x163, uint8_t x164 = addcarryx_u32(x161, x131, x133);
uint32_t x166, uint8_t x167 = addcarryx_u32(x164, x134, x136);
uint32_t x169, uint8_t x170 = addcarryx_u32(x167, x137, x139);
uint32_t x172, uint8_t x173 = addcarryx_u32(x170, x140, x142);
uint32_t x175, uint8_t x176 = addcarryx_u32(x173, x143, x145);
uint32_t x178, uint8_t x179 = addcarryx_u32(x176, x146, x148);
uint8_t x180 = (x179 + x149);
uint32_t _, uint8_t x183 = addcarryx_u32(0x0, x43, x118);
uint32_t x185, uint8_t x186 = addcarryx_u32(x183, x76, x151);
uint32_t x188, uint8_t x189 = addcarryx_u32(x186, x79, x154);
uint32_t x191, uint8_t x192 = addcarryx_u32(x189, x82, x157);
uint32_t x194, uint8_t x195 = addcarryx_u32(x192, x85, x160);
uint32_t x197, uint8_t x198 = addcarryx_u32(x195, x88, x163);
uint32_t x200, uint8_t x201 = addcarryx_u32(x198, x91, x166);
uint32_t x203, uint8_t x204 = addcarryx_u32(x201, x94, x169);
uint32_t x206, uint8_t x207 = addcarryx_u32(x204, x97, x172);
uint32_t x209, uint8_t x210 = addcarryx_u32(x207, x109, x175);
uint32_t x212, uint8_t x213 = addcarryx_u32(x210, x112, x178);
uint32_t x215, uint8_t x216 = addcarryx_u32(x213, x115, x180);
uint8_t x217 = (x216 + x116);
uint32_t x219, uint32_t x220 = mulx_u32(x5, x23);
uint32_t x222, uint32_t x223 = mulx_u32(x5, x25);
uint32_t x225, uint32_t x226 = mulx_u32(x5, x27);
uint32_t x228, uint32_t x229 = mulx_u32(x5, x29);
uint32_t x231, uint32_t x232 = mulx_u32(x5, x31);
uint32_t x234, uint32_t x235 = mulx_u32(x5, x33);
uint32_t x237, uint32_t x238 = mulx_u32(x5, x35);
uint32_t x240, uint32_t x241 = mulx_u32(x5, x37);
uint32_t x243, uint32_t x244 = mulx_u32(x5, x39);
uint32_t x246, uint32_t x247 = mulx_u32(x5, x41);
uint32_t x249, uint32_t x250 = mulx_u32(x5, x40);
uint32_t x252, uint8_t x253 = addcarryx_u32(0x0, x220, x222);
uint32_t x255, uint8_t x256 = addcarryx_u32(x253, x223, x225);
uint32_t x258, uint8_t x259 = addcarryx_u32(x256, x226, x228);
uint32_t x261, uint8_t x262 = addcarryx_u32(x259, x229, x231);
uint32_t x264, uint8_t x265 = addcarryx_u32(x262, x232, x234);
uint32_t x267, uint8_t x268 = addcarryx_u32(x265, x235, x237);
uint32_t x270, uint8_t x271 = addcarryx_u32(x268, x238, x240);
uint32_t x273, uint8_t x274 = addcarryx_u32(x271, x241, x243);
uint32_t x276, uint8_t x277 = addcarryx_u32(x274, x244, x246);
uint32_t x279, uint8_t x280 = addcarryx_u32(x277, x247, x249);
uint32_t x282, uint8_t _ = addcarryx_u32(0x0, x280, x250);
uint32_t x285, uint8_t x286 = addcarryx_u32(0x0, x185, x219);
uint32_t x288, uint8_t x289 = addcarryx_u32(x286, x188, x252);
uint32_t x291, uint8_t x292 = addcarryx_u32(x289, x191, x255);
uint32_t x294, uint8_t x295 = addcarryx_u32(x292, x194, x258);
uint32_t x297, uint8_t x298 = addcarryx_u32(x295, x197, x261);
uint32_t x300, uint8_t x301 = addcarryx_u32(x298, x200, x264);
uint32_t x303, uint8_t x304 = addcarryx_u32(x301, x203, x267);
uint32_t x306, uint8_t x307 = addcarryx_u32(x304, x206, x270);
uint32_t x309, uint8_t x310 = addcarryx_u32(x307, x209, x273);
uint32_t x312, uint8_t x313 = addcarryx_u32(x310, x212, x276);
uint32_t x315, uint8_t x316 = addcarryx_u32(x313, x215, x279);
uint32_t x318, uint8_t x319 = addcarryx_u32(x316, x217, x282);
uint32_t x321, uint32_t x322 = mulx_u32(x285, 0xffffffff);
uint32_t x324, uint32_t x325 = mulx_u32(x285, 0xffffffff);
uint32_t x327, uint32_t x328 = mulx_u32(x285, 0xffffffff);
uint32_t x330, uint32_t x331 = mulx_u32(x285, 0xffffffff);
uint32_t x333, uint32_t x334 = mulx_u32(x285, 0xffffffff);
uint32_t x336, uint32_t x337 = mulx_u32(x285, 0xfffffffd);
uint32_t x339, uint32_t x340 = mulx_u32(x285, 0xffffffff);
uint32_t x342, uint32_t x343 = mulx_u32(x285, 0xffffffff);
uint32_t x345, uint32_t x346 = mulx_u32(x285, 0xffffffff);
uint32_t x348, uint32_t x349 = mulx_u32(x285, 0xffffffff);
uint32_t x351, uint8_t x352 = mulx_u32_out_u8(x285, 0x3);
uint32_t x354, uint8_t x355 = addcarryx_u32(0x0, x322, x324);
uint32_t x357, uint8_t x358 = addcarryx_u32(x355, x325, x327);
uint32_t x360, uint8_t x361 = addcarryx_u32(x358, x328, x330);
uint32_t x363, uint8_t x364 = addcarryx_u32(x361, x331, x333);
uint32_t x366, uint8_t x367 = addcarryx_u32(x364, x334, x336);
uint32_t x369, uint8_t x370 = addcarryx_u32(x367, x337, x339);
uint32_t x372, uint8_t x373 = addcarryx_u32(x370, x340, x342);
uint32_t x375, uint8_t x376 = addcarryx_u32(x373, x343, x345);
uint32_t x378, uint8_t x379 = addcarryx_u32(x376, x346, x348);
uint32_t x381, uint8_t x382 = addcarryx_u32(x379, x349, x351);
uint8_t x383 = (x382 + x352);
uint32_t _, uint8_t x386 = addcarryx_u32(0x0, x285, x321);
uint32_t x388, uint8_t x389 = addcarryx_u32(x386, x288, x354);
uint32_t x391, uint8_t x392 = addcarryx_u32(x389, x291, x357);
uint32_t x394, uint8_t x395 = addcarryx_u32(x392, x294, x360);
uint32_t x397, uint8_t x398 = addcarryx_u32(x395, x297, x363);
uint32_t x400, uint8_t x401 = addcarryx_u32(x398, x300, x366);
uint32_t x403, uint8_t x404 = addcarryx_u32(x401, x303, x369);
uint32_t x406, uint8_t x407 = addcarryx_u32(x404, x306, x372);
uint32_t x409, uint8_t x410 = addcarryx_u32(x407, x309, x375);
uint32_t x412, uint8_t x413 = addcarryx_u32(x410, x312, x378);
uint32_t x415, uint8_t x416 = addcarryx_u32(x413, x315, x381);
uint32_t x418, uint8_t x419 = addcarryx_u32(x416, x318, x383);
uint8_t x420 = (x419 + x319);
uint32_t x422, uint32_t x423 = mulx_u32(x7, x23);
uint32_t x425, uint32_t x426 = mulx_u32(x7, x25);
uint32_t x428, uint32_t x429 = mulx_u32(x7, x27);
uint32_t x431, uint32_t x432 = mulx_u32(x7, x29);
uint32_t x434, uint32_t x435 = mulx_u32(x7, x31);
uint32_t x437, uint32_t x438 = mulx_u32(x7, x33);
uint32_t x440, uint32_t x441 = mulx_u32(x7, x35);
uint32_t x443, uint32_t x444 = mulx_u32(x7, x37);
uint32_t x446, uint32_t x447 = mulx_u32(x7, x39);
uint32_t x449, uint32_t x450 = mulx_u32(x7, x41);
uint32_t x452, uint32_t x453 = mulx_u32(x7, x40);
uint32_t x455, uint8_t x456 = addcarryx_u32(0x0, x423, x425);
uint32_t x458, uint8_t x459 = addcarryx_u32(x456, x426, x428);
uint32_t x461, uint8_t x462 = addcarryx_u32(x459, x429, x431);
uint32_t x464, uint8_t x465 = addcarryx_u32(x462, x432, x434);
uint32_t x467, uint8_t x468 = addcarryx_u32(x465, x435, x437);
uint32_t x470, uint8_t x471 = addcarryx_u32(x468, x438, x440);
uint32_t x473, uint8_t x474 = addcarryx_u32(x471, x441, x443);
uint32_t x476, uint8_t x477 = addcarryx_u32(x474, x444, x446);
uint32_t x479, uint8_t x480 = addcarryx_u32(x477, x447, x449);
uint32_t x482, uint8_t x483 = addcarryx_u32(x480, x450, x452);
uint32_t x485, uint8_t _ = addcarryx_u32(0x0, x483, x453);
uint32_t x488, uint8_t x489 = addcarryx_u32(0x0, x388, x422);
uint32_t x491, uint8_t x492 = addcarryx_u32(x489, x391, x455);
uint32_t x494, uint8_t x495 = addcarryx_u32(x492, x394, x458);
uint32_t x497, uint8_t x498 = addcarryx_u32(x495, x397, x461);
uint32_t x500, uint8_t x501 = addcarryx_u32(x498, x400, x464);
uint32_t x503, uint8_t x504 = addcarryx_u32(x501, x403, x467);
uint32_t x506, uint8_t x507 = addcarryx_u32(x504, x406, x470);
uint32_t x509, uint8_t x510 = addcarryx_u32(x507, x409, x473);
uint32_t x512, uint8_t x513 = addcarryx_u32(x510, x412, x476);
uint32_t x515, uint8_t x516 = addcarryx_u32(x513, x415, x479);
uint32_t x518, uint8_t x519 = addcarryx_u32(x516, x418, x482);
uint32_t x521, uint8_t x522 = addcarryx_u32(x519, x420, x485);
uint32_t x524, uint32_t x525 = mulx_u32(x488, 0xffffffff);
uint32_t x527, uint32_t x528 = mulx_u32(x488, 0xffffffff);
uint32_t x530, uint32_t x531 = mulx_u32(x488, 0xffffffff);
uint32_t x533, uint32_t x534 = mulx_u32(x488, 0xffffffff);
uint32_t x536, uint32_t x537 = mulx_u32(x488, 0xffffffff);
uint32_t x539, uint32_t x540 = mulx_u32(x488, 0xfffffffd);
uint32_t x542, uint32_t x543 = mulx_u32(x488, 0xffffffff);
uint32_t x545, uint32_t x546 = mulx_u32(x488, 0xffffffff);
uint32_t x548, uint32_t x549 = mulx_u32(x488, 0xffffffff);
uint32_t x551, uint32_t x552 = mulx_u32(x488, 0xffffffff);
uint32_t x554, uint8_t x555 = mulx_u32_out_u8(x488, 0x3);
uint32_t x557, uint8_t x558 = addcarryx_u32(0x0, x525, x527);
uint32_t x560, uint8_t x561 = addcarryx_u32(x558, x528, x530);
uint32_t x563, uint8_t x564 = addcarryx_u32(x561, x531, x533);
uint32_t x566, uint8_t x567 = addcarryx_u32(x564, x534, x536);
uint32_t x569, uint8_t x570 = addcarryx_u32(x567, x537, x539);
uint32_t x572, uint8_t x573 = addcarryx_u32(x570, x540, x542);
uint32_t x575, uint8_t x576 = addcarryx_u32(x573, x543, x545);
uint32_t x578, uint8_t x579 = addcarryx_u32(x576, x546, x548);
uint32_t x581, uint8_t x582 = addcarryx_u32(x579, x549, x551);
uint32_t x584, uint8_t x585 = addcarryx_u32(x582, x552, x554);
uint8_t x586 = (x585 + x555);
uint32_t _, uint8_t x589 = addcarryx_u32(0x0, x488, x524);
uint32_t x591, uint8_t x592 = addcarryx_u32(x589, x491, x557);
uint32_t x594, uint8_t x595 = addcarryx_u32(x592, x494, x560);
uint32_t x597, uint8_t x598 = addcarryx_u32(x595, x497, x563);
uint32_t x600, uint8_t x601 = addcarryx_u32(x598, x500, x566);
uint32_t x603, uint8_t x604 = addcarryx_u32(x601, x503, x569);
uint32_t x606, uint8_t x607 = addcarryx_u32(x604, x506, x572);
uint32_t x609, uint8_t x610 = addcarryx_u32(x607, x509, x575);
uint32_t x612, uint8_t x613 = addcarryx_u32(x610, x512, x578);
uint32_t x615, uint8_t x616 = addcarryx_u32(x613, x515, x581);
uint32_t x618, uint8_t x619 = addcarryx_u32(x616, x518, x584);
uint32_t x621, uint8_t x622 = addcarryx_u32(x619, x521, x586);
uint8_t x623 = (x622 + x522);
uint32_t x625, uint32_t x626 = mulx_u32(x9, x23);
uint32_t x628, uint32_t x629 = mulx_u32(x9, x25);
uint32_t x631, uint32_t x632 = mulx_u32(x9, x27);
uint32_t x634, uint32_t x635 = mulx_u32(x9, x29);
uint32_t x637, uint32_t x638 = mulx_u32(x9, x31);
uint32_t x640, uint32_t x641 = mulx_u32(x9, x33);
uint32_t x643, uint32_t x644 = mulx_u32(x9, x35);
uint32_t x646, uint32_t x647 = mulx_u32(x9, x37);
uint32_t x649, uint32_t x650 = mulx_u32(x9, x39);
uint32_t x652, uint32_t x653 = mulx_u32(x9, x41);
uint32_t x655, uint32_t x656 = mulx_u32(x9, x40);
uint32_t x658, uint8_t x659 = addcarryx_u32(0x0, x626, x628);
uint32_t x661, uint8_t x662 = addcarryx_u32(x659, x629, x631);
uint32_t x664, uint8_t x665 = addcarryx_u32(x662, x632, x634);
uint32_t x667, uint8_t x668 = addcarryx_u32(x665, x635, x637);
uint32_t x670, uint8_t x671 = addcarryx_u32(x668, x638, x640);
uint32_t x673, uint8_t x674 = addcarryx_u32(x671, x641, x643);
uint32_t x676, uint8_t x677 = addcarryx_u32(x674, x644, x646);
uint32_t x679, uint8_t x680 = addcarryx_u32(x677, x647, x649);
uint32_t x682, uint8_t x683 = addcarryx_u32(x680, x650, x652);
uint32_t x685, uint8_t x686 = addcarryx_u32(x683, x653, x655);
uint32_t x688, uint8_t _ = addcarryx_u32(0x0, x686, x656);
uint32_t x691, uint8_t x692 = addcarryx_u32(0x0, x591, x625);
uint32_t x694, uint8_t x695 = addcarryx_u32(x692, x594, x658);
uint32_t x697, uint8_t x698 = addcarryx_u32(x695, x597, x661);
uint32_t x700, uint8_t x701 = addcarryx_u32(x698, x600, x664);
uint32_t x703, uint8_t x704 = addcarryx_u32(x701, x603, x667);
uint32_t x706, uint8_t x707 = addcarryx_u32(x704, x606, x670);
uint32_t x709, uint8_t x710 = addcarryx_u32(x707, x609, x673);
uint32_t x712, uint8_t x713 = addcarryx_u32(x710, x612, x676);
uint32_t x715, uint8_t x716 = addcarryx_u32(x713, x615, x679);
uint32_t x718, uint8_t x719 = addcarryx_u32(x716, x618, x682);
uint32_t x721, uint8_t x722 = addcarryx_u32(x719, x621, x685);
uint32_t x724, uint8_t x725 = addcarryx_u32(x722, x623, x688);
uint32_t x727, uint32_t x728 = mulx_u32(x691, 0xffffffff);
uint32_t x730, uint32_t x731 = mulx_u32(x691, 0xffffffff);
uint32_t x733, uint32_t x734 = mulx_u32(x691, 0xffffffff);
uint32_t x736, uint32_t x737 = mulx_u32(x691, 0xffffffff);
uint32_t x739, uint32_t x740 = mulx_u32(x691, 0xffffffff);
uint32_t x742, uint32_t x743 = mulx_u32(x691, 0xfffffffd);
uint32_t x745, uint32_t x746 = mulx_u32(x691, 0xffffffff);
uint32_t x748, uint32_t x749 = mulx_u32(x691, 0xffffffff);
uint32_t x751, uint32_t x752 = mulx_u32(x691, 0xffffffff);
uint32_t x754, uint32_t x755 = mulx_u32(x691, 0xffffffff);
uint32_t x757, uint8_t x758 = mulx_u32_out_u8(x691, 0x3);
uint32_t x760, uint8_t x761 = addcarryx_u32(0x0, x728, x730);
uint32_t x763, uint8_t x764 = addcarryx_u32(x761, x731, x733);
uint32_t x766, uint8_t x767 = addcarryx_u32(x764, x734, x736);
uint32_t x769, uint8_t x770 = addcarryx_u32(x767, x737, x739);
uint32_t x772, uint8_t x773 = addcarryx_u32(x770, x740, x742);
uint32_t x775, uint8_t x776 = addcarryx_u32(x773, x743, x745);
uint32_t x778, uint8_t x779 = addcarryx_u32(x776, x746, x748);
uint32_t x781, uint8_t x782 = addcarryx_u32(x779, x749, x751);
uint32_t x784, uint8_t x785 = addcarryx_u32(x782, x752, x754);
uint32_t x787, uint8_t x788 = addcarryx_u32(x785, x755, x757);
uint8_t x789 = (x788 + x758);
uint32_t _, uint8_t x792 = addcarryx_u32(0x0, x691, x727);
uint32_t x794, uint8_t x795 = addcarryx_u32(x792, x694, x760);
uint32_t x797, uint8_t x798 = addcarryx_u32(x795, x697, x763);
uint32_t x800, uint8_t x801 = addcarryx_u32(x798, x700, x766);
uint32_t x803, uint8_t x804 = addcarryx_u32(x801, x703, x769);
uint32_t x806, uint8_t x807 = addcarryx_u32(x804, x706, x772);
uint32_t x809, uint8_t x810 = addcarryx_u32(x807, x709, x775);
uint32_t x812, uint8_t x813 = addcarryx_u32(x810, x712, x778);
uint32_t x815, uint8_t x816 = addcarryx_u32(x813, x715, x781);
uint32_t x818, uint8_t x819 = addcarryx_u32(x816, x718, x784);
uint32_t x821, uint8_t x822 = addcarryx_u32(x819, x721, x787);
uint32_t x824, uint8_t x825 = addcarryx_u32(x822, x724, x789);
uint8_t x826 = (x825 + x725);
uint32_t x828, uint32_t x829 = mulx_u32(x11, x23);
uint32_t x831, uint32_t x832 = mulx_u32(x11, x25);
uint32_t x834, uint32_t x835 = mulx_u32(x11, x27);
uint32_t x837, uint32_t x838 = mulx_u32(x11, x29);
uint32_t x840, uint32_t x841 = mulx_u32(x11, x31);
uint32_t x843, uint32_t x844 = mulx_u32(x11, x33);
uint32_t x846, uint32_t x847 = mulx_u32(x11, x35);
uint32_t x849, uint32_t x850 = mulx_u32(x11, x37);
uint32_t x852, uint32_t x853 = mulx_u32(x11, x39);
uint32_t x855, uint32_t x856 = mulx_u32(x11, x41);
uint32_t x858, uint32_t x859 = mulx_u32(x11, x40);
uint32_t x861, uint8_t x862 = addcarryx_u32(0x0, x829, x831);
uint32_t x864, uint8_t x865 = addcarryx_u32(x862, x832, x834);
uint32_t x867, uint8_t x868 = addcarryx_u32(x865, x835, x837);
uint32_t x870, uint8_t x871 = addcarryx_u32(x868, x838, x840);
uint32_t x873, uint8_t x874 = addcarryx_u32(x871, x841, x843);
uint32_t x876, uint8_t x877 = addcarryx_u32(x874, x844, x846);
uint32_t x879, uint8_t x880 = addcarryx_u32(x877, x847, x849);
uint32_t x882, uint8_t x883 = addcarryx_u32(x880, x850, x852);
uint32_t x885, uint8_t x886 = addcarryx_u32(x883, x853, x855);
uint32_t x888, uint8_t x889 = addcarryx_u32(x886, x856, x858);
uint32_t x891, uint8_t _ = addcarryx_u32(0x0, x889, x859);
uint32_t x894, uint8_t x895 = addcarryx_u32(0x0, x794, x828);
uint32_t x897, uint8_t x898 = addcarryx_u32(x895, x797, x861);
uint32_t x900, uint8_t x901 = addcarryx_u32(x898, x800, x864);
uint32_t x903, uint8_t x904 = addcarryx_u32(x901, x803, x867);
uint32_t x906, uint8_t x907 = addcarryx_u32(x904, x806, x870);
uint32_t x909, uint8_t x910 = addcarryx_u32(x907, x809, x873);
uint32_t x912, uint8_t x913 = addcarryx_u32(x910, x812, x876);
uint32_t x915, uint8_t x916 = addcarryx_u32(x913, x815, x879);
uint32_t x918, uint8_t x919 = addcarryx_u32(x916, x818, x882);
uint32_t x921, uint8_t x922 = addcarryx_u32(x919, x821, x885);
uint32_t x924, uint8_t x925 = addcarryx_u32(x922, x824, x888);
uint32_t x927, uint8_t x928 = addcarryx_u32(x925, x826, x891);
uint32_t x930, uint32_t x931 = mulx_u32(x894, 0xffffffff);
uint32_t x933, uint32_t x934 = mulx_u32(x894, 0xffffffff);
uint32_t x936, uint32_t x937 = mulx_u32(x894, 0xffffffff);
uint32_t x939, uint32_t x940 = mulx_u32(x894, 0xffffffff);
uint32_t x942, uint32_t x943 = mulx_u32(x894, 0xffffffff);
uint32_t x945, uint32_t x946 = mulx_u32(x894, 0xfffffffd);
uint32_t x948, uint32_t x949 = mulx_u32(x894, 0xffffffff);
uint32_t x951, uint32_t x952 = mulx_u32(x894, 0xffffffff);
uint32_t x954, uint32_t x955 = mulx_u32(x894, 0xffffffff);
uint32_t x957, uint32_t x958 = mulx_u32(x894, 0xffffffff);
uint32_t x960, uint8_t x961 = mulx_u32_out_u8(x894, 0x3);
uint32_t x963, uint8_t x964 = addcarryx_u32(0x0, x931, x933);
uint32_t x966, uint8_t x967 = addcarryx_u32(x964, x934, x936);
uint32_t x969, uint8_t x970 = addcarryx_u32(x967, x937, x939);
uint32_t x972, uint8_t x973 = addcarryx_u32(x970, x940, x942);
uint32_t x975, uint8_t x976 = addcarryx_u32(x973, x943, x945);
uint32_t x978, uint8_t x979 = addcarryx_u32(x976, x946, x948);
uint32_t x981, uint8_t x982 = addcarryx_u32(x979, x949, x951);
uint32_t x984, uint8_t x985 = addcarryx_u32(x982, x952, x954);
uint32_t x987, uint8_t x988 = addcarryx_u32(x985, x955, x957);
uint32_t x990, uint8_t x991 = addcarryx_u32(x988, x958, x960);
uint8_t x992 = (x991 + x961);
uint32_t _, uint8_t x995 = addcarryx_u32(0x0, x894, x930);
uint32_t x997, uint8_t x998 = addcarryx_u32(x995, x897, x963);
uint32_t x1000, uint8_t x1001 = addcarryx_u32(x998, x900, x966);
uint32_t x1003, uint8_t x1004 = addcarryx_u32(x1001, x903, x969);
uint32_t x1006, uint8_t x1007 = addcarryx_u32(x1004, x906, x972);
uint32_t x1009, uint8_t x1010 = addcarryx_u32(x1007, x909, x975);
uint32_t x1012, uint8_t x1013 = addcarryx_u32(x1010, x912, x978);
uint32_t x1015, uint8_t x1016 = addcarryx_u32(x1013, x915, x981);
uint32_t x1018, uint8_t x1019 = addcarryx_u32(x1016, x918, x984);
uint32_t x1021, uint8_t x1022 = addcarryx_u32(x1019, x921, x987);
uint32_t x1024, uint8_t x1025 = addcarryx_u32(x1022, x924, x990);
uint32_t x1027, uint8_t x1028 = addcarryx_u32(x1025, x927, x992);
uint8_t x1029 = (x1028 + x928);
uint32_t x1031, uint32_t x1032 = mulx_u32(x13, x23);
uint32_t x1034, uint32_t x1035 = mulx_u32(x13, x25);
uint32_t x1037, uint32_t x1038 = mulx_u32(x13, x27);
uint32_t x1040, uint32_t x1041 = mulx_u32(x13, x29);
uint32_t x1043, uint32_t x1044 = mulx_u32(x13, x31);
uint32_t x1046, uint32_t x1047 = mulx_u32(x13, x33);
uint32_t x1049, uint32_t x1050 = mulx_u32(x13, x35);
uint32_t x1052, uint32_t x1053 = mulx_u32(x13, x37);
uint32_t x1055, uint32_t x1056 = mulx_u32(x13, x39);
uint32_t x1058, uint32_t x1059 = mulx_u32(x13, x41);
uint32_t x1061, uint32_t x1062 = mulx_u32(x13, x40);
uint32_t x1064, uint8_t x1065 = addcarryx_u32(0x0, x1032, x1034);
uint32_t x1067, uint8_t x1068 = addcarryx_u32(x1065, x1035, x1037);
uint32_t x1070, uint8_t x1071 = addcarryx_u32(x1068, x1038, x1040);
uint32_t x1073, uint8_t x1074 = addcarryx_u32(x1071, x1041, x1043);
uint32_t x1076, uint8_t x1077 = addcarryx_u32(x1074, x1044, x1046);
uint32_t x1079, uint8_t x1080 = addcarryx_u32(x1077, x1047, x1049);
uint32_t x1082, uint8_t x1083 = addcarryx_u32(x1080, x1050, x1052);
uint32_t x1085, uint8_t x1086 = addcarryx_u32(x1083, x1053, x1055);
uint32_t x1088, uint8_t x1089 = addcarryx_u32(x1086, x1056, x1058);
uint32_t x1091, uint8_t x1092 = addcarryx_u32(x1089, x1059, x1061);
uint32_t x1094, uint8_t _ = addcarryx_u32(0x0, x1092, x1062);
uint32_t x1097, uint8_t x1098 = addcarryx_u32(0x0, x997, x1031);
uint32_t x1100, uint8_t x1101 = addcarryx_u32(x1098, x1000, x1064);
uint32_t x1103, uint8_t x1104 = addcarryx_u32(x1101, x1003, x1067);
uint32_t x1106, uint8_t x1107 = addcarryx_u32(x1104, x1006, x1070);
uint32_t x1109, uint8_t x1110 = addcarryx_u32(x1107, x1009, x1073);
uint32_t x1112, uint8_t x1113 = addcarryx_u32(x1110, x1012, x1076);
uint32_t x1115, uint8_t x1116 = addcarryx_u32(x1113, x1015, x1079);
uint32_t x1118, uint8_t x1119 = addcarryx_u32(x1116, x1018, x1082);
uint32_t x1121, uint8_t x1122 = addcarryx_u32(x1119, x1021, x1085);
uint32_t x1124, uint8_t x1125 = addcarryx_u32(x1122, x1024, x1088);
uint32_t x1127, uint8_t x1128 = addcarryx_u32(x1125, x1027, x1091);
uint32_t x1130, uint8_t x1131 = addcarryx_u32(x1128, x1029, x1094);
uint32_t x1133, uint32_t x1134 = mulx_u32(x1097, 0xffffffff);
uint32_t x1136, uint32_t x1137 = mulx_u32(x1097, 0xffffffff);
uint32_t x1139, uint32_t x1140 = mulx_u32(x1097, 0xffffffff);
uint32_t x1142, uint32_t x1143 = mulx_u32(x1097, 0xffffffff);
uint32_t x1145, uint32_t x1146 = mulx_u32(x1097, 0xffffffff);
uint32_t x1148, uint32_t x1149 = mulx_u32(x1097, 0xfffffffd);
uint32_t x1151, uint32_t x1152 = mulx_u32(x1097, 0xffffffff);
uint32_t x1154, uint32_t x1155 = mulx_u32(x1097, 0xffffffff);
uint32_t x1157, uint32_t x1158 = mulx_u32(x1097, 0xffffffff);
uint32_t x1160, uint32_t x1161 = mulx_u32(x1097, 0xffffffff);
uint32_t x1163, uint8_t x1164 = mulx_u32_out_u8(x1097, 0x3);
uint32_t x1166, uint8_t x1167 = addcarryx_u32(0x0, x1134, x1136);
uint32_t x1169, uint8_t x1170 = addcarryx_u32(x1167, x1137, x1139);
uint32_t x1172, uint8_t x1173 = addcarryx_u32(x1170, x1140, x1142);
uint32_t x1175, uint8_t x1176 = addcarryx_u32(x1173, x1143, x1145);
uint32_t x1178, uint8_t x1179 = addcarryx_u32(x1176, x1146, x1148);
uint32_t x1181, uint8_t x1182 = addcarryx_u32(x1179, x1149, x1151);
uint32_t x1184, uint8_t x1185 = addcarryx_u32(x1182, x1152, x1154);
uint32_t x1187, uint8_t x1188 = addcarryx_u32(x1185, x1155, x1157);
uint32_t x1190, uint8_t x1191 = addcarryx_u32(x1188, x1158, x1160);
uint32_t x1193, uint8_t x1194 = addcarryx_u32(x1191, x1161, x1163);
uint8_t x1195 = (x1194 + x1164);
uint32_t _, uint8_t x1198 = addcarryx_u32(0x0, x1097, x1133);
uint32_t x1200, uint8_t x1201 = addcarryx_u32(x1198, x1100, x1166);
uint32_t x1203, uint8_t x1204 = addcarryx_u32(x1201, x1103, x1169);
uint32_t x1206, uint8_t x1207 = addcarryx_u32(x1204, x1106, x1172);
uint32_t x1209, uint8_t x1210 = addcarryx_u32(x1207, x1109, x1175);
uint32_t x1212, uint8_t x1213 = addcarryx_u32(x1210, x1112, x1178);
uint32_t x1215, uint8_t x1216 = addcarryx_u32(x1213, x1115, x1181);
uint32_t x1218, uint8_t x1219 = addcarryx_u32(x1216, x1118, x1184);
uint32_t x1221, uint8_t x1222 = addcarryx_u32(x1219, x1121, x1187);
uint32_t x1224, uint8_t x1225 = addcarryx_u32(x1222, x1124, x1190);
uint32_t x1227, uint8_t x1228 = addcarryx_u32(x1225, x1127, x1193);
uint32_t x1230, uint8_t x1231 = addcarryx_u32(x1228, x1130, x1195);
uint8_t x1232 = (x1231 + x1131);
uint32_t x1234, uint32_t x1235 = mulx_u32(x15, x23);
uint32_t x1237, uint32_t x1238 = mulx_u32(x15, x25);
uint32_t x1240, uint32_t x1241 = mulx_u32(x15, x27);
uint32_t x1243, uint32_t x1244 = mulx_u32(x15, x29);
uint32_t x1246, uint32_t x1247 = mulx_u32(x15, x31);
uint32_t x1249, uint32_t x1250 = mulx_u32(x15, x33);
uint32_t x1252, uint32_t x1253 = mulx_u32(x15, x35);
uint32_t x1255, uint32_t x1256 = mulx_u32(x15, x37);
uint32_t x1258, uint32_t x1259 = mulx_u32(x15, x39);
uint32_t x1261, uint32_t x1262 = mulx_u32(x15, x41);
uint32_t x1264, uint32_t x1265 = mulx_u32(x15, x40);
uint32_t x1267, uint8_t x1268 = addcarryx_u32(0x0, x1235, x1237);
uint32_t x1270, uint8_t x1271 = addcarryx_u32(x1268, x1238, x1240);
uint32_t x1273, uint8_t x1274 = addcarryx_u32(x1271, x1241, x1243);
uint32_t x1276, uint8_t x1277 = addcarryx_u32(x1274, x1244, x1246);
uint32_t x1279, uint8_t x1280 = addcarryx_u32(x1277, x1247, x1249);
uint32_t x1282, uint8_t x1283 = addcarryx_u32(x1280, x1250, x1252);
uint32_t x1285, uint8_t x1286 = addcarryx_u32(x1283, x1253, x1255);
uint32_t x1288, uint8_t x1289 = addcarryx_u32(x1286, x1256, x1258);
uint32_t x1291, uint8_t x1292 = addcarryx_u32(x1289, x1259, x1261);
uint32_t x1294, uint8_t x1295 = addcarryx_u32(x1292, x1262, x1264);
uint32_t x1297, uint8_t _ = addcarryx_u32(0x0, x1295, x1265);
uint32_t x1300, uint8_t x1301 = addcarryx_u32(0x0, x1200, x1234);
uint32_t x1303, uint8_t x1304 = addcarryx_u32(x1301, x1203, x1267);
uint32_t x1306, uint8_t x1307 = addcarryx_u32(x1304, x1206, x1270);
uint32_t x1309, uint8_t x1310 = addcarryx_u32(x1307, x1209, x1273);
uint32_t x1312, uint8_t x1313 = addcarryx_u32(x1310, x1212, x1276);
uint32_t x1315, uint8_t x1316 = addcarryx_u32(x1313, x1215, x1279);
uint32_t x1318, uint8_t x1319 = addcarryx_u32(x1316, x1218, x1282);
uint32_t x1321, uint8_t x1322 = addcarryx_u32(x1319, x1221, x1285);
uint32_t x1324, uint8_t x1325 = addcarryx_u32(x1322, x1224, x1288);
uint32_t x1327, uint8_t x1328 = addcarryx_u32(x1325, x1227, x1291);
uint32_t x1330, uint8_t x1331 = addcarryx_u32(x1328, x1230, x1294);
uint32_t x1333, uint8_t x1334 = addcarryx_u32(x1331, x1232, x1297);
uint32_t x1336, uint32_t x1337 = mulx_u32(x1300, 0xffffffff);
uint32_t x1339, uint32_t x1340 = mulx_u32(x1300, 0xffffffff);
uint32_t x1342, uint32_t x1343 = mulx_u32(x1300, 0xffffffff);
uint32_t x1345, uint32_t x1346 = mulx_u32(x1300, 0xffffffff);
uint32_t x1348, uint32_t x1349 = mulx_u32(x1300, 0xffffffff);
uint32_t x1351, uint32_t x1352 = mulx_u32(x1300, 0xfffffffd);
uint32_t x1354, uint32_t x1355 = mulx_u32(x1300, 0xffffffff);
uint32_t x1357, uint32_t x1358 = mulx_u32(x1300, 0xffffffff);
uint32_t x1360, uint32_t x1361 = mulx_u32(x1300, 0xffffffff);
uint32_t x1363, uint32_t x1364 = mulx_u32(x1300, 0xffffffff);
uint32_t x1366, uint8_t x1367 = mulx_u32_out_u8(x1300, 0x3);
uint32_t x1369, uint8_t x1370 = addcarryx_u32(0x0, x1337, x1339);
uint32_t x1372, uint8_t x1373 = addcarryx_u32(x1370, x1340, x1342);
uint32_t x1375, uint8_t x1376 = addcarryx_u32(x1373, x1343, x1345);
uint32_t x1378, uint8_t x1379 = addcarryx_u32(x1376, x1346, x1348);
uint32_t x1381, uint8_t x1382 = addcarryx_u32(x1379, x1349, x1351);
uint32_t x1384, uint8_t x1385 = addcarryx_u32(x1382, x1352, x1354);
uint32_t x1387, uint8_t x1388 = addcarryx_u32(x1385, x1355, x1357);
uint32_t x1390, uint8_t x1391 = addcarryx_u32(x1388, x1358, x1360);
uint32_t x1393, uint8_t x1394 = addcarryx_u32(x1391, x1361, x1363);
uint32_t x1396, uint8_t x1397 = addcarryx_u32(x1394, x1364, x1366);
uint8_t x1398 = (x1397 + x1367);
uint32_t _, uint8_t x1401 = addcarryx_u32(0x0, x1300, x1336);
uint32_t x1403, uint8_t x1404 = addcarryx_u32(x1401, x1303, x1369);
uint32_t x1406, uint8_t x1407 = addcarryx_u32(x1404, x1306, x1372);
uint32_t x1409, uint8_t x1410 = addcarryx_u32(x1407, x1309, x1375);
uint32_t x1412, uint8_t x1413 = addcarryx_u32(x1410, x1312, x1378);
uint32_t x1415, uint8_t x1416 = addcarryx_u32(x1413, x1315, x1381);
uint32_t x1418, uint8_t x1419 = addcarryx_u32(x1416, x1318, x1384);
uint32_t x1421, uint8_t x1422 = addcarryx_u32(x1419, x1321, x1387);
uint32_t x1424, uint8_t x1425 = addcarryx_u32(x1422, x1324, x1390);
uint32_t x1427, uint8_t x1428 = addcarryx_u32(x1425, x1327, x1393);
uint32_t x1430, uint8_t x1431 = addcarryx_u32(x1428, x1330, x1396);
uint32_t x1433, uint8_t x1434 = addcarryx_u32(x1431, x1333, x1398);
uint8_t x1435 = (x1434 + x1334);
uint32_t x1437, uint32_t x1438 = mulx_u32(x17, x23);
uint32_t x1440, uint32_t x1441 = mulx_u32(x17, x25);
uint32_t x1443, uint32_t x1444 = mulx_u32(x17, x27);
uint32_t x1446, uint32_t x1447 = mulx_u32(x17, x29);
uint32_t x1449, uint32_t x1450 = mulx_u32(x17, x31);
uint32_t x1452, uint32_t x1453 = mulx_u32(x17, x33);
uint32_t x1455, uint32_t x1456 = mulx_u32(x17, x35);
uint32_t x1458, uint32_t x1459 = mulx_u32(x17, x37);
uint32_t x1461, uint32_t x1462 = mulx_u32(x17, x39);
uint32_t x1464, uint32_t x1465 = mulx_u32(x17, x41);
uint32_t x1467, uint32_t x1468 = mulx_u32(x17, x40);
uint32_t x1470, uint8_t x1471 = addcarryx_u32(0x0, x1438, x1440);
uint32_t x1473, uint8_t x1474 = addcarryx_u32(x1471, x1441, x1443);
uint32_t x1476, uint8_t x1477 = addcarryx_u32(x1474, x1444, x1446);
uint32_t x1479, uint8_t x1480 = addcarryx_u32(x1477, x1447, x1449);
uint32_t x1482, uint8_t x1483 = addcarryx_u32(x1480, x1450, x1452);
uint32_t x1485, uint8_t x1486 = addcarryx_u32(x1483, x1453, x1455);
uint32_t x1488, uint8_t x1489 = addcarryx_u32(x1486, x1456, x1458);
uint32_t x1491, uint8_t x1492 = addcarryx_u32(x1489, x1459, x1461);
uint32_t x1494, uint8_t x1495 = addcarryx_u32(x1492, x1462, x1464);
uint32_t x1497, uint8_t x1498 = addcarryx_u32(x1495, x1465, x1467);
uint32_t x1500, uint8_t _ = addcarryx_u32(0x0, x1498, x1468);
uint32_t x1503, uint8_t x1504 = addcarryx_u32(0x0, x1403, x1437);
uint32_t x1506, uint8_t x1507 = addcarryx_u32(x1504, x1406, x1470);
uint32_t x1509, uint8_t x1510 = addcarryx_u32(x1507, x1409, x1473);
uint32_t x1512, uint8_t x1513 = addcarryx_u32(x1510, x1412, x1476);
uint32_t x1515, uint8_t x1516 = addcarryx_u32(x1513, x1415, x1479);
uint32_t x1518, uint8_t x1519 = addcarryx_u32(x1516, x1418, x1482);
uint32_t x1521, uint8_t x1522 = addcarryx_u32(x1519, x1421, x1485);
uint32_t x1524, uint8_t x1525 = addcarryx_u32(x1522, x1424, x1488);
uint32_t x1527, uint8_t x1528 = addcarryx_u32(x1525, x1427, x1491);
uint32_t x1530, uint8_t x1531 = addcarryx_u32(x1528, x1430, x1494);
uint32_t x1533, uint8_t x1534 = addcarryx_u32(x1531, x1433, x1497);
uint32_t x1536, uint8_t x1537 = addcarryx_u32(x1534, x1435, x1500);
uint32_t x1539, uint32_t x1540 = mulx_u32(x1503, 0xffffffff);
uint32_t x1542, uint32_t x1543 = mulx_u32(x1503, 0xffffffff);
uint32_t x1545, uint32_t x1546 = mulx_u32(x1503, 0xffffffff);
uint32_t x1548, uint32_t x1549 = mulx_u32(x1503, 0xffffffff);
uint32_t x1551, uint32_t x1552 = mulx_u32(x1503, 0xffffffff);
uint32_t x1554, uint32_t x1555 = mulx_u32(x1503, 0xfffffffd);
uint32_t x1557, uint32_t x1558 = mulx_u32(x1503, 0xffffffff);
uint32_t x1560, uint32_t x1561 = mulx_u32(x1503, 0xffffffff);
uint32_t x1563, uint32_t x1564 = mulx_u32(x1503, 0xffffffff);
uint32_t x1566, uint32_t x1567 = mulx_u32(x1503, 0xffffffff);
uint32_t x1569, uint8_t x1570 = mulx_u32_out_u8(x1503, 0x3);
uint32_t x1572, uint8_t x1573 = addcarryx_u32(0x0, x1540, x1542);
uint32_t x1575, uint8_t x1576 = addcarryx_u32(x1573, x1543, x1545);
uint32_t x1578, uint8_t x1579 = addcarryx_u32(x1576, x1546, x1548);
uint32_t x1581, uint8_t x1582 = addcarryx_u32(x1579, x1549, x1551);
uint32_t x1584, uint8_t x1585 = addcarryx_u32(x1582, x1552, x1554);
uint32_t x1587, uint8_t x1588 = addcarryx_u32(x1585, x1555, x1557);
uint32_t x1590, uint8_t x1591 = addcarryx_u32(x1588, x1558, x1560);
uint32_t x1593, uint8_t x1594 = addcarryx_u32(x1591, x1561, x1563);
uint32_t x1596, uint8_t x1597 = addcarryx_u32(x1594, x1564, x1566);
uint32_t x1599, uint8_t x1600 = addcarryx_u32(x1597, x1567, x1569);
uint8_t x1601 = (x1600 + x1570);
uint32_t _, uint8_t x1604 = addcarryx_u32(0x0, x1503, x1539);
uint32_t x1606, uint8_t x1607 = addcarryx_u32(x1604, x1506, x1572);
uint32_t x1609, uint8_t x1610 = addcarryx_u32(x1607, x1509, x1575);
uint32_t x1612, uint8_t x1613 = addcarryx_u32(x1610, x1512, x1578);
uint32_t x1615, uint8_t x1616 = addcarryx_u32(x1613, x1515, x1581);
uint32_t x1618, uint8_t x1619 = addcarryx_u32(x1616, x1518, x1584);
uint32_t x1621, uint8_t x1622 = addcarryx_u32(x1619, x1521, x1587);
uint32_t x1624, uint8_t x1625 = addcarryx_u32(x1622, x1524, x1590);
uint32_t x1627, uint8_t x1628 = addcarryx_u32(x1625, x1527, x1593);
uint32_t x1630, uint8_t x1631 = addcarryx_u32(x1628, x1530, x1596);
uint32_t x1633, uint8_t x1634 = addcarryx_u32(x1631, x1533, x1599);
uint32_t x1636, uint8_t x1637 = addcarryx_u32(x1634, x1536, x1601);
uint8_t x1638 = (x1637 + x1537);
uint32_t x1640, uint32_t x1641 = mulx_u32(x19, x23);
uint32_t x1643, uint32_t x1644 = mulx_u32(x19, x25);
uint32_t x1646, uint32_t x1647 = mulx_u32(x19, x27);
uint32_t x1649, uint32_t x1650 = mulx_u32(x19, x29);
uint32_t x1652, uint32_t x1653 = mulx_u32(x19, x31);
uint32_t x1655, uint32_t x1656 = mulx_u32(x19, x33);
uint32_t x1658, uint32_t x1659 = mulx_u32(x19, x35);
uint32_t x1661, uint32_t x1662 = mulx_u32(x19, x37);
uint32_t x1664, uint32_t x1665 = mulx_u32(x19, x39);
uint32_t x1667, uint32_t x1668 = mulx_u32(x19, x41);
uint32_t x1670, uint32_t x1671 = mulx_u32(x19, x40);
uint32_t x1673, uint8_t x1674 = addcarryx_u32(0x0, x1641, x1643);
uint32_t x1676, uint8_t x1677 = addcarryx_u32(x1674, x1644, x1646);
uint32_t x1679, uint8_t x1680 = addcarryx_u32(x1677, x1647, x1649);
uint32_t x1682, uint8_t x1683 = addcarryx_u32(x1680, x1650, x1652);
uint32_t x1685, uint8_t x1686 = addcarryx_u32(x1683, x1653, x1655);
uint32_t x1688, uint8_t x1689 = addcarryx_u32(x1686, x1656, x1658);
uint32_t x1691, uint8_t x1692 = addcarryx_u32(x1689, x1659, x1661);
uint32_t x1694, uint8_t x1695 = addcarryx_u32(x1692, x1662, x1664);
uint32_t x1697, uint8_t x1698 = addcarryx_u32(x1695, x1665, x1667);
uint32_t x1700, uint8_t x1701 = addcarryx_u32(x1698, x1668, x1670);
uint32_t x1703, uint8_t _ = addcarryx_u32(0x0, x1701, x1671);
uint32_t x1706, uint8_t x1707 = addcarryx_u32(0x0, x1606, x1640);
uint32_t x1709, uint8_t x1710 = addcarryx_u32(x1707, x1609, x1673);
uint32_t x1712, uint8_t x1713 = addcarryx_u32(x1710, x1612, x1676);
uint32_t x1715, uint8_t x1716 = addcarryx_u32(x1713, x1615, x1679);
uint32_t x1718, uint8_t x1719 = addcarryx_u32(x1716, x1618, x1682);
uint32_t x1721, uint8_t x1722 = addcarryx_u32(x1719, x1621, x1685);
uint32_t x1724, uint8_t x1725 = addcarryx_u32(x1722, x1624, x1688);
uint32_t x1727, uint8_t x1728 = addcarryx_u32(x1725, x1627, x1691);
uint32_t x1730, uint8_t x1731 = addcarryx_u32(x1728, x1630, x1694);
uint32_t x1733, uint8_t x1734 = addcarryx_u32(x1731, x1633, x1697);
uint32_t x1736, uint8_t x1737 = addcarryx_u32(x1734, x1636, x1700);
uint32_t x1739, uint8_t x1740 = addcarryx_u32(x1737, x1638, x1703);
uint32_t x1742, uint32_t x1743 = mulx_u32(x1706, 0xffffffff);
uint32_t x1745, uint32_t x1746 = mulx_u32(x1706, 0xffffffff);
uint32_t x1748, uint32_t x1749 = mulx_u32(x1706, 0xffffffff);
uint32_t x1751, uint32_t x1752 = mulx_u32(x1706, 0xffffffff);
uint32_t x1754, uint32_t x1755 = mulx_u32(x1706, 0xffffffff);
uint32_t x1757, uint32_t x1758 = mulx_u32(x1706, 0xfffffffd);
uint32_t x1760, uint32_t x1761 = mulx_u32(x1706, 0xffffffff);
uint32_t x1763, uint32_t x1764 = mulx_u32(x1706, 0xffffffff);
uint32_t x1766, uint32_t x1767 = mulx_u32(x1706, 0xffffffff);
uint32_t x1769, uint32_t x1770 = mulx_u32(x1706, 0xffffffff);
uint32_t x1772, uint8_t x1773 = mulx_u32_out_u8(x1706, 0x3);
uint32_t x1775, uint8_t x1776 = addcarryx_u32(0x0, x1743, x1745);
uint32_t x1778, uint8_t x1779 = addcarryx_u32(x1776, x1746, x1748);
uint32_t x1781, uint8_t x1782 = addcarryx_u32(x1779, x1749, x1751);
uint32_t x1784, uint8_t x1785 = addcarryx_u32(x1782, x1752, x1754);
uint32_t x1787, uint8_t x1788 = addcarryx_u32(x1785, x1755, x1757);
uint32_t x1790, uint8_t x1791 = addcarryx_u32(x1788, x1758, x1760);
uint32_t x1793, uint8_t x1794 = addcarryx_u32(x1791, x1761, x1763);
uint32_t x1796, uint8_t x1797 = addcarryx_u32(x1794, x1764, x1766);
uint32_t x1799, uint8_t x1800 = addcarryx_u32(x1797, x1767, x1769);
uint32_t x1802, uint8_t x1803 = addcarryx_u32(x1800, x1770, x1772);
uint8_t x1804 = (x1803 + x1773);
uint32_t _, uint8_t x1807 = addcarryx_u32(0x0, x1706, x1742);
uint32_t x1809, uint8_t x1810 = addcarryx_u32(x1807, x1709, x1775);
uint32_t x1812, uint8_t x1813 = addcarryx_u32(x1810, x1712, x1778);
uint32_t x1815, uint8_t x1816 = addcarryx_u32(x1813, x1715, x1781);
uint32_t x1818, uint8_t x1819 = addcarryx_u32(x1816, x1718, x1784);
uint32_t x1821, uint8_t x1822 = addcarryx_u32(x1819, x1721, x1787);
uint32_t x1824, uint8_t x1825 = addcarryx_u32(x1822, x1724, x1790);
uint32_t x1827, uint8_t x1828 = addcarryx_u32(x1825, x1727, x1793);
uint32_t x1830, uint8_t x1831 = addcarryx_u32(x1828, x1730, x1796);
uint32_t x1833, uint8_t x1834 = addcarryx_u32(x1831, x1733, x1799);
uint32_t x1836, uint8_t x1837 = addcarryx_u32(x1834, x1736, x1802);
uint32_t x1839, uint8_t x1840 = addcarryx_u32(x1837, x1739, x1804);
uint8_t x1841 = (x1840 + x1740);
uint32_t x1843, uint32_t x1844 = mulx_u32(x21, x23);
uint32_t x1846, uint32_t x1847 = mulx_u32(x21, x25);
uint32_t x1849, uint32_t x1850 = mulx_u32(x21, x27);
uint32_t x1852, uint32_t x1853 = mulx_u32(x21, x29);
uint32_t x1855, uint32_t x1856 = mulx_u32(x21, x31);
uint32_t x1858, uint32_t x1859 = mulx_u32(x21, x33);
uint32_t x1861, uint32_t x1862 = mulx_u32(x21, x35);
uint32_t x1864, uint32_t x1865 = mulx_u32(x21, x37);
uint32_t x1867, uint32_t x1868 = mulx_u32(x21, x39);
uint32_t x1870, uint32_t x1871 = mulx_u32(x21, x41);
uint32_t x1873, uint32_t x1874 = mulx_u32(x21, x40);
uint32_t x1876, uint8_t x1877 = addcarryx_u32(0x0, x1844, x1846);
uint32_t x1879, uint8_t x1880 = addcarryx_u32(x1877, x1847, x1849);
uint32_t x1882, uint8_t x1883 = addcarryx_u32(x1880, x1850, x1852);
uint32_t x1885, uint8_t x1886 = addcarryx_u32(x1883, x1853, x1855);
uint32_t x1888, uint8_t x1889 = addcarryx_u32(x1886, x1856, x1858);
uint32_t x1891, uint8_t x1892 = addcarryx_u32(x1889, x1859, x1861);
uint32_t x1894, uint8_t x1895 = addcarryx_u32(x1892, x1862, x1864);
uint32_t x1897, uint8_t x1898 = addcarryx_u32(x1895, x1865, x1867);
uint32_t x1900, uint8_t x1901 = addcarryx_u32(x1898, x1868, x1870);
uint32_t x1903, uint8_t x1904 = addcarryx_u32(x1901, x1871, x1873);
uint32_t x1906, uint8_t _ = addcarryx_u32(0x0, x1904, x1874);
uint32_t x1909, uint8_t x1910 = addcarryx_u32(0x0, x1809, x1843);
uint32_t x1912, uint8_t x1913 = addcarryx_u32(x1910, x1812, x1876);
uint32_t x1915, uint8_t x1916 = addcarryx_u32(x1913, x1815, x1879);
uint32_t x1918, uint8_t x1919 = addcarryx_u32(x1916, x1818, x1882);
uint32_t x1921, uint8_t x1922 = addcarryx_u32(x1919, x1821, x1885);
uint32_t x1924, uint8_t x1925 = addcarryx_u32(x1922, x1824, x1888);
uint32_t x1927, uint8_t x1928 = addcarryx_u32(x1925, x1827, x1891);
uint32_t x1930, uint8_t x1931 = addcarryx_u32(x1928, x1830, x1894);
uint32_t x1933, uint8_t x1934 = addcarryx_u32(x1931, x1833, x1897);
uint32_t x1936, uint8_t x1937 = addcarryx_u32(x1934, x1836, x1900);
uint32_t x1939, uint8_t x1940 = addcarryx_u32(x1937, x1839, x1903);
uint32_t x1942, uint8_t x1943 = addcarryx_u32(x1940, x1841, x1906);
uint32_t x1945, uint32_t x1946 = mulx_u32(x1909, 0xffffffff);
uint32_t x1948, uint32_t x1949 = mulx_u32(x1909, 0xffffffff);
uint32_t x1951, uint32_t x1952 = mulx_u32(x1909, 0xffffffff);
uint32_t x1954, uint32_t x1955 = mulx_u32(x1909, 0xffffffff);
uint32_t x1957, uint32_t x1958 = mulx_u32(x1909, 0xffffffff);
uint32_t x1960, uint32_t x1961 = mulx_u32(x1909, 0xfffffffd);
uint32_t x1963, uint32_t x1964 = mulx_u32(x1909, 0xffffffff);
uint32_t x1966, uint32_t x1967 = mulx_u32(x1909, 0xffffffff);
uint32_t x1969, uint32_t x1970 = mulx_u32(x1909, 0xffffffff);
uint32_t x1972, uint32_t x1973 = mulx_u32(x1909, 0xffffffff);
uint32_t x1975, uint8_t x1976 = mulx_u32_out_u8(x1909, 0x3);
uint32_t x1978, uint8_t x1979 = addcarryx_u32(0x0, x1946, x1948);
uint32_t x1981, uint8_t x1982 = addcarryx_u32(x1979, x1949, x1951);
uint32_t x1984, uint8_t x1985 = addcarryx_u32(x1982, x1952, x1954);
uint32_t x1987, uint8_t x1988 = addcarryx_u32(x1985, x1955, x1957);
uint32_t x1990, uint8_t x1991 = addcarryx_u32(x1988, x1958, x1960);
uint32_t x1993, uint8_t x1994 = addcarryx_u32(x1991, x1961, x1963);
uint32_t x1996, uint8_t x1997 = addcarryx_u32(x1994, x1964, x1966);
uint32_t x1999, uint8_t x2000 = addcarryx_u32(x1997, x1967, x1969);
uint32_t x2002, uint8_t x2003 = addcarryx_u32(x2000, x1970, x1972);
uint32_t x2005, uint8_t x2006 = addcarryx_u32(x2003, x1973, x1975);
uint8_t x2007 = (x2006 + x1976);
uint32_t _, uint8_t x2010 = addcarryx_u32(0x0, x1909, x1945);
uint32_t x2012, uint8_t x2013 = addcarryx_u32(x2010, x1912, x1978);
uint32_t x2015, uint8_t x2016 = addcarryx_u32(x2013, x1915, x1981);
uint32_t x2018, uint8_t x2019 = addcarryx_u32(x2016, x1918, x1984);
uint32_t x2021, uint8_t x2022 = addcarryx_u32(x2019, x1921, x1987);
uint32_t x2024, uint8_t x2025 = addcarryx_u32(x2022, x1924, x1990);
uint32_t x2027, uint8_t x2028 = addcarryx_u32(x2025, x1927, x1993);
uint32_t x2030, uint8_t x2031 = addcarryx_u32(x2028, x1930, x1996);
uint32_t x2033, uint8_t x2034 = addcarryx_u32(x2031, x1933, x1999);
uint32_t x2036, uint8_t x2037 = addcarryx_u32(x2034, x1936, x2002);
uint32_t x2039, uint8_t x2040 = addcarryx_u32(x2037, x1939, x2005);
uint32_t x2042, uint8_t x2043 = addcarryx_u32(x2040, x1942, x2007);
uint8_t x2044 = (x2043 + x1943);
uint32_t x2046, uint32_t x2047 = mulx_u32(x20, x23);
uint32_t x2049, uint32_t x2050 = mulx_u32(x20, x25);
uint32_t x2052, uint32_t x2053 = mulx_u32(x20, x27);
uint32_t x2055, uint32_t x2056 = mulx_u32(x20, x29);
uint32_t x2058, uint32_t x2059 = mulx_u32(x20, x31);
uint32_t x2061, uint32_t x2062 = mulx_u32(x20, x33);
uint32_t x2064, uint32_t x2065 = mulx_u32(x20, x35);
uint32_t x2067, uint32_t x2068 = mulx_u32(x20, x37);
uint32_t x2070, uint32_t x2071 = mulx_u32(x20, x39);
uint32_t x2073, uint32_t x2074 = mulx_u32(x20, x41);
uint32_t x2076, uint32_t x2077 = mulx_u32(x20, x40);
uint32_t x2079, uint8_t x2080 = addcarryx_u32(0x0, x2047, x2049);
uint32_t x2082, uint8_t x2083 = addcarryx_u32(x2080, x2050, x2052);
uint32_t x2085, uint8_t x2086 = addcarryx_u32(x2083, x2053, x2055);
uint32_t x2088, uint8_t x2089 = addcarryx_u32(x2086, x2056, x2058);
uint32_t x2091, uint8_t x2092 = addcarryx_u32(x2089, x2059, x2061);
uint32_t x2094, uint8_t x2095 = addcarryx_u32(x2092, x2062, x2064);
uint32_t x2097, uint8_t x2098 = addcarryx_u32(x2095, x2065, x2067);
uint32_t x2100, uint8_t x2101 = addcarryx_u32(x2098, x2068, x2070);
uint32_t x2103, uint8_t x2104 = addcarryx_u32(x2101, x2071, x2073);
uint32_t x2106, uint8_t x2107 = addcarryx_u32(x2104, x2074, x2076);
uint32_t x2109, uint8_t _ = addcarryx_u32(0x0, x2107, x2077);
uint32_t x2112, uint8_t x2113 = addcarryx_u32(0x0, x2012, x2046);
uint32_t x2115, uint8_t x2116 = addcarryx_u32(x2113, x2015, x2079);
uint32_t x2118, uint8_t x2119 = addcarryx_u32(x2116, x2018, x2082);
uint32_t x2121, uint8_t x2122 = addcarryx_u32(x2119, x2021, x2085);
uint32_t x2124, uint8_t x2125 = addcarryx_u32(x2122, x2024, x2088);
uint32_t x2127, uint8_t x2128 = addcarryx_u32(x2125, x2027, x2091);
uint32_t x2130, uint8_t x2131 = addcarryx_u32(x2128, x2030, x2094);
uint32_t x2133, uint8_t x2134 = addcarryx_u32(x2131, x2033, x2097);
uint32_t x2136, uint8_t x2137 = addcarryx_u32(x2134, x2036, x2100);
uint32_t x2139, uint8_t x2140 = addcarryx_u32(x2137, x2039, x2103);
uint32_t x2142, uint8_t x2143 = addcarryx_u32(x2140, x2042, x2106);
uint32_t x2145, uint8_t x2146 = addcarryx_u32(x2143, x2044, x2109);
uint32_t x2148, uint32_t x2149 = mulx_u32(x2112, 0xffffffff);
uint32_t x2151, uint32_t x2152 = mulx_u32(x2112, 0xffffffff);
uint32_t x2154, uint32_t x2155 = mulx_u32(x2112, 0xffffffff);
uint32_t x2157, uint32_t x2158 = mulx_u32(x2112, 0xffffffff);
uint32_t x2160, uint32_t x2161 = mulx_u32(x2112, 0xffffffff);
uint32_t x2163, uint32_t x2164 = mulx_u32(x2112, 0xfffffffd);
uint32_t x2166, uint32_t x2167 = mulx_u32(x2112, 0xffffffff);
uint32_t x2169, uint32_t x2170 = mulx_u32(x2112, 0xffffffff);
uint32_t x2172, uint32_t x2173 = mulx_u32(x2112, 0xffffffff);
uint32_t x2175, uint32_t x2176 = mulx_u32(x2112, 0xffffffff);
uint32_t x2178, uint8_t x2179 = mulx_u32_out_u8(x2112, 0x3);
uint32_t x2181, uint8_t x2182 = addcarryx_u32(0x0, x2149, x2151);
uint32_t x2184, uint8_t x2185 = addcarryx_u32(x2182, x2152, x2154);
uint32_t x2187, uint8_t x2188 = addcarryx_u32(x2185, x2155, x2157);
uint32_t x2190, uint8_t x2191 = addcarryx_u32(x2188, x2158, x2160);
uint32_t x2193, uint8_t x2194 = addcarryx_u32(x2191, x2161, x2163);
uint32_t x2196, uint8_t x2197 = addcarryx_u32(x2194, x2164, x2166);
uint32_t x2199, uint8_t x2200 = addcarryx_u32(x2197, x2167, x2169);
uint32_t x2202, uint8_t x2203 = addcarryx_u32(x2200, x2170, x2172);
uint32_t x2205, uint8_t x2206 = addcarryx_u32(x2203, x2173, x2175);
uint32_t x2208, uint8_t x2209 = addcarryx_u32(x2206, x2176, x2178);
uint8_t x2210 = (x2209 + x2179);
uint32_t _, uint8_t x2213 = addcarryx_u32(0x0, x2112, x2148);
uint32_t x2215, uint8_t x2216 = addcarryx_u32(x2213, x2115, x2181);
uint32_t x2218, uint8_t x2219 = addcarryx_u32(x2216, x2118, x2184);
uint32_t x2221, uint8_t x2222 = addcarryx_u32(x2219, x2121, x2187);
uint32_t x2224, uint8_t x2225 = addcarryx_u32(x2222, x2124, x2190);
uint32_t x2227, uint8_t x2228 = addcarryx_u32(x2225, x2127, x2193);
uint32_t x2230, uint8_t x2231 = addcarryx_u32(x2228, x2130, x2196);
uint32_t x2233, uint8_t x2234 = addcarryx_u32(x2231, x2133, x2199);
uint32_t x2236, uint8_t x2237 = addcarryx_u32(x2234, x2136, x2202);
uint32_t x2239, uint8_t x2240 = addcarryx_u32(x2237, x2139, x2205);
uint32_t x2242, uint8_t x2243 = addcarryx_u32(x2240, x2142, x2208);
uint32_t x2245, uint8_t x2246 = addcarryx_u32(x2243, x2145, x2210);
uint8_t x2247 = (x2246 + x2146);
uint32_t x2249, uint8_t x2250 = subborrow_u32(0x0, x2215, 0xffffffff);
uint32_t x2252, uint8_t x2253 = subborrow_u32(x2250, x2218, 0xffffffff);
uint32_t x2255, uint8_t x2256 = subborrow_u32(x2253, x2221, 0xffffffff);
uint32_t x2258, uint8_t x2259 = subborrow_u32(x2256, x2224, 0xffffffff);
uint32_t x2261, uint8_t x2262 = subborrow_u32(x2259, x2227, 0xffffffff);
uint32_t x2264, uint8_t x2265 = subborrow_u32(x2262, x2230, 0xfffffffd);
uint32_t x2267, uint8_t x2268 = subborrow_u32(x2265, x2233, 0xffffffff);
uint32_t x2270, uint8_t x2271 = subborrow_u32(x2268, x2236, 0xffffffff);
uint32_t x2273, uint8_t x2274 = subborrow_u32(x2271, x2239, 0xffffffff);
uint32_t x2276, uint8_t x2277 = subborrow_u32(x2274, x2242, 0xffffffff);
uint32_t x2279, uint8_t x2280 = subborrow_u32(x2277, x2245, 0x3);
uint32_t _, uint8_t x2283 = subborrow_u32(x2280, x2247, 0x0);
(cmovznz32(x2283, x2279, x2245), cmovznz32(x2283, x2276, x2242), cmovznz32(x2283, x2273, x2239), cmovznz32(x2283, x2270, x2236), cmovznz32(x2283, x2267, x2233), cmovznz32(x2283, x2264, x2230), cmovznz32(x2283, x2261, x2227), cmovznz32(x2283, x2258, x2224), cmovznz32(x2283, x2255, x2221), cmovznz32(x2283, x2252, x2218), cmovznz32(x2283, x2249, x2215))
     : ∀ var : Z.Syntax.base_type → Type, expr Z.Syntax.base_type Z.Syntax.op (uint32_t * uint32_t * uint32_t * uint32_t * uint32_t * uint32_t * uint32_t * uint32_t * uint32_t * uint32_t * uint32_t * (uint32_t * uint32_t * uint32_t * uint32_t * uint32_t * uint32_t * uint32_t * uint32_t * uint32_t * uint32_t * uint32_t) -> uint32_t * uint32_t * uint32_t * uint32_t * uint32_t * uint32_t * uint32_t * uint32_t * uint32_t * uint32_t * uint32_t)

Argument scope is [function_scope]
