mul = λ var : Z.Syntax.base_type → Type,
λ '(x34, x35, x33, x31, x29, x27, x25, x23, x21, x19, x17, x15, x13, x11, x9, x7, x5, x3, (x68, x69, x67, x65, x63, x61, x59, x57, x55, x53, x51, x49, x47, x45, x43, x41, x39, x37))%core,
uint64_t x70 = ((0x2 * ((uint64_t)(x19 + x34) * (x53 + x68))) - (0x2 * ((uint64_t)x19 * x53)));
uint64_t x71 = (((0x2 * ((uint64_t)(x17 + x35) * (x53 + x68))) + (0x2 * ((uint64_t)(x19 + x34) * (x51 + x69)))) - ((0x2 * ((uint64_t)x17 * x53)) + (0x2 * ((uint64_t)x19 * x51))));
uint64_t x72 = (((0x2 * ((uint64_t)(x15 + x33) * (x53 + x68))) + ((0x2 * ((uint64_t)(x17 + x35) * (x51 + x69))) + (0x2 * ((uint64_t)(x19 + x34) * (x49 + x67))))) - ((0x2 * ((uint64_t)x15 * x53)) + ((0x2 * ((uint64_t)x17 * x51)) + (0x2 * ((uint64_t)x19 * x49)))));
uint64_t x73 = (((0x2 * ((uint64_t)(x13 + x31) * (x53 + x68))) + ((0x2 * ((uint64_t)(x15 + x33) * (x51 + x69))) + ((0x2 * ((uint64_t)(x17 + x35) * (x49 + x67))) + (0x2 * ((uint64_t)(x19 + x34) * (x47 + x65)))))) - ((0x2 * ((uint64_t)x13 * x53)) + ((0x2 * ((uint64_t)x15 * x51)) + ((0x2 * ((uint64_t)x17 * x49)) + (0x2 * ((uint64_t)x19 * x47))))));
uint64_t x74 = (((0x2 * ((uint64_t)(x11 + x29) * (x53 + x68))) + ((0x2 * ((uint64_t)(x13 + x31) * (x51 + x69))) + ((0x2 * ((uint64_t)(x15 + x33) * (x49 + x67))) + ((0x2 * ((uint64_t)(x17 + x35) * (x47 + x65))) + (0x2 * ((uint64_t)(x19 + x34) * (x45 + x63))))))) - ((0x2 * ((uint64_t)x11 * x53)) + ((0x2 * ((uint64_t)x13 * x51)) + ((0x2 * ((uint64_t)x15 * x49)) + ((0x2 * ((uint64_t)x17 * x47)) + (0x2 * ((uint64_t)x19 * x45)))))));
uint64_t x75 = (((0x2 * ((uint64_t)(x9 + x27) * (x53 + x68))) + ((0x2 * ((uint64_t)(x11 + x29) * (x51 + x69))) + ((0x2 * ((uint64_t)(x13 + x31) * (x49 + x67))) + ((0x2 * ((uint64_t)(x15 + x33) * (x47 + x65))) + ((0x2 * ((uint64_t)(x17 + x35) * (x45 + x63))) + (0x2 * ((uint64_t)(x19 + x34) * (x43 + x61)))))))) - ((0x2 * ((uint64_t)x9 * x53)) + ((0x2 * ((uint64_t)x11 * x51)) + ((0x2 * ((uint64_t)x13 * x49)) + ((0x2 * ((uint64_t)x15 * x47)) + ((0x2 * ((uint64_t)x17 * x45)) + (0x2 * ((uint64_t)x19 * x43))))))));
uint64_t x76 = (((0x2 * ((uint64_t)(x7 + x25) * (x53 + x68))) + ((0x2 * ((uint64_t)(x9 + x27) * (x51 + x69))) + ((0x2 * ((uint64_t)(x11 + x29) * (x49 + x67))) + ((0x2 * ((uint64_t)(x13 + x31) * (x47 + x65))) + ((0x2 * ((uint64_t)(x15 + x33) * (x45 + x63))) + ((0x2 * ((uint64_t)(x17 + x35) * (x43 + x61))) + (0x2 * ((uint64_t)(x19 + x34) * (x41 + x59))))))))) - ((0x2 * ((uint64_t)x7 * x53)) + ((0x2 * ((uint64_t)x9 * x51)) + ((0x2 * ((uint64_t)x11 * x49)) + ((0x2 * ((uint64_t)x13 * x47)) + ((0x2 * ((uint64_t)x15 * x45)) + ((0x2 * ((uint64_t)x17 * x43)) + (0x2 * ((uint64_t)x19 * x41)))))))));
uint64_t x77 = (((0x2 * ((uint64_t)(x5 + x23) * (x53 + x68))) + ((0x2 * ((uint64_t)(x7 + x25) * (x51 + x69))) + ((0x2 * ((uint64_t)(x9 + x27) * (x49 + x67))) + ((0x2 * ((uint64_t)(x11 + x29) * (x47 + x65))) + ((0x2 * ((uint64_t)(x13 + x31) * (x45 + x63))) + ((0x2 * ((uint64_t)(x15 + x33) * (x43 + x61))) + ((0x2 * ((uint64_t)(x17 + x35) * (x41 + x59))) + (0x2 * ((uint64_t)(x19 + x34) * (x39 + x57)))))))))) - ((0x2 * ((uint64_t)x5 * x53)) + ((0x2 * ((uint64_t)x7 * x51)) + ((0x2 * ((uint64_t)x9 * x49)) + ((0x2 * ((uint64_t)x11 * x47)) + ((0x2 * ((uint64_t)x13 * x45)) + ((0x2 * ((uint64_t)x15 * x43)) + ((0x2 * ((uint64_t)x17 * x41)) + (0x2 * ((uint64_t)x19 * x39))))))))));
uint64_t x78 = ((((uint64_t)(x3 + x21) * (x53 + x68)) + (((uint64_t)(x5 + x23) * (x51 + x69)) + (((uint64_t)(x7 + x25) * (x49 + x67)) + (((uint64_t)(x9 + x27) * (x47 + x65)) + (((uint64_t)(x11 + x29) * (x45 + x63)) + (((uint64_t)(x13 + x31) * (x43 + x61)) + (((uint64_t)(x15 + x33) * (x41 + x59)) + (((uint64_t)(x17 + x35) * (x39 + x57)) + ((uint64_t)(x19 + x34) * (x37 + x55)))))))))) - (((uint64_t)x3 * x53) + (((uint64_t)x5 * x51) + (((uint64_t)x7 * x49) + (((uint64_t)x9 * x47) + (((uint64_t)x11 * x45) + (((uint64_t)x13 * x43) + (((uint64_t)x15 * x41) + (((uint64_t)x17 * x39) + ((uint64_t)x19 * x37))))))))));
uint64_t x79 = (((0x2 * ((uint64_t)x19 * x53)) + (0x2 * ((uint64_t)x34 * x68))) + ((((uint64_t)(x3 + x21) * (x51 + x69)) + (((uint64_t)(x5 + x23) * (x49 + x67)) + (((uint64_t)(x7 + x25) * (x47 + x65)) + (((uint64_t)(x9 + x27) * (x45 + x63)) + (((uint64_t)(x11 + x29) * (x43 + x61)) + (((uint64_t)(x13 + x31) * (x41 + x59)) + (((uint64_t)(x15 + x33) * (x39 + x57)) + ((uint64_t)(x17 + x35) * (x37 + x55))))))))) - (((uint64_t)x3 * x51) + (((uint64_t)x5 * x49) + (((uint64_t)x7 * x47) + (((uint64_t)x9 * x45) + (((uint64_t)x11 * x43) + (((uint64_t)x13 * x41) + (((uint64_t)x15 * x39) + ((uint64_t)x17 * x37))))))))));
uint64_t x80 = ((((0x2 * ((uint64_t)x17 * x53)) + (0x2 * ((uint64_t)x19 * x51))) + ((0x2 * ((uint64_t)x35 * x68)) + (0x2 * ((uint64_t)x34 * x69)))) + ((((uint64_t)(x3 + x21) * (x49 + x67)) + (((uint64_t)(x5 + x23) * (x47 + x65)) + (((uint64_t)(x7 + x25) * (x45 + x63)) + (((uint64_t)(x9 + x27) * (x43 + x61)) + (((uint64_t)(x11 + x29) * (x41 + x59)) + (((uint64_t)(x13 + x31) * (x39 + x57)) + ((uint64_t)(x15 + x33) * (x37 + x55)))))))) - (((uint64_t)x3 * x49) + (((uint64_t)x5 * x47) + (((uint64_t)x7 * x45) + (((uint64_t)x9 * x43) + (((uint64_t)x11 * x41) + (((uint64_t)x13 * x39) + ((uint64_t)x15 * x37)))))))));
uint64_t x81 = ((((0x2 * ((uint64_t)x15 * x53)) + ((0x2 * ((uint64_t)x17 * x51)) + (0x2 * ((uint64_t)x19 * x49)))) + ((0x2 * ((uint64_t)x33 * x68)) + ((0x2 * ((uint64_t)x35 * x69)) + (0x2 * ((uint64_t)x34 * x67))))) + ((((uint64_t)(x3 + x21) * (x47 + x65)) + (((uint64_t)(x5 + x23) * (x45 + x63)) + (((uint64_t)(x7 + x25) * (x43 + x61)) + (((uint64_t)(x9 + x27) * (x41 + x59)) + (((uint64_t)(x11 + x29) * (x39 + x57)) + ((uint64_t)(x13 + x31) * (x37 + x55))))))) - (((uint64_t)x3 * x47) + (((uint64_t)x5 * x45) + (((uint64_t)x7 * x43) + (((uint64_t)x9 * x41) + (((uint64_t)x11 * x39) + ((uint64_t)x13 * x37))))))));
uint64_t x82 = ((((0x2 * ((uint64_t)x13 * x53)) + ((0x2 * ((uint64_t)x15 * x51)) + ((0x2 * ((uint64_t)x17 * x49)) + (0x2 * ((uint64_t)x19 * x47))))) + ((0x2 * ((uint64_t)x31 * x68)) + ((0x2 * ((uint64_t)x33 * x69)) + ((0x2 * ((uint64_t)x35 * x67)) + (0x2 * ((uint64_t)x34 * x65)))))) + ((((uint64_t)(x3 + x21) * (x45 + x63)) + (((uint64_t)(x5 + x23) * (x43 + x61)) + (((uint64_t)(x7 + x25) * (x41 + x59)) + (((uint64_t)(x9 + x27) * (x39 + x57)) + ((uint64_t)(x11 + x29) * (x37 + x55)))))) - (((uint64_t)x3 * x45) + (((uint64_t)x5 * x43) + (((uint64_t)x7 * x41) + (((uint64_t)x9 * x39) + ((uint64_t)x11 * x37)))))));
uint64_t x83 = ((((0x2 * ((uint64_t)x11 * x53)) + ((0x2 * ((uint64_t)x13 * x51)) + ((0x2 * ((uint64_t)x15 * x49)) + ((0x2 * ((uint64_t)x17 * x47)) + (0x2 * ((uint64_t)x19 * x45)))))) + ((0x2 * ((uint64_t)x29 * x68)) + ((0x2 * ((uint64_t)x31 * x69)) + ((0x2 * ((uint64_t)x33 * x67)) + ((0x2 * ((uint64_t)x35 * x65)) + (0x2 * ((uint64_t)x34 * x63))))))) + ((((uint64_t)(x3 + x21) * (x43 + x61)) + (((uint64_t)(x5 + x23) * (x41 + x59)) + (((uint64_t)(x7 + x25) * (x39 + x57)) + ((uint64_t)(x9 + x27) * (x37 + x55))))) - (((uint64_t)x3 * x43) + (((uint64_t)x5 * x41) + (((uint64_t)x7 * x39) + ((uint64_t)x9 * x37))))));
uint64_t x84 = ((((0x2 * ((uint64_t)x9 * x53)) + ((0x2 * ((uint64_t)x11 * x51)) + ((0x2 * ((uint64_t)x13 * x49)) + ((0x2 * ((uint64_t)x15 * x47)) + ((0x2 * ((uint64_t)x17 * x45)) + (0x2 * ((uint64_t)x19 * x43))))))) + ((0x2 * ((uint64_t)x27 * x68)) + ((0x2 * ((uint64_t)x29 * x69)) + ((0x2 * ((uint64_t)x31 * x67)) + ((0x2 * ((uint64_t)x33 * x65)) + ((0x2 * ((uint64_t)x35 * x63)) + (0x2 * ((uint64_t)x34 * x61)))))))) + ((((uint64_t)(x3 + x21) * (x41 + x59)) + (((uint64_t)(x5 + x23) * (x39 + x57)) + ((uint64_t)(x7 + x25) * (x37 + x55)))) - (((uint64_t)x3 * x41) + (((uint64_t)x5 * x39) + ((uint64_t)x7 * x37)))));
uint64_t x85 = ((((0x2 * ((uint64_t)x7 * x53)) + ((0x2 * ((uint64_t)x9 * x51)) + ((0x2 * ((uint64_t)x11 * x49)) + ((0x2 * ((uint64_t)x13 * x47)) + ((0x2 * ((uint64_t)x15 * x45)) + ((0x2 * ((uint64_t)x17 * x43)) + (0x2 * ((uint64_t)x19 * x41)))))))) + ((0x2 * ((uint64_t)x25 * x68)) + ((0x2 * ((uint64_t)x27 * x69)) + ((0x2 * ((uint64_t)x29 * x67)) + ((0x2 * ((uint64_t)x31 * x65)) + ((0x2 * ((uint64_t)x33 * x63)) + ((0x2 * ((uint64_t)x35 * x61)) + (0x2 * ((uint64_t)x34 * x59))))))))) + ((((uint64_t)(x3 + x21) * (x39 + x57)) + ((uint64_t)(x5 + x23) * (x37 + x55))) - (((uint64_t)x3 * x39) + ((uint64_t)x5 * x37))));
uint64_t x86 = ((((0x2 * ((uint64_t)x5 * x53)) + ((0x2 * ((uint64_t)x7 * x51)) + ((0x2 * ((uint64_t)x9 * x49)) + ((0x2 * ((uint64_t)x11 * x47)) + ((0x2 * ((uint64_t)x13 * x45)) + ((0x2 * ((uint64_t)x15 * x43)) + ((0x2 * ((uint64_t)x17 * x41)) + (0x2 * ((uint64_t)x19 * x39))))))))) + ((0x2 * ((uint64_t)x23 * x68)) + ((0x2 * ((uint64_t)x25 * x69)) + ((0x2 * ((uint64_t)x27 * x67)) + ((0x2 * ((uint64_t)x29 * x65)) + ((0x2 * ((uint64_t)x31 * x63)) + ((0x2 * ((uint64_t)x33 * x61)) + ((0x2 * ((uint64_t)x35 * x59)) + (0x2 * ((uint64_t)x34 * x57)))))))))) + (((uint64_t)(x3 + x21) * (x37 + x55)) - ((uint64_t)x3 * x37)));
uint64_t x87 = ((((uint64_t)x3 * x53) + (((uint64_t)x5 * x51) + (((uint64_t)x7 * x49) + (((uint64_t)x9 * x47) + (((uint64_t)x11 * x45) + (((uint64_t)x13 * x43) + (((uint64_t)x15 * x41) + (((uint64_t)x17 * x39) + ((uint64_t)x19 * x37))))))))) + (((uint64_t)x21 * x68) + (((uint64_t)x23 * x69) + (((uint64_t)x25 * x67) + (((uint64_t)x27 * x65) + (((uint64_t)x29 * x63) + (((uint64_t)x31 * x61) + (((uint64_t)x33 * x59) + (((uint64_t)x35 * x57) + ((uint64_t)x34 * x55))))))))));
uint64_t x88 = ((((uint64_t)x3 * x51) + (((uint64_t)x5 * x49) + (((uint64_t)x7 * x47) + (((uint64_t)x9 * x45) + (((uint64_t)x11 * x43) + (((uint64_t)x13 * x41) + (((uint64_t)x15 * x39) + ((uint64_t)x17 * x37)))))))) + (((uint64_t)x21 * x69) + (((uint64_t)x23 * x67) + (((uint64_t)x25 * x65) + (((uint64_t)x27 * x63) + (((uint64_t)x29 * x61) + (((uint64_t)x31 * x59) + (((uint64_t)x33 * x57) + ((uint64_t)x35 * x55)))))))));
uint64_t x89 = ((((uint64_t)x3 * x49) + (((uint64_t)x5 * x47) + (((uint64_t)x7 * x45) + (((uint64_t)x9 * x43) + (((uint64_t)x11 * x41) + (((uint64_t)x13 * x39) + ((uint64_t)x15 * x37))))))) + (((uint64_t)x21 * x67) + (((uint64_t)x23 * x65) + (((uint64_t)x25 * x63) + (((uint64_t)x27 * x61) + (((uint64_t)x29 * x59) + (((uint64_t)x31 * x57) + ((uint64_t)x33 * x55))))))));
uint64_t x90 = ((((uint64_t)x3 * x47) + (((uint64_t)x5 * x45) + (((uint64_t)x7 * x43) + (((uint64_t)x9 * x41) + (((uint64_t)x11 * x39) + ((uint64_t)x13 * x37)))))) + (((uint64_t)x21 * x65) + (((uint64_t)x23 * x63) + (((uint64_t)x25 * x61) + (((uint64_t)x27 * x59) + (((uint64_t)x29 * x57) + ((uint64_t)x31 * x55)))))));
uint64_t x91 = ((((uint64_t)x3 * x45) + (((uint64_t)x5 * x43) + (((uint64_t)x7 * x41) + (((uint64_t)x9 * x39) + ((uint64_t)x11 * x37))))) + (((uint64_t)x21 * x63) + (((uint64_t)x23 * x61) + (((uint64_t)x25 * x59) + (((uint64_t)x27 * x57) + ((uint64_t)x29 * x55))))));
uint64_t x92 = ((((uint64_t)x3 * x43) + (((uint64_t)x5 * x41) + (((uint64_t)x7 * x39) + ((uint64_t)x9 * x37)))) + (((uint64_t)x21 * x61) + (((uint64_t)x23 * x59) + (((uint64_t)x25 * x57) + ((uint64_t)x27 * x55)))));
uint64_t x93 = ((((uint64_t)x3 * x41) + (((uint64_t)x5 * x39) + ((uint64_t)x7 * x37))) + (((uint64_t)x21 * x59) + (((uint64_t)x23 * x57) + ((uint64_t)x25 * x55))));
uint64_t x94 = ((((uint64_t)x3 * x39) + ((uint64_t)x5 * x37)) + (((uint64_t)x21 * x57) + ((uint64_t)x23 * x55)));
uint64_t x95 = (((uint64_t)x3 * x37) + ((uint64_t)x21 * x55));
uint64_t x96 = (x79 + x70);
uint64_t x97 = (x80 + x71);
uint64_t x98 = (x81 + x72);
uint64_t x99 = (x82 + x73);
uint64_t x100 = (x83 + x74);
uint64_t x101 = (x84 + x75);
uint64_t x102 = (x85 + x76);
uint64_t x103 = (x86 + x77);
uint64_t x104 = (x88 + x70);
uint64_t x105 = (x89 + x71);
uint64_t x106 = (x90 + x72);
uint64_t x107 = (x91 + x73);
uint64_t x108 = (x92 + x74);
uint64_t x109 = (x93 + x75);
uint64_t x110 = (x94 + x76);
uint64_t x111 = (x95 + x77);
uint64_t x112 = (x87 >> 0x18);
uint32_t x113 = ((uint32_t)x87 & 0xffffff);
uint64_t x114 = (x78 >> 0x18);
uint32_t x115 = ((uint32_t)x78 & 0xffffff);
uint64_t x116 = ((0x1000000 * x114) + x115);
uint64_t x117 = (x116 >> 0x18);
uint32_t x118 = ((uint32_t)x116 & 0xffffff);
uint64_t x119 = ((x112 + x103) + x117);
uint64_t x120 = (x119 >> 0x19);
uint32_t x121 = ((uint32_t)x119 & 0x1ffffff);
uint64_t x122 = (x111 + x117);
uint64_t x123 = (x122 >> 0x19);
uint32_t x124 = ((uint32_t)x122 & 0x1ffffff);
uint64_t x125 = (x120 + x102);
uint64_t x126 = (x125 >> 0x19);
uint32_t x127 = ((uint32_t)x125 & 0x1ffffff);
uint64_t x128 = (x123 + x110);
uint64_t x129 = (x128 >> 0x19);
uint32_t x130 = ((uint32_t)x128 & 0x1ffffff);
uint64_t x131 = (x126 + x101);
uint64_t x132 = (x131 >> 0x19);
uint32_t x133 = ((uint32_t)x131 & 0x1ffffff);
uint64_t x134 = (x129 + x109);
uint64_t x135 = (x134 >> 0x19);
uint32_t x136 = ((uint32_t)x134 & 0x1ffffff);
uint64_t x137 = (x132 + x100);
uint64_t x138 = (x137 >> 0x19);
uint32_t x139 = ((uint32_t)x137 & 0x1ffffff);
uint64_t x140 = (x135 + x108);
uint64_t x141 = (x140 >> 0x19);
uint32_t x142 = ((uint32_t)x140 & 0x1ffffff);
uint64_t x143 = (x138 + x99);
uint64_t x144 = (x143 >> 0x19);
uint32_t x145 = ((uint32_t)x143 & 0x1ffffff);
uint64_t x146 = (x141 + x107);
uint64_t x147 = (x146 >> 0x19);
uint32_t x148 = ((uint32_t)x146 & 0x1ffffff);
uint64_t x149 = (x144 + x98);
uint64_t x150 = (x149 >> 0x19);
uint32_t x151 = ((uint32_t)x149 & 0x1ffffff);
uint64_t x152 = (x147 + x106);
uint64_t x153 = (x152 >> 0x19);
uint32_t x154 = ((uint32_t)x152 & 0x1ffffff);
uint64_t x155 = (x150 + x97);
uint64_t x156 = (x155 >> 0x19);
uint32_t x157 = ((uint32_t)x155 & 0x1ffffff);
uint64_t x158 = (x153 + x105);
uint64_t x159 = (x158 >> 0x19);
uint32_t x160 = ((uint32_t)x158 & 0x1ffffff);
uint64_t x161 = (x156 + x96);
uint64_t x162 = (x161 >> 0x19);
uint32_t x163 = ((uint32_t)x161 & 0x1ffffff);
uint64_t x164 = (x159 + x104);
uint64_t x165 = (x164 >> 0x19);
uint32_t x166 = ((uint32_t)x164 & 0x1ffffff);
uint64_t x167 = (x162 + x118);
uint32_t x168 = (uint32_t) (x167 >> 0x18);
uint32_t x169 = ((uint32_t)x167 & 0xffffff);
uint64_t x170 = (x165 + x113);
uint32_t x171 = (uint32_t) (x170 >> 0x18);
uint32_t x172 = ((uint32_t)x170 & 0xffffff);
uint64_t x173 = (((uint64_t)0x1000000 * x168) + x169);
uint32_t x174 = (uint32_t) (x173 >> 0x18);
uint32_t x175 = ((uint32_t)x173 & 0xffffff);
uint32_t x176 = ((x171 + x121) + x174);
uint32_t x177 = (x176 >> 0x19);
uint32_t x178 = (x176 & 0x1ffffff);
uint32_t x179 = (x124 + x174);
uint32_t x180 = (x179 >> 0x19);
uint32_t x181 = (x179 & 0x1ffffff);
return (Return x175, Return x163, Return x157, Return x151, Return x145, Return x139, Return x133, (x177 + x127), Return x178, Return x172, Return x166, Return x160, Return x154, Return x148, Return x142, Return x136, (x180 + x130), Return x181)
     : ∀ var : Z.Syntax.base_type → Type, expr Z.Syntax.base_type Z.Syntax.op (uint32_t * uint32_t * uint32_t * uint32_t * uint32_t * uint32_t * uint32_t * uint32_t * uint32_t * uint32_t * uint32_t * uint32_t * uint32_t * uint32_t * uint32_t * uint32_t * uint32_t * uint32_t * (uint32_t * uint32_t * uint32_t * uint32_t * uint32_t * uint32_t * uint32_t * uint32_t * uint32_t * uint32_t * uint32_t * uint32_t * uint32_t * uint32_t * uint32_t * uint32_t * uint32_t * uint32_t) -> uint32_t * uint32_t * uint32_t * uint32_t * uint32_t * uint32_t * uint32_t * uint32_t * uint32_t * uint32_t * uint32_t * uint32_t * uint32_t * uint32_t * uint32_t * uint32_t * uint32_t * uint32_t)

Argument scope is [function_scope]
