square = λ var : Z.Syntax.base_type → Type,
λ '(x32, x33, x31, x29, x27, x25, x23, x21, x19, x17, x15, x13, x11, x9, x7, x5, x3, x1)%core,
uint64_t x34 = ((0x2 * ((uint64_t)(x17 + x32) * (x17 + x32))) - (0x2 * ((uint64_t)x17 * x17)));
uint64_t x35 = (((0x2 * ((uint64_t)(x15 + x33) * (x17 + x32))) + (0x2 * ((uint64_t)(x17 + x32) * (x15 + x33)))) - ((0x2 * ((uint64_t)x15 * x17)) + (0x2 * ((uint64_t)x17 * x15))));
uint64_t x36 = (((0x2 * ((uint64_t)(x13 + x31) * (x17 + x32))) + ((0x2 * ((uint64_t)(x15 + x33) * (x15 + x33))) + (0x2 * ((uint64_t)(x17 + x32) * (x13 + x31))))) - ((0x2 * ((uint64_t)x13 * x17)) + ((0x2 * ((uint64_t)x15 * x15)) + (0x2 * ((uint64_t)x17 * x13)))));
uint64_t x37 = (((0x2 * ((uint64_t)(x11 + x29) * (x17 + x32))) + ((0x2 * ((uint64_t)(x13 + x31) * (x15 + x33))) + ((0x2 * ((uint64_t)(x15 + x33) * (x13 + x31))) + (0x2 * ((uint64_t)(x17 + x32) * (x11 + x29)))))) - ((0x2 * ((uint64_t)x11 * x17)) + ((0x2 * ((uint64_t)x13 * x15)) + ((0x2 * ((uint64_t)x15 * x13)) + (0x2 * ((uint64_t)x17 * x11))))));
uint64_t x38 = (((0x2 * ((uint64_t)(x9 + x27) * (x17 + x32))) + ((0x2 * ((uint64_t)(x11 + x29) * (x15 + x33))) + ((0x2 * ((uint64_t)(x13 + x31) * (x13 + x31))) + ((0x2 * ((uint64_t)(x15 + x33) * (x11 + x29))) + (0x2 * ((uint64_t)(x17 + x32) * (x9 + x27))))))) - ((0x2 * ((uint64_t)x9 * x17)) + ((0x2 * ((uint64_t)x11 * x15)) + ((0x2 * ((uint64_t)x13 * x13)) + ((0x2 * ((uint64_t)x15 * x11)) + (0x2 * ((uint64_t)x17 * x9)))))));
uint64_t x39 = (((0x2 * ((uint64_t)(x7 + x25) * (x17 + x32))) + ((0x2 * ((uint64_t)(x9 + x27) * (x15 + x33))) + ((0x2 * ((uint64_t)(x11 + x29) * (x13 + x31))) + ((0x2 * ((uint64_t)(x13 + x31) * (x11 + x29))) + ((0x2 * ((uint64_t)(x15 + x33) * (x9 + x27))) + (0x2 * ((uint64_t)(x17 + x32) * (x7 + x25)))))))) - ((0x2 * ((uint64_t)x7 * x17)) + ((0x2 * ((uint64_t)x9 * x15)) + ((0x2 * ((uint64_t)x11 * x13)) + ((0x2 * ((uint64_t)x13 * x11)) + ((0x2 * ((uint64_t)x15 * x9)) + (0x2 * ((uint64_t)x17 * x7))))))));
uint64_t x40 = (((0x2 * ((uint64_t)(x5 + x23) * (x17 + x32))) + ((0x2 * ((uint64_t)(x7 + x25) * (x15 + x33))) + ((0x2 * ((uint64_t)(x9 + x27) * (x13 + x31))) + ((0x2 * ((uint64_t)(x11 + x29) * (x11 + x29))) + ((0x2 * ((uint64_t)(x13 + x31) * (x9 + x27))) + ((0x2 * ((uint64_t)(x15 + x33) * (x7 + x25))) + (0x2 * ((uint64_t)(x17 + x32) * (x5 + x23))))))))) - ((0x2 * ((uint64_t)x5 * x17)) + ((0x2 * ((uint64_t)x7 * x15)) + ((0x2 * ((uint64_t)x9 * x13)) + ((0x2 * ((uint64_t)x11 * x11)) + ((0x2 * ((uint64_t)x13 * x9)) + ((0x2 * ((uint64_t)x15 * x7)) + (0x2 * ((uint64_t)x17 * x5)))))))));
uint64_t x41 = (((0x2 * ((uint64_t)(x3 + x21) * (x17 + x32))) + ((0x2 * ((uint64_t)(x5 + x23) * (x15 + x33))) + ((0x2 * ((uint64_t)(x7 + x25) * (x13 + x31))) + ((0x2 * ((uint64_t)(x9 + x27) * (x11 + x29))) + ((0x2 * ((uint64_t)(x11 + x29) * (x9 + x27))) + ((0x2 * ((uint64_t)(x13 + x31) * (x7 + x25))) + ((0x2 * ((uint64_t)(x15 + x33) * (x5 + x23))) + (0x2 * ((uint64_t)(x17 + x32) * (x3 + x21)))))))))) - ((0x2 * ((uint64_t)x3 * x17)) + ((0x2 * ((uint64_t)x5 * x15)) + ((0x2 * ((uint64_t)x7 * x13)) + ((0x2 * ((uint64_t)x9 * x11)) + ((0x2 * ((uint64_t)x11 * x9)) + ((0x2 * ((uint64_t)x13 * x7)) + ((0x2 * ((uint64_t)x15 * x5)) + (0x2 * ((uint64_t)x17 * x3))))))))));
uint64_t x42 = ((((uint64_t)(x1 + x19) * (x17 + x32)) + (((uint64_t)(x3 + x21) * (x15 + x33)) + (((uint64_t)(x5 + x23) * (x13 + x31)) + (((uint64_t)(x7 + x25) * (x11 + x29)) + (((uint64_t)(x9 + x27) * (x9 + x27)) + (((uint64_t)(x11 + x29) * (x7 + x25)) + (((uint64_t)(x13 + x31) * (x5 + x23)) + (((uint64_t)(x15 + x33) * (x3 + x21)) + ((uint64_t)(x17 + x32) * (x1 + x19)))))))))) - (((uint64_t)x1 * x17) + (((uint64_t)x3 * x15) + (((uint64_t)x5 * x13) + (((uint64_t)x7 * x11) + (((uint64_t)x9 * x9) + (((uint64_t)x11 * x7) + (((uint64_t)x13 * x5) + (((uint64_t)x15 * x3) + ((uint64_t)x17 * x1))))))))));
uint64_t x43 = (((0x2 * ((uint64_t)x17 * x17)) + (0x2 * ((uint64_t)x32 * x32))) + ((((uint64_t)(x1 + x19) * (x15 + x33)) + (((uint64_t)(x3 + x21) * (x13 + x31)) + (((uint64_t)(x5 + x23) * (x11 + x29)) + (((uint64_t)(x7 + x25) * (x9 + x27)) + (((uint64_t)(x9 + x27) * (x7 + x25)) + (((uint64_t)(x11 + x29) * (x5 + x23)) + (((uint64_t)(x13 + x31) * (x3 + x21)) + ((uint64_t)(x15 + x33) * (x1 + x19))))))))) - (((uint64_t)x1 * x15) + (((uint64_t)x3 * x13) + (((uint64_t)x5 * x11) + (((uint64_t)x7 * x9) + (((uint64_t)x9 * x7) + (((uint64_t)x11 * x5) + (((uint64_t)x13 * x3) + ((uint64_t)x15 * x1))))))))));
uint64_t x44 = ((((0x2 * ((uint64_t)x15 * x17)) + (0x2 * ((uint64_t)x17 * x15))) + ((0x2 * ((uint64_t)x33 * x32)) + (0x2 * ((uint64_t)x32 * x33)))) + ((((uint64_t)(x1 + x19) * (x13 + x31)) + (((uint64_t)(x3 + x21) * (x11 + x29)) + (((uint64_t)(x5 + x23) * (x9 + x27)) + (((uint64_t)(x7 + x25) * (x7 + x25)) + (((uint64_t)(x9 + x27) * (x5 + x23)) + (((uint64_t)(x11 + x29) * (x3 + x21)) + ((uint64_t)(x13 + x31) * (x1 + x19)))))))) - (((uint64_t)x1 * x13) + (((uint64_t)x3 * x11) + (((uint64_t)x5 * x9) + (((uint64_t)x7 * x7) + (((uint64_t)x9 * x5) + (((uint64_t)x11 * x3) + ((uint64_t)x13 * x1)))))))));
uint64_t x45 = ((((0x2 * ((uint64_t)x13 * x17)) + ((0x2 * ((uint64_t)x15 * x15)) + (0x2 * ((uint64_t)x17 * x13)))) + ((0x2 * ((uint64_t)x31 * x32)) + ((0x2 * ((uint64_t)x33 * x33)) + (0x2 * ((uint64_t)x32 * x31))))) + ((((uint64_t)(x1 + x19) * (x11 + x29)) + (((uint64_t)(x3 + x21) * (x9 + x27)) + (((uint64_t)(x5 + x23) * (x7 + x25)) + (((uint64_t)(x7 + x25) * (x5 + x23)) + (((uint64_t)(x9 + x27) * (x3 + x21)) + ((uint64_t)(x11 + x29) * (x1 + x19))))))) - (((uint64_t)x1 * x11) + (((uint64_t)x3 * x9) + (((uint64_t)x5 * x7) + (((uint64_t)x7 * x5) + (((uint64_t)x9 * x3) + ((uint64_t)x11 * x1))))))));
uint64_t x46 = ((((0x2 * ((uint64_t)x11 * x17)) + ((0x2 * ((uint64_t)x13 * x15)) + ((0x2 * ((uint64_t)x15 * x13)) + (0x2 * ((uint64_t)x17 * x11))))) + ((0x2 * ((uint64_t)x29 * x32)) + ((0x2 * ((uint64_t)x31 * x33)) + ((0x2 * ((uint64_t)x33 * x31)) + (0x2 * ((uint64_t)x32 * x29)))))) + ((((uint64_t)(x1 + x19) * (x9 + x27)) + (((uint64_t)(x3 + x21) * (x7 + x25)) + (((uint64_t)(x5 + x23) * (x5 + x23)) + (((uint64_t)(x7 + x25) * (x3 + x21)) + ((uint64_t)(x9 + x27) * (x1 + x19)))))) - (((uint64_t)x1 * x9) + (((uint64_t)x3 * x7) + (((uint64_t)x5 * x5) + (((uint64_t)x7 * x3) + ((uint64_t)x9 * x1)))))));
uint64_t x47 = ((((0x2 * ((uint64_t)x9 * x17)) + ((0x2 * ((uint64_t)x11 * x15)) + ((0x2 * ((uint64_t)x13 * x13)) + ((0x2 * ((uint64_t)x15 * x11)) + (0x2 * ((uint64_t)x17 * x9)))))) + ((0x2 * ((uint64_t)x27 * x32)) + ((0x2 * ((uint64_t)x29 * x33)) + ((0x2 * ((uint64_t)x31 * x31)) + ((0x2 * ((uint64_t)x33 * x29)) + (0x2 * ((uint64_t)x32 * x27))))))) + ((((uint64_t)(x1 + x19) * (x7 + x25)) + (((uint64_t)(x3 + x21) * (x5 + x23)) + (((uint64_t)(x5 + x23) * (x3 + x21)) + ((uint64_t)(x7 + x25) * (x1 + x19))))) - (((uint64_t)x1 * x7) + (((uint64_t)x3 * x5) + (((uint64_t)x5 * x3) + ((uint64_t)x7 * x1))))));
uint64_t x48 = ((((0x2 * ((uint64_t)x7 * x17)) + ((0x2 * ((uint64_t)x9 * x15)) + ((0x2 * ((uint64_t)x11 * x13)) + ((0x2 * ((uint64_t)x13 * x11)) + ((0x2 * ((uint64_t)x15 * x9)) + (0x2 * ((uint64_t)x17 * x7))))))) + ((0x2 * ((uint64_t)x25 * x32)) + ((0x2 * ((uint64_t)x27 * x33)) + ((0x2 * ((uint64_t)x29 * x31)) + ((0x2 * ((uint64_t)x31 * x29)) + ((0x2 * ((uint64_t)x33 * x27)) + (0x2 * ((uint64_t)x32 * x25)))))))) + ((((uint64_t)(x1 + x19) * (x5 + x23)) + (((uint64_t)(x3 + x21) * (x3 + x21)) + ((uint64_t)(x5 + x23) * (x1 + x19)))) - (((uint64_t)x1 * x5) + (((uint64_t)x3 * x3) + ((uint64_t)x5 * x1)))));
uint64_t x49 = ((((0x2 * ((uint64_t)x5 * x17)) + ((0x2 * ((uint64_t)x7 * x15)) + ((0x2 * ((uint64_t)x9 * x13)) + ((0x2 * ((uint64_t)x11 * x11)) + ((0x2 * ((uint64_t)x13 * x9)) + ((0x2 * ((uint64_t)x15 * x7)) + (0x2 * ((uint64_t)x17 * x5)))))))) + ((0x2 * ((uint64_t)x23 * x32)) + ((0x2 * ((uint64_t)x25 * x33)) + ((0x2 * ((uint64_t)x27 * x31)) + ((0x2 * ((uint64_t)x29 * x29)) + ((0x2 * ((uint64_t)x31 * x27)) + ((0x2 * ((uint64_t)x33 * x25)) + (0x2 * ((uint64_t)x32 * x23))))))))) + ((((uint64_t)(x1 + x19) * (x3 + x21)) + ((uint64_t)(x3 + x21) * (x1 + x19))) - (((uint64_t)x1 * x3) + ((uint64_t)x3 * x1))));
uint64_t x50 = ((((0x2 * ((uint64_t)x3 * x17)) + ((0x2 * ((uint64_t)x5 * x15)) + ((0x2 * ((uint64_t)x7 * x13)) + ((0x2 * ((uint64_t)x9 * x11)) + ((0x2 * ((uint64_t)x11 * x9)) + ((0x2 * ((uint64_t)x13 * x7)) + ((0x2 * ((uint64_t)x15 * x5)) + (0x2 * ((uint64_t)x17 * x3))))))))) + ((0x2 * ((uint64_t)x21 * x32)) + ((0x2 * ((uint64_t)x23 * x33)) + ((0x2 * ((uint64_t)x25 * x31)) + ((0x2 * ((uint64_t)x27 * x29)) + ((0x2 * ((uint64_t)x29 * x27)) + ((0x2 * ((uint64_t)x31 * x25)) + ((0x2 * ((uint64_t)x33 * x23)) + (0x2 * ((uint64_t)x32 * x21)))))))))) + (((uint64_t)(x1 + x19) * (x1 + x19)) - ((uint64_t)x1 * x1)));
uint64_t x51 = ((((uint64_t)x1 * x17) + (((uint64_t)x3 * x15) + (((uint64_t)x5 * x13) + (((uint64_t)x7 * x11) + (((uint64_t)x9 * x9) + (((uint64_t)x11 * x7) + (((uint64_t)x13 * x5) + (((uint64_t)x15 * x3) + ((uint64_t)x17 * x1))))))))) + (((uint64_t)x19 * x32) + (((uint64_t)x21 * x33) + (((uint64_t)x23 * x31) + (((uint64_t)x25 * x29) + (((uint64_t)x27 * x27) + (((uint64_t)x29 * x25) + (((uint64_t)x31 * x23) + (((uint64_t)x33 * x21) + ((uint64_t)x32 * x19))))))))));
uint64_t x52 = ((((uint64_t)x1 * x15) + (((uint64_t)x3 * x13) + (((uint64_t)x5 * x11) + (((uint64_t)x7 * x9) + (((uint64_t)x9 * x7) + (((uint64_t)x11 * x5) + (((uint64_t)x13 * x3) + ((uint64_t)x15 * x1)))))))) + (((uint64_t)x19 * x33) + (((uint64_t)x21 * x31) + (((uint64_t)x23 * x29) + (((uint64_t)x25 * x27) + (((uint64_t)x27 * x25) + (((uint64_t)x29 * x23) + (((uint64_t)x31 * x21) + ((uint64_t)x33 * x19)))))))));
uint64_t x53 = ((((uint64_t)x1 * x13) + (((uint64_t)x3 * x11) + (((uint64_t)x5 * x9) + (((uint64_t)x7 * x7) + (((uint64_t)x9 * x5) + (((uint64_t)x11 * x3) + ((uint64_t)x13 * x1))))))) + (((uint64_t)x19 * x31) + (((uint64_t)x21 * x29) + (((uint64_t)x23 * x27) + (((uint64_t)x25 * x25) + (((uint64_t)x27 * x23) + (((uint64_t)x29 * x21) + ((uint64_t)x31 * x19))))))));
uint64_t x54 = ((((uint64_t)x1 * x11) + (((uint64_t)x3 * x9) + (((uint64_t)x5 * x7) + (((uint64_t)x7 * x5) + (((uint64_t)x9 * x3) + ((uint64_t)x11 * x1)))))) + (((uint64_t)x19 * x29) + (((uint64_t)x21 * x27) + (((uint64_t)x23 * x25) + (((uint64_t)x25 * x23) + (((uint64_t)x27 * x21) + ((uint64_t)x29 * x19)))))));
uint64_t x55 = ((((uint64_t)x1 * x9) + (((uint64_t)x3 * x7) + (((uint64_t)x5 * x5) + (((uint64_t)x7 * x3) + ((uint64_t)x9 * x1))))) + (((uint64_t)x19 * x27) + (((uint64_t)x21 * x25) + (((uint64_t)x23 * x23) + (((uint64_t)x25 * x21) + ((uint64_t)x27 * x19))))));
uint64_t x56 = ((((uint64_t)x1 * x7) + (((uint64_t)x3 * x5) + (((uint64_t)x5 * x3) + ((uint64_t)x7 * x1)))) + (((uint64_t)x19 * x25) + (((uint64_t)x21 * x23) + (((uint64_t)x23 * x21) + ((uint64_t)x25 * x19)))));
uint64_t x57 = ((((uint64_t)x1 * x5) + (((uint64_t)x3 * x3) + ((uint64_t)x5 * x1))) + (((uint64_t)x19 * x23) + (((uint64_t)x21 * x21) + ((uint64_t)x23 * x19))));
uint64_t x58 = ((((uint64_t)x1 * x3) + ((uint64_t)x3 * x1)) + (((uint64_t)x19 * x21) + ((uint64_t)x21 * x19)));
uint64_t x59 = (((uint64_t)x1 * x1) + ((uint64_t)x19 * x19));
uint64_t x60 = (x43 + x34);
uint64_t x61 = (x44 + x35);
uint64_t x62 = (x45 + x36);
uint64_t x63 = (x46 + x37);
uint64_t x64 = (x47 + x38);
uint64_t x65 = (x48 + x39);
uint64_t x66 = (x49 + x40);
uint64_t x67 = (x50 + x41);
uint64_t x68 = (x52 + x34);
uint64_t x69 = (x53 + x35);
uint64_t x70 = (x54 + x36);
uint64_t x71 = (x55 + x37);
uint64_t x72 = (x56 + x38);
uint64_t x73 = (x57 + x39);
uint64_t x74 = (x58 + x40);
uint64_t x75 = (x59 + x41);
uint64_t x76 = (x51 >> 0x18);
uint32_t x77 = ((uint32_t)x51 & 0xffffff);
uint64_t x78 = (x42 >> 0x18);
uint32_t x79 = ((uint32_t)x42 & 0xffffff);
uint64_t x80 = ((0x1000000 * x78) + x79);
uint64_t x81 = (x80 >> 0x18);
uint32_t x82 = ((uint32_t)x80 & 0xffffff);
uint64_t x83 = ((x76 + x67) + x81);
uint64_t x84 = (x83 >> 0x19);
uint32_t x85 = ((uint32_t)x83 & 0x1ffffff);
uint64_t x86 = (x75 + x81);
uint64_t x87 = (x86 >> 0x19);
uint32_t x88 = ((uint32_t)x86 & 0x1ffffff);
uint64_t x89 = (x84 + x66);
uint64_t x90 = (x89 >> 0x19);
uint32_t x91 = ((uint32_t)x89 & 0x1ffffff);
uint64_t x92 = (x87 + x74);
uint64_t x93 = (x92 >> 0x19);
uint32_t x94 = ((uint32_t)x92 & 0x1ffffff);
uint64_t x95 = (x90 + x65);
uint64_t x96 = (x95 >> 0x19);
uint32_t x97 = ((uint32_t)x95 & 0x1ffffff);
uint64_t x98 = (x93 + x73);
uint64_t x99 = (x98 >> 0x19);
uint32_t x100 = ((uint32_t)x98 & 0x1ffffff);
uint64_t x101 = (x96 + x64);
uint64_t x102 = (x101 >> 0x19);
uint32_t x103 = ((uint32_t)x101 & 0x1ffffff);
uint64_t x104 = (x99 + x72);
uint64_t x105 = (x104 >> 0x19);
uint32_t x106 = ((uint32_t)x104 & 0x1ffffff);
uint64_t x107 = (x102 + x63);
uint64_t x108 = (x107 >> 0x19);
uint32_t x109 = ((uint32_t)x107 & 0x1ffffff);
uint64_t x110 = (x105 + x71);
uint64_t x111 = (x110 >> 0x19);
uint32_t x112 = ((uint32_t)x110 & 0x1ffffff);
uint64_t x113 = (x108 + x62);
uint64_t x114 = (x113 >> 0x19);
uint32_t x115 = ((uint32_t)x113 & 0x1ffffff);
uint64_t x116 = (x111 + x70);
uint64_t x117 = (x116 >> 0x19);
uint32_t x118 = ((uint32_t)x116 & 0x1ffffff);
uint64_t x119 = (x114 + x61);
uint64_t x120 = (x119 >> 0x19);
uint32_t x121 = ((uint32_t)x119 & 0x1ffffff);
uint64_t x122 = (x117 + x69);
uint64_t x123 = (x122 >> 0x19);
uint32_t x124 = ((uint32_t)x122 & 0x1ffffff);
uint64_t x125 = (x120 + x60);
uint64_t x126 = (x125 >> 0x19);
uint32_t x127 = ((uint32_t)x125 & 0x1ffffff);
uint64_t x128 = (x123 + x68);
uint64_t x129 = (x128 >> 0x19);
uint32_t x130 = ((uint32_t)x128 & 0x1ffffff);
uint64_t x131 = (x126 + x82);
uint32_t x132 = (uint32_t) (x131 >> 0x18);
uint32_t x133 = ((uint32_t)x131 & 0xffffff);
uint64_t x134 = (x129 + x77);
uint32_t x135 = (uint32_t) (x134 >> 0x18);
uint32_t x136 = ((uint32_t)x134 & 0xffffff);
uint64_t x137 = (((uint64_t)0x1000000 * x132) + x133);
uint32_t x138 = (uint32_t) (x137 >> 0x18);
uint32_t x139 = ((uint32_t)x137 & 0xffffff);
uint32_t x140 = ((x135 + x85) + x138);
uint32_t x141 = (x140 >> 0x19);
uint32_t x142 = (x140 & 0x1ffffff);
uint32_t x143 = (x88 + x138);
uint32_t x144 = (x143 >> 0x19);
uint32_t x145 = (x143 & 0x1ffffff);
return (Return x139, Return x127, Return x121, Return x115, Return x109, Return x103, Return x97, (x141 + x91), Return x142, Return x136, Return x130, Return x124, Return x118, Return x112, Return x106, Return x100, (x144 + x94), Return x145)
     : ∀ var : Z.Syntax.base_type → Type, expr Z.Syntax.base_type Z.Syntax.op (uint32_t * uint32_t * uint32_t * uint32_t * uint32_t * uint32_t * uint32_t * uint32_t * uint32_t * uint32_t * uint32_t * uint32_t * uint32_t * uint32_t * uint32_t * uint32_t * uint32_t * uint32_t -> uint32_t * uint32_t * uint32_t * uint32_t * uint32_t * uint32_t * uint32_t * uint32_t * uint32_t * uint32_t * uint32_t * uint32_t * uint32_t * uint32_t * uint32_t * uint32_t * uint32_t * uint32_t)

Argument scope is [function_scope]
