mul = λ var : Z.Syntax.base_type → Type,
λ '(x14, x15, x13, x11, x9, x7, x5, x3, (x28, x29, x27, x25, x23, x21, x19, x17))%core,
uint32_t x31, uint32_t x32 = mulx_u32(x3, x17);
uint32_t x34, uint32_t x35 = mulx_u32(x3, x19);
uint32_t x37, uint32_t x38 = mulx_u32(x3, x21);
uint32_t x40, uint32_t x41 = mulx_u32(x3, x23);
uint32_t x43, uint32_t x44 = mulx_u32(x3, x25);
uint32_t x46, uint32_t x47 = mulx_u32(x3, x27);
uint32_t x49, uint32_t x50 = mulx_u32(x3, x29);
uint32_t x52, uint32_t x53 = mulx_u32(x3, x28);
uint32_t x55, uint8_t x56 = addcarryx_u32(0x0, x32, x34);
uint32_t x58, uint8_t x59 = addcarryx_u32(x56, x35, x37);
uint32_t x61, uint8_t x62 = addcarryx_u32(x59, x38, x40);
uint32_t x64, uint8_t x65 = addcarryx_u32(x62, x41, x43);
uint32_t x67, uint8_t x68 = addcarryx_u32(x65, x44, x46);
uint32_t x70, uint8_t x71 = addcarryx_u32(x68, x47, x49);
uint32_t x73, uint8_t x74 = addcarryx_u32(x71, x50, x52);
uint32_t x76, uint8_t _ = addcarryx_u32(0x0, x74, x53);
uint32_t x79, uint32_t _ = mulx_u32(x31, 0x38e38e39);
uint32_t x82, uint32_t x83 = mulx_u32(x79, 0xfffffff7);
uint32_t x85, uint32_t x86 = mulx_u32(x79, 0xffffffff);
uint32_t x88, uint32_t x89 = mulx_u32(x79, 0xffffffff);
uint32_t x91, uint32_t x92 = mulx_u32(x79, 0xffffffff);
uint32_t x94, uint32_t x95 = mulx_u32(x79, 0xffffffff);
uint32_t x97, uint32_t x98 = mulx_u32(x79, 0xffffffff);
uint32_t x100, uint32_t x101 = mulx_u32(x79, 0xffffffff);
uint32_t x103, uint32_t x104 = mulx_u32(x79, 0x7ffff);
uint32_t x106, uint8_t x107 = addcarryx_u32(0x0, x83, x85);
uint32_t x109, uint8_t x110 = addcarryx_u32(x107, x86, x88);
uint32_t x112, uint8_t x113 = addcarryx_u32(x110, x89, x91);
uint32_t x115, uint8_t x116 = addcarryx_u32(x113, x92, x94);
uint32_t x118, uint8_t x119 = addcarryx_u32(x116, x95, x97);
uint32_t x121, uint8_t x122 = addcarryx_u32(x119, x98, x100);
uint32_t x124, uint8_t x125 = addcarryx_u32(x122, x101, x103);
uint32_t x127, uint8_t _ = addcarryx_u32(0x0, x125, x104);
uint32_t _, uint8_t x131 = addcarryx_u32(0x0, x31, x82);
uint32_t x133, uint8_t x134 = addcarryx_u32(x131, x55, x106);
uint32_t x136, uint8_t x137 = addcarryx_u32(x134, x58, x109);
uint32_t x139, uint8_t x140 = addcarryx_u32(x137, x61, x112);
uint32_t x142, uint8_t x143 = addcarryx_u32(x140, x64, x115);
uint32_t x145, uint8_t x146 = addcarryx_u32(x143, x67, x118);
uint32_t x148, uint8_t x149 = addcarryx_u32(x146, x70, x121);
uint32_t x151, uint8_t x152 = addcarryx_u32(x149, x73, x124);
uint32_t x154, uint8_t x155 = addcarryx_u32(x152, x76, x127);
uint8_t x156 = (x155 + 0x0);
uint32_t x158, uint32_t x159 = mulx_u32(x5, x17);
uint32_t x161, uint32_t x162 = mulx_u32(x5, x19);
uint32_t x164, uint32_t x165 = mulx_u32(x5, x21);
uint32_t x167, uint32_t x168 = mulx_u32(x5, x23);
uint32_t x170, uint32_t x171 = mulx_u32(x5, x25);
uint32_t x173, uint32_t x174 = mulx_u32(x5, x27);
uint32_t x176, uint32_t x177 = mulx_u32(x5, x29);
uint32_t x179, uint32_t x180 = mulx_u32(x5, x28);
uint32_t x182, uint8_t x183 = addcarryx_u32(0x0, x159, x161);
uint32_t x185, uint8_t x186 = addcarryx_u32(x183, x162, x164);
uint32_t x188, uint8_t x189 = addcarryx_u32(x186, x165, x167);
uint32_t x191, uint8_t x192 = addcarryx_u32(x189, x168, x170);
uint32_t x194, uint8_t x195 = addcarryx_u32(x192, x171, x173);
uint32_t x197, uint8_t x198 = addcarryx_u32(x195, x174, x176);
uint32_t x200, uint8_t x201 = addcarryx_u32(x198, x177, x179);
uint32_t x203, uint8_t _ = addcarryx_u32(0x0, x201, x180);
uint32_t x206, uint8_t x207 = addcarryx_u32(0x0, x133, x158);
uint32_t x209, uint8_t x210 = addcarryx_u32(x207, x136, x182);
uint32_t x212, uint8_t x213 = addcarryx_u32(x210, x139, x185);
uint32_t x215, uint8_t x216 = addcarryx_u32(x213, x142, x188);
uint32_t x218, uint8_t x219 = addcarryx_u32(x216, x145, x191);
uint32_t x221, uint8_t x222 = addcarryx_u32(x219, x148, x194);
uint32_t x224, uint8_t x225 = addcarryx_u32(x222, x151, x197);
uint32_t x227, uint8_t x228 = addcarryx_u32(x225, x154, x200);
uint32_t x230, uint8_t x231 = addcarryx_u32(x228, x156, x203);
uint32_t x233, uint32_t _ = mulx_u32(x206, 0x38e38e39);
uint32_t x236, uint32_t x237 = mulx_u32(x233, 0xfffffff7);
uint32_t x239, uint32_t x240 = mulx_u32(x233, 0xffffffff);
uint32_t x242, uint32_t x243 = mulx_u32(x233, 0xffffffff);
uint32_t x245, uint32_t x246 = mulx_u32(x233, 0xffffffff);
uint32_t x248, uint32_t x249 = mulx_u32(x233, 0xffffffff);
uint32_t x251, uint32_t x252 = mulx_u32(x233, 0xffffffff);
uint32_t x254, uint32_t x255 = mulx_u32(x233, 0xffffffff);
uint32_t x257, uint32_t x258 = mulx_u32(x233, 0x7ffff);
uint32_t x260, uint8_t x261 = addcarryx_u32(0x0, x237, x239);
uint32_t x263, uint8_t x264 = addcarryx_u32(x261, x240, x242);
uint32_t x266, uint8_t x267 = addcarryx_u32(x264, x243, x245);
uint32_t x269, uint8_t x270 = addcarryx_u32(x267, x246, x248);
uint32_t x272, uint8_t x273 = addcarryx_u32(x270, x249, x251);
uint32_t x275, uint8_t x276 = addcarryx_u32(x273, x252, x254);
uint32_t x278, uint8_t x279 = addcarryx_u32(x276, x255, x257);
uint32_t x281, uint8_t _ = addcarryx_u32(0x0, x279, x258);
uint32_t _, uint8_t x285 = addcarryx_u32(0x0, x206, x236);
uint32_t x287, uint8_t x288 = addcarryx_u32(x285, x209, x260);
uint32_t x290, uint8_t x291 = addcarryx_u32(x288, x212, x263);
uint32_t x293, uint8_t x294 = addcarryx_u32(x291, x215, x266);
uint32_t x296, uint8_t x297 = addcarryx_u32(x294, x218, x269);
uint32_t x299, uint8_t x300 = addcarryx_u32(x297, x221, x272);
uint32_t x302, uint8_t x303 = addcarryx_u32(x300, x224, x275);
uint32_t x305, uint8_t x306 = addcarryx_u32(x303, x227, x278);
uint32_t x308, uint8_t x309 = addcarryx_u32(x306, x230, x281);
uint8_t x310 = (x309 + x231);
uint32_t x312, uint32_t x313 = mulx_u32(x7, x17);
uint32_t x315, uint32_t x316 = mulx_u32(x7, x19);
uint32_t x318, uint32_t x319 = mulx_u32(x7, x21);
uint32_t x321, uint32_t x322 = mulx_u32(x7, x23);
uint32_t x324, uint32_t x325 = mulx_u32(x7, x25);
uint32_t x327, uint32_t x328 = mulx_u32(x7, x27);
uint32_t x330, uint32_t x331 = mulx_u32(x7, x29);
uint32_t x333, uint32_t x334 = mulx_u32(x7, x28);
uint32_t x336, uint8_t x337 = addcarryx_u32(0x0, x313, x315);
uint32_t x339, uint8_t x340 = addcarryx_u32(x337, x316, x318);
uint32_t x342, uint8_t x343 = addcarryx_u32(x340, x319, x321);
uint32_t x345, uint8_t x346 = addcarryx_u32(x343, x322, x324);
uint32_t x348, uint8_t x349 = addcarryx_u32(x346, x325, x327);
uint32_t x351, uint8_t x352 = addcarryx_u32(x349, x328, x330);
uint32_t x354, uint8_t x355 = addcarryx_u32(x352, x331, x333);
uint32_t x357, uint8_t _ = addcarryx_u32(0x0, x355, x334);
uint32_t x360, uint8_t x361 = addcarryx_u32(0x0, x287, x312);
uint32_t x363, uint8_t x364 = addcarryx_u32(x361, x290, x336);
uint32_t x366, uint8_t x367 = addcarryx_u32(x364, x293, x339);
uint32_t x369, uint8_t x370 = addcarryx_u32(x367, x296, x342);
uint32_t x372, uint8_t x373 = addcarryx_u32(x370, x299, x345);
uint32_t x375, uint8_t x376 = addcarryx_u32(x373, x302, x348);
uint32_t x378, uint8_t x379 = addcarryx_u32(x376, x305, x351);
uint32_t x381, uint8_t x382 = addcarryx_u32(x379, x308, x354);
uint32_t x384, uint8_t x385 = addcarryx_u32(x382, x310, x357);
uint32_t x387, uint32_t _ = mulx_u32(x360, 0x38e38e39);
uint32_t x390, uint32_t x391 = mulx_u32(x387, 0xfffffff7);
uint32_t x393, uint32_t x394 = mulx_u32(x387, 0xffffffff);
uint32_t x396, uint32_t x397 = mulx_u32(x387, 0xffffffff);
uint32_t x399, uint32_t x400 = mulx_u32(x387, 0xffffffff);
uint32_t x402, uint32_t x403 = mulx_u32(x387, 0xffffffff);
uint32_t x405, uint32_t x406 = mulx_u32(x387, 0xffffffff);
uint32_t x408, uint32_t x409 = mulx_u32(x387, 0xffffffff);
uint32_t x411, uint32_t x412 = mulx_u32(x387, 0x7ffff);
uint32_t x414, uint8_t x415 = addcarryx_u32(0x0, x391, x393);
uint32_t x417, uint8_t x418 = addcarryx_u32(x415, x394, x396);
uint32_t x420, uint8_t x421 = addcarryx_u32(x418, x397, x399);
uint32_t x423, uint8_t x424 = addcarryx_u32(x421, x400, x402);
uint32_t x426, uint8_t x427 = addcarryx_u32(x424, x403, x405);
uint32_t x429, uint8_t x430 = addcarryx_u32(x427, x406, x408);
uint32_t x432, uint8_t x433 = addcarryx_u32(x430, x409, x411);
uint32_t x435, uint8_t _ = addcarryx_u32(0x0, x433, x412);
uint32_t _, uint8_t x439 = addcarryx_u32(0x0, x360, x390);
uint32_t x441, uint8_t x442 = addcarryx_u32(x439, x363, x414);
uint32_t x444, uint8_t x445 = addcarryx_u32(x442, x366, x417);
uint32_t x447, uint8_t x448 = addcarryx_u32(x445, x369, x420);
uint32_t x450, uint8_t x451 = addcarryx_u32(x448, x372, x423);
uint32_t x453, uint8_t x454 = addcarryx_u32(x451, x375, x426);
uint32_t x456, uint8_t x457 = addcarryx_u32(x454, x378, x429);
uint32_t x459, uint8_t x460 = addcarryx_u32(x457, x381, x432);
uint32_t x462, uint8_t x463 = addcarryx_u32(x460, x384, x435);
uint8_t x464 = (x463 + x385);
uint32_t x466, uint32_t x467 = mulx_u32(x9, x17);
uint32_t x469, uint32_t x470 = mulx_u32(x9, x19);
uint32_t x472, uint32_t x473 = mulx_u32(x9, x21);
uint32_t x475, uint32_t x476 = mulx_u32(x9, x23);
uint32_t x478, uint32_t x479 = mulx_u32(x9, x25);
uint32_t x481, uint32_t x482 = mulx_u32(x9, x27);
uint32_t x484, uint32_t x485 = mulx_u32(x9, x29);
uint32_t x487, uint32_t x488 = mulx_u32(x9, x28);
uint32_t x490, uint8_t x491 = addcarryx_u32(0x0, x467, x469);
uint32_t x493, uint8_t x494 = addcarryx_u32(x491, x470, x472);
uint32_t x496, uint8_t x497 = addcarryx_u32(x494, x473, x475);
uint32_t x499, uint8_t x500 = addcarryx_u32(x497, x476, x478);
uint32_t x502, uint8_t x503 = addcarryx_u32(x500, x479, x481);
uint32_t x505, uint8_t x506 = addcarryx_u32(x503, x482, x484);
uint32_t x508, uint8_t x509 = addcarryx_u32(x506, x485, x487);
uint32_t x511, uint8_t _ = addcarryx_u32(0x0, x509, x488);
uint32_t x514, uint8_t x515 = addcarryx_u32(0x0, x441, x466);
uint32_t x517, uint8_t x518 = addcarryx_u32(x515, x444, x490);
uint32_t x520, uint8_t x521 = addcarryx_u32(x518, x447, x493);
uint32_t x523, uint8_t x524 = addcarryx_u32(x521, x450, x496);
uint32_t x526, uint8_t x527 = addcarryx_u32(x524, x453, x499);
uint32_t x529, uint8_t x530 = addcarryx_u32(x527, x456, x502);
uint32_t x532, uint8_t x533 = addcarryx_u32(x530, x459, x505);
uint32_t x535, uint8_t x536 = addcarryx_u32(x533, x462, x508);
uint32_t x538, uint8_t x539 = addcarryx_u32(x536, x464, x511);
uint32_t x541, uint32_t _ = mulx_u32(x514, 0x38e38e39);
uint32_t x544, uint32_t x545 = mulx_u32(x541, 0xfffffff7);
uint32_t x547, uint32_t x548 = mulx_u32(x541, 0xffffffff);
uint32_t x550, uint32_t x551 = mulx_u32(x541, 0xffffffff);
uint32_t x553, uint32_t x554 = mulx_u32(x541, 0xffffffff);
uint32_t x556, uint32_t x557 = mulx_u32(x541, 0xffffffff);
uint32_t x559, uint32_t x560 = mulx_u32(x541, 0xffffffff);
uint32_t x562, uint32_t x563 = mulx_u32(x541, 0xffffffff);
uint32_t x565, uint32_t x566 = mulx_u32(x541, 0x7ffff);
uint32_t x568, uint8_t x569 = addcarryx_u32(0x0, x545, x547);
uint32_t x571, uint8_t x572 = addcarryx_u32(x569, x548, x550);
uint32_t x574, uint8_t x575 = addcarryx_u32(x572, x551, x553);
uint32_t x577, uint8_t x578 = addcarryx_u32(x575, x554, x556);
uint32_t x580, uint8_t x581 = addcarryx_u32(x578, x557, x559);
uint32_t x583, uint8_t x584 = addcarryx_u32(x581, x560, x562);
uint32_t x586, uint8_t x587 = addcarryx_u32(x584, x563, x565);
uint32_t x589, uint8_t _ = addcarryx_u32(0x0, x587, x566);
uint32_t _, uint8_t x593 = addcarryx_u32(0x0, x514, x544);
uint32_t x595, uint8_t x596 = addcarryx_u32(x593, x517, x568);
uint32_t x598, uint8_t x599 = addcarryx_u32(x596, x520, x571);
uint32_t x601, uint8_t x602 = addcarryx_u32(x599, x523, x574);
uint32_t x604, uint8_t x605 = addcarryx_u32(x602, x526, x577);
uint32_t x607, uint8_t x608 = addcarryx_u32(x605, x529, x580);
uint32_t x610, uint8_t x611 = addcarryx_u32(x608, x532, x583);
uint32_t x613, uint8_t x614 = addcarryx_u32(x611, x535, x586);
uint32_t x616, uint8_t x617 = addcarryx_u32(x614, x538, x589);
uint8_t x618 = (x617 + x539);
uint32_t x620, uint32_t x621 = mulx_u32(x11, x17);
uint32_t x623, uint32_t x624 = mulx_u32(x11, x19);
uint32_t x626, uint32_t x627 = mulx_u32(x11, x21);
uint32_t x629, uint32_t x630 = mulx_u32(x11, x23);
uint32_t x632, uint32_t x633 = mulx_u32(x11, x25);
uint32_t x635, uint32_t x636 = mulx_u32(x11, x27);
uint32_t x638, uint32_t x639 = mulx_u32(x11, x29);
uint32_t x641, uint32_t x642 = mulx_u32(x11, x28);
uint32_t x644, uint8_t x645 = addcarryx_u32(0x0, x621, x623);
uint32_t x647, uint8_t x648 = addcarryx_u32(x645, x624, x626);
uint32_t x650, uint8_t x651 = addcarryx_u32(x648, x627, x629);
uint32_t x653, uint8_t x654 = addcarryx_u32(x651, x630, x632);
uint32_t x656, uint8_t x657 = addcarryx_u32(x654, x633, x635);
uint32_t x659, uint8_t x660 = addcarryx_u32(x657, x636, x638);
uint32_t x662, uint8_t x663 = addcarryx_u32(x660, x639, x641);
uint32_t x665, uint8_t _ = addcarryx_u32(0x0, x663, x642);
uint32_t x668, uint8_t x669 = addcarryx_u32(0x0, x595, x620);
uint32_t x671, uint8_t x672 = addcarryx_u32(x669, x598, x644);
uint32_t x674, uint8_t x675 = addcarryx_u32(x672, x601, x647);
uint32_t x677, uint8_t x678 = addcarryx_u32(x675, x604, x650);
uint32_t x680, uint8_t x681 = addcarryx_u32(x678, x607, x653);
uint32_t x683, uint8_t x684 = addcarryx_u32(x681, x610, x656);
uint32_t x686, uint8_t x687 = addcarryx_u32(x684, x613, x659);
uint32_t x689, uint8_t x690 = addcarryx_u32(x687, x616, x662);
uint32_t x692, uint8_t x693 = addcarryx_u32(x690, x618, x665);
uint32_t x695, uint32_t _ = mulx_u32(x668, 0x38e38e39);
uint32_t x698, uint32_t x699 = mulx_u32(x695, 0xfffffff7);
uint32_t x701, uint32_t x702 = mulx_u32(x695, 0xffffffff);
uint32_t x704, uint32_t x705 = mulx_u32(x695, 0xffffffff);
uint32_t x707, uint32_t x708 = mulx_u32(x695, 0xffffffff);
uint32_t x710, uint32_t x711 = mulx_u32(x695, 0xffffffff);
uint32_t x713, uint32_t x714 = mulx_u32(x695, 0xffffffff);
uint32_t x716, uint32_t x717 = mulx_u32(x695, 0xffffffff);
uint32_t x719, uint32_t x720 = mulx_u32(x695, 0x7ffff);
uint32_t x722, uint8_t x723 = addcarryx_u32(0x0, x699, x701);
uint32_t x725, uint8_t x726 = addcarryx_u32(x723, x702, x704);
uint32_t x728, uint8_t x729 = addcarryx_u32(x726, x705, x707);
uint32_t x731, uint8_t x732 = addcarryx_u32(x729, x708, x710);
uint32_t x734, uint8_t x735 = addcarryx_u32(x732, x711, x713);
uint32_t x737, uint8_t x738 = addcarryx_u32(x735, x714, x716);
uint32_t x740, uint8_t x741 = addcarryx_u32(x738, x717, x719);
uint32_t x743, uint8_t _ = addcarryx_u32(0x0, x741, x720);
uint32_t _, uint8_t x747 = addcarryx_u32(0x0, x668, x698);
uint32_t x749, uint8_t x750 = addcarryx_u32(x747, x671, x722);
uint32_t x752, uint8_t x753 = addcarryx_u32(x750, x674, x725);
uint32_t x755, uint8_t x756 = addcarryx_u32(x753, x677, x728);
uint32_t x758, uint8_t x759 = addcarryx_u32(x756, x680, x731);
uint32_t x761, uint8_t x762 = addcarryx_u32(x759, x683, x734);
uint32_t x764, uint8_t x765 = addcarryx_u32(x762, x686, x737);
uint32_t x767, uint8_t x768 = addcarryx_u32(x765, x689, x740);
uint32_t x770, uint8_t x771 = addcarryx_u32(x768, x692, x743);
uint8_t x772 = (x771 + x693);
uint32_t x774, uint32_t x775 = mulx_u32(x13, x17);
uint32_t x777, uint32_t x778 = mulx_u32(x13, x19);
uint32_t x780, uint32_t x781 = mulx_u32(x13, x21);
uint32_t x783, uint32_t x784 = mulx_u32(x13, x23);
uint32_t x786, uint32_t x787 = mulx_u32(x13, x25);
uint32_t x789, uint32_t x790 = mulx_u32(x13, x27);
uint32_t x792, uint32_t x793 = mulx_u32(x13, x29);
uint32_t x795, uint32_t x796 = mulx_u32(x13, x28);
uint32_t x798, uint8_t x799 = addcarryx_u32(0x0, x775, x777);
uint32_t x801, uint8_t x802 = addcarryx_u32(x799, x778, x780);
uint32_t x804, uint8_t x805 = addcarryx_u32(x802, x781, x783);
uint32_t x807, uint8_t x808 = addcarryx_u32(x805, x784, x786);
uint32_t x810, uint8_t x811 = addcarryx_u32(x808, x787, x789);
uint32_t x813, uint8_t x814 = addcarryx_u32(x811, x790, x792);
uint32_t x816, uint8_t x817 = addcarryx_u32(x814, x793, x795);
uint32_t x819, uint8_t _ = addcarryx_u32(0x0, x817, x796);
uint32_t x822, uint8_t x823 = addcarryx_u32(0x0, x749, x774);
uint32_t x825, uint8_t x826 = addcarryx_u32(x823, x752, x798);
uint32_t x828, uint8_t x829 = addcarryx_u32(x826, x755, x801);
uint32_t x831, uint8_t x832 = addcarryx_u32(x829, x758, x804);
uint32_t x834, uint8_t x835 = addcarryx_u32(x832, x761, x807);
uint32_t x837, uint8_t x838 = addcarryx_u32(x835, x764, x810);
uint32_t x840, uint8_t x841 = addcarryx_u32(x838, x767, x813);
uint32_t x843, uint8_t x844 = addcarryx_u32(x841, x770, x816);
uint32_t x846, uint8_t x847 = addcarryx_u32(x844, x772, x819);
uint32_t x849, uint32_t _ = mulx_u32(x822, 0x38e38e39);
uint32_t x852, uint32_t x853 = mulx_u32(x849, 0xfffffff7);
uint32_t x855, uint32_t x856 = mulx_u32(x849, 0xffffffff);
uint32_t x858, uint32_t x859 = mulx_u32(x849, 0xffffffff);
uint32_t x861, uint32_t x862 = mulx_u32(x849, 0xffffffff);
uint32_t x864, uint32_t x865 = mulx_u32(x849, 0xffffffff);
uint32_t x867, uint32_t x868 = mulx_u32(x849, 0xffffffff);
uint32_t x870, uint32_t x871 = mulx_u32(x849, 0xffffffff);
uint32_t x873, uint32_t x874 = mulx_u32(x849, 0x7ffff);
uint32_t x876, uint8_t x877 = addcarryx_u32(0x0, x853, x855);
uint32_t x879, uint8_t x880 = addcarryx_u32(x877, x856, x858);
uint32_t x882, uint8_t x883 = addcarryx_u32(x880, x859, x861);
uint32_t x885, uint8_t x886 = addcarryx_u32(x883, x862, x864);
uint32_t x888, uint8_t x889 = addcarryx_u32(x886, x865, x867);
uint32_t x891, uint8_t x892 = addcarryx_u32(x889, x868, x870);
uint32_t x894, uint8_t x895 = addcarryx_u32(x892, x871, x873);
uint32_t x897, uint8_t _ = addcarryx_u32(0x0, x895, x874);
uint32_t _, uint8_t x901 = addcarryx_u32(0x0, x822, x852);
uint32_t x903, uint8_t x904 = addcarryx_u32(x901, x825, x876);
uint32_t x906, uint8_t x907 = addcarryx_u32(x904, x828, x879);
uint32_t x909, uint8_t x910 = addcarryx_u32(x907, x831, x882);
uint32_t x912, uint8_t x913 = addcarryx_u32(x910, x834, x885);
uint32_t x915, uint8_t x916 = addcarryx_u32(x913, x837, x888);
uint32_t x918, uint8_t x919 = addcarryx_u32(x916, x840, x891);
uint32_t x921, uint8_t x922 = addcarryx_u32(x919, x843, x894);
uint32_t x924, uint8_t x925 = addcarryx_u32(x922, x846, x897);
uint8_t x926 = (x925 + x847);
uint32_t x928, uint32_t x929 = mulx_u32(x15, x17);
uint32_t x931, uint32_t x932 = mulx_u32(x15, x19);
uint32_t x934, uint32_t x935 = mulx_u32(x15, x21);
uint32_t x937, uint32_t x938 = mulx_u32(x15, x23);
uint32_t x940, uint32_t x941 = mulx_u32(x15, x25);
uint32_t x943, uint32_t x944 = mulx_u32(x15, x27);
uint32_t x946, uint32_t x947 = mulx_u32(x15, x29);
uint32_t x949, uint32_t x950 = mulx_u32(x15, x28);
uint32_t x952, uint8_t x953 = addcarryx_u32(0x0, x929, x931);
uint32_t x955, uint8_t x956 = addcarryx_u32(x953, x932, x934);
uint32_t x958, uint8_t x959 = addcarryx_u32(x956, x935, x937);
uint32_t x961, uint8_t x962 = addcarryx_u32(x959, x938, x940);
uint32_t x964, uint8_t x965 = addcarryx_u32(x962, x941, x943);
uint32_t x967, uint8_t x968 = addcarryx_u32(x965, x944, x946);
uint32_t x970, uint8_t x971 = addcarryx_u32(x968, x947, x949);
uint32_t x973, uint8_t _ = addcarryx_u32(0x0, x971, x950);
uint32_t x976, uint8_t x977 = addcarryx_u32(0x0, x903, x928);
uint32_t x979, uint8_t x980 = addcarryx_u32(x977, x906, x952);
uint32_t x982, uint8_t x983 = addcarryx_u32(x980, x909, x955);
uint32_t x985, uint8_t x986 = addcarryx_u32(x983, x912, x958);
uint32_t x988, uint8_t x989 = addcarryx_u32(x986, x915, x961);
uint32_t x991, uint8_t x992 = addcarryx_u32(x989, x918, x964);
uint32_t x994, uint8_t x995 = addcarryx_u32(x992, x921, x967);
uint32_t x997, uint8_t x998 = addcarryx_u32(x995, x924, x970);
uint32_t x1000, uint8_t x1001 = addcarryx_u32(x998, x926, x973);
uint32_t x1003, uint32_t _ = mulx_u32(x976, 0x38e38e39);
uint32_t x1006, uint32_t x1007 = mulx_u32(x1003, 0xfffffff7);
uint32_t x1009, uint32_t x1010 = mulx_u32(x1003, 0xffffffff);
uint32_t x1012, uint32_t x1013 = mulx_u32(x1003, 0xffffffff);
uint32_t x1015, uint32_t x1016 = mulx_u32(x1003, 0xffffffff);
uint32_t x1018, uint32_t x1019 = mulx_u32(x1003, 0xffffffff);
uint32_t x1021, uint32_t x1022 = mulx_u32(x1003, 0xffffffff);
uint32_t x1024, uint32_t x1025 = mulx_u32(x1003, 0xffffffff);
uint32_t x1027, uint32_t x1028 = mulx_u32(x1003, 0x7ffff);
uint32_t x1030, uint8_t x1031 = addcarryx_u32(0x0, x1007, x1009);
uint32_t x1033, uint8_t x1034 = addcarryx_u32(x1031, x1010, x1012);
uint32_t x1036, uint8_t x1037 = addcarryx_u32(x1034, x1013, x1015);
uint32_t x1039, uint8_t x1040 = addcarryx_u32(x1037, x1016, x1018);
uint32_t x1042, uint8_t x1043 = addcarryx_u32(x1040, x1019, x1021);
uint32_t x1045, uint8_t x1046 = addcarryx_u32(x1043, x1022, x1024);
uint32_t x1048, uint8_t x1049 = addcarryx_u32(x1046, x1025, x1027);
uint32_t x1051, uint8_t _ = addcarryx_u32(0x0, x1049, x1028);
uint32_t _, uint8_t x1055 = addcarryx_u32(0x0, x976, x1006);
uint32_t x1057, uint8_t x1058 = addcarryx_u32(x1055, x979, x1030);
uint32_t x1060, uint8_t x1061 = addcarryx_u32(x1058, x982, x1033);
uint32_t x1063, uint8_t x1064 = addcarryx_u32(x1061, x985, x1036);
uint32_t x1066, uint8_t x1067 = addcarryx_u32(x1064, x988, x1039);
uint32_t x1069, uint8_t x1070 = addcarryx_u32(x1067, x991, x1042);
uint32_t x1072, uint8_t x1073 = addcarryx_u32(x1070, x994, x1045);
uint32_t x1075, uint8_t x1076 = addcarryx_u32(x1073, x997, x1048);
uint32_t x1078, uint8_t x1079 = addcarryx_u32(x1076, x1000, x1051);
uint8_t x1080 = (x1079 + x1001);
uint32_t x1082, uint32_t x1083 = mulx_u32(x14, x17);
uint32_t x1085, uint32_t x1086 = mulx_u32(x14, x19);
uint32_t x1088, uint32_t x1089 = mulx_u32(x14, x21);
uint32_t x1091, uint32_t x1092 = mulx_u32(x14, x23);
uint32_t x1094, uint32_t x1095 = mulx_u32(x14, x25);
uint32_t x1097, uint32_t x1098 = mulx_u32(x14, x27);
uint32_t x1100, uint32_t x1101 = mulx_u32(x14, x29);
uint32_t x1103, uint32_t x1104 = mulx_u32(x14, x28);
uint32_t x1106, uint8_t x1107 = addcarryx_u32(0x0, x1083, x1085);
uint32_t x1109, uint8_t x1110 = addcarryx_u32(x1107, x1086, x1088);
uint32_t x1112, uint8_t x1113 = addcarryx_u32(x1110, x1089, x1091);
uint32_t x1115, uint8_t x1116 = addcarryx_u32(x1113, x1092, x1094);
uint32_t x1118, uint8_t x1119 = addcarryx_u32(x1116, x1095, x1097);
uint32_t x1121, uint8_t x1122 = addcarryx_u32(x1119, x1098, x1100);
uint32_t x1124, uint8_t x1125 = addcarryx_u32(x1122, x1101, x1103);
uint32_t x1127, uint8_t _ = addcarryx_u32(0x0, x1125, x1104);
uint32_t x1130, uint8_t x1131 = addcarryx_u32(0x0, x1057, x1082);
uint32_t x1133, uint8_t x1134 = addcarryx_u32(x1131, x1060, x1106);
uint32_t x1136, uint8_t x1137 = addcarryx_u32(x1134, x1063, x1109);
uint32_t x1139, uint8_t x1140 = addcarryx_u32(x1137, x1066, x1112);
uint32_t x1142, uint8_t x1143 = addcarryx_u32(x1140, x1069, x1115);
uint32_t x1145, uint8_t x1146 = addcarryx_u32(x1143, x1072, x1118);
uint32_t x1148, uint8_t x1149 = addcarryx_u32(x1146, x1075, x1121);
uint32_t x1151, uint8_t x1152 = addcarryx_u32(x1149, x1078, x1124);
uint32_t x1154, uint8_t x1155 = addcarryx_u32(x1152, x1080, x1127);
uint32_t x1157, uint32_t _ = mulx_u32(x1130, 0x38e38e39);
uint32_t x1160, uint32_t x1161 = mulx_u32(x1157, 0xfffffff7);
uint32_t x1163, uint32_t x1164 = mulx_u32(x1157, 0xffffffff);
uint32_t x1166, uint32_t x1167 = mulx_u32(x1157, 0xffffffff);
uint32_t x1169, uint32_t x1170 = mulx_u32(x1157, 0xffffffff);
uint32_t x1172, uint32_t x1173 = mulx_u32(x1157, 0xffffffff);
uint32_t x1175, uint32_t x1176 = mulx_u32(x1157, 0xffffffff);
uint32_t x1178, uint32_t x1179 = mulx_u32(x1157, 0xffffffff);
uint32_t x1181, uint32_t x1182 = mulx_u32(x1157, 0x7ffff);
uint32_t x1184, uint8_t x1185 = addcarryx_u32(0x0, x1161, x1163);
uint32_t x1187, uint8_t x1188 = addcarryx_u32(x1185, x1164, x1166);
uint32_t x1190, uint8_t x1191 = addcarryx_u32(x1188, x1167, x1169);
uint32_t x1193, uint8_t x1194 = addcarryx_u32(x1191, x1170, x1172);
uint32_t x1196, uint8_t x1197 = addcarryx_u32(x1194, x1173, x1175);
uint32_t x1199, uint8_t x1200 = addcarryx_u32(x1197, x1176, x1178);
uint32_t x1202, uint8_t x1203 = addcarryx_u32(x1200, x1179, x1181);
uint32_t x1205, uint8_t _ = addcarryx_u32(0x0, x1203, x1182);
uint32_t _, uint8_t x1209 = addcarryx_u32(0x0, x1130, x1160);
uint32_t x1211, uint8_t x1212 = addcarryx_u32(x1209, x1133, x1184);
uint32_t x1214, uint8_t x1215 = addcarryx_u32(x1212, x1136, x1187);
uint32_t x1217, uint8_t x1218 = addcarryx_u32(x1215, x1139, x1190);
uint32_t x1220, uint8_t x1221 = addcarryx_u32(x1218, x1142, x1193);
uint32_t x1223, uint8_t x1224 = addcarryx_u32(x1221, x1145, x1196);
uint32_t x1226, uint8_t x1227 = addcarryx_u32(x1224, x1148, x1199);
uint32_t x1229, uint8_t x1230 = addcarryx_u32(x1227, x1151, x1202);
uint32_t x1232, uint8_t x1233 = addcarryx_u32(x1230, x1154, x1205);
uint8_t x1234 = (x1233 + x1155);
uint32_t x1236, uint8_t x1237 = subborrow_u32(0x0, x1211, 0xfffffff7);
uint32_t x1239, uint8_t x1240 = subborrow_u32(x1237, x1214, 0xffffffff);
uint32_t x1242, uint8_t x1243 = subborrow_u32(x1240, x1217, 0xffffffff);
uint32_t x1245, uint8_t x1246 = subborrow_u32(x1243, x1220, 0xffffffff);
uint32_t x1248, uint8_t x1249 = subborrow_u32(x1246, x1223, 0xffffffff);
uint32_t x1251, uint8_t x1252 = subborrow_u32(x1249, x1226, 0xffffffff);
uint32_t x1254, uint8_t x1255 = subborrow_u32(x1252, x1229, 0xffffffff);
uint32_t x1257, uint8_t x1258 = subborrow_u32(x1255, x1232, 0x7ffff);
uint32_t _, uint8_t x1261 = subborrow_u32(x1258, x1234, 0x0);
(cmovznz32(x1261, x1257, x1232), cmovznz32(x1261, x1254, x1229), cmovznz32(x1261, x1251, x1226), cmovznz32(x1261, x1248, x1223), cmovznz32(x1261, x1245, x1220), cmovznz32(x1261, x1242, x1217), cmovznz32(x1261, x1239, x1214), cmovznz32(x1261, x1236, x1211))
     : ∀ var : Z.Syntax.base_type → Type, expr Z.Syntax.base_type Z.Syntax.op (uint32_t * uint32_t * uint32_t * uint32_t * uint32_t * uint32_t * uint32_t * uint32_t * (uint32_t * uint32_t * uint32_t * uint32_t * uint32_t * uint32_t * uint32_t * uint32_t) -> uint32_t * uint32_t * uint32_t * uint32_t * uint32_t * uint32_t * uint32_t * uint32_t)

Argument scope is [function_scope]
