freeze = λ var : Z.Syntax.base_type → Type,
λ '(x26, x27, x25, x23, x21, x19, x17, x15, x13, x11, x9, x7, x5, x3, x1)%core,
uint32_t x29, uint32_t x30 = Op (Z.Syntax.SubWithGetBorrow 26 (Syntax.TWord 5) (Syntax.TWord 5) (Syntax.TWord 5) (Syntax.TWord 5) (Syntax.TWord 5)) (0x0, Return x1, 0x3ffffe1);
uint32_t x32, uint32_t x33 = Op (Z.Syntax.SubWithGetBorrow 26 (Syntax.TWord 5) (Syntax.TWord 5) (Syntax.TWord 5) (Syntax.TWord 5) (Syntax.TWord 5)) (Return x30, Return x3, 0x3ffffff);
uint32_t x35, uint32_t x36 = Op (Z.Syntax.SubWithGetBorrow 25 (Syntax.TWord 5) (Syntax.TWord 5) (Syntax.TWord 5) (Syntax.TWord 5) (Syntax.TWord 5)) (Return x33, Return x5, 0x1ffffff);
uint32_t x38, uint32_t x39 = Op (Z.Syntax.SubWithGetBorrow 26 (Syntax.TWord 5) (Syntax.TWord 5) (Syntax.TWord 5) (Syntax.TWord 5) (Syntax.TWord 5)) (Return x36, Return x7, 0x3ffffff);
uint32_t x41, uint32_t x42 = Op (Z.Syntax.SubWithGetBorrow 25 (Syntax.TWord 5) (Syntax.TWord 5) (Syntax.TWord 5) (Syntax.TWord 5) (Syntax.TWord 5)) (Return x39, Return x9, 0x1ffffff);
uint32_t x44, uint32_t x45 = Op (Z.Syntax.SubWithGetBorrow 26 (Syntax.TWord 5) (Syntax.TWord 5) (Syntax.TWord 5) (Syntax.TWord 5) (Syntax.TWord 5)) (Return x42, Return x11, 0x3ffffff);
uint32_t x47, uint32_t x48 = Op (Z.Syntax.SubWithGetBorrow 25 (Syntax.TWord 5) (Syntax.TWord 5) (Syntax.TWord 5) (Syntax.TWord 5) (Syntax.TWord 5)) (Return x45, Return x13, 0x1ffffff);
uint32_t x50, uint32_t x51 = Op (Z.Syntax.SubWithGetBorrow 26 (Syntax.TWord 5) (Syntax.TWord 5) (Syntax.TWord 5) (Syntax.TWord 5) (Syntax.TWord 5)) (Return x48, Return x15, 0x3ffffff);
uint32_t x53, uint32_t x54 = Op (Z.Syntax.SubWithGetBorrow 25 (Syntax.TWord 5) (Syntax.TWord 5) (Syntax.TWord 5) (Syntax.TWord 5) (Syntax.TWord 5)) (Return x51, Return x17, 0x1ffffff);
uint32_t x56, uint32_t x57 = Op (Z.Syntax.SubWithGetBorrow 26 (Syntax.TWord 5) (Syntax.TWord 5) (Syntax.TWord 5) (Syntax.TWord 5) (Syntax.TWord 5)) (Return x54, Return x19, 0x3ffffff);
uint32_t x59, uint32_t x60 = Op (Z.Syntax.SubWithGetBorrow 25 (Syntax.TWord 5) (Syntax.TWord 5) (Syntax.TWord 5) (Syntax.TWord 5) (Syntax.TWord 5)) (Return x57, Return x21, 0x1ffffff);
uint32_t x62, uint32_t x63 = Op (Z.Syntax.SubWithGetBorrow 26 (Syntax.TWord 5) (Syntax.TWord 5) (Syntax.TWord 5) (Syntax.TWord 5) (Syntax.TWord 5)) (Return x60, Return x23, 0x3ffffff);
uint32_t x65, uint32_t x66 = Op (Z.Syntax.SubWithGetBorrow 25 (Syntax.TWord 5) (Syntax.TWord 5) (Syntax.TWord 5) (Syntax.TWord 5) (Syntax.TWord 5)) (Return x63, Return x25, 0x1ffffff);
uint32_t x68, uint32_t x69 = Op (Z.Syntax.SubWithGetBorrow 26 (Syntax.TWord 5) (Syntax.TWord 5) (Syntax.TWord 5) (Syntax.TWord 5) (Syntax.TWord 5)) (Return x66, Return x27, 0x3ffffff);
uint32_t x71, uint32_t x72 = Op (Z.Syntax.SubWithGetBorrow 25 (Syntax.TWord 5) (Syntax.TWord 5) (Syntax.TWord 5) (Syntax.TWord 5) (Syntax.TWord 5)) (Return x69, Return x26, 0x1ffffff);
uint32_t x73 = cmovznz32(x72, 0x0, 0xffffffff);
uint32_t x74 = (x73 & 0x3ffffe1);
uint32_t x76, uint32_t x77 = Op (Z.Syntax.AddWithGetCarry 26 (Syntax.TWord 5) (Syntax.TWord 5) (Syntax.TWord 5) (Syntax.TWord 5) (Syntax.TWord 5)) (0x0, Return x29, Return x74);
uint32_t x78 = (x73 & 0x3ffffff);
uint32_t x80, uint32_t x81 = Op (Z.Syntax.AddWithGetCarry 26 (Syntax.TWord 5) (Syntax.TWord 5) (Syntax.TWord 5) (Syntax.TWord 5) (Syntax.TWord 5)) (Return x77, Return x32, Return x78);
uint32_t x82 = (x73 & 0x1ffffff);
uint32_t x84, uint32_t x85 = Op (Z.Syntax.AddWithGetCarry 25 (Syntax.TWord 5) (Syntax.TWord 5) (Syntax.TWord 5) (Syntax.TWord 5) (Syntax.TWord 5)) (Return x81, Return x35, Return x82);
uint32_t x86 = (x73 & 0x3ffffff);
uint32_t x88, uint32_t x89 = Op (Z.Syntax.AddWithGetCarry 26 (Syntax.TWord 5) (Syntax.TWord 5) (Syntax.TWord 5) (Syntax.TWord 5) (Syntax.TWord 5)) (Return x85, Return x38, Return x86);
uint32_t x90 = (x73 & 0x1ffffff);
uint32_t x92, uint32_t x93 = Op (Z.Syntax.AddWithGetCarry 25 (Syntax.TWord 5) (Syntax.TWord 5) (Syntax.TWord 5) (Syntax.TWord 5) (Syntax.TWord 5)) (Return x89, Return x41, Return x90);
uint32_t x94 = (x73 & 0x3ffffff);
uint32_t x96, uint32_t x97 = Op (Z.Syntax.AddWithGetCarry 26 (Syntax.TWord 5) (Syntax.TWord 5) (Syntax.TWord 5) (Syntax.TWord 5) (Syntax.TWord 5)) (Return x93, Return x44, Return x94);
uint32_t x98 = (x73 & 0x1ffffff);
uint32_t x100, uint32_t x101 = Op (Z.Syntax.AddWithGetCarry 25 (Syntax.TWord 5) (Syntax.TWord 5) (Syntax.TWord 5) (Syntax.TWord 5) (Syntax.TWord 5)) (Return x97, Return x47, Return x98);
uint32_t x102 = (x73 & 0x3ffffff);
uint32_t x104, uint32_t x105 = Op (Z.Syntax.AddWithGetCarry 26 (Syntax.TWord 5) (Syntax.TWord 5) (Syntax.TWord 5) (Syntax.TWord 5) (Syntax.TWord 5)) (Return x101, Return x50, Return x102);
uint32_t x106 = (x73 & 0x1ffffff);
uint32_t x108, uint32_t x109 = Op (Z.Syntax.AddWithGetCarry 25 (Syntax.TWord 5) (Syntax.TWord 5) (Syntax.TWord 5) (Syntax.TWord 5) (Syntax.TWord 5)) (Return x105, Return x53, Return x106);
uint32_t x110 = (x73 & 0x3ffffff);
uint32_t x112, uint32_t x113 = Op (Z.Syntax.AddWithGetCarry 26 (Syntax.TWord 5) (Syntax.TWord 5) (Syntax.TWord 5) (Syntax.TWord 5) (Syntax.TWord 5)) (Return x109, Return x56, Return x110);
uint32_t x114 = (x73 & 0x1ffffff);
uint32_t x116, uint32_t x117 = Op (Z.Syntax.AddWithGetCarry 25 (Syntax.TWord 5) (Syntax.TWord 5) (Syntax.TWord 5) (Syntax.TWord 5) (Syntax.TWord 5)) (Return x113, Return x59, Return x114);
uint32_t x118 = (x73 & 0x3ffffff);
uint32_t x120, uint32_t x121 = Op (Z.Syntax.AddWithGetCarry 26 (Syntax.TWord 5) (Syntax.TWord 5) (Syntax.TWord 5) (Syntax.TWord 5) (Syntax.TWord 5)) (Return x117, Return x62, Return x118);
uint32_t x122 = (x73 & 0x1ffffff);
uint32_t x124, uint32_t x125 = Op (Z.Syntax.AddWithGetCarry 25 (Syntax.TWord 5) (Syntax.TWord 5) (Syntax.TWord 5) (Syntax.TWord 5) (Syntax.TWord 5)) (Return x121, Return x65, Return x122);
uint32_t x126 = (x73 & 0x3ffffff);
uint32_t x128, uint32_t x129 = Op (Z.Syntax.AddWithGetCarry 26 (Syntax.TWord 5) (Syntax.TWord 5) (Syntax.TWord 5) (Syntax.TWord 5) (Syntax.TWord 5)) (Return x125, Return x68, Return x126);
uint32_t x130 = (x73 & 0x1ffffff);
uint32_t x132, uint32_t _ = Op (Z.Syntax.AddWithGetCarry 25 (Syntax.TWord 5) (Syntax.TWord 5) (Syntax.TWord 5) (Syntax.TWord 5) (Syntax.TWord 5)) (Return x129, Return x71, Return x130);
(Return x132, Return x128, Return x124, Return x120, Return x116, Return x112, Return x108, Return x104, Return x100, Return x96, Return x92, Return x88, Return x84, Return x80, Return x76)
     : ∀ var : Z.Syntax.base_type → Type, expr Z.Syntax.base_type Z.Syntax.op (uint32_t * uint32_t * uint32_t * uint32_t * uint32_t * uint32_t * uint32_t * uint32_t * uint32_t * uint32_t * uint32_t * uint32_t * uint32_t * uint32_t * uint32_t -> uint32_t * uint32_t * uint32_t * uint32_t * uint32_t * uint32_t * uint32_t * uint32_t * uint32_t * uint32_t * uint32_t * uint32_t * uint32_t * uint32_t * uint32_t)

Argument scope is [function_scope]
