mul = λ var : Z.Syntax.base_type → Type,
λ '(x42, x43, x41, x39, x37, x35, x33, x31, x29, x27, x25, x23, x21, x19, x17, x15, x13, x11, x9, x7, x5, x3, (x84, x85, x83, x81, x79, x77, x75, x73, x71, x69, x67, x65, x63, x61, x59, x57, x55, x53, x51, x49, x47, x45))%core,
uint64_t x86 = ((uint64_t)x42 * x84);
uint64_t x87 = (((uint64_t)x43 * x84) + ((uint64_t)x42 * x85));
uint64_t x88 = (((uint64_t)x41 * x84) + (((uint64_t)x43 * x85) + ((uint64_t)x42 * x83)));
uint64_t x89 = ((0x2 * ((uint64_t)x39 * x84)) + ((0x2 * ((uint64_t)x41 * x85)) + ((0x2 * ((uint64_t)x43 * x83)) + (0x2 * ((uint64_t)x42 * x81)))));
uint64_t x90 = (((uint64_t)x37 * x84) + ((0x2 * ((uint64_t)x39 * x85)) + ((0x2 * ((uint64_t)x41 * x83)) + ((0x2 * ((uint64_t)x43 * x81)) + ((uint64_t)x42 * x79)))));
uint64_t x91 = (((uint64_t)x35 * x84) + (((uint64_t)x37 * x85) + ((0x2 * ((uint64_t)x39 * x83)) + ((0x2 * ((uint64_t)x41 * x81)) + (((uint64_t)x43 * x79) + ((uint64_t)x42 * x77))))));
uint64_t x92 = (((uint64_t)x33 * x84) + (((uint64_t)x35 * x85) + (((uint64_t)x37 * x83) + ((0x2 * ((uint64_t)x39 * x81)) + (((uint64_t)x41 * x79) + (((uint64_t)x43 * x77) + ((uint64_t)x42 * x75)))))));
uint64_t x93 = ((0x2 * ((uint64_t)x31 * x84)) + ((0x2 * ((uint64_t)x33 * x85)) + ((0x2 * ((uint64_t)x35 * x83)) + ((0x2 * ((uint64_t)x37 * x81)) + ((0x2 * ((uint64_t)x39 * x79)) + ((0x2 * ((uint64_t)x41 * x77)) + ((0x2 * ((uint64_t)x43 * x75)) + (0x2 * ((uint64_t)x42 * x73)))))))));
uint64_t x94 = (((uint64_t)x29 * x84) + ((0x2 * ((uint64_t)x31 * x85)) + ((0x2 * ((uint64_t)x33 * x83)) + ((0x2 * ((uint64_t)x35 * x81)) + (((uint64_t)x37 * x79) + ((0x2 * ((uint64_t)x39 * x77)) + ((0x2 * ((uint64_t)x41 * x75)) + ((0x2 * ((uint64_t)x43 * x73)) + ((uint64_t)x42 * x71)))))))));
uint64_t x95 = (((uint64_t)x27 * x84) + (((uint64_t)x29 * x85) + ((0x2 * ((uint64_t)x31 * x83)) + ((0x2 * ((uint64_t)x33 * x81)) + (((uint64_t)x35 * x79) + (((uint64_t)x37 * x77) + ((0x2 * ((uint64_t)x39 * x75)) + ((0x2 * ((uint64_t)x41 * x73)) + (((uint64_t)x43 * x71) + ((uint64_t)x42 * x69))))))))));
uint64_t x96 = (((uint64_t)x25 * x84) + (((uint64_t)x27 * x85) + (((uint64_t)x29 * x83) + ((0x2 * ((uint64_t)x31 * x81)) + (((uint64_t)x33 * x79) + (((uint64_t)x35 * x77) + (((uint64_t)x37 * x75) + ((0x2 * ((uint64_t)x39 * x73)) + (((uint64_t)x41 * x71) + (((uint64_t)x43 * x69) + ((uint64_t)x42 * x67)))))))))));
uint64_t x97 = (((uint64_t)x23 * x84) + (((uint64_t)x25 * x85) + (((uint64_t)x27 * x83) + (((uint64_t)x29 * x81) + (((uint64_t)x31 * x79) + (((uint64_t)x33 * x77) + (((uint64_t)x35 * x75) + (((uint64_t)x37 * x73) + (((uint64_t)x39 * x71) + (((uint64_t)x41 * x69) + (((uint64_t)x43 * x67) + ((uint64_t)x42 * x65))))))))))));
uint64_t x98 = ((0x2 * ((uint64_t)x21 * x84)) + ((0x2 * ((uint64_t)x23 * x85)) + ((0x2 * ((uint64_t)x25 * x83)) + ((0x2 * ((uint64_t)x27 * x81)) + (((uint64_t)x29 * x79) + ((0x2 * ((uint64_t)x31 * x77)) + ((0x2 * ((uint64_t)x33 * x75)) + ((0x2 * ((uint64_t)x35 * x73)) + (((uint64_t)x37 * x71) + ((0x2 * ((uint64_t)x39 * x69)) + ((0x2 * ((uint64_t)x41 * x67)) + ((0x2 * ((uint64_t)x43 * x65)) + (0x2 * ((uint64_t)x42 * x63))))))))))))));
uint64_t x99 = (((uint64_t)x19 * x84) + ((0x2 * ((uint64_t)x21 * x85)) + ((0x2 * ((uint64_t)x23 * x83)) + ((0x2 * ((uint64_t)x25 * x81)) + (((uint64_t)x27 * x79) + (((uint64_t)x29 * x77) + ((0x2 * ((uint64_t)x31 * x75)) + ((0x2 * ((uint64_t)x33 * x73)) + (((uint64_t)x35 * x71) + (((uint64_t)x37 * x69) + ((0x2 * ((uint64_t)x39 * x67)) + ((0x2 * ((uint64_t)x41 * x65)) + ((0x2 * ((uint64_t)x43 * x63)) + ((uint64_t)x42 * x61))))))))))))));
uint64_t x100 = (((uint64_t)x17 * x84) + (((uint64_t)x19 * x85) + ((0x2 * ((uint64_t)x21 * x83)) + ((0x2 * ((uint64_t)x23 * x81)) + (((uint64_t)x25 * x79) + (((uint64_t)x27 * x77) + (((uint64_t)x29 * x75) + ((0x2 * ((uint64_t)x31 * x73)) + (((uint64_t)x33 * x71) + (((uint64_t)x35 * x69) + (((uint64_t)x37 * x67) + ((0x2 * ((uint64_t)x39 * x65)) + ((0x2 * ((uint64_t)x41 * x63)) + (((uint64_t)x43 * x61) + ((uint64_t)x42 * x59)))))))))))))));
uint64_t x101 = (((uint64_t)x15 * x84) + (((uint64_t)x17 * x85) + (((uint64_t)x19 * x83) + ((0x2 * ((uint64_t)x21 * x81)) + (((uint64_t)x23 * x79) + (((uint64_t)x25 * x77) + (((uint64_t)x27 * x75) + (((uint64_t)x29 * x73) + (((uint64_t)x31 * x71) + (((uint64_t)x33 * x69) + (((uint64_t)x35 * x67) + (((uint64_t)x37 * x65) + ((0x2 * ((uint64_t)x39 * x63)) + (((uint64_t)x41 * x61) + (((uint64_t)x43 * x59) + ((uint64_t)x42 * x57))))))))))))))));
uint64_t x102 = ((0x2 * ((uint64_t)x13 * x84)) + ((0x2 * ((uint64_t)x15 * x85)) + ((0x2 * ((uint64_t)x17 * x83)) + ((0x2 * ((uint64_t)x19 * x81)) + ((0x2 * ((uint64_t)x21 * x79)) + ((0x2 * ((uint64_t)x23 * x77)) + ((0x2 * ((uint64_t)x25 * x75)) + ((0x2 * ((uint64_t)x27 * x73)) + (((uint64_t)x29 * x71) + ((0x2 * ((uint64_t)x31 * x69)) + ((0x2 * ((uint64_t)x33 * x67)) + ((0x2 * ((uint64_t)x35 * x65)) + ((0x2 * ((uint64_t)x37 * x63)) + ((0x2 * ((uint64_t)x39 * x61)) + ((0x2 * ((uint64_t)x41 * x59)) + ((0x2 * ((uint64_t)x43 * x57)) + (0x2 * ((uint64_t)x42 * x55))))))))))))))))));
uint64_t x103 = (((uint64_t)x11 * x84) + ((0x2 * ((uint64_t)x13 * x85)) + ((0x2 * ((uint64_t)x15 * x83)) + ((0x2 * ((uint64_t)x17 * x81)) + (((uint64_t)x19 * x79) + ((0x2 * ((uint64_t)x21 * x77)) + ((0x2 * ((uint64_t)x23 * x75)) + ((0x2 * ((uint64_t)x25 * x73)) + (((uint64_t)x27 * x71) + (((uint64_t)x29 * x69) + ((0x2 * ((uint64_t)x31 * x67)) + ((0x2 * ((uint64_t)x33 * x65)) + ((0x2 * ((uint64_t)x35 * x63)) + (((uint64_t)x37 * x61) + ((0x2 * ((uint64_t)x39 * x59)) + ((0x2 * ((uint64_t)x41 * x57)) + ((0x2 * ((uint64_t)x43 * x55)) + ((uint64_t)x42 * x53))))))))))))))))));
uint64_t x104 = (((uint64_t)x9 * x84) + (((uint64_t)x11 * x85) + ((0x2 * ((uint64_t)x13 * x83)) + ((0x2 * ((uint64_t)x15 * x81)) + (((uint64_t)x17 * x79) + (((uint64_t)x19 * x77) + ((0x2 * ((uint64_t)x21 * x75)) + ((0x2 * ((uint64_t)x23 * x73)) + (((uint64_t)x25 * x71) + (((uint64_t)x27 * x69) + (((uint64_t)x29 * x67) + ((0x2 * ((uint64_t)x31 * x65)) + ((0x2 * ((uint64_t)x33 * x63)) + (((uint64_t)x35 * x61) + (((uint64_t)x37 * x59) + ((0x2 * ((uint64_t)x39 * x57)) + ((0x2 * ((uint64_t)x41 * x55)) + (((uint64_t)x43 * x53) + ((uint64_t)x42 * x51)))))))))))))))))));
uint64_t x105 = (((uint64_t)x7 * x84) + (((uint64_t)x9 * x85) + (((uint64_t)x11 * x83) + ((0x2 * ((uint64_t)x13 * x81)) + (((uint64_t)x15 * x79) + (((uint64_t)x17 * x77) + (((uint64_t)x19 * x75) + ((0x2 * ((uint64_t)x21 * x73)) + (((uint64_t)x23 * x71) + (((uint64_t)x25 * x69) + (((uint64_t)x27 * x67) + (((uint64_t)x29 * x65) + ((0x2 * ((uint64_t)x31 * x63)) + (((uint64_t)x33 * x61) + (((uint64_t)x35 * x59) + (((uint64_t)x37 * x57) + ((0x2 * ((uint64_t)x39 * x55)) + (((uint64_t)x41 * x53) + (((uint64_t)x43 * x51) + ((uint64_t)x42 * x49))))))))))))))))))));
uint64_t x106 = ((0x2 * ((uint64_t)x5 * x84)) + ((0x2 * ((uint64_t)x7 * x85)) + ((0x2 * ((uint64_t)x9 * x83)) + ((0x2 * ((uint64_t)x11 * x81)) + ((0x2 * ((uint64_t)x13 * x79)) + ((0x2 * ((uint64_t)x15 * x77)) + ((0x2 * ((uint64_t)x17 * x75)) + ((0x2 * ((uint64_t)x19 * x73)) + ((0x2 * ((uint64_t)x21 * x71)) + ((0x2 * ((uint64_t)x23 * x69)) + ((0x2 * ((uint64_t)x25 * x67)) + ((0x2 * ((uint64_t)x27 * x65)) + ((0x2 * ((uint64_t)x29 * x63)) + ((0x2 * ((uint64_t)x31 * x61)) + ((0x2 * ((uint64_t)x33 * x59)) + ((0x2 * ((uint64_t)x35 * x57)) + ((0x2 * ((uint64_t)x37 * x55)) + ((0x2 * ((uint64_t)x39 * x53)) + ((0x2 * ((uint64_t)x41 * x51)) + ((0x2 * ((uint64_t)x43 * x49)) + (0x2 * ((uint64_t)x42 * x47))))))))))))))))))))));
uint64_t x107 = (((uint64_t)x3 * x84) + ((0x2 * ((uint64_t)x5 * x85)) + ((0x2 * ((uint64_t)x7 * x83)) + ((0x2 * ((uint64_t)x9 * x81)) + (((uint64_t)x11 * x79) + ((0x2 * ((uint64_t)x13 * x77)) + ((0x2 * ((uint64_t)x15 * x75)) + ((0x2 * ((uint64_t)x17 * x73)) + (((uint64_t)x19 * x71) + ((0x2 * ((uint64_t)x21 * x69)) + ((0x2 * ((uint64_t)x23 * x67)) + ((0x2 * ((uint64_t)x25 * x65)) + ((0x2 * ((uint64_t)x27 * x63)) + (((uint64_t)x29 * x61) + ((0x2 * ((uint64_t)x31 * x59)) + ((0x2 * ((uint64_t)x33 * x57)) + ((0x2 * ((uint64_t)x35 * x55)) + (((uint64_t)x37 * x53) + ((0x2 * ((uint64_t)x39 * x51)) + ((0x2 * ((uint64_t)x41 * x49)) + ((0x2 * ((uint64_t)x43 * x47)) + ((uint64_t)x42 * x45))))))))))))))))))))));
uint64_t x108 = (((uint64_t)x3 * x85) + ((0x2 * ((uint64_t)x5 * x83)) + ((0x2 * ((uint64_t)x7 * x81)) + (((uint64_t)x9 * x79) + (((uint64_t)x11 * x77) + ((0x2 * ((uint64_t)x13 * x75)) + ((0x2 * ((uint64_t)x15 * x73)) + (((uint64_t)x17 * x71) + (((uint64_t)x19 * x69) + ((0x2 * ((uint64_t)x21 * x67)) + ((0x2 * ((uint64_t)x23 * x65)) + ((0x2 * ((uint64_t)x25 * x63)) + (((uint64_t)x27 * x61) + (((uint64_t)x29 * x59) + ((0x2 * ((uint64_t)x31 * x57)) + ((0x2 * ((uint64_t)x33 * x55)) + (((uint64_t)x35 * x53) + (((uint64_t)x37 * x51) + ((0x2 * ((uint64_t)x39 * x49)) + ((0x2 * ((uint64_t)x41 * x47)) + ((uint64_t)x43 * x45)))))))))))))))))))));
uint64_t x109 = (((uint64_t)x3 * x83) + ((0x2 * ((uint64_t)x5 * x81)) + (((uint64_t)x7 * x79) + (((uint64_t)x9 * x77) + (((uint64_t)x11 * x75) + ((0x2 * ((uint64_t)x13 * x73)) + (((uint64_t)x15 * x71) + (((uint64_t)x17 * x69) + (((uint64_t)x19 * x67) + ((0x2 * ((uint64_t)x21 * x65)) + ((0x2 * ((uint64_t)x23 * x63)) + (((uint64_t)x25 * x61) + (((uint64_t)x27 * x59) + (((uint64_t)x29 * x57) + ((0x2 * ((uint64_t)x31 * x55)) + (((uint64_t)x33 * x53) + (((uint64_t)x35 * x51) + (((uint64_t)x37 * x49) + ((0x2 * ((uint64_t)x39 * x47)) + ((uint64_t)x41 * x45))))))))))))))))))));
uint64_t x110 = (((uint64_t)x3 * x81) + (((uint64_t)x5 * x79) + (((uint64_t)x7 * x77) + (((uint64_t)x9 * x75) + (((uint64_t)x11 * x73) + (((uint64_t)x13 * x71) + (((uint64_t)x15 * x69) + (((uint64_t)x17 * x67) + (((uint64_t)x19 * x65) + ((0x2 * ((uint64_t)x21 * x63)) + (((uint64_t)x23 * x61) + (((uint64_t)x25 * x59) + (((uint64_t)x27 * x57) + (((uint64_t)x29 * x55) + (((uint64_t)x31 * x53) + (((uint64_t)x33 * x51) + (((uint64_t)x35 * x49) + (((uint64_t)x37 * x47) + ((uint64_t)x39 * x45)))))))))))))))))));
uint64_t x111 = (((uint64_t)x3 * x79) + ((0x2 * ((uint64_t)x5 * x77)) + ((0x2 * ((uint64_t)x7 * x75)) + ((0x2 * ((uint64_t)x9 * x73)) + (((uint64_t)x11 * x71) + ((0x2 * ((uint64_t)x13 * x69)) + ((0x2 * ((uint64_t)x15 * x67)) + ((0x2 * ((uint64_t)x17 * x65)) + ((0x2 * ((uint64_t)x19 * x63)) + ((0x2 * ((uint64_t)x21 * x61)) + ((0x2 * ((uint64_t)x23 * x59)) + ((0x2 * ((uint64_t)x25 * x57)) + ((0x2 * ((uint64_t)x27 * x55)) + (((uint64_t)x29 * x53) + ((0x2 * ((uint64_t)x31 * x51)) + ((0x2 * ((uint64_t)x33 * x49)) + ((0x2 * ((uint64_t)x35 * x47)) + ((uint64_t)x37 * x45))))))))))))))))));
uint64_t x112 = (((uint64_t)x3 * x77) + ((0x2 * ((uint64_t)x5 * x75)) + ((0x2 * ((uint64_t)x7 * x73)) + (((uint64_t)x9 * x71) + (((uint64_t)x11 * x69) + ((0x2 * ((uint64_t)x13 * x67)) + ((0x2 * ((uint64_t)x15 * x65)) + ((0x2 * ((uint64_t)x17 * x63)) + (((uint64_t)x19 * x61) + ((0x2 * ((uint64_t)x21 * x59)) + ((0x2 * ((uint64_t)x23 * x57)) + ((0x2 * ((uint64_t)x25 * x55)) + (((uint64_t)x27 * x53) + (((uint64_t)x29 * x51) + ((0x2 * ((uint64_t)x31 * x49)) + ((0x2 * ((uint64_t)x33 * x47)) + ((uint64_t)x35 * x45)))))))))))))))));
uint64_t x113 = (((uint64_t)x3 * x75) + ((0x2 * ((uint64_t)x5 * x73)) + (((uint64_t)x7 * x71) + (((uint64_t)x9 * x69) + (((uint64_t)x11 * x67) + ((0x2 * ((uint64_t)x13 * x65)) + ((0x2 * ((uint64_t)x15 * x63)) + (((uint64_t)x17 * x61) + (((uint64_t)x19 * x59) + ((0x2 * ((uint64_t)x21 * x57)) + ((0x2 * ((uint64_t)x23 * x55)) + (((uint64_t)x25 * x53) + (((uint64_t)x27 * x51) + (((uint64_t)x29 * x49) + ((0x2 * ((uint64_t)x31 * x47)) + ((uint64_t)x33 * x45))))))))))))))));
uint64_t x114 = (((uint64_t)x3 * x73) + (((uint64_t)x5 * x71) + (((uint64_t)x7 * x69) + (((uint64_t)x9 * x67) + (((uint64_t)x11 * x65) + ((0x2 * ((uint64_t)x13 * x63)) + (((uint64_t)x15 * x61) + (((uint64_t)x17 * x59) + (((uint64_t)x19 * x57) + ((0x2 * ((uint64_t)x21 * x55)) + (((uint64_t)x23 * x53) + (((uint64_t)x25 * x51) + (((uint64_t)x27 * x49) + (((uint64_t)x29 * x47) + ((uint64_t)x31 * x45)))))))))))))));
uint64_t x115 = (((uint64_t)x3 * x71) + ((0x2 * ((uint64_t)x5 * x69)) + ((0x2 * ((uint64_t)x7 * x67)) + ((0x2 * ((uint64_t)x9 * x65)) + ((0x2 * ((uint64_t)x11 * x63)) + ((0x2 * ((uint64_t)x13 * x61)) + ((0x2 * ((uint64_t)x15 * x59)) + ((0x2 * ((uint64_t)x17 * x57)) + ((0x2 * ((uint64_t)x19 * x55)) + ((0x2 * ((uint64_t)x21 * x53)) + ((0x2 * ((uint64_t)x23 * x51)) + ((0x2 * ((uint64_t)x25 * x49)) + ((0x2 * ((uint64_t)x27 * x47)) + ((uint64_t)x29 * x45))))))))))))));
uint64_t x116 = (((uint64_t)x3 * x69) + ((0x2 * ((uint64_t)x5 * x67)) + ((0x2 * ((uint64_t)x7 * x65)) + ((0x2 * ((uint64_t)x9 * x63)) + (((uint64_t)x11 * x61) + ((0x2 * ((uint64_t)x13 * x59)) + ((0x2 * ((uint64_t)x15 * x57)) + ((0x2 * ((uint64_t)x17 * x55)) + (((uint64_t)x19 * x53) + ((0x2 * ((uint64_t)x21 * x51)) + ((0x2 * ((uint64_t)x23 * x49)) + ((0x2 * ((uint64_t)x25 * x47)) + ((uint64_t)x27 * x45)))))))))))));
uint64_t x117 = (((uint64_t)x3 * x67) + ((0x2 * ((uint64_t)x5 * x65)) + ((0x2 * ((uint64_t)x7 * x63)) + (((uint64_t)x9 * x61) + (((uint64_t)x11 * x59) + ((0x2 * ((uint64_t)x13 * x57)) + ((0x2 * ((uint64_t)x15 * x55)) + (((uint64_t)x17 * x53) + (((uint64_t)x19 * x51) + ((0x2 * ((uint64_t)x21 * x49)) + ((0x2 * ((uint64_t)x23 * x47)) + ((uint64_t)x25 * x45))))))))))));
uint64_t x118 = (((uint64_t)x3 * x65) + ((0x2 * ((uint64_t)x5 * x63)) + (((uint64_t)x7 * x61) + (((uint64_t)x9 * x59) + (((uint64_t)x11 * x57) + ((0x2 * ((uint64_t)x13 * x55)) + (((uint64_t)x15 * x53) + (((uint64_t)x17 * x51) + (((uint64_t)x19 * x49) + ((0x2 * ((uint64_t)x21 * x47)) + ((uint64_t)x23 * x45)))))))))));
uint64_t x119 = (((uint64_t)x3 * x63) + (((uint64_t)x5 * x61) + (((uint64_t)x7 * x59) + (((uint64_t)x9 * x57) + (((uint64_t)x11 * x55) + (((uint64_t)x13 * x53) + (((uint64_t)x15 * x51) + (((uint64_t)x17 * x49) + (((uint64_t)x19 * x47) + ((uint64_t)x21 * x45))))))))));
uint64_t x120 = (((uint64_t)x3 * x61) + ((0x2 * ((uint64_t)x5 * x59)) + ((0x2 * ((uint64_t)x7 * x57)) + ((0x2 * ((uint64_t)x9 * x55)) + (((uint64_t)x11 * x53) + ((0x2 * ((uint64_t)x13 * x51)) + ((0x2 * ((uint64_t)x15 * x49)) + ((0x2 * ((uint64_t)x17 * x47)) + ((uint64_t)x19 * x45)))))))));
uint64_t x121 = (((uint64_t)x3 * x59) + ((0x2 * ((uint64_t)x5 * x57)) + ((0x2 * ((uint64_t)x7 * x55)) + (((uint64_t)x9 * x53) + (((uint64_t)x11 * x51) + ((0x2 * ((uint64_t)x13 * x49)) + ((0x2 * ((uint64_t)x15 * x47)) + ((uint64_t)x17 * x45))))))));
uint64_t x122 = (((uint64_t)x3 * x57) + ((0x2 * ((uint64_t)x5 * x55)) + (((uint64_t)x7 * x53) + (((uint64_t)x9 * x51) + (((uint64_t)x11 * x49) + ((0x2 * ((uint64_t)x13 * x47)) + ((uint64_t)x15 * x45)))))));
uint64_t x123 = (((uint64_t)x3 * x55) + (((uint64_t)x5 * x53) + (((uint64_t)x7 * x51) + (((uint64_t)x9 * x49) + (((uint64_t)x11 * x47) + ((uint64_t)x13 * x45))))));
uint64_t x124 = (((uint64_t)x3 * x53) + ((0x2 * ((uint64_t)x5 * x51)) + ((0x2 * ((uint64_t)x7 * x49)) + ((0x2 * ((uint64_t)x9 * x47)) + ((uint64_t)x11 * x45)))));
uint64_t x125 = (((uint64_t)x3 * x51) + ((0x2 * ((uint64_t)x5 * x49)) + ((0x2 * ((uint64_t)x7 * x47)) + ((uint64_t)x9 * x45))));
uint64_t x126 = (((uint64_t)x3 * x49) + ((0x2 * ((uint64_t)x5 * x47)) + ((uint64_t)x7 * x45)));
uint64_t x127 = (((uint64_t)x3 * x47) + ((uint64_t)x5 * x45));
uint64_t x128 = ((uint64_t)x3 * x45);
uint64_t x129 = (x108 + (0xbb * x86));
uint64_t x130 = (x109 + (0xbb * x87));
uint64_t x131 = (x110 + (0xbb * x88));
uint64_t x132 = (x111 + (0xbb * x89));
uint64_t x133 = (x112 + (0xbb * x90));
uint64_t x134 = (x113 + (0xbb * x91));
uint64_t x135 = (x114 + (0xbb * x92));
uint64_t x136 = (x115 + (0xbb * x93));
uint64_t x137 = (x116 + (0xbb * x94));
uint64_t x138 = (x117 + (0xbb * x95));
uint64_t x139 = (x118 + (0xbb * x96));
uint64_t x140 = (x119 + (0xbb * x97));
uint64_t x141 = (x120 + (0xbb * x98));
uint64_t x142 = (x121 + (0xbb * x99));
uint64_t x143 = (x122 + (0xbb * x100));
uint64_t x144 = (x123 + (0xbb * x101));
uint64_t x145 = (x124 + (0xbb * x102));
uint64_t x146 = (x125 + (0xbb * x103));
uint64_t x147 = (x126 + (0xbb * x104));
uint64_t x148 = (x127 + (0xbb * x105));
uint64_t x149 = (x128 + (0xbb * x106));
uint64_t x150 = (x149 >> 0x18);
uint32_t x151 = ((uint32_t)x149 & 0xffffff);
uint64_t x152 = (x150 + x148);
uint64_t x153 = (x152 >> 0x17);
uint32_t x154 = ((uint32_t)x152 & 0x7fffff);
uint64_t x155 = (x153 + x147);
uint64_t x156 = (x155 >> 0x17);
uint32_t x157 = ((uint32_t)x155 & 0x7fffff);
uint64_t x158 = (x156 + x146);
uint64_t x159 = (x158 >> 0x17);
uint32_t x160 = ((uint32_t)x158 & 0x7fffff);
uint64_t x161 = (x159 + x145);
uint64_t x162 = (x161 >> 0x18);
uint32_t x163 = ((uint32_t)x161 & 0xffffff);
uint64_t x164 = (x162 + x144);
uint64_t x165 = (x164 >> 0x17);
uint32_t x166 = ((uint32_t)x164 & 0x7fffff);
uint64_t x167 = (x165 + x143);
uint64_t x168 = (x167 >> 0x17);
uint32_t x169 = ((uint32_t)x167 & 0x7fffff);
uint64_t x170 = (x168 + x142);
uint64_t x171 = (x170 >> 0x17);
uint32_t x172 = ((uint32_t)x170 & 0x7fffff);
uint64_t x173 = (x171 + x141);
uint64_t x174 = (x173 >> 0x18);
uint32_t x175 = ((uint32_t)x173 & 0xffffff);
uint64_t x176 = (x174 + x140);
uint64_t x177 = (x176 >> 0x17);
uint32_t x178 = ((uint32_t)x176 & 0x7fffff);
uint64_t x179 = (x177 + x139);
uint64_t x180 = (x179 >> 0x17);
uint32_t x181 = ((uint32_t)x179 & 0x7fffff);
uint64_t x182 = (x180 + x138);
uint64_t x183 = (x182 >> 0x17);
uint32_t x184 = ((uint32_t)x182 & 0x7fffff);
uint64_t x185 = (x183 + x137);
uint64_t x186 = (x185 >> 0x17);
uint32_t x187 = ((uint32_t)x185 & 0x7fffff);
uint64_t x188 = (x186 + x136);
uint64_t x189 = (x188 >> 0x18);
uint32_t x190 = ((uint32_t)x188 & 0xffffff);
uint64_t x191 = (x189 + x135);
uint64_t x192 = (x191 >> 0x17);
uint32_t x193 = ((uint32_t)x191 & 0x7fffff);
uint64_t x194 = (x192 + x134);
uint64_t x195 = (x194 >> 0x17);
uint32_t x196 = ((uint32_t)x194 & 0x7fffff);
uint64_t x197 = (x195 + x133);
uint64_t x198 = (x197 >> 0x17);
uint32_t x199 = ((uint32_t)x197 & 0x7fffff);
uint64_t x200 = (x198 + x132);
uint64_t x201 = (x200 >> 0x18);
uint32_t x202 = ((uint32_t)x200 & 0xffffff);
uint64_t x203 = (x201 + x131);
uint64_t x204 = (x203 >> 0x17);
uint32_t x205 = ((uint32_t)x203 & 0x7fffff);
uint64_t x206 = (x204 + x130);
uint64_t x207 = (x206 >> 0x17);
uint32_t x208 = ((uint32_t)x206 & 0x7fffff);
uint64_t x209 = (x207 + x129);
uint64_t x210 = (x209 >> 0x17);
uint32_t x211 = ((uint32_t)x209 & 0x7fffff);
uint64_t x212 = (x210 + x107);
uint64_t x213 = (x212 >> 0x17);
uint32_t x214 = ((uint32_t)x212 & 0x7fffff);
uint64_t x215 = (x151 + (0xbb * x213));
uint32_t x216 = (uint32_t) (x215 >> 0x18);
uint32_t x217 = ((uint32_t)x215 & 0xffffff);
uint32_t x218 = (x216 + x154);
uint32_t x219 = (x218 >> 0x17);
uint32_t x220 = (x218 & 0x7fffff);
return (Return x214, Return x211, Return x208, Return x205, Return x202, Return x199, Return x196, Return x193, Return x190, Return x187, Return x184, Return x181, Return x178, Return x175, Return x172, Return x169, Return x166, Return x163, Return x160, (x219 + x157), Return x220, Return x217)
     : ∀ var : Z.Syntax.base_type → Type, expr Z.Syntax.base_type Z.Syntax.op (uint32_t * uint32_t * uint32_t * uint32_t * uint32_t * uint32_t * uint32_t * uint32_t * uint32_t * uint32_t * uint32_t * uint32_t * uint32_t * uint32_t * uint32_t * uint32_t * uint32_t * uint32_t * uint32_t * uint32_t * uint32_t * uint32_t * (uint32_t * uint32_t * uint32_t * uint32_t * uint32_t * uint32_t * uint32_t * uint32_t * uint32_t * uint32_t * uint32_t * uint32_t * uint32_t * uint32_t * uint32_t * uint32_t * uint32_t * uint32_t * uint32_t * uint32_t * uint32_t * uint32_t) -> uint32_t * uint32_t * uint32_t * uint32_t * uint32_t * uint32_t * uint32_t * uint32_t * uint32_t * uint32_t * uint32_t * uint32_t * uint32_t * uint32_t * uint32_t * uint32_t * uint32_t * uint32_t * uint32_t * uint32_t * uint32_t * uint32_t)

Argument scope is [function_scope]
