freeze = λ var : Z.Syntax.base_type → Type,
λ '(x40, x41, x39, x37, x35, x33, x31, x29, x27, x25, x23, x21, x19, x17, x15, x13, x11, x9, x7, x5, x3, x1)%core,
uint32_t x43, uint32_t x44 = Op (Z.Syntax.SubWithGetBorrow 24 (Syntax.TWord 5) (Syntax.TWord 5) (Syntax.TWord 5) (Syntax.TWord 5) (Syntax.TWord 5)) (0x0, Return x1, 0xffff45);
uint32_t x46, uint32_t x47 = Op (Z.Syntax.SubWithGetBorrow 23 (Syntax.TWord 5) (Syntax.TWord 5) (Syntax.TWord 5) (Syntax.TWord 5) (Syntax.TWord 5)) (Return x44, Return x3, 0x7fffff);
uint32_t x49, uint32_t x50 = Op (Z.Syntax.SubWithGetBorrow 23 (Syntax.TWord 5) (Syntax.TWord 5) (Syntax.TWord 5) (Syntax.TWord 5) (Syntax.TWord 5)) (Return x47, Return x5, 0x7fffff);
uint32_t x52, uint32_t x53 = Op (Z.Syntax.SubWithGetBorrow 23 (Syntax.TWord 5) (Syntax.TWord 5) (Syntax.TWord 5) (Syntax.TWord 5) (Syntax.TWord 5)) (Return x50, Return x7, 0x7fffff);
uint32_t x55, uint32_t x56 = Op (Z.Syntax.SubWithGetBorrow 24 (Syntax.TWord 5) (Syntax.TWord 5) (Syntax.TWord 5) (Syntax.TWord 5) (Syntax.TWord 5)) (Return x53, Return x9, 0xffffff);
uint32_t x58, uint32_t x59 = Op (Z.Syntax.SubWithGetBorrow 23 (Syntax.TWord 5) (Syntax.TWord 5) (Syntax.TWord 5) (Syntax.TWord 5) (Syntax.TWord 5)) (Return x56, Return x11, 0x7fffff);
uint32_t x61, uint32_t x62 = Op (Z.Syntax.SubWithGetBorrow 23 (Syntax.TWord 5) (Syntax.TWord 5) (Syntax.TWord 5) (Syntax.TWord 5) (Syntax.TWord 5)) (Return x59, Return x13, 0x7fffff);
uint32_t x64, uint32_t x65 = Op (Z.Syntax.SubWithGetBorrow 23 (Syntax.TWord 5) (Syntax.TWord 5) (Syntax.TWord 5) (Syntax.TWord 5) (Syntax.TWord 5)) (Return x62, Return x15, 0x7fffff);
uint32_t x67, uint32_t x68 = Op (Z.Syntax.SubWithGetBorrow 24 (Syntax.TWord 5) (Syntax.TWord 5) (Syntax.TWord 5) (Syntax.TWord 5) (Syntax.TWord 5)) (Return x65, Return x17, 0xffffff);
uint32_t x70, uint32_t x71 = Op (Z.Syntax.SubWithGetBorrow 23 (Syntax.TWord 5) (Syntax.TWord 5) (Syntax.TWord 5) (Syntax.TWord 5) (Syntax.TWord 5)) (Return x68, Return x19, 0x7fffff);
uint32_t x73, uint32_t x74 = Op (Z.Syntax.SubWithGetBorrow 23 (Syntax.TWord 5) (Syntax.TWord 5) (Syntax.TWord 5) (Syntax.TWord 5) (Syntax.TWord 5)) (Return x71, Return x21, 0x7fffff);
uint32_t x76, uint32_t x77 = Op (Z.Syntax.SubWithGetBorrow 23 (Syntax.TWord 5) (Syntax.TWord 5) (Syntax.TWord 5) (Syntax.TWord 5) (Syntax.TWord 5)) (Return x74, Return x23, 0x7fffff);
uint32_t x79, uint32_t x80 = Op (Z.Syntax.SubWithGetBorrow 23 (Syntax.TWord 5) (Syntax.TWord 5) (Syntax.TWord 5) (Syntax.TWord 5) (Syntax.TWord 5)) (Return x77, Return x25, 0x7fffff);
uint32_t x82, uint32_t x83 = Op (Z.Syntax.SubWithGetBorrow 24 (Syntax.TWord 5) (Syntax.TWord 5) (Syntax.TWord 5) (Syntax.TWord 5) (Syntax.TWord 5)) (Return x80, Return x27, 0xffffff);
uint32_t x85, uint32_t x86 = Op (Z.Syntax.SubWithGetBorrow 23 (Syntax.TWord 5) (Syntax.TWord 5) (Syntax.TWord 5) (Syntax.TWord 5) (Syntax.TWord 5)) (Return x83, Return x29, 0x7fffff);
uint32_t x88, uint32_t x89 = Op (Z.Syntax.SubWithGetBorrow 23 (Syntax.TWord 5) (Syntax.TWord 5) (Syntax.TWord 5) (Syntax.TWord 5) (Syntax.TWord 5)) (Return x86, Return x31, 0x7fffff);
uint32_t x91, uint32_t x92 = Op (Z.Syntax.SubWithGetBorrow 23 (Syntax.TWord 5) (Syntax.TWord 5) (Syntax.TWord 5) (Syntax.TWord 5) (Syntax.TWord 5)) (Return x89, Return x33, 0x7fffff);
uint32_t x94, uint32_t x95 = Op (Z.Syntax.SubWithGetBorrow 24 (Syntax.TWord 5) (Syntax.TWord 5) (Syntax.TWord 5) (Syntax.TWord 5) (Syntax.TWord 5)) (Return x92, Return x35, 0xffffff);
uint32_t x97, uint32_t x98 = Op (Z.Syntax.SubWithGetBorrow 23 (Syntax.TWord 5) (Syntax.TWord 5) (Syntax.TWord 5) (Syntax.TWord 5) (Syntax.TWord 5)) (Return x95, Return x37, 0x7fffff);
uint32_t x100, uint32_t x101 = Op (Z.Syntax.SubWithGetBorrow 23 (Syntax.TWord 5) (Syntax.TWord 5) (Syntax.TWord 5) (Syntax.TWord 5) (Syntax.TWord 5)) (Return x98, Return x39, 0x7fffff);
uint32_t x103, uint32_t x104 = Op (Z.Syntax.SubWithGetBorrow 23 (Syntax.TWord 5) (Syntax.TWord 5) (Syntax.TWord 5) (Syntax.TWord 5) (Syntax.TWord 5)) (Return x101, Return x41, 0x7fffff);
uint32_t x106, uint32_t x107 = Op (Z.Syntax.SubWithGetBorrow 23 (Syntax.TWord 5) (Syntax.TWord 5) (Syntax.TWord 5) (Syntax.TWord 5) (Syntax.TWord 5)) (Return x104, Return x40, 0x7fffff);
uint32_t x108 = cmovznz32(x107, 0x0, 0xffffffff);
uint32_t x109 = (x108 & 0xffff45);
uint32_t x111, uint32_t x112 = Op (Z.Syntax.AddWithGetCarry 24 (Syntax.TWord 5) (Syntax.TWord 5) (Syntax.TWord 5) (Syntax.TWord 5) (Syntax.TWord 5)) (0x0, Return x43, Return x109);
uint32_t x113 = (x108 & 0x7fffff);
uint32_t x115, uint32_t x116 = Op (Z.Syntax.AddWithGetCarry 23 (Syntax.TWord 5) (Syntax.TWord 5) (Syntax.TWord 5) (Syntax.TWord 5) (Syntax.TWord 5)) (Return x112, Return x46, Return x113);
uint32_t x117 = (x108 & 0x7fffff);
uint32_t x119, uint32_t x120 = Op (Z.Syntax.AddWithGetCarry 23 (Syntax.TWord 5) (Syntax.TWord 5) (Syntax.TWord 5) (Syntax.TWord 5) (Syntax.TWord 5)) (Return x116, Return x49, Return x117);
uint32_t x121 = (x108 & 0x7fffff);
uint32_t x123, uint32_t x124 = Op (Z.Syntax.AddWithGetCarry 23 (Syntax.TWord 5) (Syntax.TWord 5) (Syntax.TWord 5) (Syntax.TWord 5) (Syntax.TWord 5)) (Return x120, Return x52, Return x121);
uint32_t x125 = (x108 & 0xffffff);
uint32_t x127, uint32_t x128 = Op (Z.Syntax.AddWithGetCarry 24 (Syntax.TWord 5) (Syntax.TWord 5) (Syntax.TWord 5) (Syntax.TWord 5) (Syntax.TWord 5)) (Return x124, Return x55, Return x125);
uint32_t x129 = (x108 & 0x7fffff);
uint32_t x131, uint32_t x132 = Op (Z.Syntax.AddWithGetCarry 23 (Syntax.TWord 5) (Syntax.TWord 5) (Syntax.TWord 5) (Syntax.TWord 5) (Syntax.TWord 5)) (Return x128, Return x58, Return x129);
uint32_t x133 = (x108 & 0x7fffff);
uint32_t x135, uint32_t x136 = Op (Z.Syntax.AddWithGetCarry 23 (Syntax.TWord 5) (Syntax.TWord 5) (Syntax.TWord 5) (Syntax.TWord 5) (Syntax.TWord 5)) (Return x132, Return x61, Return x133);
uint32_t x137 = (x108 & 0x7fffff);
uint32_t x139, uint32_t x140 = Op (Z.Syntax.AddWithGetCarry 23 (Syntax.TWord 5) (Syntax.TWord 5) (Syntax.TWord 5) (Syntax.TWord 5) (Syntax.TWord 5)) (Return x136, Return x64, Return x137);
uint32_t x141 = (x108 & 0xffffff);
uint32_t x143, uint32_t x144 = Op (Z.Syntax.AddWithGetCarry 24 (Syntax.TWord 5) (Syntax.TWord 5) (Syntax.TWord 5) (Syntax.TWord 5) (Syntax.TWord 5)) (Return x140, Return x67, Return x141);
uint32_t x145 = (x108 & 0x7fffff);
uint32_t x147, uint32_t x148 = Op (Z.Syntax.AddWithGetCarry 23 (Syntax.TWord 5) (Syntax.TWord 5) (Syntax.TWord 5) (Syntax.TWord 5) (Syntax.TWord 5)) (Return x144, Return x70, Return x145);
uint32_t x149 = (x108 & 0x7fffff);
uint32_t x151, uint32_t x152 = Op (Z.Syntax.AddWithGetCarry 23 (Syntax.TWord 5) (Syntax.TWord 5) (Syntax.TWord 5) (Syntax.TWord 5) (Syntax.TWord 5)) (Return x148, Return x73, Return x149);
uint32_t x153 = (x108 & 0x7fffff);
uint32_t x155, uint32_t x156 = Op (Z.Syntax.AddWithGetCarry 23 (Syntax.TWord 5) (Syntax.TWord 5) (Syntax.TWord 5) (Syntax.TWord 5) (Syntax.TWord 5)) (Return x152, Return x76, Return x153);
uint32_t x157 = (x108 & 0x7fffff);
uint32_t x159, uint32_t x160 = Op (Z.Syntax.AddWithGetCarry 23 (Syntax.TWord 5) (Syntax.TWord 5) (Syntax.TWord 5) (Syntax.TWord 5) (Syntax.TWord 5)) (Return x156, Return x79, Return x157);
uint32_t x161 = (x108 & 0xffffff);
uint32_t x163, uint32_t x164 = Op (Z.Syntax.AddWithGetCarry 24 (Syntax.TWord 5) (Syntax.TWord 5) (Syntax.TWord 5) (Syntax.TWord 5) (Syntax.TWord 5)) (Return x160, Return x82, Return x161);
uint32_t x165 = (x108 & 0x7fffff);
uint32_t x167, uint32_t x168 = Op (Z.Syntax.AddWithGetCarry 23 (Syntax.TWord 5) (Syntax.TWord 5) (Syntax.TWord 5) (Syntax.TWord 5) (Syntax.TWord 5)) (Return x164, Return x85, Return x165);
uint32_t x169 = (x108 & 0x7fffff);
uint32_t x171, uint32_t x172 = Op (Z.Syntax.AddWithGetCarry 23 (Syntax.TWord 5) (Syntax.TWord 5) (Syntax.TWord 5) (Syntax.TWord 5) (Syntax.TWord 5)) (Return x168, Return x88, Return x169);
uint32_t x173 = (x108 & 0x7fffff);
uint32_t x175, uint32_t x176 = Op (Z.Syntax.AddWithGetCarry 23 (Syntax.TWord 5) (Syntax.TWord 5) (Syntax.TWord 5) (Syntax.TWord 5) (Syntax.TWord 5)) (Return x172, Return x91, Return x173);
uint32_t x177 = (x108 & 0xffffff);
uint32_t x179, uint32_t x180 = Op (Z.Syntax.AddWithGetCarry 24 (Syntax.TWord 5) (Syntax.TWord 5) (Syntax.TWord 5) (Syntax.TWord 5) (Syntax.TWord 5)) (Return x176, Return x94, Return x177);
uint32_t x181 = (x108 & 0x7fffff);
uint32_t x183, uint32_t x184 = Op (Z.Syntax.AddWithGetCarry 23 (Syntax.TWord 5) (Syntax.TWord 5) (Syntax.TWord 5) (Syntax.TWord 5) (Syntax.TWord 5)) (Return x180, Return x97, Return x181);
uint32_t x185 = (x108 & 0x7fffff);
uint32_t x187, uint32_t x188 = Op (Z.Syntax.AddWithGetCarry 23 (Syntax.TWord 5) (Syntax.TWord 5) (Syntax.TWord 5) (Syntax.TWord 5) (Syntax.TWord 5)) (Return x184, Return x100, Return x185);
uint32_t x189 = (x108 & 0x7fffff);
uint32_t x191, uint32_t x192 = Op (Z.Syntax.AddWithGetCarry 23 (Syntax.TWord 5) (Syntax.TWord 5) (Syntax.TWord 5) (Syntax.TWord 5) (Syntax.TWord 5)) (Return x188, Return x103, Return x189);
uint32_t x193 = (x108 & 0x7fffff);
uint32_t x195, uint32_t _ = Op (Z.Syntax.AddWithGetCarry 23 (Syntax.TWord 5) (Syntax.TWord 5) (Syntax.TWord 5) (Syntax.TWord 5) (Syntax.TWord 5)) (Return x192, Return x106, Return x193);
(Return x195, Return x191, Return x187, Return x183, Return x179, Return x175, Return x171, Return x167, Return x163, Return x159, Return x155, Return x151, Return x147, Return x143, Return x139, Return x135, Return x131, Return x127, Return x123, Return x119, Return x115, Return x111)
     : ∀ var : Z.Syntax.base_type → Type, expr Z.Syntax.base_type Z.Syntax.op (uint32_t * uint32_t * uint32_t * uint32_t * uint32_t * uint32_t * uint32_t * uint32_t * uint32_t * uint32_t * uint32_t * uint32_t * uint32_t * uint32_t * uint32_t * uint32_t * uint32_t * uint32_t * uint32_t * uint32_t * uint32_t * uint32_t -> uint32_t * uint32_t * uint32_t * uint32_t * uint32_t * uint32_t * uint32_t * uint32_t * uint32_t * uint32_t * uint32_t * uint32_t * uint32_t * uint32_t * uint32_t * uint32_t * uint32_t * uint32_t * uint32_t * uint32_t * uint32_t * uint32_t)

Argument scope is [function_scope]
