mul = λ var : Z.Syntax.base_type → Type,
λ '(x16, x17, x15, x13, x11, x9, x7, x5, x3, (x32, x33, x31, x29, x27, x25, x23, x21, x19))%core,
uint64_t x34 = (x16 * x32);
uint64_t x35 = ((0x2 * (x17 * x32)) + (0x2 * (x16 * x33)));
uint64_t x36 = ((x15 * x32) + ((0x2 * (x17 * x33)) + (x16 * x31)));
uint64_t x37 = ((0x2 * (x13 * x32)) + ((0x2 * (x15 * x33)) + ((0x2 * (x17 * x31)) + (0x2 * (x16 * x29)))));
uint64_t x38 = ((x11 * x32) + ((0x2 * (x13 * x33)) + ((x15 * x31) + ((0x2 * (x17 * x29)) + (x16 * x27)))));
uint64_t x39 = ((0x2 * (x9 * x32)) + ((0x2 * (x11 * x33)) + ((0x2 * (x13 * x31)) + ((0x2 * (x15 * x29)) + ((0x2 * (x17 * x27)) + (0x2 * (x16 * x25)))))));
uint64_t x40 = ((x7 * x32) + ((0x2 * (x9 * x33)) + ((x11 * x31) + ((0x2 * (x13 * x29)) + ((x15 * x27) + ((0x2 * (x17 * x25)) + (x16 * x23)))))));
uint128_t x41 = ((0x2 * (x5 * x32)) + ((uint128_t)(0x2 * (x7 * x33)) + ((0x2 * (x9 * x31)) + ((0x2 * (x11 * x29)) + ((0x2 * (x13 * x27)) + ((0x2 * (x15 * x25)) + ((0x2 * (x17 * x23)) + (0x2 * (x16 * x21)))))))));
uint128_t x42 = ((uint128_t)(x3 * x32) + ((0x2 * (x5 * x33)) + ((x7 * x31) + ((0x2 * (x9 * x29)) + ((x11 * x27) + ((0x2 * (x13 * x25)) + ((x15 * x23) + ((0x2 * (x17 * x21)) + (x16 * x19)))))))));
uint64_t x43 = ((x3 * x33) + ((x5 * x31) + ((x7 * x29) + ((x9 * x27) + ((x11 * x25) + ((x13 * x23) + ((x15 * x21) + (x17 * x19))))))));
uint64_t x44 = ((x3 * x31) + ((0x2 * (x5 * x29)) + ((x7 * x27) + ((0x2 * (x9 * x25)) + ((x11 * x23) + ((0x2 * (x13 * x21)) + (x15 * x19)))))));
uint64_t x45 = ((x3 * x29) + ((x5 * x27) + ((x7 * x25) + ((x9 * x23) + ((x11 * x21) + (x13 * x19))))));
uint64_t x46 = ((x3 * x27) + ((0x2 * (x5 * x25)) + ((x7 * x23) + ((0x2 * (x9 * x21)) + (x11 * x19)))));
uint64_t x47 = ((x3 * x25) + ((x5 * x23) + ((x7 * x21) + (x9 * x19))));
uint64_t x48 = ((x3 * x23) + ((0x2 * (x5 * x21)) + (x7 * x19)));
uint64_t x49 = ((x3 * x21) + (x5 * x19));
uint64_t x50 = (x3 * x19);
uint128_t x51 = (x43 + ((uint128_t)0x1000003d1 * x34));
uint128_t x52 = (x44 + ((uint128_t)0x1000003d1 * x35));
uint128_t x53 = (x45 + ((uint128_t)0x1000003d1 * x36));
uint128_t x54 = (x46 + ((uint128_t)0x1000003d1 * x37));
uint128_t x55 = (x47 + ((uint128_t)0x1000003d1 * x38));
uint128_t x56 = (x48 + ((uint128_t)0x1000003d1 * x39));
uint128_t x57 = (x49 + ((uint128_t)0x1000003d1 * x40));
uint128_t x58 = (x50 + (0x1000003d1 * x41));
uint128_t x59 = (x58 >> 0x1d);
uint64_t x60 = ((uint64_t)x58 & 0x1fffffff);
uint128_t x61 = (x59 + x57);
uint128_t x62 = (x61 >> 0x1c);
uint64_t x63 = ((uint64_t)x61 & 0xfffffff);
uint128_t x64 = (x62 + x56);
uint128_t x65 = (x64 >> 0x1d);
uint64_t x66 = ((uint64_t)x64 & 0x1fffffff);
uint128_t x67 = (x65 + x55);
uint128_t x68 = (x67 >> 0x1c);
uint64_t x69 = ((uint64_t)x67 & 0xfffffff);
uint128_t x70 = (x68 + x54);
uint128_t x71 = (x70 >> 0x1d);
uint64_t x72 = ((uint64_t)x70 & 0x1fffffff);
uint128_t x73 = (x71 + x53);
uint128_t x74 = (x73 >> 0x1c);
uint64_t x75 = ((uint64_t)x73 & 0xfffffff);
uint128_t x76 = (x74 + x52);
uint128_t x77 = (x76 >> 0x1d);
uint64_t x78 = ((uint64_t)x76 & 0x1fffffff);
uint128_t x79 = (x77 + x51);
uint64_t x80 = (uint64_t) (x79 >> 0x1c);
uint64_t x81 = ((uint64_t)x79 & 0xfffffff);
uint128_t x82 = (x80 + x42);
uint64_t x83 = (uint64_t) (x82 >> 0x1c);
uint64_t x84 = ((uint64_t)x82 & 0xfffffff);
uint128_t x85 = (x60 + ((uint128_t)0x1000003d1 * x83));
uint64_t x86 = (uint64_t) (x85 >> 0x1d);
uint64_t x87 = ((uint64_t)x85 & 0x1fffffff);
uint64_t x88 = (x86 + x63);
uint64_t x89 = (x88 >> 0x1c);
uint64_t x90 = (x88 & 0xfffffff);
return (Return x84, Return x81, Return x78, Return x75, Return x72, Return x69, (x89 + x66), Return x90, Return x87)
     : ∀ var : Z.Syntax.base_type → Type, expr Z.Syntax.base_type Z.Syntax.op (uint64_t * uint64_t * uint64_t * uint64_t * uint64_t * uint64_t * uint64_t * uint64_t * uint64_t * (uint64_t * uint64_t * uint64_t * uint64_t * uint64_t * uint64_t * uint64_t * uint64_t * uint64_t) -> uint64_t * uint64_t * uint64_t * uint64_t * uint64_t * uint64_t * uint64_t * uint64_t * uint64_t)

Argument scope is [function_scope]
