mul = λ var : Z.Syntax.base_type → Type,
λ '(x18, x19, x17, x15, x13, x11, x9, x7, x5, x3, (x36, x37, x35, x33, x31, x29, x27, x25, x23, x21))%core,
uint32_t x39, uint32_t x40 = mulx_u32(x3, x21);
uint32_t x42, uint32_t x43 = mulx_u32(x3, x23);
uint32_t x45, uint32_t x46 = mulx_u32(x3, x25);
uint32_t x48, uint32_t x49 = mulx_u32(x3, x27);
uint32_t x51, uint32_t x52 = mulx_u32(x3, x29);
uint32_t x54, uint32_t x55 = mulx_u32(x3, x31);
uint32_t x57, uint32_t x58 = mulx_u32(x3, x33);
uint32_t x60, uint32_t x61 = mulx_u32(x3, x35);
uint32_t x63, uint32_t x64 = mulx_u32(x3, x37);
uint32_t x66, uint32_t x67 = mulx_u32(x3, x36);
uint32_t x69, uint8_t x70 = addcarryx_u32(0x0, x40, x42);
uint32_t x72, uint8_t x73 = addcarryx_u32(x70, x43, x45);
uint32_t x75, uint8_t x76 = addcarryx_u32(x73, x46, x48);
uint32_t x78, uint8_t x79 = addcarryx_u32(x76, x49, x51);
uint32_t x81, uint8_t x82 = addcarryx_u32(x79, x52, x54);
uint32_t x84, uint8_t x85 = addcarryx_u32(x82, x55, x57);
uint32_t x87, uint8_t x88 = addcarryx_u32(x85, x58, x60);
uint32_t x90, uint8_t x91 = addcarryx_u32(x88, x61, x63);
uint32_t x93, uint8_t x94 = addcarryx_u32(x91, x64, x66);
uint32_t x96, uint8_t _ = addcarryx_u32(0x0, x94, x67);
uint32_t x99, uint8_t x100 = addcarryx_u32(0x0, 0x0, x93);
uint32_t x102, uint8_t x103 = addcarryx_u32(x100, 0x0, x96);
uint32_t x105, uint32_t _ = mulx_u32(x39, 0x286bca1b);
uint32_t x108, uint32_t x109 = mulx_u32(x105, 0xffffffed);
uint32_t x111, uint32_t x112 = mulx_u32(x105, 0xffffffff);
uint32_t x114, uint32_t x115 = mulx_u32(x105, 0xffffffff);
uint32_t x117, uint32_t x118 = mulx_u32(x105, 0xffffffff);
uint32_t x120, uint32_t x121 = mulx_u32(x105, 0xffffffff);
uint32_t x123, uint32_t x124 = mulx_u32(x105, 0xffffffff);
uint32_t x126, uint32_t x127 = mulx_u32(x105, 0xffffffff);
uint32_t x129, uint32_t x130 = mulx_u32(x105, 0xffffffff);
uint32_t x132, uint32_t x133 = mulx_u32(x105, 0xffffffff);
uint32_t x135, uint8_t x136 = mulx_u32_out_u8(x105, 0x7);
uint32_t x138, uint8_t x139 = addcarryx_u32(0x0, x109, x111);
uint32_t x141, uint8_t x142 = addcarryx_u32(x139, x112, x114);
uint32_t x144, uint8_t x145 = addcarryx_u32(x142, x115, x117);
uint32_t x147, uint8_t x148 = addcarryx_u32(x145, x118, x120);
uint32_t x150, uint8_t x151 = addcarryx_u32(x148, x121, x123);
uint32_t x153, uint8_t x154 = addcarryx_u32(x151, x124, x126);
uint32_t x156, uint8_t x157 = addcarryx_u32(x154, x127, x129);
uint32_t x159, uint8_t x160 = addcarryx_u32(x157, x130, x132);
uint32_t x162, uint8_t x163 = addcarryx_u32(x160, x133, x135);
uint8_t x164 = (x163 + x136);
uint32_t _, uint8_t x167 = addcarryx_u32(0x0, x39, x108);
uint32_t x169, uint8_t x170 = addcarryx_u32(x167, x69, x138);
uint32_t x172, uint8_t x173 = addcarryx_u32(x170, x72, x141);
uint32_t x175, uint8_t x176 = addcarryx_u32(x173, x75, x144);
uint32_t x178, uint8_t x179 = addcarryx_u32(x176, x78, x147);
uint32_t x181, uint8_t x182 = addcarryx_u32(x179, x81, x150);
uint32_t x184, uint8_t x185 = addcarryx_u32(x182, x84, x153);
uint32_t x187, uint8_t x188 = addcarryx_u32(x185, x87, x156);
uint32_t x190, uint8_t x191 = addcarryx_u32(x188, x90, x159);
uint32_t x193, uint8_t x194 = addcarryx_u32(x191, x99, x162);
uint32_t x196, uint8_t x197 = addcarryx_u32(x194, x102, x164);
uint8_t x198 = (x197 + x103);
uint32_t x200, uint32_t x201 = mulx_u32(x5, x21);
uint32_t x203, uint32_t x204 = mulx_u32(x5, x23);
uint32_t x206, uint32_t x207 = mulx_u32(x5, x25);
uint32_t x209, uint32_t x210 = mulx_u32(x5, x27);
uint32_t x212, uint32_t x213 = mulx_u32(x5, x29);
uint32_t x215, uint32_t x216 = mulx_u32(x5, x31);
uint32_t x218, uint32_t x219 = mulx_u32(x5, x33);
uint32_t x221, uint32_t x222 = mulx_u32(x5, x35);
uint32_t x224, uint32_t x225 = mulx_u32(x5, x37);
uint32_t x227, uint32_t x228 = mulx_u32(x5, x36);
uint32_t x230, uint8_t x231 = addcarryx_u32(0x0, x201, x203);
uint32_t x233, uint8_t x234 = addcarryx_u32(x231, x204, x206);
uint32_t x236, uint8_t x237 = addcarryx_u32(x234, x207, x209);
uint32_t x239, uint8_t x240 = addcarryx_u32(x237, x210, x212);
uint32_t x242, uint8_t x243 = addcarryx_u32(x240, x213, x215);
uint32_t x245, uint8_t x246 = addcarryx_u32(x243, x216, x218);
uint32_t x248, uint8_t x249 = addcarryx_u32(x246, x219, x221);
uint32_t x251, uint8_t x252 = addcarryx_u32(x249, x222, x224);
uint32_t x254, uint8_t x255 = addcarryx_u32(x252, x225, x227);
uint32_t x257, uint8_t _ = addcarryx_u32(0x0, x255, x228);
uint32_t x260, uint8_t x261 = addcarryx_u32(0x0, x169, x200);
uint32_t x263, uint8_t x264 = addcarryx_u32(x261, x172, x230);
uint32_t x266, uint8_t x267 = addcarryx_u32(x264, x175, x233);
uint32_t x269, uint8_t x270 = addcarryx_u32(x267, x178, x236);
uint32_t x272, uint8_t x273 = addcarryx_u32(x270, x181, x239);
uint32_t x275, uint8_t x276 = addcarryx_u32(x273, x184, x242);
uint32_t x278, uint8_t x279 = addcarryx_u32(x276, x187, x245);
uint32_t x281, uint8_t x282 = addcarryx_u32(x279, x190, x248);
uint32_t x284, uint8_t x285 = addcarryx_u32(x282, x193, x251);
uint32_t x287, uint8_t x288 = addcarryx_u32(x285, x196, x254);
uint32_t x290, uint8_t x291 = addcarryx_u32(x288, x198, x257);
uint32_t x293, uint32_t _ = mulx_u32(x260, 0x286bca1b);
uint32_t x296, uint32_t x297 = mulx_u32(x293, 0xffffffed);
uint32_t x299, uint32_t x300 = mulx_u32(x293, 0xffffffff);
uint32_t x302, uint32_t x303 = mulx_u32(x293, 0xffffffff);
uint32_t x305, uint32_t x306 = mulx_u32(x293, 0xffffffff);
uint32_t x308, uint32_t x309 = mulx_u32(x293, 0xffffffff);
uint32_t x311, uint32_t x312 = mulx_u32(x293, 0xffffffff);
uint32_t x314, uint32_t x315 = mulx_u32(x293, 0xffffffff);
uint32_t x317, uint32_t x318 = mulx_u32(x293, 0xffffffff);
uint32_t x320, uint32_t x321 = mulx_u32(x293, 0xffffffff);
uint32_t x323, uint8_t x324 = mulx_u32_out_u8(x293, 0x7);
uint32_t x326, uint8_t x327 = addcarryx_u32(0x0, x297, x299);
uint32_t x329, uint8_t x330 = addcarryx_u32(x327, x300, x302);
uint32_t x332, uint8_t x333 = addcarryx_u32(x330, x303, x305);
uint32_t x335, uint8_t x336 = addcarryx_u32(x333, x306, x308);
uint32_t x338, uint8_t x339 = addcarryx_u32(x336, x309, x311);
uint32_t x341, uint8_t x342 = addcarryx_u32(x339, x312, x314);
uint32_t x344, uint8_t x345 = addcarryx_u32(x342, x315, x317);
uint32_t x347, uint8_t x348 = addcarryx_u32(x345, x318, x320);
uint32_t x350, uint8_t x351 = addcarryx_u32(x348, x321, x323);
uint8_t x352 = (x351 + x324);
uint32_t _, uint8_t x355 = addcarryx_u32(0x0, x260, x296);
uint32_t x357, uint8_t x358 = addcarryx_u32(x355, x263, x326);
uint32_t x360, uint8_t x361 = addcarryx_u32(x358, x266, x329);
uint32_t x363, uint8_t x364 = addcarryx_u32(x361, x269, x332);
uint32_t x366, uint8_t x367 = addcarryx_u32(x364, x272, x335);
uint32_t x369, uint8_t x370 = addcarryx_u32(x367, x275, x338);
uint32_t x372, uint8_t x373 = addcarryx_u32(x370, x278, x341);
uint32_t x375, uint8_t x376 = addcarryx_u32(x373, x281, x344);
uint32_t x378, uint8_t x379 = addcarryx_u32(x376, x284, x347);
uint32_t x381, uint8_t x382 = addcarryx_u32(x379, x287, x350);
uint32_t x384, uint8_t x385 = addcarryx_u32(x382, x290, x352);
uint8_t x386 = (x385 + x291);
uint32_t x388, uint32_t x389 = mulx_u32(x7, x21);
uint32_t x391, uint32_t x392 = mulx_u32(x7, x23);
uint32_t x394, uint32_t x395 = mulx_u32(x7, x25);
uint32_t x397, uint32_t x398 = mulx_u32(x7, x27);
uint32_t x400, uint32_t x401 = mulx_u32(x7, x29);
uint32_t x403, uint32_t x404 = mulx_u32(x7, x31);
uint32_t x406, uint32_t x407 = mulx_u32(x7, x33);
uint32_t x409, uint32_t x410 = mulx_u32(x7, x35);
uint32_t x412, uint32_t x413 = mulx_u32(x7, x37);
uint32_t x415, uint32_t x416 = mulx_u32(x7, x36);
uint32_t x418, uint8_t x419 = addcarryx_u32(0x0, x389, x391);
uint32_t x421, uint8_t x422 = addcarryx_u32(x419, x392, x394);
uint32_t x424, uint8_t x425 = addcarryx_u32(x422, x395, x397);
uint32_t x427, uint8_t x428 = addcarryx_u32(x425, x398, x400);
uint32_t x430, uint8_t x431 = addcarryx_u32(x428, x401, x403);
uint32_t x433, uint8_t x434 = addcarryx_u32(x431, x404, x406);
uint32_t x436, uint8_t x437 = addcarryx_u32(x434, x407, x409);
uint32_t x439, uint8_t x440 = addcarryx_u32(x437, x410, x412);
uint32_t x442, uint8_t x443 = addcarryx_u32(x440, x413, x415);
uint32_t x445, uint8_t _ = addcarryx_u32(0x0, x443, x416);
uint32_t x448, uint8_t x449 = addcarryx_u32(0x0, x357, x388);
uint32_t x451, uint8_t x452 = addcarryx_u32(x449, x360, x418);
uint32_t x454, uint8_t x455 = addcarryx_u32(x452, x363, x421);
uint32_t x457, uint8_t x458 = addcarryx_u32(x455, x366, x424);
uint32_t x460, uint8_t x461 = addcarryx_u32(x458, x369, x427);
uint32_t x463, uint8_t x464 = addcarryx_u32(x461, x372, x430);
uint32_t x466, uint8_t x467 = addcarryx_u32(x464, x375, x433);
uint32_t x469, uint8_t x470 = addcarryx_u32(x467, x378, x436);
uint32_t x472, uint8_t x473 = addcarryx_u32(x470, x381, x439);
uint32_t x475, uint8_t x476 = addcarryx_u32(x473, x384, x442);
uint32_t x478, uint8_t x479 = addcarryx_u32(x476, x386, x445);
uint32_t x481, uint32_t _ = mulx_u32(x448, 0x286bca1b);
uint32_t x484, uint32_t x485 = mulx_u32(x481, 0xffffffed);
uint32_t x487, uint32_t x488 = mulx_u32(x481, 0xffffffff);
uint32_t x490, uint32_t x491 = mulx_u32(x481, 0xffffffff);
uint32_t x493, uint32_t x494 = mulx_u32(x481, 0xffffffff);
uint32_t x496, uint32_t x497 = mulx_u32(x481, 0xffffffff);
uint32_t x499, uint32_t x500 = mulx_u32(x481, 0xffffffff);
uint32_t x502, uint32_t x503 = mulx_u32(x481, 0xffffffff);
uint32_t x505, uint32_t x506 = mulx_u32(x481, 0xffffffff);
uint32_t x508, uint32_t x509 = mulx_u32(x481, 0xffffffff);
uint32_t x511, uint8_t x512 = mulx_u32_out_u8(x481, 0x7);
uint32_t x514, uint8_t x515 = addcarryx_u32(0x0, x485, x487);
uint32_t x517, uint8_t x518 = addcarryx_u32(x515, x488, x490);
uint32_t x520, uint8_t x521 = addcarryx_u32(x518, x491, x493);
uint32_t x523, uint8_t x524 = addcarryx_u32(x521, x494, x496);
uint32_t x526, uint8_t x527 = addcarryx_u32(x524, x497, x499);
uint32_t x529, uint8_t x530 = addcarryx_u32(x527, x500, x502);
uint32_t x532, uint8_t x533 = addcarryx_u32(x530, x503, x505);
uint32_t x535, uint8_t x536 = addcarryx_u32(x533, x506, x508);
uint32_t x538, uint8_t x539 = addcarryx_u32(x536, x509, x511);
uint8_t x540 = (x539 + x512);
uint32_t _, uint8_t x543 = addcarryx_u32(0x0, x448, x484);
uint32_t x545, uint8_t x546 = addcarryx_u32(x543, x451, x514);
uint32_t x548, uint8_t x549 = addcarryx_u32(x546, x454, x517);
uint32_t x551, uint8_t x552 = addcarryx_u32(x549, x457, x520);
uint32_t x554, uint8_t x555 = addcarryx_u32(x552, x460, x523);
uint32_t x557, uint8_t x558 = addcarryx_u32(x555, x463, x526);
uint32_t x560, uint8_t x561 = addcarryx_u32(x558, x466, x529);
uint32_t x563, uint8_t x564 = addcarryx_u32(x561, x469, x532);
uint32_t x566, uint8_t x567 = addcarryx_u32(x564, x472, x535);
uint32_t x569, uint8_t x570 = addcarryx_u32(x567, x475, x538);
uint32_t x572, uint8_t x573 = addcarryx_u32(x570, x478, x540);
uint8_t x574 = (x573 + x479);
uint32_t x576, uint32_t x577 = mulx_u32(x9, x21);
uint32_t x579, uint32_t x580 = mulx_u32(x9, x23);
uint32_t x582, uint32_t x583 = mulx_u32(x9, x25);
uint32_t x585, uint32_t x586 = mulx_u32(x9, x27);
uint32_t x588, uint32_t x589 = mulx_u32(x9, x29);
uint32_t x591, uint32_t x592 = mulx_u32(x9, x31);
uint32_t x594, uint32_t x595 = mulx_u32(x9, x33);
uint32_t x597, uint32_t x598 = mulx_u32(x9, x35);
uint32_t x600, uint32_t x601 = mulx_u32(x9, x37);
uint32_t x603, uint32_t x604 = mulx_u32(x9, x36);
uint32_t x606, uint8_t x607 = addcarryx_u32(0x0, x577, x579);
uint32_t x609, uint8_t x610 = addcarryx_u32(x607, x580, x582);
uint32_t x612, uint8_t x613 = addcarryx_u32(x610, x583, x585);
uint32_t x615, uint8_t x616 = addcarryx_u32(x613, x586, x588);
uint32_t x618, uint8_t x619 = addcarryx_u32(x616, x589, x591);
uint32_t x621, uint8_t x622 = addcarryx_u32(x619, x592, x594);
uint32_t x624, uint8_t x625 = addcarryx_u32(x622, x595, x597);
uint32_t x627, uint8_t x628 = addcarryx_u32(x625, x598, x600);
uint32_t x630, uint8_t x631 = addcarryx_u32(x628, x601, x603);
uint32_t x633, uint8_t _ = addcarryx_u32(0x0, x631, x604);
uint32_t x636, uint8_t x637 = addcarryx_u32(0x0, x545, x576);
uint32_t x639, uint8_t x640 = addcarryx_u32(x637, x548, x606);
uint32_t x642, uint8_t x643 = addcarryx_u32(x640, x551, x609);
uint32_t x645, uint8_t x646 = addcarryx_u32(x643, x554, x612);
uint32_t x648, uint8_t x649 = addcarryx_u32(x646, x557, x615);
uint32_t x651, uint8_t x652 = addcarryx_u32(x649, x560, x618);
uint32_t x654, uint8_t x655 = addcarryx_u32(x652, x563, x621);
uint32_t x657, uint8_t x658 = addcarryx_u32(x655, x566, x624);
uint32_t x660, uint8_t x661 = addcarryx_u32(x658, x569, x627);
uint32_t x663, uint8_t x664 = addcarryx_u32(x661, x572, x630);
uint32_t x666, uint8_t x667 = addcarryx_u32(x664, x574, x633);
uint32_t x669, uint32_t _ = mulx_u32(x636, 0x286bca1b);
uint32_t x672, uint32_t x673 = mulx_u32(x669, 0xffffffed);
uint32_t x675, uint32_t x676 = mulx_u32(x669, 0xffffffff);
uint32_t x678, uint32_t x679 = mulx_u32(x669, 0xffffffff);
uint32_t x681, uint32_t x682 = mulx_u32(x669, 0xffffffff);
uint32_t x684, uint32_t x685 = mulx_u32(x669, 0xffffffff);
uint32_t x687, uint32_t x688 = mulx_u32(x669, 0xffffffff);
uint32_t x690, uint32_t x691 = mulx_u32(x669, 0xffffffff);
uint32_t x693, uint32_t x694 = mulx_u32(x669, 0xffffffff);
uint32_t x696, uint32_t x697 = mulx_u32(x669, 0xffffffff);
uint32_t x699, uint8_t x700 = mulx_u32_out_u8(x669, 0x7);
uint32_t x702, uint8_t x703 = addcarryx_u32(0x0, x673, x675);
uint32_t x705, uint8_t x706 = addcarryx_u32(x703, x676, x678);
uint32_t x708, uint8_t x709 = addcarryx_u32(x706, x679, x681);
uint32_t x711, uint8_t x712 = addcarryx_u32(x709, x682, x684);
uint32_t x714, uint8_t x715 = addcarryx_u32(x712, x685, x687);
uint32_t x717, uint8_t x718 = addcarryx_u32(x715, x688, x690);
uint32_t x720, uint8_t x721 = addcarryx_u32(x718, x691, x693);
uint32_t x723, uint8_t x724 = addcarryx_u32(x721, x694, x696);
uint32_t x726, uint8_t x727 = addcarryx_u32(x724, x697, x699);
uint8_t x728 = (x727 + x700);
uint32_t _, uint8_t x731 = addcarryx_u32(0x0, x636, x672);
uint32_t x733, uint8_t x734 = addcarryx_u32(x731, x639, x702);
uint32_t x736, uint8_t x737 = addcarryx_u32(x734, x642, x705);
uint32_t x739, uint8_t x740 = addcarryx_u32(x737, x645, x708);
uint32_t x742, uint8_t x743 = addcarryx_u32(x740, x648, x711);
uint32_t x745, uint8_t x746 = addcarryx_u32(x743, x651, x714);
uint32_t x748, uint8_t x749 = addcarryx_u32(x746, x654, x717);
uint32_t x751, uint8_t x752 = addcarryx_u32(x749, x657, x720);
uint32_t x754, uint8_t x755 = addcarryx_u32(x752, x660, x723);
uint32_t x757, uint8_t x758 = addcarryx_u32(x755, x663, x726);
uint32_t x760, uint8_t x761 = addcarryx_u32(x758, x666, x728);
uint8_t x762 = (x761 + x667);
uint32_t x764, uint32_t x765 = mulx_u32(x11, x21);
uint32_t x767, uint32_t x768 = mulx_u32(x11, x23);
uint32_t x770, uint32_t x771 = mulx_u32(x11, x25);
uint32_t x773, uint32_t x774 = mulx_u32(x11, x27);
uint32_t x776, uint32_t x777 = mulx_u32(x11, x29);
uint32_t x779, uint32_t x780 = mulx_u32(x11, x31);
uint32_t x782, uint32_t x783 = mulx_u32(x11, x33);
uint32_t x785, uint32_t x786 = mulx_u32(x11, x35);
uint32_t x788, uint32_t x789 = mulx_u32(x11, x37);
uint32_t x791, uint32_t x792 = mulx_u32(x11, x36);
uint32_t x794, uint8_t x795 = addcarryx_u32(0x0, x765, x767);
uint32_t x797, uint8_t x798 = addcarryx_u32(x795, x768, x770);
uint32_t x800, uint8_t x801 = addcarryx_u32(x798, x771, x773);
uint32_t x803, uint8_t x804 = addcarryx_u32(x801, x774, x776);
uint32_t x806, uint8_t x807 = addcarryx_u32(x804, x777, x779);
uint32_t x809, uint8_t x810 = addcarryx_u32(x807, x780, x782);
uint32_t x812, uint8_t x813 = addcarryx_u32(x810, x783, x785);
uint32_t x815, uint8_t x816 = addcarryx_u32(x813, x786, x788);
uint32_t x818, uint8_t x819 = addcarryx_u32(x816, x789, x791);
uint32_t x821, uint8_t _ = addcarryx_u32(0x0, x819, x792);
uint32_t x824, uint8_t x825 = addcarryx_u32(0x0, x733, x764);
uint32_t x827, uint8_t x828 = addcarryx_u32(x825, x736, x794);
uint32_t x830, uint8_t x831 = addcarryx_u32(x828, x739, x797);
uint32_t x833, uint8_t x834 = addcarryx_u32(x831, x742, x800);
uint32_t x836, uint8_t x837 = addcarryx_u32(x834, x745, x803);
uint32_t x839, uint8_t x840 = addcarryx_u32(x837, x748, x806);
uint32_t x842, uint8_t x843 = addcarryx_u32(x840, x751, x809);
uint32_t x845, uint8_t x846 = addcarryx_u32(x843, x754, x812);
uint32_t x848, uint8_t x849 = addcarryx_u32(x846, x757, x815);
uint32_t x851, uint8_t x852 = addcarryx_u32(x849, x760, x818);
uint32_t x854, uint8_t x855 = addcarryx_u32(x852, x762, x821);
uint32_t x857, uint32_t _ = mulx_u32(x824, 0x286bca1b);
uint32_t x860, uint32_t x861 = mulx_u32(x857, 0xffffffed);
uint32_t x863, uint32_t x864 = mulx_u32(x857, 0xffffffff);
uint32_t x866, uint32_t x867 = mulx_u32(x857, 0xffffffff);
uint32_t x869, uint32_t x870 = mulx_u32(x857, 0xffffffff);
uint32_t x872, uint32_t x873 = mulx_u32(x857, 0xffffffff);
uint32_t x875, uint32_t x876 = mulx_u32(x857, 0xffffffff);
uint32_t x878, uint32_t x879 = mulx_u32(x857, 0xffffffff);
uint32_t x881, uint32_t x882 = mulx_u32(x857, 0xffffffff);
uint32_t x884, uint32_t x885 = mulx_u32(x857, 0xffffffff);
uint32_t x887, uint8_t x888 = mulx_u32_out_u8(x857, 0x7);
uint32_t x890, uint8_t x891 = addcarryx_u32(0x0, x861, x863);
uint32_t x893, uint8_t x894 = addcarryx_u32(x891, x864, x866);
uint32_t x896, uint8_t x897 = addcarryx_u32(x894, x867, x869);
uint32_t x899, uint8_t x900 = addcarryx_u32(x897, x870, x872);
uint32_t x902, uint8_t x903 = addcarryx_u32(x900, x873, x875);
uint32_t x905, uint8_t x906 = addcarryx_u32(x903, x876, x878);
uint32_t x908, uint8_t x909 = addcarryx_u32(x906, x879, x881);
uint32_t x911, uint8_t x912 = addcarryx_u32(x909, x882, x884);
uint32_t x914, uint8_t x915 = addcarryx_u32(x912, x885, x887);
uint8_t x916 = (x915 + x888);
uint32_t _, uint8_t x919 = addcarryx_u32(0x0, x824, x860);
uint32_t x921, uint8_t x922 = addcarryx_u32(x919, x827, x890);
uint32_t x924, uint8_t x925 = addcarryx_u32(x922, x830, x893);
uint32_t x927, uint8_t x928 = addcarryx_u32(x925, x833, x896);
uint32_t x930, uint8_t x931 = addcarryx_u32(x928, x836, x899);
uint32_t x933, uint8_t x934 = addcarryx_u32(x931, x839, x902);
uint32_t x936, uint8_t x937 = addcarryx_u32(x934, x842, x905);
uint32_t x939, uint8_t x940 = addcarryx_u32(x937, x845, x908);
uint32_t x942, uint8_t x943 = addcarryx_u32(x940, x848, x911);
uint32_t x945, uint8_t x946 = addcarryx_u32(x943, x851, x914);
uint32_t x948, uint8_t x949 = addcarryx_u32(x946, x854, x916);
uint8_t x950 = (x949 + x855);
uint32_t x952, uint32_t x953 = mulx_u32(x13, x21);
uint32_t x955, uint32_t x956 = mulx_u32(x13, x23);
uint32_t x958, uint32_t x959 = mulx_u32(x13, x25);
uint32_t x961, uint32_t x962 = mulx_u32(x13, x27);
uint32_t x964, uint32_t x965 = mulx_u32(x13, x29);
uint32_t x967, uint32_t x968 = mulx_u32(x13, x31);
uint32_t x970, uint32_t x971 = mulx_u32(x13, x33);
uint32_t x973, uint32_t x974 = mulx_u32(x13, x35);
uint32_t x976, uint32_t x977 = mulx_u32(x13, x37);
uint32_t x979, uint32_t x980 = mulx_u32(x13, x36);
uint32_t x982, uint8_t x983 = addcarryx_u32(0x0, x953, x955);
uint32_t x985, uint8_t x986 = addcarryx_u32(x983, x956, x958);
uint32_t x988, uint8_t x989 = addcarryx_u32(x986, x959, x961);
uint32_t x991, uint8_t x992 = addcarryx_u32(x989, x962, x964);
uint32_t x994, uint8_t x995 = addcarryx_u32(x992, x965, x967);
uint32_t x997, uint8_t x998 = addcarryx_u32(x995, x968, x970);
uint32_t x1000, uint8_t x1001 = addcarryx_u32(x998, x971, x973);
uint32_t x1003, uint8_t x1004 = addcarryx_u32(x1001, x974, x976);
uint32_t x1006, uint8_t x1007 = addcarryx_u32(x1004, x977, x979);
uint32_t x1009, uint8_t _ = addcarryx_u32(0x0, x1007, x980);
uint32_t x1012, uint8_t x1013 = addcarryx_u32(0x0, x921, x952);
uint32_t x1015, uint8_t x1016 = addcarryx_u32(x1013, x924, x982);
uint32_t x1018, uint8_t x1019 = addcarryx_u32(x1016, x927, x985);
uint32_t x1021, uint8_t x1022 = addcarryx_u32(x1019, x930, x988);
uint32_t x1024, uint8_t x1025 = addcarryx_u32(x1022, x933, x991);
uint32_t x1027, uint8_t x1028 = addcarryx_u32(x1025, x936, x994);
uint32_t x1030, uint8_t x1031 = addcarryx_u32(x1028, x939, x997);
uint32_t x1033, uint8_t x1034 = addcarryx_u32(x1031, x942, x1000);
uint32_t x1036, uint8_t x1037 = addcarryx_u32(x1034, x945, x1003);
uint32_t x1039, uint8_t x1040 = addcarryx_u32(x1037, x948, x1006);
uint32_t x1042, uint8_t x1043 = addcarryx_u32(x1040, x950, x1009);
uint32_t x1045, uint32_t _ = mulx_u32(x1012, 0x286bca1b);
uint32_t x1048, uint32_t x1049 = mulx_u32(x1045, 0xffffffed);
uint32_t x1051, uint32_t x1052 = mulx_u32(x1045, 0xffffffff);
uint32_t x1054, uint32_t x1055 = mulx_u32(x1045, 0xffffffff);
uint32_t x1057, uint32_t x1058 = mulx_u32(x1045, 0xffffffff);
uint32_t x1060, uint32_t x1061 = mulx_u32(x1045, 0xffffffff);
uint32_t x1063, uint32_t x1064 = mulx_u32(x1045, 0xffffffff);
uint32_t x1066, uint32_t x1067 = mulx_u32(x1045, 0xffffffff);
uint32_t x1069, uint32_t x1070 = mulx_u32(x1045, 0xffffffff);
uint32_t x1072, uint32_t x1073 = mulx_u32(x1045, 0xffffffff);
uint32_t x1075, uint8_t x1076 = mulx_u32_out_u8(x1045, 0x7);
uint32_t x1078, uint8_t x1079 = addcarryx_u32(0x0, x1049, x1051);
uint32_t x1081, uint8_t x1082 = addcarryx_u32(x1079, x1052, x1054);
uint32_t x1084, uint8_t x1085 = addcarryx_u32(x1082, x1055, x1057);
uint32_t x1087, uint8_t x1088 = addcarryx_u32(x1085, x1058, x1060);
uint32_t x1090, uint8_t x1091 = addcarryx_u32(x1088, x1061, x1063);
uint32_t x1093, uint8_t x1094 = addcarryx_u32(x1091, x1064, x1066);
uint32_t x1096, uint8_t x1097 = addcarryx_u32(x1094, x1067, x1069);
uint32_t x1099, uint8_t x1100 = addcarryx_u32(x1097, x1070, x1072);
uint32_t x1102, uint8_t x1103 = addcarryx_u32(x1100, x1073, x1075);
uint8_t x1104 = (x1103 + x1076);
uint32_t _, uint8_t x1107 = addcarryx_u32(0x0, x1012, x1048);
uint32_t x1109, uint8_t x1110 = addcarryx_u32(x1107, x1015, x1078);
uint32_t x1112, uint8_t x1113 = addcarryx_u32(x1110, x1018, x1081);
uint32_t x1115, uint8_t x1116 = addcarryx_u32(x1113, x1021, x1084);
uint32_t x1118, uint8_t x1119 = addcarryx_u32(x1116, x1024, x1087);
uint32_t x1121, uint8_t x1122 = addcarryx_u32(x1119, x1027, x1090);
uint32_t x1124, uint8_t x1125 = addcarryx_u32(x1122, x1030, x1093);
uint32_t x1127, uint8_t x1128 = addcarryx_u32(x1125, x1033, x1096);
uint32_t x1130, uint8_t x1131 = addcarryx_u32(x1128, x1036, x1099);
uint32_t x1133, uint8_t x1134 = addcarryx_u32(x1131, x1039, x1102);
uint32_t x1136, uint8_t x1137 = addcarryx_u32(x1134, x1042, x1104);
uint8_t x1138 = (x1137 + x1043);
uint32_t x1140, uint32_t x1141 = mulx_u32(x15, x21);
uint32_t x1143, uint32_t x1144 = mulx_u32(x15, x23);
uint32_t x1146, uint32_t x1147 = mulx_u32(x15, x25);
uint32_t x1149, uint32_t x1150 = mulx_u32(x15, x27);
uint32_t x1152, uint32_t x1153 = mulx_u32(x15, x29);
uint32_t x1155, uint32_t x1156 = mulx_u32(x15, x31);
uint32_t x1158, uint32_t x1159 = mulx_u32(x15, x33);
uint32_t x1161, uint32_t x1162 = mulx_u32(x15, x35);
uint32_t x1164, uint32_t x1165 = mulx_u32(x15, x37);
uint32_t x1167, uint32_t x1168 = mulx_u32(x15, x36);
uint32_t x1170, uint8_t x1171 = addcarryx_u32(0x0, x1141, x1143);
uint32_t x1173, uint8_t x1174 = addcarryx_u32(x1171, x1144, x1146);
uint32_t x1176, uint8_t x1177 = addcarryx_u32(x1174, x1147, x1149);
uint32_t x1179, uint8_t x1180 = addcarryx_u32(x1177, x1150, x1152);
uint32_t x1182, uint8_t x1183 = addcarryx_u32(x1180, x1153, x1155);
uint32_t x1185, uint8_t x1186 = addcarryx_u32(x1183, x1156, x1158);
uint32_t x1188, uint8_t x1189 = addcarryx_u32(x1186, x1159, x1161);
uint32_t x1191, uint8_t x1192 = addcarryx_u32(x1189, x1162, x1164);
uint32_t x1194, uint8_t x1195 = addcarryx_u32(x1192, x1165, x1167);
uint32_t x1197, uint8_t _ = addcarryx_u32(0x0, x1195, x1168);
uint32_t x1200, uint8_t x1201 = addcarryx_u32(0x0, x1109, x1140);
uint32_t x1203, uint8_t x1204 = addcarryx_u32(x1201, x1112, x1170);
uint32_t x1206, uint8_t x1207 = addcarryx_u32(x1204, x1115, x1173);
uint32_t x1209, uint8_t x1210 = addcarryx_u32(x1207, x1118, x1176);
uint32_t x1212, uint8_t x1213 = addcarryx_u32(x1210, x1121, x1179);
uint32_t x1215, uint8_t x1216 = addcarryx_u32(x1213, x1124, x1182);
uint32_t x1218, uint8_t x1219 = addcarryx_u32(x1216, x1127, x1185);
uint32_t x1221, uint8_t x1222 = addcarryx_u32(x1219, x1130, x1188);
uint32_t x1224, uint8_t x1225 = addcarryx_u32(x1222, x1133, x1191);
uint32_t x1227, uint8_t x1228 = addcarryx_u32(x1225, x1136, x1194);
uint32_t x1230, uint8_t x1231 = addcarryx_u32(x1228, x1138, x1197);
uint32_t x1233, uint32_t _ = mulx_u32(x1200, 0x286bca1b);
uint32_t x1236, uint32_t x1237 = mulx_u32(x1233, 0xffffffed);
uint32_t x1239, uint32_t x1240 = mulx_u32(x1233, 0xffffffff);
uint32_t x1242, uint32_t x1243 = mulx_u32(x1233, 0xffffffff);
uint32_t x1245, uint32_t x1246 = mulx_u32(x1233, 0xffffffff);
uint32_t x1248, uint32_t x1249 = mulx_u32(x1233, 0xffffffff);
uint32_t x1251, uint32_t x1252 = mulx_u32(x1233, 0xffffffff);
uint32_t x1254, uint32_t x1255 = mulx_u32(x1233, 0xffffffff);
uint32_t x1257, uint32_t x1258 = mulx_u32(x1233, 0xffffffff);
uint32_t x1260, uint32_t x1261 = mulx_u32(x1233, 0xffffffff);
uint32_t x1263, uint8_t x1264 = mulx_u32_out_u8(x1233, 0x7);
uint32_t x1266, uint8_t x1267 = addcarryx_u32(0x0, x1237, x1239);
uint32_t x1269, uint8_t x1270 = addcarryx_u32(x1267, x1240, x1242);
uint32_t x1272, uint8_t x1273 = addcarryx_u32(x1270, x1243, x1245);
uint32_t x1275, uint8_t x1276 = addcarryx_u32(x1273, x1246, x1248);
uint32_t x1278, uint8_t x1279 = addcarryx_u32(x1276, x1249, x1251);
uint32_t x1281, uint8_t x1282 = addcarryx_u32(x1279, x1252, x1254);
uint32_t x1284, uint8_t x1285 = addcarryx_u32(x1282, x1255, x1257);
uint32_t x1287, uint8_t x1288 = addcarryx_u32(x1285, x1258, x1260);
uint32_t x1290, uint8_t x1291 = addcarryx_u32(x1288, x1261, x1263);
uint8_t x1292 = (x1291 + x1264);
uint32_t _, uint8_t x1295 = addcarryx_u32(0x0, x1200, x1236);
uint32_t x1297, uint8_t x1298 = addcarryx_u32(x1295, x1203, x1266);
uint32_t x1300, uint8_t x1301 = addcarryx_u32(x1298, x1206, x1269);
uint32_t x1303, uint8_t x1304 = addcarryx_u32(x1301, x1209, x1272);
uint32_t x1306, uint8_t x1307 = addcarryx_u32(x1304, x1212, x1275);
uint32_t x1309, uint8_t x1310 = addcarryx_u32(x1307, x1215, x1278);
uint32_t x1312, uint8_t x1313 = addcarryx_u32(x1310, x1218, x1281);
uint32_t x1315, uint8_t x1316 = addcarryx_u32(x1313, x1221, x1284);
uint32_t x1318, uint8_t x1319 = addcarryx_u32(x1316, x1224, x1287);
uint32_t x1321, uint8_t x1322 = addcarryx_u32(x1319, x1227, x1290);
uint32_t x1324, uint8_t x1325 = addcarryx_u32(x1322, x1230, x1292);
uint8_t x1326 = (x1325 + x1231);
uint32_t x1328, uint32_t x1329 = mulx_u32(x17, x21);
uint32_t x1331, uint32_t x1332 = mulx_u32(x17, x23);
uint32_t x1334, uint32_t x1335 = mulx_u32(x17, x25);
uint32_t x1337, uint32_t x1338 = mulx_u32(x17, x27);
uint32_t x1340, uint32_t x1341 = mulx_u32(x17, x29);
uint32_t x1343, uint32_t x1344 = mulx_u32(x17, x31);
uint32_t x1346, uint32_t x1347 = mulx_u32(x17, x33);
uint32_t x1349, uint32_t x1350 = mulx_u32(x17, x35);
uint32_t x1352, uint32_t x1353 = mulx_u32(x17, x37);
uint32_t x1355, uint32_t x1356 = mulx_u32(x17, x36);
uint32_t x1358, uint8_t x1359 = addcarryx_u32(0x0, x1329, x1331);
uint32_t x1361, uint8_t x1362 = addcarryx_u32(x1359, x1332, x1334);
uint32_t x1364, uint8_t x1365 = addcarryx_u32(x1362, x1335, x1337);
uint32_t x1367, uint8_t x1368 = addcarryx_u32(x1365, x1338, x1340);
uint32_t x1370, uint8_t x1371 = addcarryx_u32(x1368, x1341, x1343);
uint32_t x1373, uint8_t x1374 = addcarryx_u32(x1371, x1344, x1346);
uint32_t x1376, uint8_t x1377 = addcarryx_u32(x1374, x1347, x1349);
uint32_t x1379, uint8_t x1380 = addcarryx_u32(x1377, x1350, x1352);
uint32_t x1382, uint8_t x1383 = addcarryx_u32(x1380, x1353, x1355);
uint32_t x1385, uint8_t _ = addcarryx_u32(0x0, x1383, x1356);
uint32_t x1388, uint8_t x1389 = addcarryx_u32(0x0, x1297, x1328);
uint32_t x1391, uint8_t x1392 = addcarryx_u32(x1389, x1300, x1358);
uint32_t x1394, uint8_t x1395 = addcarryx_u32(x1392, x1303, x1361);
uint32_t x1397, uint8_t x1398 = addcarryx_u32(x1395, x1306, x1364);
uint32_t x1400, uint8_t x1401 = addcarryx_u32(x1398, x1309, x1367);
uint32_t x1403, uint8_t x1404 = addcarryx_u32(x1401, x1312, x1370);
uint32_t x1406, uint8_t x1407 = addcarryx_u32(x1404, x1315, x1373);
uint32_t x1409, uint8_t x1410 = addcarryx_u32(x1407, x1318, x1376);
uint32_t x1412, uint8_t x1413 = addcarryx_u32(x1410, x1321, x1379);
uint32_t x1415, uint8_t x1416 = addcarryx_u32(x1413, x1324, x1382);
uint32_t x1418, uint8_t x1419 = addcarryx_u32(x1416, x1326, x1385);
uint32_t x1421, uint32_t _ = mulx_u32(x1388, 0x286bca1b);
uint32_t x1424, uint32_t x1425 = mulx_u32(x1421, 0xffffffed);
uint32_t x1427, uint32_t x1428 = mulx_u32(x1421, 0xffffffff);
uint32_t x1430, uint32_t x1431 = mulx_u32(x1421, 0xffffffff);
uint32_t x1433, uint32_t x1434 = mulx_u32(x1421, 0xffffffff);
uint32_t x1436, uint32_t x1437 = mulx_u32(x1421, 0xffffffff);
uint32_t x1439, uint32_t x1440 = mulx_u32(x1421, 0xffffffff);
uint32_t x1442, uint32_t x1443 = mulx_u32(x1421, 0xffffffff);
uint32_t x1445, uint32_t x1446 = mulx_u32(x1421, 0xffffffff);
uint32_t x1448, uint32_t x1449 = mulx_u32(x1421, 0xffffffff);
uint32_t x1451, uint8_t x1452 = mulx_u32_out_u8(x1421, 0x7);
uint32_t x1454, uint8_t x1455 = addcarryx_u32(0x0, x1425, x1427);
uint32_t x1457, uint8_t x1458 = addcarryx_u32(x1455, x1428, x1430);
uint32_t x1460, uint8_t x1461 = addcarryx_u32(x1458, x1431, x1433);
uint32_t x1463, uint8_t x1464 = addcarryx_u32(x1461, x1434, x1436);
uint32_t x1466, uint8_t x1467 = addcarryx_u32(x1464, x1437, x1439);
uint32_t x1469, uint8_t x1470 = addcarryx_u32(x1467, x1440, x1442);
uint32_t x1472, uint8_t x1473 = addcarryx_u32(x1470, x1443, x1445);
uint32_t x1475, uint8_t x1476 = addcarryx_u32(x1473, x1446, x1448);
uint32_t x1478, uint8_t x1479 = addcarryx_u32(x1476, x1449, x1451);
uint8_t x1480 = (x1479 + x1452);
uint32_t _, uint8_t x1483 = addcarryx_u32(0x0, x1388, x1424);
uint32_t x1485, uint8_t x1486 = addcarryx_u32(x1483, x1391, x1454);
uint32_t x1488, uint8_t x1489 = addcarryx_u32(x1486, x1394, x1457);
uint32_t x1491, uint8_t x1492 = addcarryx_u32(x1489, x1397, x1460);
uint32_t x1494, uint8_t x1495 = addcarryx_u32(x1492, x1400, x1463);
uint32_t x1497, uint8_t x1498 = addcarryx_u32(x1495, x1403, x1466);
uint32_t x1500, uint8_t x1501 = addcarryx_u32(x1498, x1406, x1469);
uint32_t x1503, uint8_t x1504 = addcarryx_u32(x1501, x1409, x1472);
uint32_t x1506, uint8_t x1507 = addcarryx_u32(x1504, x1412, x1475);
uint32_t x1509, uint8_t x1510 = addcarryx_u32(x1507, x1415, x1478);
uint32_t x1512, uint8_t x1513 = addcarryx_u32(x1510, x1418, x1480);
uint8_t x1514 = (x1513 + x1419);
uint32_t x1516, uint32_t x1517 = mulx_u32(x19, x21);
uint32_t x1519, uint32_t x1520 = mulx_u32(x19, x23);
uint32_t x1522, uint32_t x1523 = mulx_u32(x19, x25);
uint32_t x1525, uint32_t x1526 = mulx_u32(x19, x27);
uint32_t x1528, uint32_t x1529 = mulx_u32(x19, x29);
uint32_t x1531, uint32_t x1532 = mulx_u32(x19, x31);
uint32_t x1534, uint32_t x1535 = mulx_u32(x19, x33);
uint32_t x1537, uint32_t x1538 = mulx_u32(x19, x35);
uint32_t x1540, uint32_t x1541 = mulx_u32(x19, x37);
uint32_t x1543, uint32_t x1544 = mulx_u32(x19, x36);
uint32_t x1546, uint8_t x1547 = addcarryx_u32(0x0, x1517, x1519);
uint32_t x1549, uint8_t x1550 = addcarryx_u32(x1547, x1520, x1522);
uint32_t x1552, uint8_t x1553 = addcarryx_u32(x1550, x1523, x1525);
uint32_t x1555, uint8_t x1556 = addcarryx_u32(x1553, x1526, x1528);
uint32_t x1558, uint8_t x1559 = addcarryx_u32(x1556, x1529, x1531);
uint32_t x1561, uint8_t x1562 = addcarryx_u32(x1559, x1532, x1534);
uint32_t x1564, uint8_t x1565 = addcarryx_u32(x1562, x1535, x1537);
uint32_t x1567, uint8_t x1568 = addcarryx_u32(x1565, x1538, x1540);
uint32_t x1570, uint8_t x1571 = addcarryx_u32(x1568, x1541, x1543);
uint32_t x1573, uint8_t _ = addcarryx_u32(0x0, x1571, x1544);
uint32_t x1576, uint8_t x1577 = addcarryx_u32(0x0, x1485, x1516);
uint32_t x1579, uint8_t x1580 = addcarryx_u32(x1577, x1488, x1546);
uint32_t x1582, uint8_t x1583 = addcarryx_u32(x1580, x1491, x1549);
uint32_t x1585, uint8_t x1586 = addcarryx_u32(x1583, x1494, x1552);
uint32_t x1588, uint8_t x1589 = addcarryx_u32(x1586, x1497, x1555);
uint32_t x1591, uint8_t x1592 = addcarryx_u32(x1589, x1500, x1558);
uint32_t x1594, uint8_t x1595 = addcarryx_u32(x1592, x1503, x1561);
uint32_t x1597, uint8_t x1598 = addcarryx_u32(x1595, x1506, x1564);
uint32_t x1600, uint8_t x1601 = addcarryx_u32(x1598, x1509, x1567);
uint32_t x1603, uint8_t x1604 = addcarryx_u32(x1601, x1512, x1570);
uint32_t x1606, uint8_t x1607 = addcarryx_u32(x1604, x1514, x1573);
uint32_t x1609, uint32_t _ = mulx_u32(x1576, 0x286bca1b);
uint32_t x1612, uint32_t x1613 = mulx_u32(x1609, 0xffffffed);
uint32_t x1615, uint32_t x1616 = mulx_u32(x1609, 0xffffffff);
uint32_t x1618, uint32_t x1619 = mulx_u32(x1609, 0xffffffff);
uint32_t x1621, uint32_t x1622 = mulx_u32(x1609, 0xffffffff);
uint32_t x1624, uint32_t x1625 = mulx_u32(x1609, 0xffffffff);
uint32_t x1627, uint32_t x1628 = mulx_u32(x1609, 0xffffffff);
uint32_t x1630, uint32_t x1631 = mulx_u32(x1609, 0xffffffff);
uint32_t x1633, uint32_t x1634 = mulx_u32(x1609, 0xffffffff);
uint32_t x1636, uint32_t x1637 = mulx_u32(x1609, 0xffffffff);
uint32_t x1639, uint8_t x1640 = mulx_u32_out_u8(x1609, 0x7);
uint32_t x1642, uint8_t x1643 = addcarryx_u32(0x0, x1613, x1615);
uint32_t x1645, uint8_t x1646 = addcarryx_u32(x1643, x1616, x1618);
uint32_t x1648, uint8_t x1649 = addcarryx_u32(x1646, x1619, x1621);
uint32_t x1651, uint8_t x1652 = addcarryx_u32(x1649, x1622, x1624);
uint32_t x1654, uint8_t x1655 = addcarryx_u32(x1652, x1625, x1627);
uint32_t x1657, uint8_t x1658 = addcarryx_u32(x1655, x1628, x1630);
uint32_t x1660, uint8_t x1661 = addcarryx_u32(x1658, x1631, x1633);
uint32_t x1663, uint8_t x1664 = addcarryx_u32(x1661, x1634, x1636);
uint32_t x1666, uint8_t x1667 = addcarryx_u32(x1664, x1637, x1639);
uint8_t x1668 = (x1667 + x1640);
uint32_t _, uint8_t x1671 = addcarryx_u32(0x0, x1576, x1612);
uint32_t x1673, uint8_t x1674 = addcarryx_u32(x1671, x1579, x1642);
uint32_t x1676, uint8_t x1677 = addcarryx_u32(x1674, x1582, x1645);
uint32_t x1679, uint8_t x1680 = addcarryx_u32(x1677, x1585, x1648);
uint32_t x1682, uint8_t x1683 = addcarryx_u32(x1680, x1588, x1651);
uint32_t x1685, uint8_t x1686 = addcarryx_u32(x1683, x1591, x1654);
uint32_t x1688, uint8_t x1689 = addcarryx_u32(x1686, x1594, x1657);
uint32_t x1691, uint8_t x1692 = addcarryx_u32(x1689, x1597, x1660);
uint32_t x1694, uint8_t x1695 = addcarryx_u32(x1692, x1600, x1663);
uint32_t x1697, uint8_t x1698 = addcarryx_u32(x1695, x1603, x1666);
uint32_t x1700, uint8_t x1701 = addcarryx_u32(x1698, x1606, x1668);
uint8_t x1702 = (x1701 + x1607);
uint32_t x1704, uint32_t x1705 = mulx_u32(x18, x21);
uint32_t x1707, uint32_t x1708 = mulx_u32(x18, x23);
uint32_t x1710, uint32_t x1711 = mulx_u32(x18, x25);
uint32_t x1713, uint32_t x1714 = mulx_u32(x18, x27);
uint32_t x1716, uint32_t x1717 = mulx_u32(x18, x29);
uint32_t x1719, uint32_t x1720 = mulx_u32(x18, x31);
uint32_t x1722, uint32_t x1723 = mulx_u32(x18, x33);
uint32_t x1725, uint32_t x1726 = mulx_u32(x18, x35);
uint32_t x1728, uint32_t x1729 = mulx_u32(x18, x37);
uint32_t x1731, uint32_t x1732 = mulx_u32(x18, x36);
uint32_t x1734, uint8_t x1735 = addcarryx_u32(0x0, x1705, x1707);
uint32_t x1737, uint8_t x1738 = addcarryx_u32(x1735, x1708, x1710);
uint32_t x1740, uint8_t x1741 = addcarryx_u32(x1738, x1711, x1713);
uint32_t x1743, uint8_t x1744 = addcarryx_u32(x1741, x1714, x1716);
uint32_t x1746, uint8_t x1747 = addcarryx_u32(x1744, x1717, x1719);
uint32_t x1749, uint8_t x1750 = addcarryx_u32(x1747, x1720, x1722);
uint32_t x1752, uint8_t x1753 = addcarryx_u32(x1750, x1723, x1725);
uint32_t x1755, uint8_t x1756 = addcarryx_u32(x1753, x1726, x1728);
uint32_t x1758, uint8_t x1759 = addcarryx_u32(x1756, x1729, x1731);
uint32_t x1761, uint8_t _ = addcarryx_u32(0x0, x1759, x1732);
uint32_t x1764, uint8_t x1765 = addcarryx_u32(0x0, x1673, x1704);
uint32_t x1767, uint8_t x1768 = addcarryx_u32(x1765, x1676, x1734);
uint32_t x1770, uint8_t x1771 = addcarryx_u32(x1768, x1679, x1737);
uint32_t x1773, uint8_t x1774 = addcarryx_u32(x1771, x1682, x1740);
uint32_t x1776, uint8_t x1777 = addcarryx_u32(x1774, x1685, x1743);
uint32_t x1779, uint8_t x1780 = addcarryx_u32(x1777, x1688, x1746);
uint32_t x1782, uint8_t x1783 = addcarryx_u32(x1780, x1691, x1749);
uint32_t x1785, uint8_t x1786 = addcarryx_u32(x1783, x1694, x1752);
uint32_t x1788, uint8_t x1789 = addcarryx_u32(x1786, x1697, x1755);
uint32_t x1791, uint8_t x1792 = addcarryx_u32(x1789, x1700, x1758);
uint32_t x1794, uint8_t x1795 = addcarryx_u32(x1792, x1702, x1761);
uint32_t x1797, uint32_t _ = mulx_u32(x1764, 0x286bca1b);
uint32_t x1800, uint32_t x1801 = mulx_u32(x1797, 0xffffffed);
uint32_t x1803, uint32_t x1804 = mulx_u32(x1797, 0xffffffff);
uint32_t x1806, uint32_t x1807 = mulx_u32(x1797, 0xffffffff);
uint32_t x1809, uint32_t x1810 = mulx_u32(x1797, 0xffffffff);
uint32_t x1812, uint32_t x1813 = mulx_u32(x1797, 0xffffffff);
uint32_t x1815, uint32_t x1816 = mulx_u32(x1797, 0xffffffff);
uint32_t x1818, uint32_t x1819 = mulx_u32(x1797, 0xffffffff);
uint32_t x1821, uint32_t x1822 = mulx_u32(x1797, 0xffffffff);
uint32_t x1824, uint32_t x1825 = mulx_u32(x1797, 0xffffffff);
uint32_t x1827, uint8_t x1828 = mulx_u32_out_u8(x1797, 0x7);
uint32_t x1830, uint8_t x1831 = addcarryx_u32(0x0, x1801, x1803);
uint32_t x1833, uint8_t x1834 = addcarryx_u32(x1831, x1804, x1806);
uint32_t x1836, uint8_t x1837 = addcarryx_u32(x1834, x1807, x1809);
uint32_t x1839, uint8_t x1840 = addcarryx_u32(x1837, x1810, x1812);
uint32_t x1842, uint8_t x1843 = addcarryx_u32(x1840, x1813, x1815);
uint32_t x1845, uint8_t x1846 = addcarryx_u32(x1843, x1816, x1818);
uint32_t x1848, uint8_t x1849 = addcarryx_u32(x1846, x1819, x1821);
uint32_t x1851, uint8_t x1852 = addcarryx_u32(x1849, x1822, x1824);
uint32_t x1854, uint8_t x1855 = addcarryx_u32(x1852, x1825, x1827);
uint8_t x1856 = (x1855 + x1828);
uint32_t _, uint8_t x1859 = addcarryx_u32(0x0, x1764, x1800);
uint32_t x1861, uint8_t x1862 = addcarryx_u32(x1859, x1767, x1830);
uint32_t x1864, uint8_t x1865 = addcarryx_u32(x1862, x1770, x1833);
uint32_t x1867, uint8_t x1868 = addcarryx_u32(x1865, x1773, x1836);
uint32_t x1870, uint8_t x1871 = addcarryx_u32(x1868, x1776, x1839);
uint32_t x1873, uint8_t x1874 = addcarryx_u32(x1871, x1779, x1842);
uint32_t x1876, uint8_t x1877 = addcarryx_u32(x1874, x1782, x1845);
uint32_t x1879, uint8_t x1880 = addcarryx_u32(x1877, x1785, x1848);
uint32_t x1882, uint8_t x1883 = addcarryx_u32(x1880, x1788, x1851);
uint32_t x1885, uint8_t x1886 = addcarryx_u32(x1883, x1791, x1854);
uint32_t x1888, uint8_t x1889 = addcarryx_u32(x1886, x1794, x1856);
uint8_t x1890 = (x1889 + x1795);
uint32_t x1892, uint8_t x1893 = subborrow_u32(0x0, x1861, 0xffffffed);
uint32_t x1895, uint8_t x1896 = subborrow_u32(x1893, x1864, 0xffffffff);
uint32_t x1898, uint8_t x1899 = subborrow_u32(x1896, x1867, 0xffffffff);
uint32_t x1901, uint8_t x1902 = subborrow_u32(x1899, x1870, 0xffffffff);
uint32_t x1904, uint8_t x1905 = subborrow_u32(x1902, x1873, 0xffffffff);
uint32_t x1907, uint8_t x1908 = subborrow_u32(x1905, x1876, 0xffffffff);
uint32_t x1910, uint8_t x1911 = subborrow_u32(x1908, x1879, 0xffffffff);
uint32_t x1913, uint8_t x1914 = subborrow_u32(x1911, x1882, 0xffffffff);
uint32_t x1916, uint8_t x1917 = subborrow_u32(x1914, x1885, 0xffffffff);
uint32_t x1919, uint8_t x1920 = subborrow_u32(x1917, x1888, 0x7);
uint32_t _, uint8_t x1923 = subborrow_u32(x1920, x1890, 0x0);
(cmovznz32(x1923, x1919, x1888), cmovznz32(x1923, x1916, x1885), cmovznz32(x1923, x1913, x1882), cmovznz32(x1923, x1910, x1879), cmovznz32(x1923, x1907, x1876), cmovznz32(x1923, x1904, x1873), cmovznz32(x1923, x1901, x1870), cmovznz32(x1923, x1898, x1867), cmovznz32(x1923, x1895, x1864), cmovznz32(x1923, x1892, x1861))
     : ∀ var : Z.Syntax.base_type → Type, expr Z.Syntax.base_type Z.Syntax.op (uint32_t * uint32_t * uint32_t * uint32_t * uint32_t * uint32_t * uint32_t * uint32_t * uint32_t * uint32_t * (uint32_t * uint32_t * uint32_t * uint32_t * uint32_t * uint32_t * uint32_t * uint32_t * uint32_t * uint32_t) -> uint32_t * uint32_t * uint32_t * uint32_t * uint32_t * uint32_t * uint32_t * uint32_t * uint32_t * uint32_t)

Argument scope is [function_scope]
