freeze = λ var : Z.Syntax.base_type → Type,
λ '(x8, x9, x7, x5, x3, x1)%core,
uint32_t x11, uint32_t x12 = Op (Z.Syntax.SubWithGetBorrow 28 (Syntax.TWord 5) (Syntax.TWord 5) (Syntax.TWord 5) (Syntax.TWord 5) (Syntax.TWord 5)) (0x0, Return x1, 0xffffffb);
uint32_t x14, uint32_t x15 = Op (Z.Syntax.SubWithGetBorrow 28 (Syntax.TWord 5) (Syntax.TWord 5) (Syntax.TWord 5) (Syntax.TWord 5) (Syntax.TWord 5)) (Return x12, Return x3, 0xfffffff);
uint32_t x17, uint32_t x18 = Op (Z.Syntax.SubWithGetBorrow 27 (Syntax.TWord 5) (Syntax.TWord 5) (Syntax.TWord 5) (Syntax.TWord 5) (Syntax.TWord 5)) (Return x15, Return x5, 0x7ffffff);
uint32_t x20, uint32_t x21 = Op (Z.Syntax.SubWithGetBorrow 28 (Syntax.TWord 5) (Syntax.TWord 5) (Syntax.TWord 5) (Syntax.TWord 5) (Syntax.TWord 5)) (Return x18, Return x7, 0xfffffff);
uint32_t x23, uint32_t x24 = Op (Z.Syntax.SubWithGetBorrow 28 (Syntax.TWord 5) (Syntax.TWord 5) (Syntax.TWord 5) (Syntax.TWord 5) (Syntax.TWord 5)) (Return x21, Return x9, 0xfffffff);
uint32_t x26, uint32_t x27 = Op (Z.Syntax.SubWithGetBorrow 27 (Syntax.TWord 5) (Syntax.TWord 5) (Syntax.TWord 5) (Syntax.TWord 5) (Syntax.TWord 5)) (Return x24, Return x8, 0x7ffffff);
uint32_t x28 = cmovznz32(x27, 0x0, 0xffffffff);
uint32_t x29 = (x28 & 0xffffffb);
uint32_t x31, uint32_t x32 = Op (Z.Syntax.AddWithGetCarry 28 (Syntax.TWord 5) (Syntax.TWord 5) (Syntax.TWord 5) (Syntax.TWord 5) (Syntax.TWord 5)) (0x0, Return x11, Return x29);
uint32_t x33 = (x28 & 0xfffffff);
uint32_t x35, uint32_t x36 = Op (Z.Syntax.AddWithGetCarry 28 (Syntax.TWord 5) (Syntax.TWord 5) (Syntax.TWord 5) (Syntax.TWord 5) (Syntax.TWord 5)) (Return x32, Return x14, Return x33);
uint32_t x37 = (x28 & 0x7ffffff);
uint32_t x39, uint32_t x40 = Op (Z.Syntax.AddWithGetCarry 27 (Syntax.TWord 5) (Syntax.TWord 5) (Syntax.TWord 5) (Syntax.TWord 5) (Syntax.TWord 5)) (Return x36, Return x17, Return x37);
uint32_t x41 = (x28 & 0xfffffff);
uint32_t x43, uint32_t x44 = Op (Z.Syntax.AddWithGetCarry 28 (Syntax.TWord 5) (Syntax.TWord 5) (Syntax.TWord 5) (Syntax.TWord 5) (Syntax.TWord 5)) (Return x40, Return x20, Return x41);
uint32_t x45 = (x28 & 0xfffffff);
uint32_t x47, uint32_t x48 = Op (Z.Syntax.AddWithGetCarry 28 (Syntax.TWord 5) (Syntax.TWord 5) (Syntax.TWord 5) (Syntax.TWord 5) (Syntax.TWord 5)) (Return x44, Return x23, Return x45);
uint32_t x49 = (x28 & 0x7ffffff);
uint32_t x51, uint32_t _ = Op (Z.Syntax.AddWithGetCarry 27 (Syntax.TWord 5) (Syntax.TWord 5) (Syntax.TWord 5) (Syntax.TWord 5) (Syntax.TWord 5)) (Return x48, Return x26, Return x49);
(Return x51, Return x47, Return x43, Return x39, Return x35, Return x31)
     : ∀ var : Z.Syntax.base_type → Type, expr Z.Syntax.base_type Z.Syntax.op (uint32_t * uint32_t * uint32_t * uint32_t * uint32_t * uint32_t -> uint32_t * uint32_t * uint32_t * uint32_t * uint32_t * uint32_t)

Argument scope is [function_scope]
