freeze = λ var : Z.Syntax.base_type → Type,
λ '(x12, x13, x11, x9, x7, x5, x3, x1)%core,
uint64_t x15, uint64_t x16 = Op (Z.Syntax.SubWithGetBorrow 48 (Syntax.TWord 6) (Syntax.TWord 6) (Syntax.TWord 6) (Syntax.TWord 6) (Syntax.TWord 6)) (0x0, Return x1, 0xffffffffffe1);
uint64_t x18, uint64_t x19 = Op (Z.Syntax.SubWithGetBorrow 48 (Syntax.TWord 6) (Syntax.TWord 6) (Syntax.TWord 6) (Syntax.TWord 6) (Syntax.TWord 6)) (Return x16, Return x3, 0xffffffffffff);
uint64_t x21, uint64_t x22 = Op (Z.Syntax.SubWithGetBorrow 48 (Syntax.TWord 6) (Syntax.TWord 6) (Syntax.TWord 6) (Syntax.TWord 6) (Syntax.TWord 6)) (Return x19, Return x5, 0xffffffffffff);
uint64_t x24, uint64_t x25 = Op (Z.Syntax.SubWithGetBorrow 48 (Syntax.TWord 6) (Syntax.TWord 6) (Syntax.TWord 6) (Syntax.TWord 6) (Syntax.TWord 6)) (Return x22, Return x7, 0xffffffffffff);
uint64_t x27, uint64_t x28 = Op (Z.Syntax.SubWithGetBorrow 48 (Syntax.TWord 6) (Syntax.TWord 6) (Syntax.TWord 6) (Syntax.TWord 6) (Syntax.TWord 6)) (Return x25, Return x9, 0xffffffffffff);
uint64_t x30, uint64_t x31 = Op (Z.Syntax.SubWithGetBorrow 48 (Syntax.TWord 6) (Syntax.TWord 6) (Syntax.TWord 6) (Syntax.TWord 6) (Syntax.TWord 6)) (Return x28, Return x11, 0xffffffffffff);
uint64_t x33, uint64_t x34 = Op (Z.Syntax.SubWithGetBorrow 48 (Syntax.TWord 6) (Syntax.TWord 6) (Syntax.TWord 6) (Syntax.TWord 6) (Syntax.TWord 6)) (Return x31, Return x13, 0xffffffffffff);
uint64_t x36, uint64_t x37 = Op (Z.Syntax.SubWithGetBorrow 47 (Syntax.TWord 6) (Syntax.TWord 6) (Syntax.TWord 6) (Syntax.TWord 6) (Syntax.TWord 6)) (Return x34, Return x12, 0x7fffffffffff);
uint64_t x38 = cmovznz64(x37, 0x0, 0xffffffffffffffffL);
uint64_t x39 = (x38 & 0xffffffffffe1);
uint64_t x41, uint64_t x42 = Op (Z.Syntax.AddWithGetCarry 48 (Syntax.TWord 6) (Syntax.TWord 6) (Syntax.TWord 6) (Syntax.TWord 6) (Syntax.TWord 6)) (0x0, Return x15, Return x39);
uint64_t x43 = (x38 & 0xffffffffffff);
uint64_t x45, uint64_t x46 = Op (Z.Syntax.AddWithGetCarry 48 (Syntax.TWord 6) (Syntax.TWord 6) (Syntax.TWord 6) (Syntax.TWord 6) (Syntax.TWord 6)) (Return x42, Return x18, Return x43);
uint64_t x47 = (x38 & 0xffffffffffff);
uint64_t x49, uint64_t x50 = Op (Z.Syntax.AddWithGetCarry 48 (Syntax.TWord 6) (Syntax.TWord 6) (Syntax.TWord 6) (Syntax.TWord 6) (Syntax.TWord 6)) (Return x46, Return x21, Return x47);
uint64_t x51 = (x38 & 0xffffffffffff);
uint64_t x53, uint64_t x54 = Op (Z.Syntax.AddWithGetCarry 48 (Syntax.TWord 6) (Syntax.TWord 6) (Syntax.TWord 6) (Syntax.TWord 6) (Syntax.TWord 6)) (Return x50, Return x24, Return x51);
uint64_t x55 = (x38 & 0xffffffffffff);
uint64_t x57, uint64_t x58 = Op (Z.Syntax.AddWithGetCarry 48 (Syntax.TWord 6) (Syntax.TWord 6) (Syntax.TWord 6) (Syntax.TWord 6) (Syntax.TWord 6)) (Return x54, Return x27, Return x55);
uint64_t x59 = (x38 & 0xffffffffffff);
uint64_t x61, uint64_t x62 = Op (Z.Syntax.AddWithGetCarry 48 (Syntax.TWord 6) (Syntax.TWord 6) (Syntax.TWord 6) (Syntax.TWord 6) (Syntax.TWord 6)) (Return x58, Return x30, Return x59);
uint64_t x63 = (x38 & 0xffffffffffff);
uint64_t x65, uint64_t x66 = Op (Z.Syntax.AddWithGetCarry 48 (Syntax.TWord 6) (Syntax.TWord 6) (Syntax.TWord 6) (Syntax.TWord 6) (Syntax.TWord 6)) (Return x62, Return x33, Return x63);
uint64_t x67 = (x38 & 0x7fffffffffff);
uint64_t x69, uint64_t _ = Op (Z.Syntax.AddWithGetCarry 47 (Syntax.TWord 6) (Syntax.TWord 6) (Syntax.TWord 6) (Syntax.TWord 6) (Syntax.TWord 6)) (Return x66, Return x36, Return x67);
(Return x69, Return x65, Return x61, Return x57, Return x53, Return x49, Return x45, Return x41)
     : ∀ var : Z.Syntax.base_type → Type, expr Z.Syntax.base_type Z.Syntax.op (uint64_t * uint64_t * uint64_t * uint64_t * uint64_t * uint64_t * uint64_t * uint64_t -> uint64_t * uint64_t * uint64_t * uint64_t * uint64_t * uint64_t * uint64_t * uint64_t)

Argument scope is [function_scope]
