COQC src/Specific/montgomery32_2e194m33/femul.v
COQC src/Specific/montgomery32_2e194m33/feopp.v
COQC src/Specific/montgomery32_2e194m33/fesub.v
COQC src/Specific/montgomery32_2e196m15/femul.v
COQC src/Specific/montgomery32_2e196m15/feopp.v
COQC src/Specific/montgomery32_2e196m15/fesub.v
COQC src/Specific/montgomery32_2e198m17/femul.v
COQC src/Specific/montgomery32_2e198m17/feopp.v
COQC src/Specific/montgomery32_2e198m17/fesub.v
COQC src/Specific/montgomery32_2e205m45x2e198m1/femul.v
COQC src/Specific/montgomery32_2e205m45x2e198m1/feopp.v
COQC src/Specific/montgomery32_2e205m45x2e198m1/fesub.v
COQC src/Specific/montgomery32_2e206m5/femul.v
COQC src/Specific/montgomery32_2e206m5/feopp.v
COQC src/Specific/montgomery32_2e206m5/fesub.v
COQC src/Specific/montgomery32_2e212m29/femul.v
COQC src/Specific/montgomery32_2e212m29/feopp.v
COQC src/Specific/montgomery32_2e212m29/fesub.v
COQC src/Specific/montgomery32_2e213m3/femul.v
COQC src/Specific/montgomery32_2e213m3/feopp.v
COQC src/Specific/montgomery32_2e213m3/fesub.v
COQC src/Specific/montgomery32_2e216m2e108m1/femul.v
COQC src/Specific/montgomery32_2e216m2e108m1/feopp.v
COQC src/Specific/montgomery32_2e216m2e108m1/fesub.v
COQC src/Specific/montgomery32_2e221m3/femul.v
COQC src/Specific/montgomery32_2e221m3/feopp.v
COQC src/Specific/montgomery32_2e221m3/fesub.v
COQC src/Specific/montgomery32_2e222m117/femul.v
COQC src/Specific/montgomery32_2e222m117/feopp.v
COQC src/Specific/montgomery32_2e222m117/fesub.v
COQC src/Specific/montgomery32_2e224m2e96p1/feopp.v
COQC src/Specific/montgomery32_2e224m2e96p1/fesub.v
COQC src/Specific/montgomery32_2e226m5/femul.v
COQC src/Specific/montgomery32_2e226m5/feopp.v
COQC src/Specific/montgomery32_2e226m5/fesub.v
COQC src/Specific/montgomery32_2e230m27/femul.v
COQC src/Specific/montgomery32_2e230m27/feopp.v
COQC src/Specific/montgomery32_2e230m27/fesub.v
COQC src/Specific/montgomery32_2e235m15/femul.v
COQC src/Specific/montgomery32_2e235m15/feopp.v
COQC src/Specific/montgomery32_2e235m15/fesub.v
COQC src/Specific/montgomery32_2e243m9/femul.v
COQC src/Specific/montgomery32_2e243m9/feopp.v
COQC src/Specific/montgomery32_2e243m9/fesub.v
COQC src/Specific/montgomery32_2e251m9/femul.v
COQC src/Specific/montgomery32_2e251m9/feopp.v
COQC src/Specific/montgomery32_2e251m9/fesub.v
COQC src/Specific/montgomery32_2e254m127x2e240m1/femul.v
COQC src/Specific/montgomery32_2e254m127x2e240m1/feopp.v
COQC src/Specific/montgomery32_2e254m127x2e240m1/fesub.v
COQC src/Specific/montgomery32_2e255m19/femul.v
COQC src/Specific/montgomery32_2e255m19/feopp.v
COQC src/Specific/montgomery32_2e255m19/fesub.v
COQC src/Specific/montgomery32_2e255m2e4m2e1m1/femul.v
COQC src/Specific/montgomery32_2e255m2e4m2e1m1/feopp.v
COQC src/Specific/montgomery32_2e255m2e4m2e1m1/fesub.v
COQC src/Specific/montgomery32_2e255m765/femul.v
COQC src/Specific/montgomery32_2e255m765/feopp.v
COQC src/Specific/montgomery32_2e255m765/fesub.v
COQC src/Specific/montgomery32_2e256m189/femul.v
COQC src/Specific/montgomery32_2e256m189/feopp.v
COQC src/Specific/montgomery32_2e256m189/fesub.v
COQC src/Specific/montgomery32_2e256m2e224p2e192p2e96m1/femul.v
COQC src/Specific/montgomery32_2e256m2e224p2e192p2e96m1/feopp.v
COQC src/Specific/montgomery32_2e256m2e224p2e192p2e96m1/fesub.v
COQC src/Specific/montgomery32_2e256m2e32m977/femul.v
COQC src/Specific/montgomery32_2e256m2e32m977/feopp.v
COQC src/Specific/montgomery32_2e256m2e32m977/fesub.v
COQC src/Specific/montgomery32_2e256m88x2e240m1/femul.v
COQC src/Specific/montgomery32_2e256m88x2e240m1/feopp.v
COQC src/Specific/montgomery32_2e256m88x2e240m1/fesub.v
COQC src/Specific/montgomery32_2e266m3/femul.v
COQC src/Specific/montgomery32_2e266m3/feopp.v
COQC src/Specific/montgomery32_2e266m3/fesub.v
COQC src/Specific/montgomery32_2e285m9/femul.v
COQC src/Specific/montgomery32_2e285m9/feopp.v
COQC src/Specific/montgomery32_2e285m9/fesub.v
COQC src/Specific/montgomery32_2e291m19/femul.v
COQC src/Specific/montgomery32_2e291m19/feopp.v
COQC src/Specific/montgomery32_2e291m19/fesub.v
COQC src/Specific/montgomery32_2e321m9/femul.v
COQC src/Specific/montgomery32_2e321m9/feopp.v
COQC src/Specific/montgomery32_2e321m9/fesub.v
COQC src/Specific/montgomery32_2e322m2e161m1/femul.v
COQC src/Specific/montgomery32_2e322m2e161m1/feopp.v
COQC src/Specific/montgomery32_2e322m2e161m1/fesub.v
COQC src/Specific/montgomery32_2e336m17/femul.v
COQC src/Specific/montgomery32_2e336m17/feopp.v
COQC src/Specific/montgomery32_2e336m17/fesub.v
COQC src/Specific/montgomery32_2e336m3/femul.v
COQC src/Specific/montgomery32_2e336m3/feopp.v
COQC src/Specific/montgomery32_2e336m3/fesub.v
COQC src/Specific/montgomery32_2e338m15/femul.v
COQC src/Specific/montgomery32_2e338m15/feopp.v
COQC src/Specific/montgomery32_2e338m15/fesub.v
COQC src/Specific/montgomery32_2e369m25/femul.v
COQC src/Specific/montgomery32_2e369m25/feopp.v
COQC src/Specific/montgomery32_2e369m25/fesub.v
COQC src/Specific/montgomery32_2e379m19/femul.v
COQC src/Specific/montgomery32_2e379m19/feopp.v
COQC src/Specific/montgomery32_2e379m19/fesub.v
COQC src/Specific/montgomery32_2e382m105/femul.v
COQC src/Specific/montgomery32_2e382m105/feopp.v
COQC src/Specific/montgomery32_2e382m105/fesub.v
COQC src/Specific/montgomery32_2e383m187/femul.v
COQC src/Specific/montgomery32_2e383m187/feopp.v
COQC src/Specific/montgomery32_2e383m187/fesub.v
COQC src/Specific/montgomery32_2e383m31/femul.v
COQC src/Specific/montgomery32_2e383m31/feopp.v
COQC src/Specific/montgomery32_2e383m31/fesub.v
COQC src/Specific/montgomery32_2e383m421/femul.v
COQC src/Specific/montgomery32_2e383m421/feopp.v
COQC src/Specific/montgomery32_2e383m421/fesub.v
COQC src/Specific/montgomery32_2e384m2e128m2e96p2e32m1/femul.v
COQC src/Specific/montgomery32_2e384m2e128m2e96p2e32m1/feopp.v
COQC src/Specific/montgomery32_2e384m2e128m2e96p2e32m1/fesub.v
COQC src/Specific/montgomery32_2e384m317/femul.v
COQC src/Specific/montgomery32_2e384m317/feopp.v
COQC src/Specific/montgomery32_2e384m317/fesub.v
COQC src/Specific/montgomery32_2e384m5x2e368m1/femul.v
COQC src/Specific/montgomery32_2e384m5x2e368m1/feopp.v
COQC src/Specific/montgomery32_2e384m5x2e368m1/fesub.v
COQC src/Specific/montgomery32_2e384m79x2e376m1/femul.v
COQC src/Specific/montgomery32_2e384m79x2e376m1/feopp.v
COQC src/Specific/montgomery32_2e384m79x2e376m1/fesub.v
COQC src/Specific/montgomery32_2e389m21/femul.v
COQC src/Specific/montgomery32_2e389m21/feopp.v
COQC src/Specific/montgomery32_2e389m21/fesub.v
COQC src/Specific/montgomery32_2e401m31/femul.v
COQC src/Specific/montgomery32_2e401m31/feopp.v
COQC src/Specific/montgomery32_2e401m31/fesub.v
COQC src/Specific/montgomery32_2e413m21/femul.v
COQC src/Specific/montgomery32_2e413m21/feopp.v
COQC src/Specific/montgomery32_2e413m21/fesub.v
COQC src/Specific/montgomery32_2e414m17/femul.v
COQC src/Specific/montgomery32_2e414m17/feopp.v
COQC src/Specific/montgomery32_2e414m17/fesub.v
COQC src/Specific/montgomery32_2e416m2e208m1/femul.v
COQC src/Specific/montgomery32_2e416m2e208m1/feopp.v
COQC src/Specific/montgomery32_2e416m2e208m1/fesub.v
COQC src/Specific/montgomery32_2e444m17/femul.v
COQC src/Specific/montgomery32_2e444m17/feopp.v
COQC src/Specific/montgomery32_2e444m17/fesub.v
COQC src/Specific/montgomery32_2e448m2e224m1/femul.v
COQC src/Specific/montgomery32_2e448m2e224m1/feopp.v
COQC src/Specific/montgomery32_2e448m2e224m1/fesub.v
COQC src/Specific/montgomery32_2e450m2e225m1/femul.v
COQC src/Specific/montgomery32_2e450m2e225m1/feopp.v
COQC src/Specific/montgomery32_2e450m2e225m1/fesub.v
COQC src/Specific/montgomery32_2e452m3/femul.v
COQC src/Specific/montgomery32_2e452m3/feopp.v
COQC src/Specific/montgomery32_2e452m3/fesub.v
COQC src/Specific/montgomery32_2e468m17/femul.v
COQC src/Specific/montgomery32_2e468m17/feopp.v
COQC src/Specific/montgomery32_2e468m17/fesub.v
COQC src/Specific/montgomery32_2e480m2e240m1/femul.v
COQC src/Specific/montgomery32_2e480m2e240m1/feopp.v
COQC src/Specific/montgomery32_2e480m2e240m1/fesub.v
COQC src/Specific/montgomery32_2e488m17/femul.v
COQC src/Specific/montgomery32_2e488m17/feopp.v
COQC src/Specific/montgomery32_2e488m17/fesub.v
COQC src/Specific/montgomery32_2e489m21/femul.v
COQC src/Specific/montgomery32_2e489m21/feopp.v
COQC src/Specific/montgomery32_2e489m21/fesub.v
COQC src/Specific/montgomery32_2e495m31/femul.v
COQC src/Specific/montgomery32_2e495m31/feopp.v
COQC src/Specific/montgomery32_2e495m31/fesub.v
COQC src/Specific/montgomery32_2e510m290x2e496m1/femul.v
COQC src/Specific/montgomery32_2e510m290x2e496m1/feopp.v
COQC src/Specific/montgomery32_2e510m290x2e496m1/fesub.v
COQC src/Specific/montgomery32_2e511m187/femul.v
COQC src/Specific/montgomery32_2e511m187/feopp.v
COQC src/Specific/montgomery32_2e511m187/fesub.v
COQC src/Specific/montgomery32_2e511m481/femul.v
COQC src/Specific/montgomery32_2e511m481/feopp.v
COQC src/Specific/montgomery32_2e511m481/fesub.v
COQC src/Specific/montgomery32_2e512m491x2e496m1/femul.v
COQC src/Specific/montgomery32_2e512m491x2e496m1/feopp.v
COQC src/Specific/montgomery32_2e512m491x2e496m1/fesub.v
COQC src/Specific/montgomery32_2e512m569/femul.v
COQC src/Specific/montgomery32_2e512m569/feopp.v
COQC src/Specific/montgomery32_2e512m569/fesub.v
COQC src/Specific/montgomery32_2e521m1/femul.v
COQC src/Specific/montgomery32_2e521m1/feopp.v
COQC src/Specific/montgomery32_2e521m1/fesub.v
COQC src/Specific/montgomery64_2e389m21/femul.v
COQC src/Specific/montgomery64_2e389m21/feopp.v
COQC src/Specific/montgomery64_2e389m21/fesub.v
COQC src/Specific/montgomery64_2e401m31/femul.v
COQC src/Specific/montgomery64_2e401m31/feopp.v
COQC src/Specific/montgomery64_2e401m31/fesub.v
COQC src/Specific/montgomery64_2e413m21/femul.v
COQC src/Specific/montgomery64_2e413m21/feopp.v
COQC src/Specific/montgomery64_2e413m21/fesub.v
COQC src/Specific/montgomery64_2e414m17/femul.v
COQC src/Specific/montgomery64_2e414m17/feopp.v
COQC src/Specific/montgomery64_2e414m17/fesub.v
COQC src/Specific/montgomery64_2e416m2e208m1/femul.v
COQC src/Specific/montgomery64_2e416m2e208m1/feopp.v
COQC src/Specific/montgomery64_2e416m2e208m1/fesub.v
COQC src/Specific/montgomery64_2e444m17/femul.v
COQC src/Specific/montgomery64_2e444m17/feopp.v
COQC src/Specific/montgomery64_2e444m17/fesub.v
COQC src/Specific/montgomery64_2e448m2e224m1/femul.v
COQC src/Specific/montgomery64_2e448m2e224m1/feopp.v
COQC src/Specific/montgomery64_2e448m2e224m1/fesub.v
COQC src/Specific/montgomery64_2e450m2e225m1/femul.v
COQC src/Specific/montgomery64_2e450m2e225m1/feopp.v
COQC src/Specific/montgomery64_2e450m2e225m1/fesub.v
COQC src/Specific/montgomery64_2e452m3/femul.v
COQC src/Specific/montgomery64_2e452m3/feopp.v
COQC src/Specific/montgomery64_2e452m3/fesub.v
COQC src/Specific/montgomery64_2e468m17/femul.v
COQC src/Specific/montgomery64_2e468m17/feopp.v
COQC src/Specific/montgomery64_2e468m17/fesub.v
COQC src/Specific/montgomery64_2e480m2e240m1/femul.v
COQC src/Specific/montgomery64_2e480m2e240m1/feopp.v
COQC src/Specific/montgomery64_2e480m2e240m1/fesub.v
COQC src/Specific/montgomery64_2e488m17/femul.v
COQC src/Specific/montgomery64_2e488m17/feopp.v
COQC src/Specific/montgomery64_2e488m17/fesub.v
COQC src/Specific/montgomery64_2e489m21/femul.v
COQC src/Specific/montgomery64_2e489m21/feopp.v
COQC src/Specific/montgomery64_2e489m21/fesub.v
COQC src/Specific/montgomery64_2e495m31/femul.v
COQC src/Specific/montgomery64_2e495m31/feopp.v
COQC src/Specific/montgomery64_2e495m31/fesub.v
COQC src/Specific/montgomery64_2e510m290x2e496m1/femul.v
COQC src/Specific/montgomery64_2e510m290x2e496m1/feopp.v
COQC src/Specific/montgomery64_2e510m290x2e496m1/fesub.v
COQC src/Specific/montgomery64_2e511m187/femul.v
COQC src/Specific/montgomery64_2e511m187/feopp.v
COQC src/Specific/montgomery64_2e511m187/fesub.v
COQC src/Specific/montgomery64_2e511m481/femul.v
COQC src/Specific/montgomery64_2e511m481/feopp.v
COQC src/Specific/montgomery64_2e511m481/fesub.v
COQC src/Specific/montgomery64_2e512m491x2e496m1/femul.v
COQC src/Specific/montgomery64_2e512m491x2e496m1/feopp.v
COQC src/Specific/montgomery64_2e512m491x2e496m1/fesub.v
COQC src/Specific/montgomery64_2e512m569/femul.v
COQC src/Specific/montgomery64_2e512m569/feopp.v
COQC src/Specific/montgomery64_2e512m569/fesub.v
COQC src/Specific/montgomery64_2e521m1/femul.v
COQC src/Specific/montgomery64_2e521m1/feopp.v
COQC src/Specific/montgomery64_2e521m1/fesub.v
COQC src/Specific/solinas32_2e205m45x2e198m1/femul.v
COQC src/Specific/solinas32_2e205m45x2e198m1/fesquare.v
COQC src/Specific/solinas32_2e224m2e96p1/femul.v
COQC src/Specific/solinas32_2e224m2e96p1/fesquare.v
COQC src/Specific/solinas32_2e224m2e96p1/fesub.v
COQC src/Specific/solinas32_2e254m127x2e240m1/femul.v
COQC src/Specific/solinas32_2e254m127x2e240m1/fesquare.v
COQC src/Specific/solinas32_2e256m2e224p2e192p2e96m1/femul.v
COQC src/Specific/solinas32_2e256m2e224p2e192p2e96m1/fesquare.v
COQC src/Specific/solinas32_2e256m2e224p2e192p2e96m1/fesub.v
COQC src/Specific/solinas32_2e256m88x2e240m1/femul.v
COQC src/Specific/solinas32_2e256m88x2e240m1/fesquare.v
COQC src/Specific/solinas32_2e384m2e128m2e96p2e32m1/femul.v
COQC src/Specific/solinas32_2e384m2e128m2e96p2e32m1/fesquare.v
COQC src/Specific/solinas32_2e384m2e128m2e96p2e32m1/fesub.v
COQC src/Specific/solinas32_2e384m5x2e368m1/femul.v
COQC src/Specific/solinas32_2e384m5x2e368m1/fesquare.v
COQC src/Specific/solinas32_2e384m79x2e376m1/femul.v
COQC src/Specific/solinas32_2e384m79x2e376m1/fesquare.v
COQC src/Specific/solinas32_2e450m2e225m1/femul.v
COQC src/Specific/solinas32_2e450m2e225m1/fesquare.v
COQC src/Specific/solinas32_2e488m17/femul.v
COQC src/Specific/solinas32_2e489m21/femul.v
COQC src/Specific/solinas32_2e489m21/fesquare.v
COQC src/Specific/solinas32_2e510m290x2e496m1/femul.v
COQC src/Specific/solinas32_2e510m290x2e496m1/fesquare.v
COQC src/Specific/solinas32_2e511m187/femul.v
COQC src/Specific/solinas32_2e511m187/fesquare.v
COQC src/Specific/solinas32_2e511m481/feadd.v
COQC src/Specific/solinas32_2e511m481/femul.v
COQC src/Specific/solinas32_2e511m481/fesquare.v
COQC src/Specific/solinas32_2e511m481/fesub.v
COQC src/Specific/solinas32_2e512m491x2e496m1/femul.v
COQC src/Specific/solinas32_2e512m491x2e496m1/fesquare.v
COQC src/Specific/solinas32_2e512m569/femul.v
COQC src/Specific/solinas64_2e205m45x2e198m1/femul.v
COQC src/Specific/solinas64_2e205m45x2e198m1/fesquare.v
COQC src/Specific/solinas64_2e224m2e96p1/femul.v
COQC src/Specific/solinas64_2e224m2e96p1/fesquare.v
COQC src/Specific/solinas64_2e224m2e96p1/fesub.v
COQC src/Specific/solinas64_2e254m127x2e240m1/femul.v
COQC src/Specific/solinas64_2e254m127x2e240m1/fesquare.v
COQC src/Specific/solinas64_2e256m2e224p2e192p2e96m1/femul.v
COQC src/Specific/solinas64_2e256m2e224p2e192p2e96m1/fesquare.v
COQC src/Specific/solinas64_2e256m2e224p2e192p2e96m1/fesub.v
COQC src/Specific/solinas64_2e256m88x2e240m1/femul.v
COQC src/Specific/solinas64_2e256m88x2e240m1/fesquare.v
COQC src/Specific/solinas64_2e322m2e161m1/femul.v
COQC src/Specific/solinas64_2e322m2e161m1/fesquare.v
COQC src/Specific/solinas64_2e384m2e128m2e96p2e32m1/femul.v
COQC src/Specific/solinas64_2e384m2e128m2e96p2e32m1/fesquare.v
COQC src/Specific/solinas64_2e384m2e128m2e96p2e32m1/fesub.v
COQC src/Specific/solinas64_2e384m5x2e368m1/femul.v
COQC src/Specific/solinas64_2e384m5x2e368m1/fesquare.v
COQC src/Specific/solinas64_2e384m79x2e376m1/femul.v
COQC src/Specific/solinas64_2e384m79x2e376m1/fesquare.v
COQC src/Specific/solinas64_2e510m290x2e496m1/femul.v
COQC src/Specific/solinas64_2e510m290x2e496m1/fesquare.v
COQC src/Specific/solinas64_2e512m491x2e496m1/femul.v
COQC src/Specific/solinas64_2e512m491x2e496m1/fesquare.v
COQC src/Specific/X2555/C128/Synthesis.v
