/home/jgross/.local64/coq/coq-8.7+beta2/bin/coq_makefile -f _CoqProject INSTALLDEFAULTROOT = Crypto -o Makefile-old
COQ_MAKEFILE -f _CoqProject > Makefile.coq
make --no-print-directory -C coqprime
ECHO > _CoqProject
make: Nothing to be done for 'src/Specific/X2555/C128/ladderstepDisplay.log'.
make[1]: Nothing to be done for 'all'.
make: 'src/Specific/X25519/C64/Synthesis.vo' is up to date.
make: 'src/Specific/X25519/C32/Synthesis.vo' is up to date.
make: 'src/Specific/X2448/Karatsuba/C64/Synthesis.vo' is up to date.
make: 'src/Specific/NISTP256/AMD128/Synthesis.vo' is up to date.
make: 'src/Specific/NISTP256/AMD64/Synthesis.vo' is up to date.
make: 'src/Specific/montgomery64_2e127m1/Synthesis.vo' is up to date.
make: 'src/Specific/solinas64_2e127m1/Synthesis.vo' is up to date.
make: 'src/Specific/solinas64_2e129m25/Synthesis.vo' is up to date.
make: 'src/Specific/solinas64_2e130m5/Synthesis.vo' is up to date.
make: 'src/Specific/solinas64_2e141m9/Synthesis.vo' is up to date.
make: 'src/Specific/solinas64_2e150m5/Synthesis.vo' is up to date.
make: 'src/Specific/solinas64_2e150m3/Synthesis.vo' is up to date.
make: 'src/Specific/solinas64_2e165m25/Synthesis.vo' is up to date.
make: 'src/Specific/solinas64_2e166m5/Synthesis.vo' is up to date.
make: 'src/Specific/solinas64_2e171m19/Synthesis.vo' is up to date.
make: 'src/Specific/solinas64_2e174m17/Synthesis.vo' is up to date.
make: 'src/Specific/solinas64_2e174m3/Synthesis.vo' is up to date.
make: 'src/Specific/montgomery64_2e129m25/Synthesis.vo' is up to date.
make: 'src/Specific/montgomery64_2e130m5/Synthesis.vo' is up to date.
make: 'src/Specific/montgomery64_2e137m13/Synthesis.vo' is up to date.
make: 'src/Specific/montgomery64_2e140m27/Synthesis.vo' is up to date.
make: 'src/Specific/montgomery64_2e141m9/Synthesis.vo' is up to date.
make: 'src/Specific/montgomery64_2e150m5/Synthesis.vo' is up to date.
make: 'src/Specific/montgomery64_2e150m3/Synthesis.vo' is up to date.
make: 'src/Specific/montgomery64_2e152m17/Synthesis.vo' is up to date.
make: 'src/Specific/montgomery64_2e158m15/Synthesis.vo' is up to date.
make: 'src/Specific/montgomery64_2e165m25/Synthesis.vo' is up to date.
make: 'src/Specific/montgomery64_2e166m5/Synthesis.vo' is up to date.
make: 'src/Specific/montgomery64_2e171m19/Synthesis.vo' is up to date.
make: 'src/Specific/montgomery64_2e174m17/Synthesis.vo' is up to date.
make: 'src/Specific/montgomery64_2e174m3/Synthesis.vo' is up to date.
make: 'src/Specific/montgomery64_2e189m25/Synthesis.vo' is up to date.
make: 'src/Specific/montgomery64_2e190m11/Synthesis.vo' is up to date.
make: 'src/Specific/montgomery64_2e191m19/Synthesis.vo' is up to date.
make: 'src/Specific/montgomery64_2e192m2e64m1/Synthesis.vo' is up to date.
make: 'src/Specific/solinas64_2e137m13/Synthesis.vo' is up to date.
make: 'src/Specific/solinas64_2e140m27/Synthesis.vo' is up to date.
make: 'src/Specific/solinas64_2e152m17/Synthesis.vo' is up to date.
make: 'src/Specific/solinas64_2e158m15/Synthesis.vo' is up to date.
make: 'src/Specific/solinas64_2e189m25/Synthesis.vo' is up to date.
make: 'src/Specific/solinas64_2e190m11/Synthesis.vo' is up to date.
make: 'src/Specific/solinas64_2e194m33/Synthesis.vo' is up to date.
make: 'src/Specific/solinas64_2e196m15/Synthesis.vo' is up to date.
make: 'src/Specific/solinas64_2e198m17/Synthesis.vo' is up to date.
make: 'src/Specific/solinas64_2e206m5/Synthesis.vo' is up to date.
make: 'src/Specific/solinas64_2e212m29/Synthesis.vo' is up to date.
make: 'src/Specific/solinas64_2e213m3/Synthesis.vo' is up to date.
make: 'src/Specific/solinas64_2e221m3/Synthesis.vo' is up to date.
make: 'src/Specific/solinas64_2e222m117/Synthesis.vo' is up to date.
make: 'src/Specific/solinas64_2e226m5/Synthesis.vo' is up to date.
make: 'src/Specific/solinas64_2e230m27/Synthesis.vo' is up to date.
make: 'src/Specific/solinas64_2e192m2e64m1/Synthesis.vo' is up to date.
make: 'src/Specific/solinas64_2e216m2e108m1/Synthesis.vo' is up to date.
make: 'src/Specific/solinas64_2e205m45x2e198m1/Synthesis.vo' is up to date.
make: 'src/Specific/solinas64_2e224m2e96p1/Synthesis.vo' is up to date.
make: 'src/Specific/montgomery32_2e127m1/Synthesis.vo' is up to date.
make: 'src/Specific/montgomery64_2e194m33/Synthesis.vo' is up to date.
make: 'src/Specific/montgomery64_2e196m15/Synthesis.vo' is up to date.
make: 'src/Specific/montgomery64_2e198m17/Synthesis.vo' is up to date.
make: 'src/Specific/montgomery64_2e206m5/Synthesis.vo' is up to date.
make: 'src/Specific/montgomery64_2e212m29/Synthesis.vo' is up to date.
make: 'src/Specific/montgomery64_2e213m3/Synthesis.vo' is up to date.
make: 'src/Specific/montgomery64_2e221m3/Synthesis.vo' is up to date.
make: 'src/Specific/montgomery64_2e222m117/Synthesis.vo' is up to date.
make: 'src/Specific/montgomery64_2e226m5/Synthesis.vo' is up to date.
make: 'src/Specific/montgomery64_2e230m27/Synthesis.vo' is up to date.
make: 'src/Specific/montgomery64_2e235m15/Synthesis.vo' is up to date.
make: 'src/Specific/montgomery64_2e243m9/Synthesis.vo' is up to date.
make: 'src/Specific/montgomery64_2e251m9/Synthesis.vo' is up to date.
make: 'src/Specific/montgomery64_2e255m765/Synthesis.vo' is up to date.
make: 'src/Specific/montgomery64_2e255m19/Synthesis.vo' is up to date.
make: 'src/Specific/montgomery64_2e256m189/Synthesis.vo' is up to date.
make: 'src/Specific/montgomery64_2e216m2e108m1/Synthesis.vo' is up to date.
make: 'src/Specific/montgomery64_2e205m45x2e198m1/Synthesis.vo' is up to date.
make: 'src/Specific/montgomery64_2e224m2e96p1/Synthesis.vo' is up to date.
make: 'src/Specific/montgomery64_2e255m2e4m2e1m1/Synthesis.vo' is up to date.
make: 'src/Specific/montgomery64_2e256m2e224p2e192p2e96m1/Synthesis.vo' is up to date.
make: 'src/Specific/montgomery64_2e256m2e32m977/Synthesis.vo' is up to date.
make: 'src/Specific/montgomery64_2e256m88x2e240m1/Synthesis.vo' is up to date.
make: 'src/Specific/montgomery64_2e254m127x2e240m1/Synthesis.vo' is up to date.
make: 'src/Specific/solinas32_2e130m5/Synthesis.vo' is up to date.
make: 'src/Specific/solinas32_2e150m3/Synthesis.vo' is up to date.
make: 'src/Specific/solinas64_2e191m19/Synthesis.vo' is up to date.
make: 'src/Specific/solinas64_2e235m15/Synthesis.vo' is up to date.
make: 'src/Specific/solinas64_2e251m9/Synthesis.vo' is up to date.
make: 'src/Specific/solinas64_2e255m765/Synthesis.vo' is up to date.
make: 'src/Specific/solinas64_2e255m19/Synthesis.vo' is up to date.
make: 'src/Specific/solinas64_2e256m189/Synthesis.vo' is up to date.
make: 'src/Specific/solinas64_2e266m3/Synthesis.vo' is up to date.
make: 'src/Specific/solinas64_2e285m9/Synthesis.vo' is up to date.
make: 'src/Specific/solinas64_2e291m19/Synthesis.vo' is up to date.
make: 'src/Specific/solinas64_2e255m2e4m2e1m1/Synthesis.vo' is up to date.
make: 'src/Specific/solinas64_2e256m2e224p2e192p2e96m1/Synthesis.vo' is up to date.
make: 'src/Specific/solinas64_2e256m2e32m977/Synthesis.vo' is up to date.
make: 'src/Specific/solinas64_2e256m88x2e240m1/Synthesis.vo' is up to date.
make: 'src/Specific/montgomery32_2e129m25/Synthesis.vo' is up to date.
make: 'src/Specific/montgomery32_2e130m5/Synthesis.vo' is up to date.
make: 'src/Specific/montgomery32_2e137m13/Synthesis.vo' is up to date.
make: 'src/Specific/montgomery32_2e140m27/Synthesis.vo' is up to date.
make: 'src/Specific/montgomery32_2e141m9/Synthesis.vo' is up to date.
make: 'src/Specific/montgomery32_2e150m5/Synthesis.vo' is up to date.
make: 'src/Specific/montgomery32_2e150m3/Synthesis.vo' is up to date.
make: 'src/Specific/montgomery32_2e152m17/Synthesis.vo' is up to date.
make: 'src/Specific/montgomery32_2e158m15/Synthesis.vo' is up to date.
make: 'src/Specific/montgomery64_2e266m3/Synthesis.vo' is up to date.
make: 'src/Specific/montgomery64_2e285m9/Synthesis.vo' is up to date.
make: 'src/Specific/montgomery64_2e291m19/Synthesis.vo' is up to date.
make: 'src/Specific/solinas32_2e127m1/Synthesis.vo' is up to date.
make: 'src/Specific/solinas32_2e129m25/Synthesis.vo' is up to date.
make: 'src/Specific/solinas32_2e140m27/Synthesis.vo' is up to date.
make: 'src/Specific/solinas32_2e141m9/Synthesis.vo' is up to date.
make: 'src/Specific/solinas32_2e150m5/Synthesis.vo' is up to date.
make: 'src/Specific/solinas32_2e152m17/Synthesis.vo' is up to date.
make: 'src/Specific/solinas32_2e158m15/Synthesis.vo' is up to date.
make: 'src/Specific/solinas32_2e174m3/Synthesis.vo' is up to date.
make: 'src/Specific/solinas64_2e243m9/Synthesis.vo' is up to date.
make: 'src/Specific/solinas64_2e321m9/Synthesis.vo' is up to date.
make: 'src/Specific/solinas64_2e336m17/Synthesis.vo' is up to date.
make: 'src/Specific/solinas64_2e336m3/Synthesis.vo' is up to date.
make: 'src/Specific/solinas64_2e338m15/Synthesis.vo' is up to date.
make: 'src/Specific/solinas64_2e254m127x2e240m1/Synthesis.vo' is up to date.
make: 'src/Specific/montgomery32_2e165m25/Synthesis.vo' is up to date.
make: 'src/Specific/montgomery32_2e166m5/Synthesis.vo' is up to date.
make: 'src/Specific/montgomery32_2e171m19/Synthesis.vo' is up to date.
make: 'src/Specific/montgomery32_2e174m17/Synthesis.vo' is up to date.
make: 'src/Specific/montgomery32_2e174m3/Synthesis.vo' is up to date.
make: 'src/Specific/montgomery32_2e189m25/Synthesis.vo' is up to date.
make: 'src/Specific/montgomery32_2e190m11/Synthesis.vo' is up to date.
make: 'src/Specific/montgomery32_2e191m19/Synthesis.vo' is up to date.
make: 'src/Specific/montgomery64_2e321m9/Synthesis.vo' is up to date.
make: 'src/Specific/montgomery64_2e336m17/Synthesis.vo' is up to date.
make: 'src/Specific/montgomery64_2e336m3/Synthesis.vo' is up to date.
make: 'src/Specific/montgomery64_2e338m15/Synthesis.vo' is up to date.
make: 'src/Specific/montgomery64_2e369m25/Synthesis.vo' is up to date.
make: 'src/Specific/montgomery64_2e379m19/Synthesis.vo' is up to date.
make: 'src/Specific/montgomery64_2e382m105/Synthesis.vo' is up to date.
make: 'src/Specific/montgomery64_2e383m421/Synthesis.vo' is up to date.
make: 'src/Specific/montgomery64_2e383m187/Synthesis.vo' is up to date.
make: 'src/Specific/montgomery64_2e383m31/Synthesis.vo' is up to date.
make: 'src/Specific/montgomery64_2e384m317/Synthesis.vo' is up to date.
make: 'src/Specific/montgomery32_2e192m2e64m1/Synthesis.vo' is up to date.
make: 'src/Specific/montgomery64_2e322m2e161m1/Synthesis.vo' is up to date.
make: 'src/Specific/montgomery64_2e384m2e128m2e96p2e32m1/Synthesis.vo' is up to date.
make: 'src/Specific/montgomery64_2e384m79x2e376m1/Synthesis.vo' is up to date.
make: 'src/Specific/montgomery64_2e384m5x2e368m1/Synthesis.vo' is up to date.
make: 'src/Specific/solinas32_2e189m25/Synthesis.vo' is up to date.
make: 'src/Specific/solinas32_2e190m11/Synthesis.vo' is up to date.
make: 'src/Specific/solinas32_2e196m15/Synthesis.vo' is up to date.
make: 'src/Specific/solinas64_2e379m19/Synthesis.vo' is up to date.
make: 'src/Specific/solinas64_2e413m21/Synthesis.vo' is up to date.
make: 'src/Specific/solinas64_2e322m2e161m1/Synthesis.vo' is up to date.
make: 'src/Specific/montgomery32_2e194m33/Synthesis.vo' is up to date.
make: 'src/Specific/montgomery32_2e196m15/Synthesis.vo' is up to date.
make: 'src/Specific/montgomery32_2e198m17/Synthesis.vo' is up to date.
make: 'src/Specific/montgomery32_2e206m5/Synthesis.vo' is up to date.
make: 'src/Specific/montgomery32_2e212m29/Synthesis.vo' is up to date.
make: 'src/Specific/montgomery32_2e213m3/Synthesis.vo' is up to date.
make: 'src/Specific/montgomery32_2e221m3/Synthesis.vo' is up to date.
make: 'src/Specific/montgomery32_2e222m117/Synthesis.vo' is up to date.
make: 'src/Specific/montgomery64_2e389m21/Synthesis.vo' is up to date.
make: 'src/Specific/montgomery64_2e401m31/Synthesis.vo' is up to date.
make: 'src/Specific/montgomery64_2e413m21/Synthesis.vo' is up to date.
make: 'src/Specific/montgomery64_2e414m17/Synthesis.vo' is up to date.
make: 'src/Specific/montgomery64_2e444m17/Synthesis.vo' is up to date.
make: 'src/Specific/montgomery32_2e216m2e108m1/Synthesis.vo' is up to date.
make: 'src/Specific/montgomery64_2e416m2e208m1/Synthesis.vo' is up to date.
make: 'src/Specific/montgomery64_2e448m2e224m1/Synthesis.vo' is up to date.
make: 'src/Specific/montgomery32_2e205m45x2e198m1/Synthesis.vo' is up to date.
make: 'src/Specific/montgomery32_2e224m2e96p1/Synthesis.vo' is up to date.
make: 'src/Specific/solinas32_2e137m13/Synthesis.vo' is up to date.
make: 'src/Specific/solinas32_2e194m33/Synthesis.vo' is up to date.
make: 'src/Specific/solinas32_2e212m29/Synthesis.vo' is up to date.
make: 'src/Specific/solinas32_2e226m5/Synthesis.vo' is up to date.
make: 'src/Specific/solinas64_2e369m25/Synthesis.vo' is up to date.
make: 'src/Specific/solinas64_2e384m317/Synthesis.vo' is up to date.
make: 'src/Specific/solinas64_2e401m31/Synthesis.vo' is up to date.
make: 'src/Specific/solinas64_2e444m17/Synthesis.vo' is up to date.
make: 'src/Specific/solinas64_2e452m3/Synthesis.vo' is up to date.
make: 'src/Specific/solinas64_2e468m17/Synthesis.vo' is up to date.
make: 'src/Specific/solinas32_2e192m2e64m1/Synthesis.vo' is up to date.
make: 'src/Specific/solinas32_2e216m2e108m1/Synthesis.vo' is up to date.
make: 'src/Specific/solinas64_2e416m2e208m1/Synthesis.vo' is up to date.
make: 'src/Specific/solinas64_2e448m2e224m1/Synthesis.vo' is up to date.
make: 'src/Specific/solinas64_2e450m2e225m1/Synthesis.vo' is up to date.
make: 'src/Specific/solinas64_2e480m2e240m1/Synthesis.vo' is up to date.
make: 'src/Specific/solinas32_2e224m2e96p1/Synthesis.vo' is up to date.
make: 'src/Specific/solinas64_2e384m2e128m2e96p2e32m1/Synthesis.vo' is up to date.
make: 'src/Specific/solinas64_2e384m79x2e376m1/Synthesis.vo' is up to date.
make: 'src/Specific/solinas64_2e384m5x2e368m1/Synthesis.vo' is up to date.
make: 'src/Specific/montgomery32_2e226m5/Synthesis.vo' is up to date.
make: 'src/Specific/montgomery32_2e230m27/Synthesis.vo' is up to date.
make: 'src/Specific/montgomery32_2e235m15/Synthesis.vo' is up to date.
make: 'src/Specific/montgomery32_2e243m9/Synthesis.vo' is up to date.
make: 'src/Specific/montgomery32_2e251m9/Synthesis.vo' is up to date.
make: 'src/Specific/montgomery32_2e255m765/Synthesis.vo' is up to date.
make: 'src/Specific/montgomery32_2e255m19/Synthesis.vo' is up to date.
make: 'src/Specific/montgomery32_2e256m189/Synthesis.vo' is up to date.
make: 'src/Specific/montgomery64_2e452m3/Synthesis.vo' is up to date.
make: 'src/Specific/montgomery64_2e468m17/Synthesis.vo' is up to date.
make: 'src/Specific/montgomery64_2e488m17/Synthesis.vo' is up to date.
make: 'src/Specific/montgomery64_2e489m21/Synthesis.vo' is up to date.
make: 'src/Specific/montgomery64_2e495m31/Synthesis.vo' is up to date.
COQC src/Specific/X2555/C128/Synthesis.v
make: 'src/Specific/montgomery64_2e511m481/Synthesis.vo' is up to date.
make: 'src/Specific/montgomery64_2e511m187/Synthesis.vo' is up to date.
make: 'src/Specific/montgomery64_2e512m569/Synthesis.vo' is up to date.
make: 'src/Specific/montgomery64_2e450m2e225m1/Synthesis.vo' is up to date.
make: 'src/Specific/montgomery64_2e480m2e240m1/Synthesis.vo' is up to date.
make: 'src/Specific/montgomery32_2e255m2e4m2e1m1/Synthesis.vo' is up to date.
make: 'src/Specific/montgomery32_2e256m2e224p2e192p2e96m1/Synthesis.vo' is up to date.
make: 'src/Specific/montgomery32_2e256m2e32m977/Synthesis.vo' is up to date.
make: 'src/Specific/montgomery32_2e256m88x2e240m1/Synthesis.vo' is up to date.
make: 'src/Specific/montgomery32_2e254m127x2e240m1/Synthesis.vo' is up to date.
make: 'src/Specific/montgomery64_2e512m491x2e496m1/Synthesis.vo' is up to date.
make: 'src/Specific/montgomery64_2e510m290x2e496m1/Synthesis.vo' is up to date.
make: 'src/Specific/solinas32_2e165m25/Synthesis.vo' is up to date.
make: 'src/Specific/solinas32_2e171m19/Synthesis.vo' is up to date.
make: 'src/Specific/solinas32_2e174m17/Synthesis.vo' is up to date.
make: 'src/Specific/solinas32_2e198m17/Synthesis.vo' is up to date.
make: 'src/Specific/solinas32_2e235m15/Synthesis.vo' is up to date.
make: 'src/Specific/solinas32_2e243m9/Synthesis.vo' is up to date.
make: 'src/Specific/solinas64_2e414m17/Synthesis.vo' is up to date.
make: 'src/Specific/solinas64_2e489m21/Synthesis.vo' is up to date.
make: 'src/Specific/solinas64_2e495m31/Synthesis.vo' is up to date.
make: 'src/Specific/solinas32_2e255m2e4m2e1m1/Synthesis.vo' is up to date.
make: 'src/Specific/montgomery32_2e266m3/Synthesis.vo' is up to date.
make: 'src/Specific/montgomery32_2e285m9/Synthesis.vo' is up to date.
make: 'src/Specific/montgomery64_2e521m1/Synthesis.vo' is up to date.
make: 'src/Specific/solinas32_2e191m19/Synthesis.vo' is up to date.
make: 'src/Specific/solinas32_2e221m3/Synthesis.vo' is up to date.
make: 'src/Specific/solinas32_2e222m117/Synthesis.vo' is up to date.
make: 'src/Specific/solinas32_2e230m27/Synthesis.vo' is up to date.
make: 'src/Specific/solinas32_2e251m9/Synthesis.vo' is up to date.
make: 'src/Specific/solinas32_2e255m19/Synthesis.vo' is up to date.
make: 'src/Specific/solinas64_2e382m105/Synthesis.vo' is up to date.
make: 'src/Specific/solinas64_2e511m481/Synthesis.vo' is up to date.
make: 'src/Specific/solinas64_2e511m187/Synthesis.vo' is up to date.
make: 'src/Specific/solinas64_2e512m569/Synthesis.vo' is up to date.
make: 'src/Specific/solinas64_2e521m1/Synthesis.vo' is up to date.
make: 'src/Specific/solinas32_2e205m45x2e198m1/Synthesis.vo' is up to date.
make: 'src/Specific/solinas64_2e512m491x2e496m1/Synthesis.vo' is up to date.
make: 'src/Specific/solinas64_2e510m290x2e496m1/Synthesis.vo' is up to date.
make: 'src/Specific/montgomery32_2e291m19/Synthesis.vo' is up to date.
make: 'src/Specific/solinas32_2e166m5/Synthesis.vo' is up to date.
make: 'src/Specific/solinas32_2e254m127x2e240m1/Synthesis.vo' is up to date.
make: 'src/Specific/montgomery32_2e321m9/Synthesis.vo' is up to date.
make: 'src/Specific/montgomery32_2e336m17/Synthesis.vo' is up to date.
make: 'src/Specific/montgomery32_2e336m3/Synthesis.vo' is up to date.
make: 'src/Specific/montgomery32_2e338m15/Synthesis.vo' is up to date.
make: 'src/Specific/montgomery32_2e322m2e161m1/Synthesis.vo' is up to date.
make: 'src/Specific/solinas32_2e206m5/Synthesis.vo' is up to date.
make: 'src/Specific/solinas32_2e255m765/Synthesis.vo' is up to date.
make: 'src/Specific/solinas32_2e256m189/Synthesis.vo' is up to date.
make: 'src/Specific/solinas32_2e266m3/Synthesis.vo' is up to date.
make: 'src/Specific/solinas32_2e291m19/Synthesis.vo' is up to date.
make: 'src/Specific/solinas32_2e336m3/Synthesis.vo' is up to date.
make: 'src/Specific/solinas32_2e256m2e224p2e192p2e96m1/Synthesis.vo' is up to date.
make: 'src/Specific/solinas32_2e256m2e32m977/Synthesis.vo' is up to date.
make: 'src/Specific/solinas32_2e256m88x2e240m1/Synthesis.vo' is up to date.
make: 'src/Specific/montgomery32_2e369m25/Synthesis.vo' is up to date.
make: 'src/Specific/montgomery32_2e379m19/Synthesis.vo' is up to date.
make: 'src/Specific/montgomery32_2e382m105/Synthesis.vo' is up to date.
make: 'src/Specific/montgomery32_2e383m421/Synthesis.vo' is up to date.
make: 'src/Specific/montgomery32_2e383m187/Synthesis.vo' is up to date.
make: 'src/Specific/montgomery32_2e383m31/Synthesis.vo' is up to date.
make: 'src/Specific/montgomery32_2e384m317/Synthesis.vo' is up to date.
make: 'src/Specific/montgomery32_2e384m2e128m2e96p2e32m1/Synthesis.vo' is up to date.
make: 'src/Specific/montgomery32_2e384m79x2e376m1/Synthesis.vo' is up to date.
make: 'src/Specific/montgomery32_2e384m5x2e368m1/Synthesis.vo' is up to date.
make: 'src/Specific/solinas32_2e338m15/Synthesis.vo' is up to date.
make: 'src/Specific/montgomery32_2e389m21/Synthesis.vo' is up to date.
make: 'src/Specific/montgomery32_2e401m31/Synthesis.vo' is up to date.
make: 'src/Specific/montgomery32_2e413m21/Synthesis.vo' is up to date.
make: 'src/Specific/montgomery32_2e414m17/Synthesis.vo' is up to date.
make: 'src/Specific/montgomery32_2e416m2e208m1/Synthesis.vo' is up to date.
make: 'src/Specific/solinas32_2e336m17/Synthesis.vo' is up to date.
make: 'src/Specific/solinas32_2e322m2e161m1/Synthesis.vo' is up to date.
make: 'src/Specific/montgomery32_2e444m17/Synthesis.vo' is up to date.
make: 'src/Specific/montgomery32_2e448m2e224m1/Synthesis.vo' is up to date.
make: 'src/Specific/solinas32_2e213m3/Synthesis.vo' is up to date.
make: 'src/Specific/solinas32_2e285m9/Synthesis.vo' is up to date.
make: 'src/Specific/solinas32_2e450m2e225m1/Synthesis.vo' is up to date.
make: 'src/Specific/montgomery32_2e452m3/Synthesis.vo' is up to date.
make: 'src/Specific/montgomery32_2e468m17/Synthesis.vo' is up to date.
make: 'src/Specific/montgomery32_2e450m2e225m1/Synthesis.vo' is up to date.
make: 'src/Specific/montgomery32_2e480m2e240m1/Synthesis.vo' is up to date.
make: 'src/Specific/solinas32_2e321m9/Synthesis.vo' is up to date.
make: 'src/Specific/solinas32_2e369m25/Synthesis.vo' is up to date.
make: 'src/Specific/solinas32_2e401m31/Synthesis.vo' is up to date.
make: 'src/Specific/solinas32_2e452m3/Synthesis.vo' is up to date.
make: 'src/Specific/solinas64_2e488m17/Synthesis.vo' is up to date.
make: 'src/Specific/solinas32_2e416m2e208m1/Synthesis.vo' is up to date.
make: 'src/Specific/solinas32_2e448m2e224m1/Synthesis.vo' is up to date.
make: 'src/Specific/solinas32_2e480m2e240m1/Synthesis.vo' is up to date.
make: 'src/Specific/solinas32_2e384m2e128m2e96p2e32m1/Synthesis.vo' is up to date.
make: 'src/Specific/solinas32_2e384m79x2e376m1/Synthesis.vo' is up to date.
make: 'src/Specific/solinas32_2e384m5x2e368m1/Synthesis.vo' is up to date.
make: 'src/Specific/montgomery32_2e488m17/Synthesis.vo' is up to date.
make: 'src/Specific/montgomery32_2e489m21/Synthesis.vo' is up to date.
make: 'src/Specific/montgomery32_2e495m31/Synthesis.vo' is up to date.
make: 'src/Specific/montgomery32_2e511m481/Synthesis.vo' is up to date.
make: 'src/Specific/montgomery32_2e511m187/Synthesis.vo' is up to date.
make: 'src/Specific/montgomery32_2e512m569/Synthesis.vo' is up to date.
make: 'src/Specific/montgomery32_2e512m491x2e496m1/Synthesis.vo' is up to date.
make: 'src/Specific/montgomery32_2e510m290x2e496m1/Synthesis.vo' is up to date.
make: 'src/Specific/montgomery32_2e521m1/Synthesis.vo' is up to date.
make: 'src/Specific/solinas32_2e379m19/Synthesis.vo' is up to date.
make: 'src/Specific/solinas32_2e384m317/Synthesis.vo' is up to date.
make: 'src/Specific/solinas32_2e414m17/Synthesis.vo' is up to date.
make: 'src/Specific/solinas32_2e468m17/Synthesis.vo' is up to date.
make: 'src/Specific/solinas32_2e495m31/Synthesis.vo' is up to date.
make: 'src/Specific/solinas32_2e382m105/Synthesis.vo' is up to date.
make: 'src/Specific/solinas32_2e444m17/Synthesis.vo' is up to date.
make: 'src/Specific/solinas32_2e521m1/Synthesis.vo' is up to date.
make: 'src/Specific/solinas32_2e488m17/Synthesis.vo' is up to date.
make: 'src/Specific/solinas32_2e512m569/Synthesis.vo' is up to date.
make: 'src/Specific/solinas32_2e512m491x2e496m1/Synthesis.vo' is up to date.
make: 'src/Specific/solinas32_2e510m290x2e496m1/Synthesis.vo' is up to date.
make: 'src/Specific/solinas32_2e489m21/Synthesis.vo' is up to date.
make: 'src/Specific/solinas32_2e511m481/Synthesis.vo' is up to date.
make: 'src/Specific/solinas32_2e511m187/Synthesis.vo' is up to date.
make: 'src/Specific/X25519/C64/fesquareDisplay.log' is up to date.
make: 'src/Specific/X25519/C64/fecarryDisplay.log' is up to date.
make: 'src/Specific/X25519/C64/ladderstepDisplay.log' is up to date.
make: 'src/Specific/X25519/C64/freezeDisplay.log' is up to date.
make: 'src/Specific/X25519/C64/femulDisplay.log' is up to date.
make: 'src/Specific/X25519/C64/feaddDisplay.log' is up to date.
make: 'src/Specific/X25519/C64/fesubDisplay.log' is up to date.
make: 'src/Specific/X25519/C32/fesquareDisplay.log' is up to date.
make: 'src/Specific/X25519/C32/fecarryDisplay.log' is up to date.
make: 'src/Specific/X25519/C32/freezeDisplay.log' is up to date.
make: 'src/Specific/X25519/C32/femulDisplay.log' is up to date.
make: 'src/Specific/X25519/C32/feaddDisplay.log' is up to date.
make: 'src/Specific/X25519/C32/fesubDisplay.log' is up to date.
make: 'src/Specific/X2448/Karatsuba/C64/femulDisplay.log' is up to date.
make: 'src/Specific/NISTP256/AMD128/fenzDisplay.log' is up to date.
make: 'src/Specific/NISTP256/AMD128/femulDisplay.log' is up to date.
make: 'src/Specific/NISTP256/AMD128/feaddDisplay.log' is up to date.
make: 'src/Specific/NISTP256/AMD128/feoppDisplay.log' is up to date.
make: 'src/Specific/NISTP256/AMD128/fesubDisplay.log' is up to date.
make: 'src/Specific/NISTP256/AMD64/fenzDisplay.log' is up to date.
make: 'src/Specific/NISTP256/AMD64/femulDisplay.log' is up to date.
make: 'src/Specific/NISTP256/AMD64/feaddDisplay.log' is up to date.
make: 'src/Specific/NISTP256/AMD64/feoppDisplay.log' is up to date.
make: 'src/Specific/NISTP256/AMD64/fesubDisplay.log' is up to date.
make: 'src/Specific/montgomery64_2e127m1/fenzDisplay.log' is up to date.
make: 'src/Specific/montgomery64_2e127m1/femulDisplay.log' is up to date.
make: 'src/Specific/montgomery64_2e127m1/feaddDisplay.log' is up to date.
make: 'src/Specific/montgomery64_2e127m1/feoppDisplay.log' is up to date.
make: 'src/Specific/montgomery64_2e127m1/fesubDisplay.log' is up to date.
make: 'src/Specific/solinas64_2e127m1/fesquareDisplay.log' is up to date.
make: 'src/Specific/solinas64_2e127m1/freezeDisplay.log' is up to date.
make: 'src/Specific/solinas64_2e127m1/femulDisplay.log' is up to date.
make: 'src/Specific/solinas64_2e129m25/fesquareDisplay.log' is up to date.
make: 'src/Specific/solinas64_2e129m25/freezeDisplay.log' is up to date.
make: 'src/Specific/solinas64_2e129m25/femulDisplay.log' is up to date.
make: 'src/Specific/solinas64_2e130m5/fesquareDisplay.log' is up to date.
make: 'src/Specific/solinas64_2e130m5/freezeDisplay.log' is up to date.
make: 'src/Specific/solinas64_2e130m5/femulDisplay.log' is up to date.
make: 'src/Specific/solinas64_2e141m9/fesquareDisplay.log' is up to date.
make: 'src/Specific/solinas64_2e141m9/freezeDisplay.log' is up to date.
make: 'src/Specific/solinas64_2e141m9/femulDisplay.log' is up to date.
make: 'src/Specific/solinas64_2e150m5/fesquareDisplay.log' is up to date.
make: 'src/Specific/solinas64_2e150m5/freezeDisplay.log' is up to date.
make: 'src/Specific/solinas64_2e150m5/femulDisplay.log' is up to date.
make: 'src/Specific/solinas64_2e150m3/fesquareDisplay.log' is up to date.
make: 'src/Specific/solinas64_2e150m3/freezeDisplay.log' is up to date.
make: 'src/Specific/solinas64_2e150m3/femulDisplay.log' is up to date.
make: 'src/Specific/solinas64_2e165m25/fesquareDisplay.log' is up to date.
make: 'src/Specific/solinas64_2e165m25/freezeDisplay.log' is up to date.
make: 'src/Specific/solinas64_2e165m25/femulDisplay.log' is up to date.
make: 'src/Specific/solinas64_2e166m5/fesquareDisplay.log' is up to date.
make: 'src/Specific/solinas64_2e166m5/freezeDisplay.log' is up to date.
make: 'src/Specific/solinas64_2e166m5/femulDisplay.log' is up to date.
make: 'src/Specific/solinas64_2e171m19/fesquareDisplay.log' is up to date.
make: 'src/Specific/solinas64_2e171m19/freezeDisplay.log' is up to date.
make: 'src/Specific/solinas64_2e171m19/femulDisplay.log' is up to date.
make: 'src/Specific/solinas64_2e174m17/fesquareDisplay.log' is up to date.
make: 'src/Specific/solinas64_2e174m17/freezeDisplay.log' is up to date.
make: 'src/Specific/solinas64_2e174m17/femulDisplay.log' is up to date.
make: 'src/Specific/solinas64_2e174m3/fesquareDisplay.log' is up to date.
make: 'src/Specific/solinas64_2e174m3/freezeDisplay.log' is up to date.
make: 'src/Specific/solinas64_2e174m3/femulDisplay.log' is up to date.
make: 'src/Specific/montgomery64_2e129m25/fenzDisplay.log' is up to date.
make: 'src/Specific/montgomery64_2e129m25/femulDisplay.log' is up to date.
make: 'src/Specific/montgomery64_2e129m25/feaddDisplay.log' is up to date.
make: 'src/Specific/montgomery64_2e129m25/feoppDisplay.log' is up to date.
make: 'src/Specific/montgomery64_2e129m25/fesubDisplay.log' is up to date.
make: 'src/Specific/montgomery64_2e130m5/fenzDisplay.log' is up to date.
make: 'src/Specific/montgomery64_2e130m5/femulDisplay.log' is up to date.
make: 'src/Specific/montgomery64_2e130m5/feaddDisplay.log' is up to date.
make: 'src/Specific/montgomery64_2e130m5/feoppDisplay.log' is up to date.
make: 'src/Specific/montgomery64_2e130m5/fesubDisplay.log' is up to date.
make: 'src/Specific/montgomery64_2e137m13/fenzDisplay.log' is up to date.
make: 'src/Specific/montgomery64_2e137m13/femulDisplay.log' is up to date.
make: 'src/Specific/montgomery64_2e137m13/feaddDisplay.log' is up to date.
make: 'src/Specific/montgomery64_2e137m13/feoppDisplay.log' is up to date.
make: 'src/Specific/montgomery64_2e137m13/fesubDisplay.log' is up to date.
make: 'src/Specific/montgomery64_2e140m27/fenzDisplay.log' is up to date.
make: 'src/Specific/montgomery64_2e140m27/femulDisplay.log' is up to date.
make: 'src/Specific/montgomery64_2e140m27/feaddDisplay.log' is up to date.
make: 'src/Specific/montgomery64_2e140m27/feoppDisplay.log' is up to date.
make: 'src/Specific/montgomery64_2e140m27/fesubDisplay.log' is up to date.
make: 'src/Specific/montgomery64_2e141m9/fenzDisplay.log' is up to date.
make: 'src/Specific/montgomery64_2e141m9/femulDisplay.log' is up to date.
make: 'src/Specific/montgomery64_2e141m9/feaddDisplay.log' is up to date.
make: 'src/Specific/montgomery64_2e141m9/feoppDisplay.log' is up to date.
make: 'src/Specific/montgomery64_2e141m9/fesubDisplay.log' is up to date.
make: 'src/Specific/montgomery64_2e150m5/fenzDisplay.log' is up to date.
make: 'src/Specific/montgomery64_2e150m5/femulDisplay.log' is up to date.
make: 'src/Specific/montgomery64_2e150m5/feaddDisplay.log' is up to date.
make: 'src/Specific/montgomery64_2e150m5/feoppDisplay.log' is up to date.
make: 'src/Specific/montgomery64_2e150m5/fesubDisplay.log' is up to date.
make: 'src/Specific/montgomery64_2e150m3/fenzDisplay.log' is up to date.
make: 'src/Specific/montgomery64_2e150m3/femulDisplay.log' is up to date.
make: 'src/Specific/montgomery64_2e150m3/feaddDisplay.log' is up to date.
make: 'src/Specific/montgomery64_2e150m3/feoppDisplay.log' is up to date.
make: 'src/Specific/montgomery64_2e150m3/fesubDisplay.log' is up to date.
make: 'src/Specific/montgomery64_2e152m17/fenzDisplay.log' is up to date.
make: 'src/Specific/montgomery64_2e152m17/femulDisplay.log' is up to date.
make: 'src/Specific/montgomery64_2e152m17/feaddDisplay.log' is up to date.
make: 'src/Specific/montgomery64_2e152m17/feoppDisplay.log' is up to date.
make: 'src/Specific/montgomery64_2e152m17/fesubDisplay.log' is up to date.
make: 'src/Specific/montgomery64_2e158m15/fenzDisplay.log' is up to date.
make: 'src/Specific/montgomery64_2e158m15/femulDisplay.log' is up to date.
make: 'src/Specific/montgomery64_2e158m15/feaddDisplay.log' is up to date.
make: 'src/Specific/montgomery64_2e158m15/feoppDisplay.log' is up to date.
make: 'src/Specific/montgomery64_2e158m15/fesubDisplay.log' is up to date.
make: 'src/Specific/montgomery64_2e165m25/fenzDisplay.log' is up to date.
make: 'src/Specific/montgomery64_2e165m25/femulDisplay.log' is up to date.
make: 'src/Specific/montgomery64_2e165m25/feaddDisplay.log' is up to date.
make: 'src/Specific/montgomery64_2e165m25/feoppDisplay.log' is up to date.
make: 'src/Specific/montgomery64_2e165m25/fesubDisplay.log' is up to date.
make: 'src/Specific/montgomery64_2e166m5/fenzDisplay.log' is up to date.
make: 'src/Specific/montgomery64_2e166m5/femulDisplay.log' is up to date.
make: 'src/Specific/montgomery64_2e166m5/feaddDisplay.log' is up to date.
make: 'src/Specific/montgomery64_2e166m5/feoppDisplay.log' is up to date.
make: 'src/Specific/montgomery64_2e166m5/fesubDisplay.log' is up to date.
make: 'src/Specific/montgomery64_2e171m19/fenzDisplay.log' is up to date.
make: 'src/Specific/montgomery64_2e171m19/femulDisplay.log' is up to date.
make: 'src/Specific/montgomery64_2e171m19/feaddDisplay.log' is up to date.
make: 'src/Specific/montgomery64_2e171m19/feoppDisplay.log' is up to date.
make: 'src/Specific/montgomery64_2e171m19/fesubDisplay.log' is up to date.
make: 'src/Specific/montgomery64_2e174m17/fenzDisplay.log' is up to date.
make: 'src/Specific/montgomery64_2e174m17/femulDisplay.log' is up to date.
make: 'src/Specific/montgomery64_2e174m17/feaddDisplay.log' is up to date.
make: 'src/Specific/montgomery64_2e174m17/feoppDisplay.log' is up to date.
make: 'src/Specific/montgomery64_2e174m17/fesubDisplay.log' is up to date.
make: 'src/Specific/montgomery64_2e174m3/fenzDisplay.log' is up to date.
make: 'src/Specific/montgomery64_2e174m3/femulDisplay.log' is up to date.
make: 'src/Specific/montgomery64_2e174m3/feaddDisplay.log' is up to date.
make: 'src/Specific/montgomery64_2e174m3/feoppDisplay.log' is up to date.
make: 'src/Specific/montgomery64_2e174m3/fesubDisplay.log' is up to date.
make: 'src/Specific/montgomery64_2e189m25/fenzDisplay.log' is up to date.
make: 'src/Specific/montgomery64_2e189m25/femulDisplay.log' is up to date.
make: 'src/Specific/montgomery64_2e189m25/feaddDisplay.log' is up to date.
make: 'src/Specific/montgomery64_2e189m25/feoppDisplay.log' is up to date.
make: 'src/Specific/montgomery64_2e189m25/fesubDisplay.log' is up to date.
make: 'src/Specific/montgomery64_2e190m11/fenzDisplay.log' is up to date.
make: 'src/Specific/montgomery64_2e190m11/femulDisplay.log' is up to date.
make: 'src/Specific/montgomery64_2e190m11/feaddDisplay.log' is up to date.
make: 'src/Specific/montgomery64_2e190m11/feoppDisplay.log' is up to date.
make: 'src/Specific/montgomery64_2e190m11/fesubDisplay.log' is up to date.
make: 'src/Specific/montgomery64_2e191m19/fenzDisplay.log' is up to date.
make: 'src/Specific/montgomery64_2e191m19/femulDisplay.log' is up to date.
make: 'src/Specific/montgomery64_2e191m19/feaddDisplay.log' is up to date.
make: 'src/Specific/montgomery64_2e191m19/feoppDisplay.log' is up to date.
make: 'src/Specific/montgomery64_2e191m19/fesubDisplay.log' is up to date.
make: 'src/Specific/montgomery64_2e192m2e64m1/fenzDisplay.log' is up to date.
make: 'src/Specific/montgomery64_2e192m2e64m1/femulDisplay.log' is up to date.
make: 'src/Specific/montgomery64_2e192m2e64m1/feaddDisplay.log' is up to date.
make: 'src/Specific/montgomery64_2e192m2e64m1/feoppDisplay.log' is up to date.
make: 'src/Specific/montgomery64_2e192m2e64m1/fesubDisplay.log' is up to date.
make: 'src/Specific/solinas64_2e137m13/fesquareDisplay.log' is up to date.
make: 'src/Specific/solinas64_2e137m13/freezeDisplay.log' is up to date.
make: 'src/Specific/solinas64_2e137m13/femulDisplay.log' is up to date.
make: 'src/Specific/solinas64_2e140m27/fesquareDisplay.log' is up to date.
make: 'src/Specific/solinas64_2e140m27/freezeDisplay.log' is up to date.
make: 'src/Specific/solinas64_2e140m27/femulDisplay.log' is up to date.
make: 'src/Specific/solinas64_2e152m17/fesquareDisplay.log' is up to date.
make: 'src/Specific/solinas64_2e152m17/freezeDisplay.log' is up to date.
make: 'src/Specific/solinas64_2e152m17/femulDisplay.log' is up to date.
make: 'src/Specific/solinas64_2e158m15/fesquareDisplay.log' is up to date.
make: 'src/Specific/solinas64_2e158m15/freezeDisplay.log' is up to date.
make: 'src/Specific/solinas64_2e158m15/femulDisplay.log' is up to date.
make: 'src/Specific/solinas64_2e189m25/fesquareDisplay.log' is up to date.
make: 'src/Specific/solinas64_2e189m25/freezeDisplay.log' is up to date.
make: 'src/Specific/solinas64_2e189m25/femulDisplay.log' is up to date.
make: 'src/Specific/solinas64_2e190m11/fesquareDisplay.log' is up to date.
make: 'src/Specific/solinas64_2e190m11/freezeDisplay.log' is up to date.
make: 'src/Specific/solinas64_2e190m11/femulDisplay.log' is up to date.
make: 'src/Specific/solinas64_2e194m33/fesquareDisplay.log' is up to date.
make: 'src/Specific/solinas64_2e194m33/freezeDisplay.log' is up to date.
make: 'src/Specific/solinas64_2e194m33/femulDisplay.log' is up to date.
make: 'src/Specific/solinas64_2e196m15/fesquareDisplay.log' is up to date.
make: 'src/Specific/solinas64_2e196m15/freezeDisplay.log' is up to date.
make: 'src/Specific/solinas64_2e196m15/femulDisplay.log' is up to date.
make: 'src/Specific/solinas64_2e198m17/fesquareDisplay.log' is up to date.
make: 'src/Specific/solinas64_2e198m17/freezeDisplay.log' is up to date.
make: 'src/Specific/solinas64_2e198m17/femulDisplay.log' is up to date.
make: 'src/Specific/solinas64_2e206m5/fesquareDisplay.log' is up to date.
make: 'src/Specific/solinas64_2e206m5/freezeDisplay.log' is up to date.
make: 'src/Specific/solinas64_2e206m5/femulDisplay.log' is up to date.
make: 'src/Specific/solinas64_2e212m29/fesquareDisplay.log' is up to date.
make: 'src/Specific/solinas64_2e212m29/freezeDisplay.log' is up to date.
make: 'src/Specific/solinas64_2e212m29/femulDisplay.log' is up to date.
make: 'src/Specific/solinas64_2e213m3/fesquareDisplay.log' is up to date.
make: 'src/Specific/solinas64_2e213m3/freezeDisplay.log' is up to date.
make: 'src/Specific/solinas64_2e213m3/femulDisplay.log' is up to date.
make: 'src/Specific/solinas64_2e221m3/fesquareDisplay.log' is up to date.
make: 'src/Specific/solinas64_2e221m3/freezeDisplay.log' is up to date.
make: 'src/Specific/solinas64_2e221m3/femulDisplay.log' is up to date.
make: 'src/Specific/solinas64_2e222m117/fesquareDisplay.log' is up to date.
make: 'src/Specific/solinas64_2e222m117/freezeDisplay.log' is up to date.
make: 'src/Specific/solinas64_2e222m117/femulDisplay.log' is up to date.
make: 'src/Specific/solinas64_2e226m5/fesquareDisplay.log' is up to date.
make: 'src/Specific/solinas64_2e226m5/freezeDisplay.log' is up to date.
make: 'src/Specific/solinas64_2e226m5/femulDisplay.log' is up to date.
make: 'src/Specific/solinas64_2e230m27/fesquareDisplay.log' is up to date.
make: 'src/Specific/solinas64_2e230m27/freezeDisplay.log' is up to date.
make: 'src/Specific/solinas64_2e230m27/femulDisplay.log' is up to date.
make: 'src/Specific/solinas64_2e192m2e64m1/fesquareDisplay.log' is up to date.
make: 'src/Specific/solinas64_2e192m2e64m1/freezeDisplay.log' is up to date.
make: 'src/Specific/solinas64_2e192m2e64m1/femulDisplay.log' is up to date.
make: 'src/Specific/solinas64_2e216m2e108m1/fesquareDisplay.log' is up to date.
make: 'src/Specific/solinas64_2e216m2e108m1/freezeDisplay.log' is up to date.
make: 'src/Specific/solinas64_2e216m2e108m1/femulDisplay.log' is up to date.
make: 'src/Specific/solinas64_2e205m45x2e198m1/freezeDisplay.log' is up to date.
make: 'src/Specific/solinas64_2e224m2e96p1/freezeDisplay.log' is up to date.
COQC src/Specific/solinas64_2e205m45x2e198m1/femul.v
make: 'src/Specific/montgomery32_2e127m1/fenzDisplay.log' is up to date.
make: 'src/Specific/montgomery32_2e127m1/femulDisplay.log' is up to date.
make: 'src/Specific/montgomery32_2e127m1/feaddDisplay.log' is up to date.
make: 'src/Specific/montgomery32_2e127m1/feoppDisplay.log' is up to date.
make: 'src/Specific/montgomery32_2e127m1/fesubDisplay.log' is up to date.
make: 'src/Specific/montgomery64_2e194m33/fenzDisplay.log' is up to date.
make: 'src/Specific/montgomery64_2e194m33/femulDisplay.log' is up to date.
make: 'src/Specific/montgomery64_2e194m33/feaddDisplay.log' is up to date.
make: 'src/Specific/montgomery64_2e194m33/feoppDisplay.log' is up to date.
make: 'src/Specific/montgomery64_2e194m33/fesubDisplay.log' is up to date.
make: 'src/Specific/montgomery64_2e196m15/fenzDisplay.log' is up to date.
make: 'src/Specific/montgomery64_2e196m15/femulDisplay.log' is up to date.
make: 'src/Specific/montgomery64_2e196m15/feaddDisplay.log' is up to date.
make: 'src/Specific/montgomery64_2e196m15/feoppDisplay.log' is up to date.
make: 'src/Specific/montgomery64_2e196m15/fesubDisplay.log' is up to date.
make: 'src/Specific/montgomery64_2e198m17/fenzDisplay.log' is up to date.
make: 'src/Specific/montgomery64_2e198m17/femulDisplay.log' is up to date.
make: 'src/Specific/montgomery64_2e198m17/feaddDisplay.log' is up to date.
make: 'src/Specific/montgomery64_2e198m17/feoppDisplay.log' is up to date.
make: 'src/Specific/montgomery64_2e198m17/fesubDisplay.log' is up to date.
make: 'src/Specific/montgomery64_2e206m5/fenzDisplay.log' is up to date.
make: 'src/Specific/montgomery64_2e206m5/femulDisplay.log' is up to date.
make: 'src/Specific/montgomery64_2e206m5/feaddDisplay.log' is up to date.
make: 'src/Specific/montgomery64_2e206m5/feoppDisplay.log' is up to date.
make: 'src/Specific/montgomery64_2e206m5/fesubDisplay.log' is up to date.
make: 'src/Specific/montgomery64_2e212m29/fenzDisplay.log' is up to date.
make: 'src/Specific/montgomery64_2e212m29/femulDisplay.log' is up to date.
make: 'src/Specific/montgomery64_2e212m29/feaddDisplay.log' is up to date.
make: 'src/Specific/montgomery64_2e212m29/feoppDisplay.log' is up to date.
make: 'src/Specific/montgomery64_2e212m29/fesubDisplay.log' is up to date.
make: 'src/Specific/montgomery64_2e213m3/fenzDisplay.log' is up to date.
make: 'src/Specific/montgomery64_2e213m3/femulDisplay.log' is up to date.
make: 'src/Specific/montgomery64_2e213m3/feaddDisplay.log' is up to date.
make: 'src/Specific/montgomery64_2e213m3/feoppDisplay.log' is up to date.
make: 'src/Specific/montgomery64_2e213m3/fesubDisplay.log' is up to date.
make: 'src/Specific/montgomery64_2e221m3/fenzDisplay.log' is up to date.
make: 'src/Specific/montgomery64_2e221m3/femulDisplay.log' is up to date.
make: 'src/Specific/montgomery64_2e221m3/feaddDisplay.log' is up to date.
make: 'src/Specific/montgomery64_2e221m3/feoppDisplay.log' is up to date.
make: 'src/Specific/montgomery64_2e221m3/fesubDisplay.log' is up to date.
make: 'src/Specific/montgomery64_2e222m117/fenzDisplay.log' is up to date.
make: 'src/Specific/montgomery64_2e222m117/femulDisplay.log' is up to date.
make: 'src/Specific/montgomery64_2e222m117/feaddDisplay.log' is up to date.
make: 'src/Specific/montgomery64_2e222m117/feoppDisplay.log' is up to date.
make: 'src/Specific/montgomery64_2e222m117/fesubDisplay.log' is up to date.
make: 'src/Specific/montgomery64_2e226m5/fenzDisplay.log' is up to date.
make: 'src/Specific/montgomery64_2e226m5/femulDisplay.log' is up to date.
make: 'src/Specific/montgomery64_2e226m5/feaddDisplay.log' is up to date.
make: 'src/Specific/montgomery64_2e226m5/feoppDisplay.log' is up to date.
make: 'src/Specific/montgomery64_2e226m5/fesubDisplay.log' is up to date.
make: 'src/Specific/montgomery64_2e230m27/fenzDisplay.log' is up to date.
make: 'src/Specific/montgomery64_2e230m27/femulDisplay.log' is up to date.
make: 'src/Specific/montgomery64_2e230m27/feaddDisplay.log' is up to date.
make: 'src/Specific/montgomery64_2e230m27/feoppDisplay.log' is up to date.
make: 'src/Specific/montgomery64_2e230m27/fesubDisplay.log' is up to date.
make: 'src/Specific/montgomery64_2e235m15/fenzDisplay.log' is up to date.
make: 'src/Specific/montgomery64_2e235m15/femulDisplay.log' is up to date.
make: 'src/Specific/montgomery64_2e235m15/feaddDisplay.log' is up to date.
make: 'src/Specific/montgomery64_2e235m15/feoppDisplay.log' is up to date.
make: 'src/Specific/montgomery64_2e235m15/fesubDisplay.log' is up to date.
make: 'src/Specific/montgomery64_2e243m9/fenzDisplay.log' is up to date.
make: 'src/Specific/montgomery64_2e243m9/femulDisplay.log' is up to date.
make: 'src/Specific/montgomery64_2e243m9/feaddDisplay.log' is up to date.
make: 'src/Specific/montgomery64_2e243m9/feoppDisplay.log' is up to date.
make: 'src/Specific/montgomery64_2e243m9/fesubDisplay.log' is up to date.
make: 'src/Specific/montgomery64_2e251m9/fenzDisplay.log' is up to date.
make: 'src/Specific/montgomery64_2e251m9/femulDisplay.log' is up to date.
make: 'src/Specific/montgomery64_2e251m9/feaddDisplay.log' is up to date.
make: 'src/Specific/montgomery64_2e251m9/feoppDisplay.log' is up to date.
make: 'src/Specific/montgomery64_2e251m9/fesubDisplay.log' is up to date.
make: 'src/Specific/montgomery64_2e255m765/fenzDisplay.log' is up to date.
make: 'src/Specific/montgomery64_2e255m765/femulDisplay.log' is up to date.
make: 'src/Specific/montgomery64_2e255m765/feaddDisplay.log' is up to date.
make: 'src/Specific/montgomery64_2e255m765/feoppDisplay.log' is up to date.
make: 'src/Specific/montgomery64_2e255m765/fesubDisplay.log' is up to date.
make: 'src/Specific/montgomery64_2e255m19/fenzDisplay.log' is up to date.
make: 'src/Specific/montgomery64_2e255m19/femulDisplay.log' is up to date.
make: 'src/Specific/montgomery64_2e255m19/feaddDisplay.log' is up to date.
make: 'src/Specific/montgomery64_2e255m19/feoppDisplay.log' is up to date.
make: 'src/Specific/montgomery64_2e255m19/fesubDisplay.log' is up to date.
make: 'src/Specific/montgomery64_2e256m189/fenzDisplay.log' is up to date.
make: 'src/Specific/montgomery64_2e256m189/femulDisplay.log' is up to date.
make: 'src/Specific/montgomery64_2e256m189/feaddDisplay.log' is up to date.
make: 'src/Specific/montgomery64_2e256m189/feoppDisplay.log' is up to date.
make: 'src/Specific/montgomery64_2e256m189/fesubDisplay.log' is up to date.
make: 'src/Specific/montgomery64_2e216m2e108m1/fenzDisplay.log' is up to date.
make: 'src/Specific/montgomery64_2e216m2e108m1/femulDisplay.log' is up to date.
make: 'src/Specific/montgomery64_2e216m2e108m1/feaddDisplay.log' is up to date.
make: 'src/Specific/montgomery64_2e216m2e108m1/feoppDisplay.log' is up to date.
make: 'src/Specific/montgomery64_2e216m2e108m1/fesubDisplay.log' is up to date.
make: 'src/Specific/montgomery64_2e205m45x2e198m1/fenzDisplay.log' is up to date.
make: 'src/Specific/montgomery64_2e205m45x2e198m1/femulDisplay.log' is up to date.
make: 'src/Specific/montgomery64_2e205m45x2e198m1/feaddDisplay.log' is up to date.
make: 'src/Specific/montgomery64_2e205m45x2e198m1/feoppDisplay.log' is up to date.
make: 'src/Specific/montgomery64_2e205m45x2e198m1/fesubDisplay.log' is up to date.
make: 'src/Specific/montgomery64_2e224m2e96p1/fenzDisplay.log' is up to date.
make: 'src/Specific/montgomery64_2e224m2e96p1/femulDisplay.log' is up to date.
make: 'src/Specific/montgomery64_2e224m2e96p1/feaddDisplay.log' is up to date.
make: 'src/Specific/montgomery64_2e224m2e96p1/feoppDisplay.log' is up to date.
make: 'src/Specific/montgomery64_2e224m2e96p1/fesubDisplay.log' is up to date.
make: 'src/Specific/montgomery64_2e255m2e4m2e1m1/fenzDisplay.log' is up to date.
make: 'src/Specific/montgomery64_2e255m2e4m2e1m1/femulDisplay.log' is up to date.
make: 'src/Specific/montgomery64_2e255m2e4m2e1m1/feaddDisplay.log' is up to date.
make: 'src/Specific/montgomery64_2e255m2e4m2e1m1/feoppDisplay.log' is up to date.
make: 'src/Specific/montgomery64_2e255m2e4m2e1m1/fesubDisplay.log' is up to date.
make: 'src/Specific/montgomery64_2e256m2e224p2e192p2e96m1/fenzDisplay.log' is up to date.
make: 'src/Specific/montgomery64_2e256m2e224p2e192p2e96m1/femulDisplay.log' is up to date.
make: 'src/Specific/montgomery64_2e256m2e224p2e192p2e96m1/feaddDisplay.log' is up to date.
make: 'src/Specific/montgomery64_2e256m2e224p2e192p2e96m1/feoppDisplay.log' is up to date.
make: 'src/Specific/montgomery64_2e256m2e224p2e192p2e96m1/fesubDisplay.log' is up to date.
make: 'src/Specific/montgomery64_2e256m2e32m977/fenzDisplay.log' is up to date.
make: 'src/Specific/montgomery64_2e256m2e32m977/femulDisplay.log' is up to date.
make: 'src/Specific/montgomery64_2e256m2e32m977/feaddDisplay.log' is up to date.
make: 'src/Specific/montgomery64_2e256m2e32m977/feoppDisplay.log' is up to date.
make: 'src/Specific/montgomery64_2e256m2e32m977/fesubDisplay.log' is up to date.
make: 'src/Specific/montgomery64_2e256m88x2e240m1/fenzDisplay.log' is up to date.
make: 'src/Specific/montgomery64_2e256m88x2e240m1/femulDisplay.log' is up to date.
make: 'src/Specific/montgomery64_2e256m88x2e240m1/feaddDisplay.log' is up to date.
make: 'src/Specific/montgomery64_2e256m88x2e240m1/feoppDisplay.log' is up to date.
make: 'src/Specific/montgomery64_2e256m88x2e240m1/fesubDisplay.log' is up to date.
make: 'src/Specific/montgomery64_2e254m127x2e240m1/fenzDisplay.log' is up to date.
make: 'src/Specific/montgomery64_2e254m127x2e240m1/femulDisplay.log' is up to date.
make: 'src/Specific/montgomery64_2e254m127x2e240m1/feaddDisplay.log' is up to date.
make: 'src/Specific/montgomery64_2e254m127x2e240m1/feoppDisplay.log' is up to date.
make: 'src/Specific/montgomery64_2e254m127x2e240m1/fesubDisplay.log' is up to date.
make: 'src/Specific/solinas32_2e130m5/fesquareDisplay.log' is up to date.
make: 'src/Specific/solinas32_2e130m5/freezeDisplay.log' is up to date.
make: 'src/Specific/solinas32_2e130m5/femulDisplay.log' is up to date.
make: 'src/Specific/solinas32_2e150m3/fesquareDisplay.log' is up to date.
make: 'src/Specific/solinas32_2e150m3/freezeDisplay.log' is up to date.
make: 'src/Specific/solinas32_2e150m3/femulDisplay.log' is up to date.
make: 'src/Specific/solinas64_2e191m19/fesquareDisplay.log' is up to date.
make: 'src/Specific/solinas64_2e191m19/freezeDisplay.log' is up to date.
make: 'src/Specific/solinas64_2e191m19/femulDisplay.log' is up to date.
make: 'src/Specific/solinas64_2e235m15/fesquareDisplay.log' is up to date.
make: 'src/Specific/solinas64_2e235m15/freezeDisplay.log' is up to date.
make: 'src/Specific/solinas64_2e235m15/femulDisplay.log' is up to date.
make: 'src/Specific/solinas64_2e251m9/fesquareDisplay.log' is up to date.
make: 'src/Specific/solinas64_2e251m9/freezeDisplay.log' is up to date.
make: 'src/Specific/solinas64_2e251m9/femulDisplay.log' is up to date.
make: 'src/Specific/solinas64_2e255m765/fesquareDisplay.log' is up to date.
make: 'src/Specific/solinas64_2e255m765/freezeDisplay.log' is up to date.
make: 'src/Specific/solinas64_2e255m765/femulDisplay.log' is up to date.
make: 'src/Specific/solinas64_2e255m19/fesquareDisplay.log' is up to date.
make: 'src/Specific/solinas64_2e255m19/freezeDisplay.log' is up to date.
make: 'src/Specific/solinas64_2e255m19/femulDisplay.log' is up to date.
make: 'src/Specific/solinas64_2e256m189/fesquareDisplay.log' is up to date.
make: 'src/Specific/solinas64_2e256m189/freezeDisplay.log' is up to date.
make: 'src/Specific/solinas64_2e256m189/femulDisplay.log' is up to date.
make: 'src/Specific/solinas64_2e266m3/fesquareDisplay.log' is up to date.
make: 'src/Specific/solinas64_2e266m3/freezeDisplay.log' is up to date.
make: 'src/Specific/solinas64_2e266m3/femulDisplay.log' is up to date.
make: 'src/Specific/solinas64_2e285m9/fesquareDisplay.log' is up to date.
make: 'src/Specific/solinas64_2e285m9/freezeDisplay.log' is up to date.
make: 'src/Specific/solinas64_2e285m9/femulDisplay.log' is up to date.
make: 'src/Specific/solinas64_2e291m19/fesquareDisplay.log' is up to date.
make: 'src/Specific/solinas64_2e291m19/freezeDisplay.log' is up to date.
make: 'src/Specific/solinas64_2e291m19/femulDisplay.log' is up to date.
make: 'src/Specific/solinas64_2e255m2e4m2e1m1/fesquareDisplay.log' is up to date.
make: 'src/Specific/solinas64_2e255m2e4m2e1m1/freezeDisplay.log' is up to date.
COQC src/Specific/solinas64_2e205m45x2e198m1/fesquare.v
make: 'src/Specific/solinas64_2e255m2e4m2e1m1/femulDisplay.log' is up to date.
COQC src/Specific/solinas64_2e224m2e96p1/fesquare.v
COQC src/Specific/solinas64_2e224m2e96p1/femul.v
make: 'src/Specific/solinas64_2e256m2e224p2e192p2e96m1/freezeDisplay.log' is up to date.
make: 'src/Specific/solinas64_2e256m2e32m977/fesquareDisplay.log' is up to date.
make: 'src/Specific/solinas64_2e256m2e32m977/freezeDisplay.log' is up to date.
make: 'src/Specific/solinas64_2e256m2e32m977/femulDisplay.log' is up to date.
make: 'src/Specific/solinas64_2e256m88x2e240m1/freezeDisplay.log' is up to date.
COQC src/Specific/solinas64_2e256m2e224p2e192p2e96m1/fesquare.v
make: 'src/Specific/montgomery32_2e129m25/fenzDisplay.log' is up to date.
make: 'src/Specific/montgomery32_2e129m25/femulDisplay.log' is up to date.
make: 'src/Specific/montgomery32_2e129m25/feaddDisplay.log' is up to date.
make: 'src/Specific/montgomery32_2e129m25/feoppDisplay.log' is up to date.
make: 'src/Specific/montgomery32_2e129m25/fesubDisplay.log' is up to date.
make: 'src/Specific/montgomery32_2e130m5/fenzDisplay.log' is up to date.
make: 'src/Specific/montgomery32_2e130m5/femulDisplay.log' is up to date.
make: 'src/Specific/montgomery32_2e130m5/feaddDisplay.log' is up to date.
make: 'src/Specific/montgomery32_2e130m5/feoppDisplay.log' is up to date.
make: 'src/Specific/montgomery32_2e130m5/fesubDisplay.log' is up to date.
make: 'src/Specific/montgomery32_2e137m13/fenzDisplay.log' is up to date.
make: 'src/Specific/montgomery32_2e137m13/femulDisplay.log' is up to date.
make: 'src/Specific/montgomery32_2e137m13/feaddDisplay.log' is up to date.
COQC src/Specific/solinas64_2e256m2e224p2e192p2e96m1/femul.v
make: 'src/Specific/montgomery32_2e137m13/feoppDisplay.log' is up to date.
make: 'src/Specific/montgomery32_2e137m13/fesubDisplay.log' is up to date.
make: 'src/Specific/montgomery32_2e140m27/fenzDisplay.log' is up to date.
make: 'src/Specific/montgomery32_2e140m27/femulDisplay.log' is up to date.
make: 'src/Specific/montgomery32_2e140m27/feaddDisplay.log' is up to date.
make: 'src/Specific/montgomery32_2e140m27/feoppDisplay.log' is up to date.
make: 'src/Specific/montgomery32_2e140m27/fesubDisplay.log' is up to date.
make: 'src/Specific/montgomery32_2e141m9/fenzDisplay.log' is up to date.
make: 'src/Specific/montgomery32_2e141m9/femulDisplay.log' is up to date.
make: 'src/Specific/montgomery32_2e141m9/feaddDisplay.log' is up to date.
make: 'src/Specific/montgomery32_2e141m9/feoppDisplay.log' is up to date.
make: 'src/Specific/montgomery32_2e141m9/fesubDisplay.log' is up to date.
make: 'src/Specific/montgomery32_2e150m5/fenzDisplay.log' is up to date.
make: 'src/Specific/montgomery32_2e150m5/femulDisplay.log' is up to date.
make: 'src/Specific/montgomery32_2e150m5/feaddDisplay.log' is up to date.
make: 'src/Specific/montgomery32_2e150m5/feoppDisplay.log' is up to date.
make: 'src/Specific/montgomery32_2e150m5/fesubDisplay.log' is up to date.
make: 'src/Specific/montgomery32_2e150m3/fenzDisplay.log' is up to date.
make: 'src/Specific/montgomery32_2e150m3/femulDisplay.log' is up to date.
make: 'src/Specific/montgomery32_2e150m3/feaddDisplay.log' is up to date.
make: 'src/Specific/montgomery32_2e150m3/feoppDisplay.log' is up to date.
make: 'src/Specific/montgomery32_2e150m3/fesubDisplay.log' is up to date.
make: 'src/Specific/montgomery32_2e152m17/fenzDisplay.log' is up to date.
make: 'src/Specific/montgomery32_2e152m17/femulDisplay.log' is up to date.
make: 'src/Specific/montgomery32_2e152m17/feaddDisplay.log' is up to date.
make: 'src/Specific/montgomery32_2e152m17/feoppDisplay.log' is up to date.
make: 'src/Specific/montgomery32_2e152m17/fesubDisplay.log' is up to date.
make: 'src/Specific/montgomery32_2e158m15/fenzDisplay.log' is up to date.
make: 'src/Specific/montgomery32_2e158m15/femulDisplay.log' is up to date.
make: 'src/Specific/montgomery32_2e158m15/feaddDisplay.log' is up to date.
make: 'src/Specific/montgomery32_2e158m15/feoppDisplay.log' is up to date.
make: 'src/Specific/montgomery32_2e158m15/fesubDisplay.log' is up to date.
make: 'src/Specific/montgomery64_2e266m3/fenzDisplay.log' is up to date.
make: 'src/Specific/montgomery64_2e266m3/femulDisplay.log' is up to date.
make: 'src/Specific/montgomery64_2e266m3/feaddDisplay.log' is up to date.
make: 'src/Specific/montgomery64_2e266m3/feoppDisplay.log' is up to date.
make: 'src/Specific/montgomery64_2e266m3/fesubDisplay.log' is up to date.
make: 'src/Specific/montgomery64_2e285m9/fenzDisplay.log' is up to date.
make: 'src/Specific/montgomery64_2e285m9/femulDisplay.log' is up to date.
make: 'src/Specific/montgomery64_2e285m9/feaddDisplay.log' is up to date.
make: 'src/Specific/montgomery64_2e285m9/feoppDisplay.log' is up to date.
make: 'src/Specific/montgomery64_2e285m9/fesubDisplay.log' is up to date.
make: 'src/Specific/montgomery64_2e291m19/fenzDisplay.log' is up to date.
make: 'src/Specific/montgomery64_2e291m19/femulDisplay.log' is up to date.
make: 'src/Specific/montgomery64_2e291m19/feaddDisplay.log' is up to date.
make: 'src/Specific/montgomery64_2e291m19/feoppDisplay.log' is up to date.
make: 'src/Specific/montgomery64_2e291m19/fesubDisplay.log' is up to date.
make: 'src/Specific/solinas32_2e127m1/fesquareDisplay.log' is up to date.
make: 'src/Specific/solinas32_2e127m1/freezeDisplay.log' is up to date.
make: 'src/Specific/solinas32_2e127m1/femulDisplay.log' is up to date.
make: 'src/Specific/solinas32_2e129m25/fesquareDisplay.log' is up to date.
make: 'src/Specific/solinas32_2e129m25/freezeDisplay.log' is up to date.
make: 'src/Specific/solinas32_2e129m25/femulDisplay.log' is up to date.
make: 'src/Specific/solinas32_2e140m27/fesquareDisplay.log' is up to date.
make: 'src/Specific/solinas32_2e140m27/freezeDisplay.log' is up to date.
make: 'src/Specific/solinas32_2e140m27/femulDisplay.log' is up to date.
make: 'src/Specific/solinas32_2e141m9/fesquareDisplay.log' is up to date.
make: 'src/Specific/solinas32_2e141m9/freezeDisplay.log' is up to date.
make: 'src/Specific/solinas32_2e141m9/femulDisplay.log' is up to date.
make: 'src/Specific/solinas32_2e150m5/fesquareDisplay.log' is up to date.
make: 'src/Specific/solinas32_2e150m5/freezeDisplay.log' is up to date.
make: 'src/Specific/solinas32_2e150m5/femulDisplay.log' is up to date.
make: 'src/Specific/solinas32_2e152m17/fesquareDisplay.log' is up to date.
make: 'src/Specific/solinas32_2e152m17/freezeDisplay.log' is up to date.
make: 'src/Specific/solinas32_2e152m17/femulDisplay.log' is up to date.
make: 'src/Specific/solinas32_2e158m15/fesquareDisplay.log' is up to date.
make: 'src/Specific/solinas32_2e158m15/freezeDisplay.log' is up to date.
make: 'src/Specific/solinas32_2e158m15/femulDisplay.log' is up to date.
make: 'src/Specific/solinas32_2e174m3/fesquareDisplay.log' is up to date.
make: 'src/Specific/solinas32_2e174m3/freezeDisplay.log' is up to date.
make: 'src/Specific/solinas32_2e174m3/femulDisplay.log' is up to date.
make: 'src/Specific/solinas64_2e243m9/fesquareDisplay.log' is up to date.
make: 'src/Specific/solinas64_2e243m9/freezeDisplay.log' is up to date.
make: 'src/Specific/solinas64_2e243m9/femulDisplay.log' is up to date.
make: 'src/Specific/solinas64_2e321m9/fesquareDisplay.log' is up to date.
make: 'src/Specific/solinas64_2e321m9/freezeDisplay.log' is up to date.
make: 'src/Specific/solinas64_2e321m9/femulDisplay.log' is up to date.
make: 'src/Specific/solinas64_2e336m17/fesquareDisplay.log' is up to date.
make: 'src/Specific/solinas64_2e336m17/freezeDisplay.log' is up to date.
make: 'src/Specific/solinas64_2e336m17/femulDisplay.log' is up to date.
make: 'src/Specific/solinas64_2e336m3/fesquareDisplay.log' is up to date.
make: 'src/Specific/solinas64_2e336m3/freezeDisplay.log' is up to date.
make: 'src/Specific/solinas64_2e336m3/femulDisplay.log' is up to date.
make: 'src/Specific/solinas64_2e338m15/fesquareDisplay.log' is up to date.
make: 'src/Specific/solinas64_2e338m15/freezeDisplay.log' is up to date.
make: 'src/Specific/solinas64_2e338m15/femulDisplay.log' is up to date.
make: 'src/Specific/solinas64_2e254m127x2e240m1/freezeDisplay.log' is up to date.
make: 'src/Specific/montgomery32_2e165m25/fenzDisplay.log' is up to date.
make: 'src/Specific/montgomery32_2e165m25/femulDisplay.log' is up to date.
make: 'src/Specific/montgomery32_2e165m25/feaddDisplay.log' is up to date.
make: 'src/Specific/montgomery32_2e165m25/feoppDisplay.log' is up to date.
make: 'src/Specific/montgomery32_2e165m25/fesubDisplay.log' is up to date.
make: 'src/Specific/montgomery32_2e166m5/fenzDisplay.log' is up to date.
make: 'src/Specific/montgomery32_2e166m5/femulDisplay.log' is up to date.
make: 'src/Specific/montgomery32_2e166m5/feaddDisplay.log' is up to date.
make: 'src/Specific/montgomery32_2e166m5/feoppDisplay.log' is up to date.
make: 'src/Specific/montgomery32_2e166m5/fesubDisplay.log' is up to date.
make: 'src/Specific/montgomery32_2e171m19/fenzDisplay.log' is up to date.
make: 'src/Specific/montgomery32_2e171m19/femulDisplay.log' is up to date.
make: 'src/Specific/montgomery32_2e171m19/feaddDisplay.log' is up to date.
make: 'src/Specific/montgomery32_2e171m19/feoppDisplay.log' is up to date.
make: 'src/Specific/montgomery32_2e171m19/fesubDisplay.log' is up to date.
make: 'src/Specific/montgomery32_2e174m17/fenzDisplay.log' is up to date.
make: 'src/Specific/montgomery32_2e174m17/femulDisplay.log' is up to date.
make: 'src/Specific/montgomery32_2e174m17/feaddDisplay.log' is up to date.
make: 'src/Specific/montgomery32_2e174m17/feoppDisplay.log' is up to date.
make: 'src/Specific/montgomery32_2e174m17/fesubDisplay.log' is up to date.
make: 'src/Specific/montgomery32_2e174m3/fenzDisplay.log' is up to date.
make: 'src/Specific/montgomery32_2e174m3/femulDisplay.log' is up to date.
make: 'src/Specific/montgomery32_2e174m3/feaddDisplay.log' is up to date.
make: 'src/Specific/montgomery32_2e174m3/feoppDisplay.log' is up to date.
make: 'src/Specific/montgomery32_2e174m3/fesubDisplay.log' is up to date.
make: 'src/Specific/montgomery32_2e189m25/fenzDisplay.log' is up to date.
make: 'src/Specific/montgomery32_2e189m25/femulDisplay.log' is up to date.
make: 'src/Specific/montgomery32_2e189m25/feaddDisplay.log' is up to date.
make: 'src/Specific/montgomery32_2e189m25/feoppDisplay.log' is up to date.
make: 'src/Specific/montgomery32_2e189m25/fesubDisplay.log' is up to date.
make: 'src/Specific/montgomery32_2e190m11/fenzDisplay.log' is up to date.
make: 'src/Specific/montgomery32_2e190m11/femulDisplay.log' is up to date.
make: 'src/Specific/montgomery32_2e190m11/feaddDisplay.log' is up to date.
make: 'src/Specific/montgomery32_2e190m11/feoppDisplay.log' is up to date.
make: 'src/Specific/montgomery32_2e190m11/fesubDisplay.log' is up to date.
make: 'src/Specific/montgomery32_2e191m19/fenzDisplay.log' is up to date.
make: 'src/Specific/montgomery32_2e191m19/femulDisplay.log' is up to date.
make: 'src/Specific/montgomery32_2e191m19/feaddDisplay.log' is up to date.
make: 'src/Specific/montgomery32_2e191m19/feoppDisplay.log' is up to date.
make: 'src/Specific/montgomery32_2e191m19/fesubDisplay.log' is up to date.
make: 'src/Specific/montgomery64_2e321m9/fenzDisplay.log' is up to date.
make: 'src/Specific/montgomery64_2e321m9/femulDisplay.log' is up to date.
make: 'src/Specific/montgomery64_2e321m9/feaddDisplay.log' is up to date.
make: 'src/Specific/montgomery64_2e321m9/feoppDisplay.log' is up to date.
make: 'src/Specific/montgomery64_2e321m9/fesubDisplay.log' is up to date.
make: 'src/Specific/montgomery64_2e336m17/fenzDisplay.log' is up to date.
make: 'src/Specific/montgomery64_2e336m17/femulDisplay.log' is up to date.
make: 'src/Specific/montgomery64_2e336m17/feaddDisplay.log' is up to date.
make: 'src/Specific/montgomery64_2e336m17/feoppDisplay.log' is up to date.
make: 'src/Specific/montgomery64_2e336m17/fesubDisplay.log' is up to date.
make: 'src/Specific/montgomery64_2e336m3/fenzDisplay.log' is up to date.
make: 'src/Specific/montgomery64_2e336m3/femulDisplay.log' is up to date.
make: 'src/Specific/montgomery64_2e336m3/feaddDisplay.log' is up to date.
make: 'src/Specific/montgomery64_2e336m3/feoppDisplay.log' is up to date.
make: 'src/Specific/montgomery64_2e336m3/fesubDisplay.log' is up to date.
make: 'src/Specific/montgomery64_2e338m15/fenzDisplay.log' is up to date.
make: 'src/Specific/montgomery64_2e338m15/femulDisplay.log' is up to date.
make: 'src/Specific/montgomery64_2e338m15/feaddDisplay.log' is up to date.
make: 'src/Specific/montgomery64_2e338m15/feoppDisplay.log' is up to date.
make: 'src/Specific/montgomery64_2e338m15/fesubDisplay.log' is up to date.
make: 'src/Specific/montgomery64_2e369m25/fenzDisplay.log' is up to date.
make: 'src/Specific/montgomery64_2e369m25/femulDisplay.log' is up to date.
make: 'src/Specific/montgomery64_2e369m25/feaddDisplay.log' is up to date.
make: 'src/Specific/montgomery64_2e369m25/feoppDisplay.log' is up to date.
make: 'src/Specific/montgomery64_2e369m25/fesubDisplay.log' is up to date.
make: 'src/Specific/montgomery64_2e379m19/fenzDisplay.log' is up to date.
make: 'src/Specific/montgomery64_2e379m19/femulDisplay.log' is up to date.
make: 'src/Specific/montgomery64_2e379m19/feaddDisplay.log' is up to date.
make: 'src/Specific/montgomery64_2e379m19/feoppDisplay.log' is up to date.
make: 'src/Specific/montgomery64_2e379m19/fesubDisplay.log' is up to date.
make: 'src/Specific/montgomery64_2e382m105/fenzDisplay.log' is up to date.
make: 'src/Specific/montgomery64_2e382m105/femulDisplay.log' is up to date.
make: 'src/Specific/montgomery64_2e382m105/feaddDisplay.log' is up to date.
make: 'src/Specific/montgomery64_2e382m105/feoppDisplay.log' is up to date.
make: 'src/Specific/montgomery64_2e382m105/fesubDisplay.log' is up to date.
make: 'src/Specific/montgomery64_2e383m421/fenzDisplay.log' is up to date.
make: 'src/Specific/montgomery64_2e383m421/femulDisplay.log' is up to date.
make: 'src/Specific/montgomery64_2e383m421/feaddDisplay.log' is up to date.
make: 'src/Specific/montgomery64_2e383m421/feoppDisplay.log' is up to date.
make: 'src/Specific/montgomery64_2e383m421/fesubDisplay.log' is up to date.
make: 'src/Specific/montgomery64_2e383m187/fenzDisplay.log' is up to date.
make: 'src/Specific/montgomery64_2e383m187/femulDisplay.log' is up to date.
make: 'src/Specific/montgomery64_2e383m187/feaddDisplay.log' is up to date.
make: 'src/Specific/montgomery64_2e383m187/feoppDisplay.log' is up to date.
make: 'src/Specific/montgomery64_2e383m187/fesubDisplay.log' is up to date.
make: 'src/Specific/montgomery64_2e383m31/fenzDisplay.log' is up to date.
make: 'src/Specific/montgomery64_2e383m31/femulDisplay.log' is up to date.
make: 'src/Specific/montgomery64_2e383m31/feaddDisplay.log' is up to date.
make: 'src/Specific/montgomery64_2e383m31/feoppDisplay.log' is up to date.
make: 'src/Specific/montgomery64_2e383m31/fesubDisplay.log' is up to date.
make: 'src/Specific/montgomery64_2e384m317/fenzDisplay.log' is up to date.
make: 'src/Specific/montgomery64_2e384m317/femulDisplay.log' is up to date.
make: 'src/Specific/montgomery64_2e384m317/feaddDisplay.log' is up to date.
make: 'src/Specific/montgomery64_2e384m317/feoppDisplay.log' is up to date.
make: 'src/Specific/montgomery64_2e384m317/fesubDisplay.log' is up to date.
make: 'src/Specific/montgomery32_2e192m2e64m1/fenzDisplay.log' is up to date.
make: 'src/Specific/montgomery32_2e192m2e64m1/femulDisplay.log' is up to date.
make: 'src/Specific/montgomery32_2e192m2e64m1/feaddDisplay.log' is up to date.
make: 'src/Specific/montgomery32_2e192m2e64m1/feoppDisplay.log' is up to date.
make: 'src/Specific/montgomery32_2e192m2e64m1/fesubDisplay.log' is up to date.
make: 'src/Specific/montgomery64_2e322m2e161m1/fenzDisplay.log' is up to date.
make: 'src/Specific/montgomery64_2e322m2e161m1/femulDisplay.log' is up to date.
make: 'src/Specific/montgomery64_2e322m2e161m1/feaddDisplay.log' is up to date.
make: 'src/Specific/montgomery64_2e322m2e161m1/feoppDisplay.log' is up to date.
make: 'src/Specific/montgomery64_2e322m2e161m1/fesubDisplay.log' is up to date.
make: 'src/Specific/montgomery64_2e384m2e128m2e96p2e32m1/fenzDisplay.log' is up to date.
make: 'src/Specific/montgomery64_2e384m2e128m2e96p2e32m1/femulDisplay.log' is up to date.
make: 'src/Specific/montgomery64_2e384m2e128m2e96p2e32m1/feaddDisplay.log' is up to date.
make: 'src/Specific/montgomery64_2e384m2e128m2e96p2e32m1/feoppDisplay.log' is up to date.
make: 'src/Specific/montgomery64_2e384m2e128m2e96p2e32m1/fesubDisplay.log' is up to date.
make: 'src/Specific/montgomery64_2e384m79x2e376m1/fenzDisplay.log' is up to date.
make: 'src/Specific/montgomery64_2e384m79x2e376m1/femulDisplay.log' is up to date.
make: 'src/Specific/montgomery64_2e384m79x2e376m1/feaddDisplay.log' is up to date.
make: 'src/Specific/montgomery64_2e384m79x2e376m1/feoppDisplay.log' is up to date.
make: 'src/Specific/montgomery64_2e384m79x2e376m1/fesubDisplay.log' is up to date.
make: 'src/Specific/montgomery64_2e384m5x2e368m1/fenzDisplay.log' is up to date.
make: 'src/Specific/montgomery64_2e384m5x2e368m1/femulDisplay.log' is up to date.
make: 'src/Specific/montgomery64_2e384m5x2e368m1/feaddDisplay.log' is up to date.
make: 'src/Specific/montgomery64_2e384m5x2e368m1/feoppDisplay.log' is up to date.
make: 'src/Specific/montgomery64_2e384m5x2e368m1/fesubDisplay.log' is up to date.
make: 'src/Specific/solinas32_2e189m25/fesquareDisplay.log' is up to date.
make: 'src/Specific/solinas32_2e189m25/freezeDisplay.log' is up to date.
make: 'src/Specific/solinas32_2e189m25/femulDisplay.log' is up to date.
make: 'src/Specific/solinas32_2e190m11/fesquareDisplay.log' is up to date.
make: 'src/Specific/solinas32_2e190m11/freezeDisplay.log' is up to date.
make: 'src/Specific/solinas32_2e190m11/femulDisplay.log' is up to date.
make: 'src/Specific/solinas32_2e196m15/fesquareDisplay.log' is up to date.
make: 'src/Specific/solinas32_2e196m15/freezeDisplay.log' is up to date.
make: 'src/Specific/solinas32_2e196m15/femulDisplay.log' is up to date.
make: 'src/Specific/solinas64_2e379m19/fesquareDisplay.log' is up to date.
make: 'src/Specific/solinas64_2e379m19/freezeDisplay.log' is up to date.
make: 'src/Specific/solinas64_2e379m19/femulDisplay.log' is up to date.
make: 'src/Specific/solinas64_2e413m21/fesquareDisplay.log' is up to date.
make: 'src/Specific/solinas64_2e413m21/freezeDisplay.log' is up to date.
make: 'src/Specific/solinas64_2e413m21/femulDisplay.log' is up to date.
COQC src/Specific/solinas64_2e254m127x2e240m1/femul.v
COQC src/Specific/solinas64_2e254m127x2e240m1/fesquare.v
COQC src/Specific/solinas64_2e256m88x2e240m1/fesquare.v
COQC src/Specific/solinas64_2e256m88x2e240m1/femul.v
make: 'src/Specific/solinas64_2e322m2e161m1/freezeDisplay.log' is up to date.
COQC src/Specific/solinas64_2e322m2e161m1/fesquare.v
File "./src/Specific/X2555/C128/Synthesis.v", line 6, characters 9-31:
Error:
In nested Ltac calls to "make_Synthesis_package", "get_Synthesis_package",
"add_Synthesis_package", "BasePackage.add_Base_package",
"BasePackage.add_base_le_bitwidth", "Base.pose_base_le_bitwidth",
"CacheTerm.cache_proof_with_type_by",
"CacheTerm.cache_term_with_type_by_gen" and "abstract_tac" (bound to
fun id' => abstract (tac) using id'), last call failed.
The term "eq_refl" has type "true = true" while it is expected to have type
 "(if Decidable.dec (BinInt.Z.le 130 128) then true else false) = true".

Command exited with non-zero status 1
src/Specific/X2555/C128/Synthesis (real: 4.14, user: 1.26, sys: 0.17, mem: 636560 ko)
FINISHED CPU 1.36 MEM 1422480 MAXMEM 1422480 STALE 0 MAXMEM_RSS 637044
<time name="ALL">1280</time>
Makefile.coq:636: recipe for target 'src/Specific/X2555/C128/Synthesis.vo' failed
make: *** [src/Specific/X2555/C128/Synthesis.vo] Error 1
make: 'src/Specific/montgomery32_2e194m33/fenzDisplay.log' is up to date.
COQC src/Specific/solinas64_2e322m2e161m1/femul.v
Finished failing transaction in 14.505 secs (5.288u,0.007s) (failure)
File "./src/Specific/solinas64_2e224m2e96p1/femul.v", line 10, characters 7-21:
Error:
In nested Ltac calls to "synthesize_mul", "synthesize_carry_mul",
"synthesize_2arg_choice_with_carry", "synthesize_narg_choice_gen",
"synthesize" (bound to
fun get_op_sig =>
  synthesize_with_carry
   ltac:(IntegrationTestTemporaryMiscCommon.do_rewrite_with_2sig_add_carry)
   get_op_sig), "synthesize_with_carry", "synthesize", 
"synthesize" (bound to
fun get_op_sig =>
  synthesize_with_carry
   ltac:(IntegrationTestTemporaryMiscCommon.do_rewrite_with_2sig_add_carry)
   get_op_sig), "synthesize_with_carry", "synthesize",
"Pipeline.refine_reflectively_gen",
"ReflectiveTactics.do_reflective_pipeline" and
"ReflectiveTactics.solve_side_conditions", last call failed.
The term "eq_refl" has type "true = true" while it is expected to have type
 "Interpretation.Bounds.is_tighter_thanb
    ({|
     ZRange.lower := -20282409603651670423947251286016;
     ZRange.upper := 20282409603651670423947251286016 |},
    {|
    ZRange.lower := -365375409332725739692126010004905966888682520705;
    ZRange.upper := 365375409332725739692126010004905966889064726656 |},
    {|
    ZRange.lower := -2923003274661805836407369665469459527459284189185;
    ZRange.upper := 2923003274661805836407369665469459527459284189184 |},
    {|
    ZRange.lower := -10633823966279326983230456482242756608;
    ZRange.upper := 10633823966279326983230456482242756608 |})
    ({| ZRange.lower := 0; ZRange.upper := 81064793292668928 |},
    {| ZRange.lower := 0; ZRange.upper := 81064793292668928 |},
    {| ZRange.lower := 0; ZRange.upper := 81064793292668928 |},
    {| ZRange.lower := 0; ZRange.upper := 81064793292668928 |}) = true".

Command exited with non-zero status 1
src/Specific/solinas64_2e224m2e96p1/femul (real: 18.26, user: 6.37, sys: 0.17, mem: 705708 ko)
FINISHED CPU 6.50 MEM 1468620 MAXMEM 1468620 STALE 0 MAXMEM_RSS 706412
<time name="ALL">6430</time>
Makefile.coq:636: recipe for target 'src/Specific/solinas64_2e224m2e96p1/femul.vo' failed
make: *** [src/Specific/solinas64_2e224m2e96p1/femul.vo] Error 1
make: 'src/Specific/montgomery32_2e194m33/feaddDisplay.log' is up to date.
COQC src/Specific/montgomery32_2e194m33/femul.v
Finished failing transaction in 14.788 secs (4.479u,0.s) (failure)
File "./src/Specific/solinas64_2e224m2e96p1/fesquare.v", line 10, characters 7-24:
Error:
In nested Ltac calls to "synthesize_square", "synthesize_carry_square",
"synthesize_1arg_with_carry", "synthesize_with_carry", 
"synthesize", "Pipeline.refine_reflectively_gen",
"ReflectiveTactics.do_reflective_pipeline" and
"ReflectiveTactics.solve_side_conditions", last call failed.
The term "eq_refl" has type "true = true" while it is expected to have type
 "Interpretation.Bounds.is_tighter_thanb
    ({|
     ZRange.lower := -20282409603651670423947251286016;
     ZRange.upper := 20282409603651670423947251286016 |},
    {|
    ZRange.lower := -365375409332725739692126010004905966888682520705;
    ZRange.upper := 365375409332725739692126010004905966889064726656 |},
    {|
    ZRange.lower := -2923003274661805836407369665469459527459284189185;
    ZRange.upper := 2923003274661805836407369665469459527459284189184 |},
    {|
    ZRange.lower := -10633823966279326983230456482242756608;
    ZRange.upper := 10633823966279326983230456482242756608 |})
    ({| ZRange.lower := 0; ZRange.upper := 81064793292668928 |},
    {| ZRange.lower := 0; ZRange.upper := 81064793292668928 |},
    {| ZRange.lower := 0; ZRange.upper := 81064793292668928 |},
    {| ZRange.lower := 0; ZRange.upper := 81064793292668928 |}) = true".

Command exited with non-zero status 1
src/Specific/solinas64_2e224m2e96p1/fesquare (real: 18.50, user: 5.66, sys: 0.12, mem: 700836 ko)
FINISHED CPU 5.74 MEM 1468620 MAXMEM 1468620 STALE 0 MAXMEM_RSS 701376
<time name="ALL">5690</time>
Makefile.coq:636: recipe for target 'src/Specific/solinas64_2e224m2e96p1/fesquare.vo' failed
make: *** [src/Specific/solinas64_2e224m2e96p1/fesquare.vo] Error 1
COQC src/Specific/montgomery32_2e194m33/feopp.v
Finished failing transaction in 17.111 secs (5.264u,0.015s) (failure)
File "./src/Specific/solinas64_2e205m45x2e198m1/fesquare.v", line 10, characters 7-24:
Error:
In nested Ltac calls to "synthesize_square", "synthesize_carry_square",
"synthesize_1arg_with_carry", "synthesize_with_carry", 
"synthesize", "Pipeline.refine_reflectively_gen",
"ReflectiveTactics.do_reflective_pipeline" and
"ReflectiveTactics.solve_side_conditions", last call failed.
The term "eq_refl" has type "true = true" while it is expected to have type
 "Interpretation.Bounds.is_tighter_thanb
    ({| ZRange.lower := 0; ZRange.upper := 2251799813685247 |},
    {| ZRange.lower := 0; ZRange.upper := 2251799813685247 |},
    {|
    ZRange.lower := 0;
    ZRange.upper := 290598678107352894186106408058178819299360662912301140197499847674047917679112112549651321513320456166309904 |},
    {| ZRange.lower := 0; ZRange.upper := 4503599627370495 |})
    ({| ZRange.lower := 0; ZRange.upper := 2533274790395904 |},
    {| ZRange.lower := 0; ZRange.upper := 2533274790395904 |},
    {| ZRange.lower := 0; ZRange.upper := 2533274790395904 |},
    {| ZRange.lower := 0; ZRange.upper := 5066549580791808 |}) = true".

Command exited with non-zero status 1
src/Specific/solinas64_2e205m45x2e198m1/fesquare (real: 21.11, user: 6.42, sys: 0.16, mem: 706144 ko)
FINISHED CPU 6.55 MEM 1468812 MAXMEM 1468812 STALE 0 MAXMEM_RSS 704636
<time name="ALL">6470</time>
Makefile.coq:636: recipe for target 'src/Specific/solinas64_2e205m45x2e198m1/fesquare.vo' failed
make: *** [src/Specific/solinas64_2e205m45x2e198m1/fesquare.vo] Error 1
make: 'src/Specific/montgomery32_2e196m15/fenzDisplay.log' is up to date.
COQC src/Specific/montgomery32_2e194m33/fesub.v
Finished failing transaction in 18.777 secs (5.859u,0.004s) (failure)
File "./src/Specific/solinas64_2e205m45x2e198m1/femul.v", line 10, characters 7-21:
Error:
In nested Ltac calls to "synthesize_mul", "synthesize_carry_mul",
"synthesize_2arg_choice_with_carry", "synthesize_narg_choice_gen",
"synthesize" (bound to
fun get_op_sig =>
  synthesize_with_carry
   ltac:(IntegrationTestTemporaryMiscCommon.do_rewrite_with_2sig_add_carry)
   get_op_sig), "synthesize_with_carry", "synthesize", 
"synthesize" (bound to
fun get_op_sig =>
  synthesize_with_carry
   ltac:(IntegrationTestTemporaryMiscCommon.do_rewrite_with_2sig_add_carry)
   get_op_sig), "synthesize_with_carry", "synthesize",
"Pipeline.refine_reflectively_gen",
"ReflectiveTactics.do_reflective_pipeline" and
"ReflectiveTactics.solve_side_conditions", last call failed.
The term "eq_refl" has type "true = true" while it is expected to have type
 "Interpretation.Bounds.is_tighter_thanb
    ({| ZRange.lower := 0; ZRange.upper := 2251799813685247 |},
    {| ZRange.lower := 0; ZRange.upper := 2251799813685247 |},
    {|
    ZRange.lower := 0;
    ZRange.upper := 290598678107352894186106408058178819299360662912301140197499847674047917679112112549651321513320456166309904 |},
    {| ZRange.lower := 0; ZRange.upper := 4503599627370495 |})
    ({| ZRange.lower := 0; ZRange.upper := 2533274790395904 |},
    {| ZRange.lower := 0; ZRange.upper := 2533274790395904 |},
    {| ZRange.lower := 0; ZRange.upper := 2533274790395904 |},
    {| ZRange.lower := 0; ZRange.upper := 5066549580791808 |}) = true".

Command exited with non-zero status 1
src/Specific/solinas64_2e205m45x2e198m1/femul (real: 23.07, user: 6.97, sys: 0.13, mem: 713180 ko)
FINISHED CPU 7.10 MEM 0 MAXMEM 1468812 STALE 0 MAXMEM_RSS 711760
<time name="ALL">7020</time>
Makefile.coq:636: recipe for target 'src/Specific/solinas64_2e205m45x2e198m1/femul.vo' failed
make: *** [src/Specific/solinas64_2e205m45x2e198m1/femul.vo] Error 1
make: 'src/Specific/montgomery32_2e196m15/feaddDisplay.log' is up to date.
COQC src/Specific/montgomery32_2e196m15/femul.v
Finished failing transaction in 21.809 secs (7.428u,0.008s) (failure)
File "./src/Specific/solinas64_2e256m88x2e240m1/fesquare.v", line 10, characters 7-24:
Error:
In nested Ltac calls to "synthesize_square", "synthesize_carry_square",
"synthesize_1arg_with_carry", "synthesize_with_carry", 
"synthesize", "Pipeline.refine_reflectively_gen",
"ReflectiveTactics.do_reflective_pipeline" and
"ReflectiveTactics.solve_side_conditions", last call failed.
The term "eq_refl" has type "true = true" while it is expected to have type
 "Interpretation.Bounds.is_tighter_thanb
    ({| ZRange.lower := 0; ZRange.upper := 2251799813685247 |},
    {| ZRange.lower := 0; ZRange.upper := 2251799813685247 |},
    {| ZRange.lower := 0; ZRange.upper := 2251799813685247 |},
    {|
    ZRange.lower := 0;
    ZRange.upper := 82102009019089112870945419893831293643906215093385055483121668559967472820682981318146098242955079773239404448401145497984075563008 |},
    {| ZRange.lower := 0; ZRange.upper := 4503599627370495 |})
    ({| ZRange.lower := 0; ZRange.upper := 2533274790395904 |},
    {| ZRange.lower := 0; ZRange.upper := 2533274790395904 |},
    {| ZRange.lower := 0; ZRange.upper := 2533274790395904 |},
    {| ZRange.lower := 0; ZRange.upper := 2533274790395904 |},
    {| ZRange.lower := 0; ZRange.upper := 5066549580791808 |}) = true".

Command exited with non-zero status 1
src/Specific/solinas64_2e256m88x2e240m1/fesquare (real: 26.12, user: 8.52, sys: 0.17, mem: 747616 ko)
FINISHED CPU 8.68 MEM 1520268 MAXMEM 1520268 STALE 0 MAXMEM_RSS 748236
<time name="ALL">8600</time>
Makefile.coq:636: recipe for target 'src/Specific/solinas64_2e256m88x2e240m1/fesquare.vo' failed
make: *** [src/Specific/solinas64_2e256m88x2e240m1/fesquare.vo] Error 1
COQC src/Specific/montgomery32_2e196m15/feopp.v
Finished failing transaction in 25.077 secs (8.264u,0.015s) (failure)
File "./src/Specific/solinas64_2e256m88x2e240m1/femul.v", line 10, characters 7-21:
Error:
In nested Ltac calls to "synthesize_mul", "synthesize_carry_mul",
"synthesize_2arg_choice_with_carry", "synthesize_narg_choice_gen",
"synthesize" (bound to
fun get_op_sig =>
  synthesize_with_carry
   ltac:(IntegrationTestTemporaryMiscCommon.do_rewrite_with_2sig_add_carry)
   get_op_sig), "synthesize_with_carry", "synthesize", 
"synthesize" (bound to
fun get_op_sig =>
  synthesize_with_carry
   ltac:(IntegrationTestTemporaryMiscCommon.do_rewrite_with_2sig_add_carry)
   get_op_sig), "synthesize_with_carry", "synthesize",
"Pipeline.refine_reflectively_gen",
"ReflectiveTactics.do_reflective_pipeline" and
"ReflectiveTactics.solve_side_conditions", last call failed.
The term "eq_refl" has type "true = true" while it is expected to have type
 "Interpretation.Bounds.is_tighter_thanb
    ({| ZRange.lower := 0; ZRange.upper := 2251799813685247 |},
    {| ZRange.lower := 0; ZRange.upper := 2251799813685247 |},
    {| ZRange.lower := 0; ZRange.upper := 2251799813685247 |},
    {|
    ZRange.lower := 0;
    ZRange.upper := 82102009019089112870945419893831293643906215093385055483121668559967472820682981318146098242955079773239404448401145497984075563008 |},
    {| ZRange.lower := 0; ZRange.upper := 4503599627370495 |})
    ({| ZRange.lower := 0; ZRange.upper := 2533274790395904 |},
    {| ZRange.lower := 0; ZRange.upper := 2533274790395904 |},
    {| ZRange.lower := 0; ZRange.upper := 2533274790395904 |},
    {| ZRange.lower := 0; ZRange.upper := 2533274790395904 |},
    {| ZRange.lower := 0; ZRange.upper := 5066549580791808 |}) = true".

Command exited with non-zero status 1
src/Specific/solinas64_2e256m88x2e240m1/femul (real: 28.79, user: 9.39, sys: 0.15, mem: 758312 ko)
FINISHED CPU 9.42 MEM 1520268 MAXMEM 1520268 STALE 0 MAXMEM_RSS 756732
<time name="ALL">9500</time>
Makefile.coq:636: recipe for target 'src/Specific/solinas64_2e256m88x2e240m1/femul.vo' failed
make: *** [src/Specific/solinas64_2e256m88x2e240m1/femul.vo] Error 1
make: 'src/Specific/montgomery32_2e198m17/fenzDisplay.log' is up to date.
COQC src/Specific/montgomery32_2e196m15/fesub.v
Finished failing transaction in 30.679 secs (9.816u,0.007s) (failure)
File "./src/Specific/solinas64_2e254m127x2e240m1/fesquare.v", line 10, characters 7-24:
Error:
In nested Ltac calls to "synthesize_square", "synthesize_carry_square",
"synthesize_1arg_with_carry", "synthesize_with_carry", 
"synthesize", "Pipeline.refine_reflectively_gen",
"ReflectiveTactics.do_reflective_pipeline" and
"ReflectiveTactics.solve_side_conditions", last call failed.
The term "eq_refl" has type "true = true" while it is expected to have type
 "Interpretation.Bounds.is_tighter_thanb
    ({| ZRange.lower := 0; ZRange.upper := 4398046511103 |},
    {| ZRange.lower := 0; ZRange.upper := 4398046511103 |},
    {| ZRange.lower := 0; ZRange.upper := 8796093022207 |},
    {| ZRange.lower := 0; ZRange.upper := 4398046511103 |},
    {|
    ZRange.lower := 0;
    ZRange.upper := 505413552367554639733472153901929952561043406213867197639322790567264422834250983572656254557337090437638738093246310886565397105999872 |},
    {| ZRange.lower := 0; ZRange.upper := 8796093022207 |})
    ({| ZRange.lower := 0; ZRange.upper := 4947802324992 |},
    {| ZRange.lower := 0; ZRange.upper := 4947802324992 |},
    {| ZRange.lower := 0; ZRange.upper := 9895604649984 |},
    {| ZRange.lower := 0; ZRange.upper := 4947802324992 |},
    {| ZRange.lower := 0; ZRange.upper := 4947802324992 |},
    {| ZRange.lower := 0; ZRange.upper := 9895604649984 |}) = true".

Command exited with non-zero status 1
src/Specific/solinas64_2e254m127x2e240m1/fesquare (real: 34.89, user: 10.90, sys: 0.14, mem: 791736 ko)
FINISHED CPU 10.95 MEM 1579288 MAXMEM 1579288 STALE 0 MAXMEM_RSS 792364
<time name="ALL">11030</time>
Makefile.coq:636: recipe for target 'src/Specific/solinas64_2e254m127x2e240m1/fesquare.vo' failed
make: *** [src/Specific/solinas64_2e254m127x2e240m1/fesquare.vo] Error 1
make: 'src/Specific/montgomery32_2e198m17/feaddDisplay.log' is up to date.
COQC src/Specific/montgomery32_2e198m17/femul.v
Finished failing transaction in 37.088 secs (11.256u,0.036s) (failure)
File "./src/Specific/solinas64_2e254m127x2e240m1/femul.v", line 10, characters 7-21:
Error:
In nested Ltac calls to "synthesize_mul", "synthesize_carry_mul",
"synthesize_2arg_choice_with_carry", "synthesize_narg_choice_gen",
"synthesize" (bound to
fun get_op_sig =>
  synthesize_with_carry
   ltac:(IntegrationTestTemporaryMiscCommon.do_rewrite_with_2sig_add_carry)
   get_op_sig), "synthesize_with_carry", "synthesize", 
"synthesize" (bound to
fun get_op_sig =>
  synthesize_with_carry
   ltac:(IntegrationTestTemporaryMiscCommon.do_rewrite_with_2sig_add_carry)
   get_op_sig), "synthesize_with_carry", "synthesize",
"Pipeline.refine_reflectively_gen",
"ReflectiveTactics.do_reflective_pipeline" and
"ReflectiveTactics.solve_side_conditions", last call failed.
The term "eq_refl" has type "true = true" while it is expected to have type
 "Interpretation.Bounds.is_tighter_thanb
    ({| ZRange.lower := 0; ZRange.upper := 4398046511103 |},
    {| ZRange.lower := 0; ZRange.upper := 4398046511103 |},
    {| ZRange.lower := 0; ZRange.upper := 8796093022207 |},
    {| ZRange.lower := 0; ZRange.upper := 4398046511103 |},
    {|
    ZRange.lower := 0;
    ZRange.upper := 505413552367554639733472153901929952561043406213867197639322790567264422834250983572656254557337090437638738093246310886565397105999872 |},
    {| ZRange.lower := 0; ZRange.upper := 8796093022207 |})
    ({| ZRange.lower := 0; ZRange.upper := 4947802324992 |},
    {| ZRange.lower := 0; ZRange.upper := 4947802324992 |},
    {| ZRange.lower := 0; ZRange.upper := 9895604649984 |},
    {| ZRange.lower := 0; ZRange.upper := 4947802324992 |},
    {| ZRange.lower := 0; ZRange.upper := 4947802324992 |},
    {| ZRange.lower := 0; ZRange.upper := 9895604649984 |}) = true".

Command exited with non-zero status 1
src/Specific/solinas64_2e254m127x2e240m1/femul (real: 40.91, user: 12.35, sys: 0.19, mem: 814604 ko)
FINISHED CPU 12.51 MEM 1579288 MAXMEM 1579288 STALE 0 MAXMEM_RSS 813284
<time name="ALL">12440</time>
Makefile.coq:636: recipe for target 'src/Specific/solinas64_2e254m127x2e240m1/femul.vo' failed
make: *** [src/Specific/solinas64_2e254m127x2e240m1/femul.vo] Error 1
COQC src/Specific/montgomery32_2e198m17/feopp.v
Finished failing transaction in 39.318 secs (13.084u,0.015s) (failure)
File "./src/Specific/solinas64_2e256m2e224p2e192p2e96m1/fesquare.v", line 10, characters 7-24:
Error:
In nested Ltac calls to "synthesize_square", "synthesize_carry_square",
"synthesize_1arg_with_carry", "synthesize_with_carry", 
"synthesize", "Pipeline.refine_reflectively_gen",
"ReflectiveTactics.do_reflective_pipeline" and
"ReflectiveTactics.solve_side_conditions", last call failed.
The term "eq_refl" has type "true = true" while it is expected to have type
 "Interpretation.Bounds.is_tighter_thanb
    ({|
     ZRange.lower := -621654045521279559668525945242781686977165562720225721713209028248259155637457591191419;
     ZRange.upper := 621654045521279559668563431893451976612584072957406182572794757383906752752635617476632 |},
    {|
    ZRange.lower := -15177100720513508366558296147058741458143803430094840009779784451085189728165691392;
    ZRange.upper := 15177100720513508366558296147058741458143803430094840009779784451085189728165691392 |},
    {|
    ZRange.lower := -188719626672182348621526768194547748329954006899984591085875578830465;
    ZRange.upper := 188719626671623753997141267101540101287174253037008227737153555228173 |},
    {|
    ZRange.lower := -971334446112864535459730953416356939943845687591559640485657804552546494714625443671;
    ZRange.upper := 971334446112864535459730953416356939943861563805663310866410392129071601342970068992 |},
    {|
    ZRange.lower := -55213970774324510299478046898216203619608871777363092441300193790394368;
    ZRange.upper := 55213970774324510299478046898216203619608871777363092441300193790394368 |})
    ({| ZRange.lower := 0; ZRange.upper := 2533274790395904 |},
    {| ZRange.lower := 0; ZRange.upper := 2533274790395904 |},
    {| ZRange.lower := 0; ZRange.upper := 2533274790395904 |},
    {| ZRange.lower := 0; ZRange.upper := 2533274790395904 |},
    {| ZRange.lower := 0; ZRange.upper := 5066549580791808 |}) = true".

Command exited with non-zero status 1
src/Specific/solinas64_2e256m2e224p2e192p2e96m1/fesquare (real: 43.59, user: 14.17, sys: 0.16, mem: 807112 ko)
FINISHED CPU 14.22 MEM 1579004 MAXMEM 1579004 STALE 0 MAXMEM_RSS 805648
<time name="ALL">14310</time>
Makefile.coq:636: recipe for target 'src/Specific/solinas64_2e256m2e224p2e192p2e96m1/fesquare.vo' failed
make: *** [src/Specific/solinas64_2e256m2e224p2e192p2e96m1/fesquare.vo] Error 1
make: 'src/Specific/montgomery32_2e206m5/fenzDisplay.log' is up to date.
COQC src/Specific/montgomery32_2e198m17/fesub.v
Finished failing transaction in 43.933 secs (14.328u,0.008s) (failure)
File "./src/Specific/solinas64_2e256m2e224p2e192p2e96m1/femul.v", line 10, characters 7-21:
Error:
In nested Ltac calls to "synthesize_mul", "synthesize_carry_mul",
"synthesize_2arg_choice_with_carry", "synthesize_narg_choice_gen",
"synthesize" (bound to
fun get_op_sig =>
  synthesize_with_carry
   ltac:(IntegrationTestTemporaryMiscCommon.do_rewrite_with_2sig_add_carry)
   get_op_sig), "synthesize_with_carry", "synthesize", 
"synthesize" (bound to
fun get_op_sig =>
  synthesize_with_carry
   ltac:(IntegrationTestTemporaryMiscCommon.do_rewrite_with_2sig_add_carry)
   get_op_sig), "synthesize_with_carry", "synthesize",
"Pipeline.refine_reflectively_gen",
"ReflectiveTactics.do_reflective_pipeline" and
"ReflectiveTactics.solve_side_conditions", last call failed.
The term "eq_refl" has type "true = true" while it is expected to have type
 "Interpretation.Bounds.is_tighter_thanb
    ({|
     ZRange.lower := -621654045521279559668525945242781686977165562720225721713209028248259155637457591191419;
     ZRange.upper := 621654045521279559668563431893451976612584072957406182572794757383906752752635617476632 |},
    {|
    ZRange.lower := -15177100720513508366558296147058741458143803430094840009779784451085189728165691392;
    ZRange.upper := 15177100720513508366558296147058741458143803430094840009779784451085189728165691392 |},
    {|
    ZRange.lower := -188719626672182348621526768194547748329954006899984591085875578830465;
    ZRange.upper := 188719626671623753997141267101540101287174253037008227737153555228173 |},
    {|
    ZRange.lower := -971334446112864535459730953416356939943845687591559640485657804552546494714625443671;
    ZRange.upper := 971334446112864535459730953416356939943861563805663310866410392129071601342970068992 |},
    {|
    ZRange.lower := -55213970774324510299478046898216203619608871777363092441300193790394368;
    ZRange.upper := 55213970774324510299478046898216203619608871777363092441300193790394368 |})
    ({| ZRange.lower := 0; ZRange.upper := 2533274790395904 |},
    {| ZRange.lower := 0; ZRange.upper := 2533274790395904 |},
    {| ZRange.lower := 0; ZRange.upper := 2533274790395904 |},
    {| ZRange.lower := 0; ZRange.upper := 2533274790395904 |},
    {| ZRange.lower := 0; ZRange.upper := 5066549580791808 |}) = true".

Command exited with non-zero status 1
src/Specific/solinas64_2e256m2e224p2e192p2e96m1/femul (real: 47.77, user: 15.49, sys: 0.14, mem: 823032 ko)
FINISHED CPU 15.56 MEM 1579000 MAXMEM 1579000 STALE 0 MAXMEM_RSS 823632
<time name="ALL">15450</time>
Makefile.coq:636: recipe for target 'src/Specific/solinas64_2e256m2e224p2e192p2e96m1/femul.vo' failed
make: *** [src/Specific/solinas64_2e256m2e224p2e192p2e96m1/femul.vo] Error 1
make: 'src/Specific/montgomery32_2e206m5/feaddDisplay.log' is up to date.
COQC src/Specific/montgomery32_2e206m5/femul.v
Finished failing transaction in 63.412 secs (21.124u,0.023s) (failure)
File "./src/Specific/solinas64_2e322m2e161m1/fesquare.v", line 10, characters 7-24:
Error:
In nested Ltac calls to "synthesize_square", "synthesize_carry_square",
"synthesize_1arg_with_carry", "synthesize_with_carry", 
"synthesize", "Pipeline.refine_reflectively_gen",
"ReflectiveTactics.do_reflective_pipeline" and
"ReflectiveTactics.solve_side_conditions", last call failed.
The term "eq_refl" has type "true = true" while it is expected to have type
 "Interpretation.Bounds.is_tighter_thanb
    ({| ZRange.lower := 0; ZRange.upper := 70368744177663 |},
    {| ZRange.lower := 0; ZRange.upper := 70368744177663 |},
    {| ZRange.lower := 0; ZRange.upper := 13447678904735606112347 |},
    {| ZRange.lower := 0; ZRange.upper := 70368744177663 |},
    {| ZRange.lower := 0; ZRange.upper := 70368744177663 |},
    {| ZRange.lower := 0; ZRange.upper := 1673456984129615 |},
    {| ZRange.lower := 0; ZRange.upper := 70368744177663 |})
    ({| ZRange.lower := 0; ZRange.upper := 79164837199872 |},
    {| ZRange.lower := 0; ZRange.upper := 79164837199872 |},
    {| ZRange.lower := 0; ZRange.upper := 79164837199872 |},
    {| ZRange.lower := 0; ZRange.upper := 79164837199872 |},
    {| ZRange.lower := 0; ZRange.upper := 79164837199872 |},
    {| ZRange.lower := 0; ZRange.upper := 79164837199872 |},
    {| ZRange.lower := 0; ZRange.upper := 79164837199872 |}) = true".

Command exited with non-zero status 1
src/Specific/solinas64_2e322m2e161m1/fesquare (real: 67.60, user: 22.26, sys: 0.17, mem: 1045820 ko)
FINISHED CPU 22.27 MEM 1814604 MAXMEM 1814604 STALE 0 MAXMEM_RSS 1044232
<time name="ALL">22380</time>
Makefile.coq:636: recipe for target 'src/Specific/solinas64_2e322m2e161m1/fesquare.vo' failed
make: *** [src/Specific/solinas64_2e322m2e161m1/fesquare.vo] Error 1
COQC src/Specific/montgomery32_2e206m5/feopp.v
Finished failing transaction in 70.861 secs (24.08u,0.027s) (failure)
File "./src/Specific/solinas64_2e322m2e161m1/femul.v", line 10, characters 7-21:
Error:
In nested Ltac calls to "synthesize_mul", "synthesize_carry_mul",
"synthesize_2arg_choice_with_carry", "synthesize_narg_choice_gen",
"synthesize" (bound to
fun get_op_sig =>
  synthesize_with_carry
   ltac:(IntegrationTestTemporaryMiscCommon.do_rewrite_with_2sig_add_carry)
   get_op_sig), "synthesize_with_carry", "synthesize", 
"synthesize" (bound to
fun get_op_sig =>
  synthesize_with_carry
   ltac:(IntegrationTestTemporaryMiscCommon.do_rewrite_with_2sig_add_carry)
   get_op_sig), "synthesize_with_carry", "synthesize",
"Pipeline.refine_reflectively_gen",
"ReflectiveTactics.do_reflective_pipeline" and
"ReflectiveTactics.solve_side_conditions", last call failed.
The term "eq_refl" has type "true = true" while it is expected to have type
 "Interpretation.Bounds.is_tighter_thanb
    ({| ZRange.lower := 0; ZRange.upper := 70368744177663 |},
    {| ZRange.lower := 0; ZRange.upper := 70368744177663 |},
    {| ZRange.lower := 0; ZRange.upper := 13447678904735606112347 |},
    {| ZRange.lower := 0; ZRange.upper := 70368744177663 |},
    {| ZRange.lower := 0; ZRange.upper := 70368744177663 |},
    {| ZRange.lower := 0; ZRange.upper := 1673456984129615 |},
    {| ZRange.lower := 0; ZRange.upper := 70368744177663 |})
    ({| ZRange.lower := 0; ZRange.upper := 79164837199872 |},
    {| ZRange.lower := 0; ZRange.upper := 79164837199872 |},
    {| ZRange.lower := 0; ZRange.upper := 79164837199872 |},
    {| ZRange.lower := 0; ZRange.upper := 79164837199872 |},
    {| ZRange.lower := 0; ZRange.upper := 79164837199872 |},
    {| ZRange.lower := 0; ZRange.upper := 79164837199872 |},
    {| ZRange.lower := 0; ZRange.upper := 79164837199872 |}) = true".

Command exited with non-zero status 1
src/Specific/solinas64_2e322m2e161m1/femul (real: 75.37, user: 25.28, sys: 0.20, mem: 1058132 ko)
FINISHED CPU 25.37 MEM 1814604 MAXMEM 1814604 STALE 0 MAXMEM_RSS 1058672
<time name="ALL">25470</time>
Makefile.coq:636: recipe for target 'src/Specific/solinas64_2e322m2e161m1/femul.vo' failed
make: *** [src/Specific/solinas64_2e322m2e161m1/femul.vo] Error 1
make: 'src/Specific/montgomery32_2e212m29/fenzDisplay.log' is up to date.
COQC src/Specific/montgomery32_2e206m5/fesub.v
SIGNAL CPU 69.70 MEM 1471268 MAXMEM 1471268 STALE 0 MAXMEM_RSS 711460
SIGNAL CPU 67.37 MEM 1471268 MAXMEM 1471268 STALE 0 MAXMEM_RSS 709428
<time name="ALL">69810</time>
<time name="ALL">67460</time>
Makefile.coq:636: recipe for target 'src/Specific/montgomery32_2e196m15/fesub.vo' failed
make: *** [src/Specific/montgomery32_2e196m15/fesub.vo] Terminated
Makefile.coq:636: recipe for target 'src/Specific/montgomery32_2e198m17/feopp.vo' failed
make: *** [src/Specific/montgomery32_2e198m17/feopp.vo] Terminated
Makefile.coq:636: recipe for target 'src/Specific/montgomery32_2e198m17/fesub.vo' failed
make: *** [src/Specific/montgomery32_2e198m17/fesub.vo] Terminated
Makefile.coq:636: recipe for target 'src/Specific/montgomery32_2e206m5/femul.vo' failed
make: *** [src/Specific/montgomery32_2e206m5/femul.vo] Terminated
SIGNAL CPU 62.82 MEM 3551656 MAXMEM 3551656 STALE 0 MAXMEM_RSS 2730412
<time name="ALL">62760</time>
SIGNAL CPU 55.69 MEM 1471268 MAXMEM 1471268 STALE 0 MAXMEM_RSS 697192
<time name="ALL">55620</time>
make: 'src/Specific/montgomery32_2e212m29/feaddDisplay.log' is up to date.
Makefile.coq:636: recipe for target 'src/Specific/montgomery32_2e198m17/femul.vo' failed
make: *** [src/Specific/montgomery32_2e198m17/femul.vo] Terminated
Makefile.coq:636: recipe for target 'src/Specific/montgomery32_2e206m5/feopp.vo' failed
make: *** [src/Specific/montgomery32_2e206m5/feopp.vo] Terminated
Makefile.coq:636: recipe for target 'src/Specific/montgomery32_2e206m5/fesub.vo' failed
make: *** [src/Specific/montgomery32_2e206m5/fesub.vo] Terminated
make: 'src/Specific/montgomery32_2e213m3/fenzDisplay.log' is up to date.
make: 'src/Specific/montgomery32_2e213m3/feaddDisplay.log' is up to date.
make: 'src/Specific/montgomery32_2e221m3/fenzDisplay.log' is up to date.
make: 'src/Specific/montgomery32_2e221m3/feaddDisplay.log' is up to date.
SIGNAL CPU 64.37 MEM 1471268 MAXMEM 1471268 STALE 0 MAXMEM_RSS 698456
<time name="ALL">64450</time>
SIGNAL CPU 67.94 MEM 3551672 MAXMEM 3551672 STALE 0 MAXMEM_RSS 2803176
SIGNAL CPU 57.00 MEM 1471268 MAXMEM 1471268 STALE 0 MAXMEM_RSS 689844
<time name="ALL">57080</time>
<time name="ALL">68000</time>
COQC src/Specific/montgomery32_2e212m29/femul.v
COQC src/Specific/montgomery32_2e213m3/fesub.v
COQC src/Specific/montgomery32_2e213m3/femul.v
COQC src/Specific/montgomery32_2e213m3/feopp.v
COQC src/Specific/montgomery32_2e212m29/fesub.v
COQC src/Specific/montgomery32_2e212m29/feopp.v
COQC src/Specific/montgomery32_2e221m3/femul.v
