/home/jgross/.local64/coq/coq-8.7.0/bin/coq_makefile -f _CoqProject INSTALLDEFAULTROOT = Crypto -o Makefile-old
COQ_MAKEFILE -f _CoqProject > Makefile.coq
make: *** No rule to make target 'src/Specific/montgomery32_2e254m127x2e240m1/fibe.c'.  Stop.
make: *** No rule to make target 'src/Specific/montgomery32_2e254m127x2e240m1_8limbs/fibe.c'.  Stop.
make: *** No rule to make target 'src/Specific/montgomery32_2e256m88x2e240m1/fibe.c'.  Stop.
make: *** No rule to make target 'src/Specific/montgomery32_2e256m88x2e240m1_8limbs/fibe.c'.  Stop.
make: *** No rule to make target 'src/Specific/montgomery32_2e384m2e128m2e96p2e32m1/fibe.c'.  Stop.
make: *** No rule to make target 'src/Specific/montgomery32_2e384m2e128m2e96p2e32m1_12limbs/fibe.c'.  Stop.
make: *** No rule to make target 'src/Specific/montgomery32_2e384m5x2e368m1/fibe.c'.  Stop.
make: *** No rule to make target 'src/Specific/montgomery32_2e384m5x2e368m1_12limbs/fibe.c'.  Stop.
make: *** No rule to make target 'src/Specific/montgomery32_2e384m79x2e376m1/fibe.c'.  Stop.
make: *** No rule to make target 'src/Specific/montgomery32_2e384m79x2e376m1_12limbs/fibe.c'.  Stop.
make: *** No rule to make target 'src/Specific/montgomery32_2e450m2e225m1/fibe.c'.  Stop.
make: *** No rule to make target 'src/Specific/montgomery32_2e450m2e225m1_15limbs/fibe.c'.  Stop.
make: *** No rule to make target 'src/Specific/montgomery32_2e510m290x2e496m1/fibe.c'.  Stop.
make: *** No rule to make target 'src/Specific/montgomery32_2e510m290x2e496m1_16limbs/fibe.c'.  Stop.
make: *** No rule to make target 'src/Specific/montgomery32_2e511m481/fibe.c'.  Stop.
make: *** No rule to make target 'src/Specific/montgomery32_2e511m481_16limbs/fibe.c'.  Stop.
make: *** No rule to make target 'src/Specific/montgomery32_2e512m491x2e496m1/fibe.c'.  Stop.
make: *** No rule to make target 'src/Specific/montgomery32_2e512m491x2e496m1_16limbs/fibe.c'.  Stop.
make: *** No rule to make target 'src/Specific/montgomery32_2e512m569/fibe.c'.  Stop.
make: *** No rule to make target 'src/Specific/montgomery32_2e512m569_16limbs/fibe.c'.  Stop.
make: *** No rule to make target 'src/Specific/montgomery32_2e254m127x2e240m1/fibe'.  Stop.
make --no-print-directory -C coqprime
make[1]: Nothing to be done for 'all'.
COQC src/Specific/montgomery32_2e254m127x2e240m1_8limbs/femul.v
Finished transaction in 1314.157 secs (1264.484u,14.86s) (successful)
total time:   1279.316s

 tactic                                   local  total   calls       max 
────────────────────────────────────────┴──────┴──────┴───────┴─────────┘
─Pipeline.refine_reflectively_gen ------   0.0%  99.8%       1 1276.720s
─ReflectiveTactics.do_reflective_pipelin   0.0%  99.7%       1 1275.816s
─ReflectiveTactics.solve_side_conditions   0.1%  99.7%       1 1275.620s
─ReflectiveTactics.do_reify ------------   0.0%  92.4%       1 1181.456s
─Reify.Reify_rhs_gen -------------------   0.4%  92.3%       1 1180.276s
─Reify.do_reify_abs_goal ---------------  89.8%  89.8%       2 1149.080s
─Reify.do_reifyf_goal ------------------  89.7%  89.7%    3689 1148.128s
─eexact --------------------------------  14.0%  14.0%    3691    0.376s
─UnifyAbstractReflexivity.unify_transfor   5.8%   6.2%       8   20.996s

 tactic                                   local  total   calls       max 
────────────────────────────────────────┴──────┴──────┴───────┴─────────┘
─Pipeline.refine_reflectively_gen ------   0.0%  99.8%       1 1276.720s
└ReflectiveTactics.do_reflective_pipelin   0.0%  99.7%       1 1275.816s
└ReflectiveTactics.solve_side_conditions   0.1%  99.7%       1 1275.620s
 ├─ReflectiveTactics.do_reify ----------   0.0%  92.4%       1 1181.456s
 │└Reify.Reify_rhs_gen -----------------   0.4%  92.3%       1 1180.276s
 │└Reify.do_reify_abs_goal -------------  89.8%  89.8%       2 1149.080s
 │└Reify.do_reifyf_goal ----------------  89.7%  89.7%    3689 1148.128s
 │└eexact ------------------------------  14.0%  14.0%    3689    0.376s
 └─UnifyAbstractReflexivity.unify_transf   5.8%   6.2%       8   20.996s

Finished transaction in 298.051 secs (279.407u,18.552s) (successful)
Closed under the global context
total time:   1279.316s

 tactic                                   local  total   calls       max 
────────────────────────────────────────┴──────┴──────┴───────┴─────────┘
─Pipeline.refine_reflectively_gen ------   0.0%  99.8%       1 1276.720s
─ReflectiveTactics.do_reflective_pipelin   0.0%  99.7%       1 1275.816s
─ReflectiveTactics.solve_side_conditions   0.1%  99.7%       1 1275.620s
─ReflectiveTactics.do_reify ------------   0.0%  92.4%       1 1181.456s
─Reify.Reify_rhs_gen -------------------   0.4%  92.3%       1 1180.276s
─Reify.do_reify_abs_goal ---------------  89.8%  89.8%       2 1149.080s
─Reify.do_reifyf_goal ------------------  89.7%  89.7%    3689 1148.128s
─eexact --------------------------------  14.0%  14.0%    3691    0.376s
─UnifyAbstractReflexivity.unify_transfor   5.8%   6.2%       8   20.996s

 tactic                                   local  total   calls       max 
────────────────────────────────────────┴──────┴──────┴───────┴─────────┘
─Pipeline.refine_reflectively_gen ------   0.0%  99.8%       1 1276.720s
└ReflectiveTactics.do_reflective_pipelin   0.0%  99.7%       1 1275.816s
└ReflectiveTactics.solve_side_conditions   0.1%  99.7%       1 1275.620s
 ├─ReflectiveTactics.do_reify ----------   0.0%  92.4%       1 1181.456s
 │└Reify.Reify_rhs_gen -----------------   0.4%  92.3%       1 1180.276s
 │└Reify.do_reify_abs_goal -------------  89.8%  89.8%       2 1149.080s
 │└Reify.do_reifyf_goal ----------------  89.7%  89.7%    3689 1148.128s
 │└eexact ------------------------------  14.0%  14.0%    3689    0.376s
 └─UnifyAbstractReflexivity.unify_transf   5.8%   6.2%       8   20.996s

src/Specific/montgomery32_2e254m127x2e240m1_8limbs/femul (real: 1646.03, user: 1576.71, sys: 34.24, mem: 52836436 ko)
FINISHED CPU 1610.90 MEM 4236 MAXMEM 53540508 STALE 0 MAXMEM_RSS 52818620
<time name="ALL">1610940</time>
COQC src/Specific/montgomery32_2e254m127x2e240m1_8limbs/femulDisplay > src/Specific/montgomery32_2e254m127x2e240m1_8limbs/femulDisplay.log
./src/Specific/Framework/bench/prettyprint.py femul < src/Specific/montgomery32_2e254m127x2e240m1_8limbs/femulDisplay.log > src/Specific/montgomery32_2e254m127x2e240m1_8limbs/femul.c
make: *** No rule to make target 'src/Specific/montgomery32_2e254m127x2e240m1_8limbs/fesquare.c', needed by 'src/Specific/montgomery32_2e254m127x2e240m1_8limbs/fibe'.  Stop.
make: *** No rule to make target 'src/Specific/montgomery32_2e256m88x2e240m1/fibe'.  Stop.
make --no-print-directory -C coqprime
make[1]: Nothing to be done for 'all'.
COQC src/Specific/montgomery32_2e256m88x2e240m1_8limbs/femul.v
Finished transaction in 1143.247 secs (1140.572u,2.695s) (successful)
total time:   1143.240s

 tactic                                   local  total   calls       max 
────────────────────────────────────────┴──────┴──────┴───────┴─────────┘
─Pipeline.refine_reflectively_gen ------   0.0%  99.8%       1 1140.656s
─ReflectiveTactics.do_reflective_pipelin   0.0%  99.7%       1 1139.748s
─ReflectiveTactics.solve_side_conditions   0.1%  99.7%       1 1139.552s
─ReflectiveTactics.do_reify ------------   0.0%  94.0%       1 1075.096s
─Reify.Reify_rhs_gen -------------------   0.3%  94.0%       1 1074.244s
─Reify.do_reify_abs_goal ---------------  92.2%  92.3%       2 1054.764s
─Reify.do_reifyf_goal ------------------  92.2%  92.2%    3689 1053.948s
─eexact --------------------------------  13.5%  13.5%    3691    0.312s
─UnifyAbstractReflexivity.unify_transfor   4.4%   4.7%       8   11.432s

 tactic                                   local  total   calls       max 
────────────────────────────────────────┴──────┴──────┴───────┴─────────┘
─Pipeline.refine_reflectively_gen ------   0.0%  99.8%       1 1140.656s
└ReflectiveTactics.do_reflective_pipelin   0.0%  99.7%       1 1139.748s
└ReflectiveTactics.solve_side_conditions   0.1%  99.7%       1 1139.552s
 ├─ReflectiveTactics.do_reify ----------   0.0%  94.0%       1 1075.096s
 │└Reify.Reify_rhs_gen -----------------   0.3%  94.0%       1 1074.244s
 │└Reify.do_reify_abs_goal -------------  92.2%  92.3%       2 1054.764s
 │└Reify.do_reifyf_goal ----------------  92.2%  92.2%    3689 1053.948s
 │└eexact ------------------------------  13.5%  13.5%    3689    0.312s
 └─UnifyAbstractReflexivity.unify_transf   4.4%   4.7%       8   11.432s

Finished transaction in 300.938 secs (272.728u,28.216s) (successful)
Closed under the global context
total time:   1143.240s

 tactic                                   local  total   calls       max 
────────────────────────────────────────┴──────┴──────┴───────┴─────────┘
─Pipeline.refine_reflectively_gen ------   0.0%  99.8%       1 1140.656s
─ReflectiveTactics.do_reflective_pipelin   0.0%  99.7%       1 1139.748s
─ReflectiveTactics.solve_side_conditions   0.1%  99.7%       1 1139.552s
─ReflectiveTactics.do_reify ------------   0.0%  94.0%       1 1075.096s
─Reify.Reify_rhs_gen -------------------   0.3%  94.0%       1 1074.244s
─Reify.do_reify_abs_goal ---------------  92.2%  92.3%       2 1054.764s
─Reify.do_reifyf_goal ------------------  92.2%  92.2%    3689 1053.948s
─eexact --------------------------------  13.5%  13.5%    3691    0.312s
─UnifyAbstractReflexivity.unify_transfor   4.4%   4.7%       8   11.432s

 tactic                                   local  total   calls       max 
────────────────────────────────────────┴──────┴──────┴───────┴─────────┘
─Pipeline.refine_reflectively_gen ------   0.0%  99.8%       1 1140.656s
└ReflectiveTactics.do_reflective_pipelin   0.0%  99.7%       1 1139.748s
└ReflectiveTactics.solve_side_conditions   0.1%  99.7%       1 1139.552s
 ├─ReflectiveTactics.do_reify ----------   0.0%  94.0%       1 1075.096s
 │└Reify.Reify_rhs_gen -----------------   0.3%  94.0%       1 1074.244s
 │└Reify.do_reify_abs_goal -------------  92.2%  92.3%       2 1054.764s
 │└Reify.do_reifyf_goal ----------------  92.2%  92.2%    3689 1053.948s
 │└eexact ------------------------------  13.5%  13.5%    3689    0.312s
 └─UnifyAbstractReflexivity.unify_transf   4.4%   4.7%       8   11.432s

src/Specific/montgomery32_2e256m88x2e240m1_8limbs/femul (real: 1477.03, user: 1445.06, sys: 31.98, mem: 52837872 ko)
FINISHED CPU 1476.97 MEM 4236 MAXMEM 53569556 STALE 0 MAXMEM_RSS 52838548
<time name="ALL">1477010</time>
COQC src/Specific/montgomery32_2e256m88x2e240m1_8limbs/femulDisplay > src/Specific/montgomery32_2e256m88x2e240m1_8limbs/femulDisplay.log
./src/Specific/Framework/bench/prettyprint.py femul < src/Specific/montgomery32_2e256m88x2e240m1_8limbs/femulDisplay.log > src/Specific/montgomery32_2e256m88x2e240m1_8limbs/femul.c
COQC src/Specific/montgomery32_2e256m88x2e240m1_8limbs/fesub.v
/home/jgross/.local64/coq/coq-8.7.0/bin/coq_makefile -f _CoqProject INSTALLDEFAULTROOT = Crypto -o Makefile-old
COQ_MAKEFILE -f _CoqProject > Makefile.coq
make: *** No rule to make target 'src/Specific/montgomery32_2e384m2e128m2e96p2e32m1/fibe'.  Stop.
make --no-print-directory -C coqprime
make[1]: Nothing to be done for 'all'.
COQC src/Specific/montgomery32_2e384m2e128m2e96p2e32m1_12limbs/femul.v
make: *** No rule to make target 'src/Specific/montgomery32_2e384m5x2e368m1/fibe'.  Stop.
make: *** No rule to make target 'src/Specific/montgomery32_2e254m127x2e240m1/fibe'.  Stop.
make --no-print-directory -C coqprime
make[1]: Nothing to be done for 'all'.
COQC src/Specific/montgomery32_2e254m127x2e240m1_8limbs/fesub.v
/home/jgross/.local64/coq/coq-8.7.0/bin/coq_makefile -f _CoqProject INSTALLDEFAULTROOT = Crypto -o Makefile-old
COQ_MAKEFILE -f _CoqProject > Makefile.coq
make: *** No rule to make target 'src/Specific/montgomery32_2e254m127x2e240m1/femul.c'.  Stop.
make --no-print-directory -C coqprime
make[1]: Nothing to be done for 'all'.
make: *** No rule to make target 'src/Specific/montgomery32_2e256m88x2e240m1/femul.c'.  Stop.
make --no-print-directory -C coqprime
make[1]: Nothing to be done for 'all'.
make: *** No rule to make target 'src/Specific/montgomery32_2e384m2e128m2e96p2e32m1/femul.c'.  Stop.
make --no-print-directory -C coqprime
make[1]: Nothing to be done for 'all'.
COQC src/Specific/montgomery32_2e384m2e128m2e96p2e32m1_12limbs/femul.v
Finished failing transaction in 1618.919 secs (1593.148u,25.596s) (failure)
File "./src/Specific/montgomery32_2e384m2e128m2e96p2e32m1_12limbs/femul.v", line 10, characters 2-25:
Error: Out of memory.

Command exited with non-zero status 1
src/Specific/montgomery32_2e384m2e128m2e96p2e32m1_12limbs/femul (real: 1620.97, user: 1594.68, sys: 26.07, mem: 39973900 ko)
FINISHED CPU 1620.68 MEM 4236 MAXMEM 40783240 STALE 0 MAXMEM_RSS 39974692
<time name="ALL">1620730</time>
Makefile.coq:639: recipe for target 'src/Specific/montgomery32_2e384m2e128m2e96p2e32m1_12limbs/femul.vo' failed
make: *** [src/Specific/montgomery32_2e384m2e128m2e96p2e32m1_12limbs/femul.vo] Error 1
make: *** No rule to make target 'src/Specific/montgomery32_2e384m5x2e368m1/femul.c'.  Stop.
make --no-print-directory -C coqprime
make[1]: Nothing to be done for 'all'.
COQC src/Specific/montgomery32_2e384m5x2e368m1_12limbs/femul.v
Finished failing transaction in 2134.606 secs (2100.584u,14.056s) (failure)
File "./src/Specific/montgomery32_2e384m5x2e368m1_12limbs/femul.v", line 10, characters 2-25:
Error: Out of memory.

Command exited with non-zero status 1
src/Specific/montgomery32_2e384m5x2e368m1_12limbs/femul (real: 2136.74, user: 2101.98, sys: 14.53, mem: 39973604 ko)
FINISHED CPU 2116.49 MEM 4236 MAXMEM 40783244 STALE 0 MAXMEM_RSS 39974268
<time name="ALL">2116370</time>
Makefile.coq:639: recipe for target 'src/Specific/montgomery32_2e384m5x2e368m1_12limbs/femul.vo' failed
make: *** [src/Specific/montgomery32_2e384m5x2e368m1_12limbs/femul.vo] Error 1
/home/jgross/.local64/coq/coq-8.7.0/bin/coq_makefile -f _CoqProject INSTALLDEFAULTROOT = Crypto -o Makefile-old
COQ_MAKEFILE -f _CoqProject > Makefile.coq
make: *** No rule to make target 'src/Specific/montgomery32_2e384m79x2e376m1/femul.c'.  Stop.
make --no-print-directory -C coqprime
make[1]: Nothing to be done for 'all'.
COQC src/Specific/montgomery32_2e384m79x2e376m1_12limbs/femul.v
Finished failing transaction in 1396.089 secs (1382.879u,13.232s) (failure)
File "./src/Specific/montgomery32_2e384m79x2e376m1_12limbs/femul.v", line 10, characters 2-25:
Error: Out of memory.

Command exited with non-zero status 1
src/Specific/montgomery32_2e384m79x2e376m1_12limbs/femul (real: 1397.88, user: 1384.24, sys: 13.63, mem: 39973924 ko)
FINISHED CPU 1397.86 MEM 4236 MAXMEM 40783248 STALE 0 MAXMEM_RSS 39974584
<time name="ALL">1397740</time>
Makefile.coq:639: recipe for target 'src/Specific/montgomery32_2e384m79x2e376m1_12limbs/femul.vo' failed
make: *** [src/Specific/montgomery32_2e384m79x2e376m1_12limbs/femul.vo] Error 1
make: *** No rule to make target 'src/Specific/montgomery32_2e450m2e225m1/femul.c'.  Stop.
make --no-print-directory -C coqprime
make[1]: Nothing to be done for 'all'.
COQC src/Specific/montgomery32_2e450m2e225m1_15limbs/femul.v
Finished failing transaction in 1489.967 secs (1464.836u,25.044s) (failure)
File "./src/Specific/montgomery32_2e450m2e225m1_15limbs/femul.v", line 10, characters 2-25:
Error: Out of memory.

Command exited with non-zero status 1
src/Specific/montgomery32_2e450m2e225m1_15limbs/femul (real: 1491.99, user: 1466.23, sys: 25.62, mem: 43348128 ko)
FINISHED CPU 1491.81 MEM 4236 MAXMEM 44157592 STALE 0 MAXMEM_RSS 43348800
<time name="ALL">1491850</time>
Makefile.coq:639: recipe for target 'src/Specific/montgomery32_2e450m2e225m1_15limbs/femul.vo' failed
make: *** [src/Specific/montgomery32_2e450m2e225m1_15limbs/femul.vo] Error 1
make: *** No rule to make target 'src/Specific/montgomery32_2e510m290x2e496m1/femul.c'.  Stop.
make --no-print-directory -C coqprime
make[1]: Nothing to be done for 'all'.
COQC src/Specific/montgomery32_2e510m290x2e496m1_16limbs/femul.v
Finished failing transaction in 1511.266 secs (1467.628u,23.956s) (failure)
File "./src/Specific/montgomery32_2e510m290x2e496m1_16limbs/femul.v", line 10, characters 2-25:
Error: Out of memory.

Command exited with non-zero status 1
src/Specific/montgomery32_2e510m290x2e496m1_16limbs/femul (real: 1513.87, user: 1469.07, sys: 24.58, mem: 43689784 ko)
FINISHED CPU 1493.65 MEM 0 MAXMEM 44509472 STALE 0 MAXMEM_RSS 43681336
<time name="ALL">1493540</time>
Makefile.coq:639: recipe for target 'src/Specific/montgomery32_2e510m290x2e496m1_16limbs/femul.vo' failed
make: *** [src/Specific/montgomery32_2e510m290x2e496m1_16limbs/femul.vo] Error 1
/home/jgross/.local64/coq/coq-8.7.0/bin/coq_makefile -f _CoqProject INSTALLDEFAULTROOT = Crypto -o Makefile-old
COQ_MAKEFILE -f _CoqProject > Makefile.coq
make: *** No rule to make target 'src/Specific/montgomery32_2e511m481/femul.c'.  Stop.
make --no-print-directory -C coqprime
make[1]: Nothing to be done for 'all'.
COQC src/Specific/montgomery32_2e511m481_16limbs/femul.v
Finished failing transaction in 1462.169 secs (1449.18u,13.024s) (failure)
File "./src/Specific/montgomery32_2e511m481_16limbs/femul.v", line 10, characters 2-25:
Error: Out of memory.

Command exited with non-zero status 1
src/Specific/montgomery32_2e511m481_16limbs/femul (real: 1464.33, user: 1450.61, sys: 13.37, mem: 43185536 ko)
FINISHED CPU 1463.85 MEM 4236 MAXMEM 43985880 STALE 0 MAXMEM_RSS 43186176
<time name="ALL">1463890</time>
Makefile.coq:639: recipe for target 'src/Specific/montgomery32_2e511m481_16limbs/femul.vo' failed
make: *** [src/Specific/montgomery32_2e511m481_16limbs/femul.vo] Error 1
make: *** No rule to make target 'src/Specific/montgomery32_2e512m491x2e496m1/femul.c'.  Stop.
make --no-print-directory -C coqprime
make[1]: Nothing to be done for 'all'.
COQC src/Specific/montgomery32_2e512m491x2e496m1_16limbs/femul.v
Finished failing transaction in 1470.01 secs (1440.556u,9.98s) (failure)
File "./src/Specific/montgomery32_2e512m491x2e496m1_16limbs/femul.v", line 10, characters 2-25:
Error: Out of memory.

Command exited with non-zero status 1
src/Specific/montgomery32_2e512m491x2e496m1_16limbs/femul (real: 1471.84, user: 1441.98, sys: 10.32, mem: 43706836 ko)
FINISHED CPU 1452.23 MEM 4236 MAXMEM 44507240 STALE 0 MAXMEM_RSS 43707636
<time name="ALL">1452270</time>
Makefile.coq:639: recipe for target 'src/Specific/montgomery32_2e512m491x2e496m1_16limbs/femul.vo' failed
make: *** [src/Specific/montgomery32_2e512m491x2e496m1_16limbs/femul.vo] Error 1
/home/jgross/.local64/coq/coq-8.7.0/bin/coq_makefile -f _CoqProject INSTALLDEFAULTROOT = Crypto -o Makefile-old
COQ_MAKEFILE -f _CoqProject > Makefile.coq
make: *** No rule to make target 'src/Specific/montgomery32_2e512m569/femul.c'.  Stop.
make --no-print-directory -C coqprime
make[1]: Nothing to be done for 'all'.
COQC src/Specific/montgomery32_2e512m569_16limbs/femul.v
Finished failing transaction in 1512.875 secs (1503.692u,9.016s) (failure)
File "./src/Specific/montgomery32_2e512m569_16limbs/femul.v", line 10, characters 2-25:
Error: Out of memory.

Command exited with non-zero status 1
src/Specific/montgomery32_2e512m569_16limbs/femul (real: 1514.67, user: 1504.81, sys: 9.39, mem: 43188232 ko)
FINISHED CPU 1514.14 MEM 4236 MAXMEM 43986848 STALE 0 MAXMEM_RSS 43188880
<time name="ALL">1514190</time>
Makefile.coq:639: recipe for target 'src/Specific/montgomery32_2e512m569_16limbs/femul.vo' failed
make: *** [src/Specific/montgomery32_2e512m569_16limbs/femul.vo] Error 1
/home/jgross/.local64/coq/coq-8.7.0/bin/coq_makefile -f _CoqProject INSTALLDEFAULTROOT = Crypto -o Makefile-old
COQ_MAKEFILE -f _CoqProject > Makefile.coq
make: *** No rule to make target 'src/Specific/montgomery32_2e254m127x2e240m1/fibe'.  Stop.
make --no-print-directory -C coqprime
make[1]: Nothing to be done for 'all'.
COQC src/Specific/montgomery32_2e254m127x2e240m1_8limbs/fesub.v
make: *** No rule to make target 'src/Specific/montgomery32_2e256m88x2e240m1/fibe'.  Stop.
make --no-print-directory -C coqprime
make[1]: Nothing to be done for 'all'.
COQC src/Specific/montgomery32_2e256m88x2e240m1_8limbs/fesub.v
make: *** No rule to make target 'src/Specific/montgomery32_2e254m127x2e240m1/fibe'.
make --no-print-directory -C coqprime
make[1]: Nothing to be done for 'all'.
COQC src/Specific/montgomery32_2e254m127x2e240m1_8limbs/fesub.v
make: *** No rule to make target 'src/Specific/montgomery32_2e256m88x2e240m1/fibe'.
make --no-print-directory -C coqprime
make[1]: Nothing to be done for 'all'.
COQC src/Specific/montgomery32_2e256m88x2e240m1_8limbs/fesub.v
make --no-print-directory -C coqprime
make[1]: Nothing to be done for 'all'.
COQC src/Util/Decidable/Bool2Prop.v
COQC src/Algebra/Field_test.v
COQC src/Arithmetic/BarrettReduction/Generalized.v
COQC src/Arithmetic/BarrettReduction/HAC.v
COQC src/Arithmetic/BarrettReduction/Wikipedia.v
COQC src/Arithmetic/MontgomeryReduction/Definition.v
src/Util/Decidable/Bool2Prop (real: 0.43, user: 0.30, sys: 0.10, mem: 271400 ko)
FINISHED CPU 0.32 MEM 732364 MAXMEM 732364 STALE 0 MAXMEM_RSS 259032
<time name="ALL">390</time>
COQC src/Util/Tactics/SimplifyRepeatedIfs.v
src/Util/Tactics/SimplifyRepeatedIfs (real: 0.15, user: 0.06, sys: 0.07, mem: 67140 ko)
FINISHED CPU 0.13 MEM 402856 MAXMEM 402856 STALE 0 MAXMEM_RSS 0
COQC src/Arithmetic/MontgomeryReduction/WordByWord/Abstract/Definition.v
src/Arithmetic/MontgomeryReduction/Definition (real: 0.74, user: 0.62, sys: 0.11, mem: 461732 ko)
FINISHED CPU 0.70 MEM 990856 MAXMEM 990856 STALE 0 MAXMEM_RSS 361364
<time name="ALL">580</time>
COQC src/Compilers/Named/AListContext.v
src/Arithmetic/MontgomeryReduction/WordByWord/Abstract/Definition (real: 0.50, user: 0.38, sys: 0.12, mem: 326908 ko)
FINISHED CPU 0.33 MEM 682400 MAXMEM 682400 STALE 0 MAXMEM_RSS 253220
<time name="ALL">400</time>
COQC src/Compilers/Map.v
src/Compilers/Map (real: 0.13, user: 0.09, sys: 0.03, mem: 82044 ko)
FINISHED CPU 0.11 MEM 0 MAXMEM 0 STALE 0 MAXMEM_RSS 0
COQC src/Compilers/FilterLive.v
src/Compilers/Named/AListContext (real: 1.29, user: 1.14, sys: 0.13, mem: 447568 ko)
FINISHED CPU 1.13 MEM 932684 MAXMEM 932684 STALE 0 MAXMEM_RSS 448000
<time name="ALL">1210</time>
COQC src/Compilers/FoldTypes.v
src/Compilers/FilterLive (real: 0.62, user: 0.46, sys: 0.14, mem: 375280 ko)
FINISHED CPU 0.54 MEM 885308 MAXMEM 885308 STALE 0 MAXMEM_RSS 343652
<time name="ALL">600</time>
COQC src/Compilers/GeneralizeVar.v
src/Arithmetic/BarrettReduction/Wikipedia (real: 2.47, user: 2.34, sys: 0.10, mem: 474228 ko)
FINISHED CPU 2.31 MEM 1012760 MAXMEM 1012760 STALE 0 MAXMEM_RSS 473552
<time name="ALL">2400</time>
COQC src/Compilers/InlineConstAndOp.v
src/Compilers/FoldTypes (real: 0.57, user: 0.43, sys: 0.12, mem: 371708 ko)
FINISHED CPU 0.49 MEM 885568 MAXMEM 885568 STALE 0 MAXMEM_RSS 347256
<time name="ALL">550</time>
COQC src/Compilers/InlineConstAndOpByRewrite.v
src/Compilers/GeneralizeVar (real: 0.64, user: 0.50, sys: 0.14, mem: 399692 ko)
FINISHED CPU 0.54 MEM 894448 MAXMEM 894448 STALE 0 MAXMEM_RSS 373676
<time name="ALL">610</time>
COQC src/Compilers/InterpByIso.v
src/Compilers/InlineConstAndOp (real: 0.70, user: 0.58, sys: 0.10, mem: 444988 ko)
FINISHED CPU 0.52 MEM 908876 MAXMEM 908876 STALE 0 MAXMEM_RSS 380664
<time name="ALL">590</time>
COQC src/Compilers/InterpWf.v
make --no-print-directory -C coqprime
make[1]: Nothing to be done for 'all'.
make: 'src/Specific/montgomery32_2e254m127x2e240m1_8limbs/femulDisplay.vo' is up to date.
make: 'src/Specific/montgomery32_2e254m127x2e240m1_8limbs/feadd.vo' is up to date.
make: 'src/Specific/montgomery32_2e254m127x2e240m1_8limbs/feaddDisplay.vo' is up to date.
make: 'src/Specific/montgomery32_2e254m127x2e240m1_8limbs/femul.vo' is up to date.
make: 'src/Specific/montgomery32_2e254m127x2e240m1_8limbs/fenz.vo' is up to date.
COQC src/Specific/montgomery32_2e254m127x2e240m1_8limbs/fesub.v
COQC src/Specific/montgomery32_2e254m127x2e240m1_8limbs/feopp.v
make --no-print-directory -C coqprime
make[1]: Nothing to be done for 'all'.
make: 'src/Specific/montgomery32_2e254m127x2e240m1_8limbs/femulDisplay.vo' is up to date.
make: 'src/Specific/montgomery32_2e254m127x2e240m1_8limbs/feadd.vo' is up to date.
make: 'src/Specific/montgomery32_2e254m127x2e240m1_8limbs/feaddDisplay.vo' is up to date.
make: 'src/Specific/montgomery32_2e254m127x2e240m1_8limbs/femul.vo' is up to date.
make: 'src/Specific/montgomery32_2e254m127x2e240m1_8limbs/fenz.vo' is up to date.
COQC src/Specific/montgomery32_2e254m127x2e240m1_8limbs/fesub.v
COQC src/Specific/montgomery32_2e254m127x2e240m1_8limbs/feopp.v
make --no-print-directory -C coqprime
make[1]: Nothing to be done for 'all'.
make: 'src/Specific/montgomery32_2e256m88x2e240m1_8limbs/femulDisplay.vo' is up to date.
make: 'src/Specific/montgomery32_2e256m88x2e240m1_8limbs/feadd.vo' is up to date.
make: 'src/Specific/montgomery32_2e256m88x2e240m1_8limbs/feaddDisplay.vo' is up to date.
make: 'src/Specific/montgomery32_2e256m88x2e240m1_8limbs/femul.vo' is up to date.
make: 'src/Specific/montgomery32_2e256m88x2e240m1_8limbs/fenz.vo' is up to date.
COQC src/Specific/montgomery32_2e256m88x2e240m1_8limbs/fesub.v
COQC src/Specific/montgomery32_2e256m88x2e240m1_8limbs/feopp.v
make --no-print-directory -C coqprime
make[1]: Nothing to be done for 'all'.
make: 'src/Specific/montgomery32_2e254m127x2e240m1_8limbs/femul.c' is up to date.
make: 'src/Specific/montgomery32_2e254m127x2e240m1_8limbs/feadd.c' is up to date.
COQC src/Specific/montgomery32_2e254m127x2e240m1_8limbs/feopp.v
COQC src/Specific/montgomery32_2e254m127x2e240m1_8limbs/fesub.v
make --no-print-directory -C coqprime
make[1]: Nothing to be done for 'all'.
make: 'src/Specific/montgomery32_2e256m88x2e240m1_8limbs/femul.c' is up to date.
make: 'src/Specific/montgomery32_2e256m88x2e240m1_8limbs/feadd.c' is up to date.
COQC src/Specific/montgomery32_2e256m88x2e240m1_8limbs/feopp.v
COQC src/Specific/montgomery32_2e256m88x2e240m1_8limbs/fesub.v
make --no-print-directory -C coqprime
make[1]: Nothing to be done for 'all'.
make: 'src/Specific/montgomery32_2e254m127x2e240m1_8limbs/femul.c' is up to date.
make: 'src/Specific/montgomery32_2e254m127x2e240m1_8limbs/fenz.c' is up to date.
COQC src/Specific/montgomery32_2e254m127x2e240m1_8limbs/feopp.v
COQC src/Specific/montgomery32_2e254m127x2e240m1_8limbs/fesub.v
make --no-print-directory -C coqprime
make[1]: Nothing to be done for 'all'.
make: 'src/Specific/montgomery32_2e254m127x2e240m1_8limbs/femul.vo' is up to date.
make: 'src/Specific/montgomery32_2e254m127x2e240m1_8limbs/fenz.vo' is up to date.
make: 'src/Specific/montgomery32_2e254m127x2e240m1_8limbs/feadd.c' is up to date.
make: 'src/Specific/montgomery32_2e254m127x2e240m1_8limbs/femul.c' is up to date.
make: 'src/Specific/montgomery32_2e254m127x2e240m1_8limbs/fenz.c' is up to date.
COQC src/Specific/montgomery32_2e254m127x2e240m1_8limbs/feopp.v
COQC src/Specific/montgomery32_2e254m127x2e240m1_8limbs/fesub.v
Finished transaction in 64243.064 secs (63753.6u,4.883s) (successful)
total time:  63758.452s

 tactic                                   local  total   calls       max 
────────────────────────────────────────┴──────┴──────┴───────┴─────────┘
─synthesize_montgomery -----------------  -0.0% 100.0%       163750.620s
─IntegrationTestTemporaryMiscCommon.fact  42.0% 100.0%       163749.284s
─reflexivity ---------------------------  58.0%  58.0%       836976.308s

 tactic                                   local  total   calls       max 
────────────────────────────────────────┴──────┴──────┴───────┴─────────┘
─synthesize_montgomery -----------------  -0.0% 100.0%       163750.620s
└IntegrationTestTemporaryMiscCommon.fact  42.0% 100.0%       163749.284s
└reflexivity ---------------------------  58.0%  58.0%       136976.308s

Finished transaction in 21.803 secs (21.804u,0.s) (successful)
Closed under the global context
total time:  63758.452s

 tactic                                   local  total   calls       max 
────────────────────────────────────────┴──────┴──────┴───────┴─────────┘
─synthesize_montgomery -----------------  -0.0% 100.0%       163750.620s
─IntegrationTestTemporaryMiscCommon.fact  42.0% 100.0%       163749.284s
─reflexivity ---------------------------  58.0%  58.0%       836976.308s

 tactic                                   local  total   calls       max 
────────────────────────────────────────┴──────┴──────┴───────┴─────────┘
─synthesize_montgomery -----------------  -0.0% 100.0%       163750.620s
└IntegrationTestTemporaryMiscCommon.fact  42.0% 100.0%       163749.284s
└reflexivity ---------------------------  58.0%  58.0%       136976.308s

src/Specific/montgomery32_2e254m127x2e240m1_8limbs/fesub (real: 64274.87, user: 63785.16, sys: 5.10, mem: 1043932 ko)
FINISHED CPU 63790.16 MEM 1801252 MAXMEM 1801252 STALE 0 MAXMEM_RSS 1036416
<time name="ALL">63790200</time>
COQC src/Specific/montgomery32_2e254m127x2e240m1_8limbs/fesubDisplay > src/Specific/montgomery32_2e254m127x2e240m1_8limbs/fesubDisplay.log
./src/Specific/Framework/bench/prettyprint.py fesub < src/Specific/montgomery32_2e254m127x2e240m1_8limbs/fesubDisplay.log > src/Specific/montgomery32_2e254m127x2e240m1_8limbs/fesub.c
sh src/Specific/montgomery32_2e254m127x2e240m1_8limbs/compiler.sh -I liblow/ liblow/cmovznz.c src/Specific/Framework/bench/fibe.c -I src/Specific/montgomery32_2e254m127x2e240m1_8limbs/ -o src/Specific/montgomery32_2e254m127x2e240m1_8limbs/fibe
clang: error: invalid linker name in argument '-fuse-ld=lld'
Makefile:321: recipe for target 'src/Specific/montgomery32_2e254m127x2e240m1_8limbs/fibe' failed
make: *** [src/Specific/montgomery32_2e254m127x2e240m1_8limbs/fibe] Error 1
Finished transaction in 38529.686 secs (38235.808u,2.587s) (successful)
total time:  38238.368s

 tactic                                   local  total   calls       max 
────────────────────────────────────────┴──────┴──────┴───────┴─────────┘
─synthesize_montgomery -----------------   0.0% 100.0%       138234.548s
─IntegrationTestTemporaryMiscCommon.fact  41.8% 100.0%       138233.920s
─reflexivity ---------------------------  58.2%  58.2%       822251.688s

 tactic                                   local  total   calls       max 
────────────────────────────────────────┴──────┴──────┴───────┴─────────┘
─synthesize_montgomery -----------------   0.0% 100.0%       138234.548s
└IntegrationTestTemporaryMiscCommon.fact  41.8% 100.0%       138233.920s
└reflexivity ---------------------------  58.2%  58.2%       122251.688s

Finished transaction in 10.783 secs (10.783u,0.s) (successful)
Closed under the global context
total time:  38238.368s

 tactic                                   local  total   calls       max 
────────────────────────────────────────┴──────┴──────┴───────┴─────────┘
─synthesize_montgomery -----------------   0.0% 100.0%       138234.548s
─IntegrationTestTemporaryMiscCommon.fact  41.8% 100.0%       138233.920s
─reflexivity ---------------------------  58.2%  58.2%       822251.688s

 tactic                                   local  total   calls       max 
────────────────────────────────────────┴──────┴──────┴───────┴─────────┘
─synthesize_montgomery -----------------   0.0% 100.0%       138234.548s
└IntegrationTestTemporaryMiscCommon.fact  41.8% 100.0%       138233.920s
└reflexivity ---------------------------  58.2%  58.2%       122251.688s

src/Specific/montgomery32_2e254m127x2e240m1_8limbs/feopp (real: 38549.04, user: 38255.02, sys: 2.73, mem: 992308 ko)
FINISHED CPU 38257.75 MEM 0 MAXMEM 1801252 STALE 0 MAXMEM_RSS 992784
<time name="ALL">38257640</time>
COQC src/Specific/montgomery32_2e254m127x2e240m1_8limbs/feoppDisplay > src/Specific/montgomery32_2e254m127x2e240m1_8limbs/feoppDisplay.log
./src/Specific/Framework/bench/prettyprint.py feopp < src/Specific/montgomery32_2e254m127x2e240m1_8limbs/feoppDisplay.log > src/Specific/montgomery32_2e254m127x2e240m1_8limbs/feopp.c
/home/jgross/.local64/coq/coq-8.7.0/bin/coq_makefile -f _CoqProject INSTALLDEFAULTROOT = Crypto -o Makefile-old
COQ_MAKEFILE -f _CoqProject > Makefile.coq
make --no-print-directory -C coqprime
make[1]: Nothing to be done for 'all'.
make: 'src/Specific/montgomery32_2e254m127x2e240m1_8limbs/femul.vo' is up to date.
make: 'src/Specific/montgomery32_2e254m127x2e240m1_8limbs/fenz.vo' is up to date.
make: 'src/Specific/montgomery32_2e254m127x2e240m1_8limbs/feopp.vo' is up to date.
make: 'src/Specific/montgomery32_2e254m127x2e240m1_8limbs/fesub.vo' is up to date.
make: 'src/Specific/montgomery32_2e254m127x2e240m1_8limbs/feadd.c' is up to date.
make: 'src/Specific/montgomery32_2e254m127x2e240m1_8limbs/femul.c' is up to date.
make: 'src/Specific/montgomery32_2e254m127x2e240m1_8limbs/fenz.c' is up to date.
make: 'src/Specific/montgomery32_2e254m127x2e240m1_8limbs/feopp.c' is up to date.
make: 'src/Specific/montgomery32_2e254m127x2e240m1_8limbs/fesub.c' is up to date.
make: 'src/Specific/montgomery32_2e256m88x2e240m1_8limbs/feadd.vo' is up to date.
make: 'src/Specific/montgomery32_2e256m88x2e240m1_8limbs/femul.vo' is up to date.
make: 'src/Specific/montgomery32_2e256m88x2e240m1_8limbs/fenz.vo' is up to date.
make: 'src/Specific/montgomery32_2e256m88x2e240m1_8limbs/feadd.c' is up to date.
make: 'src/Specific/montgomery32_2e256m88x2e240m1_8limbs/femul.c' is up to date.
make: 'src/Specific/montgomery32_2e256m88x2e240m1_8limbs/fenz.c' is up to date.
make: 'src/Specific/montgomery32_2e384m2e128m2e96p2e32m1_12limbs/feadd.vo' is up to date.
COQC src/Specific/montgomery32_2e256m88x2e240m1_8limbs/feopp.v
make: 'src/Specific/montgomery32_2e384m2e128m2e96p2e32m1_12limbs/fenz.vo' is up to date.
COQC src/Specific/montgomery32_2e256m88x2e240m1_8limbs/fesub.v
COQC src/Specific/montgomery32_2e384m2e128m2e96p2e32m1_12limbs/femul.v
make: 'src/Specific/montgomery32_2e384m2e128m2e96p2e32m1_12limbs/feadd.c' is up to date.
make: 'src/Specific/montgomery32_2e384m2e128m2e96p2e32m1_12limbs/fenz.c' is up to date.
make: 'src/Specific/montgomery32_2e384m5x2e368m1_12limbs/feadd.vo' is up to date.
COQC src/Specific/montgomery32_2e384m2e128m2e96p2e32m1_12limbs/feopp.v
make: 'src/Specific/montgomery32_2e384m5x2e368m1_12limbs/fenz.vo' is up to date.
COQC src/Specific/montgomery32_2e384m2e128m2e96p2e32m1_12limbs/fesub.v
COQC src/Specific/montgomery32_2e384m5x2e368m1_12limbs/femul.v
MEM CPU 399.70 MEM 10909212 MAXMEM 10909212 STALE 0 MAXMEM_RSS 8908932
<time name="ALL">399780</time>
Makefile.coq:639: recipe for target 'src/Specific/montgomery32_2e384m5x2e368m1_12limbs/femul.vo' failed
make: *** [src/Specific/montgomery32_2e384m5x2e368m1_12limbs/femul.vo] Error 143
COQC src/Specific/montgomery32_2e384m5x2e368m1_12limbs/feopp.v
MEM CPU 407.94 MEM 10909216 MAXMEM 10909216 STALE 0 MAXMEM_RSS 8900180
<time name="ALL">408040</time>
Makefile.coq:639: recipe for target 'src/Specific/montgomery32_2e384m2e128m2e96p2e32m1_12limbs/femul.vo' failed
make: *** [src/Specific/montgomery32_2e384m2e128m2e96p2e32m1_12limbs/femul.vo] Error 143
make: 'src/Specific/montgomery32_2e384m5x2e368m1_12limbs/feadd.c' is up to date.
make: Target 'src/Specific/montgomery32_2e384m5x2e368m1_12limbs/femul.c' not remade because of errors.
make: 'src/Specific/montgomery32_2e384m5x2e368m1_12limbs/fenz.c' is up to date.
make: 'src/Specific/montgomery32_2e384m79x2e376m1_12limbs/feadd.vo' is up to date.
COQC src/Specific/montgomery32_2e384m5x2e368m1_12limbs/fesub.v
Finished transaction in 83544.018 secs (81628.428u,11.288s) (successful)
total time:  81639.688s

 tactic                                   local  total   calls       max 
────────────────────────────────────────┴──────┴──────┴───────┴─────────┘
─synthesize_montgomery -----------------  -0.0% 100.0%       181625.672s
─IntegrationTestTemporaryMiscCommon.fact  52.9% 100.0%       181624.216s
─reflexivity ---------------------------  47.1%  47.1%       838448.996s

 tactic                                   local  total   calls       max 
────────────────────────────────────────┴──────┴──────┴───────┴─────────┘
─synthesize_montgomery -----------------  -0.0% 100.0%       181625.672s
└IntegrationTestTemporaryMiscCommon.fact  52.9% 100.0%       181624.216s
└reflexivity ---------------------------  47.1%  47.1%       138448.996s

Finished transaction in 37.8 secs (37.335u,0.007s) (successful)
Closed under the global context
total time:  81639.688s

 tactic                                   local  total   calls       max 
────────────────────────────────────────┴──────┴──────┴───────┴─────────┘
─synthesize_montgomery -----------------  -0.0% 100.0%       181625.672s
─IntegrationTestTemporaryMiscCommon.fact  52.9% 100.0%       181624.216s
─reflexivity ---------------------------  47.1%  47.1%       838448.996s

 tactic                                   local  total   calls       max 
────────────────────────────────────────┴──────┴──────┴───────┴─────────┘
─synthesize_montgomery -----------------  -0.0% 100.0%       181625.672s
└IntegrationTestTemporaryMiscCommon.fact  52.9% 100.0%       181624.216s
└reflexivity ---------------------------  47.1%  47.1%       138448.996s

src/Specific/montgomery32_2e254m127x2e240m1_8limbs/fesub (real: 83597.62, user: 81681.18, sys: 11.46, mem: 1050684 ko)
FINISHED CPU 81692.62 MEM 4236 MAXMEM 1801252 STALE 0 MAXMEM_RSS 1051360
<time name="ALL">81692490</time>
COQC src/Specific/montgomery32_2e254m127x2e240m1_8limbs/fesubDisplay > src/Specific/montgomery32_2e254m127x2e240m1_8limbs/fesubDisplay.log
./src/Specific/Framework/bench/prettyprint.py fesub < src/Specific/montgomery32_2e254m127x2e240m1_8limbs/fesubDisplay.log > src/Specific/montgomery32_2e254m127x2e240m1_8limbs/fesub.c
Finished transaction in 61870.548 secs (59962.456u,10.584s) (successful)
total time:  59972.996s

 tactic                                   local  total   calls       max 
────────────────────────────────────────┴──────┴──────┴───────┴─────────┘
─synthesize_montgomery -----------------   0.0% 100.0%       159966.636s
─IntegrationTestTemporaryMiscCommon.fact  40.2% 100.0%       159965.568s
─reflexivity ---------------------------  59.8%  59.8%       835857.808s

 tactic                                   local  total   calls       max 
────────────────────────────────────────┴──────┴──────┴───────┴─────────┘
─synthesize_montgomery -----------------   0.0% 100.0%       159966.636s
└IntegrationTestTemporaryMiscCommon.fact  40.2% 100.0%       159965.568s
└reflexivity ---------------------------  59.8%  59.8%       135857.808s

Finished transaction in 16.504 secs (16.483u,0.s) (successful)
Closed under the global context
total time:  59972.996s

 tactic                                   local  total   calls       max 
────────────────────────────────────────┴──────┴──────┴───────┴─────────┘
─synthesize_montgomery -----------------   0.0% 100.0%       159966.636s
─IntegrationTestTemporaryMiscCommon.fact  40.2% 100.0%       159965.568s
─reflexivity ---------------------------  59.8%  59.8%       835857.808s

 tactic                                   local  total   calls       max 
────────────────────────────────────────┴──────┴──────┴───────┴─────────┘
─synthesize_montgomery -----------------   0.0% 100.0%       159966.636s
└IntegrationTestTemporaryMiscCommon.fact  40.2% 100.0%       159965.568s
└reflexivity ---------------------------  59.8%  59.8%       135857.808s

src/Specific/montgomery32_2e256m88x2e240m1_8limbs/feopp (real: 61899.35, user: 59991.03, sys: 10.76, mem: 1014804 ko)
FINISHED CPU 60001.61 MEM 1800796 MAXMEM 1800796 STALE 0 MAXMEM_RSS 1015452
<time name="ALL">60001700</time>
make: 'src/Specific/montgomery32_2e384m79x2e376m1_12limbs/fenz.vo' is up to date.
COQC src/Specific/montgomery32_2e384m79x2e376m1_12limbs/femul.v
MEM CPU 369.97 MEM 10909212 MAXMEM 10909212 STALE 0 MAXMEM_RSS 8913848
<time name="ALL">370050</time>
Makefile.coq:639: recipe for target 'src/Specific/montgomery32_2e384m79x2e376m1_12limbs/femul.vo' failed
make: *** [src/Specific/montgomery32_2e384m79x2e376m1_12limbs/femul.vo] Error 143
COQC src/Specific/montgomery32_2e384m79x2e376m1_12limbs/feopp.v
Finished transaction in 102120.469 secs (99579.264u,15.768s) (successful)
total time:  99595.000s

 tactic                                   local  total   calls       max 
────────────────────────────────────────┴──────┴──────┴───────┴─────────┘
─synthesize_montgomery -----------------   0.0% 100.0%       199581.848s
─IntegrationTestTemporaryMiscCommon.fact  39.8% 100.0%       199579.480s
─reflexivity ---------------------------  60.1%  60.1%       859890.252s

 tactic                                   local  total   calls       max 
────────────────────────────────────────┴──────┴──────┴───────┴─────────┘
─synthesize_montgomery -----------------   0.0% 100.0%       199581.848s
└IntegrationTestTemporaryMiscCommon.fact  39.8% 100.0%       199579.480s
└reflexivity ---------------------------  60.1%  60.1%       159890.252s

Finished transaction in 34.469 secs (34.172u,0.008s) (successful)
Closed under the global context
total time:  99595.000s

 tactic                                   local  total   calls       max 
────────────────────────────────────────┴──────┴──────┴───────┴─────────┘
─synthesize_montgomery -----------------   0.0% 100.0%       199581.848s
─IntegrationTestTemporaryMiscCommon.fact  39.8% 100.0%       199579.480s
─reflexivity ---------------------------  60.1%  60.1%       859890.252s

 tactic                                   local  total   calls       max 
────────────────────────────────────────┴──────┴──────┴───────┴─────────┘
─synthesize_montgomery -----------------   0.0% 100.0%       199581.848s
└IntegrationTestTemporaryMiscCommon.fact  39.8% 100.0%       199579.480s
└reflexivity ---------------------------  60.1%  60.1%       159890.252s

src/Specific/montgomery32_2e256m88x2e240m1_8limbs/fesub (real: 102170.81, user: 99629.00, sys: 15.92, mem: 1090808 ko)
FINISHED CPU 99644.86 MEM 1903280 MAXMEM 1903280 STALE 0 MAXMEM_RSS 1091540
<time name="ALL">99644730</time>
make: 'src/Specific/montgomery32_2e384m79x2e376m1_12limbs/feadd.c' is up to date.
make: Target 'src/Specific/montgomery32_2e384m79x2e376m1_12limbs/femul.c' not remade because of errors.
make: 'src/Specific/montgomery32_2e384m79x2e376m1_12limbs/fenz.c' is up to date.
make: 'src/Specific/montgomery32_2e450m2e225m1_15limbs/feadd.vo' is up to date.
COQC src/Specific/montgomery32_2e384m79x2e376m1_12limbs/fesub.v
