/home/jgross/.local64/coq/coq-8.7.0/bin/coq_makefile -f _CoqProject INSTALLDEFAULTROOT = Crypto -o Makefile-old
COQ_MAKEFILE -f _CoqProject > Makefile.coq
make --no-print-directory -C coqprime
make[1]: Nothing to be done for 'all'.
make: 'src/Specific/montgomery32_2e254m127x2e240m1_8limbs/femul.vo' is up to date.
make: 'src/Specific/montgomery32_2e254m127x2e240m1_8limbs/fenz.vo' is up to date.
make: 'src/Specific/montgomery32_2e254m127x2e240m1_8limbs/feopp.vo' is up to date.
make: 'src/Specific/montgomery32_2e254m127x2e240m1_8limbs/fesub.vo' is up to date.
make: 'src/Specific/montgomery32_2e254m127x2e240m1_8limbs/feadd.c' is up to date.
make: 'src/Specific/montgomery32_2e254m127x2e240m1_8limbs/femul.c' is up to date.
make: 'src/Specific/montgomery32_2e254m127x2e240m1_8limbs/fenz.c' is up to date.
make: 'src/Specific/montgomery32_2e254m127x2e240m1_8limbs/feopp.c' is up to date.
make: 'src/Specific/montgomery32_2e254m127x2e240m1_8limbs/fesub.c' is up to date.
make: 'src/Specific/montgomery32_2e256m88x2e240m1_8limbs/feadd.vo' is up to date.
make: 'src/Specific/montgomery32_2e256m88x2e240m1_8limbs/femul.vo' is up to date.
make: 'src/Specific/montgomery32_2e256m88x2e240m1_8limbs/fenz.vo' is up to date.
make: 'src/Specific/montgomery32_2e256m88x2e240m1_8limbs/feadd.c' is up to date.
make: 'src/Specific/montgomery32_2e256m88x2e240m1_8limbs/femul.c' is up to date.
make: 'src/Specific/montgomery32_2e256m88x2e240m1_8limbs/fenz.c' is up to date.
make: 'src/Specific/montgomery32_2e384m2e128m2e96p2e32m1_12limbs/feadd.vo' is up to date.
COQC src/Specific/montgomery32_2e256m88x2e240m1_8limbs/feopp.v
make: 'src/Specific/montgomery32_2e384m2e128m2e96p2e32m1_12limbs/fenz.vo' is up to date.
COQC src/Specific/montgomery32_2e256m88x2e240m1_8limbs/fesub.v
COQC src/Specific/montgomery32_2e384m2e128m2e96p2e32m1_12limbs/femul.v
COQC src/Specific/montgomery32_2e384m2e128m2e96p2e32m1_12limbs/feopp.v
make: 'src/Specific/montgomery32_2e384m2e128m2e96p2e32m1_12limbs/feadd.c' is up to date.
make: 'src/Specific/montgomery32_2e384m2e128m2e96p2e32m1_12limbs/fenz.c' is up to date.
make: 'src/Specific/montgomery32_2e384m5x2e368m1_12limbs/feadd.vo' is up to date.
make: 'src/Specific/montgomery32_2e384m5x2e368m1_12limbs/fenz.vo' is up to date.
COQC src/Specific/montgomery32_2e384m2e128m2e96p2e32m1_12limbs/fesub.v
COQC src/Specific/montgomery32_2e384m5x2e368m1_12limbs/femul.v
COQC src/Specific/montgomery32_2e384m5x2e368m1_12limbs/feopp.v
make: 'src/Specific/montgomery32_2e384m5x2e368m1_12limbs/feadd.c' is up to date.
make: 'src/Specific/montgomery32_2e384m5x2e368m1_12limbs/fenz.c' is up to date.
make: 'src/Specific/montgomery32_2e384m79x2e376m1_12limbs/feadd.vo' is up to date.
make: 'src/Specific/montgomery32_2e384m79x2e376m1_12limbs/fenz.vo' is up to date.
COQC src/Specific/montgomery32_2e384m5x2e368m1_12limbs/fesub.v
COQC src/Specific/montgomery32_2e384m79x2e376m1_12limbs/femul.v
COQC src/Specific/montgomery32_2e384m79x2e376m1_12limbs/feopp.v
make: 'src/Specific/montgomery32_2e384m79x2e376m1_12limbs/feadd.c' is up to date.
make: 'src/Specific/montgomery32_2e384m79x2e376m1_12limbs/fenz.c' is up to date.
make: 'src/Specific/montgomery32_2e450m2e225m1_15limbs/feadd.vo' is up to date.
make: 'src/Specific/montgomery32_2e450m2e225m1_15limbs/fenz.vo' is up to date.
COQC src/Specific/montgomery32_2e384m79x2e376m1_12limbs/fesub.v
make: 'src/Specific/montgomery32_2e450m2e225m1_15limbs/feadd.c' is up to date.
make: 'src/Specific/montgomery32_2e450m2e225m1_15limbs/fenz.c' is up to date.
make: 'src/Specific/montgomery32_2e510m290x2e496m1_16limbs/feadd.vo' is up to date.
COQC src/Specific/montgomery32_2e450m2e225m1_15limbs/feopp.v
COQC src/Specific/montgomery32_2e450m2e225m1_15limbs/fesub.v
COQC src/Specific/montgomery32_2e450m2e225m1_15limbs/femul.v
make: 'src/Specific/montgomery32_2e510m290x2e496m1_16limbs/fenz.vo' is up to date.
make: 'src/Specific/montgomery32_2e510m290x2e496m1_16limbs/feadd.c' is up to date.
make: 'src/Specific/montgomery32_2e510m290x2e496m1_16limbs/fenz.c' is up to date.
make: 'src/Specific/montgomery32_2e511m481_16limbs/feadd.vo' is up to date.
make: 'src/Specific/montgomery32_2e511m481_16limbs/fenz.vo' is up to date.
COQC src/Specific/montgomery32_2e510m290x2e496m1_16limbs/fesub.v
make: 'src/Specific/montgomery32_2e511m481_16limbs/feadd.c' is up to date.
make: 'src/Specific/montgomery32_2e511m481_16limbs/fenz.c' is up to date.
make: 'src/Specific/montgomery32_2e512m491x2e496m1_16limbs/feadd.vo' is up to date.
make: 'src/Specific/montgomery32_2e512m491x2e496m1_16limbs/fenz.vo' is up to date.
COQC src/Specific/montgomery32_2e511m481_16limbs/fesub.v
COQC src/Specific/montgomery32_2e512m491x2e496m1_16limbs/femul.v
COQC src/Specific/montgomery32_2e510m290x2e496m1_16limbs/femul.v
COQC src/Specific/montgomery32_2e511m481_16limbs/femul.v
COQC src/Specific/montgomery32_2e510m290x2e496m1_16limbs/feopp.v
make: 'src/Specific/montgomery32_2e512m491x2e496m1_16limbs/feadd.c' is up to date.
make: 'src/Specific/montgomery32_2e512m491x2e496m1_16limbs/fenz.c' is up to date.
make: 'src/Specific/montgomery32_2e512m569_16limbs/feadd.vo' is up to date.
make: 'src/Specific/montgomery32_2e512m569_16limbs/fenz.vo' is up to date.
COQC src/Specific/montgomery32_2e511m481_16limbs/feopp.v
make: 'src/Specific/montgomery32_2e512m569_16limbs/feadd.c' is up to date.
make: 'src/Specific/montgomery32_2e512m569_16limbs/fenz.c' is up to date.
COQC src/Specific/montgomery32_2e512m491x2e496m1_16limbs/fesub.v
COQC src/Specific/montgomery32_2e512m569_16limbs/femul.v
COQC src/Specific/montgomery32_2e512m491x2e496m1_16limbs/feopp.v
COQC src/Specific/montgomery32_2e512m569_16limbs/feopp.v
COQC src/Specific/montgomery32_2e512m569_16limbs/fesub.v
TIMEOUT CPU 1.07 MEM 1227576 MAXMEM 1227576 STALE 0 MAXMEM_RSS 541280
<time name="ALL">1170</time>
Makefile.coq:639: recipe for target 'src/Specific/montgomery32_2e512m569_16limbs/femul.vo' failed
make: *** [src/Specific/montgomery32_2e512m569_16limbs/femul.vo] Error 143
make: Target 'src/Specific/montgomery32_2e512m569_16limbs/femul.c' not remade because of errors.
TIMEOUT CPU 1.06 MEM 1228416 MAXMEM 1228416 STALE 0 MAXMEM_RSS 546572
<time name="ALL">1180</time>
Makefile.coq:639: recipe for target 'src/Specific/montgomery32_2e512m569_16limbs/feopp.vo' failed
make: *** [src/Specific/montgomery32_2e512m569_16limbs/feopp.vo] Error 143
make: Target 'src/Specific/montgomery32_2e512m569_16limbs/feopp.c' not remade because of errors.
TIMEOUT CPU 1.19 MEM 1280252 MAXMEM 1280252 STALE 0 MAXMEM_RSS 570056
<time name="ALL">1360</time>
Makefile.coq:639: recipe for target 'src/Specific/montgomery32_2e384m5x2e368m1_12limbs/fesub.vo' failed
make: *** [src/Specific/montgomery32_2e384m5x2e368m1_12limbs/fesub.vo] Error 143
make: Target 'src/Specific/montgomery32_2e384m5x2e368m1_12limbs/fesub.c' not remade because of errors.
TIMEOUT CPU 1.05 MEM 1227008 MAXMEM 1227008 STALE 0 MAXMEM_RSS 536624
<time name="ALL">1150</time>
Makefile.coq:639: recipe for target 'src/Specific/montgomery32_2e450m2e225m1_15limbs/femul.vo' failed
make: *** [src/Specific/montgomery32_2e450m2e225m1_15limbs/femul.vo] Error 143
make: Target 'src/Specific/montgomery32_2e450m2e225m1_15limbs/femul.c' not remade because of errors.
TIMEOUT CPU 1.06 MEM 1227348 MAXMEM 1227348 STALE 0 MAXMEM_RSS 547516
<time name="ALL">1210</time>
Makefile.coq:639: recipe for target 'src/Specific/montgomery32_2e512m491x2e496m1_16limbs/femul.vo' failed
make: *** [src/Specific/montgomery32_2e512m491x2e496m1_16limbs/femul.vo] Error 143
make: Target 'src/Specific/montgomery32_2e512m491x2e496m1_16limbs/femul.c' not remade because of errors.
TIMEOUT CPU 1.11 MEM 1229364 MAXMEM 1229364 STALE 0 MAXMEM_RSS 550148
<time name="ALL">1220</time>
Makefile.coq:639: recipe for target 'src/Specific/montgomery32_2e512m491x2e496m1_16limbs/fesub.vo' failed
make: *** [src/Specific/montgomery32_2e512m491x2e496m1_16limbs/fesub.vo] Error 143
make: Target 'src/Specific/montgomery32_2e512m491x2e496m1_16limbs/fesub.c' not remade because of errors.
TIMEOUT CPU 1.07 MEM 1227348 MAXMEM 1227348 STALE 0 MAXMEM_RSS 544672
<time name="ALL">1200</time>
Makefile.coq:639: recipe for target 'src/Specific/montgomery32_2e510m290x2e496m1_16limbs/fesub.vo' failed
make: *** [src/Specific/montgomery32_2e510m290x2e496m1_16limbs/fesub.vo] Error 143
make: Target 'src/Specific/montgomery32_2e510m290x2e496m1_16limbs/fesub.c' not remade because of errors.
TIMEOUT CPU 1.15 MEM 1268436 MAXMEM 1268436 STALE 0 MAXMEM_RSS 565668
<time name="ALL">1280</time>
Makefile.coq:639: recipe for target 'src/Specific/montgomery32_2e384m2e128m2e96p2e32m1_12limbs/femul.vo' failed
make: *** [src/Specific/montgomery32_2e384m2e128m2e96p2e32m1_12limbs/femul.vo] Error 143
make: Target 'src/Specific/montgomery32_2e384m2e128m2e96p2e32m1_12limbs/femul.c' not remade because of errors.
TIMEOUT CPU 1.19 MEM 1280252 MAXMEM 1280252 STALE 0 MAXMEM_RSS 571156
<time name="ALL">1330</time>
Makefile.coq:639: recipe for target 'src/Specific/montgomery32_2e511m481_16limbs/femul.vo' failed
make: *** [src/Specific/montgomery32_2e511m481_16limbs/femul.vo] Error 143
make: Target 'src/Specific/montgomery32_2e511m481_16limbs/femul.c' not remade because of errors.
TIMEOUT CPU 1.08 MEM 1228416 MAXMEM 1228416 STALE 0 MAXMEM_RSS 550936
<time name="ALL">1220</time>
Makefile.coq:639: recipe for target 'src/Specific/montgomery32_2e384m79x2e376m1_12limbs/feopp.vo' failed
make: *** [src/Specific/montgomery32_2e384m79x2e376m1_12limbs/feopp.vo] Error 143
make: Target 'src/Specific/montgomery32_2e384m79x2e376m1_12limbs/feopp.c' not remade because of errors.
TIMEOUT CPU 1.09 MEM 1228416 MAXMEM 1228416 STALE 0 MAXMEM_RSS 549484
<time name="ALL">1230</time>
Makefile.coq:639: recipe for target 'src/Specific/montgomery32_2e510m290x2e496m1_16limbs/femul.vo' failed
make: *** [src/Specific/montgomery32_2e510m290x2e496m1_16limbs/femul.vo] Error 143
make: Target 'src/Specific/montgomery32_2e510m290x2e496m1_16limbs/femul.c' not remade because of errors.
TIMEOUT CPU 1.28 MEM 1311816 MAXMEM 1311816 STALE 0 MAXMEM_RSS 588960
<time name="ALL">1420</time>
Makefile.coq:639: recipe for target 'src/Specific/montgomery32_2e512m491x2e496m1_16limbs/feopp.vo' failed
make: *** [src/Specific/montgomery32_2e512m491x2e496m1_16limbs/feopp.vo] Error 143
make: Target 'src/Specific/montgomery32_2e512m491x2e496m1_16limbs/feopp.c' not remade because of errors.
TIMEOUT CPU 1.09 MEM 1229364 MAXMEM 1229364 STALE 0 MAXMEM_RSS 549672
<time name="ALL">1200</time>
Makefile.coq:639: recipe for target 'src/Specific/montgomery32_2e384m5x2e368m1_12limbs/feopp.vo' failed
make: *** [src/Specific/montgomery32_2e384m5x2e368m1_12limbs/feopp.vo] Error 143
make: Target 'src/Specific/montgomery32_2e384m5x2e368m1_12limbs/feopp.c' not remade because of errors.
TIMEOUT CPU 1.15 MEM 1268436 MAXMEM 1268436 STALE 0 MAXMEM_RSS 573212
<time name="ALL">1310</time>
Makefile.coq:639: recipe for target 'src/Specific/montgomery32_2e384m79x2e376m1_12limbs/fesub.vo' failed
make: *** [src/Specific/montgomery32_2e384m79x2e376m1_12limbs/fesub.vo] Error 143
make: Target 'src/Specific/montgomery32_2e384m79x2e376m1_12limbs/fesub.c' not remade because of errors.
TIMEOUT CPU 1.14 MEM 1232940 MAXMEM 1232940 STALE 0 MAXMEM_RSS 571668
<time name="ALL">1270</time>
Makefile.coq:639: recipe for target 'src/Specific/montgomery32_2e256m88x2e240m1_8limbs/feopp.vo' failed
make: *** [src/Specific/montgomery32_2e256m88x2e240m1_8limbs/feopp.vo] Error 143
make: Target 'src/Specific/montgomery32_2e256m88x2e240m1_8limbs/feopp.c' not remade because of errors.
TIMEOUT CPU 1.19 MEM 1280252 MAXMEM 1280252 STALE 0 MAXMEM_RSS 574016
<time name="ALL">1360</time>
TIMEOUT CPU 1.15 MEM 1280252 MAXMEM 1280252 STALE 0 MAXMEM_RSS 569148
<time name="ALL">1300</time>
Makefile.coq:639: recipe for target 'src/Specific/montgomery32_2e511m481_16limbs/fesub.vo' failed
make: *** [src/Specific/montgomery32_2e511m481_16limbs/fesub.vo] Error 143
make: Target 'src/Specific/montgomery32_2e511m481_16limbs/fesub.c' not remade because of errors.
Makefile.coq:639: recipe for target 'src/Specific/montgomery32_2e510m290x2e496m1_16limbs/feopp.vo' failed
make: *** [src/Specific/montgomery32_2e510m290x2e496m1_16limbs/feopp.vo] Error 143
make: Target 'src/Specific/montgomery32_2e510m290x2e496m1_16limbs/feopp.c' not remade because of errors.
TIMEOUT CPU 1.14 MEM 1230068 MAXMEM 1230068 STALE 0 MAXMEM_RSS 569768
<time name="ALL">1290</time>
Makefile.coq:639: recipe for target 'src/Specific/montgomery32_2e450m2e225m1_15limbs/fesub.vo' failed
make: *** [src/Specific/montgomery32_2e450m2e225m1_15limbs/fesub.vo] Error 143
make: Target 'src/Specific/montgomery32_2e450m2e225m1_15limbs/fesub.c' not remade because of errors.
TIMEOUT CPU 1.12 MEM 1229364 MAXMEM 1229364 STALE 0 MAXMEM_RSS 562924
<time name="ALL">1230</time>
Makefile.coq:639: recipe for target 'src/Specific/montgomery32_2e384m2e128m2e96p2e32m1_12limbs/feopp.vo' failed
make: *** [src/Specific/montgomery32_2e384m2e128m2e96p2e32m1_12limbs/feopp.vo] Error 143
make: Target 'src/Specific/montgomery32_2e384m2e128m2e96p2e32m1_12limbs/feopp.c' not remade because of errors.
TIMEOUT CPU 1.11 MEM 1232940 MAXMEM 1232940 STALE 0 MAXMEM_RSS 565020
<time name="ALL">1290</time>
Makefile.coq:639: recipe for target 'src/Specific/montgomery32_2e450m2e225m1_15limbs/feopp.vo' failed
make: *** [src/Specific/montgomery32_2e450m2e225m1_15limbs/feopp.vo] Error 143
make: Target 'src/Specific/montgomery32_2e450m2e225m1_15limbs/feopp.c' not remade because of errors.
TIMEOUT CPU 1.16 MEM 1268436 MAXMEM 1268436 STALE 0 MAXMEM_RSS 565952
<time name="ALL">1340</time>
Makefile.coq:639: recipe for target 'src/Specific/montgomery32_2e256m88x2e240m1_8limbs/fesub.vo' failed
make: *** [src/Specific/montgomery32_2e256m88x2e240m1_8limbs/fesub.vo] Error 143
make: Target 'src/Specific/montgomery32_2e256m88x2e240m1_8limbs/fesub.c' not remade because of errors.
TIMEOUT CPU 1.14 MEM 1229364 MAXMEM 1229364 STALE 0 MAXMEM_RSS 552460
<time name="ALL">1250</time>
TIMEOUT CPU 1.04 MEM 1226740 MAXMEM 1226740 STALE 0 MAXMEM_RSS 529112
<time name="ALL">1180</time>
Makefile.coq:639: recipe for target 'src/Specific/montgomery32_2e384m2e128m2e96p2e32m1_12limbs/fesub.vo' failed
make: *** [src/Specific/montgomery32_2e384m2e128m2e96p2e32m1_12limbs/fesub.vo] Error 143
Makefile.coq:639: recipe for target 'src/Specific/montgomery32_2e384m5x2e368m1_12limbs/femul.vo' failed
make: *** [src/Specific/montgomery32_2e384m5x2e368m1_12limbs/femul.vo] Error 143
make: Target 'src/Specific/montgomery32_2e384m2e128m2e96p2e32m1_12limbs/fesub.c' not remade because of errors.
make: Target 'src/Specific/montgomery32_2e384m5x2e368m1_12limbs/femul.c' not remade because of errors.
TIMEOUT CPU 1.07 MEM 1227008 MAXMEM 1227008 STALE 0 MAXMEM_RSS 536960
<time name="ALL">1230</time>
Makefile.coq:639: recipe for target 'src/Specific/montgomery32_2e384m79x2e376m1_12limbs/femul.vo' failed
make: *** [src/Specific/montgomery32_2e384m79x2e376m1_12limbs/femul.vo] Error 143
make: Target 'src/Specific/montgomery32_2e384m79x2e376m1_12limbs/femul.c' not remade because of errors.
TIMEOUT CPU 1.09 MEM 1229364 MAXMEM 1229364 STALE 0 MAXMEM_RSS 550524
<time name="ALL">1230</time>
Makefile.coq:639: recipe for target 'src/Specific/montgomery32_2e512m569_16limbs/fesub.vo' failed
make: *** [src/Specific/montgomery32_2e512m569_16limbs/fesub.vo] Error 143
make: Target 'src/Specific/montgomery32_2e512m569_16limbs/fesub.c' not remade because of errors.
TIMEOUT CPU 1.26 MEM 1291436 MAXMEM 1291436 STALE 0 MAXMEM_RSS 576200
<time name="ALL">1320</time>
Makefile.coq:639: recipe for target 'src/Specific/montgomery32_2e511m481_16limbs/feopp.vo' failed
make: *** [src/Specific/montgomery32_2e511m481_16limbs/feopp.vo] Error 143
make: Target 'src/Specific/montgomery32_2e511m481_16limbs/feopp.c' not remade because of errors.
