square = λ var : Z.Syntax.base_type → Type,
λ '(x30, x31, x29, x27, x25, x23, x21, x19, x17, x15, x13, x11, x9, x7, x5, x3, x1)%core,
uint64_t x32 = ((uint64_t)x30 * x30);
uint64_t x33 = ((0x2 * ((uint64_t)x31 * x30)) + (0x2 * ((uint64_t)x30 * x31)));
uint64_t x34 = (((uint64_t)x29 * x30) + ((0x2 * ((uint64_t)x31 * x31)) + ((uint64_t)x30 * x29)));
uint64_t x35 = (((uint64_t)x27 * x30) + (((uint64_t)x29 * x31) + (((uint64_t)x31 * x29) + ((uint64_t)x30 * x27))));
uint64_t x36 = ((0x2 * ((uint64_t)x25 * x30)) + ((0x2 * ((uint64_t)x27 * x31)) + (((uint64_t)x29 * x29) + ((0x2 * ((uint64_t)x31 * x27)) + (0x2 * ((uint64_t)x30 * x25))))));
uint64_t x37 = (((uint64_t)x23 * x30) + ((0x2 * ((uint64_t)x25 * x31)) + (((uint64_t)x27 * x29) + (((uint64_t)x29 * x27) + ((0x2 * ((uint64_t)x31 * x25)) + ((uint64_t)x30 * x23))))));
uint64_t x38 = (((uint64_t)x21 * x30) + (((uint64_t)x23 * x31) + (((uint64_t)x25 * x29) + (((uint64_t)x27 * x27) + (((uint64_t)x29 * x25) + (((uint64_t)x31 * x23) + ((uint64_t)x30 * x21)))))));
uint64_t x39 = ((0x2 * ((uint64_t)x19 * x30)) + ((0x2 * ((uint64_t)x21 * x31)) + (((uint64_t)x23 * x29) + ((0x2 * ((uint64_t)x25 * x27)) + ((0x2 * ((uint64_t)x27 * x25)) + (((uint64_t)x29 * x23) + ((0x2 * ((uint64_t)x31 * x21)) + (0x2 * ((uint64_t)x30 * x19)))))))));
uint64_t x40 = (((uint64_t)x17 * x30) + ((0x2 * ((uint64_t)x19 * x31)) + (((uint64_t)x21 * x29) + (((uint64_t)x23 * x27) + ((0x2 * ((uint64_t)x25 * x25)) + (((uint64_t)x27 * x23) + (((uint64_t)x29 * x21) + ((0x2 * ((uint64_t)x31 * x19)) + ((uint64_t)x30 * x17)))))))));
uint64_t x41 = (((uint64_t)x15 * x30) + (((uint64_t)x17 * x31) + (((uint64_t)x19 * x29) + (((uint64_t)x21 * x27) + (((uint64_t)x23 * x25) + (((uint64_t)x25 * x23) + (((uint64_t)x27 * x21) + (((uint64_t)x29 * x19) + (((uint64_t)x31 * x17) + ((uint64_t)x30 * x15))))))))));
uint64_t x42 = ((0x2 * ((uint64_t)x13 * x30)) + ((0x2 * ((uint64_t)x15 * x31)) + (((uint64_t)x17 * x29) + ((0x2 * ((uint64_t)x19 * x27)) + ((0x2 * ((uint64_t)x21 * x25)) + (((uint64_t)x23 * x23) + ((0x2 * ((uint64_t)x25 * x21)) + ((0x2 * ((uint64_t)x27 * x19)) + (((uint64_t)x29 * x17) + ((0x2 * ((uint64_t)x31 * x15)) + (0x2 * ((uint64_t)x30 * x13))))))))))));
uint64_t x43 = (((uint64_t)x11 * x30) + ((0x2 * ((uint64_t)x13 * x31)) + (((uint64_t)x15 * x29) + (((uint64_t)x17 * x27) + ((0x2 * ((uint64_t)x19 * x25)) + (((uint64_t)x21 * x23) + (((uint64_t)x23 * x21) + ((0x2 * ((uint64_t)x25 * x19)) + (((uint64_t)x27 * x17) + (((uint64_t)x29 * x15) + ((0x2 * ((uint64_t)x31 * x13)) + ((uint64_t)x30 * x11))))))))))));
uint64_t x44 = (((uint64_t)x9 * x30) + (((uint64_t)x11 * x31) + (((uint64_t)x13 * x29) + (((uint64_t)x15 * x27) + (((uint64_t)x17 * x25) + (((uint64_t)x19 * x23) + (((uint64_t)x21 * x21) + (((uint64_t)x23 * x19) + (((uint64_t)x25 * x17) + (((uint64_t)x27 * x15) + (((uint64_t)x29 * x13) + (((uint64_t)x31 * x11) + ((uint64_t)x30 * x9)))))))))))));
uint64_t x45 = ((0x2 * ((uint64_t)x7 * x30)) + ((0x2 * ((uint64_t)x9 * x31)) + (((uint64_t)x11 * x29) + ((0x2 * ((uint64_t)x13 * x27)) + ((0x2 * ((uint64_t)x15 * x25)) + (((uint64_t)x17 * x23) + ((0x2 * ((uint64_t)x19 * x21)) + ((0x2 * ((uint64_t)x21 * x19)) + (((uint64_t)x23 * x17) + ((0x2 * ((uint64_t)x25 * x15)) + ((0x2 * ((uint64_t)x27 * x13)) + (((uint64_t)x29 * x11) + ((0x2 * ((uint64_t)x31 * x9)) + (0x2 * ((uint64_t)x30 * x7)))))))))))))));
uint64_t x46 = (((uint64_t)x5 * x30) + ((0x2 * ((uint64_t)x7 * x31)) + (((uint64_t)x9 * x29) + (((uint64_t)x11 * x27) + ((0x2 * ((uint64_t)x13 * x25)) + (((uint64_t)x15 * x23) + (((uint64_t)x17 * x21) + ((0x2 * ((uint64_t)x19 * x19)) + (((uint64_t)x21 * x17) + (((uint64_t)x23 * x15) + ((0x2 * ((uint64_t)x25 * x13)) + (((uint64_t)x27 * x11) + (((uint64_t)x29 * x9) + ((0x2 * ((uint64_t)x31 * x7)) + ((uint64_t)x30 * x5)))))))))))))));
uint64_t x47 = ((0x2 * ((uint64_t)x3 * x30)) + ((0x2 * ((uint64_t)x5 * x31)) + ((0x2 * ((uint64_t)x7 * x29)) + ((0x2 * ((uint64_t)x9 * x27)) + ((0x2 * ((uint64_t)x11 * x25)) + ((0x2 * ((uint64_t)x13 * x23)) + ((0x2 * ((uint64_t)x15 * x21)) + ((0x2 * ((uint64_t)x17 * x19)) + ((0x2 * ((uint64_t)x19 * x17)) + ((0x2 * ((uint64_t)x21 * x15)) + ((0x2 * ((uint64_t)x23 * x13)) + ((0x2 * ((uint64_t)x25 * x11)) + ((0x2 * ((uint64_t)x27 * x9)) + ((0x2 * ((uint64_t)x29 * x7)) + ((0x2 * ((uint64_t)x31 * x5)) + (0x2 * ((uint64_t)x30 * x3)))))))))))))))));
uint64_t x48 = (((uint64_t)x1 * x30) + ((0x2 * ((uint64_t)x3 * x31)) + (((uint64_t)x5 * x29) + ((0x2 * ((uint64_t)x7 * x27)) + ((0x2 * ((uint64_t)x9 * x25)) + (((uint64_t)x11 * x23) + ((0x2 * ((uint64_t)x13 * x21)) + ((0x2 * ((uint64_t)x15 * x19)) + (((uint64_t)x17 * x17) + ((0x2 * ((uint64_t)x19 * x15)) + ((0x2 * ((uint64_t)x21 * x13)) + (((uint64_t)x23 * x11) + ((0x2 * ((uint64_t)x25 * x9)) + ((0x2 * ((uint64_t)x27 * x7)) + (((uint64_t)x29 * x5) + ((0x2 * ((uint64_t)x31 * x3)) + ((uint64_t)x30 * x1)))))))))))))))));
uint64_t x49 = (((uint64_t)x1 * x31) + (((uint64_t)x3 * x29) + (((uint64_t)x5 * x27) + ((0x2 * ((uint64_t)x7 * x25)) + (((uint64_t)x9 * x23) + (((uint64_t)x11 * x21) + ((0x2 * ((uint64_t)x13 * x19)) + (((uint64_t)x15 * x17) + (((uint64_t)x17 * x15) + ((0x2 * ((uint64_t)x19 * x13)) + (((uint64_t)x21 * x11) + (((uint64_t)x23 * x9) + ((0x2 * ((uint64_t)x25 * x7)) + (((uint64_t)x27 * x5) + (((uint64_t)x29 * x3) + ((uint64_t)x31 * x1))))))))))))))));
uint64_t x50 = (((uint64_t)x1 * x29) + ((0x2 * ((uint64_t)x3 * x27)) + ((0x2 * ((uint64_t)x5 * x25)) + ((0x2 * ((uint64_t)x7 * x23)) + ((0x2 * ((uint64_t)x9 * x21)) + ((0x2 * ((uint64_t)x11 * x19)) + ((0x2 * ((uint64_t)x13 * x17)) + ((0x2 * ((uint64_t)x15 * x15)) + ((0x2 * ((uint64_t)x17 * x13)) + ((0x2 * ((uint64_t)x19 * x11)) + ((0x2 * ((uint64_t)x21 * x9)) + ((0x2 * ((uint64_t)x23 * x7)) + ((0x2 * ((uint64_t)x25 * x5)) + ((0x2 * ((uint64_t)x27 * x3)) + ((uint64_t)x29 * x1)))))))))))))));
uint64_t x51 = (((uint64_t)x1 * x27) + ((0x2 * ((uint64_t)x3 * x25)) + (((uint64_t)x5 * x23) + ((0x2 * ((uint64_t)x7 * x21)) + ((0x2 * ((uint64_t)x9 * x19)) + (((uint64_t)x11 * x17) + ((0x2 * ((uint64_t)x13 * x15)) + ((0x2 * ((uint64_t)x15 * x13)) + (((uint64_t)x17 * x11) + ((0x2 * ((uint64_t)x19 * x9)) + ((0x2 * ((uint64_t)x21 * x7)) + (((uint64_t)x23 * x5) + ((0x2 * ((uint64_t)x25 * x3)) + ((uint64_t)x27 * x1))))))))))))));
uint64_t x52 = (((uint64_t)x1 * x25) + (((uint64_t)x3 * x23) + (((uint64_t)x5 * x21) + ((0x2 * ((uint64_t)x7 * x19)) + (((uint64_t)x9 * x17) + (((uint64_t)x11 * x15) + ((0x2 * ((uint64_t)x13 * x13)) + (((uint64_t)x15 * x11) + (((uint64_t)x17 * x9) + ((0x2 * ((uint64_t)x19 * x7)) + (((uint64_t)x21 * x5) + (((uint64_t)x23 * x3) + ((uint64_t)x25 * x1)))))))))))));
uint64_t x53 = (((uint64_t)x1 * x23) + ((0x2 * ((uint64_t)x3 * x21)) + ((0x2 * ((uint64_t)x5 * x19)) + ((0x2 * ((uint64_t)x7 * x17)) + ((0x2 * ((uint64_t)x9 * x15)) + ((0x2 * ((uint64_t)x11 * x13)) + ((0x2 * ((uint64_t)x13 * x11)) + ((0x2 * ((uint64_t)x15 * x9)) + ((0x2 * ((uint64_t)x17 * x7)) + ((0x2 * ((uint64_t)x19 * x5)) + ((0x2 * ((uint64_t)x21 * x3)) + ((uint64_t)x23 * x1))))))))))));
uint64_t x54 = (((uint64_t)x1 * x21) + ((0x2 * ((uint64_t)x3 * x19)) + (((uint64_t)x5 * x17) + ((0x2 * ((uint64_t)x7 * x15)) + ((0x2 * ((uint64_t)x9 * x13)) + (((uint64_t)x11 * x11) + ((0x2 * ((uint64_t)x13 * x9)) + ((0x2 * ((uint64_t)x15 * x7)) + (((uint64_t)x17 * x5) + ((0x2 * ((uint64_t)x19 * x3)) + ((uint64_t)x21 * x1)))))))))));
uint64_t x55 = (((uint64_t)x1 * x19) + (((uint64_t)x3 * x17) + (((uint64_t)x5 * x15) + ((0x2 * ((uint64_t)x7 * x13)) + (((uint64_t)x9 * x11) + (((uint64_t)x11 * x9) + ((0x2 * ((uint64_t)x13 * x7)) + (((uint64_t)x15 * x5) + (((uint64_t)x17 * x3) + ((uint64_t)x19 * x1))))))))));
uint64_t x56 = (((uint64_t)x1 * x17) + ((0x2 * ((uint64_t)x3 * x15)) + ((0x2 * ((uint64_t)x5 * x13)) + ((0x2 * ((uint64_t)x7 * x11)) + ((0x2 * ((uint64_t)x9 * x9)) + ((0x2 * ((uint64_t)x11 * x7)) + ((0x2 * ((uint64_t)x13 * x5)) + ((0x2 * ((uint64_t)x15 * x3)) + ((uint64_t)x17 * x1)))))))));
uint64_t x57 = (((uint64_t)x1 * x15) + ((0x2 * ((uint64_t)x3 * x13)) + (((uint64_t)x5 * x11) + ((0x2 * ((uint64_t)x7 * x9)) + ((0x2 * ((uint64_t)x9 * x7)) + (((uint64_t)x11 * x5) + ((0x2 * ((uint64_t)x13 * x3)) + ((uint64_t)x15 * x1))))))));
uint64_t x58 = (((uint64_t)x1 * x13) + (((uint64_t)x3 * x11) + (((uint64_t)x5 * x9) + ((0x2 * ((uint64_t)x7 * x7)) + (((uint64_t)x9 * x5) + (((uint64_t)x11 * x3) + ((uint64_t)x13 * x1)))))));
uint64_t x59 = (((uint64_t)x1 * x11) + ((0x2 * ((uint64_t)x3 * x9)) + ((0x2 * ((uint64_t)x5 * x7)) + ((0x2 * ((uint64_t)x7 * x5)) + ((0x2 * ((uint64_t)x9 * x3)) + ((uint64_t)x11 * x1))))));
uint64_t x60 = (((uint64_t)x1 * x9) + ((0x2 * ((uint64_t)x3 * x7)) + (((uint64_t)x5 * x5) + ((0x2 * ((uint64_t)x7 * x3)) + ((uint64_t)x9 * x1)))));
uint64_t x61 = (((uint64_t)x1 * x7) + (((uint64_t)x3 * x5) + (((uint64_t)x5 * x3) + ((uint64_t)x7 * x1))));
uint64_t x62 = (((uint64_t)x1 * x5) + ((0x2 * ((uint64_t)x3 * x3)) + ((uint64_t)x5 * x1)));
uint64_t x63 = (((uint64_t)x1 * x3) + ((uint64_t)x3 * x1));
uint64_t x64 = ((uint64_t)x1 * x1);
uint64_t x65 = (x49 + (0x11 * x32));
uint64_t x66 = (x50 + (0x11 * x33));
uint64_t x67 = (x51 + (0x11 * x34));
uint64_t x68 = (x52 + (0x11 * x35));
uint64_t x69 = (x53 + (0x11 * x36));
uint64_t x70 = (x54 + (0x11 * x37));
uint64_t x71 = (x55 + (0x11 * x38));
uint64_t x72 = (x56 + (0x11 * x39));
uint64_t x73 = (x57 + (0x11 * x40));
uint64_t x74 = (x58 + (0x11 * x41));
uint64_t x75 = (x59 + (0x11 * x42));
uint64_t x76 = (x60 + (0x11 * x43));
uint64_t x77 = (x61 + (0x11 * x44));
uint64_t x78 = (x62 + (0x11 * x45));
uint64_t x79 = (x63 + (0x11 * x46));
uint64_t x80 = (x64 + (0x11 * x47));
uint64_t x81 = (x80 >> 0x19);
uint32_t x82 = ((uint32_t)x80 & 0x1ffffff);
uint64_t x83 = (x81 + x79);
uint64_t x84 = (x83 >> 0x18);
uint32_t x85 = ((uint32_t)x83 & 0xffffff);
uint64_t x86 = (x84 + x78);
uint64_t x87 = (x86 >> 0x19);
uint32_t x88 = ((uint32_t)x86 & 0x1ffffff);
uint64_t x89 = (x87 + x77);
uint64_t x90 = (x89 >> 0x18);
uint32_t x91 = ((uint32_t)x89 & 0xffffff);
uint64_t x92 = (x90 + x76);
uint64_t x93 = (x92 >> 0x18);
uint32_t x94 = ((uint32_t)x92 & 0xffffff);
uint64_t x95 = (x93 + x75);
uint64_t x96 = (x95 >> 0x19);
uint32_t x97 = ((uint32_t)x95 & 0x1ffffff);
uint64_t x98 = (x96 + x74);
uint64_t x99 = (x98 >> 0x18);
uint32_t x100 = ((uint32_t)x98 & 0xffffff);
uint64_t x101 = (x99 + x73);
uint64_t x102 = (x101 >> 0x18);
uint32_t x103 = ((uint32_t)x101 & 0xffffff);
uint64_t x104 = (x102 + x72);
uint64_t x105 = (x104 >> 0x19);
uint32_t x106 = ((uint32_t)x104 & 0x1ffffff);
uint64_t x107 = (x105 + x71);
uint64_t x108 = (x107 >> 0x18);
uint32_t x109 = ((uint32_t)x107 & 0xffffff);
uint64_t x110 = (x108 + x70);
uint64_t x111 = (x110 >> 0x18);
uint32_t x112 = ((uint32_t)x110 & 0xffffff);
uint64_t x113 = (x111 + x69);
uint64_t x114 = (x113 >> 0x19);
uint32_t x115 = ((uint32_t)x113 & 0x1ffffff);
uint64_t x116 = (x114 + x68);
uint64_t x117 = (x116 >> 0x18);
uint32_t x118 = ((uint32_t)x116 & 0xffffff);
uint64_t x119 = (x117 + x67);
uint64_t x120 = (x119 >> 0x18);
uint32_t x121 = ((uint32_t)x119 & 0xffffff);
uint64_t x122 = (x120 + x66);
uint64_t x123 = (x122 >> 0x19);
uint32_t x124 = ((uint32_t)x122 & 0x1ffffff);
uint64_t x125 = (x123 + x65);
uint64_t x126 = (x125 >> 0x18);
uint32_t x127 = ((uint32_t)x125 & 0xffffff);
uint64_t x128 = (x126 + x48);
uint64_t x129 = (x128 >> 0x18);
uint32_t x130 = ((uint32_t)x128 & 0xffffff);
uint64_t x131 = (x82 + (0x11 * x129));
uint32_t x132 = (uint32_t) (x131 >> 0x19);
uint32_t x133 = ((uint32_t)x131 & 0x1ffffff);
uint32_t x134 = (x132 + x85);
uint32_t x135 = (x134 >> 0x18);
uint32_t x136 = (x134 & 0xffffff);
return (Return x130, Return x127, Return x124, Return x121, Return x118, Return x115, Return x112, Return x109, Return x106, Return x103, Return x100, Return x97, Return x94, Return x91, (x135 + x88), Return x136, Return x133)
     : ∀ var : Z.Syntax.base_type → Type, expr Z.Syntax.base_type Z.Syntax.op (uint32_t * uint32_t * uint32_t * uint32_t * uint32_t * uint32_t * uint32_t * uint32_t * uint32_t * uint32_t * uint32_t * uint32_t * uint32_t * uint32_t * uint32_t * uint32_t * uint32_t -> uint32_t * uint32_t * uint32_t * uint32_t * uint32_t * uint32_t * uint32_t * uint32_t * uint32_t * uint32_t * uint32_t * uint32_t * uint32_t * uint32_t * uint32_t * uint32_t * uint32_t)

Argument scope is [function_scope]
