square = λ var : Z.Syntax.base_type → Type,
λ '(x28, x29, x27, x25, x23, x21, x19, x17, x15, x13, x11, x9, x7, x5, x3, x1)%core,
uint64_t x30 = ((uint64_t)x28 * x28);
uint64_t x31 = (((uint64_t)x29 * x28) + ((uint64_t)x28 * x29));
uint64_t x32 = (((uint64_t)x27 * x28) + (((uint64_t)x29 * x29) + ((uint64_t)x28 * x27)));
uint64_t x33 = (((uint64_t)x25 * x28) + (((uint64_t)x27 * x29) + (((uint64_t)x29 * x27) + ((uint64_t)x28 * x25))));
uint64_t x34 = (((uint64_t)x23 * x28) + (((uint64_t)x25 * x29) + (((uint64_t)x27 * x27) + (((uint64_t)x29 * x25) + ((uint64_t)x28 * x23)))));
uint64_t x35 = (((uint64_t)x21 * x28) + (((uint64_t)x23 * x29) + (((uint64_t)x25 * x27) + (((uint64_t)x27 * x25) + (((uint64_t)x29 * x23) + ((uint64_t)x28 * x21))))));
uint64_t x36 = (((uint64_t)x19 * x28) + (((uint64_t)x21 * x29) + (((uint64_t)x23 * x27) + (((uint64_t)x25 * x25) + (((uint64_t)x27 * x23) + (((uint64_t)x29 * x21) + ((uint64_t)x28 * x19)))))));
uint64_t x37 = (((uint64_t)x17 * x28) + (((uint64_t)x19 * x29) + (((uint64_t)x21 * x27) + (((uint64_t)x23 * x25) + (((uint64_t)x25 * x23) + (((uint64_t)x27 * x21) + (((uint64_t)x29 * x19) + ((uint64_t)x28 * x17))))))));
uint64_t x38 = (((uint64_t)x15 * x28) + (((uint64_t)x17 * x29) + (((uint64_t)x19 * x27) + (((uint64_t)x21 * x25) + (((uint64_t)x23 * x23) + (((uint64_t)x25 * x21) + (((uint64_t)x27 * x19) + (((uint64_t)x29 * x17) + ((uint64_t)x28 * x15)))))))));
uint64_t x39 = (((uint64_t)x13 * x28) + (((uint64_t)x15 * x29) + (((uint64_t)x17 * x27) + (((uint64_t)x19 * x25) + (((uint64_t)x21 * x23) + (((uint64_t)x23 * x21) + (((uint64_t)x25 * x19) + (((uint64_t)x27 * x17) + (((uint64_t)x29 * x15) + ((uint64_t)x28 * x13))))))))));
uint64_t x40 = (((uint64_t)x11 * x28) + (((uint64_t)x13 * x29) + (((uint64_t)x15 * x27) + (((uint64_t)x17 * x25) + (((uint64_t)x19 * x23) + (((uint64_t)x21 * x21) + (((uint64_t)x23 * x19) + (((uint64_t)x25 * x17) + (((uint64_t)x27 * x15) + (((uint64_t)x29 * x13) + ((uint64_t)x28 * x11)))))))))));
uint64_t x41 = (((uint64_t)x9 * x28) + (((uint64_t)x11 * x29) + (((uint64_t)x13 * x27) + (((uint64_t)x15 * x25) + (((uint64_t)x17 * x23) + (((uint64_t)x19 * x21) + (((uint64_t)x21 * x19) + (((uint64_t)x23 * x17) + (((uint64_t)x25 * x15) + (((uint64_t)x27 * x13) + (((uint64_t)x29 * x11) + ((uint64_t)x28 * x9))))))))))));
uint64_t x42 = (((uint64_t)x7 * x28) + (((uint64_t)x9 * x29) + (((uint64_t)x11 * x27) + (((uint64_t)x13 * x25) + (((uint64_t)x15 * x23) + (((uint64_t)x17 * x21) + (((uint64_t)x19 * x19) + (((uint64_t)x21 * x17) + (((uint64_t)x23 * x15) + (((uint64_t)x25 * x13) + (((uint64_t)x27 * x11) + (((uint64_t)x29 * x9) + ((uint64_t)x28 * x7)))))))))))));
uint64_t x43 = (((uint64_t)x5 * x28) + (((uint64_t)x7 * x29) + (((uint64_t)x9 * x27) + (((uint64_t)x11 * x25) + (((uint64_t)x13 * x23) + (((uint64_t)x15 * x21) + (((uint64_t)x17 * x19) + (((uint64_t)x19 * x17) + (((uint64_t)x21 * x15) + (((uint64_t)x23 * x13) + (((uint64_t)x25 * x11) + (((uint64_t)x27 * x9) + (((uint64_t)x29 * x7) + ((uint64_t)x28 * x5))))))))))))));
uint64_t x44 = ((0x2 * ((uint64_t)x3 * x28)) + ((0x2 * ((uint64_t)x5 * x29)) + ((0x2 * ((uint64_t)x7 * x27)) + ((0x2 * ((uint64_t)x9 * x25)) + ((0x2 * ((uint64_t)x11 * x23)) + ((0x2 * ((uint64_t)x13 * x21)) + ((0x2 * ((uint64_t)x15 * x19)) + ((0x2 * ((uint64_t)x17 * x17)) + ((0x2 * ((uint64_t)x19 * x15)) + ((0x2 * ((uint64_t)x21 * x13)) + ((0x2 * ((uint64_t)x23 * x11)) + ((0x2 * ((uint64_t)x25 * x9)) + ((0x2 * ((uint64_t)x27 * x7)) + ((0x2 * ((uint64_t)x29 * x5)) + (0x2 * ((uint64_t)x28 * x3))))))))))))))));
uint64_t x45 = (((uint64_t)x1 * x28) + ((0x2 * ((uint64_t)x3 * x29)) + ((0x2 * ((uint64_t)x5 * x27)) + ((0x2 * ((uint64_t)x7 * x25)) + ((0x2 * ((uint64_t)x9 * x23)) + ((0x2 * ((uint64_t)x11 * x21)) + ((0x2 * ((uint64_t)x13 * x19)) + ((0x2 * ((uint64_t)x15 * x17)) + ((0x2 * ((uint64_t)x17 * x15)) + ((0x2 * ((uint64_t)x19 * x13)) + ((0x2 * ((uint64_t)x21 * x11)) + ((0x2 * ((uint64_t)x23 * x9)) + ((0x2 * ((uint64_t)x25 * x7)) + ((0x2 * ((uint64_t)x27 * x5)) + ((0x2 * ((uint64_t)x29 * x3)) + ((uint64_t)x28 * x1))))))))))))))));
uint64_t x46 = (((uint64_t)x1 * x29) + ((0x2 * ((uint64_t)x3 * x27)) + ((0x2 * ((uint64_t)x5 * x25)) + ((0x2 * ((uint64_t)x7 * x23)) + ((0x2 * ((uint64_t)x9 * x21)) + ((0x2 * ((uint64_t)x11 * x19)) + ((0x2 * ((uint64_t)x13 * x17)) + ((0x2 * ((uint64_t)x15 * x15)) + ((0x2 * ((uint64_t)x17 * x13)) + ((0x2 * ((uint64_t)x19 * x11)) + ((0x2 * ((uint64_t)x21 * x9)) + ((0x2 * ((uint64_t)x23 * x7)) + ((0x2 * ((uint64_t)x25 * x5)) + ((0x2 * ((uint64_t)x27 * x3)) + ((uint64_t)x29 * x1)))))))))))))));
uint64_t x47 = (((uint64_t)x1 * x27) + ((0x2 * ((uint64_t)x3 * x25)) + ((0x2 * ((uint64_t)x5 * x23)) + ((0x2 * ((uint64_t)x7 * x21)) + ((0x2 * ((uint64_t)x9 * x19)) + ((0x2 * ((uint64_t)x11 * x17)) + ((0x2 * ((uint64_t)x13 * x15)) + ((0x2 * ((uint64_t)x15 * x13)) + ((0x2 * ((uint64_t)x17 * x11)) + ((0x2 * ((uint64_t)x19 * x9)) + ((0x2 * ((uint64_t)x21 * x7)) + ((0x2 * ((uint64_t)x23 * x5)) + ((0x2 * ((uint64_t)x25 * x3)) + ((uint64_t)x27 * x1))))))))))))));
uint64_t x48 = (((uint64_t)x1 * x25) + ((0x2 * ((uint64_t)x3 * x23)) + ((0x2 * ((uint64_t)x5 * x21)) + ((0x2 * ((uint64_t)x7 * x19)) + ((0x2 * ((uint64_t)x9 * x17)) + ((0x2 * ((uint64_t)x11 * x15)) + ((0x2 * ((uint64_t)x13 * x13)) + ((0x2 * ((uint64_t)x15 * x11)) + ((0x2 * ((uint64_t)x17 * x9)) + ((0x2 * ((uint64_t)x19 * x7)) + ((0x2 * ((uint64_t)x21 * x5)) + ((0x2 * ((uint64_t)x23 * x3)) + ((uint64_t)x25 * x1)))))))))))));
uint64_t x49 = (((uint64_t)x1 * x23) + ((0x2 * ((uint64_t)x3 * x21)) + ((0x2 * ((uint64_t)x5 * x19)) + ((0x2 * ((uint64_t)x7 * x17)) + ((0x2 * ((uint64_t)x9 * x15)) + ((0x2 * ((uint64_t)x11 * x13)) + ((0x2 * ((uint64_t)x13 * x11)) + ((0x2 * ((uint64_t)x15 * x9)) + ((0x2 * ((uint64_t)x17 * x7)) + ((0x2 * ((uint64_t)x19 * x5)) + ((0x2 * ((uint64_t)x21 * x3)) + ((uint64_t)x23 * x1))))))))))));
uint64_t x50 = (((uint64_t)x1 * x21) + ((0x2 * ((uint64_t)x3 * x19)) + ((0x2 * ((uint64_t)x5 * x17)) + ((0x2 * ((uint64_t)x7 * x15)) + ((0x2 * ((uint64_t)x9 * x13)) + ((0x2 * ((uint64_t)x11 * x11)) + ((0x2 * ((uint64_t)x13 * x9)) + ((0x2 * ((uint64_t)x15 * x7)) + ((0x2 * ((uint64_t)x17 * x5)) + ((0x2 * ((uint64_t)x19 * x3)) + ((uint64_t)x21 * x1)))))))))));
uint64_t x51 = (((uint64_t)x1 * x19) + ((0x2 * ((uint64_t)x3 * x17)) + ((0x2 * ((uint64_t)x5 * x15)) + ((0x2 * ((uint64_t)x7 * x13)) + ((0x2 * ((uint64_t)x9 * x11)) + ((0x2 * ((uint64_t)x11 * x9)) + ((0x2 * ((uint64_t)x13 * x7)) + ((0x2 * ((uint64_t)x15 * x5)) + ((0x2 * ((uint64_t)x17 * x3)) + ((uint64_t)x19 * x1))))))))));
uint64_t x52 = (((uint64_t)x1 * x17) + ((0x2 * ((uint64_t)x3 * x15)) + ((0x2 * ((uint64_t)x5 * x13)) + ((0x2 * ((uint64_t)x7 * x11)) + ((0x2 * ((uint64_t)x9 * x9)) + ((0x2 * ((uint64_t)x11 * x7)) + ((0x2 * ((uint64_t)x13 * x5)) + ((0x2 * ((uint64_t)x15 * x3)) + ((uint64_t)x17 * x1)))))))));
uint64_t x53 = (((uint64_t)x1 * x15) + ((0x2 * ((uint64_t)x3 * x13)) + ((0x2 * ((uint64_t)x5 * x11)) + ((0x2 * ((uint64_t)x7 * x9)) + ((0x2 * ((uint64_t)x9 * x7)) + ((0x2 * ((uint64_t)x11 * x5)) + ((0x2 * ((uint64_t)x13 * x3)) + ((uint64_t)x15 * x1))))))));
uint64_t x54 = (((uint64_t)x1 * x13) + ((0x2 * ((uint64_t)x3 * x11)) + ((0x2 * ((uint64_t)x5 * x9)) + ((0x2 * ((uint64_t)x7 * x7)) + ((0x2 * ((uint64_t)x9 * x5)) + ((0x2 * ((uint64_t)x11 * x3)) + ((uint64_t)x13 * x1)))))));
uint64_t x55 = (((uint64_t)x1 * x11) + ((0x2 * ((uint64_t)x3 * x9)) + ((0x2 * ((uint64_t)x5 * x7)) + ((0x2 * ((uint64_t)x7 * x5)) + ((0x2 * ((uint64_t)x9 * x3)) + ((uint64_t)x11 * x1))))));
uint64_t x56 = (((uint64_t)x1 * x9) + ((0x2 * ((uint64_t)x3 * x7)) + ((0x2 * ((uint64_t)x5 * x5)) + ((0x2 * ((uint64_t)x7 * x3)) + ((uint64_t)x9 * x1)))));
uint64_t x57 = (((uint64_t)x1 * x7) + ((0x2 * ((uint64_t)x3 * x5)) + ((0x2 * ((uint64_t)x5 * x3)) + ((uint64_t)x7 * x1))));
uint64_t x58 = (((uint64_t)x1 * x5) + ((0x2 * ((uint64_t)x3 * x3)) + ((uint64_t)x5 * x1)));
uint64_t x59 = (((uint64_t)x1 * x3) + ((uint64_t)x3 * x1));
uint64_t x60 = ((uint64_t)x1 * x1);
uint64_t x61 = (x46 + (0x1f * x30));
uint64_t x62 = (x47 + (0x1f * x31));
uint64_t x63 = (x48 + (0x1f * x32));
uint64_t x64 = (x49 + (0x1f * x33));
uint64_t x65 = (x50 + (0x1f * x34));
uint64_t x66 = (x51 + (0x1f * x35));
uint64_t x67 = (x52 + (0x1f * x36));
uint64_t x68 = (x53 + (0x1f * x37));
uint64_t x69 = (x54 + (0x1f * x38));
uint64_t x70 = (x55 + (0x1f * x39));
uint64_t x71 = (x56 + (0x1f * x40));
uint64_t x72 = (x57 + (0x1f * x41));
uint64_t x73 = (x58 + (0x1f * x42));
uint64_t x74 = (x59 + (0x1f * x43));
uint64_t x75 = (x60 + (0x1f * x44));
uint64_t x76 = (x75 >> 0x1a);
uint32_t x77 = ((uint32_t)x75 & 0x3ffffff);
uint64_t x78 = (x76 + x74);
uint64_t x79 = (x78 >> 0x19);
uint32_t x80 = ((uint32_t)x78 & 0x1ffffff);
uint64_t x81 = (x79 + x73);
uint64_t x82 = (x81 >> 0x19);
uint32_t x83 = ((uint32_t)x81 & 0x1ffffff);
uint64_t x84 = (x82 + x72);
uint64_t x85 = (x84 >> 0x19);
uint32_t x86 = ((uint32_t)x84 & 0x1ffffff);
uint64_t x87 = (x85 + x71);
uint64_t x88 = (x87 >> 0x19);
uint32_t x89 = ((uint32_t)x87 & 0x1ffffff);
uint64_t x90 = (x88 + x70);
uint64_t x91 = (x90 >> 0x19);
uint32_t x92 = ((uint32_t)x90 & 0x1ffffff);
uint64_t x93 = (x91 + x69);
uint64_t x94 = (x93 >> 0x19);
uint32_t x95 = ((uint32_t)x93 & 0x1ffffff);
uint64_t x96 = (x94 + x68);
uint64_t x97 = (x96 >> 0x19);
uint32_t x98 = ((uint32_t)x96 & 0x1ffffff);
uint64_t x99 = (x97 + x67);
uint64_t x100 = (x99 >> 0x19);
uint32_t x101 = ((uint32_t)x99 & 0x1ffffff);
uint64_t x102 = (x100 + x66);
uint64_t x103 = (x102 >> 0x19);
uint32_t x104 = ((uint32_t)x102 & 0x1ffffff);
uint64_t x105 = (x103 + x65);
uint64_t x106 = (x105 >> 0x19);
uint32_t x107 = ((uint32_t)x105 & 0x1ffffff);
uint64_t x108 = (x106 + x64);
uint64_t x109 = (x108 >> 0x19);
uint32_t x110 = ((uint32_t)x108 & 0x1ffffff);
uint64_t x111 = (x109 + x63);
uint64_t x112 = (x111 >> 0x19);
uint32_t x113 = ((uint32_t)x111 & 0x1ffffff);
uint64_t x114 = (x112 + x62);
uint64_t x115 = (x114 >> 0x19);
uint32_t x116 = ((uint32_t)x114 & 0x1ffffff);
uint64_t x117 = (x115 + x61);
uint64_t x118 = (x117 >> 0x19);
uint32_t x119 = ((uint32_t)x117 & 0x1ffffff);
uint64_t x120 = (x118 + x45);
uint64_t x121 = (x120 >> 0x19);
uint32_t x122 = ((uint32_t)x120 & 0x1ffffff);
uint64_t x123 = (x77 + (0x1f * x121));
uint32_t x124 = (uint32_t) (x123 >> 0x1a);
uint32_t x125 = ((uint32_t)x123 & 0x3ffffff);
uint32_t x126 = (x124 + x80);
uint32_t x127 = (x126 >> 0x19);
uint32_t x128 = (x126 & 0x1ffffff);
return (Return x122, Return x119, Return x116, Return x113, Return x110, Return x107, Return x104, Return x101, Return x98, Return x95, Return x92, Return x89, Return x86, (x127 + x83), Return x128, Return x125)
     : ∀ var : Z.Syntax.base_type → Type, expr Z.Syntax.base_type Z.Syntax.op (uint32_t * uint32_t * uint32_t * uint32_t * uint32_t * uint32_t * uint32_t * uint32_t * uint32_t * uint32_t * uint32_t * uint32_t * uint32_t * uint32_t * uint32_t * uint32_t -> uint32_t * uint32_t * uint32_t * uint32_t * uint32_t * uint32_t * uint32_t * uint32_t * uint32_t * uint32_t * uint32_t * uint32_t * uint32_t * uint32_t * uint32_t * uint32_t)

Argument scope is [function_scope]
