mul = λ var : Z.Syntax.base_type → Type,
λ '(x14, x15, x13, x11, x9, x7, x5, x3, (x28, x29, x27, x25, x23, x21, x19, x17))%core,
uint64_t x31, uint64_t x32 = mulx_u64(x3, x17);
uint64_t x34, uint64_t x35 = mulx_u64(x3, x19);
uint64_t x37, uint64_t x38 = mulx_u64(x3, x21);
uint64_t x40, uint64_t x41 = mulx_u64(x3, x23);
uint64_t x43, uint64_t x44 = mulx_u64(x3, x25);
uint64_t x46, uint64_t x47 = mulx_u64(x3, x27);
uint64_t x49, uint64_t x50 = mulx_u64(x3, x29);
uint64_t x52, uint64_t x53 = mulx_u64(x3, x28);
uint64_t x55, uint8_t x56 = addcarryx_u64(0x0, x32, x34);
uint64_t x58, uint8_t x59 = addcarryx_u64(x56, x35, x37);
uint64_t x61, uint8_t x62 = addcarryx_u64(x59, x38, x40);
uint64_t x64, uint8_t x65 = addcarryx_u64(x62, x41, x43);
uint64_t x67, uint8_t x68 = addcarryx_u64(x65, x44, x46);
uint64_t x70, uint8_t x71 = addcarryx_u64(x68, x47, x49);
uint64_t x73, uint8_t x74 = addcarryx_u64(x71, x50, x52);
uint64_t x76, uint8_t _ = addcarryx_u64(0x0, x74, x53);
uint64_t x79, uint64_t _ = mulx_u64(x31, 0xaaaaaaaaaaaaaaabL);
uint64_t x82, uint64_t x83 = mulx_u64(x79, 0xfffffffffffffffdL);
uint64_t x85, uint64_t x86 = mulx_u64(x79, 0xffffffffffffffffL);
uint64_t x88, uint64_t x89 = mulx_u64(x79, 0xffffffffffffffffL);
uint64_t x91, uint64_t x92 = mulx_u64(x79, 0xffffffffffffffffL);
uint64_t x94, uint64_t x95 = mulx_u64(x79, 0xffffffffffffffffL);
uint64_t x97, uint64_t x98 = mulx_u64(x79, 0xffffffffffffffffL);
uint64_t x100, uint64_t x101 = mulx_u64(x79, 0xffffffffffffffffL);
uint64_t x103, uint8_t x104 = mulx_u64_out_u8(x79, 0xf);
uint64_t x106, uint8_t x107 = addcarryx_u64(0x0, x83, x85);
uint64_t x109, uint8_t x110 = addcarryx_u64(x107, x86, x88);
uint64_t x112, uint8_t x113 = addcarryx_u64(x110, x89, x91);
uint64_t x115, uint8_t x116 = addcarryx_u64(x113, x92, x94);
uint64_t x118, uint8_t x119 = addcarryx_u64(x116, x95, x97);
uint64_t x121, uint8_t x122 = addcarryx_u64(x119, x98, x100);
uint64_t x124, uint8_t x125 = addcarryx_u64(x122, x101, x103);
uint8_t x126 = (x125 + x104);
uint64_t _, uint8_t x129 = addcarryx_u64(0x0, x31, x82);
uint64_t x131, uint8_t x132 = addcarryx_u64(x129, x55, x106);
uint64_t x134, uint8_t x135 = addcarryx_u64(x132, x58, x109);
uint64_t x137, uint8_t x138 = addcarryx_u64(x135, x61, x112);
uint64_t x140, uint8_t x141 = addcarryx_u64(x138, x64, x115);
uint64_t x143, uint8_t x144 = addcarryx_u64(x141, x67, x118);
uint64_t x146, uint8_t x147 = addcarryx_u64(x144, x70, x121);
uint64_t x149, uint8_t x150 = addcarryx_u64(x147, x73, x124);
uint64_t x152, uint8_t x153 = addcarryx_u64(x150, x76, x126);
uint8_t x154 = (x153 + 0x0);
uint64_t x156, uint64_t x157 = mulx_u64(x5, x17);
uint64_t x159, uint64_t x160 = mulx_u64(x5, x19);
uint64_t x162, uint64_t x163 = mulx_u64(x5, x21);
uint64_t x165, uint64_t x166 = mulx_u64(x5, x23);
uint64_t x168, uint64_t x169 = mulx_u64(x5, x25);
uint64_t x171, uint64_t x172 = mulx_u64(x5, x27);
uint64_t x174, uint64_t x175 = mulx_u64(x5, x29);
uint64_t x177, uint64_t x178 = mulx_u64(x5, x28);
uint64_t x180, uint8_t x181 = addcarryx_u64(0x0, x157, x159);
uint64_t x183, uint8_t x184 = addcarryx_u64(x181, x160, x162);
uint64_t x186, uint8_t x187 = addcarryx_u64(x184, x163, x165);
uint64_t x189, uint8_t x190 = addcarryx_u64(x187, x166, x168);
uint64_t x192, uint8_t x193 = addcarryx_u64(x190, x169, x171);
uint64_t x195, uint8_t x196 = addcarryx_u64(x193, x172, x174);
uint64_t x198, uint8_t x199 = addcarryx_u64(x196, x175, x177);
uint64_t x201, uint8_t _ = addcarryx_u64(0x0, x199, x178);
uint64_t x204, uint8_t x205 = addcarryx_u64(0x0, x131, x156);
uint64_t x207, uint8_t x208 = addcarryx_u64(x205, x134, x180);
uint64_t x210, uint8_t x211 = addcarryx_u64(x208, x137, x183);
uint64_t x213, uint8_t x214 = addcarryx_u64(x211, x140, x186);
uint64_t x216, uint8_t x217 = addcarryx_u64(x214, x143, x189);
uint64_t x219, uint8_t x220 = addcarryx_u64(x217, x146, x192);
uint64_t x222, uint8_t x223 = addcarryx_u64(x220, x149, x195);
uint64_t x225, uint8_t x226 = addcarryx_u64(x223, x152, x198);
uint64_t x228, uint8_t x229 = addcarryx_u64(x226, x154, x201);
uint64_t x231, uint64_t _ = mulx_u64(x204, 0xaaaaaaaaaaaaaaabL);
uint64_t x234, uint64_t x235 = mulx_u64(x231, 0xfffffffffffffffdL);
uint64_t x237, uint64_t x238 = mulx_u64(x231, 0xffffffffffffffffL);
uint64_t x240, uint64_t x241 = mulx_u64(x231, 0xffffffffffffffffL);
uint64_t x243, uint64_t x244 = mulx_u64(x231, 0xffffffffffffffffL);
uint64_t x246, uint64_t x247 = mulx_u64(x231, 0xffffffffffffffffL);
uint64_t x249, uint64_t x250 = mulx_u64(x231, 0xffffffffffffffffL);
uint64_t x252, uint64_t x253 = mulx_u64(x231, 0xffffffffffffffffL);
uint64_t x255, uint8_t x256 = mulx_u64_out_u8(x231, 0xf);
uint64_t x258, uint8_t x259 = addcarryx_u64(0x0, x235, x237);
uint64_t x261, uint8_t x262 = addcarryx_u64(x259, x238, x240);
uint64_t x264, uint8_t x265 = addcarryx_u64(x262, x241, x243);
uint64_t x267, uint8_t x268 = addcarryx_u64(x265, x244, x246);
uint64_t x270, uint8_t x271 = addcarryx_u64(x268, x247, x249);
uint64_t x273, uint8_t x274 = addcarryx_u64(x271, x250, x252);
uint64_t x276, uint8_t x277 = addcarryx_u64(x274, x253, x255);
uint8_t x278 = (x277 + x256);
uint64_t _, uint8_t x281 = addcarryx_u64(0x0, x204, x234);
uint64_t x283, uint8_t x284 = addcarryx_u64(x281, x207, x258);
uint64_t x286, uint8_t x287 = addcarryx_u64(x284, x210, x261);
uint64_t x289, uint8_t x290 = addcarryx_u64(x287, x213, x264);
uint64_t x292, uint8_t x293 = addcarryx_u64(x290, x216, x267);
uint64_t x295, uint8_t x296 = addcarryx_u64(x293, x219, x270);
uint64_t x298, uint8_t x299 = addcarryx_u64(x296, x222, x273);
uint64_t x301, uint8_t x302 = addcarryx_u64(x299, x225, x276);
uint64_t x304, uint8_t x305 = addcarryx_u64(x302, x228, x278);
uint8_t x306 = (x305 + x229);
uint64_t x308, uint64_t x309 = mulx_u64(x7, x17);
uint64_t x311, uint64_t x312 = mulx_u64(x7, x19);
uint64_t x314, uint64_t x315 = mulx_u64(x7, x21);
uint64_t x317, uint64_t x318 = mulx_u64(x7, x23);
uint64_t x320, uint64_t x321 = mulx_u64(x7, x25);
uint64_t x323, uint64_t x324 = mulx_u64(x7, x27);
uint64_t x326, uint64_t x327 = mulx_u64(x7, x29);
uint64_t x329, uint64_t x330 = mulx_u64(x7, x28);
uint64_t x332, uint8_t x333 = addcarryx_u64(0x0, x309, x311);
uint64_t x335, uint8_t x336 = addcarryx_u64(x333, x312, x314);
uint64_t x338, uint8_t x339 = addcarryx_u64(x336, x315, x317);
uint64_t x341, uint8_t x342 = addcarryx_u64(x339, x318, x320);
uint64_t x344, uint8_t x345 = addcarryx_u64(x342, x321, x323);
uint64_t x347, uint8_t x348 = addcarryx_u64(x345, x324, x326);
uint64_t x350, uint8_t x351 = addcarryx_u64(x348, x327, x329);
uint64_t x353, uint8_t _ = addcarryx_u64(0x0, x351, x330);
uint64_t x356, uint8_t x357 = addcarryx_u64(0x0, x283, x308);
uint64_t x359, uint8_t x360 = addcarryx_u64(x357, x286, x332);
uint64_t x362, uint8_t x363 = addcarryx_u64(x360, x289, x335);
uint64_t x365, uint8_t x366 = addcarryx_u64(x363, x292, x338);
uint64_t x368, uint8_t x369 = addcarryx_u64(x366, x295, x341);
uint64_t x371, uint8_t x372 = addcarryx_u64(x369, x298, x344);
uint64_t x374, uint8_t x375 = addcarryx_u64(x372, x301, x347);
uint64_t x377, uint8_t x378 = addcarryx_u64(x375, x304, x350);
uint64_t x380, uint8_t x381 = addcarryx_u64(x378, x306, x353);
uint64_t x383, uint64_t _ = mulx_u64(x356, 0xaaaaaaaaaaaaaaabL);
uint64_t x386, uint64_t x387 = mulx_u64(x383, 0xfffffffffffffffdL);
uint64_t x389, uint64_t x390 = mulx_u64(x383, 0xffffffffffffffffL);
uint64_t x392, uint64_t x393 = mulx_u64(x383, 0xffffffffffffffffL);
uint64_t x395, uint64_t x396 = mulx_u64(x383, 0xffffffffffffffffL);
uint64_t x398, uint64_t x399 = mulx_u64(x383, 0xffffffffffffffffL);
uint64_t x401, uint64_t x402 = mulx_u64(x383, 0xffffffffffffffffL);
uint64_t x404, uint64_t x405 = mulx_u64(x383, 0xffffffffffffffffL);
uint64_t x407, uint8_t x408 = mulx_u64_out_u8(x383, 0xf);
uint64_t x410, uint8_t x411 = addcarryx_u64(0x0, x387, x389);
uint64_t x413, uint8_t x414 = addcarryx_u64(x411, x390, x392);
uint64_t x416, uint8_t x417 = addcarryx_u64(x414, x393, x395);
uint64_t x419, uint8_t x420 = addcarryx_u64(x417, x396, x398);
uint64_t x422, uint8_t x423 = addcarryx_u64(x420, x399, x401);
uint64_t x425, uint8_t x426 = addcarryx_u64(x423, x402, x404);
uint64_t x428, uint8_t x429 = addcarryx_u64(x426, x405, x407);
uint8_t x430 = (x429 + x408);
uint64_t _, uint8_t x433 = addcarryx_u64(0x0, x356, x386);
uint64_t x435, uint8_t x436 = addcarryx_u64(x433, x359, x410);
uint64_t x438, uint8_t x439 = addcarryx_u64(x436, x362, x413);
uint64_t x441, uint8_t x442 = addcarryx_u64(x439, x365, x416);
uint64_t x444, uint8_t x445 = addcarryx_u64(x442, x368, x419);
uint64_t x447, uint8_t x448 = addcarryx_u64(x445, x371, x422);
uint64_t x450, uint8_t x451 = addcarryx_u64(x448, x374, x425);
uint64_t x453, uint8_t x454 = addcarryx_u64(x451, x377, x428);
uint64_t x456, uint8_t x457 = addcarryx_u64(x454, x380, x430);
uint8_t x458 = (x457 + x381);
uint64_t x460, uint64_t x461 = mulx_u64(x9, x17);
uint64_t x463, uint64_t x464 = mulx_u64(x9, x19);
uint64_t x466, uint64_t x467 = mulx_u64(x9, x21);
uint64_t x469, uint64_t x470 = mulx_u64(x9, x23);
uint64_t x472, uint64_t x473 = mulx_u64(x9, x25);
uint64_t x475, uint64_t x476 = mulx_u64(x9, x27);
uint64_t x478, uint64_t x479 = mulx_u64(x9, x29);
uint64_t x481, uint64_t x482 = mulx_u64(x9, x28);
uint64_t x484, uint8_t x485 = addcarryx_u64(0x0, x461, x463);
uint64_t x487, uint8_t x488 = addcarryx_u64(x485, x464, x466);
uint64_t x490, uint8_t x491 = addcarryx_u64(x488, x467, x469);
uint64_t x493, uint8_t x494 = addcarryx_u64(x491, x470, x472);
uint64_t x496, uint8_t x497 = addcarryx_u64(x494, x473, x475);
uint64_t x499, uint8_t x500 = addcarryx_u64(x497, x476, x478);
uint64_t x502, uint8_t x503 = addcarryx_u64(x500, x479, x481);
uint64_t x505, uint8_t _ = addcarryx_u64(0x0, x503, x482);
uint64_t x508, uint8_t x509 = addcarryx_u64(0x0, x435, x460);
uint64_t x511, uint8_t x512 = addcarryx_u64(x509, x438, x484);
uint64_t x514, uint8_t x515 = addcarryx_u64(x512, x441, x487);
uint64_t x517, uint8_t x518 = addcarryx_u64(x515, x444, x490);
uint64_t x520, uint8_t x521 = addcarryx_u64(x518, x447, x493);
uint64_t x523, uint8_t x524 = addcarryx_u64(x521, x450, x496);
uint64_t x526, uint8_t x527 = addcarryx_u64(x524, x453, x499);
uint64_t x529, uint8_t x530 = addcarryx_u64(x527, x456, x502);
uint64_t x532, uint8_t x533 = addcarryx_u64(x530, x458, x505);
uint64_t x535, uint64_t _ = mulx_u64(x508, 0xaaaaaaaaaaaaaaabL);
uint64_t x538, uint64_t x539 = mulx_u64(x535, 0xfffffffffffffffdL);
uint64_t x541, uint64_t x542 = mulx_u64(x535, 0xffffffffffffffffL);
uint64_t x544, uint64_t x545 = mulx_u64(x535, 0xffffffffffffffffL);
uint64_t x547, uint64_t x548 = mulx_u64(x535, 0xffffffffffffffffL);
uint64_t x550, uint64_t x551 = mulx_u64(x535, 0xffffffffffffffffL);
uint64_t x553, uint64_t x554 = mulx_u64(x535, 0xffffffffffffffffL);
uint64_t x556, uint64_t x557 = mulx_u64(x535, 0xffffffffffffffffL);
uint64_t x559, uint8_t x560 = mulx_u64_out_u8(x535, 0xf);
uint64_t x562, uint8_t x563 = addcarryx_u64(0x0, x539, x541);
uint64_t x565, uint8_t x566 = addcarryx_u64(x563, x542, x544);
uint64_t x568, uint8_t x569 = addcarryx_u64(x566, x545, x547);
uint64_t x571, uint8_t x572 = addcarryx_u64(x569, x548, x550);
uint64_t x574, uint8_t x575 = addcarryx_u64(x572, x551, x553);
uint64_t x577, uint8_t x578 = addcarryx_u64(x575, x554, x556);
uint64_t x580, uint8_t x581 = addcarryx_u64(x578, x557, x559);
uint8_t x582 = (x581 + x560);
uint64_t _, uint8_t x585 = addcarryx_u64(0x0, x508, x538);
uint64_t x587, uint8_t x588 = addcarryx_u64(x585, x511, x562);
uint64_t x590, uint8_t x591 = addcarryx_u64(x588, x514, x565);
uint64_t x593, uint8_t x594 = addcarryx_u64(x591, x517, x568);
uint64_t x596, uint8_t x597 = addcarryx_u64(x594, x520, x571);
uint64_t x599, uint8_t x600 = addcarryx_u64(x597, x523, x574);
uint64_t x602, uint8_t x603 = addcarryx_u64(x600, x526, x577);
uint64_t x605, uint8_t x606 = addcarryx_u64(x603, x529, x580);
uint64_t x608, uint8_t x609 = addcarryx_u64(x606, x532, x582);
uint8_t x610 = (x609 + x533);
uint64_t x612, uint64_t x613 = mulx_u64(x11, x17);
uint64_t x615, uint64_t x616 = mulx_u64(x11, x19);
uint64_t x618, uint64_t x619 = mulx_u64(x11, x21);
uint64_t x621, uint64_t x622 = mulx_u64(x11, x23);
uint64_t x624, uint64_t x625 = mulx_u64(x11, x25);
uint64_t x627, uint64_t x628 = mulx_u64(x11, x27);
uint64_t x630, uint64_t x631 = mulx_u64(x11, x29);
uint64_t x633, uint64_t x634 = mulx_u64(x11, x28);
uint64_t x636, uint8_t x637 = addcarryx_u64(0x0, x613, x615);
uint64_t x639, uint8_t x640 = addcarryx_u64(x637, x616, x618);
uint64_t x642, uint8_t x643 = addcarryx_u64(x640, x619, x621);
uint64_t x645, uint8_t x646 = addcarryx_u64(x643, x622, x624);
uint64_t x648, uint8_t x649 = addcarryx_u64(x646, x625, x627);
uint64_t x651, uint8_t x652 = addcarryx_u64(x649, x628, x630);
uint64_t x654, uint8_t x655 = addcarryx_u64(x652, x631, x633);
uint64_t x657, uint8_t _ = addcarryx_u64(0x0, x655, x634);
uint64_t x660, uint8_t x661 = addcarryx_u64(0x0, x587, x612);
uint64_t x663, uint8_t x664 = addcarryx_u64(x661, x590, x636);
uint64_t x666, uint8_t x667 = addcarryx_u64(x664, x593, x639);
uint64_t x669, uint8_t x670 = addcarryx_u64(x667, x596, x642);
uint64_t x672, uint8_t x673 = addcarryx_u64(x670, x599, x645);
uint64_t x675, uint8_t x676 = addcarryx_u64(x673, x602, x648);
uint64_t x678, uint8_t x679 = addcarryx_u64(x676, x605, x651);
uint64_t x681, uint8_t x682 = addcarryx_u64(x679, x608, x654);
uint64_t x684, uint8_t x685 = addcarryx_u64(x682, x610, x657);
uint64_t x687, uint64_t _ = mulx_u64(x660, 0xaaaaaaaaaaaaaaabL);
uint64_t x690, uint64_t x691 = mulx_u64(x687, 0xfffffffffffffffdL);
uint64_t x693, uint64_t x694 = mulx_u64(x687, 0xffffffffffffffffL);
uint64_t x696, uint64_t x697 = mulx_u64(x687, 0xffffffffffffffffL);
uint64_t x699, uint64_t x700 = mulx_u64(x687, 0xffffffffffffffffL);
uint64_t x702, uint64_t x703 = mulx_u64(x687, 0xffffffffffffffffL);
uint64_t x705, uint64_t x706 = mulx_u64(x687, 0xffffffffffffffffL);
uint64_t x708, uint64_t x709 = mulx_u64(x687, 0xffffffffffffffffL);
uint64_t x711, uint8_t x712 = mulx_u64_out_u8(x687, 0xf);
uint64_t x714, uint8_t x715 = addcarryx_u64(0x0, x691, x693);
uint64_t x717, uint8_t x718 = addcarryx_u64(x715, x694, x696);
uint64_t x720, uint8_t x721 = addcarryx_u64(x718, x697, x699);
uint64_t x723, uint8_t x724 = addcarryx_u64(x721, x700, x702);
uint64_t x726, uint8_t x727 = addcarryx_u64(x724, x703, x705);
uint64_t x729, uint8_t x730 = addcarryx_u64(x727, x706, x708);
uint64_t x732, uint8_t x733 = addcarryx_u64(x730, x709, x711);
uint8_t x734 = (x733 + x712);
uint64_t _, uint8_t x737 = addcarryx_u64(0x0, x660, x690);
uint64_t x739, uint8_t x740 = addcarryx_u64(x737, x663, x714);
uint64_t x742, uint8_t x743 = addcarryx_u64(x740, x666, x717);
uint64_t x745, uint8_t x746 = addcarryx_u64(x743, x669, x720);
uint64_t x748, uint8_t x749 = addcarryx_u64(x746, x672, x723);
uint64_t x751, uint8_t x752 = addcarryx_u64(x749, x675, x726);
uint64_t x754, uint8_t x755 = addcarryx_u64(x752, x678, x729);
uint64_t x757, uint8_t x758 = addcarryx_u64(x755, x681, x732);
uint64_t x760, uint8_t x761 = addcarryx_u64(x758, x684, x734);
uint8_t x762 = (x761 + x685);
uint64_t x764, uint64_t x765 = mulx_u64(x13, x17);
uint64_t x767, uint64_t x768 = mulx_u64(x13, x19);
uint64_t x770, uint64_t x771 = mulx_u64(x13, x21);
uint64_t x773, uint64_t x774 = mulx_u64(x13, x23);
uint64_t x776, uint64_t x777 = mulx_u64(x13, x25);
uint64_t x779, uint64_t x780 = mulx_u64(x13, x27);
uint64_t x782, uint64_t x783 = mulx_u64(x13, x29);
uint64_t x785, uint64_t x786 = mulx_u64(x13, x28);
uint64_t x788, uint8_t x789 = addcarryx_u64(0x0, x765, x767);
uint64_t x791, uint8_t x792 = addcarryx_u64(x789, x768, x770);
uint64_t x794, uint8_t x795 = addcarryx_u64(x792, x771, x773);
uint64_t x797, uint8_t x798 = addcarryx_u64(x795, x774, x776);
uint64_t x800, uint8_t x801 = addcarryx_u64(x798, x777, x779);
uint64_t x803, uint8_t x804 = addcarryx_u64(x801, x780, x782);
uint64_t x806, uint8_t x807 = addcarryx_u64(x804, x783, x785);
uint64_t x809, uint8_t _ = addcarryx_u64(0x0, x807, x786);
uint64_t x812, uint8_t x813 = addcarryx_u64(0x0, x739, x764);
uint64_t x815, uint8_t x816 = addcarryx_u64(x813, x742, x788);
uint64_t x818, uint8_t x819 = addcarryx_u64(x816, x745, x791);
uint64_t x821, uint8_t x822 = addcarryx_u64(x819, x748, x794);
uint64_t x824, uint8_t x825 = addcarryx_u64(x822, x751, x797);
uint64_t x827, uint8_t x828 = addcarryx_u64(x825, x754, x800);
uint64_t x830, uint8_t x831 = addcarryx_u64(x828, x757, x803);
uint64_t x833, uint8_t x834 = addcarryx_u64(x831, x760, x806);
uint64_t x836, uint8_t x837 = addcarryx_u64(x834, x762, x809);
uint64_t x839, uint64_t _ = mulx_u64(x812, 0xaaaaaaaaaaaaaaabL);
uint64_t x842, uint64_t x843 = mulx_u64(x839, 0xfffffffffffffffdL);
uint64_t x845, uint64_t x846 = mulx_u64(x839, 0xffffffffffffffffL);
uint64_t x848, uint64_t x849 = mulx_u64(x839, 0xffffffffffffffffL);
uint64_t x851, uint64_t x852 = mulx_u64(x839, 0xffffffffffffffffL);
uint64_t x854, uint64_t x855 = mulx_u64(x839, 0xffffffffffffffffL);
uint64_t x857, uint64_t x858 = mulx_u64(x839, 0xffffffffffffffffL);
uint64_t x860, uint64_t x861 = mulx_u64(x839, 0xffffffffffffffffL);
uint64_t x863, uint8_t x864 = mulx_u64_out_u8(x839, 0xf);
uint64_t x866, uint8_t x867 = addcarryx_u64(0x0, x843, x845);
uint64_t x869, uint8_t x870 = addcarryx_u64(x867, x846, x848);
uint64_t x872, uint8_t x873 = addcarryx_u64(x870, x849, x851);
uint64_t x875, uint8_t x876 = addcarryx_u64(x873, x852, x854);
uint64_t x878, uint8_t x879 = addcarryx_u64(x876, x855, x857);
uint64_t x881, uint8_t x882 = addcarryx_u64(x879, x858, x860);
uint64_t x884, uint8_t x885 = addcarryx_u64(x882, x861, x863);
uint8_t x886 = (x885 + x864);
uint64_t _, uint8_t x889 = addcarryx_u64(0x0, x812, x842);
uint64_t x891, uint8_t x892 = addcarryx_u64(x889, x815, x866);
uint64_t x894, uint8_t x895 = addcarryx_u64(x892, x818, x869);
uint64_t x897, uint8_t x898 = addcarryx_u64(x895, x821, x872);
uint64_t x900, uint8_t x901 = addcarryx_u64(x898, x824, x875);
uint64_t x903, uint8_t x904 = addcarryx_u64(x901, x827, x878);
uint64_t x906, uint8_t x907 = addcarryx_u64(x904, x830, x881);
uint64_t x909, uint8_t x910 = addcarryx_u64(x907, x833, x884);
uint64_t x912, uint8_t x913 = addcarryx_u64(x910, x836, x886);
uint8_t x914 = (x913 + x837);
uint64_t x916, uint64_t x917 = mulx_u64(x15, x17);
uint64_t x919, uint64_t x920 = mulx_u64(x15, x19);
uint64_t x922, uint64_t x923 = mulx_u64(x15, x21);
uint64_t x925, uint64_t x926 = mulx_u64(x15, x23);
uint64_t x928, uint64_t x929 = mulx_u64(x15, x25);
uint64_t x931, uint64_t x932 = mulx_u64(x15, x27);
uint64_t x934, uint64_t x935 = mulx_u64(x15, x29);
uint64_t x937, uint64_t x938 = mulx_u64(x15, x28);
uint64_t x940, uint8_t x941 = addcarryx_u64(0x0, x917, x919);
uint64_t x943, uint8_t x944 = addcarryx_u64(x941, x920, x922);
uint64_t x946, uint8_t x947 = addcarryx_u64(x944, x923, x925);
uint64_t x949, uint8_t x950 = addcarryx_u64(x947, x926, x928);
uint64_t x952, uint8_t x953 = addcarryx_u64(x950, x929, x931);
uint64_t x955, uint8_t x956 = addcarryx_u64(x953, x932, x934);
uint64_t x958, uint8_t x959 = addcarryx_u64(x956, x935, x937);
uint64_t x961, uint8_t _ = addcarryx_u64(0x0, x959, x938);
uint64_t x964, uint8_t x965 = addcarryx_u64(0x0, x891, x916);
uint64_t x967, uint8_t x968 = addcarryx_u64(x965, x894, x940);
uint64_t x970, uint8_t x971 = addcarryx_u64(x968, x897, x943);
uint64_t x973, uint8_t x974 = addcarryx_u64(x971, x900, x946);
uint64_t x976, uint8_t x977 = addcarryx_u64(x974, x903, x949);
uint64_t x979, uint8_t x980 = addcarryx_u64(x977, x906, x952);
uint64_t x982, uint8_t x983 = addcarryx_u64(x980, x909, x955);
uint64_t x985, uint8_t x986 = addcarryx_u64(x983, x912, x958);
uint64_t x988, uint8_t x989 = addcarryx_u64(x986, x914, x961);
uint64_t x991, uint64_t _ = mulx_u64(x964, 0xaaaaaaaaaaaaaaabL);
uint64_t x994, uint64_t x995 = mulx_u64(x991, 0xfffffffffffffffdL);
uint64_t x997, uint64_t x998 = mulx_u64(x991, 0xffffffffffffffffL);
uint64_t x1000, uint64_t x1001 = mulx_u64(x991, 0xffffffffffffffffL);
uint64_t x1003, uint64_t x1004 = mulx_u64(x991, 0xffffffffffffffffL);
uint64_t x1006, uint64_t x1007 = mulx_u64(x991, 0xffffffffffffffffL);
uint64_t x1009, uint64_t x1010 = mulx_u64(x991, 0xffffffffffffffffL);
uint64_t x1012, uint64_t x1013 = mulx_u64(x991, 0xffffffffffffffffL);
uint64_t x1015, uint8_t x1016 = mulx_u64_out_u8(x991, 0xf);
uint64_t x1018, uint8_t x1019 = addcarryx_u64(0x0, x995, x997);
uint64_t x1021, uint8_t x1022 = addcarryx_u64(x1019, x998, x1000);
uint64_t x1024, uint8_t x1025 = addcarryx_u64(x1022, x1001, x1003);
uint64_t x1027, uint8_t x1028 = addcarryx_u64(x1025, x1004, x1006);
uint64_t x1030, uint8_t x1031 = addcarryx_u64(x1028, x1007, x1009);
uint64_t x1033, uint8_t x1034 = addcarryx_u64(x1031, x1010, x1012);
uint64_t x1036, uint8_t x1037 = addcarryx_u64(x1034, x1013, x1015);
uint8_t x1038 = (x1037 + x1016);
uint64_t _, uint8_t x1041 = addcarryx_u64(0x0, x964, x994);
uint64_t x1043, uint8_t x1044 = addcarryx_u64(x1041, x967, x1018);
uint64_t x1046, uint8_t x1047 = addcarryx_u64(x1044, x970, x1021);
uint64_t x1049, uint8_t x1050 = addcarryx_u64(x1047, x973, x1024);
uint64_t x1052, uint8_t x1053 = addcarryx_u64(x1050, x976, x1027);
uint64_t x1055, uint8_t x1056 = addcarryx_u64(x1053, x979, x1030);
uint64_t x1058, uint8_t x1059 = addcarryx_u64(x1056, x982, x1033);
uint64_t x1061, uint8_t x1062 = addcarryx_u64(x1059, x985, x1036);
uint64_t x1064, uint8_t x1065 = addcarryx_u64(x1062, x988, x1038);
uint8_t x1066 = (x1065 + x989);
uint64_t x1068, uint64_t x1069 = mulx_u64(x14, x17);
uint64_t x1071, uint64_t x1072 = mulx_u64(x14, x19);
uint64_t x1074, uint64_t x1075 = mulx_u64(x14, x21);
uint64_t x1077, uint64_t x1078 = mulx_u64(x14, x23);
uint64_t x1080, uint64_t x1081 = mulx_u64(x14, x25);
uint64_t x1083, uint64_t x1084 = mulx_u64(x14, x27);
uint64_t x1086, uint64_t x1087 = mulx_u64(x14, x29);
uint64_t x1089, uint64_t x1090 = mulx_u64(x14, x28);
uint64_t x1092, uint8_t x1093 = addcarryx_u64(0x0, x1069, x1071);
uint64_t x1095, uint8_t x1096 = addcarryx_u64(x1093, x1072, x1074);
uint64_t x1098, uint8_t x1099 = addcarryx_u64(x1096, x1075, x1077);
uint64_t x1101, uint8_t x1102 = addcarryx_u64(x1099, x1078, x1080);
uint64_t x1104, uint8_t x1105 = addcarryx_u64(x1102, x1081, x1083);
uint64_t x1107, uint8_t x1108 = addcarryx_u64(x1105, x1084, x1086);
uint64_t x1110, uint8_t x1111 = addcarryx_u64(x1108, x1087, x1089);
uint64_t x1113, uint8_t _ = addcarryx_u64(0x0, x1111, x1090);
uint64_t x1116, uint8_t x1117 = addcarryx_u64(0x0, x1043, x1068);
uint64_t x1119, uint8_t x1120 = addcarryx_u64(x1117, x1046, x1092);
uint64_t x1122, uint8_t x1123 = addcarryx_u64(x1120, x1049, x1095);
uint64_t x1125, uint8_t x1126 = addcarryx_u64(x1123, x1052, x1098);
uint64_t x1128, uint8_t x1129 = addcarryx_u64(x1126, x1055, x1101);
uint64_t x1131, uint8_t x1132 = addcarryx_u64(x1129, x1058, x1104);
uint64_t x1134, uint8_t x1135 = addcarryx_u64(x1132, x1061, x1107);
uint64_t x1137, uint8_t x1138 = addcarryx_u64(x1135, x1064, x1110);
uint64_t x1140, uint8_t x1141 = addcarryx_u64(x1138, x1066, x1113);
uint64_t x1143, uint64_t _ = mulx_u64(x1116, 0xaaaaaaaaaaaaaaabL);
uint64_t x1146, uint64_t x1147 = mulx_u64(x1143, 0xfffffffffffffffdL);
uint64_t x1149, uint64_t x1150 = mulx_u64(x1143, 0xffffffffffffffffL);
uint64_t x1152, uint64_t x1153 = mulx_u64(x1143, 0xffffffffffffffffL);
uint64_t x1155, uint64_t x1156 = mulx_u64(x1143, 0xffffffffffffffffL);
uint64_t x1158, uint64_t x1159 = mulx_u64(x1143, 0xffffffffffffffffL);
uint64_t x1161, uint64_t x1162 = mulx_u64(x1143, 0xffffffffffffffffL);
uint64_t x1164, uint64_t x1165 = mulx_u64(x1143, 0xffffffffffffffffL);
uint64_t x1167, uint8_t x1168 = mulx_u64_out_u8(x1143, 0xf);
uint64_t x1170, uint8_t x1171 = addcarryx_u64(0x0, x1147, x1149);
uint64_t x1173, uint8_t x1174 = addcarryx_u64(x1171, x1150, x1152);
uint64_t x1176, uint8_t x1177 = addcarryx_u64(x1174, x1153, x1155);
uint64_t x1179, uint8_t x1180 = addcarryx_u64(x1177, x1156, x1158);
uint64_t x1182, uint8_t x1183 = addcarryx_u64(x1180, x1159, x1161);
uint64_t x1185, uint8_t x1186 = addcarryx_u64(x1183, x1162, x1164);
uint64_t x1188, uint8_t x1189 = addcarryx_u64(x1186, x1165, x1167);
uint8_t x1190 = (x1189 + x1168);
uint64_t _, uint8_t x1193 = addcarryx_u64(0x0, x1116, x1146);
uint64_t x1195, uint8_t x1196 = addcarryx_u64(x1193, x1119, x1170);
uint64_t x1198, uint8_t x1199 = addcarryx_u64(x1196, x1122, x1173);
uint64_t x1201, uint8_t x1202 = addcarryx_u64(x1199, x1125, x1176);
uint64_t x1204, uint8_t x1205 = addcarryx_u64(x1202, x1128, x1179);
uint64_t x1207, uint8_t x1208 = addcarryx_u64(x1205, x1131, x1182);
uint64_t x1210, uint8_t x1211 = addcarryx_u64(x1208, x1134, x1185);
uint64_t x1213, uint8_t x1214 = addcarryx_u64(x1211, x1137, x1188);
uint64_t x1216, uint8_t x1217 = addcarryx_u64(x1214, x1140, x1190);
uint8_t x1218 = (x1217 + x1141);
uint64_t x1220, uint8_t x1221 = subborrow_u64(0x0, x1195, 0xfffffffffffffffdL);
uint64_t x1223, uint8_t x1224 = subborrow_u64(x1221, x1198, 0xffffffffffffffffL);
uint64_t x1226, uint8_t x1227 = subborrow_u64(x1224, x1201, 0xffffffffffffffffL);
uint64_t x1229, uint8_t x1230 = subborrow_u64(x1227, x1204, 0xffffffffffffffffL);
uint64_t x1232, uint8_t x1233 = subborrow_u64(x1230, x1207, 0xffffffffffffffffL);
uint64_t x1235, uint8_t x1236 = subborrow_u64(x1233, x1210, 0xffffffffffffffffL);
uint64_t x1238, uint8_t x1239 = subborrow_u64(x1236, x1213, 0xffffffffffffffffL);
uint64_t x1241, uint8_t x1242 = subborrow_u64(x1239, x1216, 0xf);
uint64_t _, uint8_t x1245 = subborrow_u64(x1242, x1218, 0x0);
(cmovznz64(x1245, x1241, x1216), cmovznz64(x1245, x1238, x1213), cmovznz64(x1245, x1235, x1210), cmovznz64(x1245, x1232, x1207), cmovznz64(x1245, x1229, x1204), cmovznz64(x1245, x1226, x1201), cmovznz64(x1245, x1223, x1198), cmovznz64(x1245, x1220, x1195))
     : ∀ var : Z.Syntax.base_type → Type, expr Z.Syntax.base_type Z.Syntax.op (uint64_t * uint64_t * uint64_t * uint64_t * uint64_t * uint64_t * uint64_t * uint64_t * (uint64_t * uint64_t * uint64_t * uint64_t * uint64_t * uint64_t * uint64_t * uint64_t) -> uint64_t * uint64_t * uint64_t * uint64_t * uint64_t * uint64_t * uint64_t * uint64_t)

Argument scope is [function_scope]
