add = λ var : Z.Syntax.base_type → Type,
λ '(x16, x17, x15, x13, x11, x9, x7, x5, x3, (x32, x33, x31, x29, x27, x25, x23, x21, x19))%core,
uint64_t x35, uint8_t x36 = addcarryx_u64(0x0, x3, x19);
uint64_t x38, uint8_t x39 = addcarryx_u64(x36, x5, x21);
uint64_t x41, uint8_t x42 = addcarryx_u64(x39, x7, x23);
uint64_t x44, uint8_t x45 = addcarryx_u64(x42, x9, x25);
uint64_t x47, uint8_t x48 = addcarryx_u64(x45, x11, x27);
uint64_t x50, uint8_t x51 = addcarryx_u64(x48, x13, x29);
uint64_t x53, uint8_t x54 = addcarryx_u64(x51, x15, x31);
uint64_t x56, uint8_t x57 = addcarryx_u64(x54, x17, x33);
uint64_t x59, uint8_t x60 = addcarryx_u64(x57, x16, x32);
uint64_t x62, uint8_t x63 = subborrow_u64(0x0, x35, 0xffffffffffffffffL);
uint64_t x65, uint8_t x66 = subborrow_u64(x63, x38, 0xffffffffffffffffL);
uint64_t x68, uint8_t x69 = subborrow_u64(x66, x41, 0xffffffffffffffffL);
uint64_t x71, uint8_t x72 = subborrow_u64(x69, x44, 0xffffffffffffffffL);
uint64_t x74, uint8_t x75 = subborrow_u64(x72, x47, 0xffffffffffffffffL);
uint64_t x77, uint8_t x78 = subborrow_u64(x75, x50, 0xffffffffffffffffL);
uint64_t x80, uint8_t x81 = subborrow_u64(x78, x53, 0xffffffffffffffffL);
uint64_t x83, uint8_t x84 = subborrow_u64(x81, x56, 0xffffffffffffffffL);
uint64_t x86, uint8_t x87 = subborrow_u64(x84, x59, 0x1ff);
uint64_t _, uint8_t x90 = subborrow_u64(x87, x60, 0x0);
(cmovznz64(x90, x86, x59), cmovznz64(x90, x83, x56), cmovznz64(x90, x80, x53), cmovznz64(x90, x77, x50), cmovznz64(x90, x74, x47), cmovznz64(x90, x71, x44), cmovznz64(x90, x68, x41), cmovznz64(x90, x65, x38), cmovznz64(x90, x62, x35))
     : ∀ var : Z.Syntax.base_type → Type, expr Z.Syntax.base_type Z.Syntax.op (uint64_t * uint64_t * uint64_t * uint64_t * uint64_t * uint64_t * uint64_t * uint64_t * uint64_t * (uint64_t * uint64_t * uint64_t * uint64_t * uint64_t * uint64_t * uint64_t * uint64_t * uint64_t) -> uint64_t * uint64_t * uint64_t * uint64_t * uint64_t * uint64_t * uint64_t * uint64_t * uint64_t)

Argument scope is [function_scope]
