mul = λ var : Z.Syntax.base_type → Type,
λ '(x16, x17, x15, x13, x11, x9, x7, x5, x3, (x32, x33, x31, x29, x27, x25, x23, x21, x19))%core,
uint64_t x35, uint64_t x36 = mulx_u64(x3, x19);
uint64_t x38, uint64_t x39 = mulx_u64(x3, x21);
uint64_t x41, uint64_t x42 = mulx_u64(x3, x23);
uint64_t x44, uint64_t x45 = mulx_u64(x3, x25);
uint64_t x47, uint64_t x48 = mulx_u64(x3, x27);
uint64_t x50, uint64_t x51 = mulx_u64(x3, x29);
uint64_t x53, uint64_t x54 = mulx_u64(x3, x31);
uint64_t x56, uint64_t x57 = mulx_u64(x3, x33);
uint64_t x59, uint64_t x60 = mulx_u64(x3, x32);
uint64_t x62, uint8_t x63 = addcarryx_u64(0x0, x36, x38);
uint64_t x65, uint8_t x66 = addcarryx_u64(x63, x39, x41);
uint64_t x68, uint8_t x69 = addcarryx_u64(x66, x42, x44);
uint64_t x71, uint8_t x72 = addcarryx_u64(x69, x45, x47);
uint64_t x74, uint8_t x75 = addcarryx_u64(x72, x48, x50);
uint64_t x77, uint8_t x78 = addcarryx_u64(x75, x51, x53);
uint64_t x80, uint8_t x81 = addcarryx_u64(x78, x54, x56);
uint64_t x83, uint8_t x84 = addcarryx_u64(x81, x57, x59);
uint64_t x86, uint8_t _ = addcarryx_u64(0x0, x84, x60);
uint64_t x89, uint8_t x90 = addcarryx_u64(0x0, 0x0, x86);
uint64_t x92, uint64_t x93 = mulx_u64(x35, 0xffffffffffffffffL);
uint64_t x95, uint64_t x96 = mulx_u64(x35, 0xffffffffffffffffL);
uint64_t x98, uint64_t x99 = mulx_u64(x35, 0xffffffffffffffffL);
uint64_t x101, uint64_t x102 = mulx_u64(x35, 0xffffffffffffffffL);
uint64_t x104, uint64_t x105 = mulx_u64(x35, 0xffffffffffffffffL);
uint64_t x107, uint64_t x108 = mulx_u64(x35, 0xffffffffffffffffL);
uint64_t x110, uint64_t x111 = mulx_u64(x35, 0xffffffffffffffffL);
uint64_t x113, uint64_t x114 = mulx_u64(x35, 0xffffffffffffffffL);
uint64_t x116, uint64_t x117 = mulx_u64(x35, 0x1ff);
uint64_t x119, uint8_t x120 = addcarryx_u64(0x0, x93, x95);
uint64_t x122, uint8_t x123 = addcarryx_u64(x120, x96, x98);
uint64_t x125, uint8_t x126 = addcarryx_u64(x123, x99, x101);
uint64_t x128, uint8_t x129 = addcarryx_u64(x126, x102, x104);
uint64_t x131, uint8_t x132 = addcarryx_u64(x129, x105, x107);
uint64_t x134, uint8_t x135 = addcarryx_u64(x132, x108, x110);
uint64_t x137, uint8_t x138 = addcarryx_u64(x135, x111, x113);
uint64_t x140, uint8_t x141 = addcarryx_u64(x138, x114, x116);
uint64_t x143, uint8_t _ = addcarryx_u64(0x0, x141, x117);
uint64_t _, uint8_t x147 = addcarryx_u64(0x0, x35, x92);
uint64_t x149, uint8_t x150 = addcarryx_u64(x147, x62, x119);
uint64_t x152, uint8_t x153 = addcarryx_u64(x150, x65, x122);
uint64_t x155, uint8_t x156 = addcarryx_u64(x153, x68, x125);
uint64_t x158, uint8_t x159 = addcarryx_u64(x156, x71, x128);
uint64_t x161, uint8_t x162 = addcarryx_u64(x159, x74, x131);
uint64_t x164, uint8_t x165 = addcarryx_u64(x162, x77, x134);
uint64_t x167, uint8_t x168 = addcarryx_u64(x165, x80, x137);
uint64_t x170, uint8_t x171 = addcarryx_u64(x168, x83, x140);
uint64_t x173, uint8_t x174 = addcarryx_u64(x171, x89, x143);
uint8_t x175 = (x174 + x90);
uint64_t x177, uint64_t x178 = mulx_u64(x5, x19);
uint64_t x180, uint64_t x181 = mulx_u64(x5, x21);
uint64_t x183, uint64_t x184 = mulx_u64(x5, x23);
uint64_t x186, uint64_t x187 = mulx_u64(x5, x25);
uint64_t x189, uint64_t x190 = mulx_u64(x5, x27);
uint64_t x192, uint64_t x193 = mulx_u64(x5, x29);
uint64_t x195, uint64_t x196 = mulx_u64(x5, x31);
uint64_t x198, uint64_t x199 = mulx_u64(x5, x33);
uint64_t x201, uint64_t x202 = mulx_u64(x5, x32);
uint64_t x204, uint8_t x205 = addcarryx_u64(0x0, x178, x180);
uint64_t x207, uint8_t x208 = addcarryx_u64(x205, x181, x183);
uint64_t x210, uint8_t x211 = addcarryx_u64(x208, x184, x186);
uint64_t x213, uint8_t x214 = addcarryx_u64(x211, x187, x189);
uint64_t x216, uint8_t x217 = addcarryx_u64(x214, x190, x192);
uint64_t x219, uint8_t x220 = addcarryx_u64(x217, x193, x195);
uint64_t x222, uint8_t x223 = addcarryx_u64(x220, x196, x198);
uint64_t x225, uint8_t x226 = addcarryx_u64(x223, x199, x201);
uint64_t x228, uint8_t _ = addcarryx_u64(0x0, x226, x202);
uint64_t x231, uint8_t x232 = addcarryx_u64(0x0, x149, x177);
uint64_t x234, uint8_t x235 = addcarryx_u64(x232, x152, x204);
uint64_t x237, uint8_t x238 = addcarryx_u64(x235, x155, x207);
uint64_t x240, uint8_t x241 = addcarryx_u64(x238, x158, x210);
uint64_t x243, uint8_t x244 = addcarryx_u64(x241, x161, x213);
uint64_t x246, uint8_t x247 = addcarryx_u64(x244, x164, x216);
uint64_t x249, uint8_t x250 = addcarryx_u64(x247, x167, x219);
uint64_t x252, uint8_t x253 = addcarryx_u64(x250, x170, x222);
uint64_t x255, uint8_t x256 = addcarryx_u64(x253, x173, x225);
uint64_t x258, uint8_t x259 = addcarryx_u64(x256, x175, x228);
uint64_t x261, uint64_t x262 = mulx_u64(x231, 0xffffffffffffffffL);
uint64_t x264, uint64_t x265 = mulx_u64(x231, 0xffffffffffffffffL);
uint64_t x267, uint64_t x268 = mulx_u64(x231, 0xffffffffffffffffL);
uint64_t x270, uint64_t x271 = mulx_u64(x231, 0xffffffffffffffffL);
uint64_t x273, uint64_t x274 = mulx_u64(x231, 0xffffffffffffffffL);
uint64_t x276, uint64_t x277 = mulx_u64(x231, 0xffffffffffffffffL);
uint64_t x279, uint64_t x280 = mulx_u64(x231, 0xffffffffffffffffL);
uint64_t x282, uint64_t x283 = mulx_u64(x231, 0xffffffffffffffffL);
uint64_t x285, uint64_t x286 = mulx_u64(x231, 0x1ff);
uint64_t x288, uint8_t x289 = addcarryx_u64(0x0, x262, x264);
uint64_t x291, uint8_t x292 = addcarryx_u64(x289, x265, x267);
uint64_t x294, uint8_t x295 = addcarryx_u64(x292, x268, x270);
uint64_t x297, uint8_t x298 = addcarryx_u64(x295, x271, x273);
uint64_t x300, uint8_t x301 = addcarryx_u64(x298, x274, x276);
uint64_t x303, uint8_t x304 = addcarryx_u64(x301, x277, x279);
uint64_t x306, uint8_t x307 = addcarryx_u64(x304, x280, x282);
uint64_t x309, uint8_t x310 = addcarryx_u64(x307, x283, x285);
uint64_t x312, uint8_t _ = addcarryx_u64(0x0, x310, x286);
uint64_t _, uint8_t x316 = addcarryx_u64(0x0, x231, x261);
uint64_t x318, uint8_t x319 = addcarryx_u64(x316, x234, x288);
uint64_t x321, uint8_t x322 = addcarryx_u64(x319, x237, x291);
uint64_t x324, uint8_t x325 = addcarryx_u64(x322, x240, x294);
uint64_t x327, uint8_t x328 = addcarryx_u64(x325, x243, x297);
uint64_t x330, uint8_t x331 = addcarryx_u64(x328, x246, x300);
uint64_t x333, uint8_t x334 = addcarryx_u64(x331, x249, x303);
uint64_t x336, uint8_t x337 = addcarryx_u64(x334, x252, x306);
uint64_t x339, uint8_t x340 = addcarryx_u64(x337, x255, x309);
uint64_t x342, uint8_t x343 = addcarryx_u64(x340, x258, x312);
uint8_t x344 = (x343 + x259);
uint64_t x346, uint64_t x347 = mulx_u64(x7, x19);
uint64_t x349, uint64_t x350 = mulx_u64(x7, x21);
uint64_t x352, uint64_t x353 = mulx_u64(x7, x23);
uint64_t x355, uint64_t x356 = mulx_u64(x7, x25);
uint64_t x358, uint64_t x359 = mulx_u64(x7, x27);
uint64_t x361, uint64_t x362 = mulx_u64(x7, x29);
uint64_t x364, uint64_t x365 = mulx_u64(x7, x31);
uint64_t x367, uint64_t x368 = mulx_u64(x7, x33);
uint64_t x370, uint64_t x371 = mulx_u64(x7, x32);
uint64_t x373, uint8_t x374 = addcarryx_u64(0x0, x347, x349);
uint64_t x376, uint8_t x377 = addcarryx_u64(x374, x350, x352);
uint64_t x379, uint8_t x380 = addcarryx_u64(x377, x353, x355);
uint64_t x382, uint8_t x383 = addcarryx_u64(x380, x356, x358);
uint64_t x385, uint8_t x386 = addcarryx_u64(x383, x359, x361);
uint64_t x388, uint8_t x389 = addcarryx_u64(x386, x362, x364);
uint64_t x391, uint8_t x392 = addcarryx_u64(x389, x365, x367);
uint64_t x394, uint8_t x395 = addcarryx_u64(x392, x368, x370);
uint64_t x397, uint8_t _ = addcarryx_u64(0x0, x395, x371);
uint64_t x400, uint8_t x401 = addcarryx_u64(0x0, x318, x346);
uint64_t x403, uint8_t x404 = addcarryx_u64(x401, x321, x373);
uint64_t x406, uint8_t x407 = addcarryx_u64(x404, x324, x376);
uint64_t x409, uint8_t x410 = addcarryx_u64(x407, x327, x379);
uint64_t x412, uint8_t x413 = addcarryx_u64(x410, x330, x382);
uint64_t x415, uint8_t x416 = addcarryx_u64(x413, x333, x385);
uint64_t x418, uint8_t x419 = addcarryx_u64(x416, x336, x388);
uint64_t x421, uint8_t x422 = addcarryx_u64(x419, x339, x391);
uint64_t x424, uint8_t x425 = addcarryx_u64(x422, x342, x394);
uint64_t x427, uint8_t x428 = addcarryx_u64(x425, x344, x397);
uint64_t x430, uint64_t x431 = mulx_u64(x400, 0xffffffffffffffffL);
uint64_t x433, uint64_t x434 = mulx_u64(x400, 0xffffffffffffffffL);
uint64_t x436, uint64_t x437 = mulx_u64(x400, 0xffffffffffffffffL);
uint64_t x439, uint64_t x440 = mulx_u64(x400, 0xffffffffffffffffL);
uint64_t x442, uint64_t x443 = mulx_u64(x400, 0xffffffffffffffffL);
uint64_t x445, uint64_t x446 = mulx_u64(x400, 0xffffffffffffffffL);
uint64_t x448, uint64_t x449 = mulx_u64(x400, 0xffffffffffffffffL);
uint64_t x451, uint64_t x452 = mulx_u64(x400, 0xffffffffffffffffL);
uint64_t x454, uint64_t x455 = mulx_u64(x400, 0x1ff);
uint64_t x457, uint8_t x458 = addcarryx_u64(0x0, x431, x433);
uint64_t x460, uint8_t x461 = addcarryx_u64(x458, x434, x436);
uint64_t x463, uint8_t x464 = addcarryx_u64(x461, x437, x439);
uint64_t x466, uint8_t x467 = addcarryx_u64(x464, x440, x442);
uint64_t x469, uint8_t x470 = addcarryx_u64(x467, x443, x445);
uint64_t x472, uint8_t x473 = addcarryx_u64(x470, x446, x448);
uint64_t x475, uint8_t x476 = addcarryx_u64(x473, x449, x451);
uint64_t x478, uint8_t x479 = addcarryx_u64(x476, x452, x454);
uint64_t x481, uint8_t _ = addcarryx_u64(0x0, x479, x455);
uint64_t _, uint8_t x485 = addcarryx_u64(0x0, x400, x430);
uint64_t x487, uint8_t x488 = addcarryx_u64(x485, x403, x457);
uint64_t x490, uint8_t x491 = addcarryx_u64(x488, x406, x460);
uint64_t x493, uint8_t x494 = addcarryx_u64(x491, x409, x463);
uint64_t x496, uint8_t x497 = addcarryx_u64(x494, x412, x466);
uint64_t x499, uint8_t x500 = addcarryx_u64(x497, x415, x469);
uint64_t x502, uint8_t x503 = addcarryx_u64(x500, x418, x472);
uint64_t x505, uint8_t x506 = addcarryx_u64(x503, x421, x475);
uint64_t x508, uint8_t x509 = addcarryx_u64(x506, x424, x478);
uint64_t x511, uint8_t x512 = addcarryx_u64(x509, x427, x481);
uint8_t x513 = (x512 + x428);
uint64_t x515, uint64_t x516 = mulx_u64(x9, x19);
uint64_t x518, uint64_t x519 = mulx_u64(x9, x21);
uint64_t x521, uint64_t x522 = mulx_u64(x9, x23);
uint64_t x524, uint64_t x525 = mulx_u64(x9, x25);
uint64_t x527, uint64_t x528 = mulx_u64(x9, x27);
uint64_t x530, uint64_t x531 = mulx_u64(x9, x29);
uint64_t x533, uint64_t x534 = mulx_u64(x9, x31);
uint64_t x536, uint64_t x537 = mulx_u64(x9, x33);
uint64_t x539, uint64_t x540 = mulx_u64(x9, x32);
uint64_t x542, uint8_t x543 = addcarryx_u64(0x0, x516, x518);
uint64_t x545, uint8_t x546 = addcarryx_u64(x543, x519, x521);
uint64_t x548, uint8_t x549 = addcarryx_u64(x546, x522, x524);
uint64_t x551, uint8_t x552 = addcarryx_u64(x549, x525, x527);
uint64_t x554, uint8_t x555 = addcarryx_u64(x552, x528, x530);
uint64_t x557, uint8_t x558 = addcarryx_u64(x555, x531, x533);
uint64_t x560, uint8_t x561 = addcarryx_u64(x558, x534, x536);
uint64_t x563, uint8_t x564 = addcarryx_u64(x561, x537, x539);
uint64_t x566, uint8_t _ = addcarryx_u64(0x0, x564, x540);
uint64_t x569, uint8_t x570 = addcarryx_u64(0x0, x487, x515);
uint64_t x572, uint8_t x573 = addcarryx_u64(x570, x490, x542);
uint64_t x575, uint8_t x576 = addcarryx_u64(x573, x493, x545);
uint64_t x578, uint8_t x579 = addcarryx_u64(x576, x496, x548);
uint64_t x581, uint8_t x582 = addcarryx_u64(x579, x499, x551);
uint64_t x584, uint8_t x585 = addcarryx_u64(x582, x502, x554);
uint64_t x587, uint8_t x588 = addcarryx_u64(x585, x505, x557);
uint64_t x590, uint8_t x591 = addcarryx_u64(x588, x508, x560);
uint64_t x593, uint8_t x594 = addcarryx_u64(x591, x511, x563);
uint64_t x596, uint8_t x597 = addcarryx_u64(x594, x513, x566);
uint64_t x599, uint64_t x600 = mulx_u64(x569, 0xffffffffffffffffL);
uint64_t x602, uint64_t x603 = mulx_u64(x569, 0xffffffffffffffffL);
uint64_t x605, uint64_t x606 = mulx_u64(x569, 0xffffffffffffffffL);
uint64_t x608, uint64_t x609 = mulx_u64(x569, 0xffffffffffffffffL);
uint64_t x611, uint64_t x612 = mulx_u64(x569, 0xffffffffffffffffL);
uint64_t x614, uint64_t x615 = mulx_u64(x569, 0xffffffffffffffffL);
uint64_t x617, uint64_t x618 = mulx_u64(x569, 0xffffffffffffffffL);
uint64_t x620, uint64_t x621 = mulx_u64(x569, 0xffffffffffffffffL);
uint64_t x623, uint64_t x624 = mulx_u64(x569, 0x1ff);
uint64_t x626, uint8_t x627 = addcarryx_u64(0x0, x600, x602);
uint64_t x629, uint8_t x630 = addcarryx_u64(x627, x603, x605);
uint64_t x632, uint8_t x633 = addcarryx_u64(x630, x606, x608);
uint64_t x635, uint8_t x636 = addcarryx_u64(x633, x609, x611);
uint64_t x638, uint8_t x639 = addcarryx_u64(x636, x612, x614);
uint64_t x641, uint8_t x642 = addcarryx_u64(x639, x615, x617);
uint64_t x644, uint8_t x645 = addcarryx_u64(x642, x618, x620);
uint64_t x647, uint8_t x648 = addcarryx_u64(x645, x621, x623);
uint64_t x650, uint8_t _ = addcarryx_u64(0x0, x648, x624);
uint64_t _, uint8_t x654 = addcarryx_u64(0x0, x569, x599);
uint64_t x656, uint8_t x657 = addcarryx_u64(x654, x572, x626);
uint64_t x659, uint8_t x660 = addcarryx_u64(x657, x575, x629);
uint64_t x662, uint8_t x663 = addcarryx_u64(x660, x578, x632);
uint64_t x665, uint8_t x666 = addcarryx_u64(x663, x581, x635);
uint64_t x668, uint8_t x669 = addcarryx_u64(x666, x584, x638);
uint64_t x671, uint8_t x672 = addcarryx_u64(x669, x587, x641);
uint64_t x674, uint8_t x675 = addcarryx_u64(x672, x590, x644);
uint64_t x677, uint8_t x678 = addcarryx_u64(x675, x593, x647);
uint64_t x680, uint8_t x681 = addcarryx_u64(x678, x596, x650);
uint8_t x682 = (x681 + x597);
uint64_t x684, uint64_t x685 = mulx_u64(x11, x19);
uint64_t x687, uint64_t x688 = mulx_u64(x11, x21);
uint64_t x690, uint64_t x691 = mulx_u64(x11, x23);
uint64_t x693, uint64_t x694 = mulx_u64(x11, x25);
uint64_t x696, uint64_t x697 = mulx_u64(x11, x27);
uint64_t x699, uint64_t x700 = mulx_u64(x11, x29);
uint64_t x702, uint64_t x703 = mulx_u64(x11, x31);
uint64_t x705, uint64_t x706 = mulx_u64(x11, x33);
uint64_t x708, uint64_t x709 = mulx_u64(x11, x32);
uint64_t x711, uint8_t x712 = addcarryx_u64(0x0, x685, x687);
uint64_t x714, uint8_t x715 = addcarryx_u64(x712, x688, x690);
uint64_t x717, uint8_t x718 = addcarryx_u64(x715, x691, x693);
uint64_t x720, uint8_t x721 = addcarryx_u64(x718, x694, x696);
uint64_t x723, uint8_t x724 = addcarryx_u64(x721, x697, x699);
uint64_t x726, uint8_t x727 = addcarryx_u64(x724, x700, x702);
uint64_t x729, uint8_t x730 = addcarryx_u64(x727, x703, x705);
uint64_t x732, uint8_t x733 = addcarryx_u64(x730, x706, x708);
uint64_t x735, uint8_t _ = addcarryx_u64(0x0, x733, x709);
uint64_t x738, uint8_t x739 = addcarryx_u64(0x0, x656, x684);
uint64_t x741, uint8_t x742 = addcarryx_u64(x739, x659, x711);
uint64_t x744, uint8_t x745 = addcarryx_u64(x742, x662, x714);
uint64_t x747, uint8_t x748 = addcarryx_u64(x745, x665, x717);
uint64_t x750, uint8_t x751 = addcarryx_u64(x748, x668, x720);
uint64_t x753, uint8_t x754 = addcarryx_u64(x751, x671, x723);
uint64_t x756, uint8_t x757 = addcarryx_u64(x754, x674, x726);
uint64_t x759, uint8_t x760 = addcarryx_u64(x757, x677, x729);
uint64_t x762, uint8_t x763 = addcarryx_u64(x760, x680, x732);
uint64_t x765, uint8_t x766 = addcarryx_u64(x763, x682, x735);
uint64_t x768, uint64_t x769 = mulx_u64(x738, 0xffffffffffffffffL);
uint64_t x771, uint64_t x772 = mulx_u64(x738, 0xffffffffffffffffL);
uint64_t x774, uint64_t x775 = mulx_u64(x738, 0xffffffffffffffffL);
uint64_t x777, uint64_t x778 = mulx_u64(x738, 0xffffffffffffffffL);
uint64_t x780, uint64_t x781 = mulx_u64(x738, 0xffffffffffffffffL);
uint64_t x783, uint64_t x784 = mulx_u64(x738, 0xffffffffffffffffL);
uint64_t x786, uint64_t x787 = mulx_u64(x738, 0xffffffffffffffffL);
uint64_t x789, uint64_t x790 = mulx_u64(x738, 0xffffffffffffffffL);
uint64_t x792, uint64_t x793 = mulx_u64(x738, 0x1ff);
uint64_t x795, uint8_t x796 = addcarryx_u64(0x0, x769, x771);
uint64_t x798, uint8_t x799 = addcarryx_u64(x796, x772, x774);
uint64_t x801, uint8_t x802 = addcarryx_u64(x799, x775, x777);
uint64_t x804, uint8_t x805 = addcarryx_u64(x802, x778, x780);
uint64_t x807, uint8_t x808 = addcarryx_u64(x805, x781, x783);
uint64_t x810, uint8_t x811 = addcarryx_u64(x808, x784, x786);
uint64_t x813, uint8_t x814 = addcarryx_u64(x811, x787, x789);
uint64_t x816, uint8_t x817 = addcarryx_u64(x814, x790, x792);
uint64_t x819, uint8_t _ = addcarryx_u64(0x0, x817, x793);
uint64_t _, uint8_t x823 = addcarryx_u64(0x0, x738, x768);
uint64_t x825, uint8_t x826 = addcarryx_u64(x823, x741, x795);
uint64_t x828, uint8_t x829 = addcarryx_u64(x826, x744, x798);
uint64_t x831, uint8_t x832 = addcarryx_u64(x829, x747, x801);
uint64_t x834, uint8_t x835 = addcarryx_u64(x832, x750, x804);
uint64_t x837, uint8_t x838 = addcarryx_u64(x835, x753, x807);
uint64_t x840, uint8_t x841 = addcarryx_u64(x838, x756, x810);
uint64_t x843, uint8_t x844 = addcarryx_u64(x841, x759, x813);
uint64_t x846, uint8_t x847 = addcarryx_u64(x844, x762, x816);
uint64_t x849, uint8_t x850 = addcarryx_u64(x847, x765, x819);
uint8_t x851 = (x850 + x766);
uint64_t x853, uint64_t x854 = mulx_u64(x13, x19);
uint64_t x856, uint64_t x857 = mulx_u64(x13, x21);
uint64_t x859, uint64_t x860 = mulx_u64(x13, x23);
uint64_t x862, uint64_t x863 = mulx_u64(x13, x25);
uint64_t x865, uint64_t x866 = mulx_u64(x13, x27);
uint64_t x868, uint64_t x869 = mulx_u64(x13, x29);
uint64_t x871, uint64_t x872 = mulx_u64(x13, x31);
uint64_t x874, uint64_t x875 = mulx_u64(x13, x33);
uint64_t x877, uint64_t x878 = mulx_u64(x13, x32);
uint64_t x880, uint8_t x881 = addcarryx_u64(0x0, x854, x856);
uint64_t x883, uint8_t x884 = addcarryx_u64(x881, x857, x859);
uint64_t x886, uint8_t x887 = addcarryx_u64(x884, x860, x862);
uint64_t x889, uint8_t x890 = addcarryx_u64(x887, x863, x865);
uint64_t x892, uint8_t x893 = addcarryx_u64(x890, x866, x868);
uint64_t x895, uint8_t x896 = addcarryx_u64(x893, x869, x871);
uint64_t x898, uint8_t x899 = addcarryx_u64(x896, x872, x874);
uint64_t x901, uint8_t x902 = addcarryx_u64(x899, x875, x877);
uint64_t x904, uint8_t _ = addcarryx_u64(0x0, x902, x878);
uint64_t x907, uint8_t x908 = addcarryx_u64(0x0, x825, x853);
uint64_t x910, uint8_t x911 = addcarryx_u64(x908, x828, x880);
uint64_t x913, uint8_t x914 = addcarryx_u64(x911, x831, x883);
uint64_t x916, uint8_t x917 = addcarryx_u64(x914, x834, x886);
uint64_t x919, uint8_t x920 = addcarryx_u64(x917, x837, x889);
uint64_t x922, uint8_t x923 = addcarryx_u64(x920, x840, x892);
uint64_t x925, uint8_t x926 = addcarryx_u64(x923, x843, x895);
uint64_t x928, uint8_t x929 = addcarryx_u64(x926, x846, x898);
uint64_t x931, uint8_t x932 = addcarryx_u64(x929, x849, x901);
uint64_t x934, uint8_t x935 = addcarryx_u64(x932, x851, x904);
uint64_t x937, uint64_t x938 = mulx_u64(x907, 0xffffffffffffffffL);
uint64_t x940, uint64_t x941 = mulx_u64(x907, 0xffffffffffffffffL);
uint64_t x943, uint64_t x944 = mulx_u64(x907, 0xffffffffffffffffL);
uint64_t x946, uint64_t x947 = mulx_u64(x907, 0xffffffffffffffffL);
uint64_t x949, uint64_t x950 = mulx_u64(x907, 0xffffffffffffffffL);
uint64_t x952, uint64_t x953 = mulx_u64(x907, 0xffffffffffffffffL);
uint64_t x955, uint64_t x956 = mulx_u64(x907, 0xffffffffffffffffL);
uint64_t x958, uint64_t x959 = mulx_u64(x907, 0xffffffffffffffffL);
uint64_t x961, uint64_t x962 = mulx_u64(x907, 0x1ff);
uint64_t x964, uint8_t x965 = addcarryx_u64(0x0, x938, x940);
uint64_t x967, uint8_t x968 = addcarryx_u64(x965, x941, x943);
uint64_t x970, uint8_t x971 = addcarryx_u64(x968, x944, x946);
uint64_t x973, uint8_t x974 = addcarryx_u64(x971, x947, x949);
uint64_t x976, uint8_t x977 = addcarryx_u64(x974, x950, x952);
uint64_t x979, uint8_t x980 = addcarryx_u64(x977, x953, x955);
uint64_t x982, uint8_t x983 = addcarryx_u64(x980, x956, x958);
uint64_t x985, uint8_t x986 = addcarryx_u64(x983, x959, x961);
uint64_t x988, uint8_t _ = addcarryx_u64(0x0, x986, x962);
uint64_t _, uint8_t x992 = addcarryx_u64(0x0, x907, x937);
uint64_t x994, uint8_t x995 = addcarryx_u64(x992, x910, x964);
uint64_t x997, uint8_t x998 = addcarryx_u64(x995, x913, x967);
uint64_t x1000, uint8_t x1001 = addcarryx_u64(x998, x916, x970);
uint64_t x1003, uint8_t x1004 = addcarryx_u64(x1001, x919, x973);
uint64_t x1006, uint8_t x1007 = addcarryx_u64(x1004, x922, x976);
uint64_t x1009, uint8_t x1010 = addcarryx_u64(x1007, x925, x979);
uint64_t x1012, uint8_t x1013 = addcarryx_u64(x1010, x928, x982);
uint64_t x1015, uint8_t x1016 = addcarryx_u64(x1013, x931, x985);
uint64_t x1018, uint8_t x1019 = addcarryx_u64(x1016, x934, x988);
uint8_t x1020 = (x1019 + x935);
uint64_t x1022, uint64_t x1023 = mulx_u64(x15, x19);
uint64_t x1025, uint64_t x1026 = mulx_u64(x15, x21);
uint64_t x1028, uint64_t x1029 = mulx_u64(x15, x23);
uint64_t x1031, uint64_t x1032 = mulx_u64(x15, x25);
uint64_t x1034, uint64_t x1035 = mulx_u64(x15, x27);
uint64_t x1037, uint64_t x1038 = mulx_u64(x15, x29);
uint64_t x1040, uint64_t x1041 = mulx_u64(x15, x31);
uint64_t x1043, uint64_t x1044 = mulx_u64(x15, x33);
uint64_t x1046, uint64_t x1047 = mulx_u64(x15, x32);
uint64_t x1049, uint8_t x1050 = addcarryx_u64(0x0, x1023, x1025);
uint64_t x1052, uint8_t x1053 = addcarryx_u64(x1050, x1026, x1028);
uint64_t x1055, uint8_t x1056 = addcarryx_u64(x1053, x1029, x1031);
uint64_t x1058, uint8_t x1059 = addcarryx_u64(x1056, x1032, x1034);
uint64_t x1061, uint8_t x1062 = addcarryx_u64(x1059, x1035, x1037);
uint64_t x1064, uint8_t x1065 = addcarryx_u64(x1062, x1038, x1040);
uint64_t x1067, uint8_t x1068 = addcarryx_u64(x1065, x1041, x1043);
uint64_t x1070, uint8_t x1071 = addcarryx_u64(x1068, x1044, x1046);
uint64_t x1073, uint8_t _ = addcarryx_u64(0x0, x1071, x1047);
uint64_t x1076, uint8_t x1077 = addcarryx_u64(0x0, x994, x1022);
uint64_t x1079, uint8_t x1080 = addcarryx_u64(x1077, x997, x1049);
uint64_t x1082, uint8_t x1083 = addcarryx_u64(x1080, x1000, x1052);
uint64_t x1085, uint8_t x1086 = addcarryx_u64(x1083, x1003, x1055);
uint64_t x1088, uint8_t x1089 = addcarryx_u64(x1086, x1006, x1058);
uint64_t x1091, uint8_t x1092 = addcarryx_u64(x1089, x1009, x1061);
uint64_t x1094, uint8_t x1095 = addcarryx_u64(x1092, x1012, x1064);
uint64_t x1097, uint8_t x1098 = addcarryx_u64(x1095, x1015, x1067);
uint64_t x1100, uint8_t x1101 = addcarryx_u64(x1098, x1018, x1070);
uint64_t x1103, uint8_t x1104 = addcarryx_u64(x1101, x1020, x1073);
uint64_t x1106, uint64_t x1107 = mulx_u64(x1076, 0xffffffffffffffffL);
uint64_t x1109, uint64_t x1110 = mulx_u64(x1076, 0xffffffffffffffffL);
uint64_t x1112, uint64_t x1113 = mulx_u64(x1076, 0xffffffffffffffffL);
uint64_t x1115, uint64_t x1116 = mulx_u64(x1076, 0xffffffffffffffffL);
uint64_t x1118, uint64_t x1119 = mulx_u64(x1076, 0xffffffffffffffffL);
uint64_t x1121, uint64_t x1122 = mulx_u64(x1076, 0xffffffffffffffffL);
uint64_t x1124, uint64_t x1125 = mulx_u64(x1076, 0xffffffffffffffffL);
uint64_t x1127, uint64_t x1128 = mulx_u64(x1076, 0xffffffffffffffffL);
uint64_t x1130, uint64_t x1131 = mulx_u64(x1076, 0x1ff);
uint64_t x1133, uint8_t x1134 = addcarryx_u64(0x0, x1107, x1109);
uint64_t x1136, uint8_t x1137 = addcarryx_u64(x1134, x1110, x1112);
uint64_t x1139, uint8_t x1140 = addcarryx_u64(x1137, x1113, x1115);
uint64_t x1142, uint8_t x1143 = addcarryx_u64(x1140, x1116, x1118);
uint64_t x1145, uint8_t x1146 = addcarryx_u64(x1143, x1119, x1121);
uint64_t x1148, uint8_t x1149 = addcarryx_u64(x1146, x1122, x1124);
uint64_t x1151, uint8_t x1152 = addcarryx_u64(x1149, x1125, x1127);
uint64_t x1154, uint8_t x1155 = addcarryx_u64(x1152, x1128, x1130);
uint64_t x1157, uint8_t _ = addcarryx_u64(0x0, x1155, x1131);
uint64_t _, uint8_t x1161 = addcarryx_u64(0x0, x1076, x1106);
uint64_t x1163, uint8_t x1164 = addcarryx_u64(x1161, x1079, x1133);
uint64_t x1166, uint8_t x1167 = addcarryx_u64(x1164, x1082, x1136);
uint64_t x1169, uint8_t x1170 = addcarryx_u64(x1167, x1085, x1139);
uint64_t x1172, uint8_t x1173 = addcarryx_u64(x1170, x1088, x1142);
uint64_t x1175, uint8_t x1176 = addcarryx_u64(x1173, x1091, x1145);
uint64_t x1178, uint8_t x1179 = addcarryx_u64(x1176, x1094, x1148);
uint64_t x1181, uint8_t x1182 = addcarryx_u64(x1179, x1097, x1151);
uint64_t x1184, uint8_t x1185 = addcarryx_u64(x1182, x1100, x1154);
uint64_t x1187, uint8_t x1188 = addcarryx_u64(x1185, x1103, x1157);
uint8_t x1189 = (x1188 + x1104);
uint64_t x1191, uint64_t x1192 = mulx_u64(x17, x19);
uint64_t x1194, uint64_t x1195 = mulx_u64(x17, x21);
uint64_t x1197, uint64_t x1198 = mulx_u64(x17, x23);
uint64_t x1200, uint64_t x1201 = mulx_u64(x17, x25);
uint64_t x1203, uint64_t x1204 = mulx_u64(x17, x27);
uint64_t x1206, uint64_t x1207 = mulx_u64(x17, x29);
uint64_t x1209, uint64_t x1210 = mulx_u64(x17, x31);
uint64_t x1212, uint64_t x1213 = mulx_u64(x17, x33);
uint64_t x1215, uint64_t x1216 = mulx_u64(x17, x32);
uint64_t x1218, uint8_t x1219 = addcarryx_u64(0x0, x1192, x1194);
uint64_t x1221, uint8_t x1222 = addcarryx_u64(x1219, x1195, x1197);
uint64_t x1224, uint8_t x1225 = addcarryx_u64(x1222, x1198, x1200);
uint64_t x1227, uint8_t x1228 = addcarryx_u64(x1225, x1201, x1203);
uint64_t x1230, uint8_t x1231 = addcarryx_u64(x1228, x1204, x1206);
uint64_t x1233, uint8_t x1234 = addcarryx_u64(x1231, x1207, x1209);
uint64_t x1236, uint8_t x1237 = addcarryx_u64(x1234, x1210, x1212);
uint64_t x1239, uint8_t x1240 = addcarryx_u64(x1237, x1213, x1215);
uint64_t x1242, uint8_t _ = addcarryx_u64(0x0, x1240, x1216);
uint64_t x1245, uint8_t x1246 = addcarryx_u64(0x0, x1163, x1191);
uint64_t x1248, uint8_t x1249 = addcarryx_u64(x1246, x1166, x1218);
uint64_t x1251, uint8_t x1252 = addcarryx_u64(x1249, x1169, x1221);
uint64_t x1254, uint8_t x1255 = addcarryx_u64(x1252, x1172, x1224);
uint64_t x1257, uint8_t x1258 = addcarryx_u64(x1255, x1175, x1227);
uint64_t x1260, uint8_t x1261 = addcarryx_u64(x1258, x1178, x1230);
uint64_t x1263, uint8_t x1264 = addcarryx_u64(x1261, x1181, x1233);
uint64_t x1266, uint8_t x1267 = addcarryx_u64(x1264, x1184, x1236);
uint64_t x1269, uint8_t x1270 = addcarryx_u64(x1267, x1187, x1239);
uint64_t x1272, uint8_t x1273 = addcarryx_u64(x1270, x1189, x1242);
uint64_t x1275, uint64_t x1276 = mulx_u64(x1245, 0xffffffffffffffffL);
uint64_t x1278, uint64_t x1279 = mulx_u64(x1245, 0xffffffffffffffffL);
uint64_t x1281, uint64_t x1282 = mulx_u64(x1245, 0xffffffffffffffffL);
uint64_t x1284, uint64_t x1285 = mulx_u64(x1245, 0xffffffffffffffffL);
uint64_t x1287, uint64_t x1288 = mulx_u64(x1245, 0xffffffffffffffffL);
uint64_t x1290, uint64_t x1291 = mulx_u64(x1245, 0xffffffffffffffffL);
uint64_t x1293, uint64_t x1294 = mulx_u64(x1245, 0xffffffffffffffffL);
uint64_t x1296, uint64_t x1297 = mulx_u64(x1245, 0xffffffffffffffffL);
uint64_t x1299, uint64_t x1300 = mulx_u64(x1245, 0x1ff);
uint64_t x1302, uint8_t x1303 = addcarryx_u64(0x0, x1276, x1278);
uint64_t x1305, uint8_t x1306 = addcarryx_u64(x1303, x1279, x1281);
uint64_t x1308, uint8_t x1309 = addcarryx_u64(x1306, x1282, x1284);
uint64_t x1311, uint8_t x1312 = addcarryx_u64(x1309, x1285, x1287);
uint64_t x1314, uint8_t x1315 = addcarryx_u64(x1312, x1288, x1290);
uint64_t x1317, uint8_t x1318 = addcarryx_u64(x1315, x1291, x1293);
uint64_t x1320, uint8_t x1321 = addcarryx_u64(x1318, x1294, x1296);
uint64_t x1323, uint8_t x1324 = addcarryx_u64(x1321, x1297, x1299);
uint64_t x1326, uint8_t _ = addcarryx_u64(0x0, x1324, x1300);
uint64_t _, uint8_t x1330 = addcarryx_u64(0x0, x1245, x1275);
uint64_t x1332, uint8_t x1333 = addcarryx_u64(x1330, x1248, x1302);
uint64_t x1335, uint8_t x1336 = addcarryx_u64(x1333, x1251, x1305);
uint64_t x1338, uint8_t x1339 = addcarryx_u64(x1336, x1254, x1308);
uint64_t x1341, uint8_t x1342 = addcarryx_u64(x1339, x1257, x1311);
uint64_t x1344, uint8_t x1345 = addcarryx_u64(x1342, x1260, x1314);
uint64_t x1347, uint8_t x1348 = addcarryx_u64(x1345, x1263, x1317);
uint64_t x1350, uint8_t x1351 = addcarryx_u64(x1348, x1266, x1320);
uint64_t x1353, uint8_t x1354 = addcarryx_u64(x1351, x1269, x1323);
uint64_t x1356, uint8_t x1357 = addcarryx_u64(x1354, x1272, x1326);
uint8_t x1358 = (x1357 + x1273);
uint64_t x1360, uint64_t x1361 = mulx_u64(x16, x19);
uint64_t x1363, uint64_t x1364 = mulx_u64(x16, x21);
uint64_t x1366, uint64_t x1367 = mulx_u64(x16, x23);
uint64_t x1369, uint64_t x1370 = mulx_u64(x16, x25);
uint64_t x1372, uint64_t x1373 = mulx_u64(x16, x27);
uint64_t x1375, uint64_t x1376 = mulx_u64(x16, x29);
uint64_t x1378, uint64_t x1379 = mulx_u64(x16, x31);
uint64_t x1381, uint64_t x1382 = mulx_u64(x16, x33);
uint64_t x1384, uint64_t x1385 = mulx_u64(x16, x32);
uint64_t x1387, uint8_t x1388 = addcarryx_u64(0x0, x1361, x1363);
uint64_t x1390, uint8_t x1391 = addcarryx_u64(x1388, x1364, x1366);
uint64_t x1393, uint8_t x1394 = addcarryx_u64(x1391, x1367, x1369);
uint64_t x1396, uint8_t x1397 = addcarryx_u64(x1394, x1370, x1372);
uint64_t x1399, uint8_t x1400 = addcarryx_u64(x1397, x1373, x1375);
uint64_t x1402, uint8_t x1403 = addcarryx_u64(x1400, x1376, x1378);
uint64_t x1405, uint8_t x1406 = addcarryx_u64(x1403, x1379, x1381);
uint64_t x1408, uint8_t x1409 = addcarryx_u64(x1406, x1382, x1384);
uint64_t x1411, uint8_t _ = addcarryx_u64(0x0, x1409, x1385);
uint64_t x1414, uint8_t x1415 = addcarryx_u64(0x0, x1332, x1360);
uint64_t x1417, uint8_t x1418 = addcarryx_u64(x1415, x1335, x1387);
uint64_t x1420, uint8_t x1421 = addcarryx_u64(x1418, x1338, x1390);
uint64_t x1423, uint8_t x1424 = addcarryx_u64(x1421, x1341, x1393);
uint64_t x1426, uint8_t x1427 = addcarryx_u64(x1424, x1344, x1396);
uint64_t x1429, uint8_t x1430 = addcarryx_u64(x1427, x1347, x1399);
uint64_t x1432, uint8_t x1433 = addcarryx_u64(x1430, x1350, x1402);
uint64_t x1435, uint8_t x1436 = addcarryx_u64(x1433, x1353, x1405);
uint64_t x1438, uint8_t x1439 = addcarryx_u64(x1436, x1356, x1408);
uint64_t x1441, uint8_t x1442 = addcarryx_u64(x1439, x1358, x1411);
uint64_t x1444, uint64_t x1445 = mulx_u64(x1414, 0xffffffffffffffffL);
uint64_t x1447, uint64_t x1448 = mulx_u64(x1414, 0xffffffffffffffffL);
uint64_t x1450, uint64_t x1451 = mulx_u64(x1414, 0xffffffffffffffffL);
uint64_t x1453, uint64_t x1454 = mulx_u64(x1414, 0xffffffffffffffffL);
uint64_t x1456, uint64_t x1457 = mulx_u64(x1414, 0xffffffffffffffffL);
uint64_t x1459, uint64_t x1460 = mulx_u64(x1414, 0xffffffffffffffffL);
uint64_t x1462, uint64_t x1463 = mulx_u64(x1414, 0xffffffffffffffffL);
uint64_t x1465, uint64_t x1466 = mulx_u64(x1414, 0xffffffffffffffffL);
uint64_t x1468, uint64_t x1469 = mulx_u64(x1414, 0x1ff);
uint64_t x1471, uint8_t x1472 = addcarryx_u64(0x0, x1445, x1447);
uint64_t x1474, uint8_t x1475 = addcarryx_u64(x1472, x1448, x1450);
uint64_t x1477, uint8_t x1478 = addcarryx_u64(x1475, x1451, x1453);
uint64_t x1480, uint8_t x1481 = addcarryx_u64(x1478, x1454, x1456);
uint64_t x1483, uint8_t x1484 = addcarryx_u64(x1481, x1457, x1459);
uint64_t x1486, uint8_t x1487 = addcarryx_u64(x1484, x1460, x1462);
uint64_t x1489, uint8_t x1490 = addcarryx_u64(x1487, x1463, x1465);
uint64_t x1492, uint8_t x1493 = addcarryx_u64(x1490, x1466, x1468);
uint64_t x1495, uint8_t _ = addcarryx_u64(0x0, x1493, x1469);
uint64_t _, uint8_t x1499 = addcarryx_u64(0x0, x1414, x1444);
uint64_t x1501, uint8_t x1502 = addcarryx_u64(x1499, x1417, x1471);
uint64_t x1504, uint8_t x1505 = addcarryx_u64(x1502, x1420, x1474);
uint64_t x1507, uint8_t x1508 = addcarryx_u64(x1505, x1423, x1477);
uint64_t x1510, uint8_t x1511 = addcarryx_u64(x1508, x1426, x1480);
uint64_t x1513, uint8_t x1514 = addcarryx_u64(x1511, x1429, x1483);
uint64_t x1516, uint8_t x1517 = addcarryx_u64(x1514, x1432, x1486);
uint64_t x1519, uint8_t x1520 = addcarryx_u64(x1517, x1435, x1489);
uint64_t x1522, uint8_t x1523 = addcarryx_u64(x1520, x1438, x1492);
uint64_t x1525, uint8_t x1526 = addcarryx_u64(x1523, x1441, x1495);
uint8_t x1527 = (x1526 + x1442);
uint64_t x1529, uint8_t x1530 = subborrow_u64(0x0, x1501, 0xffffffffffffffffL);
uint64_t x1532, uint8_t x1533 = subborrow_u64(x1530, x1504, 0xffffffffffffffffL);
uint64_t x1535, uint8_t x1536 = subborrow_u64(x1533, x1507, 0xffffffffffffffffL);
uint64_t x1538, uint8_t x1539 = subborrow_u64(x1536, x1510, 0xffffffffffffffffL);
uint64_t x1541, uint8_t x1542 = subborrow_u64(x1539, x1513, 0xffffffffffffffffL);
uint64_t x1544, uint8_t x1545 = subborrow_u64(x1542, x1516, 0xffffffffffffffffL);
uint64_t x1547, uint8_t x1548 = subborrow_u64(x1545, x1519, 0xffffffffffffffffL);
uint64_t x1550, uint8_t x1551 = subborrow_u64(x1548, x1522, 0xffffffffffffffffL);
uint64_t x1553, uint8_t x1554 = subborrow_u64(x1551, x1525, 0x1ff);
uint64_t _, uint8_t x1557 = subborrow_u64(x1554, x1527, 0x0);
(cmovznz64(x1557, x1553, x1525), cmovznz64(x1557, x1550, x1522), cmovznz64(x1557, x1547, x1519), cmovznz64(x1557, x1544, x1516), cmovznz64(x1557, x1541, x1513), cmovznz64(x1557, x1538, x1510), cmovznz64(x1557, x1535, x1507), cmovznz64(x1557, x1532, x1504), cmovznz64(x1557, x1529, x1501))
     : ∀ var : Z.Syntax.base_type → Type, expr Z.Syntax.base_type Z.Syntax.op (uint64_t * uint64_t * uint64_t * uint64_t * uint64_t * uint64_t * uint64_t * uint64_t * uint64_t * (uint64_t * uint64_t * uint64_t * uint64_t * uint64_t * uint64_t * uint64_t * uint64_t * uint64_t) -> uint64_t * uint64_t * uint64_t * uint64_t * uint64_t * uint64_t * uint64_t * uint64_t * uint64_t)

Argument scope is [function_scope]
