mul = λ var : Z.Syntax.base_type → Type,
λ '(x12, x13, x11, x9, x7, x5, x3, (x24, x25, x23, x21, x19, x17, x15))%core,
uint64_t x27, uint64_t x28 = mulx_u64(x3, x15);
uint64_t x30, uint64_t x31 = mulx_u64(x3, x17);
uint64_t x33, uint64_t x34 = mulx_u64(x3, x19);
uint64_t x36, uint64_t x37 = mulx_u64(x3, x21);
uint64_t x39, uint64_t x40 = mulx_u64(x3, x23);
uint64_t x42, uint64_t x43 = mulx_u64(x3, x25);
uint64_t x45, uint64_t x46 = mulx_u64(x3, x24);
uint64_t x48, uint8_t x49 = addcarryx_u64(0x0, x28, x30);
uint64_t x51, uint8_t x52 = addcarryx_u64(x49, x31, x33);
uint64_t x54, uint8_t x55 = addcarryx_u64(x52, x34, x36);
uint64_t x57, uint8_t x58 = addcarryx_u64(x55, x37, x39);
uint64_t x60, uint8_t x61 = addcarryx_u64(x58, x40, x42);
uint64_t x63, uint8_t x64 = addcarryx_u64(x61, x43, x45);
uint64_t x66, uint8_t _ = addcarryx_u64(0x0, x64, x46);
uint64_t x69, uint64_t x70 = mulx_u64(x27, 0xffffffffffffffffL);
uint64_t x72, uint64_t x73 = mulx_u64(x27, 0xffffffffffffffffL);
uint64_t x75, uint64_t x76 = mulx_u64(x27, 0xffffffffffffffffL);
uint64_t x78, uint64_t x79 = mulx_u64(x27, 0xfffffffffffeffffL);
uint64_t x81, uint64_t x82 = mulx_u64(x27, 0xffffffffffffffffL);
uint64_t x84, uint64_t x85 = mulx_u64(x27, 0xffffffffffffffffL);
uint64_t x87, uint64_t x88 = mulx_u64(x27, 0xffffffff);
uint64_t x90, uint8_t x91 = addcarryx_u64(0x0, x70, x72);
uint64_t x93, uint8_t x94 = addcarryx_u64(x91, x73, x75);
uint64_t x96, uint8_t x97 = addcarryx_u64(x94, x76, x78);
uint64_t x99, uint8_t x100 = addcarryx_u64(x97, x79, x81);
uint64_t x102, uint8_t x103 = addcarryx_u64(x100, x82, x84);
uint64_t x105, uint8_t x106 = addcarryx_u64(x103, x85, x87);
uint64_t x108, uint8_t _ = addcarryx_u64(0x0, x106, x88);
uint64_t _, uint8_t x112 = addcarryx_u64(0x0, x27, x69);
uint64_t x114, uint8_t x115 = addcarryx_u64(x112, x48, x90);
uint64_t x117, uint8_t x118 = addcarryx_u64(x115, x51, x93);
uint64_t x120, uint8_t x121 = addcarryx_u64(x118, x54, x96);
uint64_t x123, uint8_t x124 = addcarryx_u64(x121, x57, x99);
uint64_t x126, uint8_t x127 = addcarryx_u64(x124, x60, x102);
uint64_t x129, uint8_t x130 = addcarryx_u64(x127, x63, x105);
uint64_t x132, uint8_t x133 = addcarryx_u64(x130, x66, x108);
uint64_t x135, uint64_t x136 = mulx_u64(x5, x15);
uint64_t x138, uint64_t x139 = mulx_u64(x5, x17);
uint64_t x141, uint64_t x142 = mulx_u64(x5, x19);
uint64_t x144, uint64_t x145 = mulx_u64(x5, x21);
uint64_t x147, uint64_t x148 = mulx_u64(x5, x23);
uint64_t x150, uint64_t x151 = mulx_u64(x5, x25);
uint64_t x153, uint64_t x154 = mulx_u64(x5, x24);
uint64_t x156, uint8_t x157 = addcarryx_u64(0x0, x136, x138);
uint64_t x159, uint8_t x160 = addcarryx_u64(x157, x139, x141);
uint64_t x162, uint8_t x163 = addcarryx_u64(x160, x142, x144);
uint64_t x165, uint8_t x166 = addcarryx_u64(x163, x145, x147);
uint64_t x168, uint8_t x169 = addcarryx_u64(x166, x148, x150);
uint64_t x171, uint8_t x172 = addcarryx_u64(x169, x151, x153);
uint64_t x174, uint8_t _ = addcarryx_u64(0x0, x172, x154);
uint64_t x177, uint8_t x178 = addcarryx_u64(0x0, x114, x135);
uint64_t x180, uint8_t x181 = addcarryx_u64(x178, x117, x156);
uint64_t x183, uint8_t x184 = addcarryx_u64(x181, x120, x159);
uint64_t x186, uint8_t x187 = addcarryx_u64(x184, x123, x162);
uint64_t x189, uint8_t x190 = addcarryx_u64(x187, x126, x165);
uint64_t x192, uint8_t x193 = addcarryx_u64(x190, x129, x168);
uint64_t x195, uint8_t x196 = addcarryx_u64(x193, x132, x171);
uint64_t x198, uint8_t x199 = addcarryx_u64(x196, x133, x174);
uint64_t x201, uint64_t x202 = mulx_u64(x177, 0xffffffffffffffffL);
uint64_t x204, uint64_t x205 = mulx_u64(x177, 0xffffffffffffffffL);
uint64_t x207, uint64_t x208 = mulx_u64(x177, 0xffffffffffffffffL);
uint64_t x210, uint64_t x211 = mulx_u64(x177, 0xfffffffffffeffffL);
uint64_t x213, uint64_t x214 = mulx_u64(x177, 0xffffffffffffffffL);
uint64_t x216, uint64_t x217 = mulx_u64(x177, 0xffffffffffffffffL);
uint64_t x219, uint64_t x220 = mulx_u64(x177, 0xffffffff);
uint64_t x222, uint8_t x223 = addcarryx_u64(0x0, x202, x204);
uint64_t x225, uint8_t x226 = addcarryx_u64(x223, x205, x207);
uint64_t x228, uint8_t x229 = addcarryx_u64(x226, x208, x210);
uint64_t x231, uint8_t x232 = addcarryx_u64(x229, x211, x213);
uint64_t x234, uint8_t x235 = addcarryx_u64(x232, x214, x216);
uint64_t x237, uint8_t x238 = addcarryx_u64(x235, x217, x219);
uint64_t x240, uint8_t _ = addcarryx_u64(0x0, x238, x220);
uint64_t _, uint8_t x244 = addcarryx_u64(0x0, x177, x201);
uint64_t x246, uint8_t x247 = addcarryx_u64(x244, x180, x222);
uint64_t x249, uint8_t x250 = addcarryx_u64(x247, x183, x225);
uint64_t x252, uint8_t x253 = addcarryx_u64(x250, x186, x228);
uint64_t x255, uint8_t x256 = addcarryx_u64(x253, x189, x231);
uint64_t x258, uint8_t x259 = addcarryx_u64(x256, x192, x234);
uint64_t x261, uint8_t x262 = addcarryx_u64(x259, x195, x237);
uint64_t x264, uint8_t x265 = addcarryx_u64(x262, x198, x240);
uint8_t x266 = (x265 + x199);
uint64_t x268, uint64_t x269 = mulx_u64(x7, x15);
uint64_t x271, uint64_t x272 = mulx_u64(x7, x17);
uint64_t x274, uint64_t x275 = mulx_u64(x7, x19);
uint64_t x277, uint64_t x278 = mulx_u64(x7, x21);
uint64_t x280, uint64_t x281 = mulx_u64(x7, x23);
uint64_t x283, uint64_t x284 = mulx_u64(x7, x25);
uint64_t x286, uint64_t x287 = mulx_u64(x7, x24);
uint64_t x289, uint8_t x290 = addcarryx_u64(0x0, x269, x271);
uint64_t x292, uint8_t x293 = addcarryx_u64(x290, x272, x274);
uint64_t x295, uint8_t x296 = addcarryx_u64(x293, x275, x277);
uint64_t x298, uint8_t x299 = addcarryx_u64(x296, x278, x280);
uint64_t x301, uint8_t x302 = addcarryx_u64(x299, x281, x283);
uint64_t x304, uint8_t x305 = addcarryx_u64(x302, x284, x286);
uint64_t x307, uint8_t _ = addcarryx_u64(0x0, x305, x287);
uint64_t x310, uint8_t x311 = addcarryx_u64(0x0, x246, x268);
uint64_t x313, uint8_t x314 = addcarryx_u64(x311, x249, x289);
uint64_t x316, uint8_t x317 = addcarryx_u64(x314, x252, x292);
uint64_t x319, uint8_t x320 = addcarryx_u64(x317, x255, x295);
uint64_t x322, uint8_t x323 = addcarryx_u64(x320, x258, x298);
uint64_t x325, uint8_t x326 = addcarryx_u64(x323, x261, x301);
uint64_t x328, uint8_t x329 = addcarryx_u64(x326, x264, x304);
uint64_t x331, uint8_t x332 = addcarryx_u64(x329, x266, x307);
uint64_t x334, uint64_t x335 = mulx_u64(x310, 0xffffffffffffffffL);
uint64_t x337, uint64_t x338 = mulx_u64(x310, 0xffffffffffffffffL);
uint64_t x340, uint64_t x341 = mulx_u64(x310, 0xffffffffffffffffL);
uint64_t x343, uint64_t x344 = mulx_u64(x310, 0xfffffffffffeffffL);
uint64_t x346, uint64_t x347 = mulx_u64(x310, 0xffffffffffffffffL);
uint64_t x349, uint64_t x350 = mulx_u64(x310, 0xffffffffffffffffL);
uint64_t x352, uint64_t x353 = mulx_u64(x310, 0xffffffff);
uint64_t x355, uint8_t x356 = addcarryx_u64(0x0, x335, x337);
uint64_t x358, uint8_t x359 = addcarryx_u64(x356, x338, x340);
uint64_t x361, uint8_t x362 = addcarryx_u64(x359, x341, x343);
uint64_t x364, uint8_t x365 = addcarryx_u64(x362, x344, x346);
uint64_t x367, uint8_t x368 = addcarryx_u64(x365, x347, x349);
uint64_t x370, uint8_t x371 = addcarryx_u64(x368, x350, x352);
uint64_t x373, uint8_t _ = addcarryx_u64(0x0, x371, x353);
uint64_t _, uint8_t x377 = addcarryx_u64(0x0, x310, x334);
uint64_t x379, uint8_t x380 = addcarryx_u64(x377, x313, x355);
uint64_t x382, uint8_t x383 = addcarryx_u64(x380, x316, x358);
uint64_t x385, uint8_t x386 = addcarryx_u64(x383, x319, x361);
uint64_t x388, uint8_t x389 = addcarryx_u64(x386, x322, x364);
uint64_t x391, uint8_t x392 = addcarryx_u64(x389, x325, x367);
uint64_t x394, uint8_t x395 = addcarryx_u64(x392, x328, x370);
uint64_t x397, uint8_t x398 = addcarryx_u64(x395, x331, x373);
uint8_t x399 = (x398 + x332);
uint64_t x401, uint64_t x402 = mulx_u64(x9, x15);
uint64_t x404, uint64_t x405 = mulx_u64(x9, x17);
uint64_t x407, uint64_t x408 = mulx_u64(x9, x19);
uint64_t x410, uint64_t x411 = mulx_u64(x9, x21);
uint64_t x413, uint64_t x414 = mulx_u64(x9, x23);
uint64_t x416, uint64_t x417 = mulx_u64(x9, x25);
uint64_t x419, uint64_t x420 = mulx_u64(x9, x24);
uint64_t x422, uint8_t x423 = addcarryx_u64(0x0, x402, x404);
uint64_t x425, uint8_t x426 = addcarryx_u64(x423, x405, x407);
uint64_t x428, uint8_t x429 = addcarryx_u64(x426, x408, x410);
uint64_t x431, uint8_t x432 = addcarryx_u64(x429, x411, x413);
uint64_t x434, uint8_t x435 = addcarryx_u64(x432, x414, x416);
uint64_t x437, uint8_t x438 = addcarryx_u64(x435, x417, x419);
uint64_t x440, uint8_t _ = addcarryx_u64(0x0, x438, x420);
uint64_t x443, uint8_t x444 = addcarryx_u64(0x0, x379, x401);
uint64_t x446, uint8_t x447 = addcarryx_u64(x444, x382, x422);
uint64_t x449, uint8_t x450 = addcarryx_u64(x447, x385, x425);
uint64_t x452, uint8_t x453 = addcarryx_u64(x450, x388, x428);
uint64_t x455, uint8_t x456 = addcarryx_u64(x453, x391, x431);
uint64_t x458, uint8_t x459 = addcarryx_u64(x456, x394, x434);
uint64_t x461, uint8_t x462 = addcarryx_u64(x459, x397, x437);
uint64_t x464, uint8_t x465 = addcarryx_u64(x462, x399, x440);
uint64_t x467, uint64_t x468 = mulx_u64(x443, 0xffffffffffffffffL);
uint64_t x470, uint64_t x471 = mulx_u64(x443, 0xffffffffffffffffL);
uint64_t x473, uint64_t x474 = mulx_u64(x443, 0xffffffffffffffffL);
uint64_t x476, uint64_t x477 = mulx_u64(x443, 0xfffffffffffeffffL);
uint64_t x479, uint64_t x480 = mulx_u64(x443, 0xffffffffffffffffL);
uint64_t x482, uint64_t x483 = mulx_u64(x443, 0xffffffffffffffffL);
uint64_t x485, uint64_t x486 = mulx_u64(x443, 0xffffffff);
uint64_t x488, uint8_t x489 = addcarryx_u64(0x0, x468, x470);
uint64_t x491, uint8_t x492 = addcarryx_u64(x489, x471, x473);
uint64_t x494, uint8_t x495 = addcarryx_u64(x492, x474, x476);
uint64_t x497, uint8_t x498 = addcarryx_u64(x495, x477, x479);
uint64_t x500, uint8_t x501 = addcarryx_u64(x498, x480, x482);
uint64_t x503, uint8_t x504 = addcarryx_u64(x501, x483, x485);
uint64_t x506, uint8_t _ = addcarryx_u64(0x0, x504, x486);
uint64_t _, uint8_t x510 = addcarryx_u64(0x0, x443, x467);
uint64_t x512, uint8_t x513 = addcarryx_u64(x510, x446, x488);
uint64_t x515, uint8_t x516 = addcarryx_u64(x513, x449, x491);
uint64_t x518, uint8_t x519 = addcarryx_u64(x516, x452, x494);
uint64_t x521, uint8_t x522 = addcarryx_u64(x519, x455, x497);
uint64_t x524, uint8_t x525 = addcarryx_u64(x522, x458, x500);
uint64_t x527, uint8_t x528 = addcarryx_u64(x525, x461, x503);
uint64_t x530, uint8_t x531 = addcarryx_u64(x528, x464, x506);
uint8_t x532 = (x531 + x465);
uint64_t x534, uint64_t x535 = mulx_u64(x11, x15);
uint64_t x537, uint64_t x538 = mulx_u64(x11, x17);
uint64_t x540, uint64_t x541 = mulx_u64(x11, x19);
uint64_t x543, uint64_t x544 = mulx_u64(x11, x21);
uint64_t x546, uint64_t x547 = mulx_u64(x11, x23);
uint64_t x549, uint64_t x550 = mulx_u64(x11, x25);
uint64_t x552, uint64_t x553 = mulx_u64(x11, x24);
uint64_t x555, uint8_t x556 = addcarryx_u64(0x0, x535, x537);
uint64_t x558, uint8_t x559 = addcarryx_u64(x556, x538, x540);
uint64_t x561, uint8_t x562 = addcarryx_u64(x559, x541, x543);
uint64_t x564, uint8_t x565 = addcarryx_u64(x562, x544, x546);
uint64_t x567, uint8_t x568 = addcarryx_u64(x565, x547, x549);
uint64_t x570, uint8_t x571 = addcarryx_u64(x568, x550, x552);
uint64_t x573, uint8_t _ = addcarryx_u64(0x0, x571, x553);
uint64_t x576, uint8_t x577 = addcarryx_u64(0x0, x512, x534);
uint64_t x579, uint8_t x580 = addcarryx_u64(x577, x515, x555);
uint64_t x582, uint8_t x583 = addcarryx_u64(x580, x518, x558);
uint64_t x585, uint8_t x586 = addcarryx_u64(x583, x521, x561);
uint64_t x588, uint8_t x589 = addcarryx_u64(x586, x524, x564);
uint64_t x591, uint8_t x592 = addcarryx_u64(x589, x527, x567);
uint64_t x594, uint8_t x595 = addcarryx_u64(x592, x530, x570);
uint64_t x597, uint8_t x598 = addcarryx_u64(x595, x532, x573);
uint64_t x600, uint64_t x601 = mulx_u64(x576, 0xffffffffffffffffL);
uint64_t x603, uint64_t x604 = mulx_u64(x576, 0xffffffffffffffffL);
uint64_t x606, uint64_t x607 = mulx_u64(x576, 0xffffffffffffffffL);
uint64_t x609, uint64_t x610 = mulx_u64(x576, 0xfffffffffffeffffL);
uint64_t x612, uint64_t x613 = mulx_u64(x576, 0xffffffffffffffffL);
uint64_t x615, uint64_t x616 = mulx_u64(x576, 0xffffffffffffffffL);
uint64_t x618, uint64_t x619 = mulx_u64(x576, 0xffffffff);
uint64_t x621, uint8_t x622 = addcarryx_u64(0x0, x601, x603);
uint64_t x624, uint8_t x625 = addcarryx_u64(x622, x604, x606);
uint64_t x627, uint8_t x628 = addcarryx_u64(x625, x607, x609);
uint64_t x630, uint8_t x631 = addcarryx_u64(x628, x610, x612);
uint64_t x633, uint8_t x634 = addcarryx_u64(x631, x613, x615);
uint64_t x636, uint8_t x637 = addcarryx_u64(x634, x616, x618);
uint64_t x639, uint8_t _ = addcarryx_u64(0x0, x637, x619);
uint64_t _, uint8_t x643 = addcarryx_u64(0x0, x576, x600);
uint64_t x645, uint8_t x646 = addcarryx_u64(x643, x579, x621);
uint64_t x648, uint8_t x649 = addcarryx_u64(x646, x582, x624);
uint64_t x651, uint8_t x652 = addcarryx_u64(x649, x585, x627);
uint64_t x654, uint8_t x655 = addcarryx_u64(x652, x588, x630);
uint64_t x657, uint8_t x658 = addcarryx_u64(x655, x591, x633);
uint64_t x660, uint8_t x661 = addcarryx_u64(x658, x594, x636);
uint64_t x663, uint8_t x664 = addcarryx_u64(x661, x597, x639);
uint8_t x665 = (x664 + x598);
uint64_t x667, uint64_t x668 = mulx_u64(x13, x15);
uint64_t x670, uint64_t x671 = mulx_u64(x13, x17);
uint64_t x673, uint64_t x674 = mulx_u64(x13, x19);
uint64_t x676, uint64_t x677 = mulx_u64(x13, x21);
uint64_t x679, uint64_t x680 = mulx_u64(x13, x23);
uint64_t x682, uint64_t x683 = mulx_u64(x13, x25);
uint64_t x685, uint64_t x686 = mulx_u64(x13, x24);
uint64_t x688, uint8_t x689 = addcarryx_u64(0x0, x668, x670);
uint64_t x691, uint8_t x692 = addcarryx_u64(x689, x671, x673);
uint64_t x694, uint8_t x695 = addcarryx_u64(x692, x674, x676);
uint64_t x697, uint8_t x698 = addcarryx_u64(x695, x677, x679);
uint64_t x700, uint8_t x701 = addcarryx_u64(x698, x680, x682);
uint64_t x703, uint8_t x704 = addcarryx_u64(x701, x683, x685);
uint64_t x706, uint8_t _ = addcarryx_u64(0x0, x704, x686);
uint64_t x709, uint8_t x710 = addcarryx_u64(0x0, x645, x667);
uint64_t x712, uint8_t x713 = addcarryx_u64(x710, x648, x688);
uint64_t x715, uint8_t x716 = addcarryx_u64(x713, x651, x691);
uint64_t x718, uint8_t x719 = addcarryx_u64(x716, x654, x694);
uint64_t x721, uint8_t x722 = addcarryx_u64(x719, x657, x697);
uint64_t x724, uint8_t x725 = addcarryx_u64(x722, x660, x700);
uint64_t x727, uint8_t x728 = addcarryx_u64(x725, x663, x703);
uint64_t x730, uint8_t x731 = addcarryx_u64(x728, x665, x706);
uint64_t x733, uint64_t x734 = mulx_u64(x709, 0xffffffffffffffffL);
uint64_t x736, uint64_t x737 = mulx_u64(x709, 0xffffffffffffffffL);
uint64_t x739, uint64_t x740 = mulx_u64(x709, 0xffffffffffffffffL);
uint64_t x742, uint64_t x743 = mulx_u64(x709, 0xfffffffffffeffffL);
uint64_t x745, uint64_t x746 = mulx_u64(x709, 0xffffffffffffffffL);
uint64_t x748, uint64_t x749 = mulx_u64(x709, 0xffffffffffffffffL);
uint64_t x751, uint64_t x752 = mulx_u64(x709, 0xffffffff);
uint64_t x754, uint8_t x755 = addcarryx_u64(0x0, x734, x736);
uint64_t x757, uint8_t x758 = addcarryx_u64(x755, x737, x739);
uint64_t x760, uint8_t x761 = addcarryx_u64(x758, x740, x742);
uint64_t x763, uint8_t x764 = addcarryx_u64(x761, x743, x745);
uint64_t x766, uint8_t x767 = addcarryx_u64(x764, x746, x748);
uint64_t x769, uint8_t x770 = addcarryx_u64(x767, x749, x751);
uint64_t x772, uint8_t _ = addcarryx_u64(0x0, x770, x752);
uint64_t _, uint8_t x776 = addcarryx_u64(0x0, x709, x733);
uint64_t x778, uint8_t x779 = addcarryx_u64(x776, x712, x754);
uint64_t x781, uint8_t x782 = addcarryx_u64(x779, x715, x757);
uint64_t x784, uint8_t x785 = addcarryx_u64(x782, x718, x760);
uint64_t x787, uint8_t x788 = addcarryx_u64(x785, x721, x763);
uint64_t x790, uint8_t x791 = addcarryx_u64(x788, x724, x766);
uint64_t x793, uint8_t x794 = addcarryx_u64(x791, x727, x769);
uint64_t x796, uint8_t x797 = addcarryx_u64(x794, x730, x772);
uint8_t x798 = (x797 + x731);
uint64_t x800, uint64_t x801 = mulx_u64(x12, x15);
uint64_t x803, uint64_t x804 = mulx_u64(x12, x17);
uint64_t x806, uint64_t x807 = mulx_u64(x12, x19);
uint64_t x809, uint64_t x810 = mulx_u64(x12, x21);
uint64_t x812, uint64_t x813 = mulx_u64(x12, x23);
uint64_t x815, uint64_t x816 = mulx_u64(x12, x25);
uint64_t x818, uint64_t x819 = mulx_u64(x12, x24);
uint64_t x821, uint8_t x822 = addcarryx_u64(0x0, x801, x803);
uint64_t x824, uint8_t x825 = addcarryx_u64(x822, x804, x806);
uint64_t x827, uint8_t x828 = addcarryx_u64(x825, x807, x809);
uint64_t x830, uint8_t x831 = addcarryx_u64(x828, x810, x812);
uint64_t x833, uint8_t x834 = addcarryx_u64(x831, x813, x815);
uint64_t x836, uint8_t x837 = addcarryx_u64(x834, x816, x818);
uint64_t x839, uint8_t _ = addcarryx_u64(0x0, x837, x819);
uint64_t x842, uint8_t x843 = addcarryx_u64(0x0, x778, x800);
uint64_t x845, uint8_t x846 = addcarryx_u64(x843, x781, x821);
uint64_t x848, uint8_t x849 = addcarryx_u64(x846, x784, x824);
uint64_t x851, uint8_t x852 = addcarryx_u64(x849, x787, x827);
uint64_t x854, uint8_t x855 = addcarryx_u64(x852, x790, x830);
uint64_t x857, uint8_t x858 = addcarryx_u64(x855, x793, x833);
uint64_t x860, uint8_t x861 = addcarryx_u64(x858, x796, x836);
uint64_t x863, uint8_t x864 = addcarryx_u64(x861, x798, x839);
uint64_t x866, uint64_t x867 = mulx_u64(x842, 0xffffffffffffffffL);
uint64_t x869, uint64_t x870 = mulx_u64(x842, 0xffffffffffffffffL);
uint64_t x872, uint64_t x873 = mulx_u64(x842, 0xffffffffffffffffL);
uint64_t x875, uint64_t x876 = mulx_u64(x842, 0xfffffffffffeffffL);
uint64_t x878, uint64_t x879 = mulx_u64(x842, 0xffffffffffffffffL);
uint64_t x881, uint64_t x882 = mulx_u64(x842, 0xffffffffffffffffL);
uint64_t x884, uint64_t x885 = mulx_u64(x842, 0xffffffff);
uint64_t x887, uint8_t x888 = addcarryx_u64(0x0, x867, x869);
uint64_t x890, uint8_t x891 = addcarryx_u64(x888, x870, x872);
uint64_t x893, uint8_t x894 = addcarryx_u64(x891, x873, x875);
uint64_t x896, uint8_t x897 = addcarryx_u64(x894, x876, x878);
uint64_t x899, uint8_t x900 = addcarryx_u64(x897, x879, x881);
uint64_t x902, uint8_t x903 = addcarryx_u64(x900, x882, x884);
uint64_t x905, uint8_t _ = addcarryx_u64(0x0, x903, x885);
uint64_t _, uint8_t x909 = addcarryx_u64(0x0, x842, x866);
uint64_t x911, uint8_t x912 = addcarryx_u64(x909, x845, x887);
uint64_t x914, uint8_t x915 = addcarryx_u64(x912, x848, x890);
uint64_t x917, uint8_t x918 = addcarryx_u64(x915, x851, x893);
uint64_t x920, uint8_t x921 = addcarryx_u64(x918, x854, x896);
uint64_t x923, uint8_t x924 = addcarryx_u64(x921, x857, x899);
uint64_t x926, uint8_t x927 = addcarryx_u64(x924, x860, x902);
uint64_t x929, uint8_t x930 = addcarryx_u64(x927, x863, x905);
uint8_t x931 = (x930 + x864);
uint64_t x933, uint8_t x934 = subborrow_u64(0x0, x911, 0xffffffffffffffffL);
uint64_t x936, uint8_t x937 = subborrow_u64(x934, x914, 0xffffffffffffffffL);
uint64_t x939, uint8_t x940 = subborrow_u64(x937, x917, 0xffffffffffffffffL);
uint64_t x942, uint8_t x943 = subborrow_u64(x940, x920, 0xfffffffffffeffffL);
uint64_t x945, uint8_t x946 = subborrow_u64(x943, x923, 0xffffffffffffffffL);
uint64_t x948, uint8_t x949 = subborrow_u64(x946, x926, 0xffffffffffffffffL);
uint64_t x951, uint8_t x952 = subborrow_u64(x949, x929, 0xffffffff);
uint64_t _, uint8_t x955 = subborrow_u64(x952, x931, 0x0);
(cmovznz64(x955, x951, x929), cmovznz64(x955, x948, x926), cmovznz64(x955, x945, x923), cmovznz64(x955, x942, x920), cmovznz64(x955, x939, x917), cmovznz64(x955, x936, x914), cmovznz64(x955, x933, x911))
     : ∀ var : Z.Syntax.base_type → Type, expr Z.Syntax.base_type Z.Syntax.op (uint64_t * uint64_t * uint64_t * uint64_t * uint64_t * uint64_t * uint64_t * (uint64_t * uint64_t * uint64_t * uint64_t * uint64_t * uint64_t * uint64_t) -> uint64_t * uint64_t * uint64_t * uint64_t * uint64_t * uint64_t * uint64_t)

Argument scope is [function_scope]
