mul = λ var : Z.Syntax.base_type → Type,
λ '(x24, x25, x23, x21, x19, x17, x15, x13, x11, x9, x7, x5, x3, (x48, x49, x47, x45, x43, x41, x39, x37, x35, x33, x31, x29, x27))%core,
uint32_t x51, uint32_t x52 = mulx_u32(x3, x27);
uint32_t x54, uint32_t x55 = mulx_u32(x3, x29);
uint32_t x57, uint32_t x58 = mulx_u32(x3, x31);
uint32_t x60, uint32_t x61 = mulx_u32(x3, x33);
uint32_t x63, uint32_t x64 = mulx_u32(x3, x35);
uint32_t x66, uint32_t x67 = mulx_u32(x3, x37);
uint32_t x69, uint32_t x70 = mulx_u32(x3, x39);
uint32_t x72, uint32_t x73 = mulx_u32(x3, x41);
uint32_t x75, uint32_t x76 = mulx_u32(x3, x43);
uint32_t x78, uint32_t x79 = mulx_u32(x3, x45);
uint32_t x81, uint32_t x82 = mulx_u32(x3, x47);
uint32_t x84, uint32_t x85 = mulx_u32(x3, x49);
uint32_t x87, uint32_t x88 = mulx_u32(x3, x48);
uint32_t x90, uint8_t x91 = addcarryx_u32(0x0, x52, x54);
uint32_t x93, uint8_t x94 = addcarryx_u32(x91, x55, x57);
uint32_t x96, uint8_t x97 = addcarryx_u32(x94, x58, x60);
uint32_t x99, uint8_t x100 = addcarryx_u32(x97, x61, x63);
uint32_t x102, uint8_t x103 = addcarryx_u32(x100, x64, x66);
uint32_t x105, uint8_t x106 = addcarryx_u32(x103, x67, x69);
uint32_t x108, uint8_t x109 = addcarryx_u32(x106, x70, x72);
uint32_t x111, uint8_t x112 = addcarryx_u32(x109, x73, x75);
uint32_t x114, uint8_t x115 = addcarryx_u32(x112, x76, x78);
uint32_t x117, uint8_t x118 = addcarryx_u32(x115, x79, x81);
uint32_t x120, uint8_t x121 = addcarryx_u32(x118, x82, x84);
uint32_t x123, uint8_t x124 = addcarryx_u32(x121, x85, x87);
uint32_t x126, uint8_t _ = addcarryx_u32(0x0, x124, x88);
uint32_t x129, uint8_t x130 = addcarryx_u32(0x0, 0x0, x114);
uint32_t x132, uint8_t x133 = addcarryx_u32(x130, 0x0, x117);
uint32_t x135, uint8_t x136 = addcarryx_u32(x133, 0x0, x120);
uint32_t x138, uint8_t x139 = addcarryx_u32(x136, 0x0, x123);
uint32_t x141, uint8_t x142 = addcarryx_u32(x139, 0x0, x126);
uint32_t x144, uint32_t _ = mulx_u32(x51, Const 3186588639);
uint32_t x147, uint32_t x148 = mulx_u32(x144, 0xffffffe1);
uint32_t x150, uint32_t x151 = mulx_u32(x144, 0xffffffff);
uint32_t x153, uint32_t x154 = mulx_u32(x144, 0xffffffff);
uint32_t x156, uint32_t x157 = mulx_u32(x144, 0xffffffff);
uint32_t x159, uint32_t x160 = mulx_u32(x144, 0xffffffff);
uint32_t x162, uint32_t x163 = mulx_u32(x144, 0xffffffff);
uint32_t x165, uint32_t x166 = mulx_u32(x144, 0xffffffff);
uint32_t x168, uint32_t x169 = mulx_u32(x144, 0xffffffff);
uint32_t x171, uint32_t x172 = mulx_u32(x144, 0xffffffff);
uint32_t x174, uint32_t x175 = mulx_u32(x144, 0xffffffff);
uint32_t x177, uint32_t x178 = mulx_u32(x144, 0xffffffff);
uint32_t x180, uint32_t x181 = mulx_u32(x144, 0xffffffff);
uint32_t x183, uint32_t x184 = mulx_u32(x144, 0x1ffff);
uint32_t x186, uint8_t x187 = addcarryx_u32(0x0, x148, x150);
uint32_t x189, uint8_t x190 = addcarryx_u32(x187, x151, x153);
uint32_t x192, uint8_t x193 = addcarryx_u32(x190, x154, x156);
uint32_t x195, uint8_t x196 = addcarryx_u32(x193, x157, x159);
uint32_t x198, uint8_t x199 = addcarryx_u32(x196, x160, x162);
uint32_t x201, uint8_t x202 = addcarryx_u32(x199, x163, x165);
uint32_t x204, uint8_t x205 = addcarryx_u32(x202, x166, x168);
uint32_t x207, uint8_t x208 = addcarryx_u32(x205, x169, x171);
uint32_t x210, uint8_t x211 = addcarryx_u32(x208, x172, x174);
uint32_t x213, uint8_t x214 = addcarryx_u32(x211, x175, x177);
uint32_t x216, uint8_t x217 = addcarryx_u32(x214, x178, x180);
uint32_t x219, uint8_t x220 = addcarryx_u32(x217, x181, x183);
uint32_t x222, uint8_t _ = addcarryx_u32(0x0, x220, x184);
uint32_t _, uint8_t x226 = addcarryx_u32(0x0, x51, x147);
uint32_t x228, uint8_t x229 = addcarryx_u32(x226, x90, x186);
uint32_t x231, uint8_t x232 = addcarryx_u32(x229, x93, x189);
uint32_t x234, uint8_t x235 = addcarryx_u32(x232, x96, x192);
uint32_t x237, uint8_t x238 = addcarryx_u32(x235, x99, x195);
uint32_t x240, uint8_t x241 = addcarryx_u32(x238, x102, x198);
uint32_t x243, uint8_t x244 = addcarryx_u32(x241, x105, x201);
uint32_t x246, uint8_t x247 = addcarryx_u32(x244, x108, x204);
uint32_t x249, uint8_t x250 = addcarryx_u32(x247, x111, x207);
uint32_t x252, uint8_t x253 = addcarryx_u32(x250, x129, x210);
uint32_t x255, uint8_t x256 = addcarryx_u32(x253, x132, x213);
uint32_t x258, uint8_t x259 = addcarryx_u32(x256, x135, x216);
uint32_t x261, uint8_t x262 = addcarryx_u32(x259, x138, x219);
uint32_t x264, uint8_t x265 = addcarryx_u32(x262, x141, x222);
uint8_t x266 = (x265 + x142);
uint32_t x268, uint32_t x269 = mulx_u32(x5, x27);
uint32_t x271, uint32_t x272 = mulx_u32(x5, x29);
uint32_t x274, uint32_t x275 = mulx_u32(x5, x31);
uint32_t x277, uint32_t x278 = mulx_u32(x5, x33);
uint32_t x280, uint32_t x281 = mulx_u32(x5, x35);
uint32_t x283, uint32_t x284 = mulx_u32(x5, x37);
uint32_t x286, uint32_t x287 = mulx_u32(x5, x39);
uint32_t x289, uint32_t x290 = mulx_u32(x5, x41);
uint32_t x292, uint32_t x293 = mulx_u32(x5, x43);
uint32_t x295, uint32_t x296 = mulx_u32(x5, x45);
uint32_t x298, uint32_t x299 = mulx_u32(x5, x47);
uint32_t x301, uint32_t x302 = mulx_u32(x5, x49);
uint32_t x304, uint32_t x305 = mulx_u32(x5, x48);
uint32_t x307, uint8_t x308 = addcarryx_u32(0x0, x269, x271);
uint32_t x310, uint8_t x311 = addcarryx_u32(x308, x272, x274);
uint32_t x313, uint8_t x314 = addcarryx_u32(x311, x275, x277);
uint32_t x316, uint8_t x317 = addcarryx_u32(x314, x278, x280);
uint32_t x319, uint8_t x320 = addcarryx_u32(x317, x281, x283);
uint32_t x322, uint8_t x323 = addcarryx_u32(x320, x284, x286);
uint32_t x325, uint8_t x326 = addcarryx_u32(x323, x287, x289);
uint32_t x328, uint8_t x329 = addcarryx_u32(x326, x290, x292);
uint32_t x331, uint8_t x332 = addcarryx_u32(x329, x293, x295);
uint32_t x334, uint8_t x335 = addcarryx_u32(x332, x296, x298);
uint32_t x337, uint8_t x338 = addcarryx_u32(x335, x299, x301);
uint32_t x340, uint8_t x341 = addcarryx_u32(x338, x302, x304);
uint32_t x343, uint8_t _ = addcarryx_u32(0x0, x341, x305);
uint32_t x346, uint8_t x347 = addcarryx_u32(0x0, x228, x268);
uint32_t x349, uint8_t x350 = addcarryx_u32(x347, x231, x307);
uint32_t x352, uint8_t x353 = addcarryx_u32(x350, x234, x310);
uint32_t x355, uint8_t x356 = addcarryx_u32(x353, x237, x313);
uint32_t x358, uint8_t x359 = addcarryx_u32(x356, x240, x316);
uint32_t x361, uint8_t x362 = addcarryx_u32(x359, x243, x319);
uint32_t x364, uint8_t x365 = addcarryx_u32(x362, x246, x322);
uint32_t x367, uint8_t x368 = addcarryx_u32(x365, x249, x325);
uint32_t x370, uint8_t x371 = addcarryx_u32(x368, x252, x328);
uint32_t x373, uint8_t x374 = addcarryx_u32(x371, x255, x331);
uint32_t x376, uint8_t x377 = addcarryx_u32(x374, x258, x334);
uint32_t x379, uint8_t x380 = addcarryx_u32(x377, x261, x337);
uint32_t x382, uint8_t x383 = addcarryx_u32(x380, x264, x340);
uint32_t x385, uint8_t x386 = addcarryx_u32(x383, x266, x343);
uint32_t x388, uint32_t _ = mulx_u32(x346, Const 3186588639);
uint32_t x391, uint32_t x392 = mulx_u32(x388, 0xffffffe1);
uint32_t x394, uint32_t x395 = mulx_u32(x388, 0xffffffff);
uint32_t x397, uint32_t x398 = mulx_u32(x388, 0xffffffff);
uint32_t x400, uint32_t x401 = mulx_u32(x388, 0xffffffff);
uint32_t x403, uint32_t x404 = mulx_u32(x388, 0xffffffff);
uint32_t x406, uint32_t x407 = mulx_u32(x388, 0xffffffff);
uint32_t x409, uint32_t x410 = mulx_u32(x388, 0xffffffff);
uint32_t x412, uint32_t x413 = mulx_u32(x388, 0xffffffff);
uint32_t x415, uint32_t x416 = mulx_u32(x388, 0xffffffff);
uint32_t x418, uint32_t x419 = mulx_u32(x388, 0xffffffff);
uint32_t x421, uint32_t x422 = mulx_u32(x388, 0xffffffff);
uint32_t x424, uint32_t x425 = mulx_u32(x388, 0xffffffff);
uint32_t x427, uint32_t x428 = mulx_u32(x388, 0x1ffff);
uint32_t x430, uint8_t x431 = addcarryx_u32(0x0, x392, x394);
uint32_t x433, uint8_t x434 = addcarryx_u32(x431, x395, x397);
uint32_t x436, uint8_t x437 = addcarryx_u32(x434, x398, x400);
uint32_t x439, uint8_t x440 = addcarryx_u32(x437, x401, x403);
uint32_t x442, uint8_t x443 = addcarryx_u32(x440, x404, x406);
uint32_t x445, uint8_t x446 = addcarryx_u32(x443, x407, x409);
uint32_t x448, uint8_t x449 = addcarryx_u32(x446, x410, x412);
uint32_t x451, uint8_t x452 = addcarryx_u32(x449, x413, x415);
uint32_t x454, uint8_t x455 = addcarryx_u32(x452, x416, x418);
uint32_t x457, uint8_t x458 = addcarryx_u32(x455, x419, x421);
uint32_t x460, uint8_t x461 = addcarryx_u32(x458, x422, x424);
uint32_t x463, uint8_t x464 = addcarryx_u32(x461, x425, x427);
uint32_t x466, uint8_t _ = addcarryx_u32(0x0, x464, x428);
uint32_t _, uint8_t x470 = addcarryx_u32(0x0, x346, x391);
uint32_t x472, uint8_t x473 = addcarryx_u32(x470, x349, x430);
uint32_t x475, uint8_t x476 = addcarryx_u32(x473, x352, x433);
uint32_t x478, uint8_t x479 = addcarryx_u32(x476, x355, x436);
uint32_t x481, uint8_t x482 = addcarryx_u32(x479, x358, x439);
uint32_t x484, uint8_t x485 = addcarryx_u32(x482, x361, x442);
uint32_t x487, uint8_t x488 = addcarryx_u32(x485, x364, x445);
uint32_t x490, uint8_t x491 = addcarryx_u32(x488, x367, x448);
uint32_t x493, uint8_t x494 = addcarryx_u32(x491, x370, x451);
uint32_t x496, uint8_t x497 = addcarryx_u32(x494, x373, x454);
uint32_t x499, uint8_t x500 = addcarryx_u32(x497, x376, x457);
uint32_t x502, uint8_t x503 = addcarryx_u32(x500, x379, x460);
uint32_t x505, uint8_t x506 = addcarryx_u32(x503, x382, x463);
uint32_t x508, uint8_t x509 = addcarryx_u32(x506, x385, x466);
uint8_t x510 = (x509 + x386);
uint32_t x512, uint32_t x513 = mulx_u32(x7, x27);
uint32_t x515, uint32_t x516 = mulx_u32(x7, x29);
uint32_t x518, uint32_t x519 = mulx_u32(x7, x31);
uint32_t x521, uint32_t x522 = mulx_u32(x7, x33);
uint32_t x524, uint32_t x525 = mulx_u32(x7, x35);
uint32_t x527, uint32_t x528 = mulx_u32(x7, x37);
uint32_t x530, uint32_t x531 = mulx_u32(x7, x39);
uint32_t x533, uint32_t x534 = mulx_u32(x7, x41);
uint32_t x536, uint32_t x537 = mulx_u32(x7, x43);
uint32_t x539, uint32_t x540 = mulx_u32(x7, x45);
uint32_t x542, uint32_t x543 = mulx_u32(x7, x47);
uint32_t x545, uint32_t x546 = mulx_u32(x7, x49);
uint32_t x548, uint32_t x549 = mulx_u32(x7, x48);
uint32_t x551, uint8_t x552 = addcarryx_u32(0x0, x513, x515);
uint32_t x554, uint8_t x555 = addcarryx_u32(x552, x516, x518);
uint32_t x557, uint8_t x558 = addcarryx_u32(x555, x519, x521);
uint32_t x560, uint8_t x561 = addcarryx_u32(x558, x522, x524);
uint32_t x563, uint8_t x564 = addcarryx_u32(x561, x525, x527);
uint32_t x566, uint8_t x567 = addcarryx_u32(x564, x528, x530);
uint32_t x569, uint8_t x570 = addcarryx_u32(x567, x531, x533);
uint32_t x572, uint8_t x573 = addcarryx_u32(x570, x534, x536);
uint32_t x575, uint8_t x576 = addcarryx_u32(x573, x537, x539);
uint32_t x578, uint8_t x579 = addcarryx_u32(x576, x540, x542);
uint32_t x581, uint8_t x582 = addcarryx_u32(x579, x543, x545);
uint32_t x584, uint8_t x585 = addcarryx_u32(x582, x546, x548);
uint32_t x587, uint8_t _ = addcarryx_u32(0x0, x585, x549);
uint32_t x590, uint8_t x591 = addcarryx_u32(0x0, x472, x512);
uint32_t x593, uint8_t x594 = addcarryx_u32(x591, x475, x551);
uint32_t x596, uint8_t x597 = addcarryx_u32(x594, x478, x554);
uint32_t x599, uint8_t x600 = addcarryx_u32(x597, x481, x557);
uint32_t x602, uint8_t x603 = addcarryx_u32(x600, x484, x560);
uint32_t x605, uint8_t x606 = addcarryx_u32(x603, x487, x563);
uint32_t x608, uint8_t x609 = addcarryx_u32(x606, x490, x566);
uint32_t x611, uint8_t x612 = addcarryx_u32(x609, x493, x569);
uint32_t x614, uint8_t x615 = addcarryx_u32(x612, x496, x572);
uint32_t x617, uint8_t x618 = addcarryx_u32(x615, x499, x575);
uint32_t x620, uint8_t x621 = addcarryx_u32(x618, x502, x578);
uint32_t x623, uint8_t x624 = addcarryx_u32(x621, x505, x581);
uint32_t x626, uint8_t x627 = addcarryx_u32(x624, x508, x584);
uint32_t x629, uint8_t x630 = addcarryx_u32(x627, x510, x587);
uint32_t x632, uint32_t _ = mulx_u32(x590, Const 3186588639);
uint32_t x635, uint32_t x636 = mulx_u32(x632, 0xffffffe1);
uint32_t x638, uint32_t x639 = mulx_u32(x632, 0xffffffff);
uint32_t x641, uint32_t x642 = mulx_u32(x632, 0xffffffff);
uint32_t x644, uint32_t x645 = mulx_u32(x632, 0xffffffff);
uint32_t x647, uint32_t x648 = mulx_u32(x632, 0xffffffff);
uint32_t x650, uint32_t x651 = mulx_u32(x632, 0xffffffff);
uint32_t x653, uint32_t x654 = mulx_u32(x632, 0xffffffff);
uint32_t x656, uint32_t x657 = mulx_u32(x632, 0xffffffff);
uint32_t x659, uint32_t x660 = mulx_u32(x632, 0xffffffff);
uint32_t x662, uint32_t x663 = mulx_u32(x632, 0xffffffff);
uint32_t x665, uint32_t x666 = mulx_u32(x632, 0xffffffff);
uint32_t x668, uint32_t x669 = mulx_u32(x632, 0xffffffff);
uint32_t x671, uint32_t x672 = mulx_u32(x632, 0x1ffff);
uint32_t x674, uint8_t x675 = addcarryx_u32(0x0, x636, x638);
uint32_t x677, uint8_t x678 = addcarryx_u32(x675, x639, x641);
uint32_t x680, uint8_t x681 = addcarryx_u32(x678, x642, x644);
uint32_t x683, uint8_t x684 = addcarryx_u32(x681, x645, x647);
uint32_t x686, uint8_t x687 = addcarryx_u32(x684, x648, x650);
uint32_t x689, uint8_t x690 = addcarryx_u32(x687, x651, x653);
uint32_t x692, uint8_t x693 = addcarryx_u32(x690, x654, x656);
uint32_t x695, uint8_t x696 = addcarryx_u32(x693, x657, x659);
uint32_t x698, uint8_t x699 = addcarryx_u32(x696, x660, x662);
uint32_t x701, uint8_t x702 = addcarryx_u32(x699, x663, x665);
uint32_t x704, uint8_t x705 = addcarryx_u32(x702, x666, x668);
uint32_t x707, uint8_t x708 = addcarryx_u32(x705, x669, x671);
uint32_t x710, uint8_t _ = addcarryx_u32(0x0, x708, x672);
uint32_t _, uint8_t x714 = addcarryx_u32(0x0, x590, x635);
uint32_t x716, uint8_t x717 = addcarryx_u32(x714, x593, x674);
uint32_t x719, uint8_t x720 = addcarryx_u32(x717, x596, x677);
uint32_t x722, uint8_t x723 = addcarryx_u32(x720, x599, x680);
uint32_t x725, uint8_t x726 = addcarryx_u32(x723, x602, x683);
uint32_t x728, uint8_t x729 = addcarryx_u32(x726, x605, x686);
uint32_t x731, uint8_t x732 = addcarryx_u32(x729, x608, x689);
uint32_t x734, uint8_t x735 = addcarryx_u32(x732, x611, x692);
uint32_t x737, uint8_t x738 = addcarryx_u32(x735, x614, x695);
uint32_t x740, uint8_t x741 = addcarryx_u32(x738, x617, x698);
uint32_t x743, uint8_t x744 = addcarryx_u32(x741, x620, x701);
uint32_t x746, uint8_t x747 = addcarryx_u32(x744, x623, x704);
uint32_t x749, uint8_t x750 = addcarryx_u32(x747, x626, x707);
uint32_t x752, uint8_t x753 = addcarryx_u32(x750, x629, x710);
uint8_t x754 = (x753 + x630);
uint32_t x756, uint32_t x757 = mulx_u32(x9, x27);
uint32_t x759, uint32_t x760 = mulx_u32(x9, x29);
uint32_t x762, uint32_t x763 = mulx_u32(x9, x31);
uint32_t x765, uint32_t x766 = mulx_u32(x9, x33);
uint32_t x768, uint32_t x769 = mulx_u32(x9, x35);
uint32_t x771, uint32_t x772 = mulx_u32(x9, x37);
uint32_t x774, uint32_t x775 = mulx_u32(x9, x39);
uint32_t x777, uint32_t x778 = mulx_u32(x9, x41);
uint32_t x780, uint32_t x781 = mulx_u32(x9, x43);
uint32_t x783, uint32_t x784 = mulx_u32(x9, x45);
uint32_t x786, uint32_t x787 = mulx_u32(x9, x47);
uint32_t x789, uint32_t x790 = mulx_u32(x9, x49);
uint32_t x792, uint32_t x793 = mulx_u32(x9, x48);
uint32_t x795, uint8_t x796 = addcarryx_u32(0x0, x757, x759);
uint32_t x798, uint8_t x799 = addcarryx_u32(x796, x760, x762);
uint32_t x801, uint8_t x802 = addcarryx_u32(x799, x763, x765);
uint32_t x804, uint8_t x805 = addcarryx_u32(x802, x766, x768);
uint32_t x807, uint8_t x808 = addcarryx_u32(x805, x769, x771);
uint32_t x810, uint8_t x811 = addcarryx_u32(x808, x772, x774);
uint32_t x813, uint8_t x814 = addcarryx_u32(x811, x775, x777);
uint32_t x816, uint8_t x817 = addcarryx_u32(x814, x778, x780);
uint32_t x819, uint8_t x820 = addcarryx_u32(x817, x781, x783);
uint32_t x822, uint8_t x823 = addcarryx_u32(x820, x784, x786);
uint32_t x825, uint8_t x826 = addcarryx_u32(x823, x787, x789);
uint32_t x828, uint8_t x829 = addcarryx_u32(x826, x790, x792);
uint32_t x831, uint8_t _ = addcarryx_u32(0x0, x829, x793);
uint32_t x834, uint8_t x835 = addcarryx_u32(0x0, x716, x756);
uint32_t x837, uint8_t x838 = addcarryx_u32(x835, x719, x795);
uint32_t x840, uint8_t x841 = addcarryx_u32(x838, x722, x798);
uint32_t x843, uint8_t x844 = addcarryx_u32(x841, x725, x801);
uint32_t x846, uint8_t x847 = addcarryx_u32(x844, x728, x804);
uint32_t x849, uint8_t x850 = addcarryx_u32(x847, x731, x807);
uint32_t x852, uint8_t x853 = addcarryx_u32(x850, x734, x810);
uint32_t x855, uint8_t x856 = addcarryx_u32(x853, x737, x813);
uint32_t x858, uint8_t x859 = addcarryx_u32(x856, x740, x816);
uint32_t x861, uint8_t x862 = addcarryx_u32(x859, x743, x819);
uint32_t x864, uint8_t x865 = addcarryx_u32(x862, x746, x822);
uint32_t x867, uint8_t x868 = addcarryx_u32(x865, x749, x825);
uint32_t x870, uint8_t x871 = addcarryx_u32(x868, x752, x828);
uint32_t x873, uint8_t x874 = addcarryx_u32(x871, x754, x831);
uint32_t x876, uint32_t _ = mulx_u32(x834, Const 3186588639);
uint32_t x879, uint32_t x880 = mulx_u32(x876, 0xffffffe1);
uint32_t x882, uint32_t x883 = mulx_u32(x876, 0xffffffff);
uint32_t x885, uint32_t x886 = mulx_u32(x876, 0xffffffff);
uint32_t x888, uint32_t x889 = mulx_u32(x876, 0xffffffff);
uint32_t x891, uint32_t x892 = mulx_u32(x876, 0xffffffff);
uint32_t x894, uint32_t x895 = mulx_u32(x876, 0xffffffff);
uint32_t x897, uint32_t x898 = mulx_u32(x876, 0xffffffff);
uint32_t x900, uint32_t x901 = mulx_u32(x876, 0xffffffff);
uint32_t x903, uint32_t x904 = mulx_u32(x876, 0xffffffff);
uint32_t x906, uint32_t x907 = mulx_u32(x876, 0xffffffff);
uint32_t x909, uint32_t x910 = mulx_u32(x876, 0xffffffff);
uint32_t x912, uint32_t x913 = mulx_u32(x876, 0xffffffff);
uint32_t x915, uint32_t x916 = mulx_u32(x876, 0x1ffff);
uint32_t x918, uint8_t x919 = addcarryx_u32(0x0, x880, x882);
uint32_t x921, uint8_t x922 = addcarryx_u32(x919, x883, x885);
uint32_t x924, uint8_t x925 = addcarryx_u32(x922, x886, x888);
uint32_t x927, uint8_t x928 = addcarryx_u32(x925, x889, x891);
uint32_t x930, uint8_t x931 = addcarryx_u32(x928, x892, x894);
uint32_t x933, uint8_t x934 = addcarryx_u32(x931, x895, x897);
uint32_t x936, uint8_t x937 = addcarryx_u32(x934, x898, x900);
uint32_t x939, uint8_t x940 = addcarryx_u32(x937, x901, x903);
uint32_t x942, uint8_t x943 = addcarryx_u32(x940, x904, x906);
uint32_t x945, uint8_t x946 = addcarryx_u32(x943, x907, x909);
uint32_t x948, uint8_t x949 = addcarryx_u32(x946, x910, x912);
uint32_t x951, uint8_t x952 = addcarryx_u32(x949, x913, x915);
uint32_t x954, uint8_t _ = addcarryx_u32(0x0, x952, x916);
uint32_t _, uint8_t x958 = addcarryx_u32(0x0, x834, x879);
uint32_t x960, uint8_t x961 = addcarryx_u32(x958, x837, x918);
uint32_t x963, uint8_t x964 = addcarryx_u32(x961, x840, x921);
uint32_t x966, uint8_t x967 = addcarryx_u32(x964, x843, x924);
uint32_t x969, uint8_t x970 = addcarryx_u32(x967, x846, x927);
uint32_t x972, uint8_t x973 = addcarryx_u32(x970, x849, x930);
uint32_t x975, uint8_t x976 = addcarryx_u32(x973, x852, x933);
uint32_t x978, uint8_t x979 = addcarryx_u32(x976, x855, x936);
uint32_t x981, uint8_t x982 = addcarryx_u32(x979, x858, x939);
uint32_t x984, uint8_t x985 = addcarryx_u32(x982, x861, x942);
uint32_t x987, uint8_t x988 = addcarryx_u32(x985, x864, x945);
uint32_t x990, uint8_t x991 = addcarryx_u32(x988, x867, x948);
uint32_t x993, uint8_t x994 = addcarryx_u32(x991, x870, x951);
uint32_t x996, uint8_t x997 = addcarryx_u32(x994, x873, x954);
uint8_t x998 = (x997 + x874);
uint32_t x1000, uint32_t x1001 = mulx_u32(x11, x27);
uint32_t x1003, uint32_t x1004 = mulx_u32(x11, x29);
uint32_t x1006, uint32_t x1007 = mulx_u32(x11, x31);
uint32_t x1009, uint32_t x1010 = mulx_u32(x11, x33);
uint32_t x1012, uint32_t x1013 = mulx_u32(x11, x35);
uint32_t x1015, uint32_t x1016 = mulx_u32(x11, x37);
uint32_t x1018, uint32_t x1019 = mulx_u32(x11, x39);
uint32_t x1021, uint32_t x1022 = mulx_u32(x11, x41);
uint32_t x1024, uint32_t x1025 = mulx_u32(x11, x43);
uint32_t x1027, uint32_t x1028 = mulx_u32(x11, x45);
uint32_t x1030, uint32_t x1031 = mulx_u32(x11, x47);
uint32_t x1033, uint32_t x1034 = mulx_u32(x11, x49);
uint32_t x1036, uint32_t x1037 = mulx_u32(x11, x48);
uint32_t x1039, uint8_t x1040 = addcarryx_u32(0x0, x1001, x1003);
uint32_t x1042, uint8_t x1043 = addcarryx_u32(x1040, x1004, x1006);
uint32_t x1045, uint8_t x1046 = addcarryx_u32(x1043, x1007, x1009);
uint32_t x1048, uint8_t x1049 = addcarryx_u32(x1046, x1010, x1012);
uint32_t x1051, uint8_t x1052 = addcarryx_u32(x1049, x1013, x1015);
uint32_t x1054, uint8_t x1055 = addcarryx_u32(x1052, x1016, x1018);
uint32_t x1057, uint8_t x1058 = addcarryx_u32(x1055, x1019, x1021);
uint32_t x1060, uint8_t x1061 = addcarryx_u32(x1058, x1022, x1024);
uint32_t x1063, uint8_t x1064 = addcarryx_u32(x1061, x1025, x1027);
uint32_t x1066, uint8_t x1067 = addcarryx_u32(x1064, x1028, x1030);
uint32_t x1069, uint8_t x1070 = addcarryx_u32(x1067, x1031, x1033);
uint32_t x1072, uint8_t x1073 = addcarryx_u32(x1070, x1034, x1036);
uint32_t x1075, uint8_t _ = addcarryx_u32(0x0, x1073, x1037);
uint32_t x1078, uint8_t x1079 = addcarryx_u32(0x0, x960, x1000);
uint32_t x1081, uint8_t x1082 = addcarryx_u32(x1079, x963, x1039);
uint32_t x1084, uint8_t x1085 = addcarryx_u32(x1082, x966, x1042);
uint32_t x1087, uint8_t x1088 = addcarryx_u32(x1085, x969, x1045);
uint32_t x1090, uint8_t x1091 = addcarryx_u32(x1088, x972, x1048);
uint32_t x1093, uint8_t x1094 = addcarryx_u32(x1091, x975, x1051);
uint32_t x1096, uint8_t x1097 = addcarryx_u32(x1094, x978, x1054);
uint32_t x1099, uint8_t x1100 = addcarryx_u32(x1097, x981, x1057);
uint32_t x1102, uint8_t x1103 = addcarryx_u32(x1100, x984, x1060);
uint32_t x1105, uint8_t x1106 = addcarryx_u32(x1103, x987, x1063);
uint32_t x1108, uint8_t x1109 = addcarryx_u32(x1106, x990, x1066);
uint32_t x1111, uint8_t x1112 = addcarryx_u32(x1109, x993, x1069);
uint32_t x1114, uint8_t x1115 = addcarryx_u32(x1112, x996, x1072);
uint32_t x1117, uint8_t x1118 = addcarryx_u32(x1115, x998, x1075);
uint32_t x1120, uint32_t _ = mulx_u32(x1078, Const 3186588639);
uint32_t x1123, uint32_t x1124 = mulx_u32(x1120, 0xffffffe1);
uint32_t x1126, uint32_t x1127 = mulx_u32(x1120, 0xffffffff);
uint32_t x1129, uint32_t x1130 = mulx_u32(x1120, 0xffffffff);
uint32_t x1132, uint32_t x1133 = mulx_u32(x1120, 0xffffffff);
uint32_t x1135, uint32_t x1136 = mulx_u32(x1120, 0xffffffff);
uint32_t x1138, uint32_t x1139 = mulx_u32(x1120, 0xffffffff);
uint32_t x1141, uint32_t x1142 = mulx_u32(x1120, 0xffffffff);
uint32_t x1144, uint32_t x1145 = mulx_u32(x1120, 0xffffffff);
uint32_t x1147, uint32_t x1148 = mulx_u32(x1120, 0xffffffff);
uint32_t x1150, uint32_t x1151 = mulx_u32(x1120, 0xffffffff);
uint32_t x1153, uint32_t x1154 = mulx_u32(x1120, 0xffffffff);
uint32_t x1156, uint32_t x1157 = mulx_u32(x1120, 0xffffffff);
uint32_t x1159, uint32_t x1160 = mulx_u32(x1120, 0x1ffff);
uint32_t x1162, uint8_t x1163 = addcarryx_u32(0x0, x1124, x1126);
uint32_t x1165, uint8_t x1166 = addcarryx_u32(x1163, x1127, x1129);
uint32_t x1168, uint8_t x1169 = addcarryx_u32(x1166, x1130, x1132);
uint32_t x1171, uint8_t x1172 = addcarryx_u32(x1169, x1133, x1135);
uint32_t x1174, uint8_t x1175 = addcarryx_u32(x1172, x1136, x1138);
uint32_t x1177, uint8_t x1178 = addcarryx_u32(x1175, x1139, x1141);
uint32_t x1180, uint8_t x1181 = addcarryx_u32(x1178, x1142, x1144);
uint32_t x1183, uint8_t x1184 = addcarryx_u32(x1181, x1145, x1147);
uint32_t x1186, uint8_t x1187 = addcarryx_u32(x1184, x1148, x1150);
uint32_t x1189, uint8_t x1190 = addcarryx_u32(x1187, x1151, x1153);
uint32_t x1192, uint8_t x1193 = addcarryx_u32(x1190, x1154, x1156);
uint32_t x1195, uint8_t x1196 = addcarryx_u32(x1193, x1157, x1159);
uint32_t x1198, uint8_t _ = addcarryx_u32(0x0, x1196, x1160);
uint32_t _, uint8_t x1202 = addcarryx_u32(0x0, x1078, x1123);
uint32_t x1204, uint8_t x1205 = addcarryx_u32(x1202, x1081, x1162);
uint32_t x1207, uint8_t x1208 = addcarryx_u32(x1205, x1084, x1165);
uint32_t x1210, uint8_t x1211 = addcarryx_u32(x1208, x1087, x1168);
uint32_t x1213, uint8_t x1214 = addcarryx_u32(x1211, x1090, x1171);
uint32_t x1216, uint8_t x1217 = addcarryx_u32(x1214, x1093, x1174);
uint32_t x1219, uint8_t x1220 = addcarryx_u32(x1217, x1096, x1177);
uint32_t x1222, uint8_t x1223 = addcarryx_u32(x1220, x1099, x1180);
uint32_t x1225, uint8_t x1226 = addcarryx_u32(x1223, x1102, x1183);
uint32_t x1228, uint8_t x1229 = addcarryx_u32(x1226, x1105, x1186);
uint32_t x1231, uint8_t x1232 = addcarryx_u32(x1229, x1108, x1189);
uint32_t x1234, uint8_t x1235 = addcarryx_u32(x1232, x1111, x1192);
uint32_t x1237, uint8_t x1238 = addcarryx_u32(x1235, x1114, x1195);
uint32_t x1240, uint8_t x1241 = addcarryx_u32(x1238, x1117, x1198);
uint8_t x1242 = (x1241 + x1118);
uint32_t x1244, uint32_t x1245 = mulx_u32(x13, x27);
uint32_t x1247, uint32_t x1248 = mulx_u32(x13, x29);
uint32_t x1250, uint32_t x1251 = mulx_u32(x13, x31);
uint32_t x1253, uint32_t x1254 = mulx_u32(x13, x33);
uint32_t x1256, uint32_t x1257 = mulx_u32(x13, x35);
uint32_t x1259, uint32_t x1260 = mulx_u32(x13, x37);
uint32_t x1262, uint32_t x1263 = mulx_u32(x13, x39);
uint32_t x1265, uint32_t x1266 = mulx_u32(x13, x41);
uint32_t x1268, uint32_t x1269 = mulx_u32(x13, x43);
uint32_t x1271, uint32_t x1272 = mulx_u32(x13, x45);
uint32_t x1274, uint32_t x1275 = mulx_u32(x13, x47);
uint32_t x1277, uint32_t x1278 = mulx_u32(x13, x49);
uint32_t x1280, uint32_t x1281 = mulx_u32(x13, x48);
uint32_t x1283, uint8_t x1284 = addcarryx_u32(0x0, x1245, x1247);
uint32_t x1286, uint8_t x1287 = addcarryx_u32(x1284, x1248, x1250);
uint32_t x1289, uint8_t x1290 = addcarryx_u32(x1287, x1251, x1253);
uint32_t x1292, uint8_t x1293 = addcarryx_u32(x1290, x1254, x1256);
uint32_t x1295, uint8_t x1296 = addcarryx_u32(x1293, x1257, x1259);
uint32_t x1298, uint8_t x1299 = addcarryx_u32(x1296, x1260, x1262);
uint32_t x1301, uint8_t x1302 = addcarryx_u32(x1299, x1263, x1265);
uint32_t x1304, uint8_t x1305 = addcarryx_u32(x1302, x1266, x1268);
uint32_t x1307, uint8_t x1308 = addcarryx_u32(x1305, x1269, x1271);
uint32_t x1310, uint8_t x1311 = addcarryx_u32(x1308, x1272, x1274);
uint32_t x1313, uint8_t x1314 = addcarryx_u32(x1311, x1275, x1277);
uint32_t x1316, uint8_t x1317 = addcarryx_u32(x1314, x1278, x1280);
uint32_t x1319, uint8_t _ = addcarryx_u32(0x0, x1317, x1281);
uint32_t x1322, uint8_t x1323 = addcarryx_u32(0x0, x1204, x1244);
uint32_t x1325, uint8_t x1326 = addcarryx_u32(x1323, x1207, x1283);
uint32_t x1328, uint8_t x1329 = addcarryx_u32(x1326, x1210, x1286);
uint32_t x1331, uint8_t x1332 = addcarryx_u32(x1329, x1213, x1289);
uint32_t x1334, uint8_t x1335 = addcarryx_u32(x1332, x1216, x1292);
uint32_t x1337, uint8_t x1338 = addcarryx_u32(x1335, x1219, x1295);
uint32_t x1340, uint8_t x1341 = addcarryx_u32(x1338, x1222, x1298);
uint32_t x1343, uint8_t x1344 = addcarryx_u32(x1341, x1225, x1301);
uint32_t x1346, uint8_t x1347 = addcarryx_u32(x1344, x1228, x1304);
uint32_t x1349, uint8_t x1350 = addcarryx_u32(x1347, x1231, x1307);
uint32_t x1352, uint8_t x1353 = addcarryx_u32(x1350, x1234, x1310);
uint32_t x1355, uint8_t x1356 = addcarryx_u32(x1353, x1237, x1313);
uint32_t x1358, uint8_t x1359 = addcarryx_u32(x1356, x1240, x1316);
uint32_t x1361, uint8_t x1362 = addcarryx_u32(x1359, x1242, x1319);
uint32_t x1364, uint32_t _ = mulx_u32(x1322, Const 3186588639);
uint32_t x1367, uint32_t x1368 = mulx_u32(x1364, 0xffffffe1);
uint32_t x1370, uint32_t x1371 = mulx_u32(x1364, 0xffffffff);
uint32_t x1373, uint32_t x1374 = mulx_u32(x1364, 0xffffffff);
uint32_t x1376, uint32_t x1377 = mulx_u32(x1364, 0xffffffff);
uint32_t x1379, uint32_t x1380 = mulx_u32(x1364, 0xffffffff);
uint32_t x1382, uint32_t x1383 = mulx_u32(x1364, 0xffffffff);
uint32_t x1385, uint32_t x1386 = mulx_u32(x1364, 0xffffffff);
uint32_t x1388, uint32_t x1389 = mulx_u32(x1364, 0xffffffff);
uint32_t x1391, uint32_t x1392 = mulx_u32(x1364, 0xffffffff);
uint32_t x1394, uint32_t x1395 = mulx_u32(x1364, 0xffffffff);
uint32_t x1397, uint32_t x1398 = mulx_u32(x1364, 0xffffffff);
uint32_t x1400, uint32_t x1401 = mulx_u32(x1364, 0xffffffff);
uint32_t x1403, uint32_t x1404 = mulx_u32(x1364, 0x1ffff);
uint32_t x1406, uint8_t x1407 = addcarryx_u32(0x0, x1368, x1370);
uint32_t x1409, uint8_t x1410 = addcarryx_u32(x1407, x1371, x1373);
uint32_t x1412, uint8_t x1413 = addcarryx_u32(x1410, x1374, x1376);
uint32_t x1415, uint8_t x1416 = addcarryx_u32(x1413, x1377, x1379);
uint32_t x1418, uint8_t x1419 = addcarryx_u32(x1416, x1380, x1382);
uint32_t x1421, uint8_t x1422 = addcarryx_u32(x1419, x1383, x1385);
uint32_t x1424, uint8_t x1425 = addcarryx_u32(x1422, x1386, x1388);
uint32_t x1427, uint8_t x1428 = addcarryx_u32(x1425, x1389, x1391);
uint32_t x1430, uint8_t x1431 = addcarryx_u32(x1428, x1392, x1394);
uint32_t x1433, uint8_t x1434 = addcarryx_u32(x1431, x1395, x1397);
uint32_t x1436, uint8_t x1437 = addcarryx_u32(x1434, x1398, x1400);
uint32_t x1439, uint8_t x1440 = addcarryx_u32(x1437, x1401, x1403);
uint32_t x1442, uint8_t _ = addcarryx_u32(0x0, x1440, x1404);
uint32_t _, uint8_t x1446 = addcarryx_u32(0x0, x1322, x1367);
uint32_t x1448, uint8_t x1449 = addcarryx_u32(x1446, x1325, x1406);
uint32_t x1451, uint8_t x1452 = addcarryx_u32(x1449, x1328, x1409);
uint32_t x1454, uint8_t x1455 = addcarryx_u32(x1452, x1331, x1412);
uint32_t x1457, uint8_t x1458 = addcarryx_u32(x1455, x1334, x1415);
uint32_t x1460, uint8_t x1461 = addcarryx_u32(x1458, x1337, x1418);
uint32_t x1463, uint8_t x1464 = addcarryx_u32(x1461, x1340, x1421);
uint32_t x1466, uint8_t x1467 = addcarryx_u32(x1464, x1343, x1424);
uint32_t x1469, uint8_t x1470 = addcarryx_u32(x1467, x1346, x1427);
uint32_t x1472, uint8_t x1473 = addcarryx_u32(x1470, x1349, x1430);
uint32_t x1475, uint8_t x1476 = addcarryx_u32(x1473, x1352, x1433);
uint32_t x1478, uint8_t x1479 = addcarryx_u32(x1476, x1355, x1436);
uint32_t x1481, uint8_t x1482 = addcarryx_u32(x1479, x1358, x1439);
uint32_t x1484, uint8_t x1485 = addcarryx_u32(x1482, x1361, x1442);
uint8_t x1486 = (x1485 + x1362);
uint32_t x1488, uint32_t x1489 = mulx_u32(x15, x27);
uint32_t x1491, uint32_t x1492 = mulx_u32(x15, x29);
uint32_t x1494, uint32_t x1495 = mulx_u32(x15, x31);
uint32_t x1497, uint32_t x1498 = mulx_u32(x15, x33);
uint32_t x1500, uint32_t x1501 = mulx_u32(x15, x35);
uint32_t x1503, uint32_t x1504 = mulx_u32(x15, x37);
uint32_t x1506, uint32_t x1507 = mulx_u32(x15, x39);
uint32_t x1509, uint32_t x1510 = mulx_u32(x15, x41);
uint32_t x1512, uint32_t x1513 = mulx_u32(x15, x43);
uint32_t x1515, uint32_t x1516 = mulx_u32(x15, x45);
uint32_t x1518, uint32_t x1519 = mulx_u32(x15, x47);
uint32_t x1521, uint32_t x1522 = mulx_u32(x15, x49);
uint32_t x1524, uint32_t x1525 = mulx_u32(x15, x48);
uint32_t x1527, uint8_t x1528 = addcarryx_u32(0x0, x1489, x1491);
uint32_t x1530, uint8_t x1531 = addcarryx_u32(x1528, x1492, x1494);
uint32_t x1533, uint8_t x1534 = addcarryx_u32(x1531, x1495, x1497);
uint32_t x1536, uint8_t x1537 = addcarryx_u32(x1534, x1498, x1500);
uint32_t x1539, uint8_t x1540 = addcarryx_u32(x1537, x1501, x1503);
uint32_t x1542, uint8_t x1543 = addcarryx_u32(x1540, x1504, x1506);
uint32_t x1545, uint8_t x1546 = addcarryx_u32(x1543, x1507, x1509);
uint32_t x1548, uint8_t x1549 = addcarryx_u32(x1546, x1510, x1512);
uint32_t x1551, uint8_t x1552 = addcarryx_u32(x1549, x1513, x1515);
uint32_t x1554, uint8_t x1555 = addcarryx_u32(x1552, x1516, x1518);
uint32_t x1557, uint8_t x1558 = addcarryx_u32(x1555, x1519, x1521);
uint32_t x1560, uint8_t x1561 = addcarryx_u32(x1558, x1522, x1524);
uint32_t x1563, uint8_t _ = addcarryx_u32(0x0, x1561, x1525);
uint32_t x1566, uint8_t x1567 = addcarryx_u32(0x0, x1448, x1488);
uint32_t x1569, uint8_t x1570 = addcarryx_u32(x1567, x1451, x1527);
uint32_t x1572, uint8_t x1573 = addcarryx_u32(x1570, x1454, x1530);
uint32_t x1575, uint8_t x1576 = addcarryx_u32(x1573, x1457, x1533);
uint32_t x1578, uint8_t x1579 = addcarryx_u32(x1576, x1460, x1536);
uint32_t x1581, uint8_t x1582 = addcarryx_u32(x1579, x1463, x1539);
uint32_t x1584, uint8_t x1585 = addcarryx_u32(x1582, x1466, x1542);
uint32_t x1587, uint8_t x1588 = addcarryx_u32(x1585, x1469, x1545);
uint32_t x1590, uint8_t x1591 = addcarryx_u32(x1588, x1472, x1548);
uint32_t x1593, uint8_t x1594 = addcarryx_u32(x1591, x1475, x1551);
uint32_t x1596, uint8_t x1597 = addcarryx_u32(x1594, x1478, x1554);
uint32_t x1599, uint8_t x1600 = addcarryx_u32(x1597, x1481, x1557);
uint32_t x1602, uint8_t x1603 = addcarryx_u32(x1600, x1484, x1560);
uint32_t x1605, uint8_t x1606 = addcarryx_u32(x1603, x1486, x1563);
uint32_t x1608, uint32_t _ = mulx_u32(x1566, Const 3186588639);
uint32_t x1611, uint32_t x1612 = mulx_u32(x1608, 0xffffffe1);
uint32_t x1614, uint32_t x1615 = mulx_u32(x1608, 0xffffffff);
uint32_t x1617, uint32_t x1618 = mulx_u32(x1608, 0xffffffff);
uint32_t x1620, uint32_t x1621 = mulx_u32(x1608, 0xffffffff);
uint32_t x1623, uint32_t x1624 = mulx_u32(x1608, 0xffffffff);
uint32_t x1626, uint32_t x1627 = mulx_u32(x1608, 0xffffffff);
uint32_t x1629, uint32_t x1630 = mulx_u32(x1608, 0xffffffff);
uint32_t x1632, uint32_t x1633 = mulx_u32(x1608, 0xffffffff);
uint32_t x1635, uint32_t x1636 = mulx_u32(x1608, 0xffffffff);
uint32_t x1638, uint32_t x1639 = mulx_u32(x1608, 0xffffffff);
uint32_t x1641, uint32_t x1642 = mulx_u32(x1608, 0xffffffff);
uint32_t x1644, uint32_t x1645 = mulx_u32(x1608, 0xffffffff);
uint32_t x1647, uint32_t x1648 = mulx_u32(x1608, 0x1ffff);
uint32_t x1650, uint8_t x1651 = addcarryx_u32(0x0, x1612, x1614);
uint32_t x1653, uint8_t x1654 = addcarryx_u32(x1651, x1615, x1617);
uint32_t x1656, uint8_t x1657 = addcarryx_u32(x1654, x1618, x1620);
uint32_t x1659, uint8_t x1660 = addcarryx_u32(x1657, x1621, x1623);
uint32_t x1662, uint8_t x1663 = addcarryx_u32(x1660, x1624, x1626);
uint32_t x1665, uint8_t x1666 = addcarryx_u32(x1663, x1627, x1629);
uint32_t x1668, uint8_t x1669 = addcarryx_u32(x1666, x1630, x1632);
uint32_t x1671, uint8_t x1672 = addcarryx_u32(x1669, x1633, x1635);
uint32_t x1674, uint8_t x1675 = addcarryx_u32(x1672, x1636, x1638);
uint32_t x1677, uint8_t x1678 = addcarryx_u32(x1675, x1639, x1641);
uint32_t x1680, uint8_t x1681 = addcarryx_u32(x1678, x1642, x1644);
uint32_t x1683, uint8_t x1684 = addcarryx_u32(x1681, x1645, x1647);
uint32_t x1686, uint8_t _ = addcarryx_u32(0x0, x1684, x1648);
uint32_t _, uint8_t x1690 = addcarryx_u32(0x0, x1566, x1611);
uint32_t x1692, uint8_t x1693 = addcarryx_u32(x1690, x1569, x1650);
uint32_t x1695, uint8_t x1696 = addcarryx_u32(x1693, x1572, x1653);
uint32_t x1698, uint8_t x1699 = addcarryx_u32(x1696, x1575, x1656);
uint32_t x1701, uint8_t x1702 = addcarryx_u32(x1699, x1578, x1659);
uint32_t x1704, uint8_t x1705 = addcarryx_u32(x1702, x1581, x1662);
uint32_t x1707, uint8_t x1708 = addcarryx_u32(x1705, x1584, x1665);
uint32_t x1710, uint8_t x1711 = addcarryx_u32(x1708, x1587, x1668);
uint32_t x1713, uint8_t x1714 = addcarryx_u32(x1711, x1590, x1671);
uint32_t x1716, uint8_t x1717 = addcarryx_u32(x1714, x1593, x1674);
uint32_t x1719, uint8_t x1720 = addcarryx_u32(x1717, x1596, x1677);
uint32_t x1722, uint8_t x1723 = addcarryx_u32(x1720, x1599, x1680);
uint32_t x1725, uint8_t x1726 = addcarryx_u32(x1723, x1602, x1683);
uint32_t x1728, uint8_t x1729 = addcarryx_u32(x1726, x1605, x1686);
uint8_t x1730 = (x1729 + x1606);
uint32_t x1732, uint32_t x1733 = mulx_u32(x17, x27);
uint32_t x1735, uint32_t x1736 = mulx_u32(x17, x29);
uint32_t x1738, uint32_t x1739 = mulx_u32(x17, x31);
uint32_t x1741, uint32_t x1742 = mulx_u32(x17, x33);
uint32_t x1744, uint32_t x1745 = mulx_u32(x17, x35);
uint32_t x1747, uint32_t x1748 = mulx_u32(x17, x37);
uint32_t x1750, uint32_t x1751 = mulx_u32(x17, x39);
uint32_t x1753, uint32_t x1754 = mulx_u32(x17, x41);
uint32_t x1756, uint32_t x1757 = mulx_u32(x17, x43);
uint32_t x1759, uint32_t x1760 = mulx_u32(x17, x45);
uint32_t x1762, uint32_t x1763 = mulx_u32(x17, x47);
uint32_t x1765, uint32_t x1766 = mulx_u32(x17, x49);
uint32_t x1768, uint32_t x1769 = mulx_u32(x17, x48);
uint32_t x1771, uint8_t x1772 = addcarryx_u32(0x0, x1733, x1735);
uint32_t x1774, uint8_t x1775 = addcarryx_u32(x1772, x1736, x1738);
uint32_t x1777, uint8_t x1778 = addcarryx_u32(x1775, x1739, x1741);
uint32_t x1780, uint8_t x1781 = addcarryx_u32(x1778, x1742, x1744);
uint32_t x1783, uint8_t x1784 = addcarryx_u32(x1781, x1745, x1747);
uint32_t x1786, uint8_t x1787 = addcarryx_u32(x1784, x1748, x1750);
uint32_t x1789, uint8_t x1790 = addcarryx_u32(x1787, x1751, x1753);
uint32_t x1792, uint8_t x1793 = addcarryx_u32(x1790, x1754, x1756);
uint32_t x1795, uint8_t x1796 = addcarryx_u32(x1793, x1757, x1759);
uint32_t x1798, uint8_t x1799 = addcarryx_u32(x1796, x1760, x1762);
uint32_t x1801, uint8_t x1802 = addcarryx_u32(x1799, x1763, x1765);
uint32_t x1804, uint8_t x1805 = addcarryx_u32(x1802, x1766, x1768);
uint32_t x1807, uint8_t _ = addcarryx_u32(0x0, x1805, x1769);
uint32_t x1810, uint8_t x1811 = addcarryx_u32(0x0, x1692, x1732);
uint32_t x1813, uint8_t x1814 = addcarryx_u32(x1811, x1695, x1771);
uint32_t x1816, uint8_t x1817 = addcarryx_u32(x1814, x1698, x1774);
uint32_t x1819, uint8_t x1820 = addcarryx_u32(x1817, x1701, x1777);
uint32_t x1822, uint8_t x1823 = addcarryx_u32(x1820, x1704, x1780);
uint32_t x1825, uint8_t x1826 = addcarryx_u32(x1823, x1707, x1783);
uint32_t x1828, uint8_t x1829 = addcarryx_u32(x1826, x1710, x1786);
uint32_t x1831, uint8_t x1832 = addcarryx_u32(x1829, x1713, x1789);
uint32_t x1834, uint8_t x1835 = addcarryx_u32(x1832, x1716, x1792);
uint32_t x1837, uint8_t x1838 = addcarryx_u32(x1835, x1719, x1795);
uint32_t x1840, uint8_t x1841 = addcarryx_u32(x1838, x1722, x1798);
uint32_t x1843, uint8_t x1844 = addcarryx_u32(x1841, x1725, x1801);
uint32_t x1846, uint8_t x1847 = addcarryx_u32(x1844, x1728, x1804);
uint32_t x1849, uint8_t x1850 = addcarryx_u32(x1847, x1730, x1807);
uint32_t x1852, uint32_t _ = mulx_u32(x1810, Const 3186588639);
uint32_t x1855, uint32_t x1856 = mulx_u32(x1852, 0xffffffe1);
uint32_t x1858, uint32_t x1859 = mulx_u32(x1852, 0xffffffff);
uint32_t x1861, uint32_t x1862 = mulx_u32(x1852, 0xffffffff);
uint32_t x1864, uint32_t x1865 = mulx_u32(x1852, 0xffffffff);
uint32_t x1867, uint32_t x1868 = mulx_u32(x1852, 0xffffffff);
uint32_t x1870, uint32_t x1871 = mulx_u32(x1852, 0xffffffff);
uint32_t x1873, uint32_t x1874 = mulx_u32(x1852, 0xffffffff);
uint32_t x1876, uint32_t x1877 = mulx_u32(x1852, 0xffffffff);
uint32_t x1879, uint32_t x1880 = mulx_u32(x1852, 0xffffffff);
uint32_t x1882, uint32_t x1883 = mulx_u32(x1852, 0xffffffff);
uint32_t x1885, uint32_t x1886 = mulx_u32(x1852, 0xffffffff);
uint32_t x1888, uint32_t x1889 = mulx_u32(x1852, 0xffffffff);
uint32_t x1891, uint32_t x1892 = mulx_u32(x1852, 0x1ffff);
uint32_t x1894, uint8_t x1895 = addcarryx_u32(0x0, x1856, x1858);
uint32_t x1897, uint8_t x1898 = addcarryx_u32(x1895, x1859, x1861);
uint32_t x1900, uint8_t x1901 = addcarryx_u32(x1898, x1862, x1864);
uint32_t x1903, uint8_t x1904 = addcarryx_u32(x1901, x1865, x1867);
uint32_t x1906, uint8_t x1907 = addcarryx_u32(x1904, x1868, x1870);
uint32_t x1909, uint8_t x1910 = addcarryx_u32(x1907, x1871, x1873);
uint32_t x1912, uint8_t x1913 = addcarryx_u32(x1910, x1874, x1876);
uint32_t x1915, uint8_t x1916 = addcarryx_u32(x1913, x1877, x1879);
uint32_t x1918, uint8_t x1919 = addcarryx_u32(x1916, x1880, x1882);
uint32_t x1921, uint8_t x1922 = addcarryx_u32(x1919, x1883, x1885);
uint32_t x1924, uint8_t x1925 = addcarryx_u32(x1922, x1886, x1888);
uint32_t x1927, uint8_t x1928 = addcarryx_u32(x1925, x1889, x1891);
uint32_t x1930, uint8_t _ = addcarryx_u32(0x0, x1928, x1892);
uint32_t _, uint8_t x1934 = addcarryx_u32(0x0, x1810, x1855);
uint32_t x1936, uint8_t x1937 = addcarryx_u32(x1934, x1813, x1894);
uint32_t x1939, uint8_t x1940 = addcarryx_u32(x1937, x1816, x1897);
uint32_t x1942, uint8_t x1943 = addcarryx_u32(x1940, x1819, x1900);
uint32_t x1945, uint8_t x1946 = addcarryx_u32(x1943, x1822, x1903);
uint32_t x1948, uint8_t x1949 = addcarryx_u32(x1946, x1825, x1906);
uint32_t x1951, uint8_t x1952 = addcarryx_u32(x1949, x1828, x1909);
uint32_t x1954, uint8_t x1955 = addcarryx_u32(x1952, x1831, x1912);
uint32_t x1957, uint8_t x1958 = addcarryx_u32(x1955, x1834, x1915);
uint32_t x1960, uint8_t x1961 = addcarryx_u32(x1958, x1837, x1918);
uint32_t x1963, uint8_t x1964 = addcarryx_u32(x1961, x1840, x1921);
uint32_t x1966, uint8_t x1967 = addcarryx_u32(x1964, x1843, x1924);
uint32_t x1969, uint8_t x1970 = addcarryx_u32(x1967, x1846, x1927);
uint32_t x1972, uint8_t x1973 = addcarryx_u32(x1970, x1849, x1930);
uint8_t x1974 = (x1973 + x1850);
uint32_t x1976, uint32_t x1977 = mulx_u32(x19, x27);
uint32_t x1979, uint32_t x1980 = mulx_u32(x19, x29);
uint32_t x1982, uint32_t x1983 = mulx_u32(x19, x31);
uint32_t x1985, uint32_t x1986 = mulx_u32(x19, x33);
uint32_t x1988, uint32_t x1989 = mulx_u32(x19, x35);
uint32_t x1991, uint32_t x1992 = mulx_u32(x19, x37);
uint32_t x1994, uint32_t x1995 = mulx_u32(x19, x39);
uint32_t x1997, uint32_t x1998 = mulx_u32(x19, x41);
uint32_t x2000, uint32_t x2001 = mulx_u32(x19, x43);
uint32_t x2003, uint32_t x2004 = mulx_u32(x19, x45);
uint32_t x2006, uint32_t x2007 = mulx_u32(x19, x47);
uint32_t x2009, uint32_t x2010 = mulx_u32(x19, x49);
uint32_t x2012, uint32_t x2013 = mulx_u32(x19, x48);
uint32_t x2015, uint8_t x2016 = addcarryx_u32(0x0, x1977, x1979);
uint32_t x2018, uint8_t x2019 = addcarryx_u32(x2016, x1980, x1982);
uint32_t x2021, uint8_t x2022 = addcarryx_u32(x2019, x1983, x1985);
uint32_t x2024, uint8_t x2025 = addcarryx_u32(x2022, x1986, x1988);
uint32_t x2027, uint8_t x2028 = addcarryx_u32(x2025, x1989, x1991);
uint32_t x2030, uint8_t x2031 = addcarryx_u32(x2028, x1992, x1994);
uint32_t x2033, uint8_t x2034 = addcarryx_u32(x2031, x1995, x1997);
uint32_t x2036, uint8_t x2037 = addcarryx_u32(x2034, x1998, x2000);
uint32_t x2039, uint8_t x2040 = addcarryx_u32(x2037, x2001, x2003);
uint32_t x2042, uint8_t x2043 = addcarryx_u32(x2040, x2004, x2006);
uint32_t x2045, uint8_t x2046 = addcarryx_u32(x2043, x2007, x2009);
uint32_t x2048, uint8_t x2049 = addcarryx_u32(x2046, x2010, x2012);
uint32_t x2051, uint8_t _ = addcarryx_u32(0x0, x2049, x2013);
uint32_t x2054, uint8_t x2055 = addcarryx_u32(0x0, x1936, x1976);
uint32_t x2057, uint8_t x2058 = addcarryx_u32(x2055, x1939, x2015);
uint32_t x2060, uint8_t x2061 = addcarryx_u32(x2058, x1942, x2018);
uint32_t x2063, uint8_t x2064 = addcarryx_u32(x2061, x1945, x2021);
uint32_t x2066, uint8_t x2067 = addcarryx_u32(x2064, x1948, x2024);
uint32_t x2069, uint8_t x2070 = addcarryx_u32(x2067, x1951, x2027);
uint32_t x2072, uint8_t x2073 = addcarryx_u32(x2070, x1954, x2030);
uint32_t x2075, uint8_t x2076 = addcarryx_u32(x2073, x1957, x2033);
uint32_t x2078, uint8_t x2079 = addcarryx_u32(x2076, x1960, x2036);
uint32_t x2081, uint8_t x2082 = addcarryx_u32(x2079, x1963, x2039);
uint32_t x2084, uint8_t x2085 = addcarryx_u32(x2082, x1966, x2042);
uint32_t x2087, uint8_t x2088 = addcarryx_u32(x2085, x1969, x2045);
uint32_t x2090, uint8_t x2091 = addcarryx_u32(x2088, x1972, x2048);
uint32_t x2093, uint8_t x2094 = addcarryx_u32(x2091, x1974, x2051);
uint32_t x2096, uint32_t _ = mulx_u32(x2054, Const 3186588639);
uint32_t x2099, uint32_t x2100 = mulx_u32(x2096, 0xffffffe1);
uint32_t x2102, uint32_t x2103 = mulx_u32(x2096, 0xffffffff);
uint32_t x2105, uint32_t x2106 = mulx_u32(x2096, 0xffffffff);
uint32_t x2108, uint32_t x2109 = mulx_u32(x2096, 0xffffffff);
uint32_t x2111, uint32_t x2112 = mulx_u32(x2096, 0xffffffff);
uint32_t x2114, uint32_t x2115 = mulx_u32(x2096, 0xffffffff);
uint32_t x2117, uint32_t x2118 = mulx_u32(x2096, 0xffffffff);
uint32_t x2120, uint32_t x2121 = mulx_u32(x2096, 0xffffffff);
uint32_t x2123, uint32_t x2124 = mulx_u32(x2096, 0xffffffff);
uint32_t x2126, uint32_t x2127 = mulx_u32(x2096, 0xffffffff);
uint32_t x2129, uint32_t x2130 = mulx_u32(x2096, 0xffffffff);
uint32_t x2132, uint32_t x2133 = mulx_u32(x2096, 0xffffffff);
uint32_t x2135, uint32_t x2136 = mulx_u32(x2096, 0x1ffff);
uint32_t x2138, uint8_t x2139 = addcarryx_u32(0x0, x2100, x2102);
uint32_t x2141, uint8_t x2142 = addcarryx_u32(x2139, x2103, x2105);
uint32_t x2144, uint8_t x2145 = addcarryx_u32(x2142, x2106, x2108);
uint32_t x2147, uint8_t x2148 = addcarryx_u32(x2145, x2109, x2111);
uint32_t x2150, uint8_t x2151 = addcarryx_u32(x2148, x2112, x2114);
uint32_t x2153, uint8_t x2154 = addcarryx_u32(x2151, x2115, x2117);
uint32_t x2156, uint8_t x2157 = addcarryx_u32(x2154, x2118, x2120);
uint32_t x2159, uint8_t x2160 = addcarryx_u32(x2157, x2121, x2123);
uint32_t x2162, uint8_t x2163 = addcarryx_u32(x2160, x2124, x2126);
uint32_t x2165, uint8_t x2166 = addcarryx_u32(x2163, x2127, x2129);
uint32_t x2168, uint8_t x2169 = addcarryx_u32(x2166, x2130, x2132);
uint32_t x2171, uint8_t x2172 = addcarryx_u32(x2169, x2133, x2135);
uint32_t x2174, uint8_t _ = addcarryx_u32(0x0, x2172, x2136);
uint32_t _, uint8_t x2178 = addcarryx_u32(0x0, x2054, x2099);
uint32_t x2180, uint8_t x2181 = addcarryx_u32(x2178, x2057, x2138);
uint32_t x2183, uint8_t x2184 = addcarryx_u32(x2181, x2060, x2141);
uint32_t x2186, uint8_t x2187 = addcarryx_u32(x2184, x2063, x2144);
uint32_t x2189, uint8_t x2190 = addcarryx_u32(x2187, x2066, x2147);
uint32_t x2192, uint8_t x2193 = addcarryx_u32(x2190, x2069, x2150);
uint32_t x2195, uint8_t x2196 = addcarryx_u32(x2193, x2072, x2153);
uint32_t x2198, uint8_t x2199 = addcarryx_u32(x2196, x2075, x2156);
uint32_t x2201, uint8_t x2202 = addcarryx_u32(x2199, x2078, x2159);
uint32_t x2204, uint8_t x2205 = addcarryx_u32(x2202, x2081, x2162);
uint32_t x2207, uint8_t x2208 = addcarryx_u32(x2205, x2084, x2165);
uint32_t x2210, uint8_t x2211 = addcarryx_u32(x2208, x2087, x2168);
uint32_t x2213, uint8_t x2214 = addcarryx_u32(x2211, x2090, x2171);
uint32_t x2216, uint8_t x2217 = addcarryx_u32(x2214, x2093, x2174);
uint8_t x2218 = (x2217 + x2094);
uint32_t x2220, uint32_t x2221 = mulx_u32(x21, x27);
uint32_t x2223, uint32_t x2224 = mulx_u32(x21, x29);
uint32_t x2226, uint32_t x2227 = mulx_u32(x21, x31);
uint32_t x2229, uint32_t x2230 = mulx_u32(x21, x33);
uint32_t x2232, uint32_t x2233 = mulx_u32(x21, x35);
uint32_t x2235, uint32_t x2236 = mulx_u32(x21, x37);
uint32_t x2238, uint32_t x2239 = mulx_u32(x21, x39);
uint32_t x2241, uint32_t x2242 = mulx_u32(x21, x41);
uint32_t x2244, uint32_t x2245 = mulx_u32(x21, x43);
uint32_t x2247, uint32_t x2248 = mulx_u32(x21, x45);
uint32_t x2250, uint32_t x2251 = mulx_u32(x21, x47);
uint32_t x2253, uint32_t x2254 = mulx_u32(x21, x49);
uint32_t x2256, uint32_t x2257 = mulx_u32(x21, x48);
uint32_t x2259, uint8_t x2260 = addcarryx_u32(0x0, x2221, x2223);
uint32_t x2262, uint8_t x2263 = addcarryx_u32(x2260, x2224, x2226);
uint32_t x2265, uint8_t x2266 = addcarryx_u32(x2263, x2227, x2229);
uint32_t x2268, uint8_t x2269 = addcarryx_u32(x2266, x2230, x2232);
uint32_t x2271, uint8_t x2272 = addcarryx_u32(x2269, x2233, x2235);
uint32_t x2274, uint8_t x2275 = addcarryx_u32(x2272, x2236, x2238);
uint32_t x2277, uint8_t x2278 = addcarryx_u32(x2275, x2239, x2241);
uint32_t x2280, uint8_t x2281 = addcarryx_u32(x2278, x2242, x2244);
uint32_t x2283, uint8_t x2284 = addcarryx_u32(x2281, x2245, x2247);
uint32_t x2286, uint8_t x2287 = addcarryx_u32(x2284, x2248, x2250);
uint32_t x2289, uint8_t x2290 = addcarryx_u32(x2287, x2251, x2253);
uint32_t x2292, uint8_t x2293 = addcarryx_u32(x2290, x2254, x2256);
uint32_t x2295, uint8_t _ = addcarryx_u32(0x0, x2293, x2257);
uint32_t x2298, uint8_t x2299 = addcarryx_u32(0x0, x2180, x2220);
uint32_t x2301, uint8_t x2302 = addcarryx_u32(x2299, x2183, x2259);
uint32_t x2304, uint8_t x2305 = addcarryx_u32(x2302, x2186, x2262);
uint32_t x2307, uint8_t x2308 = addcarryx_u32(x2305, x2189, x2265);
uint32_t x2310, uint8_t x2311 = addcarryx_u32(x2308, x2192, x2268);
uint32_t x2313, uint8_t x2314 = addcarryx_u32(x2311, x2195, x2271);
uint32_t x2316, uint8_t x2317 = addcarryx_u32(x2314, x2198, x2274);
uint32_t x2319, uint8_t x2320 = addcarryx_u32(x2317, x2201, x2277);
uint32_t x2322, uint8_t x2323 = addcarryx_u32(x2320, x2204, x2280);
uint32_t x2325, uint8_t x2326 = addcarryx_u32(x2323, x2207, x2283);
uint32_t x2328, uint8_t x2329 = addcarryx_u32(x2326, x2210, x2286);
uint32_t x2331, uint8_t x2332 = addcarryx_u32(x2329, x2213, x2289);
uint32_t x2334, uint8_t x2335 = addcarryx_u32(x2332, x2216, x2292);
uint32_t x2337, uint8_t x2338 = addcarryx_u32(x2335, x2218, x2295);
uint32_t x2340, uint32_t _ = mulx_u32(x2298, Const 3186588639);
uint32_t x2343, uint32_t x2344 = mulx_u32(x2340, 0xffffffe1);
uint32_t x2346, uint32_t x2347 = mulx_u32(x2340, 0xffffffff);
uint32_t x2349, uint32_t x2350 = mulx_u32(x2340, 0xffffffff);
uint32_t x2352, uint32_t x2353 = mulx_u32(x2340, 0xffffffff);
uint32_t x2355, uint32_t x2356 = mulx_u32(x2340, 0xffffffff);
uint32_t x2358, uint32_t x2359 = mulx_u32(x2340, 0xffffffff);
uint32_t x2361, uint32_t x2362 = mulx_u32(x2340, 0xffffffff);
uint32_t x2364, uint32_t x2365 = mulx_u32(x2340, 0xffffffff);
uint32_t x2367, uint32_t x2368 = mulx_u32(x2340, 0xffffffff);
uint32_t x2370, uint32_t x2371 = mulx_u32(x2340, 0xffffffff);
uint32_t x2373, uint32_t x2374 = mulx_u32(x2340, 0xffffffff);
uint32_t x2376, uint32_t x2377 = mulx_u32(x2340, 0xffffffff);
uint32_t x2379, uint32_t x2380 = mulx_u32(x2340, 0x1ffff);
uint32_t x2382, uint8_t x2383 = addcarryx_u32(0x0, x2344, x2346);
uint32_t x2385, uint8_t x2386 = addcarryx_u32(x2383, x2347, x2349);
uint32_t x2388, uint8_t x2389 = addcarryx_u32(x2386, x2350, x2352);
uint32_t x2391, uint8_t x2392 = addcarryx_u32(x2389, x2353, x2355);
uint32_t x2394, uint8_t x2395 = addcarryx_u32(x2392, x2356, x2358);
uint32_t x2397, uint8_t x2398 = addcarryx_u32(x2395, x2359, x2361);
uint32_t x2400, uint8_t x2401 = addcarryx_u32(x2398, x2362, x2364);
uint32_t x2403, uint8_t x2404 = addcarryx_u32(x2401, x2365, x2367);
uint32_t x2406, uint8_t x2407 = addcarryx_u32(x2404, x2368, x2370);
uint32_t x2409, uint8_t x2410 = addcarryx_u32(x2407, x2371, x2373);
uint32_t x2412, uint8_t x2413 = addcarryx_u32(x2410, x2374, x2376);
uint32_t x2415, uint8_t x2416 = addcarryx_u32(x2413, x2377, x2379);
uint32_t x2418, uint8_t _ = addcarryx_u32(0x0, x2416, x2380);
uint32_t _, uint8_t x2422 = addcarryx_u32(0x0, x2298, x2343);
uint32_t x2424, uint8_t x2425 = addcarryx_u32(x2422, x2301, x2382);
uint32_t x2427, uint8_t x2428 = addcarryx_u32(x2425, x2304, x2385);
uint32_t x2430, uint8_t x2431 = addcarryx_u32(x2428, x2307, x2388);
uint32_t x2433, uint8_t x2434 = addcarryx_u32(x2431, x2310, x2391);
uint32_t x2436, uint8_t x2437 = addcarryx_u32(x2434, x2313, x2394);
uint32_t x2439, uint8_t x2440 = addcarryx_u32(x2437, x2316, x2397);
uint32_t x2442, uint8_t x2443 = addcarryx_u32(x2440, x2319, x2400);
uint32_t x2445, uint8_t x2446 = addcarryx_u32(x2443, x2322, x2403);
uint32_t x2448, uint8_t x2449 = addcarryx_u32(x2446, x2325, x2406);
uint32_t x2451, uint8_t x2452 = addcarryx_u32(x2449, x2328, x2409);
uint32_t x2454, uint8_t x2455 = addcarryx_u32(x2452, x2331, x2412);
uint32_t x2457, uint8_t x2458 = addcarryx_u32(x2455, x2334, x2415);
uint32_t x2460, uint8_t x2461 = addcarryx_u32(x2458, x2337, x2418);
uint8_t x2462 = (x2461 + x2338);
uint32_t x2464, uint32_t x2465 = mulx_u32(x23, x27);
uint32_t x2467, uint32_t x2468 = mulx_u32(x23, x29);
uint32_t x2470, uint32_t x2471 = mulx_u32(x23, x31);
uint32_t x2473, uint32_t x2474 = mulx_u32(x23, x33);
uint32_t x2476, uint32_t x2477 = mulx_u32(x23, x35);
uint32_t x2479, uint32_t x2480 = mulx_u32(x23, x37);
uint32_t x2482, uint32_t x2483 = mulx_u32(x23, x39);
uint32_t x2485, uint32_t x2486 = mulx_u32(x23, x41);
uint32_t x2488, uint32_t x2489 = mulx_u32(x23, x43);
uint32_t x2491, uint32_t x2492 = mulx_u32(x23, x45);
uint32_t x2494, uint32_t x2495 = mulx_u32(x23, x47);
uint32_t x2497, uint32_t x2498 = mulx_u32(x23, x49);
uint32_t x2500, uint32_t x2501 = mulx_u32(x23, x48);
uint32_t x2503, uint8_t x2504 = addcarryx_u32(0x0, x2465, x2467);
uint32_t x2506, uint8_t x2507 = addcarryx_u32(x2504, x2468, x2470);
uint32_t x2509, uint8_t x2510 = addcarryx_u32(x2507, x2471, x2473);
uint32_t x2512, uint8_t x2513 = addcarryx_u32(x2510, x2474, x2476);
uint32_t x2515, uint8_t x2516 = addcarryx_u32(x2513, x2477, x2479);
uint32_t x2518, uint8_t x2519 = addcarryx_u32(x2516, x2480, x2482);
uint32_t x2521, uint8_t x2522 = addcarryx_u32(x2519, x2483, x2485);
uint32_t x2524, uint8_t x2525 = addcarryx_u32(x2522, x2486, x2488);
uint32_t x2527, uint8_t x2528 = addcarryx_u32(x2525, x2489, x2491);
uint32_t x2530, uint8_t x2531 = addcarryx_u32(x2528, x2492, x2494);
uint32_t x2533, uint8_t x2534 = addcarryx_u32(x2531, x2495, x2497);
uint32_t x2536, uint8_t x2537 = addcarryx_u32(x2534, x2498, x2500);
uint32_t x2539, uint8_t _ = addcarryx_u32(0x0, x2537, x2501);
uint32_t x2542, uint8_t x2543 = addcarryx_u32(0x0, x2424, x2464);
uint32_t x2545, uint8_t x2546 = addcarryx_u32(x2543, x2427, x2503);
uint32_t x2548, uint8_t x2549 = addcarryx_u32(x2546, x2430, x2506);
uint32_t x2551, uint8_t x2552 = addcarryx_u32(x2549, x2433, x2509);
uint32_t x2554, uint8_t x2555 = addcarryx_u32(x2552, x2436, x2512);
uint32_t x2557, uint8_t x2558 = addcarryx_u32(x2555, x2439, x2515);
uint32_t x2560, uint8_t x2561 = addcarryx_u32(x2558, x2442, x2518);
uint32_t x2563, uint8_t x2564 = addcarryx_u32(x2561, x2445, x2521);
uint32_t x2566, uint8_t x2567 = addcarryx_u32(x2564, x2448, x2524);
uint32_t x2569, uint8_t x2570 = addcarryx_u32(x2567, x2451, x2527);
uint32_t x2572, uint8_t x2573 = addcarryx_u32(x2570, x2454, x2530);
uint32_t x2575, uint8_t x2576 = addcarryx_u32(x2573, x2457, x2533);
uint32_t x2578, uint8_t x2579 = addcarryx_u32(x2576, x2460, x2536);
uint32_t x2581, uint8_t x2582 = addcarryx_u32(x2579, x2462, x2539);
uint32_t x2584, uint32_t _ = mulx_u32(x2542, Const 3186588639);
uint32_t x2587, uint32_t x2588 = mulx_u32(x2584, 0xffffffe1);
uint32_t x2590, uint32_t x2591 = mulx_u32(x2584, 0xffffffff);
uint32_t x2593, uint32_t x2594 = mulx_u32(x2584, 0xffffffff);
uint32_t x2596, uint32_t x2597 = mulx_u32(x2584, 0xffffffff);
uint32_t x2599, uint32_t x2600 = mulx_u32(x2584, 0xffffffff);
uint32_t x2602, uint32_t x2603 = mulx_u32(x2584, 0xffffffff);
uint32_t x2605, uint32_t x2606 = mulx_u32(x2584, 0xffffffff);
uint32_t x2608, uint32_t x2609 = mulx_u32(x2584, 0xffffffff);
uint32_t x2611, uint32_t x2612 = mulx_u32(x2584, 0xffffffff);
uint32_t x2614, uint32_t x2615 = mulx_u32(x2584, 0xffffffff);
uint32_t x2617, uint32_t x2618 = mulx_u32(x2584, 0xffffffff);
uint32_t x2620, uint32_t x2621 = mulx_u32(x2584, 0xffffffff);
uint32_t x2623, uint32_t x2624 = mulx_u32(x2584, 0x1ffff);
uint32_t x2626, uint8_t x2627 = addcarryx_u32(0x0, x2588, x2590);
uint32_t x2629, uint8_t x2630 = addcarryx_u32(x2627, x2591, x2593);
uint32_t x2632, uint8_t x2633 = addcarryx_u32(x2630, x2594, x2596);
uint32_t x2635, uint8_t x2636 = addcarryx_u32(x2633, x2597, x2599);
uint32_t x2638, uint8_t x2639 = addcarryx_u32(x2636, x2600, x2602);
uint32_t x2641, uint8_t x2642 = addcarryx_u32(x2639, x2603, x2605);
uint32_t x2644, uint8_t x2645 = addcarryx_u32(x2642, x2606, x2608);
uint32_t x2647, uint8_t x2648 = addcarryx_u32(x2645, x2609, x2611);
uint32_t x2650, uint8_t x2651 = addcarryx_u32(x2648, x2612, x2614);
uint32_t x2653, uint8_t x2654 = addcarryx_u32(x2651, x2615, x2617);
uint32_t x2656, uint8_t x2657 = addcarryx_u32(x2654, x2618, x2620);
uint32_t x2659, uint8_t x2660 = addcarryx_u32(x2657, x2621, x2623);
uint32_t x2662, uint8_t _ = addcarryx_u32(0x0, x2660, x2624);
uint32_t _, uint8_t x2666 = addcarryx_u32(0x0, x2542, x2587);
uint32_t x2668, uint8_t x2669 = addcarryx_u32(x2666, x2545, x2626);
uint32_t x2671, uint8_t x2672 = addcarryx_u32(x2669, x2548, x2629);
uint32_t x2674, uint8_t x2675 = addcarryx_u32(x2672, x2551, x2632);
uint32_t x2677, uint8_t x2678 = addcarryx_u32(x2675, x2554, x2635);
uint32_t x2680, uint8_t x2681 = addcarryx_u32(x2678, x2557, x2638);
uint32_t x2683, uint8_t x2684 = addcarryx_u32(x2681, x2560, x2641);
uint32_t x2686, uint8_t x2687 = addcarryx_u32(x2684, x2563, x2644);
uint32_t x2689, uint8_t x2690 = addcarryx_u32(x2687, x2566, x2647);
uint32_t x2692, uint8_t x2693 = addcarryx_u32(x2690, x2569, x2650);
uint32_t x2695, uint8_t x2696 = addcarryx_u32(x2693, x2572, x2653);
uint32_t x2698, uint8_t x2699 = addcarryx_u32(x2696, x2575, x2656);
uint32_t x2701, uint8_t x2702 = addcarryx_u32(x2699, x2578, x2659);
uint32_t x2704, uint8_t x2705 = addcarryx_u32(x2702, x2581, x2662);
uint8_t x2706 = (x2705 + x2582);
uint32_t x2708, uint32_t x2709 = mulx_u32(x25, x27);
uint32_t x2711, uint32_t x2712 = mulx_u32(x25, x29);
uint32_t x2714, uint32_t x2715 = mulx_u32(x25, x31);
uint32_t x2717, uint32_t x2718 = mulx_u32(x25, x33);
uint32_t x2720, uint32_t x2721 = mulx_u32(x25, x35);
uint32_t x2723, uint32_t x2724 = mulx_u32(x25, x37);
uint32_t x2726, uint32_t x2727 = mulx_u32(x25, x39);
uint32_t x2729, uint32_t x2730 = mulx_u32(x25, x41);
uint32_t x2732, uint32_t x2733 = mulx_u32(x25, x43);
uint32_t x2735, uint32_t x2736 = mulx_u32(x25, x45);
uint32_t x2738, uint32_t x2739 = mulx_u32(x25, x47);
uint32_t x2741, uint32_t x2742 = mulx_u32(x25, x49);
uint32_t x2744, uint32_t x2745 = mulx_u32(x25, x48);
uint32_t x2747, uint8_t x2748 = addcarryx_u32(0x0, x2709, x2711);
uint32_t x2750, uint8_t x2751 = addcarryx_u32(x2748, x2712, x2714);
uint32_t x2753, uint8_t x2754 = addcarryx_u32(x2751, x2715, x2717);
uint32_t x2756, uint8_t x2757 = addcarryx_u32(x2754, x2718, x2720);
uint32_t x2759, uint8_t x2760 = addcarryx_u32(x2757, x2721, x2723);
uint32_t x2762, uint8_t x2763 = addcarryx_u32(x2760, x2724, x2726);
uint32_t x2765, uint8_t x2766 = addcarryx_u32(x2763, x2727, x2729);
uint32_t x2768, uint8_t x2769 = addcarryx_u32(x2766, x2730, x2732);
uint32_t x2771, uint8_t x2772 = addcarryx_u32(x2769, x2733, x2735);
uint32_t x2774, uint8_t x2775 = addcarryx_u32(x2772, x2736, x2738);
uint32_t x2777, uint8_t x2778 = addcarryx_u32(x2775, x2739, x2741);
uint32_t x2780, uint8_t x2781 = addcarryx_u32(x2778, x2742, x2744);
uint32_t x2783, uint8_t _ = addcarryx_u32(0x0, x2781, x2745);
uint32_t x2786, uint8_t x2787 = addcarryx_u32(0x0, x2668, x2708);
uint32_t x2789, uint8_t x2790 = addcarryx_u32(x2787, x2671, x2747);
uint32_t x2792, uint8_t x2793 = addcarryx_u32(x2790, x2674, x2750);
uint32_t x2795, uint8_t x2796 = addcarryx_u32(x2793, x2677, x2753);
uint32_t x2798, uint8_t x2799 = addcarryx_u32(x2796, x2680, x2756);
uint32_t x2801, uint8_t x2802 = addcarryx_u32(x2799, x2683, x2759);
uint32_t x2804, uint8_t x2805 = addcarryx_u32(x2802, x2686, x2762);
uint32_t x2807, uint8_t x2808 = addcarryx_u32(x2805, x2689, x2765);
uint32_t x2810, uint8_t x2811 = addcarryx_u32(x2808, x2692, x2768);
uint32_t x2813, uint8_t x2814 = addcarryx_u32(x2811, x2695, x2771);
uint32_t x2816, uint8_t x2817 = addcarryx_u32(x2814, x2698, x2774);
uint32_t x2819, uint8_t x2820 = addcarryx_u32(x2817, x2701, x2777);
uint32_t x2822, uint8_t x2823 = addcarryx_u32(x2820, x2704, x2780);
uint32_t x2825, uint8_t x2826 = addcarryx_u32(x2823, x2706, x2783);
uint32_t x2828, uint32_t _ = mulx_u32(x2786, Const 3186588639);
uint32_t x2831, uint32_t x2832 = mulx_u32(x2828, 0xffffffe1);
uint32_t x2834, uint32_t x2835 = mulx_u32(x2828, 0xffffffff);
uint32_t x2837, uint32_t x2838 = mulx_u32(x2828, 0xffffffff);
uint32_t x2840, uint32_t x2841 = mulx_u32(x2828, 0xffffffff);
uint32_t x2843, uint32_t x2844 = mulx_u32(x2828, 0xffffffff);
uint32_t x2846, uint32_t x2847 = mulx_u32(x2828, 0xffffffff);
uint32_t x2849, uint32_t x2850 = mulx_u32(x2828, 0xffffffff);
uint32_t x2852, uint32_t x2853 = mulx_u32(x2828, 0xffffffff);
uint32_t x2855, uint32_t x2856 = mulx_u32(x2828, 0xffffffff);
uint32_t x2858, uint32_t x2859 = mulx_u32(x2828, 0xffffffff);
uint32_t x2861, uint32_t x2862 = mulx_u32(x2828, 0xffffffff);
uint32_t x2864, uint32_t x2865 = mulx_u32(x2828, 0xffffffff);
uint32_t x2867, uint32_t x2868 = mulx_u32(x2828, 0x1ffff);
uint32_t x2870, uint8_t x2871 = addcarryx_u32(0x0, x2832, x2834);
uint32_t x2873, uint8_t x2874 = addcarryx_u32(x2871, x2835, x2837);
uint32_t x2876, uint8_t x2877 = addcarryx_u32(x2874, x2838, x2840);
uint32_t x2879, uint8_t x2880 = addcarryx_u32(x2877, x2841, x2843);
uint32_t x2882, uint8_t x2883 = addcarryx_u32(x2880, x2844, x2846);
uint32_t x2885, uint8_t x2886 = addcarryx_u32(x2883, x2847, x2849);
uint32_t x2888, uint8_t x2889 = addcarryx_u32(x2886, x2850, x2852);
uint32_t x2891, uint8_t x2892 = addcarryx_u32(x2889, x2853, x2855);
uint32_t x2894, uint8_t x2895 = addcarryx_u32(x2892, x2856, x2858);
uint32_t x2897, uint8_t x2898 = addcarryx_u32(x2895, x2859, x2861);
uint32_t x2900, uint8_t x2901 = addcarryx_u32(x2898, x2862, x2864);
uint32_t x2903, uint8_t x2904 = addcarryx_u32(x2901, x2865, x2867);
uint32_t x2906, uint8_t _ = addcarryx_u32(0x0, x2904, x2868);
uint32_t _, uint8_t x2910 = addcarryx_u32(0x0, x2786, x2831);
uint32_t x2912, uint8_t x2913 = addcarryx_u32(x2910, x2789, x2870);
uint32_t x2915, uint8_t x2916 = addcarryx_u32(x2913, x2792, x2873);
uint32_t x2918, uint8_t x2919 = addcarryx_u32(x2916, x2795, x2876);
uint32_t x2921, uint8_t x2922 = addcarryx_u32(x2919, x2798, x2879);
uint32_t x2924, uint8_t x2925 = addcarryx_u32(x2922, x2801, x2882);
uint32_t x2927, uint8_t x2928 = addcarryx_u32(x2925, x2804, x2885);
uint32_t x2930, uint8_t x2931 = addcarryx_u32(x2928, x2807, x2888);
uint32_t x2933, uint8_t x2934 = addcarryx_u32(x2931, x2810, x2891);
uint32_t x2936, uint8_t x2937 = addcarryx_u32(x2934, x2813, x2894);
uint32_t x2939, uint8_t x2940 = addcarryx_u32(x2937, x2816, x2897);
uint32_t x2942, uint8_t x2943 = addcarryx_u32(x2940, x2819, x2900);
uint32_t x2945, uint8_t x2946 = addcarryx_u32(x2943, x2822, x2903);
uint32_t x2948, uint8_t x2949 = addcarryx_u32(x2946, x2825, x2906);
uint8_t x2950 = (x2949 + x2826);
uint32_t x2952, uint32_t x2953 = mulx_u32(x24, x27);
uint32_t x2955, uint32_t x2956 = mulx_u32(x24, x29);
uint32_t x2958, uint32_t x2959 = mulx_u32(x24, x31);
uint32_t x2961, uint32_t x2962 = mulx_u32(x24, x33);
uint32_t x2964, uint32_t x2965 = mulx_u32(x24, x35);
uint32_t x2967, uint32_t x2968 = mulx_u32(x24, x37);
uint32_t x2970, uint32_t x2971 = mulx_u32(x24, x39);
uint32_t x2973, uint32_t x2974 = mulx_u32(x24, x41);
uint32_t x2976, uint32_t x2977 = mulx_u32(x24, x43);
uint32_t x2979, uint32_t x2980 = mulx_u32(x24, x45);
uint32_t x2982, uint32_t x2983 = mulx_u32(x24, x47);
uint32_t x2985, uint32_t x2986 = mulx_u32(x24, x49);
uint32_t x2988, uint32_t x2989 = mulx_u32(x24, x48);
uint32_t x2991, uint8_t x2992 = addcarryx_u32(0x0, x2953, x2955);
uint32_t x2994, uint8_t x2995 = addcarryx_u32(x2992, x2956, x2958);
uint32_t x2997, uint8_t x2998 = addcarryx_u32(x2995, x2959, x2961);
uint32_t x3000, uint8_t x3001 = addcarryx_u32(x2998, x2962, x2964);
uint32_t x3003, uint8_t x3004 = addcarryx_u32(x3001, x2965, x2967);
uint32_t x3006, uint8_t x3007 = addcarryx_u32(x3004, x2968, x2970);
uint32_t x3009, uint8_t x3010 = addcarryx_u32(x3007, x2971, x2973);
uint32_t x3012, uint8_t x3013 = addcarryx_u32(x3010, x2974, x2976);
uint32_t x3015, uint8_t x3016 = addcarryx_u32(x3013, x2977, x2979);
uint32_t x3018, uint8_t x3019 = addcarryx_u32(x3016, x2980, x2982);
uint32_t x3021, uint8_t x3022 = addcarryx_u32(x3019, x2983, x2985);
uint32_t x3024, uint8_t x3025 = addcarryx_u32(x3022, x2986, x2988);
uint32_t x3027, uint8_t _ = addcarryx_u32(0x0, x3025, x2989);
uint32_t x3030, uint8_t x3031 = addcarryx_u32(0x0, x2912, x2952);
uint32_t x3033, uint8_t x3034 = addcarryx_u32(x3031, x2915, x2991);
uint32_t x3036, uint8_t x3037 = addcarryx_u32(x3034, x2918, x2994);
uint32_t x3039, uint8_t x3040 = addcarryx_u32(x3037, x2921, x2997);
uint32_t x3042, uint8_t x3043 = addcarryx_u32(x3040, x2924, x3000);
uint32_t x3045, uint8_t x3046 = addcarryx_u32(x3043, x2927, x3003);
uint32_t x3048, uint8_t x3049 = addcarryx_u32(x3046, x2930, x3006);
uint32_t x3051, uint8_t x3052 = addcarryx_u32(x3049, x2933, x3009);
uint32_t x3054, uint8_t x3055 = addcarryx_u32(x3052, x2936, x3012);
uint32_t x3057, uint8_t x3058 = addcarryx_u32(x3055, x2939, x3015);
uint32_t x3060, uint8_t x3061 = addcarryx_u32(x3058, x2942, x3018);
uint32_t x3063, uint8_t x3064 = addcarryx_u32(x3061, x2945, x3021);
uint32_t x3066, uint8_t x3067 = addcarryx_u32(x3064, x2948, x3024);
uint32_t x3069, uint8_t x3070 = addcarryx_u32(x3067, x2950, x3027);
uint32_t x3072, uint32_t _ = mulx_u32(x3030, Const 3186588639);
uint32_t x3075, uint32_t x3076 = mulx_u32(x3072, 0xffffffe1);
uint32_t x3078, uint32_t x3079 = mulx_u32(x3072, 0xffffffff);
uint32_t x3081, uint32_t x3082 = mulx_u32(x3072, 0xffffffff);
uint32_t x3084, uint32_t x3085 = mulx_u32(x3072, 0xffffffff);
uint32_t x3087, uint32_t x3088 = mulx_u32(x3072, 0xffffffff);
uint32_t x3090, uint32_t x3091 = mulx_u32(x3072, 0xffffffff);
uint32_t x3093, uint32_t x3094 = mulx_u32(x3072, 0xffffffff);
uint32_t x3096, uint32_t x3097 = mulx_u32(x3072, 0xffffffff);
uint32_t x3099, uint32_t x3100 = mulx_u32(x3072, 0xffffffff);
uint32_t x3102, uint32_t x3103 = mulx_u32(x3072, 0xffffffff);
uint32_t x3105, uint32_t x3106 = mulx_u32(x3072, 0xffffffff);
uint32_t x3108, uint32_t x3109 = mulx_u32(x3072, 0xffffffff);
uint32_t x3111, uint32_t x3112 = mulx_u32(x3072, 0x1ffff);
uint32_t x3114, uint8_t x3115 = addcarryx_u32(0x0, x3076, x3078);
uint32_t x3117, uint8_t x3118 = addcarryx_u32(x3115, x3079, x3081);
uint32_t x3120, uint8_t x3121 = addcarryx_u32(x3118, x3082, x3084);
uint32_t x3123, uint8_t x3124 = addcarryx_u32(x3121, x3085, x3087);
uint32_t x3126, uint8_t x3127 = addcarryx_u32(x3124, x3088, x3090);
uint32_t x3129, uint8_t x3130 = addcarryx_u32(x3127, x3091, x3093);
uint32_t x3132, uint8_t x3133 = addcarryx_u32(x3130, x3094, x3096);
uint32_t x3135, uint8_t x3136 = addcarryx_u32(x3133, x3097, x3099);
uint32_t x3138, uint8_t x3139 = addcarryx_u32(x3136, x3100, x3102);
uint32_t x3141, uint8_t x3142 = addcarryx_u32(x3139, x3103, x3105);
uint32_t x3144, uint8_t x3145 = addcarryx_u32(x3142, x3106, x3108);
uint32_t x3147, uint8_t x3148 = addcarryx_u32(x3145, x3109, x3111);
uint32_t x3150, uint8_t _ = addcarryx_u32(0x0, x3148, x3112);
uint32_t _, uint8_t x3154 = addcarryx_u32(0x0, x3030, x3075);
uint32_t x3156, uint8_t x3157 = addcarryx_u32(x3154, x3033, x3114);
uint32_t x3159, uint8_t x3160 = addcarryx_u32(x3157, x3036, x3117);
uint32_t x3162, uint8_t x3163 = addcarryx_u32(x3160, x3039, x3120);
uint32_t x3165, uint8_t x3166 = addcarryx_u32(x3163, x3042, x3123);
uint32_t x3168, uint8_t x3169 = addcarryx_u32(x3166, x3045, x3126);
uint32_t x3171, uint8_t x3172 = addcarryx_u32(x3169, x3048, x3129);
uint32_t x3174, uint8_t x3175 = addcarryx_u32(x3172, x3051, x3132);
uint32_t x3177, uint8_t x3178 = addcarryx_u32(x3175, x3054, x3135);
uint32_t x3180, uint8_t x3181 = addcarryx_u32(x3178, x3057, x3138);
uint32_t x3183, uint8_t x3184 = addcarryx_u32(x3181, x3060, x3141);
uint32_t x3186, uint8_t x3187 = addcarryx_u32(x3184, x3063, x3144);
uint32_t x3189, uint8_t x3190 = addcarryx_u32(x3187, x3066, x3147);
uint32_t x3192, uint8_t x3193 = addcarryx_u32(x3190, x3069, x3150);
uint8_t x3194 = (x3193 + x3070);
uint32_t x3196, uint8_t x3197 = subborrow_u32(0x0, x3156, 0xffffffe1);
uint32_t x3199, uint8_t x3200 = subborrow_u32(x3197, x3159, 0xffffffff);
uint32_t x3202, uint8_t x3203 = subborrow_u32(x3200, x3162, 0xffffffff);
uint32_t x3205, uint8_t x3206 = subborrow_u32(x3203, x3165, 0xffffffff);
uint32_t x3208, uint8_t x3209 = subborrow_u32(x3206, x3168, 0xffffffff);
uint32_t x3211, uint8_t x3212 = subborrow_u32(x3209, x3171, 0xffffffff);
uint32_t x3214, uint8_t x3215 = subborrow_u32(x3212, x3174, 0xffffffff);
uint32_t x3217, uint8_t x3218 = subborrow_u32(x3215, x3177, 0xffffffff);
uint32_t x3220, uint8_t x3221 = subborrow_u32(x3218, x3180, 0xffffffff);
uint32_t x3223, uint8_t x3224 = subborrow_u32(x3221, x3183, 0xffffffff);
uint32_t x3226, uint8_t x3227 = subborrow_u32(x3224, x3186, 0xffffffff);
uint32_t x3229, uint8_t x3230 = subborrow_u32(x3227, x3189, 0xffffffff);
uint32_t x3232, uint8_t x3233 = subborrow_u32(x3230, x3192, 0x1ffff);
uint32_t _, uint8_t x3236 = subborrow_u32(x3233, x3194, 0x0);
(cmovznz32(x3236, x3232, x3192), cmovznz32(x3236, x3229, x3189), cmovznz32(x3236, x3226, x3186), cmovznz32(x3236, x3223, x3183), cmovznz32(x3236, x3220, x3180), cmovznz32(x3236, x3217, x3177), cmovznz32(x3236, x3214, x3174), cmovznz32(x3236, x3211, x3171), cmovznz32(x3236, x3208, x3168), cmovznz32(x3236, x3205, x3165), cmovznz32(x3236, x3202, x3162), cmovznz32(x3236, x3199, x3159), cmovznz32(x3236, x3196, x3156))
     : ∀ var : Z.Syntax.base_type → Type, expr Z.Syntax.base_type Z.Syntax.op (uint32_t * uint32_t * uint32_t * uint32_t * uint32_t * uint32_t * uint32_t * uint32_t * uint32_t * uint32_t * uint32_t * uint32_t * uint32_t * (uint32_t * uint32_t * uint32_t * uint32_t * uint32_t * uint32_t * uint32_t * uint32_t * uint32_t * uint32_t * uint32_t * uint32_t * uint32_t) -> uint32_t * uint32_t * uint32_t * uint32_t * uint32_t * uint32_t * uint32_t * uint32_t * uint32_t * uint32_t * uint32_t * uint32_t * uint32_t)

Argument scope is [function_scope]
