mul = λ var : Z.Syntax.base_type → Type,
λ '(x26, x27, x25, x23, x21, x19, x17, x15, x13, x11, x9, x7, x5, x3, (x52, x53, x51, x49, x47, x45, x43, x41, x39, x37, x35, x33, x31, x29))%core,
uint64_t x54 = ((uint64_t)x26 * x52);
uint64_t x55 = (((uint64_t)x27 * x52) + ((uint64_t)x26 * x53));
uint64_t x56 = (((uint64_t)x25 * x52) + (((uint64_t)x27 * x53) + ((uint64_t)x26 * x51)));
uint64_t x57 = (((uint64_t)x23 * x52) + (((uint64_t)x25 * x53) + (((uint64_t)x27 * x51) + ((uint64_t)x26 * x49))));
uint64_t x58 = (((uint64_t)x21 * x52) + (((uint64_t)x23 * x53) + (((uint64_t)x25 * x51) + (((uint64_t)x27 * x49) + ((uint64_t)x26 * x47)))));
uint64_t x59 = (((uint64_t)x19 * x52) + (((uint64_t)x21 * x53) + (((uint64_t)x23 * x51) + (((uint64_t)x25 * x49) + (((uint64_t)x27 * x47) + ((uint64_t)x26 * x45))))));
uint64_t x60 = (((uint64_t)x17 * x52) + (((uint64_t)x19 * x53) + (((uint64_t)x21 * x51) + (((uint64_t)x23 * x49) + (((uint64_t)x25 * x47) + (((uint64_t)x27 * x45) + ((uint64_t)x26 * x43)))))));
uint64_t x61 = (((uint64_t)x15 * x52) + (((uint64_t)x17 * x53) + (((uint64_t)x19 * x51) + (((uint64_t)x21 * x49) + (((uint64_t)x23 * x47) + (((uint64_t)x25 * x45) + (((uint64_t)x27 * x43) + ((uint64_t)x26 * x41))))))));
uint64_t x62 = (((uint64_t)x13 * x52) + (((uint64_t)x15 * x53) + (((uint64_t)x17 * x51) + (((uint64_t)x19 * x49) + (((uint64_t)x21 * x47) + (((uint64_t)x23 * x45) + (((uint64_t)x25 * x43) + (((uint64_t)x27 * x41) + ((uint64_t)x26 * x39)))))))));
uint64_t x63 = (((uint64_t)x11 * x52) + (((uint64_t)x13 * x53) + (((uint64_t)x15 * x51) + (((uint64_t)x17 * x49) + (((uint64_t)x19 * x47) + (((uint64_t)x21 * x45) + (((uint64_t)x23 * x43) + (((uint64_t)x25 * x41) + (((uint64_t)x27 * x39) + ((uint64_t)x26 * x37))))))))));
uint64_t x64 = (((uint64_t)x9 * x52) + (((uint64_t)x11 * x53) + (((uint64_t)x13 * x51) + (((uint64_t)x15 * x49) + (((uint64_t)x17 * x47) + (((uint64_t)x19 * x45) + (((uint64_t)x21 * x43) + (((uint64_t)x23 * x41) + (((uint64_t)x25 * x39) + (((uint64_t)x27 * x37) + ((uint64_t)x26 * x35)))))))))));
uint64_t x65 = (((uint64_t)x7 * x52) + (((uint64_t)x9 * x53) + (((uint64_t)x11 * x51) + (((uint64_t)x13 * x49) + (((uint64_t)x15 * x47) + (((uint64_t)x17 * x45) + (((uint64_t)x19 * x43) + (((uint64_t)x21 * x41) + (((uint64_t)x23 * x39) + (((uint64_t)x25 * x37) + (((uint64_t)x27 * x35) + ((uint64_t)x26 * x33))))))))))));
uint64_t x66 = (((uint64_t)x5 * x52) + (((uint64_t)x7 * x53) + (((uint64_t)x9 * x51) + (((uint64_t)x11 * x49) + (((uint64_t)x13 * x47) + (((uint64_t)x15 * x45) + (((uint64_t)x17 * x43) + (((uint64_t)x19 * x41) + (((uint64_t)x21 * x39) + (((uint64_t)x23 * x37) + (((uint64_t)x25 * x35) + (((uint64_t)x27 * x33) + ((uint64_t)x26 * x31)))))))))))));
uint64_t x67 = (((uint64_t)x3 * x52) + (((uint64_t)x5 * x53) + (((uint64_t)x7 * x51) + (((uint64_t)x9 * x49) + (((uint64_t)x11 * x47) + (((uint64_t)x13 * x45) + (((uint64_t)x15 * x43) + (((uint64_t)x17 * x41) + (((uint64_t)x19 * x39) + (((uint64_t)x21 * x37) + (((uint64_t)x23 * x35) + (((uint64_t)x25 * x33) + (((uint64_t)x27 * x31) + ((uint64_t)x26 * x29))))))))))))));
uint64_t x68 = (((uint64_t)x3 * x53) + (((uint64_t)x5 * x51) + (((uint64_t)x7 * x49) + (((uint64_t)x9 * x47) + (((uint64_t)x11 * x45) + (((uint64_t)x13 * x43) + (((uint64_t)x15 * x41) + (((uint64_t)x17 * x39) + (((uint64_t)x19 * x37) + (((uint64_t)x21 * x35) + (((uint64_t)x23 * x33) + (((uint64_t)x25 * x31) + ((uint64_t)x27 * x29)))))))))))));
uint64_t x69 = (((uint64_t)x3 * x51) + (((uint64_t)x5 * x49) + (((uint64_t)x7 * x47) + (((uint64_t)x9 * x45) + (((uint64_t)x11 * x43) + (((uint64_t)x13 * x41) + (((uint64_t)x15 * x39) + (((uint64_t)x17 * x37) + (((uint64_t)x19 * x35) + (((uint64_t)x21 * x33) + (((uint64_t)x23 * x31) + ((uint64_t)x25 * x29))))))))))));
uint64_t x70 = (((uint64_t)x3 * x49) + (((uint64_t)x5 * x47) + (((uint64_t)x7 * x45) + (((uint64_t)x9 * x43) + (((uint64_t)x11 * x41) + (((uint64_t)x13 * x39) + (((uint64_t)x15 * x37) + (((uint64_t)x17 * x35) + (((uint64_t)x19 * x33) + (((uint64_t)x21 * x31) + ((uint64_t)x23 * x29)))))))))));
uint64_t x71 = (((uint64_t)x3 * x47) + (((uint64_t)x5 * x45) + (((uint64_t)x7 * x43) + (((uint64_t)x9 * x41) + (((uint64_t)x11 * x39) + (((uint64_t)x13 * x37) + (((uint64_t)x15 * x35) + (((uint64_t)x17 * x33) + (((uint64_t)x19 * x31) + ((uint64_t)x21 * x29))))))))));
uint64_t x72 = (((uint64_t)x3 * x45) + (((uint64_t)x5 * x43) + (((uint64_t)x7 * x41) + (((uint64_t)x9 * x39) + (((uint64_t)x11 * x37) + (((uint64_t)x13 * x35) + (((uint64_t)x15 * x33) + (((uint64_t)x17 * x31) + ((uint64_t)x19 * x29)))))))));
uint64_t x73 = (((uint64_t)x3 * x43) + (((uint64_t)x5 * x41) + (((uint64_t)x7 * x39) + (((uint64_t)x9 * x37) + (((uint64_t)x11 * x35) + (((uint64_t)x13 * x33) + (((uint64_t)x15 * x31) + ((uint64_t)x17 * x29))))))));
uint64_t x74 = (((uint64_t)x3 * x41) + (((uint64_t)x5 * x39) + (((uint64_t)x7 * x37) + (((uint64_t)x9 * x35) + (((uint64_t)x11 * x33) + (((uint64_t)x13 * x31) + ((uint64_t)x15 * x29)))))));
uint64_t x75 = (((uint64_t)x3 * x39) + (((uint64_t)x5 * x37) + (((uint64_t)x7 * x35) + (((uint64_t)x9 * x33) + (((uint64_t)x11 * x31) + ((uint64_t)x13 * x29))))));
uint64_t x76 = (((uint64_t)x3 * x37) + (((uint64_t)x5 * x35) + (((uint64_t)x7 * x33) + (((uint64_t)x9 * x31) + ((uint64_t)x11 * x29)))));
uint64_t x77 = (((uint64_t)x3 * x35) + (((uint64_t)x5 * x33) + (((uint64_t)x7 * x31) + ((uint64_t)x9 * x29))));
uint64_t x78 = (((uint64_t)x3 * x33) + (((uint64_t)x5 * x31) + ((uint64_t)x7 * x29)));
uint64_t x79 = (((uint64_t)x3 * x31) + ((uint64_t)x5 * x29));
uint64_t x80 = ((uint64_t)x3 * x29);
uint64_t x81 = (x68 + (0x11 * x54));
uint64_t x82 = (x69 + (0x11 * x55));
uint64_t x83 = (x70 + (0x11 * x56));
uint64_t x84 = (x71 + (0x11 * x57));
uint64_t x85 = (x72 + (0x11 * x58));
uint64_t x86 = (x73 + (0x11 * x59));
uint64_t x87 = (x74 + (0x11 * x60));
uint64_t x88 = (x75 + (0x11 * x61));
uint64_t x89 = (x76 + (0x11 * x62));
uint64_t x90 = (x77 + (0x11 * x63));
uint64_t x91 = (x78 + (0x11 * x64));
uint64_t x92 = (x79 + (0x11 * x65));
uint64_t x93 = (x80 + (0x11 * x66));
uint64_t x94 = (x93 >> 0x18);
uint32_t x95 = ((uint32_t)x93 & 0xffffff);
uint64_t x96 = (x94 + x92);
uint64_t x97 = (x96 >> 0x18);
uint32_t x98 = ((uint32_t)x96 & 0xffffff);
uint64_t x99 = (x97 + x91);
uint64_t x100 = (x99 >> 0x18);
uint32_t x101 = ((uint32_t)x99 & 0xffffff);
uint64_t x102 = (x100 + x90);
uint64_t x103 = (x102 >> 0x18);
uint32_t x104 = ((uint32_t)x102 & 0xffffff);
uint64_t x105 = (x103 + x89);
uint64_t x106 = (x105 >> 0x18);
uint32_t x107 = ((uint32_t)x105 & 0xffffff);
uint64_t x108 = (x106 + x88);
uint64_t x109 = (x108 >> 0x18);
uint32_t x110 = ((uint32_t)x108 & 0xffffff);
uint64_t x111 = (x109 + x87);
uint64_t x112 = (x111 >> 0x18);
uint32_t x113 = ((uint32_t)x111 & 0xffffff);
uint64_t x114 = (x112 + x86);
uint64_t x115 = (x114 >> 0x18);
uint32_t x116 = ((uint32_t)x114 & 0xffffff);
uint64_t x117 = (x115 + x85);
uint64_t x118 = (x117 >> 0x18);
uint32_t x119 = ((uint32_t)x117 & 0xffffff);
uint64_t x120 = (x118 + x84);
uint64_t x121 = (x120 >> 0x18);
uint32_t x122 = ((uint32_t)x120 & 0xffffff);
uint64_t x123 = (x121 + x83);
uint64_t x124 = (x123 >> 0x18);
uint32_t x125 = ((uint32_t)x123 & 0xffffff);
uint64_t x126 = (x124 + x82);
uint64_t x127 = (x126 >> 0x18);
uint32_t x128 = ((uint32_t)x126 & 0xffffff);
uint64_t x129 = (x127 + x81);
uint64_t x130 = (x129 >> 0x18);
uint32_t x131 = ((uint32_t)x129 & 0xffffff);
uint64_t x132 = (x130 + x67);
uint32_t x133 = (uint32_t) (x132 >> 0x18);
uint32_t x134 = ((uint32_t)x132 & 0xffffff);
uint64_t x135 = (x95 + ((uint64_t)0x11 * x133));
uint32_t x136 = (uint32_t) (x135 >> 0x18);
uint32_t x137 = ((uint32_t)x135 & 0xffffff);
uint32_t x138 = (x136 + x98);
uint32_t x139 = (x138 >> 0x18);
uint32_t x140 = (x138 & 0xffffff);
return (Return x134, Return x131, Return x128, Return x125, Return x122, Return x119, Return x116, Return x113, Return x110, Return x107, Return x104, (x139 + x101), Return x140, Return x137)
     : ∀ var : Z.Syntax.base_type → Type, expr Z.Syntax.base_type Z.Syntax.op (uint32_t * uint32_t * uint32_t * uint32_t * uint32_t * uint32_t * uint32_t * uint32_t * uint32_t * uint32_t * uint32_t * uint32_t * uint32_t * uint32_t * (uint32_t * uint32_t * uint32_t * uint32_t * uint32_t * uint32_t * uint32_t * uint32_t * uint32_t * uint32_t * uint32_t * uint32_t * uint32_t * uint32_t) -> uint32_t * uint32_t * uint32_t * uint32_t * uint32_t * uint32_t * uint32_t * uint32_t * uint32_t * uint32_t * uint32_t * uint32_t * uint32_t * uint32_t)

Argument scope is [function_scope]
