square = λ var : Z.Syntax.base_type → Type,
λ '(x24, x25, x23, x21, x19, x17, x15, x13, x11, x9, x7, x5, x3, x1)%core,
uint64_t x26 = ((uint64_t)x24 * x24);
uint64_t x27 = (((uint64_t)x25 * x24) + ((uint64_t)x24 * x25));
uint64_t x28 = (((uint64_t)x23 * x24) + (((uint64_t)x25 * x25) + ((uint64_t)x24 * x23)));
uint64_t x29 = (((uint64_t)x21 * x24) + (((uint64_t)x23 * x25) + (((uint64_t)x25 * x23) + ((uint64_t)x24 * x21))));
uint64_t x30 = (((uint64_t)x19 * x24) + (((uint64_t)x21 * x25) + (((uint64_t)x23 * x23) + (((uint64_t)x25 * x21) + ((uint64_t)x24 * x19)))));
uint64_t x31 = (((uint64_t)x17 * x24) + (((uint64_t)x19 * x25) + (((uint64_t)x21 * x23) + (((uint64_t)x23 * x21) + (((uint64_t)x25 * x19) + ((uint64_t)x24 * x17))))));
uint64_t x32 = (((uint64_t)x15 * x24) + (((uint64_t)x17 * x25) + (((uint64_t)x19 * x23) + (((uint64_t)x21 * x21) + (((uint64_t)x23 * x19) + (((uint64_t)x25 * x17) + ((uint64_t)x24 * x15)))))));
uint64_t x33 = (((uint64_t)x13 * x24) + (((uint64_t)x15 * x25) + (((uint64_t)x17 * x23) + (((uint64_t)x19 * x21) + (((uint64_t)x21 * x19) + (((uint64_t)x23 * x17) + (((uint64_t)x25 * x15) + ((uint64_t)x24 * x13))))))));
uint64_t x34 = (((uint64_t)x11 * x24) + (((uint64_t)x13 * x25) + (((uint64_t)x15 * x23) + (((uint64_t)x17 * x21) + (((uint64_t)x19 * x19) + (((uint64_t)x21 * x17) + (((uint64_t)x23 * x15) + (((uint64_t)x25 * x13) + ((uint64_t)x24 * x11)))))))));
uint64_t x35 = (((uint64_t)x9 * x24) + (((uint64_t)x11 * x25) + (((uint64_t)x13 * x23) + (((uint64_t)x15 * x21) + (((uint64_t)x17 * x19) + (((uint64_t)x19 * x17) + (((uint64_t)x21 * x15) + (((uint64_t)x23 * x13) + (((uint64_t)x25 * x11) + ((uint64_t)x24 * x9))))))))));
uint64_t x36 = (((uint64_t)x7 * x24) + (((uint64_t)x9 * x25) + (((uint64_t)x11 * x23) + (((uint64_t)x13 * x21) + (((uint64_t)x15 * x19) + (((uint64_t)x17 * x17) + (((uint64_t)x19 * x15) + (((uint64_t)x21 * x13) + (((uint64_t)x23 * x11) + (((uint64_t)x25 * x9) + ((uint64_t)x24 * x7)))))))))));
uint64_t x37 = (((uint64_t)x5 * x24) + (((uint64_t)x7 * x25) + (((uint64_t)x9 * x23) + (((uint64_t)x11 * x21) + (((uint64_t)x13 * x19) + (((uint64_t)x15 * x17) + (((uint64_t)x17 * x15) + (((uint64_t)x19 * x13) + (((uint64_t)x21 * x11) + (((uint64_t)x23 * x9) + (((uint64_t)x25 * x7) + ((uint64_t)x24 * x5))))))))))));
uint64_t x38 = (((uint64_t)x3 * x24) + (((uint64_t)x5 * x25) + (((uint64_t)x7 * x23) + (((uint64_t)x9 * x21) + (((uint64_t)x11 * x19) + (((uint64_t)x13 * x17) + (((uint64_t)x15 * x15) + (((uint64_t)x17 * x13) + (((uint64_t)x19 * x11) + (((uint64_t)x21 * x9) + (((uint64_t)x23 * x7) + (((uint64_t)x25 * x5) + ((uint64_t)x24 * x3)))))))))))));
uint64_t x39 = (((uint64_t)x1 * x24) + (((uint64_t)x3 * x25) + (((uint64_t)x5 * x23) + (((uint64_t)x7 * x21) + (((uint64_t)x9 * x19) + (((uint64_t)x11 * x17) + (((uint64_t)x13 * x15) + (((uint64_t)x15 * x13) + (((uint64_t)x17 * x11) + (((uint64_t)x19 * x9) + (((uint64_t)x21 * x7) + (((uint64_t)x23 * x5) + (((uint64_t)x25 * x3) + ((uint64_t)x24 * x1))))))))))))));
uint64_t x40 = (((uint64_t)x1 * x25) + (((uint64_t)x3 * x23) + (((uint64_t)x5 * x21) + (((uint64_t)x7 * x19) + (((uint64_t)x9 * x17) + (((uint64_t)x11 * x15) + (((uint64_t)x13 * x13) + (((uint64_t)x15 * x11) + (((uint64_t)x17 * x9) + (((uint64_t)x19 * x7) + (((uint64_t)x21 * x5) + (((uint64_t)x23 * x3) + ((uint64_t)x25 * x1)))))))))))));
uint64_t x41 = (((uint64_t)x1 * x23) + (((uint64_t)x3 * x21) + (((uint64_t)x5 * x19) + (((uint64_t)x7 * x17) + (((uint64_t)x9 * x15) + (((uint64_t)x11 * x13) + (((uint64_t)x13 * x11) + (((uint64_t)x15 * x9) + (((uint64_t)x17 * x7) + (((uint64_t)x19 * x5) + (((uint64_t)x21 * x3) + ((uint64_t)x23 * x1))))))))))));
uint64_t x42 = (((uint64_t)x1 * x21) + (((uint64_t)x3 * x19) + (((uint64_t)x5 * x17) + (((uint64_t)x7 * x15) + (((uint64_t)x9 * x13) + (((uint64_t)x11 * x11) + (((uint64_t)x13 * x9) + (((uint64_t)x15 * x7) + (((uint64_t)x17 * x5) + (((uint64_t)x19 * x3) + ((uint64_t)x21 * x1)))))))))));
uint64_t x43 = (((uint64_t)x1 * x19) + (((uint64_t)x3 * x17) + (((uint64_t)x5 * x15) + (((uint64_t)x7 * x13) + (((uint64_t)x9 * x11) + (((uint64_t)x11 * x9) + (((uint64_t)x13 * x7) + (((uint64_t)x15 * x5) + (((uint64_t)x17 * x3) + ((uint64_t)x19 * x1))))))))));
uint64_t x44 = (((uint64_t)x1 * x17) + (((uint64_t)x3 * x15) + (((uint64_t)x5 * x13) + (((uint64_t)x7 * x11) + (((uint64_t)x9 * x9) + (((uint64_t)x11 * x7) + (((uint64_t)x13 * x5) + (((uint64_t)x15 * x3) + ((uint64_t)x17 * x1)))))))));
uint64_t x45 = (((uint64_t)x1 * x15) + (((uint64_t)x3 * x13) + (((uint64_t)x5 * x11) + (((uint64_t)x7 * x9) + (((uint64_t)x9 * x7) + (((uint64_t)x11 * x5) + (((uint64_t)x13 * x3) + ((uint64_t)x15 * x1))))))));
uint64_t x46 = (((uint64_t)x1 * x13) + (((uint64_t)x3 * x11) + (((uint64_t)x5 * x9) + (((uint64_t)x7 * x7) + (((uint64_t)x9 * x5) + (((uint64_t)x11 * x3) + ((uint64_t)x13 * x1)))))));
uint64_t x47 = (((uint64_t)x1 * x11) + (((uint64_t)x3 * x9) + (((uint64_t)x5 * x7) + (((uint64_t)x7 * x5) + (((uint64_t)x9 * x3) + ((uint64_t)x11 * x1))))));
uint64_t x48 = (((uint64_t)x1 * x9) + (((uint64_t)x3 * x7) + (((uint64_t)x5 * x5) + (((uint64_t)x7 * x3) + ((uint64_t)x9 * x1)))));
uint64_t x49 = (((uint64_t)x1 * x7) + (((uint64_t)x3 * x5) + (((uint64_t)x5 * x3) + ((uint64_t)x7 * x1))));
uint64_t x50 = (((uint64_t)x1 * x5) + (((uint64_t)x3 * x3) + ((uint64_t)x5 * x1)));
uint64_t x51 = (((uint64_t)x1 * x3) + ((uint64_t)x3 * x1));
uint64_t x52 = ((uint64_t)x1 * x1);
uint64_t x53 = (x40 + (0x11 * x26));
uint64_t x54 = (x41 + (0x11 * x27));
uint64_t x55 = (x42 + (0x11 * x28));
uint64_t x56 = (x43 + (0x11 * x29));
uint64_t x57 = (x44 + (0x11 * x30));
uint64_t x58 = (x45 + (0x11 * x31));
uint64_t x59 = (x46 + (0x11 * x32));
uint64_t x60 = (x47 + (0x11 * x33));
uint64_t x61 = (x48 + (0x11 * x34));
uint64_t x62 = (x49 + (0x11 * x35));
uint64_t x63 = (x50 + (0x11 * x36));
uint64_t x64 = (x51 + (0x11 * x37));
uint64_t x65 = (x52 + (0x11 * x38));
uint64_t x66 = (x65 >> 0x18);
uint32_t x67 = ((uint32_t)x65 & 0xffffff);
uint64_t x68 = (x66 + x64);
uint64_t x69 = (x68 >> 0x18);
uint32_t x70 = ((uint32_t)x68 & 0xffffff);
uint64_t x71 = (x69 + x63);
uint64_t x72 = (x71 >> 0x18);
uint32_t x73 = ((uint32_t)x71 & 0xffffff);
uint64_t x74 = (x72 + x62);
uint64_t x75 = (x74 >> 0x18);
uint32_t x76 = ((uint32_t)x74 & 0xffffff);
uint64_t x77 = (x75 + x61);
uint64_t x78 = (x77 >> 0x18);
uint32_t x79 = ((uint32_t)x77 & 0xffffff);
uint64_t x80 = (x78 + x60);
uint64_t x81 = (x80 >> 0x18);
uint32_t x82 = ((uint32_t)x80 & 0xffffff);
uint64_t x83 = (x81 + x59);
uint64_t x84 = (x83 >> 0x18);
uint32_t x85 = ((uint32_t)x83 & 0xffffff);
uint64_t x86 = (x84 + x58);
uint64_t x87 = (x86 >> 0x18);
uint32_t x88 = ((uint32_t)x86 & 0xffffff);
uint64_t x89 = (x87 + x57);
uint64_t x90 = (x89 >> 0x18);
uint32_t x91 = ((uint32_t)x89 & 0xffffff);
uint64_t x92 = (x90 + x56);
uint64_t x93 = (x92 >> 0x18);
uint32_t x94 = ((uint32_t)x92 & 0xffffff);
uint64_t x95 = (x93 + x55);
uint64_t x96 = (x95 >> 0x18);
uint32_t x97 = ((uint32_t)x95 & 0xffffff);
uint64_t x98 = (x96 + x54);
uint64_t x99 = (x98 >> 0x18);
uint32_t x100 = ((uint32_t)x98 & 0xffffff);
uint64_t x101 = (x99 + x53);
uint64_t x102 = (x101 >> 0x18);
uint32_t x103 = ((uint32_t)x101 & 0xffffff);
uint64_t x104 = (x102 + x39);
uint32_t x105 = (uint32_t) (x104 >> 0x18);
uint32_t x106 = ((uint32_t)x104 & 0xffffff);
uint64_t x107 = (x67 + ((uint64_t)0x11 * x105));
uint32_t x108 = (uint32_t) (x107 >> 0x18);
uint32_t x109 = ((uint32_t)x107 & 0xffffff);
uint32_t x110 = (x108 + x70);
uint32_t x111 = (x110 >> 0x18);
uint32_t x112 = (x110 & 0xffffff);
return (Return x106, Return x103, Return x100, Return x97, Return x94, Return x91, Return x88, Return x85, Return x82, Return x79, Return x76, (x111 + x73), Return x112, Return x109)
     : ∀ var : Z.Syntax.base_type → Type, expr Z.Syntax.base_type Z.Syntax.op (uint32_t * uint32_t * uint32_t * uint32_t * uint32_t * uint32_t * uint32_t * uint32_t * uint32_t * uint32_t * uint32_t * uint32_t * uint32_t * uint32_t -> uint32_t * uint32_t * uint32_t * uint32_t * uint32_t * uint32_t * uint32_t * uint32_t * uint32_t * uint32_t * uint32_t * uint32_t * uint32_t * uint32_t)

Argument scope is [function_scope]
