freeze = λ var : Z.Syntax.base_type → Type,
λ '(x24, x25, x23, x21, x19, x17, x15, x13, x11, x9, x7, x5, x3, x1)%core,
uint32_t x27, uint32_t x28 = Op (Z.Syntax.SubWithGetBorrow 24 (Syntax.TWord 5) (Syntax.TWord 5) (Syntax.TWord 5) (Syntax.TWord 5) (Syntax.TWord 5)) (0x0, Return x1, 0xffffef);
uint32_t x30, uint32_t x31 = Op (Z.Syntax.SubWithGetBorrow 24 (Syntax.TWord 5) (Syntax.TWord 5) (Syntax.TWord 5) (Syntax.TWord 5) (Syntax.TWord 5)) (Return x28, Return x3, 0xffffff);
uint32_t x33, uint32_t x34 = Op (Z.Syntax.SubWithGetBorrow 24 (Syntax.TWord 5) (Syntax.TWord 5) (Syntax.TWord 5) (Syntax.TWord 5) (Syntax.TWord 5)) (Return x31, Return x5, 0xffffff);
uint32_t x36, uint32_t x37 = Op (Z.Syntax.SubWithGetBorrow 24 (Syntax.TWord 5) (Syntax.TWord 5) (Syntax.TWord 5) (Syntax.TWord 5) (Syntax.TWord 5)) (Return x34, Return x7, 0xffffff);
uint32_t x39, uint32_t x40 = Op (Z.Syntax.SubWithGetBorrow 24 (Syntax.TWord 5) (Syntax.TWord 5) (Syntax.TWord 5) (Syntax.TWord 5) (Syntax.TWord 5)) (Return x37, Return x9, 0xffffff);
uint32_t x42, uint32_t x43 = Op (Z.Syntax.SubWithGetBorrow 24 (Syntax.TWord 5) (Syntax.TWord 5) (Syntax.TWord 5) (Syntax.TWord 5) (Syntax.TWord 5)) (Return x40, Return x11, 0xffffff);
uint32_t x45, uint32_t x46 = Op (Z.Syntax.SubWithGetBorrow 24 (Syntax.TWord 5) (Syntax.TWord 5) (Syntax.TWord 5) (Syntax.TWord 5) (Syntax.TWord 5)) (Return x43, Return x13, 0xffffff);
uint32_t x48, uint32_t x49 = Op (Z.Syntax.SubWithGetBorrow 24 (Syntax.TWord 5) (Syntax.TWord 5) (Syntax.TWord 5) (Syntax.TWord 5) (Syntax.TWord 5)) (Return x46, Return x15, 0xffffff);
uint32_t x51, uint32_t x52 = Op (Z.Syntax.SubWithGetBorrow 24 (Syntax.TWord 5) (Syntax.TWord 5) (Syntax.TWord 5) (Syntax.TWord 5) (Syntax.TWord 5)) (Return x49, Return x17, 0xffffff);
uint32_t x54, uint32_t x55 = Op (Z.Syntax.SubWithGetBorrow 24 (Syntax.TWord 5) (Syntax.TWord 5) (Syntax.TWord 5) (Syntax.TWord 5) (Syntax.TWord 5)) (Return x52, Return x19, 0xffffff);
uint32_t x57, uint32_t x58 = Op (Z.Syntax.SubWithGetBorrow 24 (Syntax.TWord 5) (Syntax.TWord 5) (Syntax.TWord 5) (Syntax.TWord 5) (Syntax.TWord 5)) (Return x55, Return x21, 0xffffff);
uint32_t x60, uint32_t x61 = Op (Z.Syntax.SubWithGetBorrow 24 (Syntax.TWord 5) (Syntax.TWord 5) (Syntax.TWord 5) (Syntax.TWord 5) (Syntax.TWord 5)) (Return x58, Return x23, 0xffffff);
uint32_t x63, uint32_t x64 = Op (Z.Syntax.SubWithGetBorrow 24 (Syntax.TWord 5) (Syntax.TWord 5) (Syntax.TWord 5) (Syntax.TWord 5) (Syntax.TWord 5)) (Return x61, Return x25, 0xffffff);
uint32_t x66, uint32_t x67 = Op (Z.Syntax.SubWithGetBorrow 24 (Syntax.TWord 5) (Syntax.TWord 5) (Syntax.TWord 5) (Syntax.TWord 5) (Syntax.TWord 5)) (Return x64, Return x24, 0xffffff);
uint32_t x68 = cmovznz32(x67, 0x0, 0xffffffff);
uint32_t x69 = (x68 & 0xffffef);
uint32_t x71, uint32_t x72 = Op (Z.Syntax.AddWithGetCarry 24 (Syntax.TWord 5) (Syntax.TWord 5) (Syntax.TWord 5) (Syntax.TWord 5) (Syntax.TWord 5)) (0x0, Return x27, Return x69);
uint32_t x73 = (x68 & 0xffffff);
uint32_t x75, uint32_t x76 = Op (Z.Syntax.AddWithGetCarry 24 (Syntax.TWord 5) (Syntax.TWord 5) (Syntax.TWord 5) (Syntax.TWord 5) (Syntax.TWord 5)) (Return x72, Return x30, Return x73);
uint32_t x77 = (x68 & 0xffffff);
uint32_t x79, uint32_t x80 = Op (Z.Syntax.AddWithGetCarry 24 (Syntax.TWord 5) (Syntax.TWord 5) (Syntax.TWord 5) (Syntax.TWord 5) (Syntax.TWord 5)) (Return x76, Return x33, Return x77);
uint32_t x81 = (x68 & 0xffffff);
uint32_t x83, uint32_t x84 = Op (Z.Syntax.AddWithGetCarry 24 (Syntax.TWord 5) (Syntax.TWord 5) (Syntax.TWord 5) (Syntax.TWord 5) (Syntax.TWord 5)) (Return x80, Return x36, Return x81);
uint32_t x85 = (x68 & 0xffffff);
uint32_t x87, uint32_t x88 = Op (Z.Syntax.AddWithGetCarry 24 (Syntax.TWord 5) (Syntax.TWord 5) (Syntax.TWord 5) (Syntax.TWord 5) (Syntax.TWord 5)) (Return x84, Return x39, Return x85);
uint32_t x89 = (x68 & 0xffffff);
uint32_t x91, uint32_t x92 = Op (Z.Syntax.AddWithGetCarry 24 (Syntax.TWord 5) (Syntax.TWord 5) (Syntax.TWord 5) (Syntax.TWord 5) (Syntax.TWord 5)) (Return x88, Return x42, Return x89);
uint32_t x93 = (x68 & 0xffffff);
uint32_t x95, uint32_t x96 = Op (Z.Syntax.AddWithGetCarry 24 (Syntax.TWord 5) (Syntax.TWord 5) (Syntax.TWord 5) (Syntax.TWord 5) (Syntax.TWord 5)) (Return x92, Return x45, Return x93);
uint32_t x97 = (x68 & 0xffffff);
uint32_t x99, uint32_t x100 = Op (Z.Syntax.AddWithGetCarry 24 (Syntax.TWord 5) (Syntax.TWord 5) (Syntax.TWord 5) (Syntax.TWord 5) (Syntax.TWord 5)) (Return x96, Return x48, Return x97);
uint32_t x101 = (x68 & 0xffffff);
uint32_t x103, uint32_t x104 = Op (Z.Syntax.AddWithGetCarry 24 (Syntax.TWord 5) (Syntax.TWord 5) (Syntax.TWord 5) (Syntax.TWord 5) (Syntax.TWord 5)) (Return x100, Return x51, Return x101);
uint32_t x105 = (x68 & 0xffffff);
uint32_t x107, uint32_t x108 = Op (Z.Syntax.AddWithGetCarry 24 (Syntax.TWord 5) (Syntax.TWord 5) (Syntax.TWord 5) (Syntax.TWord 5) (Syntax.TWord 5)) (Return x104, Return x54, Return x105);
uint32_t x109 = (x68 & 0xffffff);
uint32_t x111, uint32_t x112 = Op (Z.Syntax.AddWithGetCarry 24 (Syntax.TWord 5) (Syntax.TWord 5) (Syntax.TWord 5) (Syntax.TWord 5) (Syntax.TWord 5)) (Return x108, Return x57, Return x109);
uint32_t x113 = (x68 & 0xffffff);
uint32_t x115, uint32_t x116 = Op (Z.Syntax.AddWithGetCarry 24 (Syntax.TWord 5) (Syntax.TWord 5) (Syntax.TWord 5) (Syntax.TWord 5) (Syntax.TWord 5)) (Return x112, Return x60, Return x113);
uint32_t x117 = (x68 & 0xffffff);
uint32_t x119, uint32_t x120 = Op (Z.Syntax.AddWithGetCarry 24 (Syntax.TWord 5) (Syntax.TWord 5) (Syntax.TWord 5) (Syntax.TWord 5) (Syntax.TWord 5)) (Return x116, Return x63, Return x117);
uint32_t x121 = (x68 & 0xffffff);
uint32_t x123, uint32_t _ = Op (Z.Syntax.AddWithGetCarry 24 (Syntax.TWord 5) (Syntax.TWord 5) (Syntax.TWord 5) (Syntax.TWord 5) (Syntax.TWord 5)) (Return x120, Return x66, Return x121);
(Return x123, Return x119, Return x115, Return x111, Return x107, Return x103, Return x99, Return x95, Return x91, Return x87, Return x83, Return x79, Return x75, Return x71)
     : ∀ var : Z.Syntax.base_type → Type, expr Z.Syntax.base_type Z.Syntax.op (uint32_t * uint32_t * uint32_t * uint32_t * uint32_t * uint32_t * uint32_t * uint32_t * uint32_t * uint32_t * uint32_t * uint32_t * uint32_t * uint32_t -> uint32_t * uint32_t * uint32_t * uint32_t * uint32_t * uint32_t * uint32_t * uint32_t * uint32_t * uint32_t * uint32_t * uint32_t * uint32_t * uint32_t)

Argument scope is [function_scope]
