freeze = λ var : Z.Syntax.base_type → Type,
λ '(x42, x43, x41, x39, x37, x35, x33, x31, x29, x27, x25, x23, x21, x19, x17, x15, x13, x11, x9, x7, x5, x3, x1)%core,
uint32_t x45, uint32_t x46 = Op (Z.Syntax.SubWithGetBorrow 23 (Syntax.TWord 5) (Syntax.TWord 5) (Syntax.TWord 5) (Syntax.TWord 5) (Syntax.TWord 5)) (0x0, Return x1, 0x7ffe1f);
uint32_t x48, uint32_t x49 = Op (Z.Syntax.SubWithGetBorrow 22 (Syntax.TWord 5) (Syntax.TWord 5) (Syntax.TWord 5) (Syntax.TWord 5) (Syntax.TWord 5)) (Return x46, Return x3, 0x3fffff);
uint32_t x51, uint32_t x52 = Op (Z.Syntax.SubWithGetBorrow 22 (Syntax.TWord 5) (Syntax.TWord 5) (Syntax.TWord 5) (Syntax.TWord 5) (Syntax.TWord 5)) (Return x49, Return x5, 0x3fffff);
uint32_t x54, uint32_t x55 = Op (Z.Syntax.SubWithGetBorrow 22 (Syntax.TWord 5) (Syntax.TWord 5) (Syntax.TWord 5) (Syntax.TWord 5) (Syntax.TWord 5)) (Return x52, Return x7, 0x3fffff);
uint32_t x57, uint32_t x58 = Op (Z.Syntax.SubWithGetBorrow 23 (Syntax.TWord 5) (Syntax.TWord 5) (Syntax.TWord 5) (Syntax.TWord 5) (Syntax.TWord 5)) (Return x55, Return x9, 0x7fffff);
uint32_t x60, uint32_t x61 = Op (Z.Syntax.SubWithGetBorrow 22 (Syntax.TWord 5) (Syntax.TWord 5) (Syntax.TWord 5) (Syntax.TWord 5) (Syntax.TWord 5)) (Return x58, Return x11, 0x3fffff);
uint32_t x63, uint32_t x64 = Op (Z.Syntax.SubWithGetBorrow 22 (Syntax.TWord 5) (Syntax.TWord 5) (Syntax.TWord 5) (Syntax.TWord 5) (Syntax.TWord 5)) (Return x61, Return x13, 0x3fffff);
uint32_t x66, uint32_t x67 = Op (Z.Syntax.SubWithGetBorrow 22 (Syntax.TWord 5) (Syntax.TWord 5) (Syntax.TWord 5) (Syntax.TWord 5) (Syntax.TWord 5)) (Return x64, Return x15, 0x3fffff);
uint32_t x69, uint32_t x70 = Op (Z.Syntax.SubWithGetBorrow 22 (Syntax.TWord 5) (Syntax.TWord 5) (Syntax.TWord 5) (Syntax.TWord 5) (Syntax.TWord 5)) (Return x67, Return x17, 0x3fffff);
uint32_t x72, uint32_t x73 = Op (Z.Syntax.SubWithGetBorrow 23 (Syntax.TWord 5) (Syntax.TWord 5) (Syntax.TWord 5) (Syntax.TWord 5) (Syntax.TWord 5)) (Return x70, Return x19, 0x7fffff);
uint32_t x75, uint32_t x76 = Op (Z.Syntax.SubWithGetBorrow 22 (Syntax.TWord 5) (Syntax.TWord 5) (Syntax.TWord 5) (Syntax.TWord 5) (Syntax.TWord 5)) (Return x73, Return x21, 0x3fffff);
uint32_t x78, uint32_t x79 = Op (Z.Syntax.SubWithGetBorrow 22 (Syntax.TWord 5) (Syntax.TWord 5) (Syntax.TWord 5) (Syntax.TWord 5) (Syntax.TWord 5)) (Return x76, Return x23, 0x3fffff);
uint32_t x81, uint32_t x82 = Op (Z.Syntax.SubWithGetBorrow 22 (Syntax.TWord 5) (Syntax.TWord 5) (Syntax.TWord 5) (Syntax.TWord 5) (Syntax.TWord 5)) (Return x79, Return x25, 0x3fffff);
uint32_t x84, uint32_t x85 = Op (Z.Syntax.SubWithGetBorrow 23 (Syntax.TWord 5) (Syntax.TWord 5) (Syntax.TWord 5) (Syntax.TWord 5) (Syntax.TWord 5)) (Return x82, Return x27, 0x7fffff);
uint32_t x87, uint32_t x88 = Op (Z.Syntax.SubWithGetBorrow 22 (Syntax.TWord 5) (Syntax.TWord 5) (Syntax.TWord 5) (Syntax.TWord 5) (Syntax.TWord 5)) (Return x85, Return x29, 0x3fffff);
uint32_t x90, uint32_t x91 = Op (Z.Syntax.SubWithGetBorrow 22 (Syntax.TWord 5) (Syntax.TWord 5) (Syntax.TWord 5) (Syntax.TWord 5) (Syntax.TWord 5)) (Return x88, Return x31, 0x3fffff);
uint32_t x93, uint32_t x94 = Op (Z.Syntax.SubWithGetBorrow 22 (Syntax.TWord 5) (Syntax.TWord 5) (Syntax.TWord 5) (Syntax.TWord 5) (Syntax.TWord 5)) (Return x91, Return x33, 0x3fffff);
uint32_t x96, uint32_t x97 = Op (Z.Syntax.SubWithGetBorrow 22 (Syntax.TWord 5) (Syntax.TWord 5) (Syntax.TWord 5) (Syntax.TWord 5) (Syntax.TWord 5)) (Return x94, Return x35, 0x3fffff);
uint32_t x99, uint32_t x100 = Op (Z.Syntax.SubWithGetBorrow 23 (Syntax.TWord 5) (Syntax.TWord 5) (Syntax.TWord 5) (Syntax.TWord 5) (Syntax.TWord 5)) (Return x97, Return x37, 0x7fffff);
uint32_t x102, uint32_t x103 = Op (Z.Syntax.SubWithGetBorrow 22 (Syntax.TWord 5) (Syntax.TWord 5) (Syntax.TWord 5) (Syntax.TWord 5) (Syntax.TWord 5)) (Return x100, Return x39, 0x3fffff);
uint32_t x105, uint32_t x106 = Op (Z.Syntax.SubWithGetBorrow 22 (Syntax.TWord 5) (Syntax.TWord 5) (Syntax.TWord 5) (Syntax.TWord 5) (Syntax.TWord 5)) (Return x103, Return x41, 0x3fffff);
uint32_t x108, uint32_t x109 = Op (Z.Syntax.SubWithGetBorrow 22 (Syntax.TWord 5) (Syntax.TWord 5) (Syntax.TWord 5) (Syntax.TWord 5) (Syntax.TWord 5)) (Return x106, Return x43, 0x3fffff);
uint32_t x111, uint32_t x112 = Op (Z.Syntax.SubWithGetBorrow 22 (Syntax.TWord 5) (Syntax.TWord 5) (Syntax.TWord 5) (Syntax.TWord 5) (Syntax.TWord 5)) (Return x109, Return x42, 0x3fffff);
uint32_t x113 = cmovznz32(x112, 0x0, 0xffffffff);
uint32_t x114 = (x113 & 0x7ffe1f);
uint32_t x116, uint32_t x117 = Op (Z.Syntax.AddWithGetCarry 23 (Syntax.TWord 5) (Syntax.TWord 5) (Syntax.TWord 5) (Syntax.TWord 5) (Syntax.TWord 5)) (0x0, Return x45, Return x114);
uint32_t x118 = (x113 & 0x3fffff);
uint32_t x120, uint32_t x121 = Op (Z.Syntax.AddWithGetCarry 22 (Syntax.TWord 5) (Syntax.TWord 5) (Syntax.TWord 5) (Syntax.TWord 5) (Syntax.TWord 5)) (Return x117, Return x48, Return x118);
uint32_t x122 = (x113 & 0x3fffff);
uint32_t x124, uint32_t x125 = Op (Z.Syntax.AddWithGetCarry 22 (Syntax.TWord 5) (Syntax.TWord 5) (Syntax.TWord 5) (Syntax.TWord 5) (Syntax.TWord 5)) (Return x121, Return x51, Return x122);
uint32_t x126 = (x113 & 0x3fffff);
uint32_t x128, uint32_t x129 = Op (Z.Syntax.AddWithGetCarry 22 (Syntax.TWord 5) (Syntax.TWord 5) (Syntax.TWord 5) (Syntax.TWord 5) (Syntax.TWord 5)) (Return x125, Return x54, Return x126);
uint32_t x130 = (x113 & 0x7fffff);
uint32_t x132, uint32_t x133 = Op (Z.Syntax.AddWithGetCarry 23 (Syntax.TWord 5) (Syntax.TWord 5) (Syntax.TWord 5) (Syntax.TWord 5) (Syntax.TWord 5)) (Return x129, Return x57, Return x130);
uint32_t x134 = (x113 & 0x3fffff);
uint32_t x136, uint32_t x137 = Op (Z.Syntax.AddWithGetCarry 22 (Syntax.TWord 5) (Syntax.TWord 5) (Syntax.TWord 5) (Syntax.TWord 5) (Syntax.TWord 5)) (Return x133, Return x60, Return x134);
uint32_t x138 = (x113 & 0x3fffff);
uint32_t x140, uint32_t x141 = Op (Z.Syntax.AddWithGetCarry 22 (Syntax.TWord 5) (Syntax.TWord 5) (Syntax.TWord 5) (Syntax.TWord 5) (Syntax.TWord 5)) (Return x137, Return x63, Return x138);
uint32_t x142 = (x113 & 0x3fffff);
uint32_t x144, uint32_t x145 = Op (Z.Syntax.AddWithGetCarry 22 (Syntax.TWord 5) (Syntax.TWord 5) (Syntax.TWord 5) (Syntax.TWord 5) (Syntax.TWord 5)) (Return x141, Return x66, Return x142);
uint32_t x146 = (x113 & 0x3fffff);
uint32_t x148, uint32_t x149 = Op (Z.Syntax.AddWithGetCarry 22 (Syntax.TWord 5) (Syntax.TWord 5) (Syntax.TWord 5) (Syntax.TWord 5) (Syntax.TWord 5)) (Return x145, Return x69, Return x146);
uint32_t x150 = (x113 & 0x7fffff);
uint32_t x152, uint32_t x153 = Op (Z.Syntax.AddWithGetCarry 23 (Syntax.TWord 5) (Syntax.TWord 5) (Syntax.TWord 5) (Syntax.TWord 5) (Syntax.TWord 5)) (Return x149, Return x72, Return x150);
uint32_t x154 = (x113 & 0x3fffff);
uint32_t x156, uint32_t x157 = Op (Z.Syntax.AddWithGetCarry 22 (Syntax.TWord 5) (Syntax.TWord 5) (Syntax.TWord 5) (Syntax.TWord 5) (Syntax.TWord 5)) (Return x153, Return x75, Return x154);
uint32_t x158 = (x113 & 0x3fffff);
uint32_t x160, uint32_t x161 = Op (Z.Syntax.AddWithGetCarry 22 (Syntax.TWord 5) (Syntax.TWord 5) (Syntax.TWord 5) (Syntax.TWord 5) (Syntax.TWord 5)) (Return x157, Return x78, Return x158);
uint32_t x162 = (x113 & 0x3fffff);
uint32_t x164, uint32_t x165 = Op (Z.Syntax.AddWithGetCarry 22 (Syntax.TWord 5) (Syntax.TWord 5) (Syntax.TWord 5) (Syntax.TWord 5) (Syntax.TWord 5)) (Return x161, Return x81, Return x162);
uint32_t x166 = (x113 & 0x7fffff);
uint32_t x168, uint32_t x169 = Op (Z.Syntax.AddWithGetCarry 23 (Syntax.TWord 5) (Syntax.TWord 5) (Syntax.TWord 5) (Syntax.TWord 5) (Syntax.TWord 5)) (Return x165, Return x84, Return x166);
uint32_t x170 = (x113 & 0x3fffff);
uint32_t x172, uint32_t x173 = Op (Z.Syntax.AddWithGetCarry 22 (Syntax.TWord 5) (Syntax.TWord 5) (Syntax.TWord 5) (Syntax.TWord 5) (Syntax.TWord 5)) (Return x169, Return x87, Return x170);
uint32_t x174 = (x113 & 0x3fffff);
uint32_t x176, uint32_t x177 = Op (Z.Syntax.AddWithGetCarry 22 (Syntax.TWord 5) (Syntax.TWord 5) (Syntax.TWord 5) (Syntax.TWord 5) (Syntax.TWord 5)) (Return x173, Return x90, Return x174);
uint32_t x178 = (x113 & 0x3fffff);
uint32_t x180, uint32_t x181 = Op (Z.Syntax.AddWithGetCarry 22 (Syntax.TWord 5) (Syntax.TWord 5) (Syntax.TWord 5) (Syntax.TWord 5) (Syntax.TWord 5)) (Return x177, Return x93, Return x178);
uint32_t x182 = (x113 & 0x3fffff);
uint32_t x184, uint32_t x185 = Op (Z.Syntax.AddWithGetCarry 22 (Syntax.TWord 5) (Syntax.TWord 5) (Syntax.TWord 5) (Syntax.TWord 5) (Syntax.TWord 5)) (Return x181, Return x96, Return x182);
uint32_t x186 = (x113 & 0x7fffff);
uint32_t x188, uint32_t x189 = Op (Z.Syntax.AddWithGetCarry 23 (Syntax.TWord 5) (Syntax.TWord 5) (Syntax.TWord 5) (Syntax.TWord 5) (Syntax.TWord 5)) (Return x185, Return x99, Return x186);
uint32_t x190 = (x113 & 0x3fffff);
uint32_t x192, uint32_t x193 = Op (Z.Syntax.AddWithGetCarry 22 (Syntax.TWord 5) (Syntax.TWord 5) (Syntax.TWord 5) (Syntax.TWord 5) (Syntax.TWord 5)) (Return x189, Return x102, Return x190);
uint32_t x194 = (x113 & 0x3fffff);
uint32_t x196, uint32_t x197 = Op (Z.Syntax.AddWithGetCarry 22 (Syntax.TWord 5) (Syntax.TWord 5) (Syntax.TWord 5) (Syntax.TWord 5) (Syntax.TWord 5)) (Return x193, Return x105, Return x194);
uint32_t x198 = (x113 & 0x3fffff);
uint32_t x200, uint32_t x201 = Op (Z.Syntax.AddWithGetCarry 22 (Syntax.TWord 5) (Syntax.TWord 5) (Syntax.TWord 5) (Syntax.TWord 5) (Syntax.TWord 5)) (Return x197, Return x108, Return x198);
uint32_t x202 = (x113 & 0x3fffff);
uint32_t x204, uint32_t _ = Op (Z.Syntax.AddWithGetCarry 22 (Syntax.TWord 5) (Syntax.TWord 5) (Syntax.TWord 5) (Syntax.TWord 5) (Syntax.TWord 5)) (Return x201, Return x111, Return x202);
(Return x204, Return x200, Return x196, Return x192, Return x188, Return x184, Return x180, Return x176, Return x172, Return x168, Return x164, Return x160, Return x156, Return x152, Return x148, Return x144, Return x140, Return x136, Return x132, Return x128, Return x124, Return x120, Return x116)
     : ∀ var : Z.Syntax.base_type → Type, expr Z.Syntax.base_type Z.Syntax.op (uint32_t * uint32_t * uint32_t * uint32_t * uint32_t * uint32_t * uint32_t * uint32_t * uint32_t * uint32_t * uint32_t * uint32_t * uint32_t * uint32_t * uint32_t * uint32_t * uint32_t * uint32_t * uint32_t * uint32_t * uint32_t * uint32_t * uint32_t -> uint32_t * uint32_t * uint32_t * uint32_t * uint32_t * uint32_t * uint32_t * uint32_t * uint32_t * uint32_t * uint32_t * uint32_t * uint32_t * uint32_t * uint32_t * uint32_t * uint32_t * uint32_t * uint32_t * uint32_t * uint32_t * uint32_t * uint32_t)

Argument scope is [function_scope]
