mul = λ var : Z.Syntax.base_type → Type,
λ '(x36, x37, x35, x33, x31, x29, x27, x25, x23, x21, x19, x17, x15, x13, x11, x9, x7, x5, x3, (x72, x73, x71, x69, x67, x65, x63, x61, x59, x57, x55, x53, x51, x49, x47, x45, x43, x41, x39))%core,
uint64_t x74 = (0x2 * ((uint64_t)x36 * x72));
uint64_t x75 = ((0x2 * ((uint64_t)x37 * x72)) + (0x2 * ((uint64_t)x36 * x73)));
uint64_t x76 = (((uint64_t)x35 * x72) + (((uint64_t)x37 * x73) + ((uint64_t)x36 * x71)));
uint64_t x77 = ((0x2 * ((uint64_t)x33 * x72)) + (((uint64_t)x35 * x73) + (((uint64_t)x37 * x71) + (0x2 * ((uint64_t)x36 * x69)))));
uint64_t x78 = ((0x2 * ((uint64_t)x31 * x72)) + ((0x2 * ((uint64_t)x33 * x73)) + (((uint64_t)x35 * x71) + ((0x2 * ((uint64_t)x37 * x69)) + (0x2 * ((uint64_t)x36 * x67))))));
uint64_t x79 = ((0x2 * ((uint64_t)x29 * x72)) + ((0x2 * ((uint64_t)x31 * x73)) + ((0x2 * ((uint64_t)x33 * x71)) + ((0x2 * ((uint64_t)x35 * x69)) + ((0x2 * ((uint64_t)x37 * x67)) + (0x2 * ((uint64_t)x36 * x65)))))));
uint64_t x80 = (((uint64_t)x27 * x72) + (((uint64_t)x29 * x73) + (((uint64_t)x31 * x71) + ((0x2 * ((uint64_t)x33 * x69)) + (((uint64_t)x35 * x67) + (((uint64_t)x37 * x65) + ((uint64_t)x36 * x63)))))));
uint64_t x81 = ((0x2 * ((uint64_t)x25 * x72)) + (((uint64_t)x27 * x73) + (((uint64_t)x29 * x71) + ((0x2 * ((uint64_t)x31 * x69)) + ((0x2 * ((uint64_t)x33 * x67)) + (((uint64_t)x35 * x65) + (((uint64_t)x37 * x63) + (0x2 * ((uint64_t)x36 * x61)))))))));
uint64_t x82 = ((0x2 * ((uint64_t)x23 * x72)) + ((0x2 * ((uint64_t)x25 * x73)) + (((uint64_t)x27 * x71) + ((0x2 * ((uint64_t)x29 * x69)) + ((0x2 * ((uint64_t)x31 * x67)) + ((0x2 * ((uint64_t)x33 * x65)) + (((uint64_t)x35 * x63) + ((0x2 * ((uint64_t)x37 * x61)) + (0x2 * ((uint64_t)x36 * x59))))))))));
uint64_t x83 = ((0x2 * ((uint64_t)x21 * x72)) + ((0x2 * ((uint64_t)x23 * x73)) + ((0x2 * ((uint64_t)x25 * x71)) + ((0x2 * ((uint64_t)x27 * x69)) + ((0x2 * ((uint64_t)x29 * x67)) + ((0x2 * ((uint64_t)x31 * x65)) + ((0x2 * ((uint64_t)x33 * x63)) + ((0x2 * ((uint64_t)x35 * x61)) + ((0x2 * ((uint64_t)x37 * x59)) + (0x2 * ((uint64_t)x36 * x57)))))))))));
uint64_t x84 = (((uint64_t)x19 * x72) + (((uint64_t)x21 * x73) + (((uint64_t)x23 * x71) + ((0x2 * ((uint64_t)x25 * x69)) + (((uint64_t)x27 * x67) + (((uint64_t)x29 * x65) + (((uint64_t)x31 * x63) + ((0x2 * ((uint64_t)x33 * x61)) + (((uint64_t)x35 * x59) + (((uint64_t)x37 * x57) + ((uint64_t)x36 * x55)))))))))));
uint64_t x85 = ((0x2 * ((uint64_t)x17 * x72)) + (((uint64_t)x19 * x73) + (((uint64_t)x21 * x71) + ((0x2 * ((uint64_t)x23 * x69)) + ((0x2 * ((uint64_t)x25 * x67)) + (((uint64_t)x27 * x65) + (((uint64_t)x29 * x63) + ((0x2 * ((uint64_t)x31 * x61)) + ((0x2 * ((uint64_t)x33 * x59)) + (((uint64_t)x35 * x57) + (((uint64_t)x37 * x55) + (0x2 * ((uint64_t)x36 * x53)))))))))))));
uint64_t x86 = ((0x2 * ((uint64_t)x15 * x72)) + ((0x2 * ((uint64_t)x17 * x73)) + (((uint64_t)x19 * x71) + ((0x2 * ((uint64_t)x21 * x69)) + ((0x2 * ((uint64_t)x23 * x67)) + ((0x2 * ((uint64_t)x25 * x65)) + (((uint64_t)x27 * x63) + ((0x2 * ((uint64_t)x29 * x61)) + ((0x2 * ((uint64_t)x31 * x59)) + ((0x2 * ((uint64_t)x33 * x57)) + (((uint64_t)x35 * x55) + ((0x2 * ((uint64_t)x37 * x53)) + (0x2 * ((uint64_t)x36 * x51))))))))))))));
uint64_t x87 = ((0x2 * ((uint64_t)x13 * x72)) + ((0x2 * ((uint64_t)x15 * x73)) + ((0x2 * ((uint64_t)x17 * x71)) + ((0x2 * ((uint64_t)x19 * x69)) + ((0x2 * ((uint64_t)x21 * x67)) + ((0x2 * ((uint64_t)x23 * x65)) + ((0x2 * ((uint64_t)x25 * x63)) + ((0x2 * ((uint64_t)x27 * x61)) + ((0x2 * ((uint64_t)x29 * x59)) + ((0x2 * ((uint64_t)x31 * x57)) + ((0x2 * ((uint64_t)x33 * x55)) + ((0x2 * ((uint64_t)x35 * x53)) + ((0x2 * ((uint64_t)x37 * x51)) + (0x2 * ((uint64_t)x36 * x49)))))))))))))));
uint64_t x88 = (((uint64_t)x11 * x72) + (((uint64_t)x13 * x73) + (((uint64_t)x15 * x71) + ((0x2 * ((uint64_t)x17 * x69)) + (((uint64_t)x19 * x67) + (((uint64_t)x21 * x65) + (((uint64_t)x23 * x63) + ((0x2 * ((uint64_t)x25 * x61)) + (((uint64_t)x27 * x59) + (((uint64_t)x29 * x57) + (((uint64_t)x31 * x55) + ((0x2 * ((uint64_t)x33 * x53)) + (((uint64_t)x35 * x51) + (((uint64_t)x37 * x49) + ((uint64_t)x36 * x47)))))))))))))));
uint64_t x89 = ((0x2 * ((uint64_t)x9 * x72)) + (((uint64_t)x11 * x73) + (((uint64_t)x13 * x71) + ((0x2 * ((uint64_t)x15 * x69)) + ((0x2 * ((uint64_t)x17 * x67)) + (((uint64_t)x19 * x65) + (((uint64_t)x21 * x63) + ((0x2 * ((uint64_t)x23 * x61)) + ((0x2 * ((uint64_t)x25 * x59)) + (((uint64_t)x27 * x57) + (((uint64_t)x29 * x55) + ((0x2 * ((uint64_t)x31 * x53)) + ((0x2 * ((uint64_t)x33 * x51)) + (((uint64_t)x35 * x49) + (((uint64_t)x37 * x47) + (0x2 * ((uint64_t)x36 * x45)))))))))))))))));
uint64_t x90 = ((0x2 * ((uint64_t)x7 * x72)) + ((0x2 * ((uint64_t)x9 * x73)) + (((uint64_t)x11 * x71) + ((0x2 * ((uint64_t)x13 * x69)) + ((0x2 * ((uint64_t)x15 * x67)) + ((0x2 * ((uint64_t)x17 * x65)) + (((uint64_t)x19 * x63) + ((0x2 * ((uint64_t)x21 * x61)) + ((0x2 * ((uint64_t)x23 * x59)) + ((0x2 * ((uint64_t)x25 * x57)) + (((uint64_t)x27 * x55) + ((0x2 * ((uint64_t)x29 * x53)) + ((0x2 * ((uint64_t)x31 * x51)) + ((0x2 * ((uint64_t)x33 * x49)) + (((uint64_t)x35 * x47) + ((0x2 * ((uint64_t)x37 * x45)) + (0x2 * ((uint64_t)x36 * x43))))))))))))))))));
uint64_t x91 = ((0x2 * ((uint64_t)x5 * x72)) + ((0x2 * ((uint64_t)x7 * x73)) + ((0x2 * ((uint64_t)x9 * x71)) + ((0x2 * ((uint64_t)x11 * x69)) + ((0x2 * ((uint64_t)x13 * x67)) + ((0x2 * ((uint64_t)x15 * x65)) + ((0x2 * ((uint64_t)x17 * x63)) + ((0x2 * ((uint64_t)x19 * x61)) + ((0x2 * ((uint64_t)x21 * x59)) + ((0x2 * ((uint64_t)x23 * x57)) + ((0x2 * ((uint64_t)x25 * x55)) + ((0x2 * ((uint64_t)x27 * x53)) + ((0x2 * ((uint64_t)x29 * x51)) + ((0x2 * ((uint64_t)x31 * x49)) + ((0x2 * ((uint64_t)x33 * x47)) + ((0x2 * ((uint64_t)x35 * x45)) + ((0x2 * ((uint64_t)x37 * x43)) + (0x2 * ((uint64_t)x36 * x41)))))))))))))))))));
uint64_t x92 = (((uint64_t)x3 * x72) + (((uint64_t)x5 * x73) + (((uint64_t)x7 * x71) + ((0x2 * ((uint64_t)x9 * x69)) + (((uint64_t)x11 * x67) + (((uint64_t)x13 * x65) + (((uint64_t)x15 * x63) + ((0x2 * ((uint64_t)x17 * x61)) + (((uint64_t)x19 * x59) + (((uint64_t)x21 * x57) + (((uint64_t)x23 * x55) + ((0x2 * ((uint64_t)x25 * x53)) + (((uint64_t)x27 * x51) + (((uint64_t)x29 * x49) + (((uint64_t)x31 * x47) + ((0x2 * ((uint64_t)x33 * x45)) + (((uint64_t)x35 * x43) + (((uint64_t)x37 * x41) + ((uint64_t)x36 * x39)))))))))))))))))));
uint64_t x93 = (((uint64_t)x3 * x73) + (((uint64_t)x5 * x71) + ((0x2 * ((uint64_t)x7 * x69)) + ((0x2 * ((uint64_t)x9 * x67)) + (((uint64_t)x11 * x65) + (((uint64_t)x13 * x63) + ((0x2 * ((uint64_t)x15 * x61)) + ((0x2 * ((uint64_t)x17 * x59)) + (((uint64_t)x19 * x57) + (((uint64_t)x21 * x55) + ((0x2 * ((uint64_t)x23 * x53)) + ((0x2 * ((uint64_t)x25 * x51)) + (((uint64_t)x27 * x49) + (((uint64_t)x29 * x47) + ((0x2 * ((uint64_t)x31 * x45)) + ((0x2 * ((uint64_t)x33 * x43)) + (((uint64_t)x35 * x41) + ((uint64_t)x37 * x39))))))))))))))))));
uint64_t x94 = (((uint64_t)x3 * x71) + ((0x2 * ((uint64_t)x5 * x69)) + ((0x2 * ((uint64_t)x7 * x67)) + ((0x2 * ((uint64_t)x9 * x65)) + (((uint64_t)x11 * x63) + ((0x2 * ((uint64_t)x13 * x61)) + ((0x2 * ((uint64_t)x15 * x59)) + ((0x2 * ((uint64_t)x17 * x57)) + (((uint64_t)x19 * x55) + ((0x2 * ((uint64_t)x21 * x53)) + ((0x2 * ((uint64_t)x23 * x51)) + ((0x2 * ((uint64_t)x25 * x49)) + (((uint64_t)x27 * x47) + ((0x2 * ((uint64_t)x29 * x45)) + ((0x2 * ((uint64_t)x31 * x43)) + ((0x2 * ((uint64_t)x33 * x41)) + ((uint64_t)x35 * x39)))))))))))))))));
uint64_t x95 = (((uint64_t)x3 * x69) + (((uint64_t)x5 * x67) + (((uint64_t)x7 * x65) + (((uint64_t)x9 * x63) + (((uint64_t)x11 * x61) + (((uint64_t)x13 * x59) + (((uint64_t)x15 * x57) + (((uint64_t)x17 * x55) + (((uint64_t)x19 * x53) + (((uint64_t)x21 * x51) + (((uint64_t)x23 * x49) + (((uint64_t)x25 * x47) + (((uint64_t)x27 * x45) + (((uint64_t)x29 * x43) + (((uint64_t)x31 * x41) + ((uint64_t)x33 * x39))))))))))))))));
uint64_t x96 = (((uint64_t)x3 * x67) + (((uint64_t)x5 * x65) + (((uint64_t)x7 * x63) + ((0x2 * ((uint64_t)x9 * x61)) + (((uint64_t)x11 * x59) + (((uint64_t)x13 * x57) + (((uint64_t)x15 * x55) + ((0x2 * ((uint64_t)x17 * x53)) + (((uint64_t)x19 * x51) + (((uint64_t)x21 * x49) + (((uint64_t)x23 * x47) + ((0x2 * ((uint64_t)x25 * x45)) + (((uint64_t)x27 * x43) + (((uint64_t)x29 * x41) + ((uint64_t)x31 * x39)))))))))))))));
uint64_t x97 = (((uint64_t)x3 * x65) + (((uint64_t)x5 * x63) + ((0x2 * ((uint64_t)x7 * x61)) + ((0x2 * ((uint64_t)x9 * x59)) + (((uint64_t)x11 * x57) + (((uint64_t)x13 * x55) + ((0x2 * ((uint64_t)x15 * x53)) + ((0x2 * ((uint64_t)x17 * x51)) + (((uint64_t)x19 * x49) + (((uint64_t)x21 * x47) + ((0x2 * ((uint64_t)x23 * x45)) + ((0x2 * ((uint64_t)x25 * x43)) + (((uint64_t)x27 * x41) + ((uint64_t)x29 * x39))))))))))))));
uint64_t x98 = (((uint64_t)x3 * x63) + ((0x2 * ((uint64_t)x5 * x61)) + ((0x2 * ((uint64_t)x7 * x59)) + ((0x2 * ((uint64_t)x9 * x57)) + (((uint64_t)x11 * x55) + ((0x2 * ((uint64_t)x13 * x53)) + ((0x2 * ((uint64_t)x15 * x51)) + ((0x2 * ((uint64_t)x17 * x49)) + (((uint64_t)x19 * x47) + ((0x2 * ((uint64_t)x21 * x45)) + ((0x2 * ((uint64_t)x23 * x43)) + ((0x2 * ((uint64_t)x25 * x41)) + ((uint64_t)x27 * x39)))))))))))));
uint64_t x99 = (((uint64_t)x3 * x61) + (((uint64_t)x5 * x59) + (((uint64_t)x7 * x57) + (((uint64_t)x9 * x55) + (((uint64_t)x11 * x53) + (((uint64_t)x13 * x51) + (((uint64_t)x15 * x49) + (((uint64_t)x17 * x47) + (((uint64_t)x19 * x45) + (((uint64_t)x21 * x43) + (((uint64_t)x23 * x41) + ((uint64_t)x25 * x39))))))))))));
uint64_t x100 = (((uint64_t)x3 * x59) + (((uint64_t)x5 * x57) + (((uint64_t)x7 * x55) + ((0x2 * ((uint64_t)x9 * x53)) + (((uint64_t)x11 * x51) + (((uint64_t)x13 * x49) + (((uint64_t)x15 * x47) + ((0x2 * ((uint64_t)x17 * x45)) + (((uint64_t)x19 * x43) + (((uint64_t)x21 * x41) + ((uint64_t)x23 * x39)))))))))));
uint64_t x101 = (((uint64_t)x3 * x57) + (((uint64_t)x5 * x55) + ((0x2 * ((uint64_t)x7 * x53)) + ((0x2 * ((uint64_t)x9 * x51)) + (((uint64_t)x11 * x49) + (((uint64_t)x13 * x47) + ((0x2 * ((uint64_t)x15 * x45)) + ((0x2 * ((uint64_t)x17 * x43)) + (((uint64_t)x19 * x41) + ((uint64_t)x21 * x39))))))))));
uint64_t x102 = (((uint64_t)x3 * x55) + ((0x2 * ((uint64_t)x5 * x53)) + ((0x2 * ((uint64_t)x7 * x51)) + ((0x2 * ((uint64_t)x9 * x49)) + (((uint64_t)x11 * x47) + ((0x2 * ((uint64_t)x13 * x45)) + ((0x2 * ((uint64_t)x15 * x43)) + ((0x2 * ((uint64_t)x17 * x41)) + ((uint64_t)x19 * x39)))))))));
uint64_t x103 = (((uint64_t)x3 * x53) + (((uint64_t)x5 * x51) + (((uint64_t)x7 * x49) + (((uint64_t)x9 * x47) + (((uint64_t)x11 * x45) + (((uint64_t)x13 * x43) + (((uint64_t)x15 * x41) + ((uint64_t)x17 * x39))))))));
uint64_t x104 = (((uint64_t)x3 * x51) + (((uint64_t)x5 * x49) + (((uint64_t)x7 * x47) + ((0x2 * ((uint64_t)x9 * x45)) + (((uint64_t)x11 * x43) + (((uint64_t)x13 * x41) + ((uint64_t)x15 * x39)))))));
uint64_t x105 = (((uint64_t)x3 * x49) + (((uint64_t)x5 * x47) + ((0x2 * ((uint64_t)x7 * x45)) + ((0x2 * ((uint64_t)x9 * x43)) + (((uint64_t)x11 * x41) + ((uint64_t)x13 * x39))))));
uint64_t x106 = (((uint64_t)x3 * x47) + ((0x2 * ((uint64_t)x5 * x45)) + ((0x2 * ((uint64_t)x7 * x43)) + ((0x2 * ((uint64_t)x9 * x41)) + ((uint64_t)x11 * x39)))));
uint64_t x107 = (((uint64_t)x3 * x45) + (((uint64_t)x5 * x43) + (((uint64_t)x7 * x41) + ((uint64_t)x9 * x39))));
uint64_t x108 = (((uint64_t)x3 * x43) + (((uint64_t)x5 * x41) + ((uint64_t)x7 * x39)));
uint64_t x109 = (((uint64_t)x3 * x41) + ((uint64_t)x5 * x39));
uint64_t x110 = ((uint64_t)x3 * x39);
uint64_t x111 = (x93 + (0x15 * x74));
uint64_t x112 = (x94 + (0x15 * x75));
uint64_t x113 = (x95 + (0x15 * x76));
uint64_t x114 = (x96 + (0x15 * x77));
uint64_t x115 = (x97 + (0x15 * x78));
uint64_t x116 = (x98 + (0x15 * x79));
uint64_t x117 = (x99 + (0x15 * x80));
uint64_t x118 = (x100 + (0x15 * x81));
uint64_t x119 = (x101 + (0x15 * x82));
uint64_t x120 = (x102 + (0x15 * x83));
uint64_t x121 = (x103 + (0x15 * x84));
uint64_t x122 = (x104 + (0x15 * x85));
uint64_t x123 = (x105 + (0x15 * x86));
ℤ x124 = (x106 +ℤ (0x15 *ℤ x87));
uint64_t x125 = (x107 + (0x15 * x88));
uint64_t x126 = (x108 + (0x15 * x89));
ℤ x127 = (x109 +ℤ (0x15 *ℤ x90));
ℤ x128 = (x110 +ℤ (0x15 *ℤ x91));
uint64_t x129 = (x128 >> 0x1a);
uint32_t x130 = (x128 & 0x3ffffff);
ℤ x131 = (x129 +ℤ x127);
uint64_t x132 = (x131 >> 0x1a);
uint32_t x133 = (x131 & 0x3ffffff);
uint64_t x134 = (x132 + x126);
uint64_t x135 = (x134 >> 0x1a);
uint32_t x136 = ((uint32_t)x134 & 0x3ffffff);
uint64_t x137 = (x135 + x125);
uint64_t x138 = (x137 >> 0x19);
uint32_t x139 = ((uint32_t)x137 & 0x1ffffff);
ℤ x140 = (x138 +ℤ x124);
uint64_t x141 = (x140 >> 0x1a);
uint32_t x142 = (x140 & 0x3ffffff);
uint64_t x143 = (x141 + x123);
uint64_t x144 = (x143 >> 0x1a);
uint32_t x145 = ((uint32_t)x143 & 0x3ffffff);
uint64_t x146 = (x144 + x122);
uint64_t x147 = (x146 >> 0x1a);
uint32_t x148 = ((uint32_t)x146 & 0x3ffffff);
uint64_t x149 = (x147 + x121);
uint64_t x150 = (x149 >> 0x19);
uint32_t x151 = ((uint32_t)x149 & 0x1ffffff);
uint64_t x152 = (x150 + x120);
uint64_t x153 = (x152 >> 0x1a);
uint32_t x154 = ((uint32_t)x152 & 0x3ffffff);
uint64_t x155 = (x153 + x119);
uint64_t x156 = (x155 >> 0x1a);
uint32_t x157 = ((uint32_t)x155 & 0x3ffffff);
uint64_t x158 = (x156 + x118);
uint64_t x159 = (x158 >> 0x1a);
uint32_t x160 = ((uint32_t)x158 & 0x3ffffff);
uint64_t x161 = (x159 + x117);
uint64_t x162 = (x161 >> 0x19);
uint32_t x163 = ((uint32_t)x161 & 0x1ffffff);
uint64_t x164 = (x162 + x116);
uint64_t x165 = (x164 >> 0x1a);
uint32_t x166 = ((uint32_t)x164 & 0x3ffffff);
uint64_t x167 = (x165 + x115);
uint64_t x168 = (x167 >> 0x1a);
uint32_t x169 = ((uint32_t)x167 & 0x3ffffff);
uint64_t x170 = (x168 + x114);
uint64_t x171 = (x170 >> 0x1a);
uint32_t x172 = ((uint32_t)x170 & 0x3ffffff);
uint64_t x173 = (x171 + x113);
uint64_t x174 = (x173 >> 0x19);
uint32_t x175 = ((uint32_t)x173 & 0x1ffffff);
uint64_t x176 = (x174 + x112);
uint64_t x177 = (x176 >> 0x1a);
uint32_t x178 = ((uint32_t)x176 & 0x3ffffff);
uint64_t x179 = (x177 + x111);
uint64_t x180 = (x179 >> 0x1a);
uint32_t x181 = ((uint32_t)x179 & 0x3ffffff);
uint64_t x182 = (x180 + x92);
uint64_t x183 = (x182 >> 0x19);
uint32_t x184 = ((uint32_t)x182 & 0x1ffffff);
uint64_t x185 = (x130 + (0x15 * x183));
uint32_t x186 = (uint32_t) (x185 >> 0x1a);
uint32_t x187 = ((uint32_t)x185 & 0x3ffffff);
uint32_t x188 = (x186 + x133);
uint32_t x189 = (x188 >> 0x1a);
uint32_t x190 = (x188 & 0x3ffffff);
return (Return x184, Return x181, Return x178, Return x175, Return x172, Return x169, Return x166, Return x163, Return x160, Return x157, Return x154, Return x151, Return x148, Return x145, Return x142, Return x139, (x189 + x136), Return x190, Return x187)
     : ∀ var : Z.Syntax.base_type → Type, expr Z.Syntax.base_type Z.Syntax.op (uint32_t * uint32_t * uint32_t * uint32_t * uint32_t * uint32_t * uint32_t * uint32_t * uint32_t * uint32_t * uint32_t * uint32_t * uint32_t * uint32_t * uint32_t * uint32_t * uint32_t * uint32_t * uint32_t * (uint32_t * uint32_t * uint32_t * uint32_t * uint32_t * uint32_t * uint32_t * uint32_t * uint32_t * uint32_t * uint32_t * uint32_t * uint32_t * uint32_t * uint32_t * uint32_t * uint32_t * uint32_t * uint32_t) -> uint32_t * uint32_t * uint32_t * uint32_t * uint32_t * uint32_t * uint32_t * uint32_t * uint32_t * uint32_t * uint32_t * uint32_t * uint32_t * uint32_t * uint32_t * uint32_t * uint32_t * uint32_t * uint32_t)

Argument scope is [function_scope]
