freeze = λ var : Z.Syntax.base_type → Type,
λ '(x34, x35, x33, x31, x29, x27, x25, x23, x21, x19, x17, x15, x13, x11, x9, x7, x5, x3, x1)%core,
uint32_t x37, uint32_t x38 = Op (Z.Syntax.SubWithGetBorrow 26 (Syntax.TWord 5) (Syntax.TWord 5) (Syntax.TWord 5) (Syntax.TWord 5) (Syntax.TWord 5)) (0x0, Return x1, 0x3ffffeb);
uint32_t x40, uint32_t x41 = Op (Z.Syntax.SubWithGetBorrow 26 (Syntax.TWord 5) (Syntax.TWord 5) (Syntax.TWord 5) (Syntax.TWord 5) (Syntax.TWord 5)) (Return x38, Return x3, 0x3ffffff);
uint32_t x43, uint32_t x44 = Op (Z.Syntax.SubWithGetBorrow 26 (Syntax.TWord 5) (Syntax.TWord 5) (Syntax.TWord 5) (Syntax.TWord 5) (Syntax.TWord 5)) (Return x41, Return x5, 0x3ffffff);
uint32_t x46, uint32_t x47 = Op (Z.Syntax.SubWithGetBorrow 25 (Syntax.TWord 5) (Syntax.TWord 5) (Syntax.TWord 5) (Syntax.TWord 5) (Syntax.TWord 5)) (Return x44, Return x7, 0x1ffffff);
uint32_t x49, uint32_t x50 = Op (Z.Syntax.SubWithGetBorrow 26 (Syntax.TWord 5) (Syntax.TWord 5) (Syntax.TWord 5) (Syntax.TWord 5) (Syntax.TWord 5)) (Return x47, Return x9, 0x3ffffff);
uint32_t x52, uint32_t x53 = Op (Z.Syntax.SubWithGetBorrow 26 (Syntax.TWord 5) (Syntax.TWord 5) (Syntax.TWord 5) (Syntax.TWord 5) (Syntax.TWord 5)) (Return x50, Return x11, 0x3ffffff);
uint32_t x55, uint32_t x56 = Op (Z.Syntax.SubWithGetBorrow 26 (Syntax.TWord 5) (Syntax.TWord 5) (Syntax.TWord 5) (Syntax.TWord 5) (Syntax.TWord 5)) (Return x53, Return x13, 0x3ffffff);
uint32_t x58, uint32_t x59 = Op (Z.Syntax.SubWithGetBorrow 25 (Syntax.TWord 5) (Syntax.TWord 5) (Syntax.TWord 5) (Syntax.TWord 5) (Syntax.TWord 5)) (Return x56, Return x15, 0x1ffffff);
uint32_t x61, uint32_t x62 = Op (Z.Syntax.SubWithGetBorrow 26 (Syntax.TWord 5) (Syntax.TWord 5) (Syntax.TWord 5) (Syntax.TWord 5) (Syntax.TWord 5)) (Return x59, Return x17, 0x3ffffff);
uint32_t x64, uint32_t x65 = Op (Z.Syntax.SubWithGetBorrow 26 (Syntax.TWord 5) (Syntax.TWord 5) (Syntax.TWord 5) (Syntax.TWord 5) (Syntax.TWord 5)) (Return x62, Return x19, 0x3ffffff);
uint32_t x67, uint32_t x68 = Op (Z.Syntax.SubWithGetBorrow 26 (Syntax.TWord 5) (Syntax.TWord 5) (Syntax.TWord 5) (Syntax.TWord 5) (Syntax.TWord 5)) (Return x65, Return x21, 0x3ffffff);
uint32_t x70, uint32_t x71 = Op (Z.Syntax.SubWithGetBorrow 25 (Syntax.TWord 5) (Syntax.TWord 5) (Syntax.TWord 5) (Syntax.TWord 5) (Syntax.TWord 5)) (Return x68, Return x23, 0x1ffffff);
uint32_t x73, uint32_t x74 = Op (Z.Syntax.SubWithGetBorrow 26 (Syntax.TWord 5) (Syntax.TWord 5) (Syntax.TWord 5) (Syntax.TWord 5) (Syntax.TWord 5)) (Return x71, Return x25, 0x3ffffff);
uint32_t x76, uint32_t x77 = Op (Z.Syntax.SubWithGetBorrow 26 (Syntax.TWord 5) (Syntax.TWord 5) (Syntax.TWord 5) (Syntax.TWord 5) (Syntax.TWord 5)) (Return x74, Return x27, 0x3ffffff);
uint32_t x79, uint32_t x80 = Op (Z.Syntax.SubWithGetBorrow 26 (Syntax.TWord 5) (Syntax.TWord 5) (Syntax.TWord 5) (Syntax.TWord 5) (Syntax.TWord 5)) (Return x77, Return x29, 0x3ffffff);
uint32_t x82, uint32_t x83 = Op (Z.Syntax.SubWithGetBorrow 25 (Syntax.TWord 5) (Syntax.TWord 5) (Syntax.TWord 5) (Syntax.TWord 5) (Syntax.TWord 5)) (Return x80, Return x31, 0x1ffffff);
uint32_t x85, uint32_t x86 = Op (Z.Syntax.SubWithGetBorrow 26 (Syntax.TWord 5) (Syntax.TWord 5) (Syntax.TWord 5) (Syntax.TWord 5) (Syntax.TWord 5)) (Return x83, Return x33, 0x3ffffff);
uint32_t x88, uint32_t x89 = Op (Z.Syntax.SubWithGetBorrow 26 (Syntax.TWord 5) (Syntax.TWord 5) (Syntax.TWord 5) (Syntax.TWord 5) (Syntax.TWord 5)) (Return x86, Return x35, 0x3ffffff);
uint32_t x91, uint32_t x92 = Op (Z.Syntax.SubWithGetBorrow 25 (Syntax.TWord 5) (Syntax.TWord 5) (Syntax.TWord 5) (Syntax.TWord 5) (Syntax.TWord 5)) (Return x89, Return x34, 0x1ffffff);
uint32_t x93 = cmovznz32(x92, 0x0, 0xffffffff);
uint32_t x94 = (x93 & 0x3ffffeb);
uint32_t x96, uint32_t x97 = Op (Z.Syntax.AddWithGetCarry 26 (Syntax.TWord 5) (Syntax.TWord 5) (Syntax.TWord 5) (Syntax.TWord 5) (Syntax.TWord 5)) (0x0, Return x37, Return x94);
uint32_t x98 = (x93 & 0x3ffffff);
uint32_t x100, uint32_t x101 = Op (Z.Syntax.AddWithGetCarry 26 (Syntax.TWord 5) (Syntax.TWord 5) (Syntax.TWord 5) (Syntax.TWord 5) (Syntax.TWord 5)) (Return x97, Return x40, Return x98);
uint32_t x102 = (x93 & 0x3ffffff);
uint32_t x104, uint32_t x105 = Op (Z.Syntax.AddWithGetCarry 26 (Syntax.TWord 5) (Syntax.TWord 5) (Syntax.TWord 5) (Syntax.TWord 5) (Syntax.TWord 5)) (Return x101, Return x43, Return x102);
uint32_t x106 = (x93 & 0x1ffffff);
uint32_t x108, uint32_t x109 = Op (Z.Syntax.AddWithGetCarry 25 (Syntax.TWord 5) (Syntax.TWord 5) (Syntax.TWord 5) (Syntax.TWord 5) (Syntax.TWord 5)) (Return x105, Return x46, Return x106);
uint32_t x110 = (x93 & 0x3ffffff);
uint32_t x112, uint32_t x113 = Op (Z.Syntax.AddWithGetCarry 26 (Syntax.TWord 5) (Syntax.TWord 5) (Syntax.TWord 5) (Syntax.TWord 5) (Syntax.TWord 5)) (Return x109, Return x49, Return x110);
uint32_t x114 = (x93 & 0x3ffffff);
uint32_t x116, uint32_t x117 = Op (Z.Syntax.AddWithGetCarry 26 (Syntax.TWord 5) (Syntax.TWord 5) (Syntax.TWord 5) (Syntax.TWord 5) (Syntax.TWord 5)) (Return x113, Return x52, Return x114);
uint32_t x118 = (x93 & 0x3ffffff);
uint32_t x120, uint32_t x121 = Op (Z.Syntax.AddWithGetCarry 26 (Syntax.TWord 5) (Syntax.TWord 5) (Syntax.TWord 5) (Syntax.TWord 5) (Syntax.TWord 5)) (Return x117, Return x55, Return x118);
uint32_t x122 = (x93 & 0x1ffffff);
uint32_t x124, uint32_t x125 = Op (Z.Syntax.AddWithGetCarry 25 (Syntax.TWord 5) (Syntax.TWord 5) (Syntax.TWord 5) (Syntax.TWord 5) (Syntax.TWord 5)) (Return x121, Return x58, Return x122);
uint32_t x126 = (x93 & 0x3ffffff);
uint32_t x128, uint32_t x129 = Op (Z.Syntax.AddWithGetCarry 26 (Syntax.TWord 5) (Syntax.TWord 5) (Syntax.TWord 5) (Syntax.TWord 5) (Syntax.TWord 5)) (Return x125, Return x61, Return x126);
uint32_t x130 = (x93 & 0x3ffffff);
uint32_t x132, uint32_t x133 = Op (Z.Syntax.AddWithGetCarry 26 (Syntax.TWord 5) (Syntax.TWord 5) (Syntax.TWord 5) (Syntax.TWord 5) (Syntax.TWord 5)) (Return x129, Return x64, Return x130);
uint32_t x134 = (x93 & 0x3ffffff);
uint32_t x136, uint32_t x137 = Op (Z.Syntax.AddWithGetCarry 26 (Syntax.TWord 5) (Syntax.TWord 5) (Syntax.TWord 5) (Syntax.TWord 5) (Syntax.TWord 5)) (Return x133, Return x67, Return x134);
uint32_t x138 = (x93 & 0x1ffffff);
uint32_t x140, uint32_t x141 = Op (Z.Syntax.AddWithGetCarry 25 (Syntax.TWord 5) (Syntax.TWord 5) (Syntax.TWord 5) (Syntax.TWord 5) (Syntax.TWord 5)) (Return x137, Return x70, Return x138);
uint32_t x142 = (x93 & 0x3ffffff);
uint32_t x144, uint32_t x145 = Op (Z.Syntax.AddWithGetCarry 26 (Syntax.TWord 5) (Syntax.TWord 5) (Syntax.TWord 5) (Syntax.TWord 5) (Syntax.TWord 5)) (Return x141, Return x73, Return x142);
uint32_t x146 = (x93 & 0x3ffffff);
uint32_t x148, uint32_t x149 = Op (Z.Syntax.AddWithGetCarry 26 (Syntax.TWord 5) (Syntax.TWord 5) (Syntax.TWord 5) (Syntax.TWord 5) (Syntax.TWord 5)) (Return x145, Return x76, Return x146);
uint32_t x150 = (x93 & 0x3ffffff);
uint32_t x152, uint32_t x153 = Op (Z.Syntax.AddWithGetCarry 26 (Syntax.TWord 5) (Syntax.TWord 5) (Syntax.TWord 5) (Syntax.TWord 5) (Syntax.TWord 5)) (Return x149, Return x79, Return x150);
uint32_t x154 = (x93 & 0x1ffffff);
uint32_t x156, uint32_t x157 = Op (Z.Syntax.AddWithGetCarry 25 (Syntax.TWord 5) (Syntax.TWord 5) (Syntax.TWord 5) (Syntax.TWord 5) (Syntax.TWord 5)) (Return x153, Return x82, Return x154);
uint32_t x158 = (x93 & 0x3ffffff);
uint32_t x160, uint32_t x161 = Op (Z.Syntax.AddWithGetCarry 26 (Syntax.TWord 5) (Syntax.TWord 5) (Syntax.TWord 5) (Syntax.TWord 5) (Syntax.TWord 5)) (Return x157, Return x85, Return x158);
uint32_t x162 = (x93 & 0x3ffffff);
uint32_t x164, uint32_t x165 = Op (Z.Syntax.AddWithGetCarry 26 (Syntax.TWord 5) (Syntax.TWord 5) (Syntax.TWord 5) (Syntax.TWord 5) (Syntax.TWord 5)) (Return x161, Return x88, Return x162);
uint32_t x166 = (x93 & 0x1ffffff);
uint32_t x168, uint32_t _ = Op (Z.Syntax.AddWithGetCarry 25 (Syntax.TWord 5) (Syntax.TWord 5) (Syntax.TWord 5) (Syntax.TWord 5) (Syntax.TWord 5)) (Return x165, Return x91, Return x166);
(Return x168, Return x164, Return x160, Return x156, Return x152, Return x148, Return x144, Return x140, Return x136, Return x132, Return x128, Return x124, Return x120, Return x116, Return x112, Return x108, Return x104, Return x100, Return x96)
     : ∀ var : Z.Syntax.base_type → Type, expr Z.Syntax.base_type Z.Syntax.op (uint32_t * uint32_t * uint32_t * uint32_t * uint32_t * uint32_t * uint32_t * uint32_t * uint32_t * uint32_t * uint32_t * uint32_t * uint32_t * uint32_t * uint32_t * uint32_t * uint32_t * uint32_t * uint32_t -> uint32_t * uint32_t * uint32_t * uint32_t * uint32_t * uint32_t * uint32_t * uint32_t * uint32_t * uint32_t * uint32_t * uint32_t * uint32_t * uint32_t * uint32_t * uint32_t * uint32_t * uint32_t * uint32_t)

Argument scope is [function_scope]
