mul = λ var : Z.Syntax.base_type → Type,
λ '(x12, x13, x11, x9, x7, x5, x3, (x24, x25, x23, x21, x19, x17, x15))%core,
uint64_t x27, uint64_t x28 = mulx_u64(x3, x15);
uint64_t x30, uint64_t x31 = mulx_u64(x3, x17);
uint64_t x33, uint64_t x34 = mulx_u64(x3, x19);
uint64_t x36, uint64_t x37 = mulx_u64(x3, x21);
uint64_t x39, uint64_t x40 = mulx_u64(x3, x23);
uint64_t x42, uint64_t x43 = mulx_u64(x3, x25);
uint64_t x45, uint64_t x46 = mulx_u64(x3, x24);
uint64_t x48, uint8_t x49 = addcarryx_u64(0x0, x28, x30);
uint64_t x51, uint8_t x52 = addcarryx_u64(x49, x31, x33);
uint64_t x54, uint8_t x55 = addcarryx_u64(x52, x34, x36);
uint64_t x57, uint8_t x58 = addcarryx_u64(x55, x37, x39);
uint64_t x60, uint8_t x61 = addcarryx_u64(x58, x40, x42);
uint64_t x63, uint8_t x64 = addcarryx_u64(x61, x43, x45);
uint64_t x66, uint8_t _ = addcarryx_u64(0x0, x64, x46);
uint64_t x69, uint64_t _ = mulx_u64(x27, 0xcf3cf3cf3cf3cf3dL);
uint64_t x72, uint64_t x73 = mulx_u64(x69, 0xffffffffffffffebL);
uint64_t x75, uint64_t x76 = mulx_u64(x69, 0xffffffffffffffffL);
uint64_t x78, uint64_t x79 = mulx_u64(x69, 0xffffffffffffffffL);
uint64_t x81, uint64_t x82 = mulx_u64(x69, 0xffffffffffffffffL);
uint64_t x84, uint64_t x85 = mulx_u64(x69, 0xffffffffffffffffL);
uint64_t x87, uint64_t x88 = mulx_u64(x69, 0xffffffffffffffffL);
uint64_t x90, uint8_t x91 = mulx_u64_out_u8(x69, 0x1f);
uint64_t x93, uint8_t x94 = addcarryx_u64(0x0, x73, x75);
uint64_t x96, uint8_t x97 = addcarryx_u64(x94, x76, x78);
uint64_t x99, uint8_t x100 = addcarryx_u64(x97, x79, x81);
uint64_t x102, uint8_t x103 = addcarryx_u64(x100, x82, x84);
uint64_t x105, uint8_t x106 = addcarryx_u64(x103, x85, x87);
uint64_t x108, uint8_t x109 = addcarryx_u64(x106, x88, x90);
uint8_t x110 = (x109 + x91);
uint64_t _, uint8_t x113 = addcarryx_u64(0x0, x27, x72);
uint64_t x115, uint8_t x116 = addcarryx_u64(x113, x48, x93);
uint64_t x118, uint8_t x119 = addcarryx_u64(x116, x51, x96);
uint64_t x121, uint8_t x122 = addcarryx_u64(x119, x54, x99);
uint64_t x124, uint8_t x125 = addcarryx_u64(x122, x57, x102);
uint64_t x127, uint8_t x128 = addcarryx_u64(x125, x60, x105);
uint64_t x130, uint8_t x131 = addcarryx_u64(x128, x63, x108);
uint64_t x133, uint8_t x134 = addcarryx_u64(x131, x66, x110);
uint64_t x136, uint64_t x137 = mulx_u64(x5, x15);
uint64_t x139, uint64_t x140 = mulx_u64(x5, x17);
uint64_t x142, uint64_t x143 = mulx_u64(x5, x19);
uint64_t x145, uint64_t x146 = mulx_u64(x5, x21);
uint64_t x148, uint64_t x149 = mulx_u64(x5, x23);
uint64_t x151, uint64_t x152 = mulx_u64(x5, x25);
uint64_t x154, uint64_t x155 = mulx_u64(x5, x24);
uint64_t x157, uint8_t x158 = addcarryx_u64(0x0, x137, x139);
uint64_t x160, uint8_t x161 = addcarryx_u64(x158, x140, x142);
uint64_t x163, uint8_t x164 = addcarryx_u64(x161, x143, x145);
uint64_t x166, uint8_t x167 = addcarryx_u64(x164, x146, x148);
uint64_t x169, uint8_t x170 = addcarryx_u64(x167, x149, x151);
uint64_t x172, uint8_t x173 = addcarryx_u64(x170, x152, x154);
uint64_t x175, uint8_t _ = addcarryx_u64(0x0, x173, x155);
uint64_t x178, uint8_t x179 = addcarryx_u64(0x0, x115, x136);
uint64_t x181, uint8_t x182 = addcarryx_u64(x179, x118, x157);
uint64_t x184, uint8_t x185 = addcarryx_u64(x182, x121, x160);
uint64_t x187, uint8_t x188 = addcarryx_u64(x185, x124, x163);
uint64_t x190, uint8_t x191 = addcarryx_u64(x188, x127, x166);
uint64_t x193, uint8_t x194 = addcarryx_u64(x191, x130, x169);
uint64_t x196, uint8_t x197 = addcarryx_u64(x194, x133, x172);
uint64_t x199, uint8_t x200 = addcarryx_u64(x197, x134, x175);
uint64_t x202, uint64_t _ = mulx_u64(x178, 0xcf3cf3cf3cf3cf3dL);
uint64_t x205, uint64_t x206 = mulx_u64(x202, 0xffffffffffffffebL);
uint64_t x208, uint64_t x209 = mulx_u64(x202, 0xffffffffffffffffL);
uint64_t x211, uint64_t x212 = mulx_u64(x202, 0xffffffffffffffffL);
uint64_t x214, uint64_t x215 = mulx_u64(x202, 0xffffffffffffffffL);
uint64_t x217, uint64_t x218 = mulx_u64(x202, 0xffffffffffffffffL);
uint64_t x220, uint64_t x221 = mulx_u64(x202, 0xffffffffffffffffL);
uint64_t x223, uint8_t x224 = mulx_u64_out_u8(x202, 0x1f);
uint64_t x226, uint8_t x227 = addcarryx_u64(0x0, x206, x208);
uint64_t x229, uint8_t x230 = addcarryx_u64(x227, x209, x211);
uint64_t x232, uint8_t x233 = addcarryx_u64(x230, x212, x214);
uint64_t x235, uint8_t x236 = addcarryx_u64(x233, x215, x217);
uint64_t x238, uint8_t x239 = addcarryx_u64(x236, x218, x220);
uint64_t x241, uint8_t x242 = addcarryx_u64(x239, x221, x223);
uint8_t x243 = (x242 + x224);
uint64_t _, uint8_t x246 = addcarryx_u64(0x0, x178, x205);
uint64_t x248, uint8_t x249 = addcarryx_u64(x246, x181, x226);
uint64_t x251, uint8_t x252 = addcarryx_u64(x249, x184, x229);
uint64_t x254, uint8_t x255 = addcarryx_u64(x252, x187, x232);
uint64_t x257, uint8_t x258 = addcarryx_u64(x255, x190, x235);
uint64_t x260, uint8_t x261 = addcarryx_u64(x258, x193, x238);
uint64_t x263, uint8_t x264 = addcarryx_u64(x261, x196, x241);
uint64_t x266, uint8_t x267 = addcarryx_u64(x264, x199, x243);
uint8_t x268 = (x267 + x200);
uint64_t x270, uint64_t x271 = mulx_u64(x7, x15);
uint64_t x273, uint64_t x274 = mulx_u64(x7, x17);
uint64_t x276, uint64_t x277 = mulx_u64(x7, x19);
uint64_t x279, uint64_t x280 = mulx_u64(x7, x21);
uint64_t x282, uint64_t x283 = mulx_u64(x7, x23);
uint64_t x285, uint64_t x286 = mulx_u64(x7, x25);
uint64_t x288, uint64_t x289 = mulx_u64(x7, x24);
uint64_t x291, uint8_t x292 = addcarryx_u64(0x0, x271, x273);
uint64_t x294, uint8_t x295 = addcarryx_u64(x292, x274, x276);
uint64_t x297, uint8_t x298 = addcarryx_u64(x295, x277, x279);
uint64_t x300, uint8_t x301 = addcarryx_u64(x298, x280, x282);
uint64_t x303, uint8_t x304 = addcarryx_u64(x301, x283, x285);
uint64_t x306, uint8_t x307 = addcarryx_u64(x304, x286, x288);
uint64_t x309, uint8_t _ = addcarryx_u64(0x0, x307, x289);
uint64_t x312, uint8_t x313 = addcarryx_u64(0x0, x248, x270);
uint64_t x315, uint8_t x316 = addcarryx_u64(x313, x251, x291);
uint64_t x318, uint8_t x319 = addcarryx_u64(x316, x254, x294);
uint64_t x321, uint8_t x322 = addcarryx_u64(x319, x257, x297);
uint64_t x324, uint8_t x325 = addcarryx_u64(x322, x260, x300);
uint64_t x327, uint8_t x328 = addcarryx_u64(x325, x263, x303);
uint64_t x330, uint8_t x331 = addcarryx_u64(x328, x266, x306);
uint64_t x333, uint8_t x334 = addcarryx_u64(x331, x268, x309);
uint64_t x336, uint64_t _ = mulx_u64(x312, 0xcf3cf3cf3cf3cf3dL);
uint64_t x339, uint64_t x340 = mulx_u64(x336, 0xffffffffffffffebL);
uint64_t x342, uint64_t x343 = mulx_u64(x336, 0xffffffffffffffffL);
uint64_t x345, uint64_t x346 = mulx_u64(x336, 0xffffffffffffffffL);
uint64_t x348, uint64_t x349 = mulx_u64(x336, 0xffffffffffffffffL);
uint64_t x351, uint64_t x352 = mulx_u64(x336, 0xffffffffffffffffL);
uint64_t x354, uint64_t x355 = mulx_u64(x336, 0xffffffffffffffffL);
uint64_t x357, uint8_t x358 = mulx_u64_out_u8(x336, 0x1f);
uint64_t x360, uint8_t x361 = addcarryx_u64(0x0, x340, x342);
uint64_t x363, uint8_t x364 = addcarryx_u64(x361, x343, x345);
uint64_t x366, uint8_t x367 = addcarryx_u64(x364, x346, x348);
uint64_t x369, uint8_t x370 = addcarryx_u64(x367, x349, x351);
uint64_t x372, uint8_t x373 = addcarryx_u64(x370, x352, x354);
uint64_t x375, uint8_t x376 = addcarryx_u64(x373, x355, x357);
uint8_t x377 = (x376 + x358);
uint64_t _, uint8_t x380 = addcarryx_u64(0x0, x312, x339);
uint64_t x382, uint8_t x383 = addcarryx_u64(x380, x315, x360);
uint64_t x385, uint8_t x386 = addcarryx_u64(x383, x318, x363);
uint64_t x388, uint8_t x389 = addcarryx_u64(x386, x321, x366);
uint64_t x391, uint8_t x392 = addcarryx_u64(x389, x324, x369);
uint64_t x394, uint8_t x395 = addcarryx_u64(x392, x327, x372);
uint64_t x397, uint8_t x398 = addcarryx_u64(x395, x330, x375);
uint64_t x400, uint8_t x401 = addcarryx_u64(x398, x333, x377);
uint8_t x402 = (x401 + x334);
uint64_t x404, uint64_t x405 = mulx_u64(x9, x15);
uint64_t x407, uint64_t x408 = mulx_u64(x9, x17);
uint64_t x410, uint64_t x411 = mulx_u64(x9, x19);
uint64_t x413, uint64_t x414 = mulx_u64(x9, x21);
uint64_t x416, uint64_t x417 = mulx_u64(x9, x23);
uint64_t x419, uint64_t x420 = mulx_u64(x9, x25);
uint64_t x422, uint64_t x423 = mulx_u64(x9, x24);
uint64_t x425, uint8_t x426 = addcarryx_u64(0x0, x405, x407);
uint64_t x428, uint8_t x429 = addcarryx_u64(x426, x408, x410);
uint64_t x431, uint8_t x432 = addcarryx_u64(x429, x411, x413);
uint64_t x434, uint8_t x435 = addcarryx_u64(x432, x414, x416);
uint64_t x437, uint8_t x438 = addcarryx_u64(x435, x417, x419);
uint64_t x440, uint8_t x441 = addcarryx_u64(x438, x420, x422);
uint64_t x443, uint8_t _ = addcarryx_u64(0x0, x441, x423);
uint64_t x446, uint8_t x447 = addcarryx_u64(0x0, x382, x404);
uint64_t x449, uint8_t x450 = addcarryx_u64(x447, x385, x425);
uint64_t x452, uint8_t x453 = addcarryx_u64(x450, x388, x428);
uint64_t x455, uint8_t x456 = addcarryx_u64(x453, x391, x431);
uint64_t x458, uint8_t x459 = addcarryx_u64(x456, x394, x434);
uint64_t x461, uint8_t x462 = addcarryx_u64(x459, x397, x437);
uint64_t x464, uint8_t x465 = addcarryx_u64(x462, x400, x440);
uint64_t x467, uint8_t x468 = addcarryx_u64(x465, x402, x443);
uint64_t x470, uint64_t _ = mulx_u64(x446, 0xcf3cf3cf3cf3cf3dL);
uint64_t x473, uint64_t x474 = mulx_u64(x470, 0xffffffffffffffebL);
uint64_t x476, uint64_t x477 = mulx_u64(x470, 0xffffffffffffffffL);
uint64_t x479, uint64_t x480 = mulx_u64(x470, 0xffffffffffffffffL);
uint64_t x482, uint64_t x483 = mulx_u64(x470, 0xffffffffffffffffL);
uint64_t x485, uint64_t x486 = mulx_u64(x470, 0xffffffffffffffffL);
uint64_t x488, uint64_t x489 = mulx_u64(x470, 0xffffffffffffffffL);
uint64_t x491, uint8_t x492 = mulx_u64_out_u8(x470, 0x1f);
uint64_t x494, uint8_t x495 = addcarryx_u64(0x0, x474, x476);
uint64_t x497, uint8_t x498 = addcarryx_u64(x495, x477, x479);
uint64_t x500, uint8_t x501 = addcarryx_u64(x498, x480, x482);
uint64_t x503, uint8_t x504 = addcarryx_u64(x501, x483, x485);
uint64_t x506, uint8_t x507 = addcarryx_u64(x504, x486, x488);
uint64_t x509, uint8_t x510 = addcarryx_u64(x507, x489, x491);
uint8_t x511 = (x510 + x492);
uint64_t _, uint8_t x514 = addcarryx_u64(0x0, x446, x473);
uint64_t x516, uint8_t x517 = addcarryx_u64(x514, x449, x494);
uint64_t x519, uint8_t x520 = addcarryx_u64(x517, x452, x497);
uint64_t x522, uint8_t x523 = addcarryx_u64(x520, x455, x500);
uint64_t x525, uint8_t x526 = addcarryx_u64(x523, x458, x503);
uint64_t x528, uint8_t x529 = addcarryx_u64(x526, x461, x506);
uint64_t x531, uint8_t x532 = addcarryx_u64(x529, x464, x509);
uint64_t x534, uint8_t x535 = addcarryx_u64(x532, x467, x511);
uint8_t x536 = (x535 + x468);
uint64_t x538, uint64_t x539 = mulx_u64(x11, x15);
uint64_t x541, uint64_t x542 = mulx_u64(x11, x17);
uint64_t x544, uint64_t x545 = mulx_u64(x11, x19);
uint64_t x547, uint64_t x548 = mulx_u64(x11, x21);
uint64_t x550, uint64_t x551 = mulx_u64(x11, x23);
uint64_t x553, uint64_t x554 = mulx_u64(x11, x25);
uint64_t x556, uint64_t x557 = mulx_u64(x11, x24);
uint64_t x559, uint8_t x560 = addcarryx_u64(0x0, x539, x541);
uint64_t x562, uint8_t x563 = addcarryx_u64(x560, x542, x544);
uint64_t x565, uint8_t x566 = addcarryx_u64(x563, x545, x547);
uint64_t x568, uint8_t x569 = addcarryx_u64(x566, x548, x550);
uint64_t x571, uint8_t x572 = addcarryx_u64(x569, x551, x553);
uint64_t x574, uint8_t x575 = addcarryx_u64(x572, x554, x556);
uint64_t x577, uint8_t _ = addcarryx_u64(0x0, x575, x557);
uint64_t x580, uint8_t x581 = addcarryx_u64(0x0, x516, x538);
uint64_t x583, uint8_t x584 = addcarryx_u64(x581, x519, x559);
uint64_t x586, uint8_t x587 = addcarryx_u64(x584, x522, x562);
uint64_t x589, uint8_t x590 = addcarryx_u64(x587, x525, x565);
uint64_t x592, uint8_t x593 = addcarryx_u64(x590, x528, x568);
uint64_t x595, uint8_t x596 = addcarryx_u64(x593, x531, x571);
uint64_t x598, uint8_t x599 = addcarryx_u64(x596, x534, x574);
uint64_t x601, uint8_t x602 = addcarryx_u64(x599, x536, x577);
uint64_t x604, uint64_t _ = mulx_u64(x580, 0xcf3cf3cf3cf3cf3dL);
uint64_t x607, uint64_t x608 = mulx_u64(x604, 0xffffffffffffffebL);
uint64_t x610, uint64_t x611 = mulx_u64(x604, 0xffffffffffffffffL);
uint64_t x613, uint64_t x614 = mulx_u64(x604, 0xffffffffffffffffL);
uint64_t x616, uint64_t x617 = mulx_u64(x604, 0xffffffffffffffffL);
uint64_t x619, uint64_t x620 = mulx_u64(x604, 0xffffffffffffffffL);
uint64_t x622, uint64_t x623 = mulx_u64(x604, 0xffffffffffffffffL);
uint64_t x625, uint8_t x626 = mulx_u64_out_u8(x604, 0x1f);
uint64_t x628, uint8_t x629 = addcarryx_u64(0x0, x608, x610);
uint64_t x631, uint8_t x632 = addcarryx_u64(x629, x611, x613);
uint64_t x634, uint8_t x635 = addcarryx_u64(x632, x614, x616);
uint64_t x637, uint8_t x638 = addcarryx_u64(x635, x617, x619);
uint64_t x640, uint8_t x641 = addcarryx_u64(x638, x620, x622);
uint64_t x643, uint8_t x644 = addcarryx_u64(x641, x623, x625);
uint8_t x645 = (x644 + x626);
uint64_t _, uint8_t x648 = addcarryx_u64(0x0, x580, x607);
uint64_t x650, uint8_t x651 = addcarryx_u64(x648, x583, x628);
uint64_t x653, uint8_t x654 = addcarryx_u64(x651, x586, x631);
uint64_t x656, uint8_t x657 = addcarryx_u64(x654, x589, x634);
uint64_t x659, uint8_t x660 = addcarryx_u64(x657, x592, x637);
uint64_t x662, uint8_t x663 = addcarryx_u64(x660, x595, x640);
uint64_t x665, uint8_t x666 = addcarryx_u64(x663, x598, x643);
uint64_t x668, uint8_t x669 = addcarryx_u64(x666, x601, x645);
uint8_t x670 = (x669 + x602);
uint64_t x672, uint64_t x673 = mulx_u64(x13, x15);
uint64_t x675, uint64_t x676 = mulx_u64(x13, x17);
uint64_t x678, uint64_t x679 = mulx_u64(x13, x19);
uint64_t x681, uint64_t x682 = mulx_u64(x13, x21);
uint64_t x684, uint64_t x685 = mulx_u64(x13, x23);
uint64_t x687, uint64_t x688 = mulx_u64(x13, x25);
uint64_t x690, uint64_t x691 = mulx_u64(x13, x24);
uint64_t x693, uint8_t x694 = addcarryx_u64(0x0, x673, x675);
uint64_t x696, uint8_t x697 = addcarryx_u64(x694, x676, x678);
uint64_t x699, uint8_t x700 = addcarryx_u64(x697, x679, x681);
uint64_t x702, uint8_t x703 = addcarryx_u64(x700, x682, x684);
uint64_t x705, uint8_t x706 = addcarryx_u64(x703, x685, x687);
uint64_t x708, uint8_t x709 = addcarryx_u64(x706, x688, x690);
uint64_t x711, uint8_t _ = addcarryx_u64(0x0, x709, x691);
uint64_t x714, uint8_t x715 = addcarryx_u64(0x0, x650, x672);
uint64_t x717, uint8_t x718 = addcarryx_u64(x715, x653, x693);
uint64_t x720, uint8_t x721 = addcarryx_u64(x718, x656, x696);
uint64_t x723, uint8_t x724 = addcarryx_u64(x721, x659, x699);
uint64_t x726, uint8_t x727 = addcarryx_u64(x724, x662, x702);
uint64_t x729, uint8_t x730 = addcarryx_u64(x727, x665, x705);
uint64_t x732, uint8_t x733 = addcarryx_u64(x730, x668, x708);
uint64_t x735, uint8_t x736 = addcarryx_u64(x733, x670, x711);
uint64_t x738, uint64_t _ = mulx_u64(x714, 0xcf3cf3cf3cf3cf3dL);
uint64_t x741, uint64_t x742 = mulx_u64(x738, 0xffffffffffffffebL);
uint64_t x744, uint64_t x745 = mulx_u64(x738, 0xffffffffffffffffL);
uint64_t x747, uint64_t x748 = mulx_u64(x738, 0xffffffffffffffffL);
uint64_t x750, uint64_t x751 = mulx_u64(x738, 0xffffffffffffffffL);
uint64_t x753, uint64_t x754 = mulx_u64(x738, 0xffffffffffffffffL);
uint64_t x756, uint64_t x757 = mulx_u64(x738, 0xffffffffffffffffL);
uint64_t x759, uint8_t x760 = mulx_u64_out_u8(x738, 0x1f);
uint64_t x762, uint8_t x763 = addcarryx_u64(0x0, x742, x744);
uint64_t x765, uint8_t x766 = addcarryx_u64(x763, x745, x747);
uint64_t x768, uint8_t x769 = addcarryx_u64(x766, x748, x750);
uint64_t x771, uint8_t x772 = addcarryx_u64(x769, x751, x753);
uint64_t x774, uint8_t x775 = addcarryx_u64(x772, x754, x756);
uint64_t x777, uint8_t x778 = addcarryx_u64(x775, x757, x759);
uint8_t x779 = (x778 + x760);
uint64_t _, uint8_t x782 = addcarryx_u64(0x0, x714, x741);
uint64_t x784, uint8_t x785 = addcarryx_u64(x782, x717, x762);
uint64_t x787, uint8_t x788 = addcarryx_u64(x785, x720, x765);
uint64_t x790, uint8_t x791 = addcarryx_u64(x788, x723, x768);
uint64_t x793, uint8_t x794 = addcarryx_u64(x791, x726, x771);
uint64_t x796, uint8_t x797 = addcarryx_u64(x794, x729, x774);
uint64_t x799, uint8_t x800 = addcarryx_u64(x797, x732, x777);
uint64_t x802, uint8_t x803 = addcarryx_u64(x800, x735, x779);
uint8_t x804 = (x803 + x736);
uint64_t x806, uint64_t x807 = mulx_u64(x12, x15);
uint64_t x809, uint64_t x810 = mulx_u64(x12, x17);
uint64_t x812, uint64_t x813 = mulx_u64(x12, x19);
uint64_t x815, uint64_t x816 = mulx_u64(x12, x21);
uint64_t x818, uint64_t x819 = mulx_u64(x12, x23);
uint64_t x821, uint64_t x822 = mulx_u64(x12, x25);
uint64_t x824, uint64_t x825 = mulx_u64(x12, x24);
uint64_t x827, uint8_t x828 = addcarryx_u64(0x0, x807, x809);
uint64_t x830, uint8_t x831 = addcarryx_u64(x828, x810, x812);
uint64_t x833, uint8_t x834 = addcarryx_u64(x831, x813, x815);
uint64_t x836, uint8_t x837 = addcarryx_u64(x834, x816, x818);
uint64_t x839, uint8_t x840 = addcarryx_u64(x837, x819, x821);
uint64_t x842, uint8_t x843 = addcarryx_u64(x840, x822, x824);
uint64_t x845, uint8_t _ = addcarryx_u64(0x0, x843, x825);
uint64_t x848, uint8_t x849 = addcarryx_u64(0x0, x784, x806);
uint64_t x851, uint8_t x852 = addcarryx_u64(x849, x787, x827);
uint64_t x854, uint8_t x855 = addcarryx_u64(x852, x790, x830);
uint64_t x857, uint8_t x858 = addcarryx_u64(x855, x793, x833);
uint64_t x860, uint8_t x861 = addcarryx_u64(x858, x796, x836);
uint64_t x863, uint8_t x864 = addcarryx_u64(x861, x799, x839);
uint64_t x866, uint8_t x867 = addcarryx_u64(x864, x802, x842);
uint64_t x869, uint8_t x870 = addcarryx_u64(x867, x804, x845);
uint64_t x872, uint64_t _ = mulx_u64(x848, 0xcf3cf3cf3cf3cf3dL);
uint64_t x875, uint64_t x876 = mulx_u64(x872, 0xffffffffffffffebL);
uint64_t x878, uint64_t x879 = mulx_u64(x872, 0xffffffffffffffffL);
uint64_t x881, uint64_t x882 = mulx_u64(x872, 0xffffffffffffffffL);
uint64_t x884, uint64_t x885 = mulx_u64(x872, 0xffffffffffffffffL);
uint64_t x887, uint64_t x888 = mulx_u64(x872, 0xffffffffffffffffL);
uint64_t x890, uint64_t x891 = mulx_u64(x872, 0xffffffffffffffffL);
uint64_t x893, uint8_t x894 = mulx_u64_out_u8(x872, 0x1f);
uint64_t x896, uint8_t x897 = addcarryx_u64(0x0, x876, x878);
uint64_t x899, uint8_t x900 = addcarryx_u64(x897, x879, x881);
uint64_t x902, uint8_t x903 = addcarryx_u64(x900, x882, x884);
uint64_t x905, uint8_t x906 = addcarryx_u64(x903, x885, x887);
uint64_t x908, uint8_t x909 = addcarryx_u64(x906, x888, x890);
uint64_t x911, uint8_t x912 = addcarryx_u64(x909, x891, x893);
uint8_t x913 = (x912 + x894);
uint64_t _, uint8_t x916 = addcarryx_u64(0x0, x848, x875);
uint64_t x918, uint8_t x919 = addcarryx_u64(x916, x851, x896);
uint64_t x921, uint8_t x922 = addcarryx_u64(x919, x854, x899);
uint64_t x924, uint8_t x925 = addcarryx_u64(x922, x857, x902);
uint64_t x927, uint8_t x928 = addcarryx_u64(x925, x860, x905);
uint64_t x930, uint8_t x931 = addcarryx_u64(x928, x863, x908);
uint64_t x933, uint8_t x934 = addcarryx_u64(x931, x866, x911);
uint64_t x936, uint8_t x937 = addcarryx_u64(x934, x869, x913);
uint8_t x938 = (x937 + x870);
uint64_t x940, uint8_t x941 = subborrow_u64(0x0, x918, 0xffffffffffffffebL);
uint64_t x943, uint8_t x944 = subborrow_u64(x941, x921, 0xffffffffffffffffL);
uint64_t x946, uint8_t x947 = subborrow_u64(x944, x924, 0xffffffffffffffffL);
uint64_t x949, uint8_t x950 = subborrow_u64(x947, x927, 0xffffffffffffffffL);
uint64_t x952, uint8_t x953 = subborrow_u64(x950, x930, 0xffffffffffffffffL);
uint64_t x955, uint8_t x956 = subborrow_u64(x953, x933, 0xffffffffffffffffL);
uint64_t x958, uint8_t x959 = subborrow_u64(x956, x936, 0x1f);
uint64_t _, uint8_t x962 = subborrow_u64(x959, x938, 0x0);
(cmovznz64(x962, x958, x936), cmovznz64(x962, x955, x933), cmovznz64(x962, x952, x930), cmovznz64(x962, x949, x927), cmovznz64(x962, x946, x924), cmovznz64(x962, x943, x921), cmovznz64(x962, x940, x918))
     : ∀ var : Z.Syntax.base_type → Type, expr Z.Syntax.base_type Z.Syntax.op (uint64_t * uint64_t * uint64_t * uint64_t * uint64_t * uint64_t * uint64_t * (uint64_t * uint64_t * uint64_t * uint64_t * uint64_t * uint64_t * uint64_t) -> uint64_t * uint64_t * uint64_t * uint64_t * uint64_t * uint64_t * uint64_t)

Argument scope is [function_scope]
