mul = λ var : Z.Syntax.base_type → Type,
λ '(x30, x31, x29, x27, x25, x23, x21, x19, x17, x15, x13, x11, x9, x7, x5, x3, (x60, x61, x59, x57, x55, x53, x51, x49, x47, x45, x43, x41, x39, x37, x35, x33))%core,
uint64_t x62 = (0x2 * ((uint64_t)x30 * x60));
uint64_t x63 = ((0x2 * ((uint64_t)x31 * x60)) + (0x2 * ((uint64_t)x30 * x61)));
uint64_t x64 = ((0x2 * ((uint64_t)x29 * x60)) + ((0x2 * ((uint64_t)x31 * x61)) + (0x2 * ((uint64_t)x30 * x59))));
uint64_t x65 = ((0x2 * ((uint64_t)x27 * x60)) + ((0x2 * ((uint64_t)x29 * x61)) + ((0x2 * ((uint64_t)x31 * x59)) + (0x2 * ((uint64_t)x30 * x57)))));
uint64_t x66 = ((0x2 * ((uint64_t)x25 * x60)) + ((0x2 * ((uint64_t)x27 * x61)) + ((0x2 * ((uint64_t)x29 * x59)) + ((0x2 * ((uint64_t)x31 * x57)) + (0x2 * ((uint64_t)x30 * x55))))));
uint64_t x67 = ((0x2 * ((uint64_t)x23 * x60)) + ((0x2 * ((uint64_t)x25 * x61)) + ((0x2 * ((uint64_t)x27 * x59)) + ((0x2 * ((uint64_t)x29 * x57)) + ((0x2 * ((uint64_t)x31 * x55)) + (0x2 * ((uint64_t)x30 * x53)))))));
uint64_t x68 = ((0x2 * ((uint64_t)x21 * x60)) + ((0x2 * ((uint64_t)x23 * x61)) + ((0x2 * ((uint64_t)x25 * x59)) + ((0x2 * ((uint64_t)x27 * x57)) + ((0x2 * ((uint64_t)x29 * x55)) + ((0x2 * ((uint64_t)x31 * x53)) + (0x2 * ((uint64_t)x30 * x51))))))));
uint64_t x69 = (((uint64_t)x19 * x60) + (((uint64_t)x21 * x61) + (((uint64_t)x23 * x59) + (((uint64_t)x25 * x57) + (((uint64_t)x27 * x55) + (((uint64_t)x29 * x53) + (((uint64_t)x31 * x51) + ((uint64_t)x30 * x49))))))));
uint64_t x70 = ((0x2 * ((uint64_t)x17 * x60)) + (((uint64_t)x19 * x61) + (((uint64_t)x21 * x59) + (((uint64_t)x23 * x57) + (((uint64_t)x25 * x55) + (((uint64_t)x27 * x53) + (((uint64_t)x29 * x51) + (((uint64_t)x31 * x49) + (0x2 * ((uint64_t)x30 * x47))))))))));
uint64_t x71 = ((0x2 * ((uint64_t)x15 * x60)) + ((0x2 * ((uint64_t)x17 * x61)) + (((uint64_t)x19 * x59) + (((uint64_t)x21 * x57) + (((uint64_t)x23 * x55) + (((uint64_t)x25 * x53) + (((uint64_t)x27 * x51) + (((uint64_t)x29 * x49) + ((0x2 * ((uint64_t)x31 * x47)) + (0x2 * ((uint64_t)x30 * x45)))))))))));
uint64_t x72 = ((0x2 * ((uint64_t)x13 * x60)) + ((0x2 * ((uint64_t)x15 * x61)) + ((0x2 * ((uint64_t)x17 * x59)) + (((uint64_t)x19 * x57) + (((uint64_t)x21 * x55) + (((uint64_t)x23 * x53) + (((uint64_t)x25 * x51) + (((uint64_t)x27 * x49) + ((0x2 * ((uint64_t)x29 * x47)) + ((0x2 * ((uint64_t)x31 * x45)) + (0x2 * ((uint64_t)x30 * x43))))))))))));
uint64_t x73 = ((0x2 * ((uint64_t)x11 * x60)) + ((0x2 * ((uint64_t)x13 * x61)) + ((0x2 * ((uint64_t)x15 * x59)) + ((0x2 * ((uint64_t)x17 * x57)) + (((uint64_t)x19 * x55) + (((uint64_t)x21 * x53) + (((uint64_t)x23 * x51) + (((uint64_t)x25 * x49) + ((0x2 * ((uint64_t)x27 * x47)) + ((0x2 * ((uint64_t)x29 * x45)) + ((0x2 * ((uint64_t)x31 * x43)) + (0x2 * ((uint64_t)x30 * x41)))))))))))));
uint64_t x74 = ((0x2 * ((uint64_t)x9 * x60)) + ((0x2 * ((uint64_t)x11 * x61)) + ((0x2 * ((uint64_t)x13 * x59)) + ((0x2 * ((uint64_t)x15 * x57)) + ((0x2 * ((uint64_t)x17 * x55)) + (((uint64_t)x19 * x53) + (((uint64_t)x21 * x51) + (((uint64_t)x23 * x49) + ((0x2 * ((uint64_t)x25 * x47)) + ((0x2 * ((uint64_t)x27 * x45)) + ((0x2 * ((uint64_t)x29 * x43)) + ((0x2 * ((uint64_t)x31 * x41)) + (0x2 * ((uint64_t)x30 * x39))))))))))))));
uint64_t x75 = ((0x2 * ((uint64_t)x7 * x60)) + ((0x2 * ((uint64_t)x9 * x61)) + ((0x2 * ((uint64_t)x11 * x59)) + ((0x2 * ((uint64_t)x13 * x57)) + ((0x2 * ((uint64_t)x15 * x55)) + ((0x2 * ((uint64_t)x17 * x53)) + (((uint64_t)x19 * x51) + (((uint64_t)x21 * x49) + ((0x2 * ((uint64_t)x23 * x47)) + ((0x2 * ((uint64_t)x25 * x45)) + ((0x2 * ((uint64_t)x27 * x43)) + ((0x2 * ((uint64_t)x29 * x41)) + ((0x2 * ((uint64_t)x31 * x39)) + (0x2 * ((uint64_t)x30 * x37)))))))))))))));
uint64_t x76 = ((0x2 * ((uint64_t)x5 * x60)) + ((0x2 * ((uint64_t)x7 * x61)) + ((0x2 * ((uint64_t)x9 * x59)) + ((0x2 * ((uint64_t)x11 * x57)) + ((0x2 * ((uint64_t)x13 * x55)) + ((0x2 * ((uint64_t)x15 * x53)) + ((0x2 * ((uint64_t)x17 * x51)) + (((uint64_t)x19 * x49) + ((0x2 * ((uint64_t)x21 * x47)) + ((0x2 * ((uint64_t)x23 * x45)) + ((0x2 * ((uint64_t)x25 * x43)) + ((0x2 * ((uint64_t)x27 * x41)) + ((0x2 * ((uint64_t)x29 * x39)) + ((0x2 * ((uint64_t)x31 * x37)) + (0x2 * ((uint64_t)x30 * x35))))))))))))))));
uint64_t x77 = (((uint64_t)x3 * x60) + (((uint64_t)x5 * x61) + (((uint64_t)x7 * x59) + (((uint64_t)x9 * x57) + (((uint64_t)x11 * x55) + (((uint64_t)x13 * x53) + (((uint64_t)x15 * x51) + (((uint64_t)x17 * x49) + (((uint64_t)x19 * x47) + (((uint64_t)x21 * x45) + (((uint64_t)x23 * x43) + (((uint64_t)x25 * x41) + (((uint64_t)x27 * x39) + (((uint64_t)x29 * x37) + (((uint64_t)x31 * x35) + ((uint64_t)x30 * x33))))))))))))))));
uint64_t x78 = (((uint64_t)x3 * x61) + (((uint64_t)x5 * x59) + (((uint64_t)x7 * x57) + (((uint64_t)x9 * x55) + (((uint64_t)x11 * x53) + (((uint64_t)x13 * x51) + (((uint64_t)x15 * x49) + ((0x2 * ((uint64_t)x17 * x47)) + (((uint64_t)x19 * x45) + (((uint64_t)x21 * x43) + (((uint64_t)x23 * x41) + (((uint64_t)x25 * x39) + (((uint64_t)x27 * x37) + (((uint64_t)x29 * x35) + ((uint64_t)x31 * x33)))))))))))))));
uint64_t x79 = (((uint64_t)x3 * x59) + (((uint64_t)x5 * x57) + (((uint64_t)x7 * x55) + (((uint64_t)x9 * x53) + (((uint64_t)x11 * x51) + (((uint64_t)x13 * x49) + ((0x2 * ((uint64_t)x15 * x47)) + ((0x2 * ((uint64_t)x17 * x45)) + (((uint64_t)x19 * x43) + (((uint64_t)x21 * x41) + (((uint64_t)x23 * x39) + (((uint64_t)x25 * x37) + (((uint64_t)x27 * x35) + ((uint64_t)x29 * x33))))))))))))));
uint64_t x80 = (((uint64_t)x3 * x57) + (((uint64_t)x5 * x55) + (((uint64_t)x7 * x53) + (((uint64_t)x9 * x51) + (((uint64_t)x11 * x49) + ((0x2 * ((uint64_t)x13 * x47)) + ((0x2 * ((uint64_t)x15 * x45)) + ((0x2 * ((uint64_t)x17 * x43)) + (((uint64_t)x19 * x41) + (((uint64_t)x21 * x39) + (((uint64_t)x23 * x37) + (((uint64_t)x25 * x35) + ((uint64_t)x27 * x33)))))))))))));
uint64_t x81 = (((uint64_t)x3 * x55) + (((uint64_t)x5 * x53) + (((uint64_t)x7 * x51) + (((uint64_t)x9 * x49) + ((0x2 * ((uint64_t)x11 * x47)) + ((0x2 * ((uint64_t)x13 * x45)) + ((0x2 * ((uint64_t)x15 * x43)) + ((0x2 * ((uint64_t)x17 * x41)) + (((uint64_t)x19 * x39) + (((uint64_t)x21 * x37) + (((uint64_t)x23 * x35) + ((uint64_t)x25 * x33))))))))))));
uint64_t x82 = (((uint64_t)x3 * x53) + (((uint64_t)x5 * x51) + (((uint64_t)x7 * x49) + ((0x2 * ((uint64_t)x9 * x47)) + ((0x2 * ((uint64_t)x11 * x45)) + ((0x2 * ((uint64_t)x13 * x43)) + ((0x2 * ((uint64_t)x15 * x41)) + ((0x2 * ((uint64_t)x17 * x39)) + (((uint64_t)x19 * x37) + (((uint64_t)x21 * x35) + ((uint64_t)x23 * x33)))))))))));
uint64_t x83 = (((uint64_t)x3 * x51) + (((uint64_t)x5 * x49) + ((0x2 * ((uint64_t)x7 * x47)) + ((0x2 * ((uint64_t)x9 * x45)) + ((0x2 * ((uint64_t)x11 * x43)) + ((0x2 * ((uint64_t)x13 * x41)) + ((0x2 * ((uint64_t)x15 * x39)) + ((0x2 * ((uint64_t)x17 * x37)) + (((uint64_t)x19 * x35) + ((uint64_t)x21 * x33))))))))));
uint64_t x84 = (((uint64_t)x3 * x49) + ((0x2 * ((uint64_t)x5 * x47)) + ((0x2 * ((uint64_t)x7 * x45)) + ((0x2 * ((uint64_t)x9 * x43)) + ((0x2 * ((uint64_t)x11 * x41)) + ((0x2 * ((uint64_t)x13 * x39)) + ((0x2 * ((uint64_t)x15 * x37)) + ((0x2 * ((uint64_t)x17 * x35)) + ((uint64_t)x19 * x33)))))))));
uint64_t x85 = (((uint64_t)x3 * x47) + (((uint64_t)x5 * x45) + (((uint64_t)x7 * x43) + (((uint64_t)x9 * x41) + (((uint64_t)x11 * x39) + (((uint64_t)x13 * x37) + (((uint64_t)x15 * x35) + ((uint64_t)x17 * x33))))))));
uint64_t x86 = (((uint64_t)x3 * x45) + (((uint64_t)x5 * x43) + (((uint64_t)x7 * x41) + (((uint64_t)x9 * x39) + (((uint64_t)x11 * x37) + (((uint64_t)x13 * x35) + ((uint64_t)x15 * x33)))))));
uint64_t x87 = (((uint64_t)x3 * x43) + (((uint64_t)x5 * x41) + (((uint64_t)x7 * x39) + (((uint64_t)x9 * x37) + (((uint64_t)x11 * x35) + ((uint64_t)x13 * x33))))));
uint64_t x88 = (((uint64_t)x3 * x41) + (((uint64_t)x5 * x39) + (((uint64_t)x7 * x37) + (((uint64_t)x9 * x35) + ((uint64_t)x11 * x33)))));
uint64_t x89 = (((uint64_t)x3 * x39) + (((uint64_t)x5 * x37) + (((uint64_t)x7 * x35) + ((uint64_t)x9 * x33))));
uint64_t x90 = (((uint64_t)x3 * x37) + (((uint64_t)x5 * x35) + ((uint64_t)x7 * x33)));
uint64_t x91 = (((uint64_t)x3 * x35) + ((uint64_t)x5 * x33));
uint64_t x92 = ((uint64_t)x3 * x33);
uint64_t x93 = (x78 + (0x69 * x62));
uint64_t x94 = (x79 + (0x69 * x63));
uint64_t x95 = (x80 + (0x69 * x64));
uint64_t x96 = (x81 + (0x69 * x65));
uint64_t x97 = (x82 + (0x69 * x66));
uint64_t x98 = (x83 + (0x69 * x67));
uint64_t x99 = (x84 + (0x69 * x68));
uint64_t x100 = (x85 + (0x69 * x69));
uint64_t x101 = (x86 + (0x69 * x70));
uint64_t x102 = (x87 + (0x69 * x71));
uint64_t x103 = (x88 + (0x69 * x72));
uint64_t x104 = (x89 + (0x69 * x73));
uint64_t x105 = (x90 + (0x69 * x74));
uint64_t x106 = (x91 + (0x69 * x75));
uint64_t x107 = (x92 + (0x69 * x76));
uint64_t x108 = (x107 >> 0x18);
uint32_t x109 = ((uint32_t)x107 & 0xffffff);
uint64_t x110 = (x108 + x106);
uint64_t x111 = (x110 >> 0x18);
uint32_t x112 = ((uint32_t)x110 & 0xffffff);
uint64_t x113 = (x111 + x105);
uint64_t x114 = (x113 >> 0x18);
uint32_t x115 = ((uint32_t)x113 & 0xffffff);
uint64_t x116 = (x114 + x104);
uint64_t x117 = (x116 >> 0x18);
uint32_t x118 = ((uint32_t)x116 & 0xffffff);
uint64_t x119 = (x117 + x103);
uint64_t x120 = (x119 >> 0x18);
uint32_t x121 = ((uint32_t)x119 & 0xffffff);
uint64_t x122 = (x120 + x102);
uint64_t x123 = (x122 >> 0x18);
uint32_t x124 = ((uint32_t)x122 & 0xffffff);
uint64_t x125 = (x123 + x101);
uint64_t x126 = (x125 >> 0x18);
uint32_t x127 = ((uint32_t)x125 & 0xffffff);
uint64_t x128 = (x126 + x100);
uint64_t x129 = (x128 >> 0x17);
uint32_t x130 = ((uint32_t)x128 & 0x7fffff);
uint64_t x131 = (x129 + x99);
uint64_t x132 = (x131 >> 0x18);
uint32_t x133 = ((uint32_t)x131 & 0xffffff);
uint64_t x134 = (x132 + x98);
uint64_t x135 = (x134 >> 0x18);
uint32_t x136 = ((uint32_t)x134 & 0xffffff);
uint64_t x137 = (x135 + x97);
uint64_t x138 = (x137 >> 0x18);
uint32_t x139 = ((uint32_t)x137 & 0xffffff);
uint64_t x140 = (x138 + x96);
uint64_t x141 = (x140 >> 0x18);
uint32_t x142 = ((uint32_t)x140 & 0xffffff);
uint64_t x143 = (x141 + x95);
uint64_t x144 = (x143 >> 0x18);
uint32_t x145 = ((uint32_t)x143 & 0xffffff);
uint64_t x146 = (x144 + x94);
uint64_t x147 = (x146 >> 0x18);
uint32_t x148 = ((uint32_t)x146 & 0xffffff);
uint64_t x149 = (x147 + x93);
uint64_t x150 = (x149 >> 0x18);
uint32_t x151 = ((uint32_t)x149 & 0xffffff);
uint64_t x152 = (x150 + x77);
uint64_t x153 = (x152 >> 0x17);
uint32_t x154 = ((uint32_t)x152 & 0x7fffff);
uint64_t x155 = (x109 + (0x69 * x153));
uint32_t x156 = (uint32_t) (x155 >> 0x18);
uint32_t x157 = ((uint32_t)x155 & 0xffffff);
uint32_t x158 = (x156 + x112);
uint32_t x159 = (x158 >> 0x18);
uint32_t x160 = (x158 & 0xffffff);
return (Return x154, Return x151, Return x148, Return x145, Return x142, Return x139, Return x136, Return x133, Return x130, Return x127, Return x124, Return x121, Return x118, (x159 + x115), Return x160, Return x157)
     : ∀ var : Z.Syntax.base_type → Type, expr Z.Syntax.base_type Z.Syntax.op (uint32_t * uint32_t * uint32_t * uint32_t * uint32_t * uint32_t * uint32_t * uint32_t * uint32_t * uint32_t * uint32_t * uint32_t * uint32_t * uint32_t * uint32_t * uint32_t * (uint32_t * uint32_t * uint32_t * uint32_t * uint32_t * uint32_t * uint32_t * uint32_t * uint32_t * uint32_t * uint32_t * uint32_t * uint32_t * uint32_t * uint32_t * uint32_t) -> uint32_t * uint32_t * uint32_t * uint32_t * uint32_t * uint32_t * uint32_t * uint32_t * uint32_t * uint32_t * uint32_t * uint32_t * uint32_t * uint32_t * uint32_t * uint32_t)

Argument scope is [function_scope]
