freeze = λ var : Z.Syntax.base_type → Type,
λ '(x8, x9, x7, x5, x3, x1)%core,
uint64_t x11, uint64_t x12 = Op (Z.Syntax.SubWithGetBorrow 48 (Syntax.TWord 6) (Syntax.TWord 6) (Syntax.TWord 6) (Syntax.TWord 6) (Syntax.TWord 6)) (0x0, Return x1, 0xfffffffffff7);
uint64_t x14, uint64_t x15 = Op (Z.Syntax.SubWithGetBorrow 47 (Syntax.TWord 6) (Syntax.TWord 6) (Syntax.TWord 6) (Syntax.TWord 6) (Syntax.TWord 6)) (Return x12, Return x3, 0x7fffffffffff);
uint64_t x17, uint64_t x18 = Op (Z.Syntax.SubWithGetBorrow 48 (Syntax.TWord 6) (Syntax.TWord 6) (Syntax.TWord 6) (Syntax.TWord 6) (Syntax.TWord 6)) (Return x15, Return x5, 0xffffffffffff);
uint64_t x20, uint64_t x21 = Op (Z.Syntax.SubWithGetBorrow 47 (Syntax.TWord 6) (Syntax.TWord 6) (Syntax.TWord 6) (Syntax.TWord 6) (Syntax.TWord 6)) (Return x18, Return x7, 0x7fffffffffff);
uint64_t x23, uint64_t x24 = Op (Z.Syntax.SubWithGetBorrow 48 (Syntax.TWord 6) (Syntax.TWord 6) (Syntax.TWord 6) (Syntax.TWord 6) (Syntax.TWord 6)) (Return x21, Return x9, 0xffffffffffff);
uint64_t x26, uint64_t x27 = Op (Z.Syntax.SubWithGetBorrow 47 (Syntax.TWord 6) (Syntax.TWord 6) (Syntax.TWord 6) (Syntax.TWord 6) (Syntax.TWord 6)) (Return x24, Return x8, 0x7fffffffffff);
uint64_t x28 = cmovznz64(x27, 0x0, 0xffffffffffffffffL);
uint64_t x29 = (x28 & 0xfffffffffff7);
uint64_t x31, uint64_t x32 = Op (Z.Syntax.AddWithGetCarry 48 (Syntax.TWord 6) (Syntax.TWord 6) (Syntax.TWord 6) (Syntax.TWord 6) (Syntax.TWord 6)) (0x0, Return x11, Return x29);
uint64_t x33 = (x28 & 0x7fffffffffff);
uint64_t x35, uint64_t x36 = Op (Z.Syntax.AddWithGetCarry 47 (Syntax.TWord 6) (Syntax.TWord 6) (Syntax.TWord 6) (Syntax.TWord 6) (Syntax.TWord 6)) (Return x32, Return x14, Return x33);
uint64_t x37 = (x28 & 0xffffffffffff);
uint64_t x39, uint64_t x40 = Op (Z.Syntax.AddWithGetCarry 48 (Syntax.TWord 6) (Syntax.TWord 6) (Syntax.TWord 6) (Syntax.TWord 6) (Syntax.TWord 6)) (Return x36, Return x17, Return x37);
uint64_t x41 = (x28 & 0x7fffffffffff);
uint64_t x43, uint64_t x44 = Op (Z.Syntax.AddWithGetCarry 47 (Syntax.TWord 6) (Syntax.TWord 6) (Syntax.TWord 6) (Syntax.TWord 6) (Syntax.TWord 6)) (Return x40, Return x20, Return x41);
uint64_t x45 = (x28 & 0xffffffffffff);
uint64_t x47, uint64_t x48 = Op (Z.Syntax.AddWithGetCarry 48 (Syntax.TWord 6) (Syntax.TWord 6) (Syntax.TWord 6) (Syntax.TWord 6) (Syntax.TWord 6)) (Return x44, Return x23, Return x45);
uint64_t x49 = (x28 & 0x7fffffffffff);
uint64_t x51, uint64_t _ = Op (Z.Syntax.AddWithGetCarry 47 (Syntax.TWord 6) (Syntax.TWord 6) (Syntax.TWord 6) (Syntax.TWord 6) (Syntax.TWord 6)) (Return x48, Return x26, Return x49);
(Return x51, Return x47, Return x43, Return x39, Return x35, Return x31)
     : ∀ var : Z.Syntax.base_type → Type, expr Z.Syntax.base_type Z.Syntax.op (uint64_t * uint64_t * uint64_t * uint64_t * uint64_t * uint64_t -> uint64_t * uint64_t * uint64_t * uint64_t * uint64_t * uint64_t)

Argument scope is [function_scope]
