freeze = λ var : Z.Syntax.base_type → Type,
λ '(x16, x17, x15, x13, x11, x9, x7, x5, x3, x1)%core,
uint32_t x19, uint32_t x20 = Op (Z.Syntax.SubWithGetBorrow 26 (Syntax.TWord 5) (Syntax.TWord 5) (Syntax.TWord 5) (Syntax.TWord 5) (Syntax.TWord 5)) (0x0, Return x1, 0x3fffff7);
uint32_t x22, uint32_t x23 = Op (Z.Syntax.SubWithGetBorrow 25 (Syntax.TWord 5) (Syntax.TWord 5) (Syntax.TWord 5) (Syntax.TWord 5) (Syntax.TWord 5)) (Return x20, Return x3, 0x1ffffff);
uint32_t x25, uint32_t x26 = Op (Z.Syntax.SubWithGetBorrow 25 (Syntax.TWord 5) (Syntax.TWord 5) (Syntax.TWord 5) (Syntax.TWord 5) (Syntax.TWord 5)) (Return x23, Return x5, 0x1ffffff);
uint32_t x28, uint32_t x29 = Op (Z.Syntax.SubWithGetBorrow 25 (Syntax.TWord 5) (Syntax.TWord 5) (Syntax.TWord 5) (Syntax.TWord 5) (Syntax.TWord 5)) (Return x26, Return x7, 0x1ffffff);
uint32_t x31, uint32_t x32 = Op (Z.Syntax.SubWithGetBorrow 25 (Syntax.TWord 5) (Syntax.TWord 5) (Syntax.TWord 5) (Syntax.TWord 5) (Syntax.TWord 5)) (Return x29, Return x9, 0x1ffffff);
uint32_t x34, uint32_t x35 = Op (Z.Syntax.SubWithGetBorrow 25 (Syntax.TWord 5) (Syntax.TWord 5) (Syntax.TWord 5) (Syntax.TWord 5) (Syntax.TWord 5)) (Return x32, Return x11, 0x1ffffff);
uint32_t x37, uint32_t x38 = Op (Z.Syntax.SubWithGetBorrow 25 (Syntax.TWord 5) (Syntax.TWord 5) (Syntax.TWord 5) (Syntax.TWord 5) (Syntax.TWord 5)) (Return x35, Return x13, 0x1ffffff);
uint32_t x40, uint32_t x41 = Op (Z.Syntax.SubWithGetBorrow 25 (Syntax.TWord 5) (Syntax.TWord 5) (Syntax.TWord 5) (Syntax.TWord 5) (Syntax.TWord 5)) (Return x38, Return x15, 0x1ffffff);
uint32_t x43, uint32_t x44 = Op (Z.Syntax.SubWithGetBorrow 25 (Syntax.TWord 5) (Syntax.TWord 5) (Syntax.TWord 5) (Syntax.TWord 5) (Syntax.TWord 5)) (Return x41, Return x17, 0x1ffffff);
uint32_t x46, uint32_t x47 = Op (Z.Syntax.SubWithGetBorrow 25 (Syntax.TWord 5) (Syntax.TWord 5) (Syntax.TWord 5) (Syntax.TWord 5) (Syntax.TWord 5)) (Return x44, Return x16, 0x1ffffff);
uint32_t x48 = cmovznz32(x47, 0x0, 0xffffffff);
uint32_t x49 = (x48 & 0x3fffff7);
uint32_t x51, uint32_t x52 = Op (Z.Syntax.AddWithGetCarry 26 (Syntax.TWord 5) (Syntax.TWord 5) (Syntax.TWord 5) (Syntax.TWord 5) (Syntax.TWord 5)) (0x0, Return x19, Return x49);
uint32_t x53 = (x48 & 0x1ffffff);
uint32_t x55, uint32_t x56 = Op (Z.Syntax.AddWithGetCarry 25 (Syntax.TWord 5) (Syntax.TWord 5) (Syntax.TWord 5) (Syntax.TWord 5) (Syntax.TWord 5)) (Return x52, Return x22, Return x53);
uint32_t x57 = (x48 & 0x1ffffff);
uint32_t x59, uint32_t x60 = Op (Z.Syntax.AddWithGetCarry 25 (Syntax.TWord 5) (Syntax.TWord 5) (Syntax.TWord 5) (Syntax.TWord 5) (Syntax.TWord 5)) (Return x56, Return x25, Return x57);
uint32_t x61 = (x48 & 0x1ffffff);
uint32_t x63, uint32_t x64 = Op (Z.Syntax.AddWithGetCarry 25 (Syntax.TWord 5) (Syntax.TWord 5) (Syntax.TWord 5) (Syntax.TWord 5) (Syntax.TWord 5)) (Return x60, Return x28, Return x61);
uint32_t x65 = (x48 & 0x1ffffff);
uint32_t x67, uint32_t x68 = Op (Z.Syntax.AddWithGetCarry 25 (Syntax.TWord 5) (Syntax.TWord 5) (Syntax.TWord 5) (Syntax.TWord 5) (Syntax.TWord 5)) (Return x64, Return x31, Return x65);
uint32_t x69 = (x48 & 0x1ffffff);
uint32_t x71, uint32_t x72 = Op (Z.Syntax.AddWithGetCarry 25 (Syntax.TWord 5) (Syntax.TWord 5) (Syntax.TWord 5) (Syntax.TWord 5) (Syntax.TWord 5)) (Return x68, Return x34, Return x69);
uint32_t x73 = (x48 & 0x1ffffff);
uint32_t x75, uint32_t x76 = Op (Z.Syntax.AddWithGetCarry 25 (Syntax.TWord 5) (Syntax.TWord 5) (Syntax.TWord 5) (Syntax.TWord 5) (Syntax.TWord 5)) (Return x72, Return x37, Return x73);
uint32_t x77 = (x48 & 0x1ffffff);
uint32_t x79, uint32_t x80 = Op (Z.Syntax.AddWithGetCarry 25 (Syntax.TWord 5) (Syntax.TWord 5) (Syntax.TWord 5) (Syntax.TWord 5) (Syntax.TWord 5)) (Return x76, Return x40, Return x77);
uint32_t x81 = (x48 & 0x1ffffff);
uint32_t x83, uint32_t x84 = Op (Z.Syntax.AddWithGetCarry 25 (Syntax.TWord 5) (Syntax.TWord 5) (Syntax.TWord 5) (Syntax.TWord 5) (Syntax.TWord 5)) (Return x80, Return x43, Return x81);
uint32_t x85 = (x48 & 0x1ffffff);
uint32_t x87, uint32_t _ = Op (Z.Syntax.AddWithGetCarry 25 (Syntax.TWord 5) (Syntax.TWord 5) (Syntax.TWord 5) (Syntax.TWord 5) (Syntax.TWord 5)) (Return x84, Return x46, Return x85);
(Return x87, Return x83, Return x79, Return x75, Return x71, Return x67, Return x63, Return x59, Return x55, Return x51)
     : ∀ var : Z.Syntax.base_type → Type, expr Z.Syntax.base_type Z.Syntax.op (uint32_t * uint32_t * uint32_t * uint32_t * uint32_t * uint32_t * uint32_t * uint32_t * uint32_t * uint32_t -> uint32_t * uint32_t * uint32_t * uint32_t * uint32_t * uint32_t * uint32_t * uint32_t * uint32_t * uint32_t)

Argument scope is [function_scope]
