freeze = λ var : Z.Syntax.base_type → Type,
λ '(x10, x11, x9, x7, x5, x3, x1)%core,
uint64_t x13, uint64_t x14 = Op (Z.Syntax.SubWithGetBorrow 55 (Syntax.TWord 6) (Syntax.TWord 6) (Syntax.TWord 6) (Syntax.TWord 6) (Syntax.TWord 6)) (0x0, Return x1, 0x7fffffffffffe1);
uint64_t x16, uint64_t x17 = Op (Z.Syntax.SubWithGetBorrow 55 (Syntax.TWord 6) (Syntax.TWord 6) (Syntax.TWord 6) (Syntax.TWord 6) (Syntax.TWord 6)) (Return x14, Return x3, 0x7fffffffffffff);
uint64_t x19, uint64_t x20 = Op (Z.Syntax.SubWithGetBorrow 55 (Syntax.TWord 6) (Syntax.TWord 6) (Syntax.TWord 6) (Syntax.TWord 6) (Syntax.TWord 6)) (Return x17, Return x5, 0x7fffffffffffff);
uint64_t x22, uint64_t x23 = Op (Z.Syntax.SubWithGetBorrow 54 (Syntax.TWord 6) (Syntax.TWord 6) (Syntax.TWord 6) (Syntax.TWord 6) (Syntax.TWord 6)) (Return x20, Return x7, 0x3fffffffffffff);
uint64_t x25, uint64_t x26 = Op (Z.Syntax.SubWithGetBorrow 55 (Syntax.TWord 6) (Syntax.TWord 6) (Syntax.TWord 6) (Syntax.TWord 6) (Syntax.TWord 6)) (Return x23, Return x9, 0x7fffffffffffff);
uint64_t x28, uint64_t x29 = Op (Z.Syntax.SubWithGetBorrow 55 (Syntax.TWord 6) (Syntax.TWord 6) (Syntax.TWord 6) (Syntax.TWord 6) (Syntax.TWord 6)) (Return x26, Return x11, 0x7fffffffffffff);
uint64_t x31, uint64_t x32 = Op (Z.Syntax.SubWithGetBorrow 54 (Syntax.TWord 6) (Syntax.TWord 6) (Syntax.TWord 6) (Syntax.TWord 6) (Syntax.TWord 6)) (Return x29, Return x10, 0x3fffffffffffff);
uint64_t x33 = cmovznz64(x32, 0x0, 0xffffffffffffffffL);
uint64_t x34 = (x33 & 0x7fffffffffffe1);
uint64_t x36, uint64_t x37 = Op (Z.Syntax.AddWithGetCarry 55 (Syntax.TWord 6) (Syntax.TWord 6) (Syntax.TWord 6) (Syntax.TWord 6) (Syntax.TWord 6)) (0x0, Return x13, Return x34);
uint64_t x38 = (x33 & 0x7fffffffffffff);
uint64_t x40, uint64_t x41 = Op (Z.Syntax.AddWithGetCarry 55 (Syntax.TWord 6) (Syntax.TWord 6) (Syntax.TWord 6) (Syntax.TWord 6) (Syntax.TWord 6)) (Return x37, Return x16, Return x38);
uint64_t x42 = (x33 & 0x7fffffffffffff);
uint64_t x44, uint64_t x45 = Op (Z.Syntax.AddWithGetCarry 55 (Syntax.TWord 6) (Syntax.TWord 6) (Syntax.TWord 6) (Syntax.TWord 6) (Syntax.TWord 6)) (Return x41, Return x19, Return x42);
uint64_t x46 = (x33 & 0x3fffffffffffff);
uint64_t x48, uint64_t x49 = Op (Z.Syntax.AddWithGetCarry 54 (Syntax.TWord 6) (Syntax.TWord 6) (Syntax.TWord 6) (Syntax.TWord 6) (Syntax.TWord 6)) (Return x45, Return x22, Return x46);
uint64_t x50 = (x33 & 0x7fffffffffffff);
uint64_t x52, uint64_t x53 = Op (Z.Syntax.AddWithGetCarry 55 (Syntax.TWord 6) (Syntax.TWord 6) (Syntax.TWord 6) (Syntax.TWord 6) (Syntax.TWord 6)) (Return x49, Return x25, Return x50);
uint64_t x54 = (x33 & 0x7fffffffffffff);
uint64_t x56, uint64_t x57 = Op (Z.Syntax.AddWithGetCarry 55 (Syntax.TWord 6) (Syntax.TWord 6) (Syntax.TWord 6) (Syntax.TWord 6) (Syntax.TWord 6)) (Return x53, Return x28, Return x54);
uint64_t x58 = (x33 & 0x3fffffffffffff);
uint64_t x60, uint64_t _ = Op (Z.Syntax.AddWithGetCarry 54 (Syntax.TWord 6) (Syntax.TWord 6) (Syntax.TWord 6) (Syntax.TWord 6) (Syntax.TWord 6)) (Return x57, Return x31, Return x58);
(Return x60, Return x56, Return x52, Return x48, Return x44, Return x40, Return x36)
     : ∀ var : Z.Syntax.base_type → Type, expr Z.Syntax.base_type Z.Syntax.op (uint64_t * uint64_t * uint64_t * uint64_t * uint64_t * uint64_t * uint64_t -> uint64_t * uint64_t * uint64_t * uint64_t * uint64_t * uint64_t * uint64_t)

Argument scope is [function_scope]
