freeze = λ var : Z.Syntax.base_type → Type,
λ '(x44, x45, x43, x41, x39, x37, x35, x33, x31, x29, x27, x25, x23, x21, x19, x17, x15, x13, x11, x9, x7, x5, x3, x1)%core,
uint32_t x47, uint32_t x48 = Op (Z.Syntax.SubWithGetBorrow 22 (Syntax.TWord 5) (Syntax.TWord 5) (Syntax.TWord 5) (Syntax.TWord 5) (Syntax.TWord 5)) (0x0, Return x1, 0x3ffe1f);
uint32_t x50, uint32_t x51 = Op (Z.Syntax.SubWithGetBorrow 21 (Syntax.TWord 5) (Syntax.TWord 5) (Syntax.TWord 5) (Syntax.TWord 5) (Syntax.TWord 5)) (Return x48, Return x3, 0x1fffff);
uint32_t x53, uint32_t x54 = Op (Z.Syntax.SubWithGetBorrow 21 (Syntax.TWord 5) (Syntax.TWord 5) (Syntax.TWord 5) (Syntax.TWord 5) (Syntax.TWord 5)) (Return x51, Return x5, 0x1fffff);
uint32_t x56, uint32_t x57 = Op (Z.Syntax.SubWithGetBorrow 22 (Syntax.TWord 5) (Syntax.TWord 5) (Syntax.TWord 5) (Syntax.TWord 5) (Syntax.TWord 5)) (Return x54, Return x7, 0x3fffff);
uint32_t x59, uint32_t x60 = Op (Z.Syntax.SubWithGetBorrow 21 (Syntax.TWord 5) (Syntax.TWord 5) (Syntax.TWord 5) (Syntax.TWord 5) (Syntax.TWord 5)) (Return x57, Return x9, 0x1fffff);
uint32_t x62, uint32_t x63 = Op (Z.Syntax.SubWithGetBorrow 21 (Syntax.TWord 5) (Syntax.TWord 5) (Syntax.TWord 5) (Syntax.TWord 5) (Syntax.TWord 5)) (Return x60, Return x11, 0x1fffff);
uint32_t x65, uint32_t x66 = Op (Z.Syntax.SubWithGetBorrow 22 (Syntax.TWord 5) (Syntax.TWord 5) (Syntax.TWord 5) (Syntax.TWord 5) (Syntax.TWord 5)) (Return x63, Return x13, 0x3fffff);
uint32_t x68, uint32_t x69 = Op (Z.Syntax.SubWithGetBorrow 21 (Syntax.TWord 5) (Syntax.TWord 5) (Syntax.TWord 5) (Syntax.TWord 5) (Syntax.TWord 5)) (Return x66, Return x15, 0x1fffff);
uint32_t x71, uint32_t x72 = Op (Z.Syntax.SubWithGetBorrow 21 (Syntax.TWord 5) (Syntax.TWord 5) (Syntax.TWord 5) (Syntax.TWord 5) (Syntax.TWord 5)) (Return x69, Return x17, 0x1fffff);
uint32_t x74, uint32_t x75 = Op (Z.Syntax.SubWithGetBorrow 21 (Syntax.TWord 5) (Syntax.TWord 5) (Syntax.TWord 5) (Syntax.TWord 5) (Syntax.TWord 5)) (Return x72, Return x19, 0x1fffff);
uint32_t x77, uint32_t x78 = Op (Z.Syntax.SubWithGetBorrow 22 (Syntax.TWord 5) (Syntax.TWord 5) (Syntax.TWord 5) (Syntax.TWord 5) (Syntax.TWord 5)) (Return x75, Return x21, 0x3fffff);
uint32_t x80, uint32_t x81 = Op (Z.Syntax.SubWithGetBorrow 21 (Syntax.TWord 5) (Syntax.TWord 5) (Syntax.TWord 5) (Syntax.TWord 5) (Syntax.TWord 5)) (Return x78, Return x23, 0x1fffff);
uint32_t x83, uint32_t x84 = Op (Z.Syntax.SubWithGetBorrow 21 (Syntax.TWord 5) (Syntax.TWord 5) (Syntax.TWord 5) (Syntax.TWord 5) (Syntax.TWord 5)) (Return x81, Return x25, 0x1fffff);
uint32_t x86, uint32_t x87 = Op (Z.Syntax.SubWithGetBorrow 22 (Syntax.TWord 5) (Syntax.TWord 5) (Syntax.TWord 5) (Syntax.TWord 5) (Syntax.TWord 5)) (Return x84, Return x27, 0x3fffff);
uint32_t x89, uint32_t x90 = Op (Z.Syntax.SubWithGetBorrow 21 (Syntax.TWord 5) (Syntax.TWord 5) (Syntax.TWord 5) (Syntax.TWord 5) (Syntax.TWord 5)) (Return x87, Return x29, 0x1fffff);
uint32_t x92, uint32_t x93 = Op (Z.Syntax.SubWithGetBorrow 21 (Syntax.TWord 5) (Syntax.TWord 5) (Syntax.TWord 5) (Syntax.TWord 5) (Syntax.TWord 5)) (Return x90, Return x31, 0x1fffff);
uint32_t x95, uint32_t x96 = Op (Z.Syntax.SubWithGetBorrow 21 (Syntax.TWord 5) (Syntax.TWord 5) (Syntax.TWord 5) (Syntax.TWord 5) (Syntax.TWord 5)) (Return x93, Return x33, 0x1fffff);
uint32_t x98, uint32_t x99 = Op (Z.Syntax.SubWithGetBorrow 22 (Syntax.TWord 5) (Syntax.TWord 5) (Syntax.TWord 5) (Syntax.TWord 5) (Syntax.TWord 5)) (Return x96, Return x35, 0x3fffff);
uint32_t x101, uint32_t x102 = Op (Z.Syntax.SubWithGetBorrow 21 (Syntax.TWord 5) (Syntax.TWord 5) (Syntax.TWord 5) (Syntax.TWord 5) (Syntax.TWord 5)) (Return x99, Return x37, 0x1fffff);
uint32_t x104, uint32_t x105 = Op (Z.Syntax.SubWithGetBorrow 21 (Syntax.TWord 5) (Syntax.TWord 5) (Syntax.TWord 5) (Syntax.TWord 5) (Syntax.TWord 5)) (Return x102, Return x39, 0x1fffff);
uint32_t x107, uint32_t x108 = Op (Z.Syntax.SubWithGetBorrow 22 (Syntax.TWord 5) (Syntax.TWord 5) (Syntax.TWord 5) (Syntax.TWord 5) (Syntax.TWord 5)) (Return x105, Return x41, 0x3fffff);
uint32_t x110, uint32_t x111 = Op (Z.Syntax.SubWithGetBorrow 21 (Syntax.TWord 5) (Syntax.TWord 5) (Syntax.TWord 5) (Syntax.TWord 5) (Syntax.TWord 5)) (Return x108, Return x43, 0x1fffff);
uint32_t x113, uint32_t x114 = Op (Z.Syntax.SubWithGetBorrow 21 (Syntax.TWord 5) (Syntax.TWord 5) (Syntax.TWord 5) (Syntax.TWord 5) (Syntax.TWord 5)) (Return x111, Return x45, 0x1fffff);
uint32_t x116, uint32_t x117 = Op (Z.Syntax.SubWithGetBorrow 21 (Syntax.TWord 5) (Syntax.TWord 5) (Syntax.TWord 5) (Syntax.TWord 5) (Syntax.TWord 5)) (Return x114, Return x44, 0x1fffff);
uint32_t x118 = cmovznz32(x117, 0x0, 0xffffffff);
uint32_t x119 = (x118 & 0x3ffe1f);
uint32_t x121, uint32_t x122 = Op (Z.Syntax.AddWithGetCarry 22 (Syntax.TWord 5) (Syntax.TWord 5) (Syntax.TWord 5) (Syntax.TWord 5) (Syntax.TWord 5)) (0x0, Return x47, Return x119);
uint32_t x123 = (x118 & 0x1fffff);
uint32_t x125, uint32_t x126 = Op (Z.Syntax.AddWithGetCarry 21 (Syntax.TWord 5) (Syntax.TWord 5) (Syntax.TWord 5) (Syntax.TWord 5) (Syntax.TWord 5)) (Return x122, Return x50, Return x123);
uint32_t x127 = (x118 & 0x1fffff);
uint32_t x129, uint32_t x130 = Op (Z.Syntax.AddWithGetCarry 21 (Syntax.TWord 5) (Syntax.TWord 5) (Syntax.TWord 5) (Syntax.TWord 5) (Syntax.TWord 5)) (Return x126, Return x53, Return x127);
uint32_t x131 = (x118 & 0x3fffff);
uint32_t x133, uint32_t x134 = Op (Z.Syntax.AddWithGetCarry 22 (Syntax.TWord 5) (Syntax.TWord 5) (Syntax.TWord 5) (Syntax.TWord 5) (Syntax.TWord 5)) (Return x130, Return x56, Return x131);
uint32_t x135 = (x118 & 0x1fffff);
uint32_t x137, uint32_t x138 = Op (Z.Syntax.AddWithGetCarry 21 (Syntax.TWord 5) (Syntax.TWord 5) (Syntax.TWord 5) (Syntax.TWord 5) (Syntax.TWord 5)) (Return x134, Return x59, Return x135);
uint32_t x139 = (x118 & 0x1fffff);
uint32_t x141, uint32_t x142 = Op (Z.Syntax.AddWithGetCarry 21 (Syntax.TWord 5) (Syntax.TWord 5) (Syntax.TWord 5) (Syntax.TWord 5) (Syntax.TWord 5)) (Return x138, Return x62, Return x139);
uint32_t x143 = (x118 & 0x3fffff);
uint32_t x145, uint32_t x146 = Op (Z.Syntax.AddWithGetCarry 22 (Syntax.TWord 5) (Syntax.TWord 5) (Syntax.TWord 5) (Syntax.TWord 5) (Syntax.TWord 5)) (Return x142, Return x65, Return x143);
uint32_t x147 = (x118 & 0x1fffff);
uint32_t x149, uint32_t x150 = Op (Z.Syntax.AddWithGetCarry 21 (Syntax.TWord 5) (Syntax.TWord 5) (Syntax.TWord 5) (Syntax.TWord 5) (Syntax.TWord 5)) (Return x146, Return x68, Return x147);
uint32_t x151 = (x118 & 0x1fffff);
uint32_t x153, uint32_t x154 = Op (Z.Syntax.AddWithGetCarry 21 (Syntax.TWord 5) (Syntax.TWord 5) (Syntax.TWord 5) (Syntax.TWord 5) (Syntax.TWord 5)) (Return x150, Return x71, Return x151);
uint32_t x155 = (x118 & 0x1fffff);
uint32_t x157, uint32_t x158 = Op (Z.Syntax.AddWithGetCarry 21 (Syntax.TWord 5) (Syntax.TWord 5) (Syntax.TWord 5) (Syntax.TWord 5) (Syntax.TWord 5)) (Return x154, Return x74, Return x155);
uint32_t x159 = (x118 & 0x3fffff);
uint32_t x161, uint32_t x162 = Op (Z.Syntax.AddWithGetCarry 22 (Syntax.TWord 5) (Syntax.TWord 5) (Syntax.TWord 5) (Syntax.TWord 5) (Syntax.TWord 5)) (Return x158, Return x77, Return x159);
uint32_t x163 = (x118 & 0x1fffff);
uint32_t x165, uint32_t x166 = Op (Z.Syntax.AddWithGetCarry 21 (Syntax.TWord 5) (Syntax.TWord 5) (Syntax.TWord 5) (Syntax.TWord 5) (Syntax.TWord 5)) (Return x162, Return x80, Return x163);
uint32_t x167 = (x118 & 0x1fffff);
uint32_t x169, uint32_t x170 = Op (Z.Syntax.AddWithGetCarry 21 (Syntax.TWord 5) (Syntax.TWord 5) (Syntax.TWord 5) (Syntax.TWord 5) (Syntax.TWord 5)) (Return x166, Return x83, Return x167);
uint32_t x171 = (x118 & 0x3fffff);
uint32_t x173, uint32_t x174 = Op (Z.Syntax.AddWithGetCarry 22 (Syntax.TWord 5) (Syntax.TWord 5) (Syntax.TWord 5) (Syntax.TWord 5) (Syntax.TWord 5)) (Return x170, Return x86, Return x171);
uint32_t x175 = (x118 & 0x1fffff);
uint32_t x177, uint32_t x178 = Op (Z.Syntax.AddWithGetCarry 21 (Syntax.TWord 5) (Syntax.TWord 5) (Syntax.TWord 5) (Syntax.TWord 5) (Syntax.TWord 5)) (Return x174, Return x89, Return x175);
uint32_t x179 = (x118 & 0x1fffff);
uint32_t x181, uint32_t x182 = Op (Z.Syntax.AddWithGetCarry 21 (Syntax.TWord 5) (Syntax.TWord 5) (Syntax.TWord 5) (Syntax.TWord 5) (Syntax.TWord 5)) (Return x178, Return x92, Return x179);
uint32_t x183 = (x118 & 0x1fffff);
uint32_t x185, uint32_t x186 = Op (Z.Syntax.AddWithGetCarry 21 (Syntax.TWord 5) (Syntax.TWord 5) (Syntax.TWord 5) (Syntax.TWord 5) (Syntax.TWord 5)) (Return x182, Return x95, Return x183);
uint32_t x187 = (x118 & 0x3fffff);
uint32_t x189, uint32_t x190 = Op (Z.Syntax.AddWithGetCarry 22 (Syntax.TWord 5) (Syntax.TWord 5) (Syntax.TWord 5) (Syntax.TWord 5) (Syntax.TWord 5)) (Return x186, Return x98, Return x187);
uint32_t x191 = (x118 & 0x1fffff);
uint32_t x193, uint32_t x194 = Op (Z.Syntax.AddWithGetCarry 21 (Syntax.TWord 5) (Syntax.TWord 5) (Syntax.TWord 5) (Syntax.TWord 5) (Syntax.TWord 5)) (Return x190, Return x101, Return x191);
uint32_t x195 = (x118 & 0x1fffff);
uint32_t x197, uint32_t x198 = Op (Z.Syntax.AddWithGetCarry 21 (Syntax.TWord 5) (Syntax.TWord 5) (Syntax.TWord 5) (Syntax.TWord 5) (Syntax.TWord 5)) (Return x194, Return x104, Return x195);
uint32_t x199 = (x118 & 0x3fffff);
uint32_t x201, uint32_t x202 = Op (Z.Syntax.AddWithGetCarry 22 (Syntax.TWord 5) (Syntax.TWord 5) (Syntax.TWord 5) (Syntax.TWord 5) (Syntax.TWord 5)) (Return x198, Return x107, Return x199);
uint32_t x203 = (x118 & 0x1fffff);
uint32_t x205, uint32_t x206 = Op (Z.Syntax.AddWithGetCarry 21 (Syntax.TWord 5) (Syntax.TWord 5) (Syntax.TWord 5) (Syntax.TWord 5) (Syntax.TWord 5)) (Return x202, Return x110, Return x203);
uint32_t x207 = (x118 & 0x1fffff);
uint32_t x209, uint32_t x210 = Op (Z.Syntax.AddWithGetCarry 21 (Syntax.TWord 5) (Syntax.TWord 5) (Syntax.TWord 5) (Syntax.TWord 5) (Syntax.TWord 5)) (Return x206, Return x113, Return x207);
uint32_t x211 = (x118 & 0x1fffff);
uint32_t x213, uint32_t _ = Op (Z.Syntax.AddWithGetCarry 21 (Syntax.TWord 5) (Syntax.TWord 5) (Syntax.TWord 5) (Syntax.TWord 5) (Syntax.TWord 5)) (Return x210, Return x116, Return x211);
(Return x213, Return x209, Return x205, Return x201, Return x197, Return x193, Return x189, Return x185, Return x181, Return x177, Return x173, Return x169, Return x165, Return x161, Return x157, Return x153, Return x149, Return x145, Return x141, Return x137, Return x133, Return x129, Return x125, Return x121)
     : ∀ var : Z.Syntax.base_type → Type, expr Z.Syntax.base_type Z.Syntax.op (uint32_t * uint32_t * uint32_t * uint32_t * uint32_t * uint32_t * uint32_t * uint32_t * uint32_t * uint32_t * uint32_t * uint32_t * uint32_t * uint32_t * uint32_t * uint32_t * uint32_t * uint32_t * uint32_t * uint32_t * uint32_t * uint32_t * uint32_t * uint32_t -> uint32_t * uint32_t * uint32_t * uint32_t * uint32_t * uint32_t * uint32_t * uint32_t * uint32_t * uint32_t * uint32_t * uint32_t * uint32_t * uint32_t * uint32_t * uint32_t * uint32_t * uint32_t * uint32_t * uint32_t * uint32_t * uint32_t * uint32_t * uint32_t)

Argument scope is [function_scope]
