mul = λ var : Z.Syntax.base_type → Type,
λ '(x26, x27, x25, x23, x21, x19, x17, x15, x13, x11, x9, x7, x5, x3, (x52, x53, x51, x49, x47, x45, x43, x41, x39, x37, x35, x33, x31, x29))%core,
uint64_t x54 = (((uint64_t)(x15 + x26) * (x41 + x52)) - ((uint64_t)x15 * x41));
uint64_t x55 = ((((uint64_t)(x13 + x27) * (x41 + x52)) + ((uint64_t)(x15 + x26) * (x39 + x53))) - (((uint64_t)x13 * x41) + ((uint64_t)x15 * x39)));
uint64_t x56 = ((((uint64_t)(x11 + x25) * (x41 + x52)) + (((uint64_t)(x13 + x27) * (x39 + x53)) + ((uint64_t)(x15 + x26) * (x37 + x51)))) - (((uint64_t)x11 * x41) + (((uint64_t)x13 * x39) + ((uint64_t)x15 * x37))));
uint64_t x57 = ((((uint64_t)(x9 + x23) * (x41 + x52)) + (((uint64_t)(x11 + x25) * (x39 + x53)) + (((uint64_t)(x13 + x27) * (x37 + x51)) + ((uint64_t)(x15 + x26) * (x35 + x49))))) - (((uint64_t)x9 * x41) + (((uint64_t)x11 * x39) + (((uint64_t)x13 * x37) + ((uint64_t)x15 * x35)))));
uint64_t x58 = ((((uint64_t)(x7 + x21) * (x41 + x52)) + (((uint64_t)(x9 + x23) * (x39 + x53)) + (((uint64_t)(x11 + x25) * (x37 + x51)) + (((uint64_t)(x13 + x27) * (x35 + x49)) + ((uint64_t)(x15 + x26) * (x33 + x47)))))) - (((uint64_t)x7 * x41) + (((uint64_t)x9 * x39) + (((uint64_t)x11 * x37) + (((uint64_t)x13 * x35) + ((uint64_t)x15 * x33))))));
uint64_t x59 = ((((uint64_t)(x5 + x19) * (x41 + x52)) + (((uint64_t)(x7 + x21) * (x39 + x53)) + (((uint64_t)(x9 + x23) * (x37 + x51)) + (((uint64_t)(x11 + x25) * (x35 + x49)) + (((uint64_t)(x13 + x27) * (x33 + x47)) + ((uint64_t)(x15 + x26) * (x31 + x45))))))) - (((uint64_t)x5 * x41) + (((uint64_t)x7 * x39) + (((uint64_t)x9 * x37) + (((uint64_t)x11 * x35) + (((uint64_t)x13 * x33) + ((uint64_t)x15 * x31)))))));
uint64_t x60 = ((((uint64_t)(x3 + x17) * (x41 + x52)) + (((uint64_t)(x5 + x19) * (x39 + x53)) + (((uint64_t)(x7 + x21) * (x37 + x51)) + (((uint64_t)(x9 + x23) * (x35 + x49)) + (((uint64_t)(x11 + x25) * (x33 + x47)) + (((uint64_t)(x13 + x27) * (x31 + x45)) + ((uint64_t)(x15 + x26) * (x29 + x43)))))))) - (((uint64_t)x3 * x41) + (((uint64_t)x5 * x39) + (((uint64_t)x7 * x37) + (((uint64_t)x9 * x35) + (((uint64_t)x11 * x33) + (((uint64_t)x13 * x31) + ((uint64_t)x15 * x29))))))));
uint64_t x61 = ((((uint64_t)x15 * x41) + ((uint64_t)x26 * x52)) + ((((uint64_t)(x3 + x17) * (x39 + x53)) + (((uint64_t)(x5 + x19) * (x37 + x51)) + (((uint64_t)(x7 + x21) * (x35 + x49)) + (((uint64_t)(x9 + x23) * (x33 + x47)) + (((uint64_t)(x11 + x25) * (x31 + x45)) + ((uint64_t)(x13 + x27) * (x29 + x43))))))) - (((uint64_t)x3 * x39) + (((uint64_t)x5 * x37) + (((uint64_t)x7 * x35) + (((uint64_t)x9 * x33) + (((uint64_t)x11 * x31) + ((uint64_t)x13 * x29))))))));
uint64_t x62 = (((((uint64_t)x13 * x41) + ((uint64_t)x15 * x39)) + (((uint64_t)x27 * x52) + ((uint64_t)x26 * x53))) + ((((uint64_t)(x3 + x17) * (x37 + x51)) + (((uint64_t)(x5 + x19) * (x35 + x49)) + (((uint64_t)(x7 + x21) * (x33 + x47)) + (((uint64_t)(x9 + x23) * (x31 + x45)) + ((uint64_t)(x11 + x25) * (x29 + x43)))))) - (((uint64_t)x3 * x37) + (((uint64_t)x5 * x35) + (((uint64_t)x7 * x33) + (((uint64_t)x9 * x31) + ((uint64_t)x11 * x29)))))));
uint64_t x63 = (((((uint64_t)x11 * x41) + (((uint64_t)x13 * x39) + ((uint64_t)x15 * x37))) + (((uint64_t)x25 * x52) + (((uint64_t)x27 * x53) + ((uint64_t)x26 * x51)))) + ((((uint64_t)(x3 + x17) * (x35 + x49)) + (((uint64_t)(x5 + x19) * (x33 + x47)) + (((uint64_t)(x7 + x21) * (x31 + x45)) + ((uint64_t)(x9 + x23) * (x29 + x43))))) - (((uint64_t)x3 * x35) + (((uint64_t)x5 * x33) + (((uint64_t)x7 * x31) + ((uint64_t)x9 * x29))))));
uint64_t x64 = (((((uint64_t)x9 * x41) + (((uint64_t)x11 * x39) + (((uint64_t)x13 * x37) + ((uint64_t)x15 * x35)))) + (((uint64_t)x23 * x52) + (((uint64_t)x25 * x53) + (((uint64_t)x27 * x51) + ((uint64_t)x26 * x49))))) + ((((uint64_t)(x3 + x17) * (x33 + x47)) + (((uint64_t)(x5 + x19) * (x31 + x45)) + ((uint64_t)(x7 + x21) * (x29 + x43)))) - (((uint64_t)x3 * x33) + (((uint64_t)x5 * x31) + ((uint64_t)x7 * x29)))));
uint64_t x65 = (((((uint64_t)x7 * x41) + (((uint64_t)x9 * x39) + (((uint64_t)x11 * x37) + (((uint64_t)x13 * x35) + ((uint64_t)x15 * x33))))) + (((uint64_t)x21 * x52) + (((uint64_t)x23 * x53) + (((uint64_t)x25 * x51) + (((uint64_t)x27 * x49) + ((uint64_t)x26 * x47)))))) + ((((uint64_t)(x3 + x17) * (x31 + x45)) + ((uint64_t)(x5 + x19) * (x29 + x43))) - (((uint64_t)x3 * x31) + ((uint64_t)x5 * x29))));
uint64_t x66 = (((((uint64_t)x5 * x41) + (((uint64_t)x7 * x39) + (((uint64_t)x9 * x37) + (((uint64_t)x11 * x35) + (((uint64_t)x13 * x33) + ((uint64_t)x15 * x31)))))) + (((uint64_t)x19 * x52) + (((uint64_t)x21 * x53) + (((uint64_t)x23 * x51) + (((uint64_t)x25 * x49) + (((uint64_t)x27 * x47) + ((uint64_t)x26 * x45))))))) + (((uint64_t)(x3 + x17) * (x29 + x43)) - ((uint64_t)x3 * x29)));
uint64_t x67 = ((((uint64_t)x3 * x41) + (((uint64_t)x5 * x39) + (((uint64_t)x7 * x37) + (((uint64_t)x9 * x35) + (((uint64_t)x11 * x33) + (((uint64_t)x13 * x31) + ((uint64_t)x15 * x29))))))) + (((uint64_t)x17 * x52) + (((uint64_t)x19 * x53) + (((uint64_t)x21 * x51) + (((uint64_t)x23 * x49) + (((uint64_t)x25 * x47) + (((uint64_t)x27 * x45) + ((uint64_t)x26 * x43))))))));
uint64_t x68 = ((((uint64_t)x3 * x39) + (((uint64_t)x5 * x37) + (((uint64_t)x7 * x35) + (((uint64_t)x9 * x33) + (((uint64_t)x11 * x31) + ((uint64_t)x13 * x29)))))) + (((uint64_t)x17 * x53) + (((uint64_t)x19 * x51) + (((uint64_t)x21 * x49) + (((uint64_t)x23 * x47) + (((uint64_t)x25 * x45) + ((uint64_t)x27 * x43)))))));
uint64_t x69 = ((((uint64_t)x3 * x37) + (((uint64_t)x5 * x35) + (((uint64_t)x7 * x33) + (((uint64_t)x9 * x31) + ((uint64_t)x11 * x29))))) + (((uint64_t)x17 * x51) + (((uint64_t)x19 * x49) + (((uint64_t)x21 * x47) + (((uint64_t)x23 * x45) + ((uint64_t)x25 * x43))))));
uint64_t x70 = ((((uint64_t)x3 * x35) + (((uint64_t)x5 * x33) + (((uint64_t)x7 * x31) + ((uint64_t)x9 * x29)))) + (((uint64_t)x17 * x49) + (((uint64_t)x19 * x47) + (((uint64_t)x21 * x45) + ((uint64_t)x23 * x43)))));
uint64_t x71 = ((((uint64_t)x3 * x33) + (((uint64_t)x5 * x31) + ((uint64_t)x7 * x29))) + (((uint64_t)x17 * x47) + (((uint64_t)x19 * x45) + ((uint64_t)x21 * x43))));
uint64_t x72 = ((((uint64_t)x3 * x31) + ((uint64_t)x5 * x29)) + (((uint64_t)x17 * x45) + ((uint64_t)x19 * x43)));
uint64_t x73 = (((uint64_t)x3 * x29) + ((uint64_t)x17 * x43));
uint64_t x74 = (x61 + x54);
uint64_t x75 = (x62 + x55);
uint64_t x76 = (x63 + x56);
uint64_t x77 = (x64 + x57);
uint64_t x78 = (x65 + x58);
uint64_t x79 = (x66 + x59);
uint64_t x80 = (x68 + x54);
uint64_t x81 = (x69 + x55);
uint64_t x82 = (x70 + x56);
uint64_t x83 = (x71 + x57);
uint64_t x84 = (x72 + x58);
uint64_t x85 = (x73 + x59);
uint32_t x86 = (uint32_t) (x67 >> 0x17);
uint32_t x87 = ((uint32_t)x67 & 0x7fffff);
uint32_t x88 = (uint32_t) (x60 >> 0x17);
uint32_t x89 = ((uint32_t)x60 & 0x7fffff);
uint64_t x90 = (((uint64_t)0x800000 * x88) + x89);
uint32_t x91 = (uint32_t) (x90 >> 0x17);
uint32_t x92 = ((uint32_t)x90 & 0x7fffff);
uint64_t x93 = ((x86 + x79) + x91);
uint32_t x94 = (uint32_t) (x93 >> 0x17);
uint32_t x95 = ((uint32_t)x93 & 0x7fffff);
uint64_t x96 = (x85 + x91);
uint32_t x97 = (uint32_t) (x96 >> 0x17);
uint32_t x98 = ((uint32_t)x96 & 0x7fffff);
uint64_t x99 = (x94 + x78);
uint32_t x100 = (uint32_t) (x99 >> 0x17);
uint32_t x101 = ((uint32_t)x99 & 0x7fffff);
uint64_t x102 = (x97 + x84);
uint32_t x103 = (uint32_t) (x102 >> 0x17);
uint32_t x104 = ((uint32_t)x102 & 0x7fffff);
uint64_t x105 = (x100 + x77);
uint32_t x106 = (uint32_t) (x105 >> 0x17);
uint32_t x107 = ((uint32_t)x105 & 0x7fffff);
uint64_t x108 = (x103 + x83);
uint32_t x109 = (uint32_t) (x108 >> 0x17);
uint32_t x110 = ((uint32_t)x108 & 0x7fffff);
uint64_t x111 = (x106 + x76);
uint32_t x112 = (uint32_t) (x111 >> 0x17);
uint32_t x113 = ((uint32_t)x111 & 0x7fffff);
uint64_t x114 = (x109 + x82);
uint32_t x115 = (uint32_t) (x114 >> 0x17);
uint32_t x116 = ((uint32_t)x114 & 0x7fffff);
uint64_t x117 = (x112 + x75);
uint32_t x118 = (uint32_t) (x117 >> 0x17);
uint32_t x119 = ((uint32_t)x117 & 0x7fffff);
uint64_t x120 = (x115 + x81);
uint32_t x121 = (uint32_t) (x120 >> 0x17);
uint32_t x122 = ((uint32_t)x120 & 0x7fffff);
uint64_t x123 = (x118 + x74);
uint32_t x124 = (uint32_t) (x123 >> 0x17);
uint32_t x125 = ((uint32_t)x123 & 0x7fffff);
uint64_t x126 = (x121 + x80);
uint32_t x127 = (uint32_t) (x126 >> 0x17);
uint32_t x128 = ((uint32_t)x126 & 0x7fffff);
uint32_t x129 = (x124 + x92);
uint32_t x130 = (x129 >> 0x17);
uint32_t x131 = (x129 & 0x7fffff);
uint32_t x132 = (x127 + x87);
uint32_t x133 = (x132 >> 0x17);
uint32_t x134 = (x132 & 0x7fffff);
uint32_t x135 = ((0x800000 * x130) + x131);
uint32_t x136 = (x135 >> 0x17);
uint32_t x137 = (x135 & 0x7fffff);
uint32_t x138 = ((x133 + x95) + x136);
uint32_t x139 = (x138 >> 0x17);
uint32_t x140 = (x138 & 0x7fffff);
uint32_t x141 = (x98 + x136);
uint32_t x142 = (x141 >> 0x17);
uint32_t x143 = (x141 & 0x7fffff);
return (Return x137, Return x125, Return x119, Return x113, Return x107, (x139 + x101), Return x140, Return x134, Return x128, Return x122, Return x116, Return x110, (x142 + x104), Return x143)
     : ∀ var : Z.Syntax.base_type → Type, expr Z.Syntax.base_type Z.Syntax.op (uint32_t * uint32_t * uint32_t * uint32_t * uint32_t * uint32_t * uint32_t * uint32_t * uint32_t * uint32_t * uint32_t * uint32_t * uint32_t * uint32_t * (uint32_t * uint32_t * uint32_t * uint32_t * uint32_t * uint32_t * uint32_t * uint32_t * uint32_t * uint32_t * uint32_t * uint32_t * uint32_t * uint32_t) -> uint32_t * uint32_t * uint32_t * uint32_t * uint32_t * uint32_t * uint32_t * uint32_t * uint32_t * uint32_t * uint32_t * uint32_t * uint32_t * uint32_t)

Argument scope is [function_scope]
