square = λ var : Z.Syntax.base_type → Type,
λ '(x24, x25, x23, x21, x19, x17, x15, x13, x11, x9, x7, x5, x3, x1)%core,
uint64_t x26 = (((uint64_t)(x13 + x24) * (x13 + x24)) - ((uint64_t)x13 * x13));
uint64_t x27 = ((((uint64_t)(x11 + x25) * (x13 + x24)) + ((uint64_t)(x13 + x24) * (x11 + x25))) - (((uint64_t)x11 * x13) + ((uint64_t)x13 * x11)));
uint64_t x28 = ((((uint64_t)(x9 + x23) * (x13 + x24)) + (((uint64_t)(x11 + x25) * (x11 + x25)) + ((uint64_t)(x13 + x24) * (x9 + x23)))) - (((uint64_t)x9 * x13) + (((uint64_t)x11 * x11) + ((uint64_t)x13 * x9))));
uint64_t x29 = ((((uint64_t)(x7 + x21) * (x13 + x24)) + (((uint64_t)(x9 + x23) * (x11 + x25)) + (((uint64_t)(x11 + x25) * (x9 + x23)) + ((uint64_t)(x13 + x24) * (x7 + x21))))) - (((uint64_t)x7 * x13) + (((uint64_t)x9 * x11) + (((uint64_t)x11 * x9) + ((uint64_t)x13 * x7)))));
uint64_t x30 = ((((uint64_t)(x5 + x19) * (x13 + x24)) + (((uint64_t)(x7 + x21) * (x11 + x25)) + (((uint64_t)(x9 + x23) * (x9 + x23)) + (((uint64_t)(x11 + x25) * (x7 + x21)) + ((uint64_t)(x13 + x24) * (x5 + x19)))))) - (((uint64_t)x5 * x13) + (((uint64_t)x7 * x11) + (((uint64_t)x9 * x9) + (((uint64_t)x11 * x7) + ((uint64_t)x13 * x5))))));
uint64_t x31 = ((((uint64_t)(x3 + x17) * (x13 + x24)) + (((uint64_t)(x5 + x19) * (x11 + x25)) + (((uint64_t)(x7 + x21) * (x9 + x23)) + (((uint64_t)(x9 + x23) * (x7 + x21)) + (((uint64_t)(x11 + x25) * (x5 + x19)) + ((uint64_t)(x13 + x24) * (x3 + x17))))))) - (((uint64_t)x3 * x13) + (((uint64_t)x5 * x11) + (((uint64_t)x7 * x9) + (((uint64_t)x9 * x7) + (((uint64_t)x11 * x5) + ((uint64_t)x13 * x3)))))));
uint64_t x32 = ((((uint64_t)(x1 + x15) * (x13 + x24)) + (((uint64_t)(x3 + x17) * (x11 + x25)) + (((uint64_t)(x5 + x19) * (x9 + x23)) + (((uint64_t)(x7 + x21) * (x7 + x21)) + (((uint64_t)(x9 + x23) * (x5 + x19)) + (((uint64_t)(x11 + x25) * (x3 + x17)) + ((uint64_t)(x13 + x24) * (x1 + x15)))))))) - (((uint64_t)x1 * x13) + (((uint64_t)x3 * x11) + (((uint64_t)x5 * x9) + (((uint64_t)x7 * x7) + (((uint64_t)x9 * x5) + (((uint64_t)x11 * x3) + ((uint64_t)x13 * x1))))))));
uint64_t x33 = ((((uint64_t)x13 * x13) + ((uint64_t)x24 * x24)) + ((((uint64_t)(x1 + x15) * (x11 + x25)) + (((uint64_t)(x3 + x17) * (x9 + x23)) + (((uint64_t)(x5 + x19) * (x7 + x21)) + (((uint64_t)(x7 + x21) * (x5 + x19)) + (((uint64_t)(x9 + x23) * (x3 + x17)) + ((uint64_t)(x11 + x25) * (x1 + x15))))))) - (((uint64_t)x1 * x11) + (((uint64_t)x3 * x9) + (((uint64_t)x5 * x7) + (((uint64_t)x7 * x5) + (((uint64_t)x9 * x3) + ((uint64_t)x11 * x1))))))));
uint64_t x34 = (((((uint64_t)x11 * x13) + ((uint64_t)x13 * x11)) + (((uint64_t)x25 * x24) + ((uint64_t)x24 * x25))) + ((((uint64_t)(x1 + x15) * (x9 + x23)) + (((uint64_t)(x3 + x17) * (x7 + x21)) + (((uint64_t)(x5 + x19) * (x5 + x19)) + (((uint64_t)(x7 + x21) * (x3 + x17)) + ((uint64_t)(x9 + x23) * (x1 + x15)))))) - (((uint64_t)x1 * x9) + (((uint64_t)x3 * x7) + (((uint64_t)x5 * x5) + (((uint64_t)x7 * x3) + ((uint64_t)x9 * x1)))))));
uint64_t x35 = (((((uint64_t)x9 * x13) + (((uint64_t)x11 * x11) + ((uint64_t)x13 * x9))) + (((uint64_t)x23 * x24) + (((uint64_t)x25 * x25) + ((uint64_t)x24 * x23)))) + ((((uint64_t)(x1 + x15) * (x7 + x21)) + (((uint64_t)(x3 + x17) * (x5 + x19)) + (((uint64_t)(x5 + x19) * (x3 + x17)) + ((uint64_t)(x7 + x21) * (x1 + x15))))) - (((uint64_t)x1 * x7) + (((uint64_t)x3 * x5) + (((uint64_t)x5 * x3) + ((uint64_t)x7 * x1))))));
uint64_t x36 = (((((uint64_t)x7 * x13) + (((uint64_t)x9 * x11) + (((uint64_t)x11 * x9) + ((uint64_t)x13 * x7)))) + (((uint64_t)x21 * x24) + (((uint64_t)x23 * x25) + (((uint64_t)x25 * x23) + ((uint64_t)x24 * x21))))) + ((((uint64_t)(x1 + x15) * (x5 + x19)) + (((uint64_t)(x3 + x17) * (x3 + x17)) + ((uint64_t)(x5 + x19) * (x1 + x15)))) - (((uint64_t)x1 * x5) + (((uint64_t)x3 * x3) + ((uint64_t)x5 * x1)))));
uint64_t x37 = (((((uint64_t)x5 * x13) + (((uint64_t)x7 * x11) + (((uint64_t)x9 * x9) + (((uint64_t)x11 * x7) + ((uint64_t)x13 * x5))))) + (((uint64_t)x19 * x24) + (((uint64_t)x21 * x25) + (((uint64_t)x23 * x23) + (((uint64_t)x25 * x21) + ((uint64_t)x24 * x19)))))) + ((((uint64_t)(x1 + x15) * (x3 + x17)) + ((uint64_t)(x3 + x17) * (x1 + x15))) - (((uint64_t)x1 * x3) + ((uint64_t)x3 * x1))));
uint64_t x38 = (((((uint64_t)x3 * x13) + (((uint64_t)x5 * x11) + (((uint64_t)x7 * x9) + (((uint64_t)x9 * x7) + (((uint64_t)x11 * x5) + ((uint64_t)x13 * x3)))))) + (((uint64_t)x17 * x24) + (((uint64_t)x19 * x25) + (((uint64_t)x21 * x23) + (((uint64_t)x23 * x21) + (((uint64_t)x25 * x19) + ((uint64_t)x24 * x17))))))) + (((uint64_t)(x1 + x15) * (x1 + x15)) - ((uint64_t)x1 * x1)));
uint64_t x39 = ((((uint64_t)x1 * x13) + (((uint64_t)x3 * x11) + (((uint64_t)x5 * x9) + (((uint64_t)x7 * x7) + (((uint64_t)x9 * x5) + (((uint64_t)x11 * x3) + ((uint64_t)x13 * x1))))))) + (((uint64_t)x15 * x24) + (((uint64_t)x17 * x25) + (((uint64_t)x19 * x23) + (((uint64_t)x21 * x21) + (((uint64_t)x23 * x19) + (((uint64_t)x25 * x17) + ((uint64_t)x24 * x15))))))));
uint64_t x40 = ((((uint64_t)x1 * x11) + (((uint64_t)x3 * x9) + (((uint64_t)x5 * x7) + (((uint64_t)x7 * x5) + (((uint64_t)x9 * x3) + ((uint64_t)x11 * x1)))))) + (((uint64_t)x15 * x25) + (((uint64_t)x17 * x23) + (((uint64_t)x19 * x21) + (((uint64_t)x21 * x19) + (((uint64_t)x23 * x17) + ((uint64_t)x25 * x15)))))));
uint64_t x41 = ((((uint64_t)x1 * x9) + (((uint64_t)x3 * x7) + (((uint64_t)x5 * x5) + (((uint64_t)x7 * x3) + ((uint64_t)x9 * x1))))) + (((uint64_t)x15 * x23) + (((uint64_t)x17 * x21) + (((uint64_t)x19 * x19) + (((uint64_t)x21 * x17) + ((uint64_t)x23 * x15))))));
uint64_t x42 = ((((uint64_t)x1 * x7) + (((uint64_t)x3 * x5) + (((uint64_t)x5 * x3) + ((uint64_t)x7 * x1)))) + (((uint64_t)x15 * x21) + (((uint64_t)x17 * x19) + (((uint64_t)x19 * x17) + ((uint64_t)x21 * x15)))));
uint64_t x43 = ((((uint64_t)x1 * x5) + (((uint64_t)x3 * x3) + ((uint64_t)x5 * x1))) + (((uint64_t)x15 * x19) + (((uint64_t)x17 * x17) + ((uint64_t)x19 * x15))));
uint64_t x44 = ((((uint64_t)x1 * x3) + ((uint64_t)x3 * x1)) + (((uint64_t)x15 * x17) + ((uint64_t)x17 * x15)));
uint64_t x45 = (((uint64_t)x1 * x1) + ((uint64_t)x15 * x15));
uint64_t x46 = (x33 + x26);
uint64_t x47 = (x34 + x27);
uint64_t x48 = (x35 + x28);
uint64_t x49 = (x36 + x29);
uint64_t x50 = (x37 + x30);
uint64_t x51 = (x38 + x31);
uint64_t x52 = (x40 + x26);
uint64_t x53 = (x41 + x27);
uint64_t x54 = (x42 + x28);
uint64_t x55 = (x43 + x29);
uint64_t x56 = (x44 + x30);
uint64_t x57 = (x45 + x31);
uint32_t x58 = (uint32_t) (x39 >> 0x17);
uint32_t x59 = ((uint32_t)x39 & 0x7fffff);
uint32_t x60 = (uint32_t) (x32 >> 0x17);
uint32_t x61 = ((uint32_t)x32 & 0x7fffff);
uint64_t x62 = (((uint64_t)0x800000 * x60) + x61);
uint32_t x63 = (uint32_t) (x62 >> 0x17);
uint32_t x64 = ((uint32_t)x62 & 0x7fffff);
uint64_t x65 = ((x58 + x51) + x63);
uint32_t x66 = (uint32_t) (x65 >> 0x17);
uint32_t x67 = ((uint32_t)x65 & 0x7fffff);
uint64_t x68 = (x57 + x63);
uint32_t x69 = (uint32_t) (x68 >> 0x17);
uint32_t x70 = ((uint32_t)x68 & 0x7fffff);
uint64_t x71 = (x66 + x50);
uint32_t x72 = (uint32_t) (x71 >> 0x17);
uint32_t x73 = ((uint32_t)x71 & 0x7fffff);
uint64_t x74 = (x69 + x56);
uint32_t x75 = (uint32_t) (x74 >> 0x17);
uint32_t x76 = ((uint32_t)x74 & 0x7fffff);
uint64_t x77 = (x72 + x49);
uint32_t x78 = (uint32_t) (x77 >> 0x17);
uint32_t x79 = ((uint32_t)x77 & 0x7fffff);
uint64_t x80 = (x75 + x55);
uint32_t x81 = (uint32_t) (x80 >> 0x17);
uint32_t x82 = ((uint32_t)x80 & 0x7fffff);
uint64_t x83 = (x78 + x48);
uint32_t x84 = (uint32_t) (x83 >> 0x17);
uint32_t x85 = ((uint32_t)x83 & 0x7fffff);
uint64_t x86 = (x81 + x54);
uint32_t x87 = (uint32_t) (x86 >> 0x17);
uint32_t x88 = ((uint32_t)x86 & 0x7fffff);
uint64_t x89 = (x84 + x47);
uint32_t x90 = (uint32_t) (x89 >> 0x17);
uint32_t x91 = ((uint32_t)x89 & 0x7fffff);
uint64_t x92 = (x87 + x53);
uint32_t x93 = (uint32_t) (x92 >> 0x17);
uint32_t x94 = ((uint32_t)x92 & 0x7fffff);
uint64_t x95 = (x90 + x46);
uint32_t x96 = (uint32_t) (x95 >> 0x17);
uint32_t x97 = ((uint32_t)x95 & 0x7fffff);
uint64_t x98 = (x93 + x52);
uint32_t x99 = (uint32_t) (x98 >> 0x17);
uint32_t x100 = ((uint32_t)x98 & 0x7fffff);
uint32_t x101 = (x96 + x64);
uint32_t x102 = (x101 >> 0x17);
uint32_t x103 = (x101 & 0x7fffff);
uint32_t x104 = (x99 + x59);
uint32_t x105 = (x104 >> 0x17);
uint32_t x106 = (x104 & 0x7fffff);
uint32_t x107 = ((0x800000 * x102) + x103);
uint32_t x108 = (x107 >> 0x17);
uint32_t x109 = (x107 & 0x7fffff);
uint32_t x110 = ((x105 + x67) + x108);
uint32_t x111 = (x110 >> 0x17);
uint32_t x112 = (x110 & 0x7fffff);
uint32_t x113 = (x70 + x108);
uint32_t x114 = (x113 >> 0x17);
uint32_t x115 = (x113 & 0x7fffff);
return (Return x109, Return x97, Return x91, Return x85, Return x79, (x111 + x73), Return x112, Return x106, Return x100, Return x94, Return x88, Return x82, (x114 + x76), Return x115)
     : ∀ var : Z.Syntax.base_type → Type, expr Z.Syntax.base_type Z.Syntax.op (uint32_t * uint32_t * uint32_t * uint32_t * uint32_t * uint32_t * uint32_t * uint32_t * uint32_t * uint32_t * uint32_t * uint32_t * uint32_t * uint32_t -> uint32_t * uint32_t * uint32_t * uint32_t * uint32_t * uint32_t * uint32_t * uint32_t * uint32_t * uint32_t * uint32_t * uint32_t * uint32_t * uint32_t)

Argument scope is [function_scope]
