mul = λ var : Z.Syntax.base_type → Type,
λ '(x20, x21, x19, x17, x15, x13, x11, x9, x7, x5, x3, (x40, x41, x39, x37, x35, x33, x31, x29, x27, x25, x23))%core,
uint32_t x43, uint32_t x44 = mulx_u32(x3, x23);
uint32_t x46, uint32_t x47 = mulx_u32(x3, x25);
uint32_t x49, uint32_t x50 = mulx_u32(x3, x27);
uint32_t x52, uint32_t x53 = mulx_u32(x3, x29);
uint32_t x55, uint32_t x56 = mulx_u32(x3, x31);
uint32_t x58, uint32_t x59 = mulx_u32(x3, x33);
uint32_t x61, uint32_t x62 = mulx_u32(x3, x35);
uint32_t x64, uint32_t x65 = mulx_u32(x3, x37);
uint32_t x67, uint32_t x68 = mulx_u32(x3, x39);
uint32_t x70, uint32_t x71 = mulx_u32(x3, x41);
uint32_t x73, uint32_t x74 = mulx_u32(x3, x40);
uint32_t x76, uint8_t x77 = addcarryx_u32(0x0, x44, x46);
uint32_t x79, uint8_t x80 = addcarryx_u32(x77, x47, x49);
uint32_t x82, uint8_t x83 = addcarryx_u32(x80, x50, x52);
uint32_t x85, uint8_t x86 = addcarryx_u32(x83, x53, x55);
uint32_t x88, uint8_t x89 = addcarryx_u32(x86, x56, x58);
uint32_t x91, uint8_t x92 = addcarryx_u32(x89, x59, x61);
uint32_t x94, uint8_t x95 = addcarryx_u32(x92, x62, x64);
uint32_t x97, uint8_t x98 = addcarryx_u32(x95, x65, x67);
uint32_t x100, uint8_t x101 = addcarryx_u32(x98, x68, x70);
uint32_t x103, uint8_t x104 = addcarryx_u32(x101, x71, x73);
uint32_t x106, uint8_t _ = addcarryx_u32(0x0, x104, x74);
uint32_t x109, uint8_t x110 = addcarryx_u32(0x0, 0x0, x100);
uint32_t x112, uint8_t x113 = addcarryx_u32(x110, 0x0, x103);
uint32_t x115, uint8_t x116 = addcarryx_u32(x113, 0x0, x106);
uint32_t x118, uint32_t _ = mulx_u32(x43, 0xf0f0f0f1);
uint32_t x121, uint32_t x122 = mulx_u32(x118, 0xffffffef);
uint32_t x124, uint32_t x125 = mulx_u32(x118, 0xffffffff);
uint32_t x127, uint32_t x128 = mulx_u32(x118, 0xffffffff);
uint32_t x130, uint32_t x131 = mulx_u32(x118, 0xffffffff);
uint32_t x133, uint32_t x134 = mulx_u32(x118, 0xffffffff);
uint32_t x136, uint32_t x137 = mulx_u32(x118, 0xffffffff);
uint32_t x139, uint32_t x140 = mulx_u32(x118, 0xffffffff);
uint32_t x142, uint32_t x143 = mulx_u32(x118, 0xffffffff);
uint32_t x145, uint32_t x146 = mulx_u32(x118, 0xffffffff);
uint32_t x148, uint32_t x149 = mulx_u32(x118, 0xffffffff);
uint32_t x151, uint32_t x152 = mulx_u32(x118, 0xffff);
uint32_t x154, uint8_t x155 = addcarryx_u32(0x0, x122, x124);
uint32_t x157, uint8_t x158 = addcarryx_u32(x155, x125, x127);
uint32_t x160, uint8_t x161 = addcarryx_u32(x158, x128, x130);
uint32_t x163, uint8_t x164 = addcarryx_u32(x161, x131, x133);
uint32_t x166, uint8_t x167 = addcarryx_u32(x164, x134, x136);
uint32_t x169, uint8_t x170 = addcarryx_u32(x167, x137, x139);
uint32_t x172, uint8_t x173 = addcarryx_u32(x170, x140, x142);
uint32_t x175, uint8_t x176 = addcarryx_u32(x173, x143, x145);
uint32_t x178, uint8_t x179 = addcarryx_u32(x176, x146, x148);
uint32_t x181, uint8_t x182 = addcarryx_u32(x179, x149, x151);
uint32_t x184, uint8_t _ = addcarryx_u32(0x0, x182, x152);
uint32_t _, uint8_t x188 = addcarryx_u32(0x0, x43, x121);
uint32_t x190, uint8_t x191 = addcarryx_u32(x188, x76, x154);
uint32_t x193, uint8_t x194 = addcarryx_u32(x191, x79, x157);
uint32_t x196, uint8_t x197 = addcarryx_u32(x194, x82, x160);
uint32_t x199, uint8_t x200 = addcarryx_u32(x197, x85, x163);
uint32_t x202, uint8_t x203 = addcarryx_u32(x200, x88, x166);
uint32_t x205, uint8_t x206 = addcarryx_u32(x203, x91, x169);
uint32_t x208, uint8_t x209 = addcarryx_u32(x206, x94, x172);
uint32_t x211, uint8_t x212 = addcarryx_u32(x209, x97, x175);
uint32_t x214, uint8_t x215 = addcarryx_u32(x212, x109, x178);
uint32_t x217, uint8_t x218 = addcarryx_u32(x215, x112, x181);
uint32_t x220, uint8_t x221 = addcarryx_u32(x218, x115, x184);
uint8_t x222 = (x221 + x116);
uint32_t x224, uint32_t x225 = mulx_u32(x5, x23);
uint32_t x227, uint32_t x228 = mulx_u32(x5, x25);
uint32_t x230, uint32_t x231 = mulx_u32(x5, x27);
uint32_t x233, uint32_t x234 = mulx_u32(x5, x29);
uint32_t x236, uint32_t x237 = mulx_u32(x5, x31);
uint32_t x239, uint32_t x240 = mulx_u32(x5, x33);
uint32_t x242, uint32_t x243 = mulx_u32(x5, x35);
uint32_t x245, uint32_t x246 = mulx_u32(x5, x37);
uint32_t x248, uint32_t x249 = mulx_u32(x5, x39);
uint32_t x251, uint32_t x252 = mulx_u32(x5, x41);
uint32_t x254, uint32_t x255 = mulx_u32(x5, x40);
uint32_t x257, uint8_t x258 = addcarryx_u32(0x0, x225, x227);
uint32_t x260, uint8_t x261 = addcarryx_u32(x258, x228, x230);
uint32_t x263, uint8_t x264 = addcarryx_u32(x261, x231, x233);
uint32_t x266, uint8_t x267 = addcarryx_u32(x264, x234, x236);
uint32_t x269, uint8_t x270 = addcarryx_u32(x267, x237, x239);
uint32_t x272, uint8_t x273 = addcarryx_u32(x270, x240, x242);
uint32_t x275, uint8_t x276 = addcarryx_u32(x273, x243, x245);
uint32_t x278, uint8_t x279 = addcarryx_u32(x276, x246, x248);
uint32_t x281, uint8_t x282 = addcarryx_u32(x279, x249, x251);
uint32_t x284, uint8_t x285 = addcarryx_u32(x282, x252, x254);
uint32_t x287, uint8_t _ = addcarryx_u32(0x0, x285, x255);
uint32_t x290, uint8_t x291 = addcarryx_u32(0x0, x190, x224);
uint32_t x293, uint8_t x294 = addcarryx_u32(x291, x193, x257);
uint32_t x296, uint8_t x297 = addcarryx_u32(x294, x196, x260);
uint32_t x299, uint8_t x300 = addcarryx_u32(x297, x199, x263);
uint32_t x302, uint8_t x303 = addcarryx_u32(x300, x202, x266);
uint32_t x305, uint8_t x306 = addcarryx_u32(x303, x205, x269);
uint32_t x308, uint8_t x309 = addcarryx_u32(x306, x208, x272);
uint32_t x311, uint8_t x312 = addcarryx_u32(x309, x211, x275);
uint32_t x314, uint8_t x315 = addcarryx_u32(x312, x214, x278);
uint32_t x317, uint8_t x318 = addcarryx_u32(x315, x217, x281);
uint32_t x320, uint8_t x321 = addcarryx_u32(x318, x220, x284);
uint32_t x323, uint8_t x324 = addcarryx_u32(x321, x222, x287);
uint32_t x326, uint32_t _ = mulx_u32(x290, 0xf0f0f0f1);
uint32_t x329, uint32_t x330 = mulx_u32(x326, 0xffffffef);
uint32_t x332, uint32_t x333 = mulx_u32(x326, 0xffffffff);
uint32_t x335, uint32_t x336 = mulx_u32(x326, 0xffffffff);
uint32_t x338, uint32_t x339 = mulx_u32(x326, 0xffffffff);
uint32_t x341, uint32_t x342 = mulx_u32(x326, 0xffffffff);
uint32_t x344, uint32_t x345 = mulx_u32(x326, 0xffffffff);
uint32_t x347, uint32_t x348 = mulx_u32(x326, 0xffffffff);
uint32_t x350, uint32_t x351 = mulx_u32(x326, 0xffffffff);
uint32_t x353, uint32_t x354 = mulx_u32(x326, 0xffffffff);
uint32_t x356, uint32_t x357 = mulx_u32(x326, 0xffffffff);
uint32_t x359, uint32_t x360 = mulx_u32(x326, 0xffff);
uint32_t x362, uint8_t x363 = addcarryx_u32(0x0, x330, x332);
uint32_t x365, uint8_t x366 = addcarryx_u32(x363, x333, x335);
uint32_t x368, uint8_t x369 = addcarryx_u32(x366, x336, x338);
uint32_t x371, uint8_t x372 = addcarryx_u32(x369, x339, x341);
uint32_t x374, uint8_t x375 = addcarryx_u32(x372, x342, x344);
uint32_t x377, uint8_t x378 = addcarryx_u32(x375, x345, x347);
uint32_t x380, uint8_t x381 = addcarryx_u32(x378, x348, x350);
uint32_t x383, uint8_t x384 = addcarryx_u32(x381, x351, x353);
uint32_t x386, uint8_t x387 = addcarryx_u32(x384, x354, x356);
uint32_t x389, uint8_t x390 = addcarryx_u32(x387, x357, x359);
uint32_t x392, uint8_t _ = addcarryx_u32(0x0, x390, x360);
uint32_t _, uint8_t x396 = addcarryx_u32(0x0, x290, x329);
uint32_t x398, uint8_t x399 = addcarryx_u32(x396, x293, x362);
uint32_t x401, uint8_t x402 = addcarryx_u32(x399, x296, x365);
uint32_t x404, uint8_t x405 = addcarryx_u32(x402, x299, x368);
uint32_t x407, uint8_t x408 = addcarryx_u32(x405, x302, x371);
uint32_t x410, uint8_t x411 = addcarryx_u32(x408, x305, x374);
uint32_t x413, uint8_t x414 = addcarryx_u32(x411, x308, x377);
uint32_t x416, uint8_t x417 = addcarryx_u32(x414, x311, x380);
uint32_t x419, uint8_t x420 = addcarryx_u32(x417, x314, x383);
uint32_t x422, uint8_t x423 = addcarryx_u32(x420, x317, x386);
uint32_t x425, uint8_t x426 = addcarryx_u32(x423, x320, x389);
uint32_t x428, uint8_t x429 = addcarryx_u32(x426, x323, x392);
uint8_t x430 = (x429 + x324);
uint32_t x432, uint32_t x433 = mulx_u32(x7, x23);
uint32_t x435, uint32_t x436 = mulx_u32(x7, x25);
uint32_t x438, uint32_t x439 = mulx_u32(x7, x27);
uint32_t x441, uint32_t x442 = mulx_u32(x7, x29);
uint32_t x444, uint32_t x445 = mulx_u32(x7, x31);
uint32_t x447, uint32_t x448 = mulx_u32(x7, x33);
uint32_t x450, uint32_t x451 = mulx_u32(x7, x35);
uint32_t x453, uint32_t x454 = mulx_u32(x7, x37);
uint32_t x456, uint32_t x457 = mulx_u32(x7, x39);
uint32_t x459, uint32_t x460 = mulx_u32(x7, x41);
uint32_t x462, uint32_t x463 = mulx_u32(x7, x40);
uint32_t x465, uint8_t x466 = addcarryx_u32(0x0, x433, x435);
uint32_t x468, uint8_t x469 = addcarryx_u32(x466, x436, x438);
uint32_t x471, uint8_t x472 = addcarryx_u32(x469, x439, x441);
uint32_t x474, uint8_t x475 = addcarryx_u32(x472, x442, x444);
uint32_t x477, uint8_t x478 = addcarryx_u32(x475, x445, x447);
uint32_t x480, uint8_t x481 = addcarryx_u32(x478, x448, x450);
uint32_t x483, uint8_t x484 = addcarryx_u32(x481, x451, x453);
uint32_t x486, uint8_t x487 = addcarryx_u32(x484, x454, x456);
uint32_t x489, uint8_t x490 = addcarryx_u32(x487, x457, x459);
uint32_t x492, uint8_t x493 = addcarryx_u32(x490, x460, x462);
uint32_t x495, uint8_t _ = addcarryx_u32(0x0, x493, x463);
uint32_t x498, uint8_t x499 = addcarryx_u32(0x0, x398, x432);
uint32_t x501, uint8_t x502 = addcarryx_u32(x499, x401, x465);
uint32_t x504, uint8_t x505 = addcarryx_u32(x502, x404, x468);
uint32_t x507, uint8_t x508 = addcarryx_u32(x505, x407, x471);
uint32_t x510, uint8_t x511 = addcarryx_u32(x508, x410, x474);
uint32_t x513, uint8_t x514 = addcarryx_u32(x511, x413, x477);
uint32_t x516, uint8_t x517 = addcarryx_u32(x514, x416, x480);
uint32_t x519, uint8_t x520 = addcarryx_u32(x517, x419, x483);
uint32_t x522, uint8_t x523 = addcarryx_u32(x520, x422, x486);
uint32_t x525, uint8_t x526 = addcarryx_u32(x523, x425, x489);
uint32_t x528, uint8_t x529 = addcarryx_u32(x526, x428, x492);
uint32_t x531, uint8_t x532 = addcarryx_u32(x529, x430, x495);
uint32_t x534, uint32_t _ = mulx_u32(x498, 0xf0f0f0f1);
uint32_t x537, uint32_t x538 = mulx_u32(x534, 0xffffffef);
uint32_t x540, uint32_t x541 = mulx_u32(x534, 0xffffffff);
uint32_t x543, uint32_t x544 = mulx_u32(x534, 0xffffffff);
uint32_t x546, uint32_t x547 = mulx_u32(x534, 0xffffffff);
uint32_t x549, uint32_t x550 = mulx_u32(x534, 0xffffffff);
uint32_t x552, uint32_t x553 = mulx_u32(x534, 0xffffffff);
uint32_t x555, uint32_t x556 = mulx_u32(x534, 0xffffffff);
uint32_t x558, uint32_t x559 = mulx_u32(x534, 0xffffffff);
uint32_t x561, uint32_t x562 = mulx_u32(x534, 0xffffffff);
uint32_t x564, uint32_t x565 = mulx_u32(x534, 0xffffffff);
uint32_t x567, uint32_t x568 = mulx_u32(x534, 0xffff);
uint32_t x570, uint8_t x571 = addcarryx_u32(0x0, x538, x540);
uint32_t x573, uint8_t x574 = addcarryx_u32(x571, x541, x543);
uint32_t x576, uint8_t x577 = addcarryx_u32(x574, x544, x546);
uint32_t x579, uint8_t x580 = addcarryx_u32(x577, x547, x549);
uint32_t x582, uint8_t x583 = addcarryx_u32(x580, x550, x552);
uint32_t x585, uint8_t x586 = addcarryx_u32(x583, x553, x555);
uint32_t x588, uint8_t x589 = addcarryx_u32(x586, x556, x558);
uint32_t x591, uint8_t x592 = addcarryx_u32(x589, x559, x561);
uint32_t x594, uint8_t x595 = addcarryx_u32(x592, x562, x564);
uint32_t x597, uint8_t x598 = addcarryx_u32(x595, x565, x567);
uint32_t x600, uint8_t _ = addcarryx_u32(0x0, x598, x568);
uint32_t _, uint8_t x604 = addcarryx_u32(0x0, x498, x537);
uint32_t x606, uint8_t x607 = addcarryx_u32(x604, x501, x570);
uint32_t x609, uint8_t x610 = addcarryx_u32(x607, x504, x573);
uint32_t x612, uint8_t x613 = addcarryx_u32(x610, x507, x576);
uint32_t x615, uint8_t x616 = addcarryx_u32(x613, x510, x579);
uint32_t x618, uint8_t x619 = addcarryx_u32(x616, x513, x582);
uint32_t x621, uint8_t x622 = addcarryx_u32(x619, x516, x585);
uint32_t x624, uint8_t x625 = addcarryx_u32(x622, x519, x588);
uint32_t x627, uint8_t x628 = addcarryx_u32(x625, x522, x591);
uint32_t x630, uint8_t x631 = addcarryx_u32(x628, x525, x594);
uint32_t x633, uint8_t x634 = addcarryx_u32(x631, x528, x597);
uint32_t x636, uint8_t x637 = addcarryx_u32(x634, x531, x600);
uint8_t x638 = (x637 + x532);
uint32_t x640, uint32_t x641 = mulx_u32(x9, x23);
uint32_t x643, uint32_t x644 = mulx_u32(x9, x25);
uint32_t x646, uint32_t x647 = mulx_u32(x9, x27);
uint32_t x649, uint32_t x650 = mulx_u32(x9, x29);
uint32_t x652, uint32_t x653 = mulx_u32(x9, x31);
uint32_t x655, uint32_t x656 = mulx_u32(x9, x33);
uint32_t x658, uint32_t x659 = mulx_u32(x9, x35);
uint32_t x661, uint32_t x662 = mulx_u32(x9, x37);
uint32_t x664, uint32_t x665 = mulx_u32(x9, x39);
uint32_t x667, uint32_t x668 = mulx_u32(x9, x41);
uint32_t x670, uint32_t x671 = mulx_u32(x9, x40);
uint32_t x673, uint8_t x674 = addcarryx_u32(0x0, x641, x643);
uint32_t x676, uint8_t x677 = addcarryx_u32(x674, x644, x646);
uint32_t x679, uint8_t x680 = addcarryx_u32(x677, x647, x649);
uint32_t x682, uint8_t x683 = addcarryx_u32(x680, x650, x652);
uint32_t x685, uint8_t x686 = addcarryx_u32(x683, x653, x655);
uint32_t x688, uint8_t x689 = addcarryx_u32(x686, x656, x658);
uint32_t x691, uint8_t x692 = addcarryx_u32(x689, x659, x661);
uint32_t x694, uint8_t x695 = addcarryx_u32(x692, x662, x664);
uint32_t x697, uint8_t x698 = addcarryx_u32(x695, x665, x667);
uint32_t x700, uint8_t x701 = addcarryx_u32(x698, x668, x670);
uint32_t x703, uint8_t _ = addcarryx_u32(0x0, x701, x671);
uint32_t x706, uint8_t x707 = addcarryx_u32(0x0, x606, x640);
uint32_t x709, uint8_t x710 = addcarryx_u32(x707, x609, x673);
uint32_t x712, uint8_t x713 = addcarryx_u32(x710, x612, x676);
uint32_t x715, uint8_t x716 = addcarryx_u32(x713, x615, x679);
uint32_t x718, uint8_t x719 = addcarryx_u32(x716, x618, x682);
uint32_t x721, uint8_t x722 = addcarryx_u32(x719, x621, x685);
uint32_t x724, uint8_t x725 = addcarryx_u32(x722, x624, x688);
uint32_t x727, uint8_t x728 = addcarryx_u32(x725, x627, x691);
uint32_t x730, uint8_t x731 = addcarryx_u32(x728, x630, x694);
uint32_t x733, uint8_t x734 = addcarryx_u32(x731, x633, x697);
uint32_t x736, uint8_t x737 = addcarryx_u32(x734, x636, x700);
uint32_t x739, uint8_t x740 = addcarryx_u32(x737, x638, x703);
uint32_t x742, uint32_t _ = mulx_u32(x706, 0xf0f0f0f1);
uint32_t x745, uint32_t x746 = mulx_u32(x742, 0xffffffef);
uint32_t x748, uint32_t x749 = mulx_u32(x742, 0xffffffff);
uint32_t x751, uint32_t x752 = mulx_u32(x742, 0xffffffff);
uint32_t x754, uint32_t x755 = mulx_u32(x742, 0xffffffff);
uint32_t x757, uint32_t x758 = mulx_u32(x742, 0xffffffff);
uint32_t x760, uint32_t x761 = mulx_u32(x742, 0xffffffff);
uint32_t x763, uint32_t x764 = mulx_u32(x742, 0xffffffff);
uint32_t x766, uint32_t x767 = mulx_u32(x742, 0xffffffff);
uint32_t x769, uint32_t x770 = mulx_u32(x742, 0xffffffff);
uint32_t x772, uint32_t x773 = mulx_u32(x742, 0xffffffff);
uint32_t x775, uint32_t x776 = mulx_u32(x742, 0xffff);
uint32_t x778, uint8_t x779 = addcarryx_u32(0x0, x746, x748);
uint32_t x781, uint8_t x782 = addcarryx_u32(x779, x749, x751);
uint32_t x784, uint8_t x785 = addcarryx_u32(x782, x752, x754);
uint32_t x787, uint8_t x788 = addcarryx_u32(x785, x755, x757);
uint32_t x790, uint8_t x791 = addcarryx_u32(x788, x758, x760);
uint32_t x793, uint8_t x794 = addcarryx_u32(x791, x761, x763);
uint32_t x796, uint8_t x797 = addcarryx_u32(x794, x764, x766);
uint32_t x799, uint8_t x800 = addcarryx_u32(x797, x767, x769);
uint32_t x802, uint8_t x803 = addcarryx_u32(x800, x770, x772);
uint32_t x805, uint8_t x806 = addcarryx_u32(x803, x773, x775);
uint32_t x808, uint8_t _ = addcarryx_u32(0x0, x806, x776);
uint32_t _, uint8_t x812 = addcarryx_u32(0x0, x706, x745);
uint32_t x814, uint8_t x815 = addcarryx_u32(x812, x709, x778);
uint32_t x817, uint8_t x818 = addcarryx_u32(x815, x712, x781);
uint32_t x820, uint8_t x821 = addcarryx_u32(x818, x715, x784);
uint32_t x823, uint8_t x824 = addcarryx_u32(x821, x718, x787);
uint32_t x826, uint8_t x827 = addcarryx_u32(x824, x721, x790);
uint32_t x829, uint8_t x830 = addcarryx_u32(x827, x724, x793);
uint32_t x832, uint8_t x833 = addcarryx_u32(x830, x727, x796);
uint32_t x835, uint8_t x836 = addcarryx_u32(x833, x730, x799);
uint32_t x838, uint8_t x839 = addcarryx_u32(x836, x733, x802);
uint32_t x841, uint8_t x842 = addcarryx_u32(x839, x736, x805);
uint32_t x844, uint8_t x845 = addcarryx_u32(x842, x739, x808);
uint8_t x846 = (x845 + x740);
uint32_t x848, uint32_t x849 = mulx_u32(x11, x23);
uint32_t x851, uint32_t x852 = mulx_u32(x11, x25);
uint32_t x854, uint32_t x855 = mulx_u32(x11, x27);
uint32_t x857, uint32_t x858 = mulx_u32(x11, x29);
uint32_t x860, uint32_t x861 = mulx_u32(x11, x31);
uint32_t x863, uint32_t x864 = mulx_u32(x11, x33);
uint32_t x866, uint32_t x867 = mulx_u32(x11, x35);
uint32_t x869, uint32_t x870 = mulx_u32(x11, x37);
uint32_t x872, uint32_t x873 = mulx_u32(x11, x39);
uint32_t x875, uint32_t x876 = mulx_u32(x11, x41);
uint32_t x878, uint32_t x879 = mulx_u32(x11, x40);
uint32_t x881, uint8_t x882 = addcarryx_u32(0x0, x849, x851);
uint32_t x884, uint8_t x885 = addcarryx_u32(x882, x852, x854);
uint32_t x887, uint8_t x888 = addcarryx_u32(x885, x855, x857);
uint32_t x890, uint8_t x891 = addcarryx_u32(x888, x858, x860);
uint32_t x893, uint8_t x894 = addcarryx_u32(x891, x861, x863);
uint32_t x896, uint8_t x897 = addcarryx_u32(x894, x864, x866);
uint32_t x899, uint8_t x900 = addcarryx_u32(x897, x867, x869);
uint32_t x902, uint8_t x903 = addcarryx_u32(x900, x870, x872);
uint32_t x905, uint8_t x906 = addcarryx_u32(x903, x873, x875);
uint32_t x908, uint8_t x909 = addcarryx_u32(x906, x876, x878);
uint32_t x911, uint8_t _ = addcarryx_u32(0x0, x909, x879);
uint32_t x914, uint8_t x915 = addcarryx_u32(0x0, x814, x848);
uint32_t x917, uint8_t x918 = addcarryx_u32(x915, x817, x881);
uint32_t x920, uint8_t x921 = addcarryx_u32(x918, x820, x884);
uint32_t x923, uint8_t x924 = addcarryx_u32(x921, x823, x887);
uint32_t x926, uint8_t x927 = addcarryx_u32(x924, x826, x890);
uint32_t x929, uint8_t x930 = addcarryx_u32(x927, x829, x893);
uint32_t x932, uint8_t x933 = addcarryx_u32(x930, x832, x896);
uint32_t x935, uint8_t x936 = addcarryx_u32(x933, x835, x899);
uint32_t x938, uint8_t x939 = addcarryx_u32(x936, x838, x902);
uint32_t x941, uint8_t x942 = addcarryx_u32(x939, x841, x905);
uint32_t x944, uint8_t x945 = addcarryx_u32(x942, x844, x908);
uint32_t x947, uint8_t x948 = addcarryx_u32(x945, x846, x911);
uint32_t x950, uint32_t _ = mulx_u32(x914, 0xf0f0f0f1);
uint32_t x953, uint32_t x954 = mulx_u32(x950, 0xffffffef);
uint32_t x956, uint32_t x957 = mulx_u32(x950, 0xffffffff);
uint32_t x959, uint32_t x960 = mulx_u32(x950, 0xffffffff);
uint32_t x962, uint32_t x963 = mulx_u32(x950, 0xffffffff);
uint32_t x965, uint32_t x966 = mulx_u32(x950, 0xffffffff);
uint32_t x968, uint32_t x969 = mulx_u32(x950, 0xffffffff);
uint32_t x971, uint32_t x972 = mulx_u32(x950, 0xffffffff);
uint32_t x974, uint32_t x975 = mulx_u32(x950, 0xffffffff);
uint32_t x977, uint32_t x978 = mulx_u32(x950, 0xffffffff);
uint32_t x980, uint32_t x981 = mulx_u32(x950, 0xffffffff);
uint32_t x983, uint32_t x984 = mulx_u32(x950, 0xffff);
uint32_t x986, uint8_t x987 = addcarryx_u32(0x0, x954, x956);
uint32_t x989, uint8_t x990 = addcarryx_u32(x987, x957, x959);
uint32_t x992, uint8_t x993 = addcarryx_u32(x990, x960, x962);
uint32_t x995, uint8_t x996 = addcarryx_u32(x993, x963, x965);
uint32_t x998, uint8_t x999 = addcarryx_u32(x996, x966, x968);
uint32_t x1001, uint8_t x1002 = addcarryx_u32(x999, x969, x971);
uint32_t x1004, uint8_t x1005 = addcarryx_u32(x1002, x972, x974);
uint32_t x1007, uint8_t x1008 = addcarryx_u32(x1005, x975, x977);
uint32_t x1010, uint8_t x1011 = addcarryx_u32(x1008, x978, x980);
uint32_t x1013, uint8_t x1014 = addcarryx_u32(x1011, x981, x983);
uint32_t x1016, uint8_t _ = addcarryx_u32(0x0, x1014, x984);
uint32_t _, uint8_t x1020 = addcarryx_u32(0x0, x914, x953);
uint32_t x1022, uint8_t x1023 = addcarryx_u32(x1020, x917, x986);
uint32_t x1025, uint8_t x1026 = addcarryx_u32(x1023, x920, x989);
uint32_t x1028, uint8_t x1029 = addcarryx_u32(x1026, x923, x992);
uint32_t x1031, uint8_t x1032 = addcarryx_u32(x1029, x926, x995);
uint32_t x1034, uint8_t x1035 = addcarryx_u32(x1032, x929, x998);
uint32_t x1037, uint8_t x1038 = addcarryx_u32(x1035, x932, x1001);
uint32_t x1040, uint8_t x1041 = addcarryx_u32(x1038, x935, x1004);
uint32_t x1043, uint8_t x1044 = addcarryx_u32(x1041, x938, x1007);
uint32_t x1046, uint8_t x1047 = addcarryx_u32(x1044, x941, x1010);
uint32_t x1049, uint8_t x1050 = addcarryx_u32(x1047, x944, x1013);
uint32_t x1052, uint8_t x1053 = addcarryx_u32(x1050, x947, x1016);
uint8_t x1054 = (x1053 + x948);
uint32_t x1056, uint32_t x1057 = mulx_u32(x13, x23);
uint32_t x1059, uint32_t x1060 = mulx_u32(x13, x25);
uint32_t x1062, uint32_t x1063 = mulx_u32(x13, x27);
uint32_t x1065, uint32_t x1066 = mulx_u32(x13, x29);
uint32_t x1068, uint32_t x1069 = mulx_u32(x13, x31);
uint32_t x1071, uint32_t x1072 = mulx_u32(x13, x33);
uint32_t x1074, uint32_t x1075 = mulx_u32(x13, x35);
uint32_t x1077, uint32_t x1078 = mulx_u32(x13, x37);
uint32_t x1080, uint32_t x1081 = mulx_u32(x13, x39);
uint32_t x1083, uint32_t x1084 = mulx_u32(x13, x41);
uint32_t x1086, uint32_t x1087 = mulx_u32(x13, x40);
uint32_t x1089, uint8_t x1090 = addcarryx_u32(0x0, x1057, x1059);
uint32_t x1092, uint8_t x1093 = addcarryx_u32(x1090, x1060, x1062);
uint32_t x1095, uint8_t x1096 = addcarryx_u32(x1093, x1063, x1065);
uint32_t x1098, uint8_t x1099 = addcarryx_u32(x1096, x1066, x1068);
uint32_t x1101, uint8_t x1102 = addcarryx_u32(x1099, x1069, x1071);
uint32_t x1104, uint8_t x1105 = addcarryx_u32(x1102, x1072, x1074);
uint32_t x1107, uint8_t x1108 = addcarryx_u32(x1105, x1075, x1077);
uint32_t x1110, uint8_t x1111 = addcarryx_u32(x1108, x1078, x1080);
uint32_t x1113, uint8_t x1114 = addcarryx_u32(x1111, x1081, x1083);
uint32_t x1116, uint8_t x1117 = addcarryx_u32(x1114, x1084, x1086);
uint32_t x1119, uint8_t _ = addcarryx_u32(0x0, x1117, x1087);
uint32_t x1122, uint8_t x1123 = addcarryx_u32(0x0, x1022, x1056);
uint32_t x1125, uint8_t x1126 = addcarryx_u32(x1123, x1025, x1089);
uint32_t x1128, uint8_t x1129 = addcarryx_u32(x1126, x1028, x1092);
uint32_t x1131, uint8_t x1132 = addcarryx_u32(x1129, x1031, x1095);
uint32_t x1134, uint8_t x1135 = addcarryx_u32(x1132, x1034, x1098);
uint32_t x1137, uint8_t x1138 = addcarryx_u32(x1135, x1037, x1101);
uint32_t x1140, uint8_t x1141 = addcarryx_u32(x1138, x1040, x1104);
uint32_t x1143, uint8_t x1144 = addcarryx_u32(x1141, x1043, x1107);
uint32_t x1146, uint8_t x1147 = addcarryx_u32(x1144, x1046, x1110);
uint32_t x1149, uint8_t x1150 = addcarryx_u32(x1147, x1049, x1113);
uint32_t x1152, uint8_t x1153 = addcarryx_u32(x1150, x1052, x1116);
uint32_t x1155, uint8_t x1156 = addcarryx_u32(x1153, x1054, x1119);
uint32_t x1158, uint32_t _ = mulx_u32(x1122, 0xf0f0f0f1);
uint32_t x1161, uint32_t x1162 = mulx_u32(x1158, 0xffffffef);
uint32_t x1164, uint32_t x1165 = mulx_u32(x1158, 0xffffffff);
uint32_t x1167, uint32_t x1168 = mulx_u32(x1158, 0xffffffff);
uint32_t x1170, uint32_t x1171 = mulx_u32(x1158, 0xffffffff);
uint32_t x1173, uint32_t x1174 = mulx_u32(x1158, 0xffffffff);
uint32_t x1176, uint32_t x1177 = mulx_u32(x1158, 0xffffffff);
uint32_t x1179, uint32_t x1180 = mulx_u32(x1158, 0xffffffff);
uint32_t x1182, uint32_t x1183 = mulx_u32(x1158, 0xffffffff);
uint32_t x1185, uint32_t x1186 = mulx_u32(x1158, 0xffffffff);
uint32_t x1188, uint32_t x1189 = mulx_u32(x1158, 0xffffffff);
uint32_t x1191, uint32_t x1192 = mulx_u32(x1158, 0xffff);
uint32_t x1194, uint8_t x1195 = addcarryx_u32(0x0, x1162, x1164);
uint32_t x1197, uint8_t x1198 = addcarryx_u32(x1195, x1165, x1167);
uint32_t x1200, uint8_t x1201 = addcarryx_u32(x1198, x1168, x1170);
uint32_t x1203, uint8_t x1204 = addcarryx_u32(x1201, x1171, x1173);
uint32_t x1206, uint8_t x1207 = addcarryx_u32(x1204, x1174, x1176);
uint32_t x1209, uint8_t x1210 = addcarryx_u32(x1207, x1177, x1179);
uint32_t x1212, uint8_t x1213 = addcarryx_u32(x1210, x1180, x1182);
uint32_t x1215, uint8_t x1216 = addcarryx_u32(x1213, x1183, x1185);
uint32_t x1218, uint8_t x1219 = addcarryx_u32(x1216, x1186, x1188);
uint32_t x1221, uint8_t x1222 = addcarryx_u32(x1219, x1189, x1191);
uint32_t x1224, uint8_t _ = addcarryx_u32(0x0, x1222, x1192);
uint32_t _, uint8_t x1228 = addcarryx_u32(0x0, x1122, x1161);
uint32_t x1230, uint8_t x1231 = addcarryx_u32(x1228, x1125, x1194);
uint32_t x1233, uint8_t x1234 = addcarryx_u32(x1231, x1128, x1197);
uint32_t x1236, uint8_t x1237 = addcarryx_u32(x1234, x1131, x1200);
uint32_t x1239, uint8_t x1240 = addcarryx_u32(x1237, x1134, x1203);
uint32_t x1242, uint8_t x1243 = addcarryx_u32(x1240, x1137, x1206);
uint32_t x1245, uint8_t x1246 = addcarryx_u32(x1243, x1140, x1209);
uint32_t x1248, uint8_t x1249 = addcarryx_u32(x1246, x1143, x1212);
uint32_t x1251, uint8_t x1252 = addcarryx_u32(x1249, x1146, x1215);
uint32_t x1254, uint8_t x1255 = addcarryx_u32(x1252, x1149, x1218);
uint32_t x1257, uint8_t x1258 = addcarryx_u32(x1255, x1152, x1221);
uint32_t x1260, uint8_t x1261 = addcarryx_u32(x1258, x1155, x1224);
uint8_t x1262 = (x1261 + x1156);
uint32_t x1264, uint32_t x1265 = mulx_u32(x15, x23);
uint32_t x1267, uint32_t x1268 = mulx_u32(x15, x25);
uint32_t x1270, uint32_t x1271 = mulx_u32(x15, x27);
uint32_t x1273, uint32_t x1274 = mulx_u32(x15, x29);
uint32_t x1276, uint32_t x1277 = mulx_u32(x15, x31);
uint32_t x1279, uint32_t x1280 = mulx_u32(x15, x33);
uint32_t x1282, uint32_t x1283 = mulx_u32(x15, x35);
uint32_t x1285, uint32_t x1286 = mulx_u32(x15, x37);
uint32_t x1288, uint32_t x1289 = mulx_u32(x15, x39);
uint32_t x1291, uint32_t x1292 = mulx_u32(x15, x41);
uint32_t x1294, uint32_t x1295 = mulx_u32(x15, x40);
uint32_t x1297, uint8_t x1298 = addcarryx_u32(0x0, x1265, x1267);
uint32_t x1300, uint8_t x1301 = addcarryx_u32(x1298, x1268, x1270);
uint32_t x1303, uint8_t x1304 = addcarryx_u32(x1301, x1271, x1273);
uint32_t x1306, uint8_t x1307 = addcarryx_u32(x1304, x1274, x1276);
uint32_t x1309, uint8_t x1310 = addcarryx_u32(x1307, x1277, x1279);
uint32_t x1312, uint8_t x1313 = addcarryx_u32(x1310, x1280, x1282);
uint32_t x1315, uint8_t x1316 = addcarryx_u32(x1313, x1283, x1285);
uint32_t x1318, uint8_t x1319 = addcarryx_u32(x1316, x1286, x1288);
uint32_t x1321, uint8_t x1322 = addcarryx_u32(x1319, x1289, x1291);
uint32_t x1324, uint8_t x1325 = addcarryx_u32(x1322, x1292, x1294);
uint32_t x1327, uint8_t _ = addcarryx_u32(0x0, x1325, x1295);
uint32_t x1330, uint8_t x1331 = addcarryx_u32(0x0, x1230, x1264);
uint32_t x1333, uint8_t x1334 = addcarryx_u32(x1331, x1233, x1297);
uint32_t x1336, uint8_t x1337 = addcarryx_u32(x1334, x1236, x1300);
uint32_t x1339, uint8_t x1340 = addcarryx_u32(x1337, x1239, x1303);
uint32_t x1342, uint8_t x1343 = addcarryx_u32(x1340, x1242, x1306);
uint32_t x1345, uint8_t x1346 = addcarryx_u32(x1343, x1245, x1309);
uint32_t x1348, uint8_t x1349 = addcarryx_u32(x1346, x1248, x1312);
uint32_t x1351, uint8_t x1352 = addcarryx_u32(x1349, x1251, x1315);
uint32_t x1354, uint8_t x1355 = addcarryx_u32(x1352, x1254, x1318);
uint32_t x1357, uint8_t x1358 = addcarryx_u32(x1355, x1257, x1321);
uint32_t x1360, uint8_t x1361 = addcarryx_u32(x1358, x1260, x1324);
uint32_t x1363, uint8_t x1364 = addcarryx_u32(x1361, x1262, x1327);
uint32_t x1366, uint32_t _ = mulx_u32(x1330, 0xf0f0f0f1);
uint32_t x1369, uint32_t x1370 = mulx_u32(x1366, 0xffffffef);
uint32_t x1372, uint32_t x1373 = mulx_u32(x1366, 0xffffffff);
uint32_t x1375, uint32_t x1376 = mulx_u32(x1366, 0xffffffff);
uint32_t x1378, uint32_t x1379 = mulx_u32(x1366, 0xffffffff);
uint32_t x1381, uint32_t x1382 = mulx_u32(x1366, 0xffffffff);
uint32_t x1384, uint32_t x1385 = mulx_u32(x1366, 0xffffffff);
uint32_t x1387, uint32_t x1388 = mulx_u32(x1366, 0xffffffff);
uint32_t x1390, uint32_t x1391 = mulx_u32(x1366, 0xffffffff);
uint32_t x1393, uint32_t x1394 = mulx_u32(x1366, 0xffffffff);
uint32_t x1396, uint32_t x1397 = mulx_u32(x1366, 0xffffffff);
uint32_t x1399, uint32_t x1400 = mulx_u32(x1366, 0xffff);
uint32_t x1402, uint8_t x1403 = addcarryx_u32(0x0, x1370, x1372);
uint32_t x1405, uint8_t x1406 = addcarryx_u32(x1403, x1373, x1375);
uint32_t x1408, uint8_t x1409 = addcarryx_u32(x1406, x1376, x1378);
uint32_t x1411, uint8_t x1412 = addcarryx_u32(x1409, x1379, x1381);
uint32_t x1414, uint8_t x1415 = addcarryx_u32(x1412, x1382, x1384);
uint32_t x1417, uint8_t x1418 = addcarryx_u32(x1415, x1385, x1387);
uint32_t x1420, uint8_t x1421 = addcarryx_u32(x1418, x1388, x1390);
uint32_t x1423, uint8_t x1424 = addcarryx_u32(x1421, x1391, x1393);
uint32_t x1426, uint8_t x1427 = addcarryx_u32(x1424, x1394, x1396);
uint32_t x1429, uint8_t x1430 = addcarryx_u32(x1427, x1397, x1399);
uint32_t x1432, uint8_t _ = addcarryx_u32(0x0, x1430, x1400);
uint32_t _, uint8_t x1436 = addcarryx_u32(0x0, x1330, x1369);
uint32_t x1438, uint8_t x1439 = addcarryx_u32(x1436, x1333, x1402);
uint32_t x1441, uint8_t x1442 = addcarryx_u32(x1439, x1336, x1405);
uint32_t x1444, uint8_t x1445 = addcarryx_u32(x1442, x1339, x1408);
uint32_t x1447, uint8_t x1448 = addcarryx_u32(x1445, x1342, x1411);
uint32_t x1450, uint8_t x1451 = addcarryx_u32(x1448, x1345, x1414);
uint32_t x1453, uint8_t x1454 = addcarryx_u32(x1451, x1348, x1417);
uint32_t x1456, uint8_t x1457 = addcarryx_u32(x1454, x1351, x1420);
uint32_t x1459, uint8_t x1460 = addcarryx_u32(x1457, x1354, x1423);
uint32_t x1462, uint8_t x1463 = addcarryx_u32(x1460, x1357, x1426);
uint32_t x1465, uint8_t x1466 = addcarryx_u32(x1463, x1360, x1429);
uint32_t x1468, uint8_t x1469 = addcarryx_u32(x1466, x1363, x1432);
uint8_t x1470 = (x1469 + x1364);
uint32_t x1472, uint32_t x1473 = mulx_u32(x17, x23);
uint32_t x1475, uint32_t x1476 = mulx_u32(x17, x25);
uint32_t x1478, uint32_t x1479 = mulx_u32(x17, x27);
uint32_t x1481, uint32_t x1482 = mulx_u32(x17, x29);
uint32_t x1484, uint32_t x1485 = mulx_u32(x17, x31);
uint32_t x1487, uint32_t x1488 = mulx_u32(x17, x33);
uint32_t x1490, uint32_t x1491 = mulx_u32(x17, x35);
uint32_t x1493, uint32_t x1494 = mulx_u32(x17, x37);
uint32_t x1496, uint32_t x1497 = mulx_u32(x17, x39);
uint32_t x1499, uint32_t x1500 = mulx_u32(x17, x41);
uint32_t x1502, uint32_t x1503 = mulx_u32(x17, x40);
uint32_t x1505, uint8_t x1506 = addcarryx_u32(0x0, x1473, x1475);
uint32_t x1508, uint8_t x1509 = addcarryx_u32(x1506, x1476, x1478);
uint32_t x1511, uint8_t x1512 = addcarryx_u32(x1509, x1479, x1481);
uint32_t x1514, uint8_t x1515 = addcarryx_u32(x1512, x1482, x1484);
uint32_t x1517, uint8_t x1518 = addcarryx_u32(x1515, x1485, x1487);
uint32_t x1520, uint8_t x1521 = addcarryx_u32(x1518, x1488, x1490);
uint32_t x1523, uint8_t x1524 = addcarryx_u32(x1521, x1491, x1493);
uint32_t x1526, uint8_t x1527 = addcarryx_u32(x1524, x1494, x1496);
uint32_t x1529, uint8_t x1530 = addcarryx_u32(x1527, x1497, x1499);
uint32_t x1532, uint8_t x1533 = addcarryx_u32(x1530, x1500, x1502);
uint32_t x1535, uint8_t _ = addcarryx_u32(0x0, x1533, x1503);
uint32_t x1538, uint8_t x1539 = addcarryx_u32(0x0, x1438, x1472);
uint32_t x1541, uint8_t x1542 = addcarryx_u32(x1539, x1441, x1505);
uint32_t x1544, uint8_t x1545 = addcarryx_u32(x1542, x1444, x1508);
uint32_t x1547, uint8_t x1548 = addcarryx_u32(x1545, x1447, x1511);
uint32_t x1550, uint8_t x1551 = addcarryx_u32(x1548, x1450, x1514);
uint32_t x1553, uint8_t x1554 = addcarryx_u32(x1551, x1453, x1517);
uint32_t x1556, uint8_t x1557 = addcarryx_u32(x1554, x1456, x1520);
uint32_t x1559, uint8_t x1560 = addcarryx_u32(x1557, x1459, x1523);
uint32_t x1562, uint8_t x1563 = addcarryx_u32(x1560, x1462, x1526);
uint32_t x1565, uint8_t x1566 = addcarryx_u32(x1563, x1465, x1529);
uint32_t x1568, uint8_t x1569 = addcarryx_u32(x1566, x1468, x1532);
uint32_t x1571, uint8_t x1572 = addcarryx_u32(x1569, x1470, x1535);
uint32_t x1574, uint32_t _ = mulx_u32(x1538, 0xf0f0f0f1);
uint32_t x1577, uint32_t x1578 = mulx_u32(x1574, 0xffffffef);
uint32_t x1580, uint32_t x1581 = mulx_u32(x1574, 0xffffffff);
uint32_t x1583, uint32_t x1584 = mulx_u32(x1574, 0xffffffff);
uint32_t x1586, uint32_t x1587 = mulx_u32(x1574, 0xffffffff);
uint32_t x1589, uint32_t x1590 = mulx_u32(x1574, 0xffffffff);
uint32_t x1592, uint32_t x1593 = mulx_u32(x1574, 0xffffffff);
uint32_t x1595, uint32_t x1596 = mulx_u32(x1574, 0xffffffff);
uint32_t x1598, uint32_t x1599 = mulx_u32(x1574, 0xffffffff);
uint32_t x1601, uint32_t x1602 = mulx_u32(x1574, 0xffffffff);
uint32_t x1604, uint32_t x1605 = mulx_u32(x1574, 0xffffffff);
uint32_t x1607, uint32_t x1608 = mulx_u32(x1574, 0xffff);
uint32_t x1610, uint8_t x1611 = addcarryx_u32(0x0, x1578, x1580);
uint32_t x1613, uint8_t x1614 = addcarryx_u32(x1611, x1581, x1583);
uint32_t x1616, uint8_t x1617 = addcarryx_u32(x1614, x1584, x1586);
uint32_t x1619, uint8_t x1620 = addcarryx_u32(x1617, x1587, x1589);
uint32_t x1622, uint8_t x1623 = addcarryx_u32(x1620, x1590, x1592);
uint32_t x1625, uint8_t x1626 = addcarryx_u32(x1623, x1593, x1595);
uint32_t x1628, uint8_t x1629 = addcarryx_u32(x1626, x1596, x1598);
uint32_t x1631, uint8_t x1632 = addcarryx_u32(x1629, x1599, x1601);
uint32_t x1634, uint8_t x1635 = addcarryx_u32(x1632, x1602, x1604);
uint32_t x1637, uint8_t x1638 = addcarryx_u32(x1635, x1605, x1607);
uint32_t x1640, uint8_t _ = addcarryx_u32(0x0, x1638, x1608);
uint32_t _, uint8_t x1644 = addcarryx_u32(0x0, x1538, x1577);
uint32_t x1646, uint8_t x1647 = addcarryx_u32(x1644, x1541, x1610);
uint32_t x1649, uint8_t x1650 = addcarryx_u32(x1647, x1544, x1613);
uint32_t x1652, uint8_t x1653 = addcarryx_u32(x1650, x1547, x1616);
uint32_t x1655, uint8_t x1656 = addcarryx_u32(x1653, x1550, x1619);
uint32_t x1658, uint8_t x1659 = addcarryx_u32(x1656, x1553, x1622);
uint32_t x1661, uint8_t x1662 = addcarryx_u32(x1659, x1556, x1625);
uint32_t x1664, uint8_t x1665 = addcarryx_u32(x1662, x1559, x1628);
uint32_t x1667, uint8_t x1668 = addcarryx_u32(x1665, x1562, x1631);
uint32_t x1670, uint8_t x1671 = addcarryx_u32(x1668, x1565, x1634);
uint32_t x1673, uint8_t x1674 = addcarryx_u32(x1671, x1568, x1637);
uint32_t x1676, uint8_t x1677 = addcarryx_u32(x1674, x1571, x1640);
uint8_t x1678 = (x1677 + x1572);
uint32_t x1680, uint32_t x1681 = mulx_u32(x19, x23);
uint32_t x1683, uint32_t x1684 = mulx_u32(x19, x25);
uint32_t x1686, uint32_t x1687 = mulx_u32(x19, x27);
uint32_t x1689, uint32_t x1690 = mulx_u32(x19, x29);
uint32_t x1692, uint32_t x1693 = mulx_u32(x19, x31);
uint32_t x1695, uint32_t x1696 = mulx_u32(x19, x33);
uint32_t x1698, uint32_t x1699 = mulx_u32(x19, x35);
uint32_t x1701, uint32_t x1702 = mulx_u32(x19, x37);
uint32_t x1704, uint32_t x1705 = mulx_u32(x19, x39);
uint32_t x1707, uint32_t x1708 = mulx_u32(x19, x41);
uint32_t x1710, uint32_t x1711 = mulx_u32(x19, x40);
uint32_t x1713, uint8_t x1714 = addcarryx_u32(0x0, x1681, x1683);
uint32_t x1716, uint8_t x1717 = addcarryx_u32(x1714, x1684, x1686);
uint32_t x1719, uint8_t x1720 = addcarryx_u32(x1717, x1687, x1689);
uint32_t x1722, uint8_t x1723 = addcarryx_u32(x1720, x1690, x1692);
uint32_t x1725, uint8_t x1726 = addcarryx_u32(x1723, x1693, x1695);
uint32_t x1728, uint8_t x1729 = addcarryx_u32(x1726, x1696, x1698);
uint32_t x1731, uint8_t x1732 = addcarryx_u32(x1729, x1699, x1701);
uint32_t x1734, uint8_t x1735 = addcarryx_u32(x1732, x1702, x1704);
uint32_t x1737, uint8_t x1738 = addcarryx_u32(x1735, x1705, x1707);
uint32_t x1740, uint8_t x1741 = addcarryx_u32(x1738, x1708, x1710);
uint32_t x1743, uint8_t _ = addcarryx_u32(0x0, x1741, x1711);
uint32_t x1746, uint8_t x1747 = addcarryx_u32(0x0, x1646, x1680);
uint32_t x1749, uint8_t x1750 = addcarryx_u32(x1747, x1649, x1713);
uint32_t x1752, uint8_t x1753 = addcarryx_u32(x1750, x1652, x1716);
uint32_t x1755, uint8_t x1756 = addcarryx_u32(x1753, x1655, x1719);
uint32_t x1758, uint8_t x1759 = addcarryx_u32(x1756, x1658, x1722);
uint32_t x1761, uint8_t x1762 = addcarryx_u32(x1759, x1661, x1725);
uint32_t x1764, uint8_t x1765 = addcarryx_u32(x1762, x1664, x1728);
uint32_t x1767, uint8_t x1768 = addcarryx_u32(x1765, x1667, x1731);
uint32_t x1770, uint8_t x1771 = addcarryx_u32(x1768, x1670, x1734);
uint32_t x1773, uint8_t x1774 = addcarryx_u32(x1771, x1673, x1737);
uint32_t x1776, uint8_t x1777 = addcarryx_u32(x1774, x1676, x1740);
uint32_t x1779, uint8_t x1780 = addcarryx_u32(x1777, x1678, x1743);
uint32_t x1782, uint32_t _ = mulx_u32(x1746, 0xf0f0f0f1);
uint32_t x1785, uint32_t x1786 = mulx_u32(x1782, 0xffffffef);
uint32_t x1788, uint32_t x1789 = mulx_u32(x1782, 0xffffffff);
uint32_t x1791, uint32_t x1792 = mulx_u32(x1782, 0xffffffff);
uint32_t x1794, uint32_t x1795 = mulx_u32(x1782, 0xffffffff);
uint32_t x1797, uint32_t x1798 = mulx_u32(x1782, 0xffffffff);
uint32_t x1800, uint32_t x1801 = mulx_u32(x1782, 0xffffffff);
uint32_t x1803, uint32_t x1804 = mulx_u32(x1782, 0xffffffff);
uint32_t x1806, uint32_t x1807 = mulx_u32(x1782, 0xffffffff);
uint32_t x1809, uint32_t x1810 = mulx_u32(x1782, 0xffffffff);
uint32_t x1812, uint32_t x1813 = mulx_u32(x1782, 0xffffffff);
uint32_t x1815, uint32_t x1816 = mulx_u32(x1782, 0xffff);
uint32_t x1818, uint8_t x1819 = addcarryx_u32(0x0, x1786, x1788);
uint32_t x1821, uint8_t x1822 = addcarryx_u32(x1819, x1789, x1791);
uint32_t x1824, uint8_t x1825 = addcarryx_u32(x1822, x1792, x1794);
uint32_t x1827, uint8_t x1828 = addcarryx_u32(x1825, x1795, x1797);
uint32_t x1830, uint8_t x1831 = addcarryx_u32(x1828, x1798, x1800);
uint32_t x1833, uint8_t x1834 = addcarryx_u32(x1831, x1801, x1803);
uint32_t x1836, uint8_t x1837 = addcarryx_u32(x1834, x1804, x1806);
uint32_t x1839, uint8_t x1840 = addcarryx_u32(x1837, x1807, x1809);
uint32_t x1842, uint8_t x1843 = addcarryx_u32(x1840, x1810, x1812);
uint32_t x1845, uint8_t x1846 = addcarryx_u32(x1843, x1813, x1815);
uint32_t x1848, uint8_t _ = addcarryx_u32(0x0, x1846, x1816);
uint32_t _, uint8_t x1852 = addcarryx_u32(0x0, x1746, x1785);
uint32_t x1854, uint8_t x1855 = addcarryx_u32(x1852, x1749, x1818);
uint32_t x1857, uint8_t x1858 = addcarryx_u32(x1855, x1752, x1821);
uint32_t x1860, uint8_t x1861 = addcarryx_u32(x1858, x1755, x1824);
uint32_t x1863, uint8_t x1864 = addcarryx_u32(x1861, x1758, x1827);
uint32_t x1866, uint8_t x1867 = addcarryx_u32(x1864, x1761, x1830);
uint32_t x1869, uint8_t x1870 = addcarryx_u32(x1867, x1764, x1833);
uint32_t x1872, uint8_t x1873 = addcarryx_u32(x1870, x1767, x1836);
uint32_t x1875, uint8_t x1876 = addcarryx_u32(x1873, x1770, x1839);
uint32_t x1878, uint8_t x1879 = addcarryx_u32(x1876, x1773, x1842);
uint32_t x1881, uint8_t x1882 = addcarryx_u32(x1879, x1776, x1845);
uint32_t x1884, uint8_t x1885 = addcarryx_u32(x1882, x1779, x1848);
uint8_t x1886 = (x1885 + x1780);
uint32_t x1888, uint32_t x1889 = mulx_u32(x21, x23);
uint32_t x1891, uint32_t x1892 = mulx_u32(x21, x25);
uint32_t x1894, uint32_t x1895 = mulx_u32(x21, x27);
uint32_t x1897, uint32_t x1898 = mulx_u32(x21, x29);
uint32_t x1900, uint32_t x1901 = mulx_u32(x21, x31);
uint32_t x1903, uint32_t x1904 = mulx_u32(x21, x33);
uint32_t x1906, uint32_t x1907 = mulx_u32(x21, x35);
uint32_t x1909, uint32_t x1910 = mulx_u32(x21, x37);
uint32_t x1912, uint32_t x1913 = mulx_u32(x21, x39);
uint32_t x1915, uint32_t x1916 = mulx_u32(x21, x41);
uint32_t x1918, uint32_t x1919 = mulx_u32(x21, x40);
uint32_t x1921, uint8_t x1922 = addcarryx_u32(0x0, x1889, x1891);
uint32_t x1924, uint8_t x1925 = addcarryx_u32(x1922, x1892, x1894);
uint32_t x1927, uint8_t x1928 = addcarryx_u32(x1925, x1895, x1897);
uint32_t x1930, uint8_t x1931 = addcarryx_u32(x1928, x1898, x1900);
uint32_t x1933, uint8_t x1934 = addcarryx_u32(x1931, x1901, x1903);
uint32_t x1936, uint8_t x1937 = addcarryx_u32(x1934, x1904, x1906);
uint32_t x1939, uint8_t x1940 = addcarryx_u32(x1937, x1907, x1909);
uint32_t x1942, uint8_t x1943 = addcarryx_u32(x1940, x1910, x1912);
uint32_t x1945, uint8_t x1946 = addcarryx_u32(x1943, x1913, x1915);
uint32_t x1948, uint8_t x1949 = addcarryx_u32(x1946, x1916, x1918);
uint32_t x1951, uint8_t _ = addcarryx_u32(0x0, x1949, x1919);
uint32_t x1954, uint8_t x1955 = addcarryx_u32(0x0, x1854, x1888);
uint32_t x1957, uint8_t x1958 = addcarryx_u32(x1955, x1857, x1921);
uint32_t x1960, uint8_t x1961 = addcarryx_u32(x1958, x1860, x1924);
uint32_t x1963, uint8_t x1964 = addcarryx_u32(x1961, x1863, x1927);
uint32_t x1966, uint8_t x1967 = addcarryx_u32(x1964, x1866, x1930);
uint32_t x1969, uint8_t x1970 = addcarryx_u32(x1967, x1869, x1933);
uint32_t x1972, uint8_t x1973 = addcarryx_u32(x1970, x1872, x1936);
uint32_t x1975, uint8_t x1976 = addcarryx_u32(x1973, x1875, x1939);
uint32_t x1978, uint8_t x1979 = addcarryx_u32(x1976, x1878, x1942);
uint32_t x1981, uint8_t x1982 = addcarryx_u32(x1979, x1881, x1945);
uint32_t x1984, uint8_t x1985 = addcarryx_u32(x1982, x1884, x1948);
uint32_t x1987, uint8_t x1988 = addcarryx_u32(x1985, x1886, x1951);
uint32_t x1990, uint32_t _ = mulx_u32(x1954, 0xf0f0f0f1);
uint32_t x1993, uint32_t x1994 = mulx_u32(x1990, 0xffffffef);
uint32_t x1996, uint32_t x1997 = mulx_u32(x1990, 0xffffffff);
uint32_t x1999, uint32_t x2000 = mulx_u32(x1990, 0xffffffff);
uint32_t x2002, uint32_t x2003 = mulx_u32(x1990, 0xffffffff);
uint32_t x2005, uint32_t x2006 = mulx_u32(x1990, 0xffffffff);
uint32_t x2008, uint32_t x2009 = mulx_u32(x1990, 0xffffffff);
uint32_t x2011, uint32_t x2012 = mulx_u32(x1990, 0xffffffff);
uint32_t x2014, uint32_t x2015 = mulx_u32(x1990, 0xffffffff);
uint32_t x2017, uint32_t x2018 = mulx_u32(x1990, 0xffffffff);
uint32_t x2020, uint32_t x2021 = mulx_u32(x1990, 0xffffffff);
uint32_t x2023, uint32_t x2024 = mulx_u32(x1990, 0xffff);
uint32_t x2026, uint8_t x2027 = addcarryx_u32(0x0, x1994, x1996);
uint32_t x2029, uint8_t x2030 = addcarryx_u32(x2027, x1997, x1999);
uint32_t x2032, uint8_t x2033 = addcarryx_u32(x2030, x2000, x2002);
uint32_t x2035, uint8_t x2036 = addcarryx_u32(x2033, x2003, x2005);
uint32_t x2038, uint8_t x2039 = addcarryx_u32(x2036, x2006, x2008);
uint32_t x2041, uint8_t x2042 = addcarryx_u32(x2039, x2009, x2011);
uint32_t x2044, uint8_t x2045 = addcarryx_u32(x2042, x2012, x2014);
uint32_t x2047, uint8_t x2048 = addcarryx_u32(x2045, x2015, x2017);
uint32_t x2050, uint8_t x2051 = addcarryx_u32(x2048, x2018, x2020);
uint32_t x2053, uint8_t x2054 = addcarryx_u32(x2051, x2021, x2023);
uint32_t x2056, uint8_t _ = addcarryx_u32(0x0, x2054, x2024);
uint32_t _, uint8_t x2060 = addcarryx_u32(0x0, x1954, x1993);
uint32_t x2062, uint8_t x2063 = addcarryx_u32(x2060, x1957, x2026);
uint32_t x2065, uint8_t x2066 = addcarryx_u32(x2063, x1960, x2029);
uint32_t x2068, uint8_t x2069 = addcarryx_u32(x2066, x1963, x2032);
uint32_t x2071, uint8_t x2072 = addcarryx_u32(x2069, x1966, x2035);
uint32_t x2074, uint8_t x2075 = addcarryx_u32(x2072, x1969, x2038);
uint32_t x2077, uint8_t x2078 = addcarryx_u32(x2075, x1972, x2041);
uint32_t x2080, uint8_t x2081 = addcarryx_u32(x2078, x1975, x2044);
uint32_t x2083, uint8_t x2084 = addcarryx_u32(x2081, x1978, x2047);
uint32_t x2086, uint8_t x2087 = addcarryx_u32(x2084, x1981, x2050);
uint32_t x2089, uint8_t x2090 = addcarryx_u32(x2087, x1984, x2053);
uint32_t x2092, uint8_t x2093 = addcarryx_u32(x2090, x1987, x2056);
uint8_t x2094 = (x2093 + x1988);
uint32_t x2096, uint32_t x2097 = mulx_u32(x20, x23);
uint32_t x2099, uint32_t x2100 = mulx_u32(x20, x25);
uint32_t x2102, uint32_t x2103 = mulx_u32(x20, x27);
uint32_t x2105, uint32_t x2106 = mulx_u32(x20, x29);
uint32_t x2108, uint32_t x2109 = mulx_u32(x20, x31);
uint32_t x2111, uint32_t x2112 = mulx_u32(x20, x33);
uint32_t x2114, uint32_t x2115 = mulx_u32(x20, x35);
uint32_t x2117, uint32_t x2118 = mulx_u32(x20, x37);
uint32_t x2120, uint32_t x2121 = mulx_u32(x20, x39);
uint32_t x2123, uint32_t x2124 = mulx_u32(x20, x41);
uint32_t x2126, uint32_t x2127 = mulx_u32(x20, x40);
uint32_t x2129, uint8_t x2130 = addcarryx_u32(0x0, x2097, x2099);
uint32_t x2132, uint8_t x2133 = addcarryx_u32(x2130, x2100, x2102);
uint32_t x2135, uint8_t x2136 = addcarryx_u32(x2133, x2103, x2105);
uint32_t x2138, uint8_t x2139 = addcarryx_u32(x2136, x2106, x2108);
uint32_t x2141, uint8_t x2142 = addcarryx_u32(x2139, x2109, x2111);
uint32_t x2144, uint8_t x2145 = addcarryx_u32(x2142, x2112, x2114);
uint32_t x2147, uint8_t x2148 = addcarryx_u32(x2145, x2115, x2117);
uint32_t x2150, uint8_t x2151 = addcarryx_u32(x2148, x2118, x2120);
uint32_t x2153, uint8_t x2154 = addcarryx_u32(x2151, x2121, x2123);
uint32_t x2156, uint8_t x2157 = addcarryx_u32(x2154, x2124, x2126);
uint32_t x2159, uint8_t _ = addcarryx_u32(0x0, x2157, x2127);
uint32_t x2162, uint8_t x2163 = addcarryx_u32(0x0, x2062, x2096);
uint32_t x2165, uint8_t x2166 = addcarryx_u32(x2163, x2065, x2129);
uint32_t x2168, uint8_t x2169 = addcarryx_u32(x2166, x2068, x2132);
uint32_t x2171, uint8_t x2172 = addcarryx_u32(x2169, x2071, x2135);
uint32_t x2174, uint8_t x2175 = addcarryx_u32(x2172, x2074, x2138);
uint32_t x2177, uint8_t x2178 = addcarryx_u32(x2175, x2077, x2141);
uint32_t x2180, uint8_t x2181 = addcarryx_u32(x2178, x2080, x2144);
uint32_t x2183, uint8_t x2184 = addcarryx_u32(x2181, x2083, x2147);
uint32_t x2186, uint8_t x2187 = addcarryx_u32(x2184, x2086, x2150);
uint32_t x2189, uint8_t x2190 = addcarryx_u32(x2187, x2089, x2153);
uint32_t x2192, uint8_t x2193 = addcarryx_u32(x2190, x2092, x2156);
uint32_t x2195, uint8_t x2196 = addcarryx_u32(x2193, x2094, x2159);
uint32_t x2198, uint32_t _ = mulx_u32(x2162, 0xf0f0f0f1);
uint32_t x2201, uint32_t x2202 = mulx_u32(x2198, 0xffffffef);
uint32_t x2204, uint32_t x2205 = mulx_u32(x2198, 0xffffffff);
uint32_t x2207, uint32_t x2208 = mulx_u32(x2198, 0xffffffff);
uint32_t x2210, uint32_t x2211 = mulx_u32(x2198, 0xffffffff);
uint32_t x2213, uint32_t x2214 = mulx_u32(x2198, 0xffffffff);
uint32_t x2216, uint32_t x2217 = mulx_u32(x2198, 0xffffffff);
uint32_t x2219, uint32_t x2220 = mulx_u32(x2198, 0xffffffff);
uint32_t x2222, uint32_t x2223 = mulx_u32(x2198, 0xffffffff);
uint32_t x2225, uint32_t x2226 = mulx_u32(x2198, 0xffffffff);
uint32_t x2228, uint32_t x2229 = mulx_u32(x2198, 0xffffffff);
uint32_t x2231, uint32_t x2232 = mulx_u32(x2198, 0xffff);
uint32_t x2234, uint8_t x2235 = addcarryx_u32(0x0, x2202, x2204);
uint32_t x2237, uint8_t x2238 = addcarryx_u32(x2235, x2205, x2207);
uint32_t x2240, uint8_t x2241 = addcarryx_u32(x2238, x2208, x2210);
uint32_t x2243, uint8_t x2244 = addcarryx_u32(x2241, x2211, x2213);
uint32_t x2246, uint8_t x2247 = addcarryx_u32(x2244, x2214, x2216);
uint32_t x2249, uint8_t x2250 = addcarryx_u32(x2247, x2217, x2219);
uint32_t x2252, uint8_t x2253 = addcarryx_u32(x2250, x2220, x2222);
uint32_t x2255, uint8_t x2256 = addcarryx_u32(x2253, x2223, x2225);
uint32_t x2258, uint8_t x2259 = addcarryx_u32(x2256, x2226, x2228);
uint32_t x2261, uint8_t x2262 = addcarryx_u32(x2259, x2229, x2231);
uint32_t x2264, uint8_t _ = addcarryx_u32(0x0, x2262, x2232);
uint32_t _, uint8_t x2268 = addcarryx_u32(0x0, x2162, x2201);
uint32_t x2270, uint8_t x2271 = addcarryx_u32(x2268, x2165, x2234);
uint32_t x2273, uint8_t x2274 = addcarryx_u32(x2271, x2168, x2237);
uint32_t x2276, uint8_t x2277 = addcarryx_u32(x2274, x2171, x2240);
uint32_t x2279, uint8_t x2280 = addcarryx_u32(x2277, x2174, x2243);
uint32_t x2282, uint8_t x2283 = addcarryx_u32(x2280, x2177, x2246);
uint32_t x2285, uint8_t x2286 = addcarryx_u32(x2283, x2180, x2249);
uint32_t x2288, uint8_t x2289 = addcarryx_u32(x2286, x2183, x2252);
uint32_t x2291, uint8_t x2292 = addcarryx_u32(x2289, x2186, x2255);
uint32_t x2294, uint8_t x2295 = addcarryx_u32(x2292, x2189, x2258);
uint32_t x2297, uint8_t x2298 = addcarryx_u32(x2295, x2192, x2261);
uint32_t x2300, uint8_t x2301 = addcarryx_u32(x2298, x2195, x2264);
uint8_t x2302 = (x2301 + x2196);
uint32_t x2304, uint8_t x2305 = subborrow_u32(0x0, x2270, 0xffffffef);
uint32_t x2307, uint8_t x2308 = subborrow_u32(x2305, x2273, 0xffffffff);
uint32_t x2310, uint8_t x2311 = subborrow_u32(x2308, x2276, 0xffffffff);
uint32_t x2313, uint8_t x2314 = subborrow_u32(x2311, x2279, 0xffffffff);
uint32_t x2316, uint8_t x2317 = subborrow_u32(x2314, x2282, 0xffffffff);
uint32_t x2319, uint8_t x2320 = subborrow_u32(x2317, x2285, 0xffffffff);
uint32_t x2322, uint8_t x2323 = subborrow_u32(x2320, x2288, 0xffffffff);
uint32_t x2325, uint8_t x2326 = subborrow_u32(x2323, x2291, 0xffffffff);
uint32_t x2328, uint8_t x2329 = subborrow_u32(x2326, x2294, 0xffffffff);
uint32_t x2331, uint8_t x2332 = subborrow_u32(x2329, x2297, 0xffffffff);
uint32_t x2334, uint8_t x2335 = subborrow_u32(x2332, x2300, 0xffff);
uint32_t _, uint8_t x2338 = subborrow_u32(x2335, x2302, 0x0);
(cmovznz32(x2338, x2334, x2300), cmovznz32(x2338, x2331, x2297), cmovznz32(x2338, x2328, x2294), cmovznz32(x2338, x2325, x2291), cmovznz32(x2338, x2322, x2288), cmovznz32(x2338, x2319, x2285), cmovznz32(x2338, x2316, x2282), cmovznz32(x2338, x2313, x2279), cmovznz32(x2338, x2310, x2276), cmovznz32(x2338, x2307, x2273), cmovznz32(x2338, x2304, x2270))
     : ∀ var : Z.Syntax.base_type → Type, expr Z.Syntax.base_type Z.Syntax.op (uint32_t * uint32_t * uint32_t * uint32_t * uint32_t * uint32_t * uint32_t * uint32_t * uint32_t * uint32_t * uint32_t * (uint32_t * uint32_t * uint32_t * uint32_t * uint32_t * uint32_t * uint32_t * uint32_t * uint32_t * uint32_t * uint32_t) -> uint32_t * uint32_t * uint32_t * uint32_t * uint32_t * uint32_t * uint32_t * uint32_t * uint32_t * uint32_t * uint32_t)

Argument scope is [function_scope]
