freeze = λ var : Z.Syntax.base_type → Type,
λ '(x12, x13, x11, x9, x7, x5, x3, x1)%core,
uint32_t x15, uint32_t x16 = Op (Z.Syntax.SubWithGetBorrow 25 (Syntax.TWord 5) (Syntax.TWord 5) (Syntax.TWord 5) (Syntax.TWord 5) (Syntax.TWord 5)) (0x0, Return x1, 0x1ffffef);
uint32_t x18, uint32_t x19 = Op (Z.Syntax.SubWithGetBorrow 25 (Syntax.TWord 5) (Syntax.TWord 5) (Syntax.TWord 5) (Syntax.TWord 5) (Syntax.TWord 5)) (Return x16, Return x3, 0x1ffffff);
uint32_t x21, uint32_t x22 = Op (Z.Syntax.SubWithGetBorrow 25 (Syntax.TWord 5) (Syntax.TWord 5) (Syntax.TWord 5) (Syntax.TWord 5) (Syntax.TWord 5)) (Return x19, Return x5, 0x1ffffff);
uint32_t x24, uint32_t x25 = Op (Z.Syntax.SubWithGetBorrow 24 (Syntax.TWord 5) (Syntax.TWord 5) (Syntax.TWord 5) (Syntax.TWord 5) (Syntax.TWord 5)) (Return x22, Return x7, 0xffffff);
uint32_t x27, uint32_t x28 = Op (Z.Syntax.SubWithGetBorrow 25 (Syntax.TWord 5) (Syntax.TWord 5) (Syntax.TWord 5) (Syntax.TWord 5) (Syntax.TWord 5)) (Return x25, Return x9, 0x1ffffff);
uint32_t x30, uint32_t x31 = Op (Z.Syntax.SubWithGetBorrow 25 (Syntax.TWord 5) (Syntax.TWord 5) (Syntax.TWord 5) (Syntax.TWord 5) (Syntax.TWord 5)) (Return x28, Return x11, 0x1ffffff);
uint32_t x33, uint32_t x34 = Op (Z.Syntax.SubWithGetBorrow 25 (Syntax.TWord 5) (Syntax.TWord 5) (Syntax.TWord 5) (Syntax.TWord 5) (Syntax.TWord 5)) (Return x31, Return x13, 0x1ffffff);
uint32_t x36, uint32_t x37 = Op (Z.Syntax.SubWithGetBorrow 24 (Syntax.TWord 5) (Syntax.TWord 5) (Syntax.TWord 5) (Syntax.TWord 5) (Syntax.TWord 5)) (Return x34, Return x12, 0xffffff);
uint32_t x38 = cmovznz32(x37, 0x0, 0xffffffff);
uint32_t x39 = (x38 & 0x1ffffef);
uint32_t x41, uint32_t x42 = Op (Z.Syntax.AddWithGetCarry 25 (Syntax.TWord 5) (Syntax.TWord 5) (Syntax.TWord 5) (Syntax.TWord 5) (Syntax.TWord 5)) (0x0, Return x15, Return x39);
uint32_t x43 = (x38 & 0x1ffffff);
uint32_t x45, uint32_t x46 = Op (Z.Syntax.AddWithGetCarry 25 (Syntax.TWord 5) (Syntax.TWord 5) (Syntax.TWord 5) (Syntax.TWord 5) (Syntax.TWord 5)) (Return x42, Return x18, Return x43);
uint32_t x47 = (x38 & 0x1ffffff);
uint32_t x49, uint32_t x50 = Op (Z.Syntax.AddWithGetCarry 25 (Syntax.TWord 5) (Syntax.TWord 5) (Syntax.TWord 5) (Syntax.TWord 5) (Syntax.TWord 5)) (Return x46, Return x21, Return x47);
uint32_t x51 = (x38 & 0xffffff);
uint32_t x53, uint32_t x54 = Op (Z.Syntax.AddWithGetCarry 24 (Syntax.TWord 5) (Syntax.TWord 5) (Syntax.TWord 5) (Syntax.TWord 5) (Syntax.TWord 5)) (Return x50, Return x24, Return x51);
uint32_t x55 = (x38 & 0x1ffffff);
uint32_t x57, uint32_t x58 = Op (Z.Syntax.AddWithGetCarry 25 (Syntax.TWord 5) (Syntax.TWord 5) (Syntax.TWord 5) (Syntax.TWord 5) (Syntax.TWord 5)) (Return x54, Return x27, Return x55);
uint32_t x59 = (x38 & 0x1ffffff);
uint32_t x61, uint32_t x62 = Op (Z.Syntax.AddWithGetCarry 25 (Syntax.TWord 5) (Syntax.TWord 5) (Syntax.TWord 5) (Syntax.TWord 5) (Syntax.TWord 5)) (Return x58, Return x30, Return x59);
uint32_t x63 = (x38 & 0x1ffffff);
uint32_t x65, uint32_t x66 = Op (Z.Syntax.AddWithGetCarry 25 (Syntax.TWord 5) (Syntax.TWord 5) (Syntax.TWord 5) (Syntax.TWord 5) (Syntax.TWord 5)) (Return x62, Return x33, Return x63);
uint32_t x67 = (x38 & 0xffffff);
uint32_t x69, uint32_t _ = Op (Z.Syntax.AddWithGetCarry 24 (Syntax.TWord 5) (Syntax.TWord 5) (Syntax.TWord 5) (Syntax.TWord 5) (Syntax.TWord 5)) (Return x66, Return x36, Return x67);
(Return x69, Return x65, Return x61, Return x57, Return x53, Return x49, Return x45, Return x41)
     : ∀ var : Z.Syntax.base_type → Type, expr Z.Syntax.base_type Z.Syntax.op (uint32_t * uint32_t * uint32_t * uint32_t * uint32_t * uint32_t * uint32_t * uint32_t -> uint32_t * uint32_t * uint32_t * uint32_t * uint32_t * uint32_t * uint32_t * uint32_t)

Argument scope is [function_scope]
