freeze = λ var : Z.Syntax.base_type → Type,
λ '(x16, x17, x15, x13, x11, x9, x7, x5, x3, x1)%core,
uint64_t x19, uint64_t x20 = Op (Z.Syntax.SubWithGetBorrow 52 (Syntax.TWord 6) (Syntax.TWord 6) (Syntax.TWord 6) (Syntax.TWord 6) (Syntax.TWord 6)) (0x0, Return x1, 0xffffffffffdc7);
uint64_t x22, uint64_t x23 = Op (Z.Syntax.SubWithGetBorrow 51 (Syntax.TWord 6) (Syntax.TWord 6) (Syntax.TWord 6) (Syntax.TWord 6) (Syntax.TWord 6)) (Return x20, Return x3, 0x7ffffffffffff);
uint64_t x25, uint64_t x26 = Op (Z.Syntax.SubWithGetBorrow 51 (Syntax.TWord 6) (Syntax.TWord 6) (Syntax.TWord 6) (Syntax.TWord 6) (Syntax.TWord 6)) (Return x23, Return x5, 0x7ffffffffffff);
uint64_t x28, uint64_t x29 = Op (Z.Syntax.SubWithGetBorrow 51 (Syntax.TWord 6) (Syntax.TWord 6) (Syntax.TWord 6) (Syntax.TWord 6) (Syntax.TWord 6)) (Return x26, Return x7, 0x7ffffffffffff);
uint64_t x31, uint64_t x32 = Op (Z.Syntax.SubWithGetBorrow 51 (Syntax.TWord 6) (Syntax.TWord 6) (Syntax.TWord 6) (Syntax.TWord 6) (Syntax.TWord 6)) (Return x29, Return x9, 0x7ffffffffffff);
uint64_t x34, uint64_t x35 = Op (Z.Syntax.SubWithGetBorrow 52 (Syntax.TWord 6) (Syntax.TWord 6) (Syntax.TWord 6) (Syntax.TWord 6) (Syntax.TWord 6)) (Return x32, Return x11, 0xfffffffffffff);
uint64_t x37, uint64_t x38 = Op (Z.Syntax.SubWithGetBorrow 51 (Syntax.TWord 6) (Syntax.TWord 6) (Syntax.TWord 6) (Syntax.TWord 6) (Syntax.TWord 6)) (Return x35, Return x13, 0x7ffffffffffff);
uint64_t x40, uint64_t x41 = Op (Z.Syntax.SubWithGetBorrow 51 (Syntax.TWord 6) (Syntax.TWord 6) (Syntax.TWord 6) (Syntax.TWord 6) (Syntax.TWord 6)) (Return x38, Return x15, 0x7ffffffffffff);
uint64_t x43, uint64_t x44 = Op (Z.Syntax.SubWithGetBorrow 51 (Syntax.TWord 6) (Syntax.TWord 6) (Syntax.TWord 6) (Syntax.TWord 6) (Syntax.TWord 6)) (Return x41, Return x17, 0x7ffffffffffff);
uint64_t x46, uint64_t x47 = Op (Z.Syntax.SubWithGetBorrow 51 (Syntax.TWord 6) (Syntax.TWord 6) (Syntax.TWord 6) (Syntax.TWord 6) (Syntax.TWord 6)) (Return x44, Return x16, 0x7ffffffffffff);
uint64_t x48 = cmovznz64(x47, 0x0, 0xffffffffffffffffL);
uint64_t x49 = (x48 & 0xffffffffffdc7);
uint64_t x51, uint64_t x52 = Op (Z.Syntax.AddWithGetCarry 52 (Syntax.TWord 6) (Syntax.TWord 6) (Syntax.TWord 6) (Syntax.TWord 6) (Syntax.TWord 6)) (0x0, Return x19, Return x49);
uint64_t x53 = (x48 & 0x7ffffffffffff);
uint64_t x55, uint64_t x56 = Op (Z.Syntax.AddWithGetCarry 51 (Syntax.TWord 6) (Syntax.TWord 6) (Syntax.TWord 6) (Syntax.TWord 6) (Syntax.TWord 6)) (Return x52, Return x22, Return x53);
uint64_t x57 = (x48 & 0x7ffffffffffff);
uint64_t x59, uint64_t x60 = Op (Z.Syntax.AddWithGetCarry 51 (Syntax.TWord 6) (Syntax.TWord 6) (Syntax.TWord 6) (Syntax.TWord 6) (Syntax.TWord 6)) (Return x56, Return x25, Return x57);
uint64_t x61 = (x48 & 0x7ffffffffffff);
uint64_t x63, uint64_t x64 = Op (Z.Syntax.AddWithGetCarry 51 (Syntax.TWord 6) (Syntax.TWord 6) (Syntax.TWord 6) (Syntax.TWord 6) (Syntax.TWord 6)) (Return x60, Return x28, Return x61);
uint64_t x65 = (x48 & 0x7ffffffffffff);
uint64_t x67, uint64_t x68 = Op (Z.Syntax.AddWithGetCarry 51 (Syntax.TWord 6) (Syntax.TWord 6) (Syntax.TWord 6) (Syntax.TWord 6) (Syntax.TWord 6)) (Return x64, Return x31, Return x65);
uint64_t x69 = (x48 & 0xfffffffffffff);
uint64_t x71, uint64_t x72 = Op (Z.Syntax.AddWithGetCarry 52 (Syntax.TWord 6) (Syntax.TWord 6) (Syntax.TWord 6) (Syntax.TWord 6) (Syntax.TWord 6)) (Return x68, Return x34, Return x69);
uint64_t x73 = (x48 & 0x7ffffffffffff);
uint64_t x75, uint64_t x76 = Op (Z.Syntax.AddWithGetCarry 51 (Syntax.TWord 6) (Syntax.TWord 6) (Syntax.TWord 6) (Syntax.TWord 6) (Syntax.TWord 6)) (Return x72, Return x37, Return x73);
uint64_t x77 = (x48 & 0x7ffffffffffff);
uint64_t x79, uint64_t x80 = Op (Z.Syntax.AddWithGetCarry 51 (Syntax.TWord 6) (Syntax.TWord 6) (Syntax.TWord 6) (Syntax.TWord 6) (Syntax.TWord 6)) (Return x76, Return x40, Return x77);
uint64_t x81 = (x48 & 0x7ffffffffffff);
uint64_t x83, uint64_t x84 = Op (Z.Syntax.AddWithGetCarry 51 (Syntax.TWord 6) (Syntax.TWord 6) (Syntax.TWord 6) (Syntax.TWord 6) (Syntax.TWord 6)) (Return x80, Return x43, Return x81);
uint64_t x85 = (x48 & 0x7ffffffffffff);
uint64_t x87, uint64_t _ = Op (Z.Syntax.AddWithGetCarry 51 (Syntax.TWord 6) (Syntax.TWord 6) (Syntax.TWord 6) (Syntax.TWord 6) (Syntax.TWord 6)) (Return x84, Return x46, Return x85);
(Return x87, Return x83, Return x79, Return x75, Return x71, Return x67, Return x63, Return x59, Return x55, Return x51)
     : ∀ var : Z.Syntax.base_type → Type, expr Z.Syntax.base_type Z.Syntax.op (uint64_t * uint64_t * uint64_t * uint64_t * uint64_t * uint64_t * uint64_t * uint64_t * uint64_t * uint64_t -> uint64_t * uint64_t * uint64_t * uint64_t * uint64_t * uint64_t * uint64_t * uint64_t * uint64_t * uint64_t)

Argument scope is [function_scope]
