square = λ var : Z.Syntax.base_type → Type,
λ '(x34, x35, x33, x31, x29, x27, x25, x23, x21, x19, x17, x15, x13, x11, x9, x7, x5, x3, x1)%core,
uint64_t x36 = (0x2 * ((uint64_t)x34 * x34));
uint64_t x37 = (((uint64_t)x35 * x34) + ((uint64_t)x34 * x35));
uint64_t x38 = ((0x2 * ((uint64_t)x33 * x34)) + (((uint64_t)x35 * x35) + (0x2 * ((uint64_t)x34 * x33))));
uint64_t x39 = ((0x2 * ((uint64_t)x31 * x34)) + ((0x2 * ((uint64_t)x33 * x35)) + ((0x2 * ((uint64_t)x35 * x33)) + (0x2 * ((uint64_t)x34 * x31)))));
uint64_t x40 = (((uint64_t)x29 * x34) + (((uint64_t)x31 * x35) + ((0x2 * ((uint64_t)x33 * x33)) + (((uint64_t)x35 * x31) + ((uint64_t)x34 * x29)))));
uint64_t x41 = ((0x2 * ((uint64_t)x27 * x34)) + (((uint64_t)x29 * x35) + ((0x2 * ((uint64_t)x31 * x33)) + ((0x2 * ((uint64_t)x33 * x31)) + (((uint64_t)x35 * x29) + (0x2 * ((uint64_t)x34 * x27)))))));
uint64_t x42 = ((0x2 * ((uint64_t)x25 * x34)) + ((0x2 * ((uint64_t)x27 * x35)) + ((0x2 * ((uint64_t)x29 * x33)) + ((0x2 * ((uint64_t)x31 * x31)) + ((0x2 * ((uint64_t)x33 * x29)) + ((0x2 * ((uint64_t)x35 * x27)) + (0x2 * ((uint64_t)x34 * x25))))))));
uint64_t x43 = (((uint64_t)x23 * x34) + (((uint64_t)x25 * x35) + ((0x2 * ((uint64_t)x27 * x33)) + (((uint64_t)x29 * x31) + (((uint64_t)x31 * x29) + ((0x2 * ((uint64_t)x33 * x27)) + (((uint64_t)x35 * x25) + ((uint64_t)x34 * x23))))))));
uint64_t x44 = ((0x2 * ((uint64_t)x21 * x34)) + (((uint64_t)x23 * x35) + ((0x2 * ((uint64_t)x25 * x33)) + ((0x2 * ((uint64_t)x27 * x31)) + (((uint64_t)x29 * x29) + ((0x2 * ((uint64_t)x31 * x27)) + ((0x2 * ((uint64_t)x33 * x25)) + (((uint64_t)x35 * x23) + (0x2 * ((uint64_t)x34 * x21))))))))));
uint64_t x45 = (((uint64_t)x19 * x34) + (((uint64_t)x21 * x35) + (((uint64_t)x23 * x33) + (((uint64_t)x25 * x31) + (((uint64_t)x27 * x29) + (((uint64_t)x29 * x27) + (((uint64_t)x31 * x25) + (((uint64_t)x33 * x23) + (((uint64_t)x35 * x21) + ((uint64_t)x34 * x19))))))))));
uint64_t x46 = ((0x2 * ((uint64_t)x17 * x34)) + (((uint64_t)x19 * x35) + ((0x2 * ((uint64_t)x21 * x33)) + (((uint64_t)x23 * x31) + (((uint64_t)x25 * x29) + ((0x2 * ((uint64_t)x27 * x27)) + (((uint64_t)x29 * x25) + (((uint64_t)x31 * x23) + ((0x2 * ((uint64_t)x33 * x21)) + (((uint64_t)x35 * x19) + (0x2 * ((uint64_t)x34 * x17))))))))))));
uint64_t x47 = ((0x2 * ((uint64_t)x15 * x34)) + ((0x2 * ((uint64_t)x17 * x35)) + ((0x2 * ((uint64_t)x19 * x33)) + ((0x2 * ((uint64_t)x21 * x31)) + (((uint64_t)x23 * x29) + ((0x2 * ((uint64_t)x25 * x27)) + ((0x2 * ((uint64_t)x27 * x25)) + (((uint64_t)x29 * x23) + ((0x2 * ((uint64_t)x31 * x21)) + ((0x2 * ((uint64_t)x33 * x19)) + ((0x2 * ((uint64_t)x35 * x17)) + (0x2 * ((uint64_t)x34 * x15)))))))))))));
uint64_t x48 = (((uint64_t)x13 * x34) + (((uint64_t)x15 * x35) + ((0x2 * ((uint64_t)x17 * x33)) + (((uint64_t)x19 * x31) + (((uint64_t)x21 * x29) + (((uint64_t)x23 * x27) + (((uint64_t)x25 * x25) + (((uint64_t)x27 * x23) + (((uint64_t)x29 * x21) + (((uint64_t)x31 * x19) + ((0x2 * ((uint64_t)x33 * x17)) + (((uint64_t)x35 * x15) + ((uint64_t)x34 * x13)))))))))))));
uint64_t x49 = ((0x2 * ((uint64_t)x11 * x34)) + (((uint64_t)x13 * x35) + ((0x2 * ((uint64_t)x15 * x33)) + ((0x2 * ((uint64_t)x17 * x31)) + (((uint64_t)x19 * x29) + ((0x2 * ((uint64_t)x21 * x27)) + (((uint64_t)x23 * x25) + (((uint64_t)x25 * x23) + ((0x2 * ((uint64_t)x27 * x21)) + (((uint64_t)x29 * x19) + ((0x2 * ((uint64_t)x31 * x17)) + ((0x2 * ((uint64_t)x33 * x15)) + (((uint64_t)x35 * x13) + (0x2 * ((uint64_t)x34 * x11)))))))))))))));
uint64_t x50 = ((0x2 * ((uint64_t)x9 * x34)) + ((0x2 * ((uint64_t)x11 * x35)) + ((0x2 * ((uint64_t)x13 * x33)) + ((0x2 * ((uint64_t)x15 * x31)) + ((0x2 * ((uint64_t)x17 * x29)) + ((0x2 * ((uint64_t)x19 * x27)) + ((0x2 * ((uint64_t)x21 * x25)) + (((uint64_t)x23 * x23) + ((0x2 * ((uint64_t)x25 * x21)) + ((0x2 * ((uint64_t)x27 * x19)) + ((0x2 * ((uint64_t)x29 * x17)) + ((0x2 * ((uint64_t)x31 * x15)) + ((0x2 * ((uint64_t)x33 * x13)) + ((0x2 * ((uint64_t)x35 * x11)) + (0x2 * ((uint64_t)x34 * x9))))))))))))))));
uint64_t x51 = (((uint64_t)x7 * x34) + (((uint64_t)x9 * x35) + ((0x2 * ((uint64_t)x11 * x33)) + (((uint64_t)x13 * x31) + (((uint64_t)x15 * x29) + ((0x2 * ((uint64_t)x17 * x27)) + (((uint64_t)x19 * x25) + (((uint64_t)x21 * x23) + (((uint64_t)x23 * x21) + (((uint64_t)x25 * x19) + ((0x2 * ((uint64_t)x27 * x17)) + (((uint64_t)x29 * x15) + (((uint64_t)x31 * x13) + ((0x2 * ((uint64_t)x33 * x11)) + (((uint64_t)x35 * x9) + ((uint64_t)x34 * x7))))))))))))))));
uint64_t x52 = ((0x2 * ((uint64_t)x5 * x34)) + (((uint64_t)x7 * x35) + ((0x2 * ((uint64_t)x9 * x33)) + ((0x2 * ((uint64_t)x11 * x31)) + (((uint64_t)x13 * x29) + ((0x2 * ((uint64_t)x15 * x27)) + ((0x2 * ((uint64_t)x17 * x25)) + (((uint64_t)x19 * x23) + ((0x2 * ((uint64_t)x21 * x21)) + (((uint64_t)x23 * x19) + ((0x2 * ((uint64_t)x25 * x17)) + ((0x2 * ((uint64_t)x27 * x15)) + (((uint64_t)x29 * x13) + ((0x2 * ((uint64_t)x31 * x11)) + ((0x2 * ((uint64_t)x33 * x9)) + (((uint64_t)x35 * x7) + (0x2 * ((uint64_t)x34 * x5))))))))))))))))));
uint64_t x53 = ((0x2 * ((uint64_t)x3 * x34)) + ((0x2 * ((uint64_t)x5 * x35)) + ((0x2 * ((uint64_t)x7 * x33)) + ((0x2 * ((uint64_t)x9 * x31)) + ((0x2 * ((uint64_t)x11 * x29)) + ((0x2 * ((uint64_t)x13 * x27)) + ((0x2 * ((uint64_t)x15 * x25)) + ((0x2 * ((uint64_t)x17 * x23)) + ((0x2 * ((uint64_t)x19 * x21)) + ((0x2 * ((uint64_t)x21 * x19)) + ((0x2 * ((uint64_t)x23 * x17)) + ((0x2 * ((uint64_t)x25 * x15)) + ((0x2 * ((uint64_t)x27 * x13)) + ((0x2 * ((uint64_t)x29 * x11)) + ((0x2 * ((uint64_t)x31 * x9)) + ((0x2 * ((uint64_t)x33 * x7)) + ((0x2 * ((uint64_t)x35 * x5)) + (0x2 * ((uint64_t)x34 * x3)))))))))))))))))));
uint64_t x54 = (((uint64_t)x1 * x34) + (((uint64_t)x3 * x35) + ((0x2 * ((uint64_t)x5 * x33)) + (((uint64_t)x7 * x31) + (((uint64_t)x9 * x29) + ((0x2 * ((uint64_t)x11 * x27)) + (((uint64_t)x13 * x25) + (((uint64_t)x15 * x23) + ((0x2 * ((uint64_t)x17 * x21)) + (((uint64_t)x19 * x19) + ((0x2 * ((uint64_t)x21 * x17)) + (((uint64_t)x23 * x15) + (((uint64_t)x25 * x13) + ((0x2 * ((uint64_t)x27 * x11)) + (((uint64_t)x29 * x9) + (((uint64_t)x31 * x7) + ((0x2 * ((uint64_t)x33 * x5)) + (((uint64_t)x35 * x3) + ((uint64_t)x34 * x1)))))))))))))))))));
uint64_t x55 = (((uint64_t)x1 * x35) + ((0x2 * ((uint64_t)x3 * x33)) + ((0x2 * ((uint64_t)x5 * x31)) + (((uint64_t)x7 * x29) + ((0x2 * ((uint64_t)x9 * x27)) + ((0x2 * ((uint64_t)x11 * x25)) + (((uint64_t)x13 * x23) + ((0x2 * ((uint64_t)x15 * x21)) + ((0x2 * ((uint64_t)x17 * x19)) + ((0x2 * ((uint64_t)x19 * x17)) + ((0x2 * ((uint64_t)x21 * x15)) + (((uint64_t)x23 * x13) + ((0x2 * ((uint64_t)x25 * x11)) + ((0x2 * ((uint64_t)x27 * x9)) + (((uint64_t)x29 * x7) + ((0x2 * ((uint64_t)x31 * x5)) + ((0x2 * ((uint64_t)x33 * x3)) + ((uint64_t)x35 * x1))))))))))))))))));
uint64_t x56 = (((uint64_t)x1 * x33) + (((uint64_t)x3 * x31) + (((uint64_t)x5 * x29) + (((uint64_t)x7 * x27) + (((uint64_t)x9 * x25) + (((uint64_t)x11 * x23) + (((uint64_t)x13 * x21) + (((uint64_t)x15 * x19) + ((0x2 * ((uint64_t)x17 * x17)) + (((uint64_t)x19 * x15) + (((uint64_t)x21 * x13) + (((uint64_t)x23 * x11) + (((uint64_t)x25 * x9) + (((uint64_t)x27 * x7) + (((uint64_t)x29 * x5) + (((uint64_t)x31 * x3) + ((uint64_t)x33 * x1)))))))))))))))));
uint64_t x57 = (((uint64_t)x1 * x31) + (((uint64_t)x3 * x29) + ((0x2 * ((uint64_t)x5 * x27)) + (((uint64_t)x7 * x25) + (((uint64_t)x9 * x23) + ((0x2 * ((uint64_t)x11 * x21)) + (((uint64_t)x13 * x19) + ((0x2 * ((uint64_t)x15 * x17)) + ((0x2 * ((uint64_t)x17 * x15)) + (((uint64_t)x19 * x13) + ((0x2 * ((uint64_t)x21 * x11)) + (((uint64_t)x23 * x9) + (((uint64_t)x25 * x7) + ((0x2 * ((uint64_t)x27 * x5)) + (((uint64_t)x29 * x3) + ((uint64_t)x31 * x1))))))))))))))));
uint64_t x58 = (((uint64_t)x1 * x29) + ((0x2 * ((uint64_t)x3 * x27)) + ((0x2 * ((uint64_t)x5 * x25)) + (((uint64_t)x7 * x23) + ((0x2 * ((uint64_t)x9 * x21)) + ((0x2 * ((uint64_t)x11 * x19)) + ((0x2 * ((uint64_t)x13 * x17)) + ((0x2 * ((uint64_t)x15 * x15)) + ((0x2 * ((uint64_t)x17 * x13)) + ((0x2 * ((uint64_t)x19 * x11)) + ((0x2 * ((uint64_t)x21 * x9)) + (((uint64_t)x23 * x7) + ((0x2 * ((uint64_t)x25 * x5)) + ((0x2 * ((uint64_t)x27 * x3)) + ((uint64_t)x29 * x1)))))))))))))));
uint64_t x59 = (((uint64_t)x1 * x27) + (((uint64_t)x3 * x25) + (((uint64_t)x5 * x23) + (((uint64_t)x7 * x21) + (((uint64_t)x9 * x19) + ((0x2 * ((uint64_t)x11 * x17)) + (((uint64_t)x13 * x15) + (((uint64_t)x15 * x13) + ((0x2 * ((uint64_t)x17 * x11)) + (((uint64_t)x19 * x9) + (((uint64_t)x21 * x7) + (((uint64_t)x23 * x5) + (((uint64_t)x25 * x3) + ((uint64_t)x27 * x1))))))))))))));
uint64_t x60 = (((uint64_t)x1 * x25) + (((uint64_t)x3 * x23) + ((0x2 * ((uint64_t)x5 * x21)) + (((uint64_t)x7 * x19) + ((0x2 * ((uint64_t)x9 * x17)) + ((0x2 * ((uint64_t)x11 * x15)) + (((uint64_t)x13 * x13) + ((0x2 * ((uint64_t)x15 * x11)) + ((0x2 * ((uint64_t)x17 * x9)) + (((uint64_t)x19 * x7) + ((0x2 * ((uint64_t)x21 * x5)) + (((uint64_t)x23 * x3) + ((uint64_t)x25 * x1)))))))))))));
uint64_t x61 = (((uint64_t)x1 * x23) + ((0x2 * ((uint64_t)x3 * x21)) + ((0x2 * ((uint64_t)x5 * x19)) + ((0x2 * ((uint64_t)x7 * x17)) + ((0x2 * ((uint64_t)x9 * x15)) + ((0x2 * ((uint64_t)x11 * x13)) + ((0x2 * ((uint64_t)x13 * x11)) + ((0x2 * ((uint64_t)x15 * x9)) + ((0x2 * ((uint64_t)x17 * x7)) + ((0x2 * ((uint64_t)x19 * x5)) + ((0x2 * ((uint64_t)x21 * x3)) + ((uint64_t)x23 * x1))))))))))));
uint64_t x62 = (((uint64_t)x1 * x21) + (((uint64_t)x3 * x19) + ((0x2 * ((uint64_t)x5 * x17)) + (((uint64_t)x7 * x15) + (((uint64_t)x9 * x13) + ((0x2 * ((uint64_t)x11 * x11)) + (((uint64_t)x13 * x9) + (((uint64_t)x15 * x7) + ((0x2 * ((uint64_t)x17 * x5)) + (((uint64_t)x19 * x3) + ((uint64_t)x21 * x1)))))))))));
uint64_t x63 = (((uint64_t)x1 * x19) + ((0x2 * ((uint64_t)x3 * x17)) + ((0x2 * ((uint64_t)x5 * x15)) + (((uint64_t)x7 * x13) + ((0x2 * ((uint64_t)x9 * x11)) + ((0x2 * ((uint64_t)x11 * x9)) + (((uint64_t)x13 * x7) + ((0x2 * ((uint64_t)x15 * x5)) + ((0x2 * ((uint64_t)x17 * x3)) + ((uint64_t)x19 * x1))))))))));
uint64_t x64 = (((uint64_t)x1 * x17) + (((uint64_t)x3 * x15) + (((uint64_t)x5 * x13) + (((uint64_t)x7 * x11) + (((uint64_t)x9 * x9) + (((uint64_t)x11 * x7) + (((uint64_t)x13 * x5) + (((uint64_t)x15 * x3) + ((uint64_t)x17 * x1)))))))));
uint64_t x65 = (((uint64_t)x1 * x15) + (((uint64_t)x3 * x13) + ((0x2 * ((uint64_t)x5 * x11)) + (((uint64_t)x7 * x9) + (((uint64_t)x9 * x7) + ((0x2 * ((uint64_t)x11 * x5)) + (((uint64_t)x13 * x3) + ((uint64_t)x15 * x1))))))));
uint64_t x66 = (((uint64_t)x1 * x13) + ((0x2 * ((uint64_t)x3 * x11)) + ((0x2 * ((uint64_t)x5 * x9)) + (((uint64_t)x7 * x7) + ((0x2 * ((uint64_t)x9 * x5)) + ((0x2 * ((uint64_t)x11 * x3)) + ((uint64_t)x13 * x1)))))));
uint64_t x67 = (((uint64_t)x1 * x11) + (((uint64_t)x3 * x9) + (((uint64_t)x5 * x7) + (((uint64_t)x7 * x5) + (((uint64_t)x9 * x3) + ((uint64_t)x11 * x1))))));
uint64_t x68 = (((uint64_t)x1 * x9) + (((uint64_t)x3 * x7) + ((0x2 * ((uint64_t)x5 * x5)) + (((uint64_t)x7 * x3) + ((uint64_t)x9 * x1)))));
uint64_t x69 = (((uint64_t)x1 * x7) + ((0x2 * ((uint64_t)x3 * x5)) + ((0x2 * ((uint64_t)x5 * x3)) + ((uint64_t)x7 * x1))));
uint64_t x70 = (((uint64_t)x1 * x5) + (((uint64_t)x3 * x3) + ((uint64_t)x5 * x1)));
uint64_t x71 = (((uint64_t)x1 * x3) + ((uint64_t)x3 * x1));
uint64_t x72 = ((uint64_t)x1 * x1);
uint64_t x73 = (x55 + (0x11 * x36));
uint64_t x74 = (x56 + (0x11 * x37));
uint64_t x75 = (x57 + (0x11 * x38));
uint64_t x76 = (x58 + (0x11 * x39));
uint64_t x77 = (x59 + (0x11 * x40));
uint64_t x78 = (x60 + (0x11 * x41));
uint64_t x79 = (x61 + (0x11 * x42));
uint64_t x80 = (x62 + (0x11 * x43));
uint64_t x81 = (x63 + (0x11 * x44));
uint64_t x82 = (x64 + (0x11 * x45));
uint64_t x83 = (x65 + (0x11 * x46));
uint64_t x84 = (x66 + (0x11 * x47));
uint64_t x85 = (x67 + (0x11 * x48));
uint64_t x86 = (x68 + (0x11 * x49));
uint64_t x87 = (x69 + (0x11 * x50));
uint64_t x88 = (x70 + (0x11 * x51));
uint64_t x89 = (x71 + (0x11 * x52));
uint64_t x90 = (x72 + (0x11 * x53));
uint64_t x91 = (x90 >> 0x19);
uint32_t x92 = ((uint32_t)x90 & 0x1ffffff);
uint64_t x93 = (x91 + x89);
uint64_t x94 = (x93 >> 0x19);
uint32_t x95 = ((uint32_t)x93 & 0x1ffffff);
uint64_t x96 = (x94 + x88);
uint64_t x97 = (x96 >> 0x18);
uint32_t x98 = ((uint32_t)x96 & 0xffffff);
uint64_t x99 = (x97 + x87);
uint64_t x100 = (x99 >> 0x19);
uint32_t x101 = ((uint32_t)x99 & 0x1ffffff);
uint64_t x102 = (x100 + x86);
uint64_t x103 = (x102 >> 0x19);
uint32_t x104 = ((uint32_t)x102 & 0x1ffffff);
uint64_t x105 = (x103 + x85);
uint64_t x106 = (x105 >> 0x18);
uint32_t x107 = ((uint32_t)x105 & 0xffffff);
uint64_t x108 = (x106 + x84);
uint64_t x109 = (x108 >> 0x19);
uint32_t x110 = ((uint32_t)x108 & 0x1ffffff);
uint64_t x111 = (x109 + x83);
uint64_t x112 = (x111 >> 0x19);
uint32_t x113 = ((uint32_t)x111 & 0x1ffffff);
uint64_t x114 = (x112 + x82);
uint64_t x115 = (x114 >> 0x18);
uint32_t x116 = ((uint32_t)x114 & 0xffffff);
uint64_t x117 = (x115 + x81);
uint64_t x118 = (x117 >> 0x19);
uint32_t x119 = ((uint32_t)x117 & 0x1ffffff);
uint64_t x120 = (x118 + x80);
uint64_t x121 = (x120 >> 0x18);
uint32_t x122 = ((uint32_t)x120 & 0xffffff);
uint64_t x123 = (x121 + x79);
uint64_t x124 = (x123 >> 0x19);
uint32_t x125 = ((uint32_t)x123 & 0x1ffffff);
uint64_t x126 = (x124 + x78);
uint64_t x127 = (x126 >> 0x19);
uint32_t x128 = ((uint32_t)x126 & 0x1ffffff);
uint64_t x129 = (x127 + x77);
uint64_t x130 = (x129 >> 0x18);
uint32_t x131 = ((uint32_t)x129 & 0xffffff);
uint64_t x132 = (x130 + x76);
uint64_t x133 = (x132 >> 0x19);
uint32_t x134 = ((uint32_t)x132 & 0x1ffffff);
uint64_t x135 = (x133 + x75);
uint64_t x136 = (x135 >> 0x19);
uint32_t x137 = ((uint32_t)x135 & 0x1ffffff);
uint64_t x138 = (x136 + x74);
uint64_t x139 = (x138 >> 0x18);
uint32_t x140 = ((uint32_t)x138 & 0xffffff);
uint64_t x141 = (x139 + x73);
uint64_t x142 = (x141 >> 0x19);
uint32_t x143 = ((uint32_t)x141 & 0x1ffffff);
uint64_t x144 = (x142 + x54);
uint64_t x145 = (x144 >> 0x18);
uint32_t x146 = ((uint32_t)x144 & 0xffffff);
uint64_t x147 = (x92 + (0x11 * x145));
uint32_t x148 = (uint32_t) (x147 >> 0x19);
uint32_t x149 = ((uint32_t)x147 & 0x1ffffff);
uint32_t x150 = (x148 + x95);
uint32_t x151 = (x150 >> 0x19);
uint32_t x152 = (x150 & 0x1ffffff);
return (Return x146, Return x143, Return x140, Return x137, Return x134, Return x131, Return x128, Return x125, Return x122, Return x119, Return x116, Return x113, Return x110, Return x107, Return x104, Return x101, (x151 + x98), Return x152, Return x149)
     : ∀ var : Z.Syntax.base_type → Type, expr Z.Syntax.base_type Z.Syntax.op (uint32_t * uint32_t * uint32_t * uint32_t * uint32_t * uint32_t * uint32_t * uint32_t * uint32_t * uint32_t * uint32_t * uint32_t * uint32_t * uint32_t * uint32_t * uint32_t * uint32_t * uint32_t * uint32_t -> uint32_t * uint32_t * uint32_t * uint32_t * uint32_t * uint32_t * uint32_t * uint32_t * uint32_t * uint32_t * uint32_t * uint32_t * uint32_t * uint32_t * uint32_t * uint32_t * uint32_t * uint32_t * uint32_t)

Argument scope is [function_scope]
