mul = λ var : Z.Syntax.base_type → Type,
λ '(x30, x31, x29, x27, x25, x23, x21, x19, x17, x15, x13, x11, x9, x7, x5, x3, (x60, x61, x59, x57, x55, x53, x51, x49, x47, x45, x43, x41, x39, x37, x35, x33))%core,
uint64_t x62 = (((uint64_t)(x17 + x30) * (x47 + x60)) - ((uint64_t)x17 * x47));
uint64_t x63 = ((((uint64_t)(x15 + x31) * (x47 + x60)) + ((uint64_t)(x17 + x30) * (x45 + x61))) - (((uint64_t)x15 * x47) + ((uint64_t)x17 * x45)));
uint64_t x64 = ((((uint64_t)(x13 + x29) * (x47 + x60)) + (((uint64_t)(x15 + x31) * (x45 + x61)) + ((uint64_t)(x17 + x30) * (x43 + x59)))) - (((uint64_t)x13 * x47) + (((uint64_t)x15 * x45) + ((uint64_t)x17 * x43))));
uint64_t x65 = ((((uint64_t)(x11 + x27) * (x47 + x60)) + (((uint64_t)(x13 + x29) * (x45 + x61)) + (((uint64_t)(x15 + x31) * (x43 + x59)) + ((uint64_t)(x17 + x30) * (x41 + x57))))) - (((uint64_t)x11 * x47) + (((uint64_t)x13 * x45) + (((uint64_t)x15 * x43) + ((uint64_t)x17 * x41)))));
uint64_t x66 = ((((uint64_t)(x9 + x25) * (x47 + x60)) + (((uint64_t)(x11 + x27) * (x45 + x61)) + (((uint64_t)(x13 + x29) * (x43 + x59)) + (((uint64_t)(x15 + x31) * (x41 + x57)) + ((uint64_t)(x17 + x30) * (x39 + x55)))))) - (((uint64_t)x9 * x47) + (((uint64_t)x11 * x45) + (((uint64_t)x13 * x43) + (((uint64_t)x15 * x41) + ((uint64_t)x17 * x39))))));
uint64_t x67 = Op (Z.Syntax.IdWithAlt Z.Syntax.TZ (Syntax.TWord 6) (Syntax.TWord 6)) (((((uint64_t)(x7 + x23) * (x47 + x60)) +ℤ (((uint64_t)(x9 + x25) * (x45 + x61)) + (((uint64_t)(x11 + x27) * (x43 + x59)) + (((uint64_t)(x13 + x29) * (x41 + x57)) + (((uint64_t)(x15 + x31) * (x39 + x55)) + ((uint64_t)(x17 + x30) * (x37 + x53))))))) -ℤ (((uint64_t)x7 * x47) + (((uint64_t)x9 * x45) + (((uint64_t)x11 * x43) + (((uint64_t)x13 * x41) + (((uint64_t)x15 * x39) + ((uint64_t)x17 * x37))))))), (((((uint64_t)x7 * x60) + (((uint64_t)x9 * x61) + (((uint64_t)x11 * x59) + (((uint64_t)x13 * x57) + (((uint64_t)x15 * x55) + ((uint64_t)x17 * x53)))))) + (((uint64_t)x23 * x47) + (((uint64_t)x25 * x45) + (((uint64_t)x27 * x43) + (((uint64_t)x29 * x41) + (((uint64_t)x31 * x39) + ((uint64_t)x30 * x37))))))) + (((uint64_t)x23 * x60) + (((uint64_t)x25 * x61) + (((uint64_t)x27 * x59) + (((uint64_t)x29 * x57) + (((uint64_t)x31 * x55) + ((uint64_t)x30 * x53))))))));
uint64_t x68 = Op (Z.Syntax.IdWithAlt Z.Syntax.TZ (Syntax.TWord 6) (Syntax.TWord 6)) (((((uint64_t)(x5 + x21) * (x47 + x60)) +ℤ (((uint64_t)(x7 + x23) * (x45 + x61)) +ℤ (((uint64_t)(x9 + x25) * (x43 + x59)) + (((uint64_t)(x11 + x27) * (x41 + x57)) + (((uint64_t)(x13 + x29) * (x39 + x55)) + (((uint64_t)(x15 + x31) * (x37 + x53)) + ((uint64_t)(x17 + x30) * (x35 + x51)))))))) -ℤ (((uint64_t)x5 * x47) + (((uint64_t)x7 * x45) + (((uint64_t)x9 * x43) + (((uint64_t)x11 * x41) + (((uint64_t)x13 * x39) + (((uint64_t)x15 * x37) + ((uint64_t)x17 * x35)))))))), (((((uint64_t)x5 * x60) + (((uint64_t)x7 * x61) + (((uint64_t)x9 * x59) + (((uint64_t)x11 * x57) + (((uint64_t)x13 * x55) + (((uint64_t)x15 * x53) + ((uint64_t)x17 * x51))))))) + (((uint64_t)x21 * x47) + (((uint64_t)x23 * x45) + (((uint64_t)x25 * x43) + (((uint64_t)x27 * x41) + (((uint64_t)x29 * x39) + (((uint64_t)x31 * x37) + ((uint64_t)x30 * x35)))))))) + (((uint64_t)x21 * x60) + (((uint64_t)x23 * x61) + (((uint64_t)x25 * x59) + (((uint64_t)x27 * x57) + (((uint64_t)x29 * x55) + (((uint64_t)x31 * x53) + ((uint64_t)x30 * x51)))))))));
ℤ x69 = Op (Z.Syntax.IdWithAlt Z.Syntax.TZ Z.Syntax.TZ Z.Syntax.TZ) (((((uint64_t)(x3 + x19) * (x47 + x60)) +ℤ (((uint64_t)(x5 + x21) * (x45 + x61)) +ℤ (((uint64_t)(x7 + x23) * (x43 + x59)) +ℤ (((uint64_t)(x9 + x25) * (x41 + x57)) + (((uint64_t)(x11 + x27) * (x39 + x55)) + (((uint64_t)(x13 + x29) * (x37 + x53)) + (((uint64_t)(x15 + x31) * (x35 + x51)) + ((uint64_t)(x17 + x30) * (x33 + x49))))))))) -ℤ (((uint64_t)x3 * x47) + (((uint64_t)x5 * x45) + (((uint64_t)x7 * x43) + (((uint64_t)x9 * x41) + (((uint64_t)x11 * x39) + (((uint64_t)x13 * x37) + (((uint64_t)x15 * x35) + ((uint64_t)x17 * x33))))))))), (((((uint64_t)x3 * x60) + (((uint64_t)x5 * x61) + (((uint64_t)x7 * x59) + (((uint64_t)x9 * x57) + (((uint64_t)x11 * x55) + (((uint64_t)x13 * x53) + (((uint64_t)x15 * x51) + ((uint64_t)x17 * x49)))))))) + (((uint64_t)x19 * x47) + (((uint64_t)x21 * x45) + (((uint64_t)x23 * x43) + (((uint64_t)x25 * x41) + (((uint64_t)x27 * x39) + (((uint64_t)x29 * x37) + (((uint64_t)x31 * x35) + ((uint64_t)x30 * x33))))))))) +ℤ (((uint64_t)x19 * x60) + (((uint64_t)x21 * x61) + (((uint64_t)x23 * x59) + (((uint64_t)x25 * x57) + (((uint64_t)x27 * x55) + (((uint64_t)x29 * x53) + (((uint64_t)x31 * x51) + ((uint64_t)x30 * x49))))))))));
ℤ x70 = ((((uint64_t)x17 * x47) + ((uint64_t)x30 * x60)) +ℤ Op (Z.Syntax.IdWithAlt Z.Syntax.TZ (Syntax.TWord 6) (Syntax.TWord 6)) (((((uint64_t)(x3 + x19) * (x45 + x61)) +ℤ (((uint64_t)(x5 + x21) * (x43 + x59)) +ℤ (((uint64_t)(x7 + x23) * (x41 + x57)) + (((uint64_t)(x9 + x25) * (x39 + x55)) + (((uint64_t)(x11 + x27) * (x37 + x53)) + (((uint64_t)(x13 + x29) * (x35 + x51)) + ((uint64_t)(x15 + x31) * (x33 + x49)))))))) -ℤ (((uint64_t)x3 * x45) + (((uint64_t)x5 * x43) + (((uint64_t)x7 * x41) + (((uint64_t)x9 * x39) + (((uint64_t)x11 * x37) + (((uint64_t)x13 * x35) + ((uint64_t)x15 * x33)))))))), (((((uint64_t)x3 * x61) + (((uint64_t)x5 * x59) + (((uint64_t)x7 * x57) + (((uint64_t)x9 * x55) + (((uint64_t)x11 * x53) + (((uint64_t)x13 * x51) + ((uint64_t)x15 * x49))))))) + (((uint64_t)x19 * x45) + (((uint64_t)x21 * x43) + (((uint64_t)x23 * x41) + (((uint64_t)x25 * x39) + (((uint64_t)x27 * x37) + (((uint64_t)x29 * x35) + ((uint64_t)x31 * x33)))))))) + (((uint64_t)x19 * x61) + (((uint64_t)x21 * x59) + (((uint64_t)x23 * x57) + (((uint64_t)x25 * x55) + (((uint64_t)x27 * x53) + (((uint64_t)x29 * x51) + ((uint64_t)x31 * x49))))))))));
uint64_t x71 = (((((uint64_t)x15 * x47) + ((uint64_t)x17 * x45)) + (((uint64_t)x31 * x60) + ((uint64_t)x30 * x61))) + Op (Z.Syntax.IdWithAlt Z.Syntax.TZ (Syntax.TWord 6) (Syntax.TWord 6)) (((((uint64_t)(x3 + x19) * (x43 + x59)) +ℤ (((uint64_t)(x5 + x21) * (x41 + x57)) + (((uint64_t)(x7 + x23) * (x39 + x55)) + (((uint64_t)(x9 + x25) * (x37 + x53)) + (((uint64_t)(x11 + x27) * (x35 + x51)) + ((uint64_t)(x13 + x29) * (x33 + x49))))))) -ℤ (((uint64_t)x3 * x43) + (((uint64_t)x5 * x41) + (((uint64_t)x7 * x39) + (((uint64_t)x9 * x37) + (((uint64_t)x11 * x35) + ((uint64_t)x13 * x33))))))), (((((uint64_t)x3 * x59) + (((uint64_t)x5 * x57) + (((uint64_t)x7 * x55) + (((uint64_t)x9 * x53) + (((uint64_t)x11 * x51) + ((uint64_t)x13 * x49)))))) + (((uint64_t)x19 * x43) + (((uint64_t)x21 * x41) + (((uint64_t)x23 * x39) + (((uint64_t)x25 * x37) + (((uint64_t)x27 * x35) + ((uint64_t)x29 * x33))))))) + (((uint64_t)x19 * x59) + (((uint64_t)x21 * x57) + (((uint64_t)x23 * x55) + (((uint64_t)x25 * x53) + (((uint64_t)x27 * x51) + ((uint64_t)x29 * x49)))))))));
uint64_t x72 = (((((uint64_t)x13 * x47) + (((uint64_t)x15 * x45) + ((uint64_t)x17 * x43))) + (((uint64_t)x29 * x60) + (((uint64_t)x31 * x61) + ((uint64_t)x30 * x59)))) + ((((uint64_t)(x3 + x19) * (x41 + x57)) + (((uint64_t)(x5 + x21) * (x39 + x55)) + (((uint64_t)(x7 + x23) * (x37 + x53)) + (((uint64_t)(x9 + x25) * (x35 + x51)) + ((uint64_t)(x11 + x27) * (x33 + x49)))))) - (((uint64_t)x3 * x41) + (((uint64_t)x5 * x39) + (((uint64_t)x7 * x37) + (((uint64_t)x9 * x35) + ((uint64_t)x11 * x33)))))));
uint64_t x73 = (((((uint64_t)x11 * x47) + (((uint64_t)x13 * x45) + (((uint64_t)x15 * x43) + ((uint64_t)x17 * x41)))) + (((uint64_t)x27 * x60) + (((uint64_t)x29 * x61) + (((uint64_t)x31 * x59) + ((uint64_t)x30 * x57))))) + ((((uint64_t)(x3 + x19) * (x39 + x55)) + (((uint64_t)(x5 + x21) * (x37 + x53)) + (((uint64_t)(x7 + x23) * (x35 + x51)) + ((uint64_t)(x9 + x25) * (x33 + x49))))) - (((uint64_t)x3 * x39) + (((uint64_t)x5 * x37) + (((uint64_t)x7 * x35) + ((uint64_t)x9 * x33))))));
uint64_t x74 = (((((uint64_t)x9 * x47) + (((uint64_t)x11 * x45) + (((uint64_t)x13 * x43) + (((uint64_t)x15 * x41) + ((uint64_t)x17 * x39))))) + (((uint64_t)x25 * x60) + (((uint64_t)x27 * x61) + (((uint64_t)x29 * x59) + (((uint64_t)x31 * x57) + ((uint64_t)x30 * x55)))))) + ((((uint64_t)(x3 + x19) * (x37 + x53)) + (((uint64_t)(x5 + x21) * (x35 + x51)) + ((uint64_t)(x7 + x23) * (x33 + x49)))) - (((uint64_t)x3 * x37) + (((uint64_t)x5 * x35) + ((uint64_t)x7 * x33)))));
uint64_t x75 = (((((uint64_t)x7 * x47) + (((uint64_t)x9 * x45) + (((uint64_t)x11 * x43) + (((uint64_t)x13 * x41) + (((uint64_t)x15 * x39) + ((uint64_t)x17 * x37)))))) + (((uint64_t)x23 * x60) + (((uint64_t)x25 * x61) + (((uint64_t)x27 * x59) + (((uint64_t)x29 * x57) + (((uint64_t)x31 * x55) + ((uint64_t)x30 * x53))))))) + ((((uint64_t)(x3 + x19) * (x35 + x51)) + ((uint64_t)(x5 + x21) * (x33 + x49))) - (((uint64_t)x3 * x35) + ((uint64_t)x5 * x33))));
uint64_t x76 = (((((uint64_t)x5 * x47) + (((uint64_t)x7 * x45) + (((uint64_t)x9 * x43) + (((uint64_t)x11 * x41) + (((uint64_t)x13 * x39) + (((uint64_t)x15 * x37) + ((uint64_t)x17 * x35))))))) + (((uint64_t)x21 * x60) + (((uint64_t)x23 * x61) + (((uint64_t)x25 * x59) + (((uint64_t)x27 * x57) + (((uint64_t)x29 * x55) + (((uint64_t)x31 * x53) + ((uint64_t)x30 * x51)))))))) + (((uint64_t)(x3 + x19) * (x33 + x49)) - ((uint64_t)x3 * x33)));
uint64_t x77 = ((((uint64_t)x3 * x47) + (((uint64_t)x5 * x45) + (((uint64_t)x7 * x43) + (((uint64_t)x9 * x41) + (((uint64_t)x11 * x39) + (((uint64_t)x13 * x37) + (((uint64_t)x15 * x35) + ((uint64_t)x17 * x33)))))))) + (((uint64_t)x19 * x60) + (((uint64_t)x21 * x61) + (((uint64_t)x23 * x59) + (((uint64_t)x25 * x57) + (((uint64_t)x27 * x55) + (((uint64_t)x29 * x53) + (((uint64_t)x31 * x51) + ((uint64_t)x30 * x49)))))))));
uint64_t x78 = ((((uint64_t)x3 * x45) + (((uint64_t)x5 * x43) + (((uint64_t)x7 * x41) + (((uint64_t)x9 * x39) + (((uint64_t)x11 * x37) + (((uint64_t)x13 * x35) + ((uint64_t)x15 * x33))))))) + (((uint64_t)x19 * x61) + (((uint64_t)x21 * x59) + (((uint64_t)x23 * x57) + (((uint64_t)x25 * x55) + (((uint64_t)x27 * x53) + (((uint64_t)x29 * x51) + ((uint64_t)x31 * x49))))))));
uint64_t x79 = ((((uint64_t)x3 * x43) + (((uint64_t)x5 * x41) + (((uint64_t)x7 * x39) + (((uint64_t)x9 * x37) + (((uint64_t)x11 * x35) + ((uint64_t)x13 * x33)))))) + (((uint64_t)x19 * x59) + (((uint64_t)x21 * x57) + (((uint64_t)x23 * x55) + (((uint64_t)x25 * x53) + (((uint64_t)x27 * x51) + ((uint64_t)x29 * x49)))))));
uint64_t x80 = ((((uint64_t)x3 * x41) + (((uint64_t)x5 * x39) + (((uint64_t)x7 * x37) + (((uint64_t)x9 * x35) + ((uint64_t)x11 * x33))))) + (((uint64_t)x19 * x57) + (((uint64_t)x21 * x55) + (((uint64_t)x23 * x53) + (((uint64_t)x25 * x51) + ((uint64_t)x27 * x49))))));
uint64_t x81 = ((((uint64_t)x3 * x39) + (((uint64_t)x5 * x37) + (((uint64_t)x7 * x35) + ((uint64_t)x9 * x33)))) + (((uint64_t)x19 * x55) + (((uint64_t)x21 * x53) + (((uint64_t)x23 * x51) + ((uint64_t)x25 * x49)))));
uint64_t x82 = ((((uint64_t)x3 * x37) + (((uint64_t)x5 * x35) + ((uint64_t)x7 * x33))) + (((uint64_t)x19 * x53) + (((uint64_t)x21 * x51) + ((uint64_t)x23 * x49))));
uint64_t x83 = ((((uint64_t)x3 * x35) + ((uint64_t)x5 * x33)) + (((uint64_t)x19 * x51) + ((uint64_t)x21 * x49)));
uint64_t x84 = (((uint64_t)x3 * x33) + ((uint64_t)x19 * x49));
ℤ x85 = (x70 +ℤ x62);
ℤ x86 = (x71 +ℤ x63);
ℤ x87 = (x72 +ℤ x64);
ℤ x88 = (x73 +ℤ x65);
ℤ x89 = (x74 +ℤ x66);
ℤ x90 = (x75 +ℤ x67);
ℤ x91 = (x76 +ℤ x68);
uint64_t x92 = (x78 + x62);
uint64_t x93 = (x79 + x63);
uint64_t x94 = (x80 + x64);
uint64_t x95 = (x81 + x65);
uint64_t x96 = (x82 + x66);
uint64_t x97 = (x83 + x67);
ℤ x98 = (x84 +ℤ x68);
uint64_t x99 = (x77 >> 0x1c);
uint32_t x100 = ((uint32_t)x77 & 0xfffffff);
uint64_t x101 = (x69 >> 0x1c);
uint32_t x102 = (x69 & 0xfffffff);
ℤ x103 = ((0x10000000 *ℤ x101) +ℤ x102);
uint64_t x104 = (x103 >> 0x1c);
uint32_t x105 = (x103 & 0xfffffff);
ℤ x106 = ((x99 +ℤ x91) +ℤ x104);
uint64_t x107 = (x106 >> 0x1c);
uint32_t x108 = (x106 & 0xfffffff);
ℤ x109 = (x98 +ℤ x104);
uint64_t x110 = (x109 >> 0x1c);
uint32_t x111 = (x109 & 0xfffffff);
ℤ x112 = (x107 +ℤ x90);
uint64_t x113 = (x112 >> 0x1c);
uint32_t x114 = (x112 & 0xfffffff);
uint64_t x115 = (x110 + x97);
uint64_t x116 = (x115 >> 0x1c);
uint32_t x117 = ((uint32_t)x115 & 0xfffffff);
ℤ x118 = (x113 +ℤ x89);
uint64_t x119 = (x118 >> 0x1c);
uint32_t x120 = (x118 & 0xfffffff);
uint64_t x121 = (x116 + x96);
uint64_t x122 = (x121 >> 0x1c);
uint32_t x123 = ((uint32_t)x121 & 0xfffffff);
ℤ x124 = (x119 +ℤ x88);
uint64_t x125 = (x124 >> 0x1c);
uint32_t x126 = (x124 & 0xfffffff);
uint64_t x127 = (x122 + x95);
uint64_t x128 = (x127 >> 0x1c);
uint32_t x129 = ((uint32_t)x127 & 0xfffffff);
ℤ x130 = (x125 +ℤ x87);
uint64_t x131 = (x130 >> 0x1c);
uint32_t x132 = (x130 & 0xfffffff);
uint64_t x133 = (x128 + x94);
uint64_t x134 = (x133 >> 0x1c);
uint32_t x135 = ((uint32_t)x133 & 0xfffffff);
ℤ x136 = (x131 +ℤ x86);
uint64_t x137 = (x136 >> 0x1c);
uint32_t x138 = (x136 & 0xfffffff);
uint64_t x139 = (x134 + x93);
uint64_t x140 = (x139 >> 0x1c);
uint32_t x141 = ((uint32_t)x139 & 0xfffffff);
ℤ x142 = (x137 +ℤ x85);
uint64_t x143 = (x142 >> 0x1c);
uint32_t x144 = (x142 & 0xfffffff);
uint64_t x145 = (x140 + x92);
uint64_t x146 = (x145 >> 0x1c);
uint32_t x147 = ((uint32_t)x145 & 0xfffffff);
uint64_t x148 = (x143 + x105);
uint32_t x149 = (uint32_t) (x148 >> 0x1c);
uint32_t x150 = ((uint32_t)x148 & 0xfffffff);
uint64_t x151 = (x146 + x100);
uint32_t x152 = (uint32_t) (x151 >> 0x1c);
uint32_t x153 = ((uint32_t)x151 & 0xfffffff);
uint64_t x154 = (((uint64_t)0x10000000 * x149) + x150);
uint32_t x155 = (uint32_t) (x154 >> 0x1c);
uint32_t x156 = ((uint32_t)x154 & 0xfffffff);
uint32_t x157 = ((x152 + x108) + x155);
uint32_t x158 = (x157 >> 0x1c);
uint32_t x159 = (x157 & 0xfffffff);
uint32_t x160 = (x111 + x155);
uint32_t x161 = (x160 >> 0x1c);
uint32_t x162 = (x160 & 0xfffffff);
return (Return x156, Return x144, Return x138, Return x132, Return x126, Return x120, (x158 + x114), Return x159, Return x153, Return x147, Return x141, Return x135, Return x129, Return x123, (x161 + x117), Return x162)
     : ∀ var : Z.Syntax.base_type → Type, expr Z.Syntax.base_type Z.Syntax.op (uint32_t * uint32_t * uint32_t * uint32_t * uint32_t * uint32_t * uint32_t * uint32_t * uint32_t * uint32_t * uint32_t * uint32_t * uint32_t * uint32_t * uint32_t * uint32_t * (uint32_t * uint32_t * uint32_t * uint32_t * uint32_t * uint32_t * uint32_t * uint32_t * uint32_t * uint32_t * uint32_t * uint32_t * uint32_t * uint32_t * uint32_t * uint32_t) -> uint32_t * uint32_t * uint32_t * uint32_t * uint32_t * uint32_t * uint32_t * uint32_t * uint32_t * uint32_t * uint32_t * uint32_t * uint32_t * uint32_t * uint32_t * uint32_t)

Argument scope is [function_scope]
