square = λ var : Z.Syntax.base_type → Type,
λ '(x28, x29, x27, x25, x23, x21, x19, x17, x15, x13, x11, x9, x7, x5, x3, x1)%core,
uint64_t x30 = (((uint64_t)(x15 + x28) * (x15 + x28)) - ((uint64_t)x15 * x15));
uint64_t x31 = ((((uint64_t)(x13 + x29) * (x15 + x28)) + ((uint64_t)(x15 + x28) * (x13 + x29))) - (((uint64_t)x13 * x15) + ((uint64_t)x15 * x13)));
uint64_t x32 = ((((uint64_t)(x11 + x27) * (x15 + x28)) + (((uint64_t)(x13 + x29) * (x13 + x29)) + ((uint64_t)(x15 + x28) * (x11 + x27)))) - (((uint64_t)x11 * x15) + (((uint64_t)x13 * x13) + ((uint64_t)x15 * x11))));
uint64_t x33 = ((((uint64_t)(x9 + x25) * (x15 + x28)) + (((uint64_t)(x11 + x27) * (x13 + x29)) + (((uint64_t)(x13 + x29) * (x11 + x27)) + ((uint64_t)(x15 + x28) * (x9 + x25))))) - (((uint64_t)x9 * x15) + (((uint64_t)x11 * x13) + (((uint64_t)x13 * x11) + ((uint64_t)x15 * x9)))));
uint64_t x34 = ((((uint64_t)(x7 + x23) * (x15 + x28)) + (((uint64_t)(x9 + x25) * (x13 + x29)) + (((uint64_t)(x11 + x27) * (x11 + x27)) + (((uint64_t)(x13 + x29) * (x9 + x25)) + ((uint64_t)(x15 + x28) * (x7 + x23)))))) - (((uint64_t)x7 * x15) + (((uint64_t)x9 * x13) + (((uint64_t)x11 * x11) + (((uint64_t)x13 * x9) + ((uint64_t)x15 * x7))))));
uint64_t x35 = Op (Z.Syntax.IdWithAlt Z.Syntax.TZ (Syntax.TWord 6) (Syntax.TWord 6)) (((((uint64_t)(x5 + x21) * (x15 + x28)) +ℤ (((uint64_t)(x7 + x23) * (x13 + x29)) + (((uint64_t)(x9 + x25) * (x11 + x27)) + (((uint64_t)(x11 + x27) * (x9 + x25)) + (((uint64_t)(x13 + x29) * (x7 + x23)) + ((uint64_t)(x15 + x28) * (x5 + x21))))))) -ℤ (((uint64_t)x5 * x15) + (((uint64_t)x7 * x13) + (((uint64_t)x9 * x11) + (((uint64_t)x11 * x9) + (((uint64_t)x13 * x7) + ((uint64_t)x15 * x5))))))), (((((uint64_t)x5 * x28) + (((uint64_t)x7 * x29) + (((uint64_t)x9 * x27) + (((uint64_t)x11 * x25) + (((uint64_t)x13 * x23) + ((uint64_t)x15 * x21)))))) + (((uint64_t)x21 * x15) + (((uint64_t)x23 * x13) + (((uint64_t)x25 * x11) + (((uint64_t)x27 * x9) + (((uint64_t)x29 * x7) + ((uint64_t)x28 * x5))))))) + (((uint64_t)x21 * x28) + (((uint64_t)x23 * x29) + (((uint64_t)x25 * x27) + (((uint64_t)x27 * x25) + (((uint64_t)x29 * x23) + ((uint64_t)x28 * x21))))))));
uint64_t x36 = Op (Z.Syntax.IdWithAlt Z.Syntax.TZ (Syntax.TWord 6) (Syntax.TWord 6)) (((((uint64_t)(x3 + x19) * (x15 + x28)) +ℤ (((uint64_t)(x5 + x21) * (x13 + x29)) +ℤ (((uint64_t)(x7 + x23) * (x11 + x27)) + (((uint64_t)(x9 + x25) * (x9 + x25)) + (((uint64_t)(x11 + x27) * (x7 + x23)) + (((uint64_t)(x13 + x29) * (x5 + x21)) + ((uint64_t)(x15 + x28) * (x3 + x19)))))))) -ℤ (((uint64_t)x3 * x15) + (((uint64_t)x5 * x13) + (((uint64_t)x7 * x11) + (((uint64_t)x9 * x9) + (((uint64_t)x11 * x7) + (((uint64_t)x13 * x5) + ((uint64_t)x15 * x3)))))))), (((((uint64_t)x3 * x28) + (((uint64_t)x5 * x29) + (((uint64_t)x7 * x27) + (((uint64_t)x9 * x25) + (((uint64_t)x11 * x23) + (((uint64_t)x13 * x21) + ((uint64_t)x15 * x19))))))) + (((uint64_t)x19 * x15) + (((uint64_t)x21 * x13) + (((uint64_t)x23 * x11) + (((uint64_t)x25 * x9) + (((uint64_t)x27 * x7) + (((uint64_t)x29 * x5) + ((uint64_t)x28 * x3)))))))) + (((uint64_t)x19 * x28) + (((uint64_t)x21 * x29) + (((uint64_t)x23 * x27) + (((uint64_t)x25 * x25) + (((uint64_t)x27 * x23) + (((uint64_t)x29 * x21) + ((uint64_t)x28 * x19)))))))));
ℤ x37 = Op (Z.Syntax.IdWithAlt Z.Syntax.TZ Z.Syntax.TZ Z.Syntax.TZ) (((((uint64_t)(x1 + x17) * (x15 + x28)) +ℤ (((uint64_t)(x3 + x19) * (x13 + x29)) +ℤ (((uint64_t)(x5 + x21) * (x11 + x27)) +ℤ (((uint64_t)(x7 + x23) * (x9 + x25)) + (((uint64_t)(x9 + x25) * (x7 + x23)) + (((uint64_t)(x11 + x27) * (x5 + x21)) + (((uint64_t)(x13 + x29) * (x3 + x19)) + ((uint64_t)(x15 + x28) * (x1 + x17))))))))) -ℤ (((uint64_t)x1 * x15) + (((uint64_t)x3 * x13) + (((uint64_t)x5 * x11) + (((uint64_t)x7 * x9) + (((uint64_t)x9 * x7) + (((uint64_t)x11 * x5) + (((uint64_t)x13 * x3) + ((uint64_t)x15 * x1))))))))), (((((uint64_t)x1 * x28) + (((uint64_t)x3 * x29) + (((uint64_t)x5 * x27) + (((uint64_t)x7 * x25) + (((uint64_t)x9 * x23) + (((uint64_t)x11 * x21) + (((uint64_t)x13 * x19) + ((uint64_t)x15 * x17)))))))) + (((uint64_t)x17 * x15) + (((uint64_t)x19 * x13) + (((uint64_t)x21 * x11) + (((uint64_t)x23 * x9) + (((uint64_t)x25 * x7) + (((uint64_t)x27 * x5) + (((uint64_t)x29 * x3) + ((uint64_t)x28 * x1))))))))) +ℤ (((uint64_t)x17 * x28) + (((uint64_t)x19 * x29) + (((uint64_t)x21 * x27) + (((uint64_t)x23 * x25) + (((uint64_t)x25 * x23) + (((uint64_t)x27 * x21) + (((uint64_t)x29 * x19) + ((uint64_t)x28 * x17))))))))));
ℤ x38 = ((((uint64_t)x15 * x15) + ((uint64_t)x28 * x28)) +ℤ Op (Z.Syntax.IdWithAlt Z.Syntax.TZ (Syntax.TWord 6) (Syntax.TWord 6)) (((((uint64_t)(x1 + x17) * (x13 + x29)) +ℤ (((uint64_t)(x3 + x19) * (x11 + x27)) +ℤ (((uint64_t)(x5 + x21) * (x9 + x25)) + (((uint64_t)(x7 + x23) * (x7 + x23)) + (((uint64_t)(x9 + x25) * (x5 + x21)) + (((uint64_t)(x11 + x27) * (x3 + x19)) + ((uint64_t)(x13 + x29) * (x1 + x17)))))))) -ℤ (((uint64_t)x1 * x13) + (((uint64_t)x3 * x11) + (((uint64_t)x5 * x9) + (((uint64_t)x7 * x7) + (((uint64_t)x9 * x5) + (((uint64_t)x11 * x3) + ((uint64_t)x13 * x1)))))))), (((((uint64_t)x1 * x29) + (((uint64_t)x3 * x27) + (((uint64_t)x5 * x25) + (((uint64_t)x7 * x23) + (((uint64_t)x9 * x21) + (((uint64_t)x11 * x19) + ((uint64_t)x13 * x17))))))) + (((uint64_t)x17 * x13) + (((uint64_t)x19 * x11) + (((uint64_t)x21 * x9) + (((uint64_t)x23 * x7) + (((uint64_t)x25 * x5) + (((uint64_t)x27 * x3) + ((uint64_t)x29 * x1)))))))) + (((uint64_t)x17 * x29) + (((uint64_t)x19 * x27) + (((uint64_t)x21 * x25) + (((uint64_t)x23 * x23) + (((uint64_t)x25 * x21) + (((uint64_t)x27 * x19) + ((uint64_t)x29 * x17))))))))));
uint64_t x39 = (((((uint64_t)x13 * x15) + ((uint64_t)x15 * x13)) + (((uint64_t)x29 * x28) + ((uint64_t)x28 * x29))) + Op (Z.Syntax.IdWithAlt Z.Syntax.TZ (Syntax.TWord 6) (Syntax.TWord 6)) (((((uint64_t)(x1 + x17) * (x11 + x27)) +ℤ (((uint64_t)(x3 + x19) * (x9 + x25)) + (((uint64_t)(x5 + x21) * (x7 + x23)) + (((uint64_t)(x7 + x23) * (x5 + x21)) + (((uint64_t)(x9 + x25) * (x3 + x19)) + ((uint64_t)(x11 + x27) * (x1 + x17))))))) -ℤ (((uint64_t)x1 * x11) + (((uint64_t)x3 * x9) + (((uint64_t)x5 * x7) + (((uint64_t)x7 * x5) + (((uint64_t)x9 * x3) + ((uint64_t)x11 * x1))))))), (((((uint64_t)x1 * x27) + (((uint64_t)x3 * x25) + (((uint64_t)x5 * x23) + (((uint64_t)x7 * x21) + (((uint64_t)x9 * x19) + ((uint64_t)x11 * x17)))))) + (((uint64_t)x17 * x11) + (((uint64_t)x19 * x9) + (((uint64_t)x21 * x7) + (((uint64_t)x23 * x5) + (((uint64_t)x25 * x3) + ((uint64_t)x27 * x1))))))) + (((uint64_t)x17 * x27) + (((uint64_t)x19 * x25) + (((uint64_t)x21 * x23) + (((uint64_t)x23 * x21) + (((uint64_t)x25 * x19) + ((uint64_t)x27 * x17)))))))));
uint64_t x40 = (((((uint64_t)x11 * x15) + (((uint64_t)x13 * x13) + ((uint64_t)x15 * x11))) + (((uint64_t)x27 * x28) + (((uint64_t)x29 * x29) + ((uint64_t)x28 * x27)))) + ((((uint64_t)(x1 + x17) * (x9 + x25)) + (((uint64_t)(x3 + x19) * (x7 + x23)) + (((uint64_t)(x5 + x21) * (x5 + x21)) + (((uint64_t)(x7 + x23) * (x3 + x19)) + ((uint64_t)(x9 + x25) * (x1 + x17)))))) - (((uint64_t)x1 * x9) + (((uint64_t)x3 * x7) + (((uint64_t)x5 * x5) + (((uint64_t)x7 * x3) + ((uint64_t)x9 * x1)))))));
uint64_t x41 = (((((uint64_t)x9 * x15) + (((uint64_t)x11 * x13) + (((uint64_t)x13 * x11) + ((uint64_t)x15 * x9)))) + (((uint64_t)x25 * x28) + (((uint64_t)x27 * x29) + (((uint64_t)x29 * x27) + ((uint64_t)x28 * x25))))) + ((((uint64_t)(x1 + x17) * (x7 + x23)) + (((uint64_t)(x3 + x19) * (x5 + x21)) + (((uint64_t)(x5 + x21) * (x3 + x19)) + ((uint64_t)(x7 + x23) * (x1 + x17))))) - (((uint64_t)x1 * x7) + (((uint64_t)x3 * x5) + (((uint64_t)x5 * x3) + ((uint64_t)x7 * x1))))));
uint64_t x42 = (((((uint64_t)x7 * x15) + (((uint64_t)x9 * x13) + (((uint64_t)x11 * x11) + (((uint64_t)x13 * x9) + ((uint64_t)x15 * x7))))) + (((uint64_t)x23 * x28) + (((uint64_t)x25 * x29) + (((uint64_t)x27 * x27) + (((uint64_t)x29 * x25) + ((uint64_t)x28 * x23)))))) + ((((uint64_t)(x1 + x17) * (x5 + x21)) + (((uint64_t)(x3 + x19) * (x3 + x19)) + ((uint64_t)(x5 + x21) * (x1 + x17)))) - (((uint64_t)x1 * x5) + (((uint64_t)x3 * x3) + ((uint64_t)x5 * x1)))));
uint64_t x43 = (((((uint64_t)x5 * x15) + (((uint64_t)x7 * x13) + (((uint64_t)x9 * x11) + (((uint64_t)x11 * x9) + (((uint64_t)x13 * x7) + ((uint64_t)x15 * x5)))))) + (((uint64_t)x21 * x28) + (((uint64_t)x23 * x29) + (((uint64_t)x25 * x27) + (((uint64_t)x27 * x25) + (((uint64_t)x29 * x23) + ((uint64_t)x28 * x21))))))) + ((((uint64_t)(x1 + x17) * (x3 + x19)) + ((uint64_t)(x3 + x19) * (x1 + x17))) - (((uint64_t)x1 * x3) + ((uint64_t)x3 * x1))));
uint64_t x44 = (((((uint64_t)x3 * x15) + (((uint64_t)x5 * x13) + (((uint64_t)x7 * x11) + (((uint64_t)x9 * x9) + (((uint64_t)x11 * x7) + (((uint64_t)x13 * x5) + ((uint64_t)x15 * x3))))))) + (((uint64_t)x19 * x28) + (((uint64_t)x21 * x29) + (((uint64_t)x23 * x27) + (((uint64_t)x25 * x25) + (((uint64_t)x27 * x23) + (((uint64_t)x29 * x21) + ((uint64_t)x28 * x19)))))))) + (((uint64_t)(x1 + x17) * (x1 + x17)) - ((uint64_t)x1 * x1)));
uint64_t x45 = ((((uint64_t)x1 * x15) + (((uint64_t)x3 * x13) + (((uint64_t)x5 * x11) + (((uint64_t)x7 * x9) + (((uint64_t)x9 * x7) + (((uint64_t)x11 * x5) + (((uint64_t)x13 * x3) + ((uint64_t)x15 * x1)))))))) + (((uint64_t)x17 * x28) + (((uint64_t)x19 * x29) + (((uint64_t)x21 * x27) + (((uint64_t)x23 * x25) + (((uint64_t)x25 * x23) + (((uint64_t)x27 * x21) + (((uint64_t)x29 * x19) + ((uint64_t)x28 * x17)))))))));
uint64_t x46 = ((((uint64_t)x1 * x13) + (((uint64_t)x3 * x11) + (((uint64_t)x5 * x9) + (((uint64_t)x7 * x7) + (((uint64_t)x9 * x5) + (((uint64_t)x11 * x3) + ((uint64_t)x13 * x1))))))) + (((uint64_t)x17 * x29) + (((uint64_t)x19 * x27) + (((uint64_t)x21 * x25) + (((uint64_t)x23 * x23) + (((uint64_t)x25 * x21) + (((uint64_t)x27 * x19) + ((uint64_t)x29 * x17))))))));
uint64_t x47 = ((((uint64_t)x1 * x11) + (((uint64_t)x3 * x9) + (((uint64_t)x5 * x7) + (((uint64_t)x7 * x5) + (((uint64_t)x9 * x3) + ((uint64_t)x11 * x1)))))) + (((uint64_t)x17 * x27) + (((uint64_t)x19 * x25) + (((uint64_t)x21 * x23) + (((uint64_t)x23 * x21) + (((uint64_t)x25 * x19) + ((uint64_t)x27 * x17)))))));
uint64_t x48 = ((((uint64_t)x1 * x9) + (((uint64_t)x3 * x7) + (((uint64_t)x5 * x5) + (((uint64_t)x7 * x3) + ((uint64_t)x9 * x1))))) + (((uint64_t)x17 * x25) + (((uint64_t)x19 * x23) + (((uint64_t)x21 * x21) + (((uint64_t)x23 * x19) + ((uint64_t)x25 * x17))))));
uint64_t x49 = ((((uint64_t)x1 * x7) + (((uint64_t)x3 * x5) + (((uint64_t)x5 * x3) + ((uint64_t)x7 * x1)))) + (((uint64_t)x17 * x23) + (((uint64_t)x19 * x21) + (((uint64_t)x21 * x19) + ((uint64_t)x23 * x17)))));
uint64_t x50 = ((((uint64_t)x1 * x5) + (((uint64_t)x3 * x3) + ((uint64_t)x5 * x1))) + (((uint64_t)x17 * x21) + (((uint64_t)x19 * x19) + ((uint64_t)x21 * x17))));
uint64_t x51 = ((((uint64_t)x1 * x3) + ((uint64_t)x3 * x1)) + (((uint64_t)x17 * x19) + ((uint64_t)x19 * x17)));
uint64_t x52 = (((uint64_t)x1 * x1) + ((uint64_t)x17 * x17));
ℤ x53 = (x38 +ℤ x30);
ℤ x54 = (x39 +ℤ x31);
ℤ x55 = (x40 +ℤ x32);
ℤ x56 = (x41 +ℤ x33);
ℤ x57 = (x42 +ℤ x34);
ℤ x58 = (x43 +ℤ x35);
ℤ x59 = (x44 +ℤ x36);
uint64_t x60 = (x46 + x30);
uint64_t x61 = (x47 + x31);
uint64_t x62 = (x48 + x32);
uint64_t x63 = (x49 + x33);
uint64_t x64 = (x50 + x34);
uint64_t x65 = (x51 + x35);
ℤ x66 = (x52 +ℤ x36);
uint64_t x67 = (x45 >> 0x1c);
uint32_t x68 = ((uint32_t)x45 & 0xfffffff);
uint64_t x69 = (x37 >> 0x1c);
uint32_t x70 = (x37 & 0xfffffff);
ℤ x71 = ((0x10000000 *ℤ x69) +ℤ x70);
uint64_t x72 = (x71 >> 0x1c);
uint32_t x73 = (x71 & 0xfffffff);
ℤ x74 = ((x67 +ℤ x59) +ℤ x72);
uint64_t x75 = (x74 >> 0x1c);
uint32_t x76 = (x74 & 0xfffffff);
ℤ x77 = (x66 +ℤ x72);
uint64_t x78 = (x77 >> 0x1c);
uint32_t x79 = (x77 & 0xfffffff);
ℤ x80 = (x75 +ℤ x58);
uint64_t x81 = (x80 >> 0x1c);
uint32_t x82 = (x80 & 0xfffffff);
uint64_t x83 = (x78 + x65);
uint64_t x84 = (x83 >> 0x1c);
uint32_t x85 = ((uint32_t)x83 & 0xfffffff);
ℤ x86 = (x81 +ℤ x57);
uint64_t x87 = (x86 >> 0x1c);
uint32_t x88 = (x86 & 0xfffffff);
uint64_t x89 = (x84 + x64);
uint64_t x90 = (x89 >> 0x1c);
uint32_t x91 = ((uint32_t)x89 & 0xfffffff);
ℤ x92 = (x87 +ℤ x56);
uint64_t x93 = (x92 >> 0x1c);
uint32_t x94 = (x92 & 0xfffffff);
uint64_t x95 = (x90 + x63);
uint64_t x96 = (x95 >> 0x1c);
uint32_t x97 = ((uint32_t)x95 & 0xfffffff);
ℤ x98 = (x93 +ℤ x55);
uint64_t x99 = (x98 >> 0x1c);
uint32_t x100 = (x98 & 0xfffffff);
uint64_t x101 = (x96 + x62);
uint64_t x102 = (x101 >> 0x1c);
uint32_t x103 = ((uint32_t)x101 & 0xfffffff);
ℤ x104 = (x99 +ℤ x54);
uint64_t x105 = (x104 >> 0x1c);
uint32_t x106 = (x104 & 0xfffffff);
uint64_t x107 = (x102 + x61);
uint64_t x108 = (x107 >> 0x1c);
uint32_t x109 = ((uint32_t)x107 & 0xfffffff);
ℤ x110 = (x105 +ℤ x53);
uint64_t x111 = (x110 >> 0x1c);
uint32_t x112 = (x110 & 0xfffffff);
uint64_t x113 = (x108 + x60);
uint64_t x114 = (x113 >> 0x1c);
uint32_t x115 = ((uint32_t)x113 & 0xfffffff);
uint64_t x116 = (x111 + x73);
uint32_t x117 = (uint32_t) (x116 >> 0x1c);
uint32_t x118 = ((uint32_t)x116 & 0xfffffff);
uint64_t x119 = (x114 + x68);
uint32_t x120 = (uint32_t) (x119 >> 0x1c);
uint32_t x121 = ((uint32_t)x119 & 0xfffffff);
uint64_t x122 = (((uint64_t)0x10000000 * x117) + x118);
uint32_t x123 = (uint32_t) (x122 >> 0x1c);
uint32_t x124 = ((uint32_t)x122 & 0xfffffff);
uint32_t x125 = ((x120 + x76) + x123);
uint32_t x126 = (x125 >> 0x1c);
uint32_t x127 = (x125 & 0xfffffff);
uint32_t x128 = (x79 + x123);
uint32_t x129 = (x128 >> 0x1c);
uint32_t x130 = (x128 & 0xfffffff);
return (Return x124, Return x112, Return x106, Return x100, Return x94, Return x88, (x126 + x82), Return x127, Return x121, Return x115, Return x109, Return x103, Return x97, Return x91, (x129 + x85), Return x130)
     : ∀ var : Z.Syntax.base_type → Type, expr Z.Syntax.base_type Z.Syntax.op (uint32_t * uint32_t * uint32_t * uint32_t * uint32_t * uint32_t * uint32_t * uint32_t * uint32_t * uint32_t * uint32_t * uint32_t * uint32_t * uint32_t * uint32_t * uint32_t -> uint32_t * uint32_t * uint32_t * uint32_t * uint32_t * uint32_t * uint32_t * uint32_t * uint32_t * uint32_t * uint32_t * uint32_t * uint32_t * uint32_t * uint32_t * uint32_t)

Argument scope is [function_scope]
