mul = λ var : Z.Syntax.base_type → Type,
λ '(x18, x19, x17, x15, x13, x11, x9, x7, x5, x3, (x36, x37, x35, x33, x31, x29, x27, x25, x23, x21))%core,
uint64_t x38 = (0x2 * ((uint64_t)x18 * x36));
uint64_t x39 = (((uint64_t)x19 * x36) + ((uint64_t)x18 * x37));
uint64_t x40 = ((0x2 * ((uint64_t)x17 * x36)) + (((uint64_t)x19 * x37) + (0x2 * ((uint64_t)x18 * x35))));
uint64_t x41 = (((uint64_t)x15 * x36) + (((uint64_t)x17 * x37) + (((uint64_t)x19 * x35) + ((uint64_t)x18 * x33))));
uint64_t x42 = ((0x2 * ((uint64_t)x13 * x36)) + (((uint64_t)x15 * x37) + ((0x2 * ((uint64_t)x17 * x35)) + (((uint64_t)x19 * x33) + (0x2 * ((uint64_t)x18 * x31))))));
uint64_t x43 = (((uint64_t)x11 * x36) + (((uint64_t)x13 * x37) + (((uint64_t)x15 * x35) + (((uint64_t)x17 * x33) + (((uint64_t)x19 * x31) + ((uint64_t)x18 * x29))))));
uint64_t x44 = ((0x2 * ((uint64_t)x9 * x36)) + (((uint64_t)x11 * x37) + ((0x2 * ((uint64_t)x13 * x35)) + (((uint64_t)x15 * x33) + ((0x2 * ((uint64_t)x17 * x31)) + (((uint64_t)x19 * x29) + (0x2 * ((uint64_t)x18 * x27))))))));
uint64_t x45 = (((uint64_t)x7 * x36) + (((uint64_t)x9 * x37) + (((uint64_t)x11 * x35) + (((uint64_t)x13 * x33) + (((uint64_t)x15 * x31) + (((uint64_t)x17 * x29) + (((uint64_t)x19 * x27) + ((uint64_t)x18 * x25))))))));
uint64_t x46 = ((0x2 * ((uint64_t)x5 * x36)) + (((uint64_t)x7 * x37) + ((0x2 * ((uint64_t)x9 * x35)) + (((uint64_t)x11 * x33) + ((0x2 * ((uint64_t)x13 * x31)) + (((uint64_t)x15 * x29) + ((0x2 * ((uint64_t)x17 * x27)) + (((uint64_t)x19 * x25) + (0x2 * ((uint64_t)x18 * x23))))))))));
uint64_t x47 = (((uint64_t)x3 * x36) + (((uint64_t)x5 * x37) + (((uint64_t)x7 * x35) + (((uint64_t)x9 * x33) + (((uint64_t)x11 * x31) + (((uint64_t)x13 * x29) + (((uint64_t)x15 * x27) + (((uint64_t)x17 * x25) + (((uint64_t)x19 * x23) + ((uint64_t)x18 * x21))))))))));
uint64_t x48 = (((uint64_t)x3 * x37) + ((0x2 * ((uint64_t)x5 * x35)) + (((uint64_t)x7 * x33) + ((0x2 * ((uint64_t)x9 * x31)) + (((uint64_t)x11 * x29) + ((0x2 * ((uint64_t)x13 * x27)) + (((uint64_t)x15 * x25) + ((0x2 * ((uint64_t)x17 * x23)) + ((uint64_t)x19 * x21)))))))));
uint64_t x49 = (((uint64_t)x3 * x35) + (((uint64_t)x5 * x33) + (((uint64_t)x7 * x31) + (((uint64_t)x9 * x29) + (((uint64_t)x11 * x27) + (((uint64_t)x13 * x25) + (((uint64_t)x15 * x23) + ((uint64_t)x17 * x21))))))));
uint64_t x50 = (((uint64_t)x3 * x33) + ((0x2 * ((uint64_t)x5 * x31)) + (((uint64_t)x7 * x29) + ((0x2 * ((uint64_t)x9 * x27)) + (((uint64_t)x11 * x25) + ((0x2 * ((uint64_t)x13 * x23)) + ((uint64_t)x15 * x21)))))));
uint64_t x51 = (((uint64_t)x3 * x31) + (((uint64_t)x5 * x29) + (((uint64_t)x7 * x27) + (((uint64_t)x9 * x25) + (((uint64_t)x11 * x23) + ((uint64_t)x13 * x21))))));
uint64_t x52 = (((uint64_t)x3 * x29) + ((0x2 * ((uint64_t)x5 * x27)) + (((uint64_t)x7 * x25) + ((0x2 * ((uint64_t)x9 * x23)) + ((uint64_t)x11 * x21)))));
uint64_t x53 = (((uint64_t)x3 * x27) + (((uint64_t)x5 * x25) + (((uint64_t)x7 * x23) + ((uint64_t)x9 * x21))));
uint64_t x54 = (((uint64_t)x3 * x25) + ((0x2 * ((uint64_t)x5 * x23)) + ((uint64_t)x7 * x21)));
uint64_t x55 = (((uint64_t)x3 * x23) + ((uint64_t)x5 * x21));
uint64_t x56 = ((uint64_t)x3 * x21);
uint64_t x57 = (x48 + (0x13 * x38));
uint64_t x58 = (x49 + (0x13 * x39));
uint64_t x59 = (x50 + (0x13 * x40));
uint64_t x60 = (x51 + (0x13 * x41));
uint64_t x61 = (x52 + (0x13 * x42));
uint64_t x62 = (x53 + (0x13 * x43));
uint64_t x63 = (x54 + (0x13 * x44));
uint64_t x64 = (x55 + (0x13 * x45));
uint64_t x65 = (x56 + (0x13 * x46));
uint64_t x66 = (x65 >> 0x1a);
uint32_t x67 = ((uint32_t)x65 & 0x3ffffff);
uint64_t x68 = (x66 + x64);
uint64_t x69 = (x68 >> 0x19);
uint32_t x70 = ((uint32_t)x68 & 0x1ffffff);
uint64_t x71 = (x69 + x63);
uint64_t x72 = (x71 >> 0x1a);
uint32_t x73 = ((uint32_t)x71 & 0x3ffffff);
uint64_t x74 = (x72 + x62);
uint64_t x75 = (x74 >> 0x19);
uint32_t x76 = ((uint32_t)x74 & 0x1ffffff);
uint64_t x77 = (x75 + x61);
uint64_t x78 = (x77 >> 0x1a);
uint32_t x79 = ((uint32_t)x77 & 0x3ffffff);
uint64_t x80 = (x78 + x60);
uint64_t x81 = (x80 >> 0x19);
uint32_t x82 = ((uint32_t)x80 & 0x1ffffff);
uint64_t x83 = (x81 + x59);
uint64_t x84 = (x83 >> 0x1a);
uint32_t x85 = ((uint32_t)x83 & 0x3ffffff);
uint64_t x86 = (x84 + x58);
uint64_t x87 = (x86 >> 0x19);
uint32_t x88 = ((uint32_t)x86 & 0x1ffffff);
uint64_t x89 = (x87 + x57);
uint64_t x90 = (x89 >> 0x1a);
uint32_t x91 = ((uint32_t)x89 & 0x3ffffff);
uint64_t x92 = (x90 + x47);
uint64_t x93 = (x92 >> 0x19);
uint32_t x94 = ((uint32_t)x92 & 0x1ffffff);
uint64_t x95 = (x67 + (0x13 * x93));
uint32_t x96 = (uint32_t) (x95 >> 0x1a);
uint32_t x97 = ((uint32_t)x95 & 0x3ffffff);
uint32_t x98 = (x96 + x70);
uint32_t x99 = (x98 >> 0x19);
uint32_t x100 = (x98 & 0x1ffffff);
return (Return x94, Return x91, Return x88, Return x85, Return x82, Return x79, Return x76, (x99 + x73), Return x100, Return x97)
     : ∀ var : Z.Syntax.base_type → Type, expr Z.Syntax.base_type Z.Syntax.op (uint32_t * uint32_t * uint32_t * uint32_t * uint32_t * uint32_t * uint32_t * uint32_t * uint32_t * uint32_t * (uint32_t * uint32_t * uint32_t * uint32_t * uint32_t * uint32_t * uint32_t * uint32_t * uint32_t * uint32_t) -> uint32_t * uint32_t * uint32_t * uint32_t * uint32_t * uint32_t * uint32_t * uint32_t * uint32_t * uint32_t)

Argument scope is [function_scope]
