square = λ var : Z.Syntax.base_type → Type,
λ '(x16, x17, x15, x13, x11, x9, x7, x5, x3, x1)%core,
uint64_t x18 = (0x2 * ((uint64_t)x16 * x16));
uint64_t x19 = (((uint64_t)x17 * x16) + ((uint64_t)x16 * x17));
uint64_t x20 = ((0x2 * ((uint64_t)x15 * x16)) + (((uint64_t)x17 * x17) + (0x2 * ((uint64_t)x16 * x15))));
uint64_t x21 = (((uint64_t)x13 * x16) + (((uint64_t)x15 * x17) + (((uint64_t)x17 * x15) + ((uint64_t)x16 * x13))));
uint64_t x22 = ((0x2 * ((uint64_t)x11 * x16)) + (((uint64_t)x13 * x17) + ((0x2 * ((uint64_t)x15 * x15)) + (((uint64_t)x17 * x13) + (0x2 * ((uint64_t)x16 * x11))))));
uint64_t x23 = (((uint64_t)x9 * x16) + (((uint64_t)x11 * x17) + (((uint64_t)x13 * x15) + (((uint64_t)x15 * x13) + (((uint64_t)x17 * x11) + ((uint64_t)x16 * x9))))));
uint64_t x24 = ((0x2 * ((uint64_t)x7 * x16)) + (((uint64_t)x9 * x17) + ((0x2 * ((uint64_t)x11 * x15)) + (((uint64_t)x13 * x13) + ((0x2 * ((uint64_t)x15 * x11)) + (((uint64_t)x17 * x9) + (0x2 * ((uint64_t)x16 * x7))))))));
uint64_t x25 = (((uint64_t)x5 * x16) + (((uint64_t)x7 * x17) + (((uint64_t)x9 * x15) + (((uint64_t)x11 * x13) + (((uint64_t)x13 * x11) + (((uint64_t)x15 * x9) + (((uint64_t)x17 * x7) + ((uint64_t)x16 * x5))))))));
uint64_t x26 = ((0x2 * ((uint64_t)x3 * x16)) + (((uint64_t)x5 * x17) + ((0x2 * ((uint64_t)x7 * x15)) + (((uint64_t)x9 * x13) + ((0x2 * ((uint64_t)x11 * x11)) + (((uint64_t)x13 * x9) + ((0x2 * ((uint64_t)x15 * x7)) + (((uint64_t)x17 * x5) + (0x2 * ((uint64_t)x16 * x3))))))))));
uint64_t x27 = (((uint64_t)x1 * x16) + (((uint64_t)x3 * x17) + (((uint64_t)x5 * x15) + (((uint64_t)x7 * x13) + (((uint64_t)x9 * x11) + (((uint64_t)x11 * x9) + (((uint64_t)x13 * x7) + (((uint64_t)x15 * x5) + (((uint64_t)x17 * x3) + ((uint64_t)x16 * x1))))))))));
uint64_t x28 = (((uint64_t)x1 * x17) + ((0x2 * ((uint64_t)x3 * x15)) + (((uint64_t)x5 * x13) + ((0x2 * ((uint64_t)x7 * x11)) + (((uint64_t)x9 * x9) + ((0x2 * ((uint64_t)x11 * x7)) + (((uint64_t)x13 * x5) + ((0x2 * ((uint64_t)x15 * x3)) + ((uint64_t)x17 * x1)))))))));
uint64_t x29 = (((uint64_t)x1 * x15) + (((uint64_t)x3 * x13) + (((uint64_t)x5 * x11) + (((uint64_t)x7 * x9) + (((uint64_t)x9 * x7) + (((uint64_t)x11 * x5) + (((uint64_t)x13 * x3) + ((uint64_t)x15 * x1))))))));
uint64_t x30 = (((uint64_t)x1 * x13) + ((0x2 * ((uint64_t)x3 * x11)) + (((uint64_t)x5 * x9) + ((0x2 * ((uint64_t)x7 * x7)) + (((uint64_t)x9 * x5) + ((0x2 * ((uint64_t)x11 * x3)) + ((uint64_t)x13 * x1)))))));
uint64_t x31 = (((uint64_t)x1 * x11) + (((uint64_t)x3 * x9) + (((uint64_t)x5 * x7) + (((uint64_t)x7 * x5) + (((uint64_t)x9 * x3) + ((uint64_t)x11 * x1))))));
uint64_t x32 = (((uint64_t)x1 * x9) + ((0x2 * ((uint64_t)x3 * x7)) + (((uint64_t)x5 * x5) + ((0x2 * ((uint64_t)x7 * x3)) + ((uint64_t)x9 * x1)))));
uint64_t x33 = (((uint64_t)x1 * x7) + (((uint64_t)x3 * x5) + (((uint64_t)x5 * x3) + ((uint64_t)x7 * x1))));
uint64_t x34 = (((uint64_t)x1 * x5) + ((0x2 * ((uint64_t)x3 * x3)) + ((uint64_t)x5 * x1)));
uint64_t x35 = (((uint64_t)x1 * x3) + ((uint64_t)x3 * x1));
uint64_t x36 = ((uint64_t)x1 * x1);
uint64_t x37 = (x28 + (0x13 * x18));
uint64_t x38 = (x29 + (0x13 * x19));
uint64_t x39 = (x30 + (0x13 * x20));
uint64_t x40 = (x31 + (0x13 * x21));
uint64_t x41 = (x32 + (0x13 * x22));
uint64_t x42 = (x33 + (0x13 * x23));
uint64_t x43 = (x34 + (0x13 * x24));
uint64_t x44 = (x35 + (0x13 * x25));
uint64_t x45 = (x36 + (0x13 * x26));
uint64_t x46 = (x45 >> 0x1a);
uint32_t x47 = ((uint32_t)x45 & 0x3ffffff);
uint64_t x48 = (x46 + x44);
uint64_t x49 = (x48 >> 0x19);
uint32_t x50 = ((uint32_t)x48 & 0x1ffffff);
uint64_t x51 = (x49 + x43);
uint64_t x52 = (x51 >> 0x1a);
uint32_t x53 = ((uint32_t)x51 & 0x3ffffff);
uint64_t x54 = (x52 + x42);
uint64_t x55 = (x54 >> 0x19);
uint32_t x56 = ((uint32_t)x54 & 0x1ffffff);
uint64_t x57 = (x55 + x41);
uint64_t x58 = (x57 >> 0x1a);
uint32_t x59 = ((uint32_t)x57 & 0x3ffffff);
uint64_t x60 = (x58 + x40);
uint64_t x61 = (x60 >> 0x19);
uint32_t x62 = ((uint32_t)x60 & 0x1ffffff);
uint64_t x63 = (x61 + x39);
uint64_t x64 = (x63 >> 0x1a);
uint32_t x65 = ((uint32_t)x63 & 0x3ffffff);
uint64_t x66 = (x64 + x38);
uint64_t x67 = (x66 >> 0x19);
uint32_t x68 = ((uint32_t)x66 & 0x1ffffff);
uint64_t x69 = (x67 + x37);
uint64_t x70 = (x69 >> 0x1a);
uint32_t x71 = ((uint32_t)x69 & 0x3ffffff);
uint64_t x72 = (x70 + x27);
uint64_t x73 = (x72 >> 0x19);
uint32_t x74 = ((uint32_t)x72 & 0x1ffffff);
uint64_t x75 = (x47 + (0x13 * x73));
uint32_t x76 = (uint32_t) (x75 >> 0x1a);
uint32_t x77 = ((uint32_t)x75 & 0x3ffffff);
uint32_t x78 = (x76 + x50);
uint32_t x79 = (x78 >> 0x19);
uint32_t x80 = (x78 & 0x1ffffff);
return (Return x74, Return x71, Return x68, Return x65, Return x62, Return x59, Return x56, (x79 + x53), Return x80, Return x77)
     : ∀ var : Z.Syntax.base_type → Type, expr Z.Syntax.base_type Z.Syntax.op (uint32_t * uint32_t * uint32_t * uint32_t * uint32_t * uint32_t * uint32_t * uint32_t * uint32_t * uint32_t -> uint32_t * uint32_t * uint32_t * uint32_t * uint32_t * uint32_t * uint32_t * uint32_t * uint32_t * uint32_t)

Argument scope is [function_scope]
