square = λ var : Z.Syntax.base_type → Type,
λ '(x42, x43, x41, x39, x37, x35, x33, x31, x29, x27, x25, x23, x21, x19, x17, x15, x13, x11, x9, x7, x5, x3, x1)%core,
uint64_t x44 = ((uint64_t)x42 * x42);
uint64_t x45 = (((uint64_t)x43 * x42) + ((uint64_t)x42 * x43));
uint64_t x46 = (((uint64_t)x41 * x42) + (((uint64_t)x43 * x43) + ((uint64_t)x42 * x41)));
uint64_t x47 = ((0x2 * ((uint64_t)x39 * x42)) + ((0x2 * ((uint64_t)x41 * x43)) + ((0x2 * ((uint64_t)x43 * x41)) + (0x2 * ((uint64_t)x42 * x39)))));
uint64_t x48 = (((uint64_t)x37 * x42) + ((0x2 * ((uint64_t)x39 * x43)) + ((0x2 * ((uint64_t)x41 * x41)) + ((0x2 * ((uint64_t)x43 * x39)) + ((uint64_t)x42 * x37)))));
uint64_t x49 = (((uint64_t)x35 * x42) + (((uint64_t)x37 * x43) + ((0x2 * ((uint64_t)x39 * x41)) + ((0x2 * ((uint64_t)x41 * x39)) + (((uint64_t)x43 * x37) + ((uint64_t)x42 * x35))))));
uint64_t x50 = (((uint64_t)x33 * x42) + (((uint64_t)x35 * x43) + (((uint64_t)x37 * x41) + ((0x2 * ((uint64_t)x39 * x39)) + (((uint64_t)x41 * x37) + (((uint64_t)x43 * x35) + ((uint64_t)x42 * x33)))))));
uint64_t x51 = (((uint64_t)x31 * x42) + (((uint64_t)x33 * x43) + (((uint64_t)x35 * x41) + (((uint64_t)x37 * x39) + (((uint64_t)x39 * x37) + (((uint64_t)x41 * x35) + (((uint64_t)x43 * x33) + ((uint64_t)x42 * x31))))))));
uint64_t x52 = ((0x2 * ((uint64_t)x29 * x42)) + ((0x2 * ((uint64_t)x31 * x43)) + ((0x2 * ((uint64_t)x33 * x41)) + ((0x2 * ((uint64_t)x35 * x39)) + (((uint64_t)x37 * x37) + ((0x2 * ((uint64_t)x39 * x35)) + ((0x2 * ((uint64_t)x41 * x33)) + ((0x2 * ((uint64_t)x43 * x31)) + (0x2 * ((uint64_t)x42 * x29))))))))));
uint64_t x53 = (((uint64_t)x27 * x42) + ((0x2 * ((uint64_t)x29 * x43)) + ((0x2 * ((uint64_t)x31 * x41)) + ((0x2 * ((uint64_t)x33 * x39)) + (((uint64_t)x35 * x37) + (((uint64_t)x37 * x35) + ((0x2 * ((uint64_t)x39 * x33)) + ((0x2 * ((uint64_t)x41 * x31)) + ((0x2 * ((uint64_t)x43 * x29)) + ((uint64_t)x42 * x27))))))))));
uint64_t x54 = (((uint64_t)x25 * x42) + (((uint64_t)x27 * x43) + ((0x2 * ((uint64_t)x29 * x41)) + ((0x2 * ((uint64_t)x31 * x39)) + (((uint64_t)x33 * x37) + (((uint64_t)x35 * x35) + (((uint64_t)x37 * x33) + ((0x2 * ((uint64_t)x39 * x31)) + ((0x2 * ((uint64_t)x41 * x29)) + (((uint64_t)x43 * x27) + ((uint64_t)x42 * x25)))))))))));
uint64_t x55 = (((uint64_t)x23 * x42) + (((uint64_t)x25 * x43) + (((uint64_t)x27 * x41) + ((0x2 * ((uint64_t)x29 * x39)) + (((uint64_t)x31 * x37) + (((uint64_t)x33 * x35) + (((uint64_t)x35 * x33) + (((uint64_t)x37 * x31) + ((0x2 * ((uint64_t)x39 * x29)) + (((uint64_t)x41 * x27) + (((uint64_t)x43 * x25) + ((uint64_t)x42 * x23))))))))))));
uint64_t x56 = ((0x2 * ((uint64_t)x21 * x42)) + ((0x2 * ((uint64_t)x23 * x43)) + ((0x2 * ((uint64_t)x25 * x41)) + ((0x2 * ((uint64_t)x27 * x39)) + ((0x2 * ((uint64_t)x29 * x37)) + ((0x2 * ((uint64_t)x31 * x35)) + ((0x2 * ((uint64_t)x33 * x33)) + ((0x2 * ((uint64_t)x35 * x31)) + ((0x2 * ((uint64_t)x37 * x29)) + ((0x2 * ((uint64_t)x39 * x27)) + ((0x2 * ((uint64_t)x41 * x25)) + ((0x2 * ((uint64_t)x43 * x23)) + (0x2 * ((uint64_t)x42 * x21))))))))))))));
uint64_t x57 = (((uint64_t)x19 * x42) + ((0x2 * ((uint64_t)x21 * x43)) + ((0x2 * ((uint64_t)x23 * x41)) + ((0x2 * ((uint64_t)x25 * x39)) + (((uint64_t)x27 * x37) + ((0x2 * ((uint64_t)x29 * x35)) + ((0x2 * ((uint64_t)x31 * x33)) + ((0x2 * ((uint64_t)x33 * x31)) + ((0x2 * ((uint64_t)x35 * x29)) + (((uint64_t)x37 * x27) + ((0x2 * ((uint64_t)x39 * x25)) + ((0x2 * ((uint64_t)x41 * x23)) + ((0x2 * ((uint64_t)x43 * x21)) + ((uint64_t)x42 * x19))))))))))))));
uint64_t x58 = (((uint64_t)x17 * x42) + (((uint64_t)x19 * x43) + ((0x2 * ((uint64_t)x21 * x41)) + ((0x2 * ((uint64_t)x23 * x39)) + (((uint64_t)x25 * x37) + (((uint64_t)x27 * x35) + ((0x2 * ((uint64_t)x29 * x33)) + ((0x2 * ((uint64_t)x31 * x31)) + ((0x2 * ((uint64_t)x33 * x29)) + (((uint64_t)x35 * x27) + (((uint64_t)x37 * x25) + ((0x2 * ((uint64_t)x39 * x23)) + ((0x2 * ((uint64_t)x41 * x21)) + (((uint64_t)x43 * x19) + ((uint64_t)x42 * x17)))))))))))))));
uint64_t x59 = (((uint64_t)x15 * x42) + (((uint64_t)x17 * x43) + (((uint64_t)x19 * x41) + ((0x2 * ((uint64_t)x21 * x39)) + (((uint64_t)x23 * x37) + (((uint64_t)x25 * x35) + (((uint64_t)x27 * x33) + ((0x2 * ((uint64_t)x29 * x31)) + ((0x2 * ((uint64_t)x31 * x29)) + (((uint64_t)x33 * x27) + (((uint64_t)x35 * x25) + (((uint64_t)x37 * x23) + ((0x2 * ((uint64_t)x39 * x21)) + (((uint64_t)x41 * x19) + (((uint64_t)x43 * x17) + ((uint64_t)x42 * x15))))))))))))))));
uint64_t x60 = (((uint64_t)x13 * x42) + (((uint64_t)x15 * x43) + (((uint64_t)x17 * x41) + (((uint64_t)x19 * x39) + (((uint64_t)x21 * x37) + (((uint64_t)x23 * x35) + (((uint64_t)x25 * x33) + (((uint64_t)x27 * x31) + ((0x2 * ((uint64_t)x29 * x29)) + (((uint64_t)x31 * x27) + (((uint64_t)x33 * x25) + (((uint64_t)x35 * x23) + (((uint64_t)x37 * x21) + (((uint64_t)x39 * x19) + (((uint64_t)x41 * x17) + (((uint64_t)x43 * x15) + ((uint64_t)x42 * x13)))))))))))))))));
uint64_t x61 = ((0x2 * ((uint64_t)x11 * x42)) + ((0x2 * ((uint64_t)x13 * x43)) + ((0x2 * ((uint64_t)x15 * x41)) + ((0x2 * ((uint64_t)x17 * x39)) + (((uint64_t)x19 * x37) + ((0x2 * ((uint64_t)x21 * x35)) + ((0x2 * ((uint64_t)x23 * x33)) + ((0x2 * ((uint64_t)x25 * x31)) + ((0x2 * ((uint64_t)x27 * x29)) + ((0x2 * ((uint64_t)x29 * x27)) + ((0x2 * ((uint64_t)x31 * x25)) + ((0x2 * ((uint64_t)x33 * x23)) + ((0x2 * ((uint64_t)x35 * x21)) + (((uint64_t)x37 * x19) + ((0x2 * ((uint64_t)x39 * x17)) + ((0x2 * ((uint64_t)x41 * x15)) + ((0x2 * ((uint64_t)x43 * x13)) + (0x2 * ((uint64_t)x42 * x11)))))))))))))))))));
uint64_t x62 = (((uint64_t)x9 * x42) + ((0x2 * ((uint64_t)x11 * x43)) + ((0x2 * ((uint64_t)x13 * x41)) + ((0x2 * ((uint64_t)x15 * x39)) + (((uint64_t)x17 * x37) + (((uint64_t)x19 * x35) + ((0x2 * ((uint64_t)x21 * x33)) + ((0x2 * ((uint64_t)x23 * x31)) + ((0x2 * ((uint64_t)x25 * x29)) + (((uint64_t)x27 * x27) + ((0x2 * ((uint64_t)x29 * x25)) + ((0x2 * ((uint64_t)x31 * x23)) + ((0x2 * ((uint64_t)x33 * x21)) + (((uint64_t)x35 * x19) + (((uint64_t)x37 * x17) + ((0x2 * ((uint64_t)x39 * x15)) + ((0x2 * ((uint64_t)x41 * x13)) + ((0x2 * ((uint64_t)x43 * x11)) + ((uint64_t)x42 * x9)))))))))))))))))));
uint64_t x63 = (((uint64_t)x7 * x42) + (((uint64_t)x9 * x43) + ((0x2 * ((uint64_t)x11 * x41)) + ((0x2 * ((uint64_t)x13 * x39)) + (((uint64_t)x15 * x37) + (((uint64_t)x17 * x35) + (((uint64_t)x19 * x33) + ((0x2 * ((uint64_t)x21 * x31)) + ((0x2 * ((uint64_t)x23 * x29)) + (((uint64_t)x25 * x27) + (((uint64_t)x27 * x25) + ((0x2 * ((uint64_t)x29 * x23)) + ((0x2 * ((uint64_t)x31 * x21)) + (((uint64_t)x33 * x19) + (((uint64_t)x35 * x17) + (((uint64_t)x37 * x15) + ((0x2 * ((uint64_t)x39 * x13)) + ((0x2 * ((uint64_t)x41 * x11)) + (((uint64_t)x43 * x9) + ((uint64_t)x42 * x7))))))))))))))))))));
uint64_t x64 = (((uint64_t)x5 * x42) + (((uint64_t)x7 * x43) + (((uint64_t)x9 * x41) + ((0x2 * ((uint64_t)x11 * x39)) + (((uint64_t)x13 * x37) + (((uint64_t)x15 * x35) + (((uint64_t)x17 * x33) + (((uint64_t)x19 * x31) + ((0x2 * ((uint64_t)x21 * x29)) + (((uint64_t)x23 * x27) + (((uint64_t)x25 * x25) + (((uint64_t)x27 * x23) + ((0x2 * ((uint64_t)x29 * x21)) + (((uint64_t)x31 * x19) + (((uint64_t)x33 * x17) + (((uint64_t)x35 * x15) + (((uint64_t)x37 * x13) + ((0x2 * ((uint64_t)x39 * x11)) + (((uint64_t)x41 * x9) + (((uint64_t)x43 * x7) + ((uint64_t)x42 * x5)))))))))))))))))))));
uint64_t x65 = ((0x2 * ((uint64_t)x3 * x42)) + ((0x2 * ((uint64_t)x5 * x43)) + ((0x2 * ((uint64_t)x7 * x41)) + ((0x2 * ((uint64_t)x9 * x39)) + ((0x2 * ((uint64_t)x11 * x37)) + ((0x2 * ((uint64_t)x13 * x35)) + ((0x2 * ((uint64_t)x15 * x33)) + ((0x2 * ((uint64_t)x17 * x31)) + ((0x2 * ((uint64_t)x19 * x29)) + ((0x2 * ((uint64_t)x21 * x27)) + ((0x2 * ((uint64_t)x23 * x25)) + ((0x2 * ((uint64_t)x25 * x23)) + ((0x2 * ((uint64_t)x27 * x21)) + ((0x2 * ((uint64_t)x29 * x19)) + ((0x2 * ((uint64_t)x31 * x17)) + ((0x2 * ((uint64_t)x33 * x15)) + ((0x2 * ((uint64_t)x35 * x13)) + ((0x2 * ((uint64_t)x37 * x11)) + ((0x2 * ((uint64_t)x39 * x9)) + ((0x2 * ((uint64_t)x41 * x7)) + ((0x2 * ((uint64_t)x43 * x5)) + (0x2 * ((uint64_t)x42 * x3)))))))))))))))))))))));
uint64_t x66 = (((uint64_t)x1 * x42) + ((0x2 * ((uint64_t)x3 * x43)) + ((0x2 * ((uint64_t)x5 * x41)) + ((0x2 * ((uint64_t)x7 * x39)) + (((uint64_t)x9 * x37) + ((0x2 * ((uint64_t)x11 * x35)) + ((0x2 * ((uint64_t)x13 * x33)) + ((0x2 * ((uint64_t)x15 * x31)) + ((0x2 * ((uint64_t)x17 * x29)) + (((uint64_t)x19 * x27) + ((0x2 * ((uint64_t)x21 * x25)) + ((0x2 * ((uint64_t)x23 * x23)) + ((0x2 * ((uint64_t)x25 * x21)) + (((uint64_t)x27 * x19) + ((0x2 * ((uint64_t)x29 * x17)) + ((0x2 * ((uint64_t)x31 * x15)) + ((0x2 * ((uint64_t)x33 * x13)) + ((0x2 * ((uint64_t)x35 * x11)) + (((uint64_t)x37 * x9) + ((0x2 * ((uint64_t)x39 * x7)) + ((0x2 * ((uint64_t)x41 * x5)) + ((0x2 * ((uint64_t)x43 * x3)) + ((uint64_t)x42 * x1)))))))))))))))))))))));
uint64_t x67 = (((uint64_t)x1 * x43) + ((0x2 * ((uint64_t)x3 * x41)) + ((0x2 * ((uint64_t)x5 * x39)) + (((uint64_t)x7 * x37) + (((uint64_t)x9 * x35) + ((0x2 * ((uint64_t)x11 * x33)) + ((0x2 * ((uint64_t)x13 * x31)) + ((0x2 * ((uint64_t)x15 * x29)) + (((uint64_t)x17 * x27) + (((uint64_t)x19 * x25) + ((0x2 * ((uint64_t)x21 * x23)) + ((0x2 * ((uint64_t)x23 * x21)) + (((uint64_t)x25 * x19) + (((uint64_t)x27 * x17) + ((0x2 * ((uint64_t)x29 * x15)) + ((0x2 * ((uint64_t)x31 * x13)) + ((0x2 * ((uint64_t)x33 * x11)) + (((uint64_t)x35 * x9) + (((uint64_t)x37 * x7) + ((0x2 * ((uint64_t)x39 * x5)) + ((0x2 * ((uint64_t)x41 * x3)) + ((uint64_t)x43 * x1))))))))))))))))))))));
uint64_t x68 = (((uint64_t)x1 * x41) + ((0x2 * ((uint64_t)x3 * x39)) + (((uint64_t)x5 * x37) + (((uint64_t)x7 * x35) + (((uint64_t)x9 * x33) + ((0x2 * ((uint64_t)x11 * x31)) + ((0x2 * ((uint64_t)x13 * x29)) + (((uint64_t)x15 * x27) + (((uint64_t)x17 * x25) + (((uint64_t)x19 * x23) + ((0x2 * ((uint64_t)x21 * x21)) + (((uint64_t)x23 * x19) + (((uint64_t)x25 * x17) + (((uint64_t)x27 * x15) + ((0x2 * ((uint64_t)x29 * x13)) + ((0x2 * ((uint64_t)x31 * x11)) + (((uint64_t)x33 * x9) + (((uint64_t)x35 * x7) + (((uint64_t)x37 * x5) + ((0x2 * ((uint64_t)x39 * x3)) + ((uint64_t)x41 * x1)))))))))))))))))))));
uint64_t x69 = (((uint64_t)x1 * x39) + (((uint64_t)x3 * x37) + (((uint64_t)x5 * x35) + (((uint64_t)x7 * x33) + (((uint64_t)x9 * x31) + ((0x2 * ((uint64_t)x11 * x29)) + (((uint64_t)x13 * x27) + (((uint64_t)x15 * x25) + (((uint64_t)x17 * x23) + (((uint64_t)x19 * x21) + (((uint64_t)x21 * x19) + (((uint64_t)x23 * x17) + (((uint64_t)x25 * x15) + (((uint64_t)x27 * x13) + ((0x2 * ((uint64_t)x29 * x11)) + (((uint64_t)x31 * x9) + (((uint64_t)x33 * x7) + (((uint64_t)x35 * x5) + (((uint64_t)x37 * x3) + ((uint64_t)x39 * x1))))))))))))))))))));
uint64_t x70 = (((uint64_t)x1 * x37) + ((0x2 * ((uint64_t)x3 * x35)) + ((0x2 * ((uint64_t)x5 * x33)) + ((0x2 * ((uint64_t)x7 * x31)) + ((0x2 * ((uint64_t)x9 * x29)) + ((0x2 * ((uint64_t)x11 * x27)) + ((0x2 * ((uint64_t)x13 * x25)) + ((0x2 * ((uint64_t)x15 * x23)) + ((0x2 * ((uint64_t)x17 * x21)) + (((uint64_t)x19 * x19) + ((0x2 * ((uint64_t)x21 * x17)) + ((0x2 * ((uint64_t)x23 * x15)) + ((0x2 * ((uint64_t)x25 * x13)) + ((0x2 * ((uint64_t)x27 * x11)) + ((0x2 * ((uint64_t)x29 * x9)) + ((0x2 * ((uint64_t)x31 * x7)) + ((0x2 * ((uint64_t)x33 * x5)) + ((0x2 * ((uint64_t)x35 * x3)) + ((uint64_t)x37 * x1)))))))))))))))))));
uint64_t x71 = (((uint64_t)x1 * x35) + ((0x2 * ((uint64_t)x3 * x33)) + ((0x2 * ((uint64_t)x5 * x31)) + ((0x2 * ((uint64_t)x7 * x29)) + (((uint64_t)x9 * x27) + ((0x2 * ((uint64_t)x11 * x25)) + ((0x2 * ((uint64_t)x13 * x23)) + ((0x2 * ((uint64_t)x15 * x21)) + (((uint64_t)x17 * x19) + (((uint64_t)x19 * x17) + ((0x2 * ((uint64_t)x21 * x15)) + ((0x2 * ((uint64_t)x23 * x13)) + ((0x2 * ((uint64_t)x25 * x11)) + (((uint64_t)x27 * x9) + ((0x2 * ((uint64_t)x29 * x7)) + ((0x2 * ((uint64_t)x31 * x5)) + ((0x2 * ((uint64_t)x33 * x3)) + ((uint64_t)x35 * x1))))))))))))))))));
uint64_t x72 = (((uint64_t)x1 * x33) + ((0x2 * ((uint64_t)x3 * x31)) + ((0x2 * ((uint64_t)x5 * x29)) + (((uint64_t)x7 * x27) + (((uint64_t)x9 * x25) + ((0x2 * ((uint64_t)x11 * x23)) + ((0x2 * ((uint64_t)x13 * x21)) + (((uint64_t)x15 * x19) + (((uint64_t)x17 * x17) + (((uint64_t)x19 * x15) + ((0x2 * ((uint64_t)x21 * x13)) + ((0x2 * ((uint64_t)x23 * x11)) + (((uint64_t)x25 * x9) + (((uint64_t)x27 * x7) + ((0x2 * ((uint64_t)x29 * x5)) + ((0x2 * ((uint64_t)x31 * x3)) + ((uint64_t)x33 * x1)))))))))))))))));
uint64_t x73 = (((uint64_t)x1 * x31) + ((0x2 * ((uint64_t)x3 * x29)) + (((uint64_t)x5 * x27) + (((uint64_t)x7 * x25) + (((uint64_t)x9 * x23) + ((0x2 * ((uint64_t)x11 * x21)) + (((uint64_t)x13 * x19) + (((uint64_t)x15 * x17) + (((uint64_t)x17 * x15) + (((uint64_t)x19 * x13) + ((0x2 * ((uint64_t)x21 * x11)) + (((uint64_t)x23 * x9) + (((uint64_t)x25 * x7) + (((uint64_t)x27 * x5) + ((0x2 * ((uint64_t)x29 * x3)) + ((uint64_t)x31 * x1))))))))))))))));
uint64_t x74 = (((uint64_t)x1 * x29) + (((uint64_t)x3 * x27) + (((uint64_t)x5 * x25) + (((uint64_t)x7 * x23) + (((uint64_t)x9 * x21) + (((uint64_t)x11 * x19) + (((uint64_t)x13 * x17) + (((uint64_t)x15 * x15) + (((uint64_t)x17 * x13) + (((uint64_t)x19 * x11) + (((uint64_t)x21 * x9) + (((uint64_t)x23 * x7) + (((uint64_t)x25 * x5) + (((uint64_t)x27 * x3) + ((uint64_t)x29 * x1)))))))))))))));
uint64_t x75 = (((uint64_t)x1 * x27) + ((0x2 * ((uint64_t)x3 * x25)) + ((0x2 * ((uint64_t)x5 * x23)) + ((0x2 * ((uint64_t)x7 * x21)) + (((uint64_t)x9 * x19) + ((0x2 * ((uint64_t)x11 * x17)) + ((0x2 * ((uint64_t)x13 * x15)) + ((0x2 * ((uint64_t)x15 * x13)) + ((0x2 * ((uint64_t)x17 * x11)) + (((uint64_t)x19 * x9) + ((0x2 * ((uint64_t)x21 * x7)) + ((0x2 * ((uint64_t)x23 * x5)) + ((0x2 * ((uint64_t)x25 * x3)) + ((uint64_t)x27 * x1))))))))))))));
uint64_t x76 = (((uint64_t)x1 * x25) + ((0x2 * ((uint64_t)x3 * x23)) + ((0x2 * ((uint64_t)x5 * x21)) + (((uint64_t)x7 * x19) + (((uint64_t)x9 * x17) + ((0x2 * ((uint64_t)x11 * x15)) + ((0x2 * ((uint64_t)x13 * x13)) + ((0x2 * ((uint64_t)x15 * x11)) + (((uint64_t)x17 * x9) + (((uint64_t)x19 * x7) + ((0x2 * ((uint64_t)x21 * x5)) + ((0x2 * ((uint64_t)x23 * x3)) + ((uint64_t)x25 * x1)))))))))))));
uint64_t x77 = (((uint64_t)x1 * x23) + ((0x2 * ((uint64_t)x3 * x21)) + (((uint64_t)x5 * x19) + (((uint64_t)x7 * x17) + (((uint64_t)x9 * x15) + ((0x2 * ((uint64_t)x11 * x13)) + ((0x2 * ((uint64_t)x13 * x11)) + (((uint64_t)x15 * x9) + (((uint64_t)x17 * x7) + (((uint64_t)x19 * x5) + ((0x2 * ((uint64_t)x21 * x3)) + ((uint64_t)x23 * x1))))))))))));
uint64_t x78 = (((uint64_t)x1 * x21) + (((uint64_t)x3 * x19) + (((uint64_t)x5 * x17) + (((uint64_t)x7 * x15) + (((uint64_t)x9 * x13) + ((0x2 * ((uint64_t)x11 * x11)) + (((uint64_t)x13 * x9) + (((uint64_t)x15 * x7) + (((uint64_t)x17 * x5) + (((uint64_t)x19 * x3) + ((uint64_t)x21 * x1)))))))))));
uint64_t x79 = (((uint64_t)x1 * x19) + ((0x2 * ((uint64_t)x3 * x17)) + ((0x2 * ((uint64_t)x5 * x15)) + ((0x2 * ((uint64_t)x7 * x13)) + ((0x2 * ((uint64_t)x9 * x11)) + ((0x2 * ((uint64_t)x11 * x9)) + ((0x2 * ((uint64_t)x13 * x7)) + ((0x2 * ((uint64_t)x15 * x5)) + ((0x2 * ((uint64_t)x17 * x3)) + ((uint64_t)x19 * x1))))))))));
uint64_t x80 = (((uint64_t)x1 * x17) + ((0x2 * ((uint64_t)x3 * x15)) + ((0x2 * ((uint64_t)x5 * x13)) + ((0x2 * ((uint64_t)x7 * x11)) + (((uint64_t)x9 * x9) + ((0x2 * ((uint64_t)x11 * x7)) + ((0x2 * ((uint64_t)x13 * x5)) + ((0x2 * ((uint64_t)x15 * x3)) + ((uint64_t)x17 * x1)))))))));
uint64_t x81 = (((uint64_t)x1 * x15) + ((0x2 * ((uint64_t)x3 * x13)) + ((0x2 * ((uint64_t)x5 * x11)) + (((uint64_t)x7 * x9) + (((uint64_t)x9 * x7) + ((0x2 * ((uint64_t)x11 * x5)) + ((0x2 * ((uint64_t)x13 * x3)) + ((uint64_t)x15 * x1))))))));
uint64_t x82 = (((uint64_t)x1 * x13) + ((0x2 * ((uint64_t)x3 * x11)) + (((uint64_t)x5 * x9) + (((uint64_t)x7 * x7) + (((uint64_t)x9 * x5) + ((0x2 * ((uint64_t)x11 * x3)) + ((uint64_t)x13 * x1)))))));
uint64_t x83 = (((uint64_t)x1 * x11) + (((uint64_t)x3 * x9) + (((uint64_t)x5 * x7) + (((uint64_t)x7 * x5) + (((uint64_t)x9 * x3) + ((uint64_t)x11 * x1))))));
uint64_t x84 = (((uint64_t)x1 * x9) + ((0x2 * ((uint64_t)x3 * x7)) + ((0x2 * ((uint64_t)x5 * x5)) + ((0x2 * ((uint64_t)x7 * x3)) + ((uint64_t)x9 * x1)))));
uint64_t x85 = (((uint64_t)x1 * x7) + ((0x2 * ((uint64_t)x3 * x5)) + ((0x2 * ((uint64_t)x5 * x3)) + ((uint64_t)x7 * x1))));
uint64_t x86 = (((uint64_t)x1 * x5) + ((0x2 * ((uint64_t)x3 * x3)) + ((uint64_t)x5 * x1)));
uint64_t x87 = (((uint64_t)x1 * x3) + ((uint64_t)x3 * x1));
uint64_t x88 = ((uint64_t)x1 * x1);
uint64_t x89 = (x67 + (0xbb * x44));
uint64_t x90 = (x68 + (0xbb * x45));
uint64_t x91 = (x69 + (0xbb * x46));
uint64_t x92 = (x70 + (0xbb * x47));
uint64_t x93 = (x71 + (0xbb * x48));
uint64_t x94 = (x72 + (0xbb * x49));
uint64_t x95 = (x73 + (0xbb * x50));
uint64_t x96 = (x74 + (0xbb * x51));
uint64_t x97 = (x75 + (0xbb * x52));
uint64_t x98 = (x76 + (0xbb * x53));
uint64_t x99 = (x77 + (0xbb * x54));
uint64_t x100 = (x78 + (0xbb * x55));
uint64_t x101 = (x79 + (0xbb * x56));
uint64_t x102 = (x80 + (0xbb * x57));
uint64_t x103 = (x81 + (0xbb * x58));
uint64_t x104 = (x82 + (0xbb * x59));
uint64_t x105 = (x83 + (0xbb * x60));
uint64_t x106 = (x84 + (0xbb * x61));
uint64_t x107 = (x85 + (0xbb * x62));
uint64_t x108 = (x86 + (0xbb * x63));
uint64_t x109 = (x87 + (0xbb * x64));
uint64_t x110 = (x88 + (0xbb * x65));
uint64_t x111 = (x110 >> 0x17);
uint32_t x112 = ((uint32_t)x110 & 0x7fffff);
uint64_t x113 = (x111 + x109);
uint64_t x114 = (x113 >> 0x16);
uint32_t x115 = ((uint32_t)x113 & 0x3fffff);
uint64_t x116 = (x114 + x108);
uint64_t x117 = (x116 >> 0x16);
uint32_t x118 = ((uint32_t)x116 & 0x3fffff);
uint64_t x119 = (x117 + x107);
uint64_t x120 = (x119 >> 0x16);
uint32_t x121 = ((uint32_t)x119 & 0x3fffff);
uint64_t x122 = (x120 + x106);
uint64_t x123 = (x122 >> 0x17);
uint32_t x124 = ((uint32_t)x122 & 0x7fffff);
uint64_t x125 = (x123 + x105);
uint64_t x126 = (x125 >> 0x16);
uint32_t x127 = ((uint32_t)x125 & 0x3fffff);
uint64_t x128 = (x126 + x104);
uint64_t x129 = (x128 >> 0x16);
uint32_t x130 = ((uint32_t)x128 & 0x3fffff);
uint64_t x131 = (x129 + x103);
uint64_t x132 = (x131 >> 0x16);
uint32_t x133 = ((uint32_t)x131 & 0x3fffff);
uint64_t x134 = (x132 + x102);
uint64_t x135 = (x134 >> 0x16);
uint32_t x136 = ((uint32_t)x134 & 0x3fffff);
uint64_t x137 = (x135 + x101);
uint64_t x138 = (x137 >> 0x17);
uint32_t x139 = ((uint32_t)x137 & 0x7fffff);
uint64_t x140 = (x138 + x100);
uint64_t x141 = (x140 >> 0x16);
uint32_t x142 = ((uint32_t)x140 & 0x3fffff);
uint64_t x143 = (x141 + x99);
uint64_t x144 = (x143 >> 0x16);
uint32_t x145 = ((uint32_t)x143 & 0x3fffff);
uint64_t x146 = (x144 + x98);
uint64_t x147 = (x146 >> 0x16);
uint32_t x148 = ((uint32_t)x146 & 0x3fffff);
uint64_t x149 = (x147 + x97);
uint64_t x150 = (x149 >> 0x17);
uint32_t x151 = ((uint32_t)x149 & 0x7fffff);
uint64_t x152 = (x150 + x96);
uint64_t x153 = (x152 >> 0x16);
uint32_t x154 = ((uint32_t)x152 & 0x3fffff);
uint64_t x155 = (x153 + x95);
uint64_t x156 = (x155 >> 0x16);
uint32_t x157 = ((uint32_t)x155 & 0x3fffff);
uint64_t x158 = (x156 + x94);
uint64_t x159 = (x158 >> 0x16);
uint32_t x160 = ((uint32_t)x158 & 0x3fffff);
uint64_t x161 = (x159 + x93);
uint64_t x162 = (x161 >> 0x16);
uint32_t x163 = ((uint32_t)x161 & 0x3fffff);
uint64_t x164 = (x162 + x92);
uint64_t x165 = (x164 >> 0x17);
uint32_t x166 = ((uint32_t)x164 & 0x7fffff);
uint64_t x167 = (x165 + x91);
uint64_t x168 = (x167 >> 0x16);
uint32_t x169 = ((uint32_t)x167 & 0x3fffff);
uint64_t x170 = (x168 + x90);
uint64_t x171 = (x170 >> 0x16);
uint32_t x172 = ((uint32_t)x170 & 0x3fffff);
uint64_t x173 = (x171 + x89);
uint64_t x174 = (x173 >> 0x16);
uint32_t x175 = ((uint32_t)x173 & 0x3fffff);
uint64_t x176 = (x174 + x66);
uint32_t x177 = (uint32_t) (x176 >> 0x16);
uint32_t x178 = ((uint32_t)x176 & 0x3fffff);
uint64_t x179 = (x112 + ((uint64_t)0xbb * x177));
uint32_t x180 = (uint32_t) (x179 >> 0x17);
uint32_t x181 = ((uint32_t)x179 & 0x7fffff);
uint32_t x182 = (x180 + x115);
uint32_t x183 = (x182 >> 0x16);
uint32_t x184 = (x182 & 0x3fffff);
return (Return x178, Return x175, Return x172, Return x169, Return x166, Return x163, Return x160, Return x157, Return x154, Return x151, Return x148, Return x145, Return x142, Return x139, Return x136, Return x133, Return x130, Return x127, Return x124, Return x121, (x183 + x118), Return x184, Return x181)
     : ∀ var : Z.Syntax.base_type → Type, expr Z.Syntax.base_type Z.Syntax.op (uint32_t * uint32_t * uint32_t * uint32_t * uint32_t * uint32_t * uint32_t * uint32_t * uint32_t * uint32_t * uint32_t * uint32_t * uint32_t * uint32_t * uint32_t * uint32_t * uint32_t * uint32_t * uint32_t * uint32_t * uint32_t * uint32_t * uint32_t -> uint32_t * uint32_t * uint32_t * uint32_t * uint32_t * uint32_t * uint32_t * uint32_t * uint32_t * uint32_t * uint32_t * uint32_t * uint32_t * uint32_t * uint32_t * uint32_t * uint32_t * uint32_t * uint32_t * uint32_t * uint32_t * uint32_t * uint32_t)

Argument scope is [function_scope]
