mul = λ var : Z.Syntax.base_type → Type,
λ '(x32, x33, x31, x29, x27, x25, x23, x21, x19, x17, x15, x13, x11, x9, x7, x5, x3, (x64, x65, x63, x61, x59, x57, x55, x53, x51, x49, x47, x45, x43, x41, x39, x37, x35))%core,
uint64_t x66 = (0x2 * ((uint64_t)x32 * x64));
uint64_t x67 = (((uint64_t)x33 * x64) + ((uint64_t)x32 * x65));
uint64_t x68 = ((0x2 * ((uint64_t)x31 * x64)) + (((uint64_t)x33 * x65) + (0x2 * ((uint64_t)x32 * x63))));
uint64_t x69 = (((uint64_t)x29 * x64) + (((uint64_t)x31 * x65) + (((uint64_t)x33 * x63) + ((uint64_t)x32 * x61))));
uint64_t x70 = ((0x2 * ((uint64_t)x27 * x64)) + (((uint64_t)x29 * x65) + ((0x2 * ((uint64_t)x31 * x63)) + (((uint64_t)x33 * x61) + (0x2 * ((uint64_t)x32 * x59))))));
uint64_t x71 = (((uint64_t)x25 * x64) + (((uint64_t)x27 * x65) + (((uint64_t)x29 * x63) + (((uint64_t)x31 * x61) + (((uint64_t)x33 * x59) + ((uint64_t)x32 * x57))))));
uint64_t x72 = ((0x2 * ((uint64_t)x23 * x64)) + (((uint64_t)x25 * x65) + ((0x2 * ((uint64_t)x27 * x63)) + (((uint64_t)x29 * x61) + ((0x2 * ((uint64_t)x31 * x59)) + (((uint64_t)x33 * x57) + (0x2 * ((uint64_t)x32 * x55))))))));
uint64_t x73 = (((uint64_t)x21 * x64) + (((uint64_t)x23 * x65) + (((uint64_t)x25 * x63) + (((uint64_t)x27 * x61) + (((uint64_t)x29 * x59) + (((uint64_t)x31 * x57) + (((uint64_t)x33 * x55) + ((uint64_t)x32 * x53))))))));
uint64_t x74 = ((0x2 * ((uint64_t)x19 * x64)) + (((uint64_t)x21 * x65) + ((0x2 * ((uint64_t)x23 * x63)) + (((uint64_t)x25 * x61) + ((0x2 * ((uint64_t)x27 * x59)) + (((uint64_t)x29 * x57) + ((0x2 * ((uint64_t)x31 * x55)) + (((uint64_t)x33 * x53) + (0x2 * ((uint64_t)x32 * x51))))))))));
uint64_t x75 = (((uint64_t)x17 * x64) + (((uint64_t)x19 * x65) + (((uint64_t)x21 * x63) + (((uint64_t)x23 * x61) + (((uint64_t)x25 * x59) + (((uint64_t)x27 * x57) + (((uint64_t)x29 * x55) + (((uint64_t)x31 * x53) + (((uint64_t)x33 * x51) + ((uint64_t)x32 * x49))))))))));
uint64_t x76 = ((0x2 * ((uint64_t)x15 * x64)) + (((uint64_t)x17 * x65) + ((0x2 * ((uint64_t)x19 * x63)) + (((uint64_t)x21 * x61) + ((0x2 * ((uint64_t)x23 * x59)) + (((uint64_t)x25 * x57) + ((0x2 * ((uint64_t)x27 * x55)) + (((uint64_t)x29 * x53) + ((0x2 * ((uint64_t)x31 * x51)) + (((uint64_t)x33 * x49) + (0x2 * ((uint64_t)x32 * x47))))))))))));
uint64_t x77 = (((uint64_t)x13 * x64) + (((uint64_t)x15 * x65) + (((uint64_t)x17 * x63) + (((uint64_t)x19 * x61) + (((uint64_t)x21 * x59) + (((uint64_t)x23 * x57) + (((uint64_t)x25 * x55) + (((uint64_t)x27 * x53) + (((uint64_t)x29 * x51) + (((uint64_t)x31 * x49) + (((uint64_t)x33 * x47) + ((uint64_t)x32 * x45))))))))))));
uint64_t x78 = ((0x2 * ((uint64_t)x11 * x64)) + (((uint64_t)x13 * x65) + ((0x2 * ((uint64_t)x15 * x63)) + (((uint64_t)x17 * x61) + ((0x2 * ((uint64_t)x19 * x59)) + (((uint64_t)x21 * x57) + ((0x2 * ((uint64_t)x23 * x55)) + (((uint64_t)x25 * x53) + ((0x2 * ((uint64_t)x27 * x51)) + (((uint64_t)x29 * x49) + ((0x2 * ((uint64_t)x31 * x47)) + (((uint64_t)x33 * x45) + (0x2 * ((uint64_t)x32 * x43))))))))))))));
uint64_t x79 = (((uint64_t)x9 * x64) + (((uint64_t)x11 * x65) + (((uint64_t)x13 * x63) + (((uint64_t)x15 * x61) + (((uint64_t)x17 * x59) + (((uint64_t)x19 * x57) + (((uint64_t)x21 * x55) + (((uint64_t)x23 * x53) + (((uint64_t)x25 * x51) + (((uint64_t)x27 * x49) + (((uint64_t)x29 * x47) + (((uint64_t)x31 * x45) + (((uint64_t)x33 * x43) + ((uint64_t)x32 * x41))))))))))))));
uint64_t x80 = ((0x2 * ((uint64_t)x7 * x64)) + (((uint64_t)x9 * x65) + ((0x2 * ((uint64_t)x11 * x63)) + (((uint64_t)x13 * x61) + ((0x2 * ((uint64_t)x15 * x59)) + (((uint64_t)x17 * x57) + ((0x2 * ((uint64_t)x19 * x55)) + (((uint64_t)x21 * x53) + ((0x2 * ((uint64_t)x23 * x51)) + (((uint64_t)x25 * x49) + ((0x2 * ((uint64_t)x27 * x47)) + (((uint64_t)x29 * x45) + ((0x2 * ((uint64_t)x31 * x43)) + (((uint64_t)x33 * x41) + (0x2 * ((uint64_t)x32 * x39))))))))))))))));
uint64_t x81 = ((0x2 * ((uint64_t)x5 * x64)) + ((0x2 * ((uint64_t)x7 * x65)) + ((0x2 * ((uint64_t)x9 * x63)) + ((0x2 * ((uint64_t)x11 * x61)) + ((0x2 * ((uint64_t)x13 * x59)) + ((0x2 * ((uint64_t)x15 * x57)) + ((0x2 * ((uint64_t)x17 * x55)) + ((0x2 * ((uint64_t)x19 * x53)) + ((0x2 * ((uint64_t)x21 * x51)) + ((0x2 * ((uint64_t)x23 * x49)) + ((0x2 * ((uint64_t)x25 * x47)) + ((0x2 * ((uint64_t)x27 * x45)) + ((0x2 * ((uint64_t)x29 * x43)) + ((0x2 * ((uint64_t)x31 * x41)) + ((0x2 * ((uint64_t)x33 * x39)) + (0x2 * ((uint64_t)x32 * x37)))))))))))))))));
uint64_t x82 = (((uint64_t)x3 * x64) + (((uint64_t)x5 * x65) + ((0x2 * ((uint64_t)x7 * x63)) + (((uint64_t)x9 * x61) + ((0x2 * ((uint64_t)x11 * x59)) + (((uint64_t)x13 * x57) + ((0x2 * ((uint64_t)x15 * x55)) + (((uint64_t)x17 * x53) + ((0x2 * ((uint64_t)x19 * x51)) + (((uint64_t)x21 * x49) + ((0x2 * ((uint64_t)x23 * x47)) + (((uint64_t)x25 * x45) + ((0x2 * ((uint64_t)x27 * x43)) + (((uint64_t)x29 * x41) + ((0x2 * ((uint64_t)x31 * x39)) + (((uint64_t)x33 * x37) + ((uint64_t)x32 * x35)))))))))))))))));
uint64_t x83 = (((uint64_t)x3 * x65) + ((0x2 * ((uint64_t)x5 * x63)) + ((0x2 * ((uint64_t)x7 * x61)) + ((0x2 * ((uint64_t)x9 * x59)) + ((0x2 * ((uint64_t)x11 * x57)) + ((0x2 * ((uint64_t)x13 * x55)) + ((0x2 * ((uint64_t)x15 * x53)) + ((0x2 * ((uint64_t)x17 * x51)) + ((0x2 * ((uint64_t)x19 * x49)) + ((0x2 * ((uint64_t)x21 * x47)) + ((0x2 * ((uint64_t)x23 * x45)) + ((0x2 * ((uint64_t)x25 * x43)) + ((0x2 * ((uint64_t)x27 * x41)) + ((0x2 * ((uint64_t)x29 * x39)) + ((0x2 * ((uint64_t)x31 * x37)) + ((uint64_t)x33 * x35))))))))))))))));
uint64_t x84 = (((uint64_t)x3 * x63) + (((uint64_t)x5 * x61) + ((0x2 * ((uint64_t)x7 * x59)) + (((uint64_t)x9 * x57) + ((0x2 * ((uint64_t)x11 * x55)) + (((uint64_t)x13 * x53) + ((0x2 * ((uint64_t)x15 * x51)) + (((uint64_t)x17 * x49) + ((0x2 * ((uint64_t)x19 * x47)) + (((uint64_t)x21 * x45) + ((0x2 * ((uint64_t)x23 * x43)) + (((uint64_t)x25 * x41) + ((0x2 * ((uint64_t)x27 * x39)) + (((uint64_t)x29 * x37) + ((uint64_t)x31 * x35)))))))))))))));
uint64_t x85 = (((uint64_t)x3 * x61) + ((0x2 * ((uint64_t)x5 * x59)) + ((0x2 * ((uint64_t)x7 * x57)) + ((0x2 * ((uint64_t)x9 * x55)) + ((0x2 * ((uint64_t)x11 * x53)) + ((0x2 * ((uint64_t)x13 * x51)) + ((0x2 * ((uint64_t)x15 * x49)) + ((0x2 * ((uint64_t)x17 * x47)) + ((0x2 * ((uint64_t)x19 * x45)) + ((0x2 * ((uint64_t)x21 * x43)) + ((0x2 * ((uint64_t)x23 * x41)) + ((0x2 * ((uint64_t)x25 * x39)) + ((0x2 * ((uint64_t)x27 * x37)) + ((uint64_t)x29 * x35))))))))))))));
uint64_t x86 = (((uint64_t)x3 * x59) + (((uint64_t)x5 * x57) + ((0x2 * ((uint64_t)x7 * x55)) + (((uint64_t)x9 * x53) + ((0x2 * ((uint64_t)x11 * x51)) + (((uint64_t)x13 * x49) + ((0x2 * ((uint64_t)x15 * x47)) + (((uint64_t)x17 * x45) + ((0x2 * ((uint64_t)x19 * x43)) + (((uint64_t)x21 * x41) + ((0x2 * ((uint64_t)x23 * x39)) + (((uint64_t)x25 * x37) + ((uint64_t)x27 * x35)))))))))))));
uint64_t x87 = (((uint64_t)x3 * x57) + ((0x2 * ((uint64_t)x5 * x55)) + ((0x2 * ((uint64_t)x7 * x53)) + ((0x2 * ((uint64_t)x9 * x51)) + ((0x2 * ((uint64_t)x11 * x49)) + ((0x2 * ((uint64_t)x13 * x47)) + ((0x2 * ((uint64_t)x15 * x45)) + ((0x2 * ((uint64_t)x17 * x43)) + ((0x2 * ((uint64_t)x19 * x41)) + ((0x2 * ((uint64_t)x21 * x39)) + ((0x2 * ((uint64_t)x23 * x37)) + ((uint64_t)x25 * x35))))))))))));
uint64_t x88 = (((uint64_t)x3 * x55) + (((uint64_t)x5 * x53) + ((0x2 * ((uint64_t)x7 * x51)) + (((uint64_t)x9 * x49) + ((0x2 * ((uint64_t)x11 * x47)) + (((uint64_t)x13 * x45) + ((0x2 * ((uint64_t)x15 * x43)) + (((uint64_t)x17 * x41) + ((0x2 * ((uint64_t)x19 * x39)) + (((uint64_t)x21 * x37) + ((uint64_t)x23 * x35)))))))))));
uint64_t x89 = (((uint64_t)x3 * x53) + ((0x2 * ((uint64_t)x5 * x51)) + ((0x2 * ((uint64_t)x7 * x49)) + ((0x2 * ((uint64_t)x9 * x47)) + ((0x2 * ((uint64_t)x11 * x45)) + ((0x2 * ((uint64_t)x13 * x43)) + ((0x2 * ((uint64_t)x15 * x41)) + ((0x2 * ((uint64_t)x17 * x39)) + ((0x2 * ((uint64_t)x19 * x37)) + ((uint64_t)x21 * x35))))))))));
uint64_t x90 = (((uint64_t)x3 * x51) + (((uint64_t)x5 * x49) + ((0x2 * ((uint64_t)x7 * x47)) + (((uint64_t)x9 * x45) + ((0x2 * ((uint64_t)x11 * x43)) + (((uint64_t)x13 * x41) + ((0x2 * ((uint64_t)x15 * x39)) + (((uint64_t)x17 * x37) + ((uint64_t)x19 * x35)))))))));
uint64_t x91 = (((uint64_t)x3 * x49) + ((0x2 * ((uint64_t)x5 * x47)) + ((0x2 * ((uint64_t)x7 * x45)) + ((0x2 * ((uint64_t)x9 * x43)) + ((0x2 * ((uint64_t)x11 * x41)) + ((0x2 * ((uint64_t)x13 * x39)) + ((0x2 * ((uint64_t)x15 * x37)) + ((uint64_t)x17 * x35))))))));
uint64_t x92 = (((uint64_t)x3 * x47) + (((uint64_t)x5 * x45) + ((0x2 * ((uint64_t)x7 * x43)) + (((uint64_t)x9 * x41) + ((0x2 * ((uint64_t)x11 * x39)) + (((uint64_t)x13 * x37) + ((uint64_t)x15 * x35)))))));
uint64_t x93 = (((uint64_t)x3 * x45) + ((0x2 * ((uint64_t)x5 * x43)) + ((0x2 * ((uint64_t)x7 * x41)) + ((0x2 * ((uint64_t)x9 * x39)) + ((0x2 * ((uint64_t)x11 * x37)) + ((uint64_t)x13 * x35))))));
uint64_t x94 = (((uint64_t)x3 * x43) + (((uint64_t)x5 * x41) + ((0x2 * ((uint64_t)x7 * x39)) + (((uint64_t)x9 * x37) + ((uint64_t)x11 * x35)))));
uint64_t x95 = (((uint64_t)x3 * x41) + ((0x2 * ((uint64_t)x5 * x39)) + ((0x2 * ((uint64_t)x7 * x37)) + ((uint64_t)x9 * x35))));
uint64_t x96 = (((uint64_t)x3 * x39) + (((uint64_t)x5 * x37) + ((uint64_t)x7 * x35)));
uint64_t x97 = (((uint64_t)x3 * x37) + ((uint64_t)x5 * x35));
uint64_t x98 = ((uint64_t)x3 * x35);
uint64_t x99 = (x83 + (0xbb * x66));
uint64_t x100 = (x84 + (0xbb * x67));
uint64_t x101 = (x85 + (0xbb * x68));
uint64_t x102 = (x86 + (0xbb * x69));
uint64_t x103 = (x87 + (0xbb * x70));
uint64_t x104 = (x88 + (0xbb * x71));
uint64_t x105 = (x89 + (0xbb * x72));
uint64_t x106 = (x90 + (0xbb * x73));
uint64_t x107 = (x91 + (0xbb * x74));
uint64_t x108 = (x92 + (0xbb * x75));
uint64_t x109 = (x93 + (0xbb * x76));
uint64_t x110 = (x94 + (0xbb * x77));
uint64_t x111 = (x95 + (0xbb * x78));
uint64_t x112 = (x96 + (0xbb * x79));
uint64_t x113 = (x97 + (0xbb * x80));
uint64_t x114 = (x98 + (0xbb * x81));
uint64_t x115 = (x114 >> 0x17);
uint32_t x116 = ((uint32_t)x114 & 0x7fffff);
uint64_t x117 = (x115 + x113);
uint64_t x118 = (x117 >> 0x17);
uint32_t x119 = ((uint32_t)x117 & 0x7fffff);
uint64_t x120 = (x118 + x112);
uint64_t x121 = (x120 >> 0x16);
uint32_t x122 = ((uint32_t)x120 & 0x3fffff);
uint64_t x123 = (x121 + x111);
uint64_t x124 = (x123 >> 0x17);
uint32_t x125 = ((uint32_t)x123 & 0x7fffff);
uint64_t x126 = (x124 + x110);
uint64_t x127 = (x126 >> 0x16);
uint32_t x128 = ((uint32_t)x126 & 0x3fffff);
uint64_t x129 = (x127 + x109);
uint64_t x130 = (x129 >> 0x17);
uint32_t x131 = ((uint32_t)x129 & 0x7fffff);
uint64_t x132 = (x130 + x108);
uint64_t x133 = (x132 >> 0x16);
uint32_t x134 = ((uint32_t)x132 & 0x3fffff);
uint64_t x135 = (x133 + x107);
uint64_t x136 = (x135 >> 0x17);
uint32_t x137 = ((uint32_t)x135 & 0x7fffff);
uint64_t x138 = (x136 + x106);
uint64_t x139 = (x138 >> 0x16);
uint32_t x140 = ((uint32_t)x138 & 0x3fffff);
uint64_t x141 = (x139 + x105);
uint64_t x142 = (x141 >> 0x17);
uint32_t x143 = ((uint32_t)x141 & 0x7fffff);
uint64_t x144 = (x142 + x104);
uint64_t x145 = (x144 >> 0x16);
uint32_t x146 = ((uint32_t)x144 & 0x3fffff);
uint64_t x147 = (x145 + x103);
uint64_t x148 = (x147 >> 0x17);
uint32_t x149 = ((uint32_t)x147 & 0x7fffff);
uint64_t x150 = (x148 + x102);
uint64_t x151 = (x150 >> 0x16);
uint32_t x152 = ((uint32_t)x150 & 0x3fffff);
uint64_t x153 = (x151 + x101);
uint64_t x154 = (x153 >> 0x17);
uint32_t x155 = ((uint32_t)x153 & 0x7fffff);
uint64_t x156 = (x154 + x100);
uint64_t x157 = (x156 >> 0x16);
uint32_t x158 = ((uint32_t)x156 & 0x3fffff);
uint64_t x159 = (x157 + x99);
uint64_t x160 = (x159 >> 0x17);
uint32_t x161 = ((uint32_t)x159 & 0x7fffff);
uint64_t x162 = (x160 + x82);
uint32_t x163 = (uint32_t) (x162 >> 0x16);
uint32_t x164 = ((uint32_t)x162 & 0x3fffff);
uint64_t x165 = (x116 + ((uint64_t)0xbb * x163));
uint32_t x166 = (uint32_t) (x165 >> 0x17);
uint32_t x167 = ((uint32_t)x165 & 0x7fffff);
uint32_t x168 = (x166 + x119);
uint32_t x169 = (x168 >> 0x17);
uint32_t x170 = (x168 & 0x7fffff);
return (Return x164, Return x161, Return x158, Return x155, Return x152, Return x149, Return x146, Return x143, Return x140, Return x137, Return x134, Return x131, Return x128, Return x125, (x169 + x122), Return x170, Return x167)
     : ∀ var : Z.Syntax.base_type → Type, expr Z.Syntax.base_type Z.Syntax.op (uint32_t * uint32_t * uint32_t * uint32_t * uint32_t * uint32_t * uint32_t * uint32_t * uint32_t * uint32_t * uint32_t * uint32_t * uint32_t * uint32_t * uint32_t * uint32_t * uint32_t * (uint32_t * uint32_t * uint32_t * uint32_t * uint32_t * uint32_t * uint32_t * uint32_t * uint32_t * uint32_t * uint32_t * uint32_t * uint32_t * uint32_t * uint32_t * uint32_t * uint32_t) -> uint32_t * uint32_t * uint32_t * uint32_t * uint32_t * uint32_t * uint32_t * uint32_t * uint32_t * uint32_t * uint32_t * uint32_t * uint32_t * uint32_t * uint32_t * uint32_t * uint32_t)

Argument scope is [function_scope]
