mul = λ var : Z.Syntax.base_type → Type,
λ '(x10, x11, x9, x7, x5, x3, (x20, x21, x19, x17, x15, x13))%core,
uint64_t x23, uint64_t x24 = mulx_u64(x3, x13);
uint64_t x26, uint64_t x27 = mulx_u64(x3, x15);
uint64_t x29, uint64_t x30 = mulx_u64(x3, x17);
uint64_t x32, uint64_t x33 = mulx_u64(x3, x19);
uint64_t x35, uint64_t x36 = mulx_u64(x3, x21);
uint64_t x38, uint64_t x39 = mulx_u64(x3, x20);
uint64_t x41, uint8_t x42 = addcarryx_u64(0x0, x24, x26);
uint64_t x44, uint8_t x45 = addcarryx_u64(x42, x27, x29);
uint64_t x47, uint8_t x48 = addcarryx_u64(x45, x30, x32);
uint64_t x50, uint8_t x51 = addcarryx_u64(x48, x33, x35);
uint64_t x53, uint8_t x54 = addcarryx_u64(x51, x36, x38);
uint64_t x56, uint8_t _ = addcarryx_u64(0x0, x54, x39);
uint64_t x59, uint64_t x60 = mulx_u64(x23, 0xffffffffffffffffL);
uint64_t x62, uint64_t x63 = mulx_u64(x23, 0xffffffffffffffffL);
uint64_t x65, uint64_t x66 = mulx_u64(x23, 0xffffffffffffffffL);
uint64_t x68, uint64_t x69 = mulx_u64(x23, 0xffffffffffffffffL);
uint64_t x71, uint64_t x72 = mulx_u64(x23, 0xffffffffffffffffL);
uint64_t x74, uint64_t x75 = mulx_u64(x23, 0xb0ffffffffffffffL);
uint64_t x77, uint8_t x78 = addcarryx_u64(0x0, x60, x62);
uint64_t x80, uint8_t x81 = addcarryx_u64(x78, x63, x65);
uint64_t x83, uint8_t x84 = addcarryx_u64(x81, x66, x68);
uint64_t x86, uint8_t x87 = addcarryx_u64(x84, x69, x71);
uint64_t x89, uint8_t x90 = addcarryx_u64(x87, x72, x74);
uint64_t x92, uint8_t _ = addcarryx_u64(0x0, x90, x75);
uint64_t _, uint8_t x96 = addcarryx_u64(0x0, x23, x59);
uint64_t x98, uint8_t x99 = addcarryx_u64(x96, x41, x77);
uint64_t x101, uint8_t x102 = addcarryx_u64(x99, x44, x80);
uint64_t x104, uint8_t x105 = addcarryx_u64(x102, x47, x83);
uint64_t x107, uint8_t x108 = addcarryx_u64(x105, x50, x86);
uint64_t x110, uint8_t x111 = addcarryx_u64(x108, x53, x89);
uint64_t x113, uint8_t x114 = addcarryx_u64(x111, x56, x92);
uint64_t x116, uint64_t x117 = mulx_u64(x5, x13);
uint64_t x119, uint64_t x120 = mulx_u64(x5, x15);
uint64_t x122, uint64_t x123 = mulx_u64(x5, x17);
uint64_t x125, uint64_t x126 = mulx_u64(x5, x19);
uint64_t x128, uint64_t x129 = mulx_u64(x5, x21);
uint64_t x131, uint64_t x132 = mulx_u64(x5, x20);
uint64_t x134, uint8_t x135 = addcarryx_u64(0x0, x117, x119);
uint64_t x137, uint8_t x138 = addcarryx_u64(x135, x120, x122);
uint64_t x140, uint8_t x141 = addcarryx_u64(x138, x123, x125);
uint64_t x143, uint8_t x144 = addcarryx_u64(x141, x126, x128);
uint64_t x146, uint8_t x147 = addcarryx_u64(x144, x129, x131);
uint64_t x149, uint8_t _ = addcarryx_u64(0x0, x147, x132);
uint64_t x152, uint8_t x153 = addcarryx_u64(0x0, x98, x116);
uint64_t x155, uint8_t x156 = addcarryx_u64(x153, x101, x134);
uint64_t x158, uint8_t x159 = addcarryx_u64(x156, x104, x137);
uint64_t x161, uint8_t x162 = addcarryx_u64(x159, x107, x140);
uint64_t x164, uint8_t x165 = addcarryx_u64(x162, x110, x143);
uint64_t x167, uint8_t x168 = addcarryx_u64(x165, x113, x146);
uint64_t x170, uint8_t x171 = addcarryx_u64(x168, x114, x149);
uint64_t x173, uint64_t x174 = mulx_u64(x152, 0xffffffffffffffffL);
uint64_t x176, uint64_t x177 = mulx_u64(x152, 0xffffffffffffffffL);
uint64_t x179, uint64_t x180 = mulx_u64(x152, 0xffffffffffffffffL);
uint64_t x182, uint64_t x183 = mulx_u64(x152, 0xffffffffffffffffL);
uint64_t x185, uint64_t x186 = mulx_u64(x152, 0xffffffffffffffffL);
uint64_t x188, uint64_t x189 = mulx_u64(x152, 0xb0ffffffffffffffL);
uint64_t x191, uint8_t x192 = addcarryx_u64(0x0, x174, x176);
uint64_t x194, uint8_t x195 = addcarryx_u64(x192, x177, x179);
uint64_t x197, uint8_t x198 = addcarryx_u64(x195, x180, x182);
uint64_t x200, uint8_t x201 = addcarryx_u64(x198, x183, x185);
uint64_t x203, uint8_t x204 = addcarryx_u64(x201, x186, x188);
uint64_t x206, uint8_t _ = addcarryx_u64(0x0, x204, x189);
uint64_t _, uint8_t x210 = addcarryx_u64(0x0, x152, x173);
uint64_t x212, uint8_t x213 = addcarryx_u64(x210, x155, x191);
uint64_t x215, uint8_t x216 = addcarryx_u64(x213, x158, x194);
uint64_t x218, uint8_t x219 = addcarryx_u64(x216, x161, x197);
uint64_t x221, uint8_t x222 = addcarryx_u64(x219, x164, x200);
uint64_t x224, uint8_t x225 = addcarryx_u64(x222, x167, x203);
uint64_t x227, uint8_t x228 = addcarryx_u64(x225, x170, x206);
uint8_t x229 = (x228 + x171);
uint64_t x231, uint64_t x232 = mulx_u64(x7, x13);
uint64_t x234, uint64_t x235 = mulx_u64(x7, x15);
uint64_t x237, uint64_t x238 = mulx_u64(x7, x17);
uint64_t x240, uint64_t x241 = mulx_u64(x7, x19);
uint64_t x243, uint64_t x244 = mulx_u64(x7, x21);
uint64_t x246, uint64_t x247 = mulx_u64(x7, x20);
uint64_t x249, uint8_t x250 = addcarryx_u64(0x0, x232, x234);
uint64_t x252, uint8_t x253 = addcarryx_u64(x250, x235, x237);
uint64_t x255, uint8_t x256 = addcarryx_u64(x253, x238, x240);
uint64_t x258, uint8_t x259 = addcarryx_u64(x256, x241, x243);
uint64_t x261, uint8_t x262 = addcarryx_u64(x259, x244, x246);
uint64_t x264, uint8_t _ = addcarryx_u64(0x0, x262, x247);
uint64_t x267, uint8_t x268 = addcarryx_u64(0x0, x212, x231);
uint64_t x270, uint8_t x271 = addcarryx_u64(x268, x215, x249);
uint64_t x273, uint8_t x274 = addcarryx_u64(x271, x218, x252);
uint64_t x276, uint8_t x277 = addcarryx_u64(x274, x221, x255);
uint64_t x279, uint8_t x280 = addcarryx_u64(x277, x224, x258);
uint64_t x282, uint8_t x283 = addcarryx_u64(x280, x227, x261);
uint64_t x285, uint8_t x286 = addcarryx_u64(x283, x229, x264);
uint64_t x288, uint64_t x289 = mulx_u64(x267, 0xffffffffffffffffL);
uint64_t x291, uint64_t x292 = mulx_u64(x267, 0xffffffffffffffffL);
uint64_t x294, uint64_t x295 = mulx_u64(x267, 0xffffffffffffffffL);
uint64_t x297, uint64_t x298 = mulx_u64(x267, 0xffffffffffffffffL);
uint64_t x300, uint64_t x301 = mulx_u64(x267, 0xffffffffffffffffL);
uint64_t x303, uint64_t x304 = mulx_u64(x267, 0xb0ffffffffffffffL);
uint64_t x306, uint8_t x307 = addcarryx_u64(0x0, x289, x291);
uint64_t x309, uint8_t x310 = addcarryx_u64(x307, x292, x294);
uint64_t x312, uint8_t x313 = addcarryx_u64(x310, x295, x297);
uint64_t x315, uint8_t x316 = addcarryx_u64(x313, x298, x300);
uint64_t x318, uint8_t x319 = addcarryx_u64(x316, x301, x303);
uint64_t x321, uint8_t _ = addcarryx_u64(0x0, x319, x304);
uint64_t _, uint8_t x325 = addcarryx_u64(0x0, x267, x288);
uint64_t x327, uint8_t x328 = addcarryx_u64(x325, x270, x306);
uint64_t x330, uint8_t x331 = addcarryx_u64(x328, x273, x309);
uint64_t x333, uint8_t x334 = addcarryx_u64(x331, x276, x312);
uint64_t x336, uint8_t x337 = addcarryx_u64(x334, x279, x315);
uint64_t x339, uint8_t x340 = addcarryx_u64(x337, x282, x318);
uint64_t x342, uint8_t x343 = addcarryx_u64(x340, x285, x321);
uint8_t x344 = (x343 + x286);
uint64_t x346, uint64_t x347 = mulx_u64(x9, x13);
uint64_t x349, uint64_t x350 = mulx_u64(x9, x15);
uint64_t x352, uint64_t x353 = mulx_u64(x9, x17);
uint64_t x355, uint64_t x356 = mulx_u64(x9, x19);
uint64_t x358, uint64_t x359 = mulx_u64(x9, x21);
uint64_t x361, uint64_t x362 = mulx_u64(x9, x20);
uint64_t x364, uint8_t x365 = addcarryx_u64(0x0, x347, x349);
uint64_t x367, uint8_t x368 = addcarryx_u64(x365, x350, x352);
uint64_t x370, uint8_t x371 = addcarryx_u64(x368, x353, x355);
uint64_t x373, uint8_t x374 = addcarryx_u64(x371, x356, x358);
uint64_t x376, uint8_t x377 = addcarryx_u64(x374, x359, x361);
uint64_t x379, uint8_t _ = addcarryx_u64(0x0, x377, x362);
uint64_t x382, uint8_t x383 = addcarryx_u64(0x0, x327, x346);
uint64_t x385, uint8_t x386 = addcarryx_u64(x383, x330, x364);
uint64_t x388, uint8_t x389 = addcarryx_u64(x386, x333, x367);
uint64_t x391, uint8_t x392 = addcarryx_u64(x389, x336, x370);
uint64_t x394, uint8_t x395 = addcarryx_u64(x392, x339, x373);
uint64_t x397, uint8_t x398 = addcarryx_u64(x395, x342, x376);
uint64_t x400, uint8_t x401 = addcarryx_u64(x398, x344, x379);
uint64_t x403, uint64_t x404 = mulx_u64(x382, 0xffffffffffffffffL);
uint64_t x406, uint64_t x407 = mulx_u64(x382, 0xffffffffffffffffL);
uint64_t x409, uint64_t x410 = mulx_u64(x382, 0xffffffffffffffffL);
uint64_t x412, uint64_t x413 = mulx_u64(x382, 0xffffffffffffffffL);
uint64_t x415, uint64_t x416 = mulx_u64(x382, 0xffffffffffffffffL);
uint64_t x418, uint64_t x419 = mulx_u64(x382, 0xb0ffffffffffffffL);
uint64_t x421, uint8_t x422 = addcarryx_u64(0x0, x404, x406);
uint64_t x424, uint8_t x425 = addcarryx_u64(x422, x407, x409);
uint64_t x427, uint8_t x428 = addcarryx_u64(x425, x410, x412);
uint64_t x430, uint8_t x431 = addcarryx_u64(x428, x413, x415);
uint64_t x433, uint8_t x434 = addcarryx_u64(x431, x416, x418);
uint64_t x436, uint8_t _ = addcarryx_u64(0x0, x434, x419);
uint64_t _, uint8_t x440 = addcarryx_u64(0x0, x382, x403);
uint64_t x442, uint8_t x443 = addcarryx_u64(x440, x385, x421);
uint64_t x445, uint8_t x446 = addcarryx_u64(x443, x388, x424);
uint64_t x448, uint8_t x449 = addcarryx_u64(x446, x391, x427);
uint64_t x451, uint8_t x452 = addcarryx_u64(x449, x394, x430);
uint64_t x454, uint8_t x455 = addcarryx_u64(x452, x397, x433);
uint64_t x457, uint8_t x458 = addcarryx_u64(x455, x400, x436);
uint8_t x459 = (x458 + x401);
uint64_t x461, uint64_t x462 = mulx_u64(x11, x13);
uint64_t x464, uint64_t x465 = mulx_u64(x11, x15);
uint64_t x467, uint64_t x468 = mulx_u64(x11, x17);
uint64_t x470, uint64_t x471 = mulx_u64(x11, x19);
uint64_t x473, uint64_t x474 = mulx_u64(x11, x21);
uint64_t x476, uint64_t x477 = mulx_u64(x11, x20);
uint64_t x479, uint8_t x480 = addcarryx_u64(0x0, x462, x464);
uint64_t x482, uint8_t x483 = addcarryx_u64(x480, x465, x467);
uint64_t x485, uint8_t x486 = addcarryx_u64(x483, x468, x470);
uint64_t x488, uint8_t x489 = addcarryx_u64(x486, x471, x473);
uint64_t x491, uint8_t x492 = addcarryx_u64(x489, x474, x476);
uint64_t x494, uint8_t _ = addcarryx_u64(0x0, x492, x477);
uint64_t x497, uint8_t x498 = addcarryx_u64(0x0, x442, x461);
uint64_t x500, uint8_t x501 = addcarryx_u64(x498, x445, x479);
uint64_t x503, uint8_t x504 = addcarryx_u64(x501, x448, x482);
uint64_t x506, uint8_t x507 = addcarryx_u64(x504, x451, x485);
uint64_t x509, uint8_t x510 = addcarryx_u64(x507, x454, x488);
uint64_t x512, uint8_t x513 = addcarryx_u64(x510, x457, x491);
uint64_t x515, uint8_t x516 = addcarryx_u64(x513, x459, x494);
uint64_t x518, uint64_t x519 = mulx_u64(x497, 0xffffffffffffffffL);
uint64_t x521, uint64_t x522 = mulx_u64(x497, 0xffffffffffffffffL);
uint64_t x524, uint64_t x525 = mulx_u64(x497, 0xffffffffffffffffL);
uint64_t x527, uint64_t x528 = mulx_u64(x497, 0xffffffffffffffffL);
uint64_t x530, uint64_t x531 = mulx_u64(x497, 0xffffffffffffffffL);
uint64_t x533, uint64_t x534 = mulx_u64(x497, 0xb0ffffffffffffffL);
uint64_t x536, uint8_t x537 = addcarryx_u64(0x0, x519, x521);
uint64_t x539, uint8_t x540 = addcarryx_u64(x537, x522, x524);
uint64_t x542, uint8_t x543 = addcarryx_u64(x540, x525, x527);
uint64_t x545, uint8_t x546 = addcarryx_u64(x543, x528, x530);
uint64_t x548, uint8_t x549 = addcarryx_u64(x546, x531, x533);
uint64_t x551, uint8_t _ = addcarryx_u64(0x0, x549, x534);
uint64_t _, uint8_t x555 = addcarryx_u64(0x0, x497, x518);
uint64_t x557, uint8_t x558 = addcarryx_u64(x555, x500, x536);
uint64_t x560, uint8_t x561 = addcarryx_u64(x558, x503, x539);
uint64_t x563, uint8_t x564 = addcarryx_u64(x561, x506, x542);
uint64_t x566, uint8_t x567 = addcarryx_u64(x564, x509, x545);
uint64_t x569, uint8_t x570 = addcarryx_u64(x567, x512, x548);
uint64_t x572, uint8_t x573 = addcarryx_u64(x570, x515, x551);
uint8_t x574 = (x573 + x516);
uint64_t x576, uint64_t x577 = mulx_u64(x10, x13);
uint64_t x579, uint64_t x580 = mulx_u64(x10, x15);
uint64_t x582, uint64_t x583 = mulx_u64(x10, x17);
uint64_t x585, uint64_t x586 = mulx_u64(x10, x19);
uint64_t x588, uint64_t x589 = mulx_u64(x10, x21);
uint64_t x591, uint64_t x592 = mulx_u64(x10, x20);
uint64_t x594, uint8_t x595 = addcarryx_u64(0x0, x577, x579);
uint64_t x597, uint8_t x598 = addcarryx_u64(x595, x580, x582);
uint64_t x600, uint8_t x601 = addcarryx_u64(x598, x583, x585);
uint64_t x603, uint8_t x604 = addcarryx_u64(x601, x586, x588);
uint64_t x606, uint8_t x607 = addcarryx_u64(x604, x589, x591);
uint64_t x609, uint8_t _ = addcarryx_u64(0x0, x607, x592);
uint64_t x612, uint8_t x613 = addcarryx_u64(0x0, x557, x576);
uint64_t x615, uint8_t x616 = addcarryx_u64(x613, x560, x594);
uint64_t x618, uint8_t x619 = addcarryx_u64(x616, x563, x597);
uint64_t x621, uint8_t x622 = addcarryx_u64(x619, x566, x600);
uint64_t x624, uint8_t x625 = addcarryx_u64(x622, x569, x603);
uint64_t x627, uint8_t x628 = addcarryx_u64(x625, x572, x606);
uint64_t x630, uint8_t x631 = addcarryx_u64(x628, x574, x609);
uint64_t x633, uint64_t x634 = mulx_u64(x612, 0xffffffffffffffffL);
uint64_t x636, uint64_t x637 = mulx_u64(x612, 0xffffffffffffffffL);
uint64_t x639, uint64_t x640 = mulx_u64(x612, 0xffffffffffffffffL);
uint64_t x642, uint64_t x643 = mulx_u64(x612, 0xffffffffffffffffL);
uint64_t x645, uint64_t x646 = mulx_u64(x612, 0xffffffffffffffffL);
uint64_t x648, uint64_t x649 = mulx_u64(x612, 0xb0ffffffffffffffL);
uint64_t x651, uint8_t x652 = addcarryx_u64(0x0, x634, x636);
uint64_t x654, uint8_t x655 = addcarryx_u64(x652, x637, x639);
uint64_t x657, uint8_t x658 = addcarryx_u64(x655, x640, x642);
uint64_t x660, uint8_t x661 = addcarryx_u64(x658, x643, x645);
uint64_t x663, uint8_t x664 = addcarryx_u64(x661, x646, x648);
uint64_t x666, uint8_t _ = addcarryx_u64(0x0, x664, x649);
uint64_t _, uint8_t x670 = addcarryx_u64(0x0, x612, x633);
uint64_t x672, uint8_t x673 = addcarryx_u64(x670, x615, x651);
uint64_t x675, uint8_t x676 = addcarryx_u64(x673, x618, x654);
uint64_t x678, uint8_t x679 = addcarryx_u64(x676, x621, x657);
uint64_t x681, uint8_t x682 = addcarryx_u64(x679, x624, x660);
uint64_t x684, uint8_t x685 = addcarryx_u64(x682, x627, x663);
uint64_t x687, uint8_t x688 = addcarryx_u64(x685, x630, x666);
uint8_t x689 = (x688 + x631);
uint64_t x691, uint8_t x692 = subborrow_u64(0x0, x672, 0xffffffffffffffffL);
uint64_t x694, uint8_t x695 = subborrow_u64(x692, x675, 0xffffffffffffffffL);
uint64_t x697, uint8_t x698 = subborrow_u64(x695, x678, 0xffffffffffffffffL);
uint64_t x700, uint8_t x701 = subborrow_u64(x698, x681, 0xffffffffffffffffL);
uint64_t x703, uint8_t x704 = subborrow_u64(x701, x684, 0xffffffffffffffffL);
uint64_t x706, uint8_t x707 = subborrow_u64(x704, x687, 0xb0ffffffffffffffL);
uint64_t _, uint8_t x710 = subborrow_u64(x707, x689, 0x0);
(cmovznz64(x710, x706, x687), cmovznz64(x710, x703, x684), cmovznz64(x710, x700, x681), cmovznz64(x710, x697, x678), cmovznz64(x710, x694, x675), cmovznz64(x710, x691, x672))
     : ∀ var : Z.Syntax.base_type → Type, expr Z.Syntax.base_type Z.Syntax.op (uint64_t * uint64_t * uint64_t * uint64_t * uint64_t * uint64_t * (uint64_t * uint64_t * uint64_t * uint64_t * uint64_t * uint64_t) -> uint64_t * uint64_t * uint64_t * uint64_t * uint64_t * uint64_t)

Argument scope is [function_scope]
