mul = λ var : Z.Syntax.base_type → Type,
λ '(x10, x11, x9, x7, x5, x3, (x20, x21, x19, x17, x15, x13))%core,
uint32_t x23, uint32_t x24 = mulx_u32(x3, x13);
uint32_t x26, uint32_t x27 = mulx_u32(x3, x15);
uint32_t x29, uint32_t x30 = mulx_u32(x3, x17);
uint32_t x32, uint32_t x33 = mulx_u32(x3, x19);
uint32_t x35, uint32_t x36 = mulx_u32(x3, x21);
uint32_t x38, uint32_t x39 = mulx_u32(x3, x20);
uint32_t x41, uint8_t x42 = addcarryx_u32(0x0, x24, x26);
uint32_t x44, uint8_t x45 = addcarryx_u32(x42, x27, x29);
uint32_t x47, uint8_t x48 = addcarryx_u32(x45, x30, x32);
uint32_t x50, uint8_t x51 = addcarryx_u32(x48, x33, x35);
uint32_t x53, uint8_t x54 = addcarryx_u32(x51, x36, x38);
uint32_t x56, uint8_t _ = addcarryx_u32(0x0, x54, x39);
uint32_t x59, uint32_t _ = mulx_u32(x23, 0xc28f5c29);
uint32_t x62, uint32_t x63 = mulx_u32(x59, 0xffffffe7);
uint32_t x65, uint32_t x66 = mulx_u32(x59, 0xffffffff);
uint32_t x68, uint32_t x69 = mulx_u32(x59, 0xffffffff);
uint32_t x71, uint32_t x72 = mulx_u32(x59, 0xffffffff);
uint32_t x74, uint32_t x75 = mulx_u32(x59, 0xffffffff);
uint32_t x77, uint32_t x78 = mulx_u32(x59, 0x1fffffff);
uint32_t x80, uint8_t x81 = addcarryx_u32(0x0, x63, x65);
uint32_t x83, uint8_t x84 = addcarryx_u32(x81, x66, x68);
uint32_t x86, uint8_t x87 = addcarryx_u32(x84, x69, x71);
uint32_t x89, uint8_t x90 = addcarryx_u32(x87, x72, x74);
uint32_t x92, uint8_t x93 = addcarryx_u32(x90, x75, x77);
uint32_t x95, uint8_t _ = addcarryx_u32(0x0, x93, x78);
uint32_t _, uint8_t x99 = addcarryx_u32(0x0, x23, x62);
uint32_t x101, uint8_t x102 = addcarryx_u32(x99, x41, x80);
uint32_t x104, uint8_t x105 = addcarryx_u32(x102, x44, x83);
uint32_t x107, uint8_t x108 = addcarryx_u32(x105, x47, x86);
uint32_t x110, uint8_t x111 = addcarryx_u32(x108, x50, x89);
uint32_t x113, uint8_t x114 = addcarryx_u32(x111, x53, x92);
uint32_t x116, uint8_t x117 = addcarryx_u32(x114, x56, x95);
uint32_t x119, uint32_t x120 = mulx_u32(x5, x13);
uint32_t x122, uint32_t x123 = mulx_u32(x5, x15);
uint32_t x125, uint32_t x126 = mulx_u32(x5, x17);
uint32_t x128, uint32_t x129 = mulx_u32(x5, x19);
uint32_t x131, uint32_t x132 = mulx_u32(x5, x21);
uint32_t x134, uint32_t x135 = mulx_u32(x5, x20);
uint32_t x137, uint8_t x138 = addcarryx_u32(0x0, x120, x122);
uint32_t x140, uint8_t x141 = addcarryx_u32(x138, x123, x125);
uint32_t x143, uint8_t x144 = addcarryx_u32(x141, x126, x128);
uint32_t x146, uint8_t x147 = addcarryx_u32(x144, x129, x131);
uint32_t x149, uint8_t x150 = addcarryx_u32(x147, x132, x134);
uint32_t x152, uint8_t _ = addcarryx_u32(0x0, x150, x135);
uint32_t x155, uint8_t x156 = addcarryx_u32(0x0, x101, x119);
uint32_t x158, uint8_t x159 = addcarryx_u32(x156, x104, x137);
uint32_t x161, uint8_t x162 = addcarryx_u32(x159, x107, x140);
uint32_t x164, uint8_t x165 = addcarryx_u32(x162, x110, x143);
uint32_t x167, uint8_t x168 = addcarryx_u32(x165, x113, x146);
uint32_t x170, uint8_t x171 = addcarryx_u32(x168, x116, x149);
uint32_t x173, uint8_t x174 = addcarryx_u32(x171, x117, x152);
uint32_t x176, uint32_t _ = mulx_u32(x155, 0xc28f5c29);
uint32_t x179, uint32_t x180 = mulx_u32(x176, 0xffffffe7);
uint32_t x182, uint32_t x183 = mulx_u32(x176, 0xffffffff);
uint32_t x185, uint32_t x186 = mulx_u32(x176, 0xffffffff);
uint32_t x188, uint32_t x189 = mulx_u32(x176, 0xffffffff);
uint32_t x191, uint32_t x192 = mulx_u32(x176, 0xffffffff);
uint32_t x194, uint32_t x195 = mulx_u32(x176, 0x1fffffff);
uint32_t x197, uint8_t x198 = addcarryx_u32(0x0, x180, x182);
uint32_t x200, uint8_t x201 = addcarryx_u32(x198, x183, x185);
uint32_t x203, uint8_t x204 = addcarryx_u32(x201, x186, x188);
uint32_t x206, uint8_t x207 = addcarryx_u32(x204, x189, x191);
uint32_t x209, uint8_t x210 = addcarryx_u32(x207, x192, x194);
uint32_t x212, uint8_t _ = addcarryx_u32(0x0, x210, x195);
uint32_t _, uint8_t x216 = addcarryx_u32(0x0, x155, x179);
uint32_t x218, uint8_t x219 = addcarryx_u32(x216, x158, x197);
uint32_t x221, uint8_t x222 = addcarryx_u32(x219, x161, x200);
uint32_t x224, uint8_t x225 = addcarryx_u32(x222, x164, x203);
uint32_t x227, uint8_t x228 = addcarryx_u32(x225, x167, x206);
uint32_t x230, uint8_t x231 = addcarryx_u32(x228, x170, x209);
uint32_t x233, uint8_t x234 = addcarryx_u32(x231, x173, x212);
uint8_t x235 = (x234 + x174);
uint32_t x237, uint32_t x238 = mulx_u32(x7, x13);
uint32_t x240, uint32_t x241 = mulx_u32(x7, x15);
uint32_t x243, uint32_t x244 = mulx_u32(x7, x17);
uint32_t x246, uint32_t x247 = mulx_u32(x7, x19);
uint32_t x249, uint32_t x250 = mulx_u32(x7, x21);
uint32_t x252, uint32_t x253 = mulx_u32(x7, x20);
uint32_t x255, uint8_t x256 = addcarryx_u32(0x0, x238, x240);
uint32_t x258, uint8_t x259 = addcarryx_u32(x256, x241, x243);
uint32_t x261, uint8_t x262 = addcarryx_u32(x259, x244, x246);
uint32_t x264, uint8_t x265 = addcarryx_u32(x262, x247, x249);
uint32_t x267, uint8_t x268 = addcarryx_u32(x265, x250, x252);
uint32_t x270, uint8_t _ = addcarryx_u32(0x0, x268, x253);
uint32_t x273, uint8_t x274 = addcarryx_u32(0x0, x218, x237);
uint32_t x276, uint8_t x277 = addcarryx_u32(x274, x221, x255);
uint32_t x279, uint8_t x280 = addcarryx_u32(x277, x224, x258);
uint32_t x282, uint8_t x283 = addcarryx_u32(x280, x227, x261);
uint32_t x285, uint8_t x286 = addcarryx_u32(x283, x230, x264);
uint32_t x288, uint8_t x289 = addcarryx_u32(x286, x233, x267);
uint32_t x291, uint8_t x292 = addcarryx_u32(x289, x235, x270);
uint32_t x294, uint32_t _ = mulx_u32(x273, 0xc28f5c29);
uint32_t x297, uint32_t x298 = mulx_u32(x294, 0xffffffe7);
uint32_t x300, uint32_t x301 = mulx_u32(x294, 0xffffffff);
uint32_t x303, uint32_t x304 = mulx_u32(x294, 0xffffffff);
uint32_t x306, uint32_t x307 = mulx_u32(x294, 0xffffffff);
uint32_t x309, uint32_t x310 = mulx_u32(x294, 0xffffffff);
uint32_t x312, uint32_t x313 = mulx_u32(x294, 0x1fffffff);
uint32_t x315, uint8_t x316 = addcarryx_u32(0x0, x298, x300);
uint32_t x318, uint8_t x319 = addcarryx_u32(x316, x301, x303);
uint32_t x321, uint8_t x322 = addcarryx_u32(x319, x304, x306);
uint32_t x324, uint8_t x325 = addcarryx_u32(x322, x307, x309);
uint32_t x327, uint8_t x328 = addcarryx_u32(x325, x310, x312);
uint32_t x330, uint8_t _ = addcarryx_u32(0x0, x328, x313);
uint32_t _, uint8_t x334 = addcarryx_u32(0x0, x273, x297);
uint32_t x336, uint8_t x337 = addcarryx_u32(x334, x276, x315);
uint32_t x339, uint8_t x340 = addcarryx_u32(x337, x279, x318);
uint32_t x342, uint8_t x343 = addcarryx_u32(x340, x282, x321);
uint32_t x345, uint8_t x346 = addcarryx_u32(x343, x285, x324);
uint32_t x348, uint8_t x349 = addcarryx_u32(x346, x288, x327);
uint32_t x351, uint8_t x352 = addcarryx_u32(x349, x291, x330);
uint8_t x353 = (x352 + x292);
uint32_t x355, uint32_t x356 = mulx_u32(x9, x13);
uint32_t x358, uint32_t x359 = mulx_u32(x9, x15);
uint32_t x361, uint32_t x362 = mulx_u32(x9, x17);
uint32_t x364, uint32_t x365 = mulx_u32(x9, x19);
uint32_t x367, uint32_t x368 = mulx_u32(x9, x21);
uint32_t x370, uint32_t x371 = mulx_u32(x9, x20);
uint32_t x373, uint8_t x374 = addcarryx_u32(0x0, x356, x358);
uint32_t x376, uint8_t x377 = addcarryx_u32(x374, x359, x361);
uint32_t x379, uint8_t x380 = addcarryx_u32(x377, x362, x364);
uint32_t x382, uint8_t x383 = addcarryx_u32(x380, x365, x367);
uint32_t x385, uint8_t x386 = addcarryx_u32(x383, x368, x370);
uint32_t x388, uint8_t _ = addcarryx_u32(0x0, x386, x371);
uint32_t x391, uint8_t x392 = addcarryx_u32(0x0, x336, x355);
uint32_t x394, uint8_t x395 = addcarryx_u32(x392, x339, x373);
uint32_t x397, uint8_t x398 = addcarryx_u32(x395, x342, x376);
uint32_t x400, uint8_t x401 = addcarryx_u32(x398, x345, x379);
uint32_t x403, uint8_t x404 = addcarryx_u32(x401, x348, x382);
uint32_t x406, uint8_t x407 = addcarryx_u32(x404, x351, x385);
uint32_t x409, uint8_t x410 = addcarryx_u32(x407, x353, x388);
uint32_t x412, uint32_t _ = mulx_u32(x391, 0xc28f5c29);
uint32_t x415, uint32_t x416 = mulx_u32(x412, 0xffffffe7);
uint32_t x418, uint32_t x419 = mulx_u32(x412, 0xffffffff);
uint32_t x421, uint32_t x422 = mulx_u32(x412, 0xffffffff);
uint32_t x424, uint32_t x425 = mulx_u32(x412, 0xffffffff);
uint32_t x427, uint32_t x428 = mulx_u32(x412, 0xffffffff);
uint32_t x430, uint32_t x431 = mulx_u32(x412, 0x1fffffff);
uint32_t x433, uint8_t x434 = addcarryx_u32(0x0, x416, x418);
uint32_t x436, uint8_t x437 = addcarryx_u32(x434, x419, x421);
uint32_t x439, uint8_t x440 = addcarryx_u32(x437, x422, x424);
uint32_t x442, uint8_t x443 = addcarryx_u32(x440, x425, x427);
uint32_t x445, uint8_t x446 = addcarryx_u32(x443, x428, x430);
uint32_t x448, uint8_t _ = addcarryx_u32(0x0, x446, x431);
uint32_t _, uint8_t x452 = addcarryx_u32(0x0, x391, x415);
uint32_t x454, uint8_t x455 = addcarryx_u32(x452, x394, x433);
uint32_t x457, uint8_t x458 = addcarryx_u32(x455, x397, x436);
uint32_t x460, uint8_t x461 = addcarryx_u32(x458, x400, x439);
uint32_t x463, uint8_t x464 = addcarryx_u32(x461, x403, x442);
uint32_t x466, uint8_t x467 = addcarryx_u32(x464, x406, x445);
uint32_t x469, uint8_t x470 = addcarryx_u32(x467, x409, x448);
uint8_t x471 = (x470 + x410);
uint32_t x473, uint32_t x474 = mulx_u32(x11, x13);
uint32_t x476, uint32_t x477 = mulx_u32(x11, x15);
uint32_t x479, uint32_t x480 = mulx_u32(x11, x17);
uint32_t x482, uint32_t x483 = mulx_u32(x11, x19);
uint32_t x485, uint32_t x486 = mulx_u32(x11, x21);
uint32_t x488, uint32_t x489 = mulx_u32(x11, x20);
uint32_t x491, uint8_t x492 = addcarryx_u32(0x0, x474, x476);
uint32_t x494, uint8_t x495 = addcarryx_u32(x492, x477, x479);
uint32_t x497, uint8_t x498 = addcarryx_u32(x495, x480, x482);
uint32_t x500, uint8_t x501 = addcarryx_u32(x498, x483, x485);
uint32_t x503, uint8_t x504 = addcarryx_u32(x501, x486, x488);
uint32_t x506, uint8_t _ = addcarryx_u32(0x0, x504, x489);
uint32_t x509, uint8_t x510 = addcarryx_u32(0x0, x454, x473);
uint32_t x512, uint8_t x513 = addcarryx_u32(x510, x457, x491);
uint32_t x515, uint8_t x516 = addcarryx_u32(x513, x460, x494);
uint32_t x518, uint8_t x519 = addcarryx_u32(x516, x463, x497);
uint32_t x521, uint8_t x522 = addcarryx_u32(x519, x466, x500);
uint32_t x524, uint8_t x525 = addcarryx_u32(x522, x469, x503);
uint32_t x527, uint8_t x528 = addcarryx_u32(x525, x471, x506);
uint32_t x530, uint32_t _ = mulx_u32(x509, 0xc28f5c29);
uint32_t x533, uint32_t x534 = mulx_u32(x530, 0xffffffe7);
uint32_t x536, uint32_t x537 = mulx_u32(x530, 0xffffffff);
uint32_t x539, uint32_t x540 = mulx_u32(x530, 0xffffffff);
uint32_t x542, uint32_t x543 = mulx_u32(x530, 0xffffffff);
uint32_t x545, uint32_t x546 = mulx_u32(x530, 0xffffffff);
uint32_t x548, uint32_t x549 = mulx_u32(x530, 0x1fffffff);
uint32_t x551, uint8_t x552 = addcarryx_u32(0x0, x534, x536);
uint32_t x554, uint8_t x555 = addcarryx_u32(x552, x537, x539);
uint32_t x557, uint8_t x558 = addcarryx_u32(x555, x540, x542);
uint32_t x560, uint8_t x561 = addcarryx_u32(x558, x543, x545);
uint32_t x563, uint8_t x564 = addcarryx_u32(x561, x546, x548);
uint32_t x566, uint8_t _ = addcarryx_u32(0x0, x564, x549);
uint32_t _, uint8_t x570 = addcarryx_u32(0x0, x509, x533);
uint32_t x572, uint8_t x573 = addcarryx_u32(x570, x512, x551);
uint32_t x575, uint8_t x576 = addcarryx_u32(x573, x515, x554);
uint32_t x578, uint8_t x579 = addcarryx_u32(x576, x518, x557);
uint32_t x581, uint8_t x582 = addcarryx_u32(x579, x521, x560);
uint32_t x584, uint8_t x585 = addcarryx_u32(x582, x524, x563);
uint32_t x587, uint8_t x588 = addcarryx_u32(x585, x527, x566);
uint8_t x589 = (x588 + x528);
uint32_t x591, uint32_t x592 = mulx_u32(x10, x13);
uint32_t x594, uint32_t x595 = mulx_u32(x10, x15);
uint32_t x597, uint32_t x598 = mulx_u32(x10, x17);
uint32_t x600, uint32_t x601 = mulx_u32(x10, x19);
uint32_t x603, uint32_t x604 = mulx_u32(x10, x21);
uint32_t x606, uint32_t x607 = mulx_u32(x10, x20);
uint32_t x609, uint8_t x610 = addcarryx_u32(0x0, x592, x594);
uint32_t x612, uint8_t x613 = addcarryx_u32(x610, x595, x597);
uint32_t x615, uint8_t x616 = addcarryx_u32(x613, x598, x600);
uint32_t x618, uint8_t x619 = addcarryx_u32(x616, x601, x603);
uint32_t x621, uint8_t x622 = addcarryx_u32(x619, x604, x606);
uint32_t x624, uint8_t _ = addcarryx_u32(0x0, x622, x607);
uint32_t x627, uint8_t x628 = addcarryx_u32(0x0, x572, x591);
uint32_t x630, uint8_t x631 = addcarryx_u32(x628, x575, x609);
uint32_t x633, uint8_t x634 = addcarryx_u32(x631, x578, x612);
uint32_t x636, uint8_t x637 = addcarryx_u32(x634, x581, x615);
uint32_t x639, uint8_t x640 = addcarryx_u32(x637, x584, x618);
uint32_t x642, uint8_t x643 = addcarryx_u32(x640, x587, x621);
uint32_t x645, uint8_t x646 = addcarryx_u32(x643, x589, x624);
uint32_t x648, uint32_t _ = mulx_u32(x627, 0xc28f5c29);
uint32_t x651, uint32_t x652 = mulx_u32(x648, 0xffffffe7);
uint32_t x654, uint32_t x655 = mulx_u32(x648, 0xffffffff);
uint32_t x657, uint32_t x658 = mulx_u32(x648, 0xffffffff);
uint32_t x660, uint32_t x661 = mulx_u32(x648, 0xffffffff);
uint32_t x663, uint32_t x664 = mulx_u32(x648, 0xffffffff);
uint32_t x666, uint32_t x667 = mulx_u32(x648, 0x1fffffff);
uint32_t x669, uint8_t x670 = addcarryx_u32(0x0, x652, x654);
uint32_t x672, uint8_t x673 = addcarryx_u32(x670, x655, x657);
uint32_t x675, uint8_t x676 = addcarryx_u32(x673, x658, x660);
uint32_t x678, uint8_t x679 = addcarryx_u32(x676, x661, x663);
uint32_t x681, uint8_t x682 = addcarryx_u32(x679, x664, x666);
uint32_t x684, uint8_t _ = addcarryx_u32(0x0, x682, x667);
uint32_t _, uint8_t x688 = addcarryx_u32(0x0, x627, x651);
uint32_t x690, uint8_t x691 = addcarryx_u32(x688, x630, x669);
uint32_t x693, uint8_t x694 = addcarryx_u32(x691, x633, x672);
uint32_t x696, uint8_t x697 = addcarryx_u32(x694, x636, x675);
uint32_t x699, uint8_t x700 = addcarryx_u32(x697, x639, x678);
uint32_t x702, uint8_t x703 = addcarryx_u32(x700, x642, x681);
uint32_t x705, uint8_t x706 = addcarryx_u32(x703, x645, x684);
uint8_t x707 = (x706 + x646);
uint32_t x709, uint8_t x710 = subborrow_u32(0x0, x690, 0xffffffe7);
uint32_t x712, uint8_t x713 = subborrow_u32(x710, x693, 0xffffffff);
uint32_t x715, uint8_t x716 = subborrow_u32(x713, x696, 0xffffffff);
uint32_t x718, uint8_t x719 = subborrow_u32(x716, x699, 0xffffffff);
uint32_t x721, uint8_t x722 = subborrow_u32(x719, x702, 0xffffffff);
uint32_t x724, uint8_t x725 = subborrow_u32(x722, x705, 0x1fffffff);
uint32_t _, uint8_t x728 = subborrow_u32(x725, x707, 0x0);
(cmovznz32(x728, x724, x705), cmovznz32(x728, x721, x702), cmovznz32(x728, x718, x699), cmovznz32(x728, x715, x696), cmovznz32(x728, x712, x693), cmovznz32(x728, x709, x690))
     : ∀ var : Z.Syntax.base_type → Type, expr Z.Syntax.base_type Z.Syntax.op (uint32_t * uint32_t * uint32_t * uint32_t * uint32_t * uint32_t * (uint32_t * uint32_t * uint32_t * uint32_t * uint32_t * uint32_t) -> uint32_t * uint32_t * uint32_t * uint32_t * uint32_t * uint32_t)

Argument scope is [function_scope]
