mul = λ var : Z.Syntax.base_type → Type,
λ '(x18, x19, x17, x15, x13, x11, x9, x7, x5, x3, (x36, x37, x35, x33, x31, x29, x27, x25, x23, x21))%core,
uint64_t x38 = ((uint64_t)x21 * x3);
uint64_t x39 = (((uint64_t)x21 * x5) + ((uint64_t)x23 * x3));
uint64_t x40 = ((((uint64_t)(0x2 * x23) * x5) + ((uint64_t)x21 * x7)) + ((uint64_t)x25 * x3));
uint64_t x41 = (((((uint64_t)x23 * x7) + ((uint64_t)x25 * x5)) + ((uint64_t)x21 * x9)) + ((uint64_t)x27 * x3));
uint64_t x42 = (((((uint64_t)x25 * x7) + (0x2 * (((uint64_t)x23 * x9) + ((uint64_t)x27 * x5)))) + ((uint64_t)x21 * x11)) + ((uint64_t)x29 * x3));
uint64_t x43 = (((((((uint64_t)x25 * x9) + ((uint64_t)x27 * x7)) + ((uint64_t)x23 * x11)) + ((uint64_t)x29 * x5)) + ((uint64_t)x21 * x13)) + ((uint64_t)x31 * x3));
uint64_t x44 = (((((0x2 * ((((uint64_t)x27 * x9) + ((uint64_t)x23 * x13)) + ((uint64_t)x31 * x5))) + ((uint64_t)x25 * x11)) + ((uint64_t)x29 * x7)) + ((uint64_t)x21 * x15)) + ((uint64_t)x33 * x3));
uint64_t x45 = (((((((((uint64_t)x27 * x11) + ((uint64_t)x29 * x9)) + ((uint64_t)x25 * x13)) + ((uint64_t)x31 * x7)) + ((uint64_t)x23 * x15)) + ((uint64_t)x33 * x5)) + ((uint64_t)x21 * x17)) + ((uint64_t)x35 * x3));
uint64_t x46 = (((((((uint64_t)x29 * x11) + (0x2 * (((((uint64_t)x27 * x13) + ((uint64_t)x31 * x9)) + ((uint64_t)x23 * x17)) + ((uint64_t)x35 * x5)))) + ((uint64_t)x25 * x15)) + ((uint64_t)x33 * x7)) + ((uint64_t)x21 * x19)) + ((uint64_t)x37 * x3));
uint64_t x47 = (((((((((((uint64_t)x29 * x13) + ((uint64_t)x31 * x11)) + ((uint64_t)x27 * x15)) + ((uint64_t)x33 * x9)) + ((uint64_t)x25 * x17)) + ((uint64_t)x35 * x7)) + ((uint64_t)x23 * x19)) + ((uint64_t)x37 * x5)) + ((uint64_t)x21 * x18)) + ((uint64_t)x36 * x3));
uint64_t x48 = (((((0x2 * ((((((uint64_t)x31 * x13) + ((uint64_t)x27 * x17)) + ((uint64_t)x35 * x9)) + ((uint64_t)x23 * x18)) + ((uint64_t)x36 * x5))) + ((uint64_t)x29 * x15)) + ((uint64_t)x33 * x11)) + ((uint64_t)x25 * x19)) + ((uint64_t)x37 * x7));
uint64_t x49 = (((((((((uint64_t)x31 * x15) + ((uint64_t)x33 * x13)) + ((uint64_t)x29 * x17)) + ((uint64_t)x35 * x11)) + ((uint64_t)x27 * x19)) + ((uint64_t)x37 * x9)) + ((uint64_t)x25 * x18)) + ((uint64_t)x36 * x7));
uint64_t x50 = (((((uint64_t)x33 * x15) + (0x2 * (((((uint64_t)x31 * x17) + ((uint64_t)x35 * x13)) + ((uint64_t)x27 * x18)) + ((uint64_t)x36 * x9)))) + ((uint64_t)x29 * x19)) + ((uint64_t)x37 * x11));
uint64_t x51 = (((((((uint64_t)x33 * x17) + ((uint64_t)x35 * x15)) + ((uint64_t)x31 * x19)) + ((uint64_t)x37 * x13)) + ((uint64_t)x29 * x18)) + ((uint64_t)x36 * x11));
uint64_t x52 = (((0x2 * ((((uint64_t)x35 * x17) + ((uint64_t)x31 * x18)) + ((uint64_t)x36 * x13))) + ((uint64_t)x33 * x19)) + ((uint64_t)x37 * x15));
uint64_t x53 = (((((uint64_t)x35 * x19) + ((uint64_t)x37 * x17)) + ((uint64_t)x33 * x18)) + ((uint64_t)x36 * x15));
uint64_t x54 = (((uint64_t)x37 * x19) + (0x2 * (((uint64_t)x35 * x18) + ((uint64_t)x36 * x17))));
uint64_t x55 = (((uint64_t)x37 * x18) + ((uint64_t)x36 * x19));
uint64_t x56 = ((uint64_t)(0x2 * x36) * x18);
uint64_t x57 = (x46 + (x56 << 0x4));
uint64_t x58 = (x57 + (x56 << 0x1));
uint64_t x59 = (x58 + x56);
uint64_t x60 = (x45 + (x55 << 0x4));
uint64_t x61 = (x60 + (x55 << 0x1));
uint64_t x62 = (x61 + x55);
uint64_t x63 = (x44 + (x54 << 0x4));
uint64_t x64 = (x63 + (x54 << 0x1));
uint64_t x65 = (x64 + x54);
uint64_t x66 = (x43 + (x53 << 0x4));
uint64_t x67 = (x66 + (x53 << 0x1));
uint64_t x68 = (x67 + x53);
uint64_t x69 = (x42 + (x52 << 0x4));
uint64_t x70 = (x69 + (x52 << 0x1));
uint64_t x71 = (x70 + x52);
uint64_t x72 = (x41 + (x51 << 0x4));
uint64_t x73 = (x72 + (x51 << 0x1));
uint64_t x74 = (x73 + x51);
uint64_t x75 = (x40 + (x50 << 0x4));
uint64_t x76 = (x75 + (x50 << 0x1));
uint64_t x77 = (x76 + x50);
uint64_t x78 = (x39 + (x49 << 0x4));
uint64_t x79 = (x78 + (x49 << 0x1));
uint64_t x80 = (x79 + x49);
uint64_t x81 = (x38 + (x48 << 0x4));
uint64_t x82 = (x81 + (x48 << 0x1));
uint64_t x83 = (x82 + x48);
uint64_t x84 = (x83 >> 0x1a);
uint32_t x85 = ((uint32_t)x83 & 0x3ffffff);
uint64_t x86 = (x84 + x80);
uint64_t x87 = (x86 >> 0x19);
uint32_t x88 = ((uint32_t)x86 & 0x1ffffff);
uint64_t x89 = (x87 + x77);
uint64_t x90 = (x89 >> 0x1a);
uint32_t x91 = ((uint32_t)x89 & 0x3ffffff);
uint64_t x92 = (x90 + x74);
uint64_t x93 = (x92 >> 0x19);
uint32_t x94 = ((uint32_t)x92 & 0x1ffffff);
uint64_t x95 = (x93 + x71);
uint64_t x96 = (x95 >> 0x1a);
uint32_t x97 = ((uint32_t)x95 & 0x3ffffff);
uint64_t x98 = (x96 + x68);
uint64_t x99 = (x98 >> 0x19);
uint32_t x100 = ((uint32_t)x98 & 0x1ffffff);
uint64_t x101 = (x99 + x65);
uint64_t x102 = (x101 >> 0x1a);
uint32_t x103 = ((uint32_t)x101 & 0x3ffffff);
uint64_t x104 = (x102 + x62);
uint64_t x105 = (x104 >> 0x19);
uint32_t x106 = ((uint32_t)x104 & 0x1ffffff);
uint64_t x107 = (x105 + x59);
uint64_t x108 = (x107 >> 0x1a);
uint32_t x109 = ((uint32_t)x107 & 0x3ffffff);
uint64_t x110 = (x108 + x47);
uint64_t x111 = (x110 >> 0x19);
uint32_t x112 = ((uint32_t)x110 & 0x1ffffff);
uint64_t x113 = (x85 + (0x13 * x111));
uint32_t x114 = (uint32_t) (x113 >> 0x1a);
uint32_t x115 = ((uint32_t)x113 & 0x3ffffff);
uint32_t x116 = (x114 + x88);
uint32_t x117 = (x116 >> 0x19);
uint32_t x118 = (x116 & 0x1ffffff);
return (Return x112, Return x109, Return x106, Return x103, Return x100, Return x97, Return x94, (x117 + x91), Return x118, Return x115)
     : ∀ var : Z.Syntax.base_type → Type, expr Z.Syntax.base_type Z.Syntax.op (uint32_t * uint32_t * uint32_t * uint32_t * uint32_t * uint32_t * uint32_t * uint32_t * uint32_t * uint32_t * (uint32_t * uint32_t * uint32_t * uint32_t * uint32_t * uint32_t * uint32_t * uint32_t * uint32_t * uint32_t) -> uint32_t * uint32_t * uint32_t * uint32_t * uint32_t * uint32_t * uint32_t * uint32_t * uint32_t * uint32_t)

Argument scope is [function_scope]
