λ x x0 x1 x2 x3 : word32 * word32 * word32 * word32 * word32 * word32 * word32 * word32 * word32 * word32,
let (a, b) := Interp-η
(λ var : Syntax.base_type → Type,
 λ '(x25, x26, x24, x22, x20, x18, x16, x14, x12, x10, (x45, x46, x44, x42, x40, x38, x36, x34, x32, x30, (x63, x64, x62, x60, x58, x56, x54, x52, x50, x48)), (x83, x84, x82, x80, x78, x76, x74, x72, x70, x68, (x101, x102, x100, x98, x96, x94, x92, x90, x88, x86)))%core,
 uint32_t x103 = x45 + x63;
 uint32_t x104 = x46 + x64;
 uint32_t x105 = x44 + x62;
 uint32_t x106 = x42 + x60;
 uint32_t x107 = x40 + x58;
 uint32_t x108 = x38 + x56;
 uint32_t x109 = x36 + x54;
 uint32_t x110 = x34 + x52;
 uint32_t x111 = x32 + x50;
 uint32_t x112 = x30 + x48;
 uint32_t x113 = 0x3fffffe + x45 - x63;
 uint32_t x114 = 0x7fffffe + x46 - x64;
 uint32_t x115 = 0x3fffffe + x44 - x62;
 uint32_t x116 = 0x7fffffe + x42 - x60;
 uint32_t x117 = 0x3fffffe + x40 - x58;
 uint32_t x118 = 0x7fffffe + x38 - x56;
 uint32_t x119 = 0x3fffffe + x36 - x54;
 uint32_t x120 = 0x7fffffe + x34 - x52;
 uint32_t x121 = 0x3fffffe + x32 - x50;
 uint32_t x122 = 0x7ffffda + x30 - x48;
 uint32_t x123 = x83 + x101;
 uint32_t x124 = x84 + x102;
 uint32_t x125 = x82 + x100;
 uint32_t x126 = x80 + x98;
 uint32_t x127 = x78 + x96;
 uint32_t x128 = x76 + x94;
 uint32_t x129 = x74 + x92;
 uint32_t x130 = x72 + x90;
 uint32_t x131 = x70 + x88;
 uint32_t x132 = x68 + x86;
 uint32_t x133 = 0x3fffffe + x83 - x101;
 uint32_t x134 = 0x7fffffe + x84 - x102;
 uint32_t x135 = 0x3fffffe + x82 - x100;
 uint32_t x136 = 0x7fffffe + x80 - x98;
 uint32_t x137 = 0x3fffffe + x78 - x96;
 uint32_t x138 = 0x7fffffe + x76 - x94;
 uint32_t x139 = 0x3fffffe + x74 - x92;
 uint32_t x140 = 0x7fffffe + x72 - x90;
 uint32_t x141 = 0x3fffffe + x70 - x88;
 uint32_t x142 = 0x7ffffda + x68 - x86;
 uint64_t x143 = (uint64_t) x122 * x132;
 uint64_t x144 = (uint64_t) x122 * x131 + (uint64_t) x121 * x132;
 uint64_t x145 = (uint64_t) (0x2 * x121) * x131 + (uint64_t) x122 * x130 + (uint64_t) x120 * x132;
 uint64_t x146 = (uint64_t) x121 * x130 + (uint64_t) x120 * x131 + (uint64_t) x122 * x129 + (uint64_t) x119 * x132;
 uint64_t x147 = (uint64_t) x120 * x130 + 0x2 * ((uint64_t) x121 * x129 + (uint64_t) x119 * x131) + (uint64_t) x122 * x128 + (uint64_t) x118 * x132;
 uint64_t x148 = (uint64_t) x120 * x129 + (uint64_t) x119 * x130 + (uint64_t) x121 * x128 + (uint64_t) x118 * x131 + (uint64_t) x122 * x127 + (uint64_t) x117 * x132;
 uint64_t x149 = 0x2 * ((uint64_t) x119 * x129 + (uint64_t) x121 * x127 + (uint64_t) x117 * x131) + (uint64_t) x120 * x128 + (uint64_t) x118 * x130 + (uint64_t) x122 * x126 + (uint64_t) x116 * x132;
 uint64_t x150 = (uint64_t) x119 * x128 + (uint64_t) x118 * x129 + (uint64_t) x120 * x127 + (uint64_t) x117 * x130 + (uint64_t) x121 * x126 + (uint64_t) x116 * x131 + (uint64_t) x122 * x125 + (uint64_t) x115 * x132;
 uint64_t x151 = (uint64_t) x118 * x128 + 0x2 * ((uint64_t) x119 * x127 + (uint64_t) x117 * x129 + (uint64_t) x121 * x125 + (uint64_t) x115 * x131) + (uint64_t) x120 * x126 + (uint64_t) x116 * x130 + (uint64_t) x122 * x124 + (uint64_t) x114 * x132;
 uint64_t x152 = (uint64_t) x118 * x127 + (uint64_t) x117 * x128 + (uint64_t) x119 * x126 + (uint64_t) x116 * x129 + (uint64_t) x120 * x125 + (uint64_t) x115 * x130 + (uint64_t) x121 * x124 + (uint64_t) x114 * x131 + (uint64_t) x122 * x123 + (uint64_t) x113 * x132;
 uint64_t x153 = 0x2 * ((uint64_t) x117 * x127 + (uint64_t) x119 * x125 + (uint64_t) x115 * x129 + (uint64_t) x121 * x123 + (uint64_t) x113 * x131) + (uint64_t) x118 * x126 + (uint64_t) x116 * x128 + (uint64_t) x120 * x124 + (uint64_t) x114 * x130;
 uint64_t x154 = (uint64_t) x117 * x126 + (uint64_t) x116 * x127 + (uint64_t) x118 * x125 + (uint64_t) x115 * x128 + (uint64_t) x119 * x124 + (uint64_t) x114 * x129 + (uint64_t) x120 * x123 + (uint64_t) x113 * x130;
 uint64_t x155 = (uint64_t) x116 * x126 + 0x2 * ((uint64_t) x117 * x125 + (uint64_t) x115 * x127 + (uint64_t) x119 * x123 + (uint64_t) x113 * x129) + (uint64_t) x118 * x124 + (uint64_t) x114 * x128;
 uint64_t x156 = (uint64_t) x116 * x125 + (uint64_t) x115 * x126 + (uint64_t) x117 * x124 + (uint64_t) x114 * x127 + (uint64_t) x118 * x123 + (uint64_t) x113 * x128;
 uint64_t x157 = 0x2 * ((uint64_t) x115 * x125 + (uint64_t) x117 * x123 + (uint64_t) x113 * x127) + (uint64_t) x116 * x124 + (uint64_t) x114 * x126;
 uint64_t x158 = (uint64_t) x115 * x124 + (uint64_t) x114 * x125 + (uint64_t) x116 * x123 + (uint64_t) x113 * x126;
 uint64_t x159 = (uint64_t) x114 * x124 + 0x2 * ((uint64_t) x115 * x123 + (uint64_t) x113 * x125);
 uint64_t x160 = (uint64_t) x114 * x123 + (uint64_t) x113 * x124;
 uint64_t x161 = (uint64_t) (0x2 * x113) * x123;
 uint64_t x162 = x151 + x161 << 0x4;
 uint64_t x163 = x162 + x161 << 0x1;
 uint64_t x164 = x163 + x161;
 uint64_t x165 = x150 + x160 << 0x4;
 uint64_t x166 = x165 + x160 << 0x1;
 uint64_t x167 = x166 + x160;
 uint64_t x168 = x149 + x159 << 0x4;
 uint64_t x169 = x168 + x159 << 0x1;
 uint64_t x170 = x169 + x159;
 uint64_t x171 = x148 + x158 << 0x4;
 uint64_t x172 = x171 + x158 << 0x1;
 uint64_t x173 = x172 + x158;
 uint64_t x174 = x147 + x157 << 0x4;
 uint64_t x175 = x174 + x157 << 0x1;
 uint64_t x176 = x175 + x157;
 uint64_t x177 = x146 + x156 << 0x4;
 uint64_t x178 = x177 + x156 << 0x1;
 uint64_t x179 = x178 + x156;
 uint64_t x180 = x145 + x155 << 0x4;
 uint64_t x181 = x180 + x155 << 0x1;
 uint64_t x182 = x181 + x155;
 uint64_t x183 = x144 + x154 << 0x4;
 uint64_t x184 = x183 + x154 << 0x1;
 uint64_t x185 = x184 + x154;
 uint64_t x186 = x143 + x153 << 0x4;
 uint64_t x187 = x186 + x153 << 0x1;
 uint64_t x188 = x187 + x153;
 uint64_t x189 = x188 >> 0x1a;
 uint32_t x190 = (uint32_t) x188 & 0x3ffffff;
 uint64_t x191 = x189 + x185;
 uint64_t x192 = x191 >> 0x19;
 uint32_t x193 = (uint32_t) x191 & 0x1ffffff;
 uint64_t x194 = x192 + x182;
 uint64_t x195 = x194 >> 0x1a;
 uint32_t x196 = (uint32_t) x194 & 0x3ffffff;
 uint64_t x197 = x195 + x179;
 uint64_t x198 = x197 >> 0x19;
 uint32_t x199 = (uint32_t) x197 & 0x1ffffff;
 uint64_t x200 = x198 + x176;
 uint64_t x201 = x200 >> 0x1a;
 uint32_t x202 = (uint32_t) x200 & 0x3ffffff;
 uint64_t x203 = x201 + x173;
 uint64_t x204 = x203 >> 0x19;
 uint32_t x205 = (uint32_t) x203 & 0x1ffffff;
 uint64_t x206 = x204 + x170;
 uint64_t x207 = x206 >> 0x1a;
 uint32_t x208 = (uint32_t) x206 & 0x3ffffff;
 uint64_t x209 = x207 + x167;
 uint64_t x210 = x209 >> 0x19;
 uint32_t x211 = (uint32_t) x209 & 0x1ffffff;
 uint64_t x212 = x210 + x164;
 uint64_t x213 = x212 >> 0x1a;
 uint32_t x214 = (uint32_t) x212 & 0x3ffffff;
 uint64_t x215 = x213 + x152;
 uint64_t x216 = x215 >> 0x19;
 uint32_t x217 = (uint32_t) x215 & 0x1ffffff;
 uint64_t x218 = x190 + 0x13 * x216;
 uint32_t x219 = (uint32_t) (x218 >> 0x1a);
 uint32_t x220 = (uint32_t) x218 & 0x3ffffff;
 uint32_t x221 = x219 + x193;
 uint32_t x222 = x221 >> 0x19;
 uint32_t x223 = x221 & 0x1ffffff;
 uint32_t x224 = x222 + x196;
 uint64_t x225 = (uint64_t) x142 * x112;
 uint64_t x226 = (uint64_t) x142 * x111 + (uint64_t) x141 * x112;
 uint64_t x227 = (uint64_t) (0x2 * x141) * x111 + (uint64_t) x142 * x110 + (uint64_t) x140 * x112;
 uint64_t x228 = (uint64_t) x141 * x110 + (uint64_t) x140 * x111 + (uint64_t) x142 * x109 + (uint64_t) x139 * x112;
 uint64_t x229 = (uint64_t) x140 * x110 + 0x2 * ((uint64_t) x141 * x109 + (uint64_t) x139 * x111) + (uint64_t) x142 * x108 + (uint64_t) x138 * x112;
 uint64_t x230 = (uint64_t) x140 * x109 + (uint64_t) x139 * x110 + (uint64_t) x141 * x108 + (uint64_t) x138 * x111 + (uint64_t) x142 * x107 + (uint64_t) x137 * x112;
 uint64_t x231 = 0x2 * ((uint64_t) x139 * x109 + (uint64_t) x141 * x107 + (uint64_t) x137 * x111) + (uint64_t) x140 * x108 + (uint64_t) x138 * x110 + (uint64_t) x142 * x106 + (uint64_t) x136 * x112;
 uint64_t x232 = (uint64_t) x139 * x108 + (uint64_t) x138 * x109 + (uint64_t) x140 * x107 + (uint64_t) x137 * x110 + (uint64_t) x141 * x106 + (uint64_t) x136 * x111 + (uint64_t) x142 * x105 + (uint64_t) x135 * x112;
 uint64_t x233 = (uint64_t) x138 * x108 + 0x2 * ((uint64_t) x139 * x107 + (uint64_t) x137 * x109 + (uint64_t) x141 * x105 + (uint64_t) x135 * x111) + (uint64_t) x140 * x106 + (uint64_t) x136 * x110 + (uint64_t) x142 * x104 + (uint64_t) x134 * x112;
 uint64_t x234 = (uint64_t) x138 * x107 + (uint64_t) x137 * x108 + (uint64_t) x139 * x106 + (uint64_t) x136 * x109 + (uint64_t) x140 * x105 + (uint64_t) x135 * x110 + (uint64_t) x141 * x104 + (uint64_t) x134 * x111 + (uint64_t) x142 * x103 + (uint64_t) x133 * x112;
 uint64_t x235 = 0x2 * ((uint64_t) x137 * x107 + (uint64_t) x139 * x105 + (uint64_t) x135 * x109 + (uint64_t) x141 * x103 + (uint64_t) x133 * x111) + (uint64_t) x138 * x106 + (uint64_t) x136 * x108 + (uint64_t) x140 * x104 + (uint64_t) x134 * x110;
 uint64_t x236 = (uint64_t) x137 * x106 + (uint64_t) x136 * x107 + (uint64_t) x138 * x105 + (uint64_t) x135 * x108 + (uint64_t) x139 * x104 + (uint64_t) x134 * x109 + (uint64_t) x140 * x103 + (uint64_t) x133 * x110;
 uint64_t x237 = (uint64_t) x136 * x106 + 0x2 * ((uint64_t) x137 * x105 + (uint64_t) x135 * x107 + (uint64_t) x139 * x103 + (uint64_t) x133 * x109) + (uint64_t) x138 * x104 + (uint64_t) x134 * x108;
 uint64_t x238 = (uint64_t) x136 * x105 + (uint64_t) x135 * x106 + (uint64_t) x137 * x104 + (uint64_t) x134 * x107 + (uint64_t) x138 * x103 + (uint64_t) x133 * x108;
 uint64_t x239 = 0x2 * ((uint64_t) x135 * x105 + (uint64_t) x137 * x103 + (uint64_t) x133 * x107) + (uint64_t) x136 * x104 + (uint64_t) x134 * x106;
 uint64_t x240 = (uint64_t) x135 * x104 + (uint64_t) x134 * x105 + (uint64_t) x136 * x103 + (uint64_t) x133 * x106;
 uint64_t x241 = (uint64_t) x134 * x104 + 0x2 * ((uint64_t) x135 * x103 + (uint64_t) x133 * x105);
 uint64_t x242 = (uint64_t) x134 * x103 + (uint64_t) x133 * x104;
 uint64_t x243 = (uint64_t) (0x2 * x133) * x103;
 uint64_t x244 = x233 + x243 << 0x4;
 uint64_t x245 = x244 + x243 << 0x1;
 uint64_t x246 = x245 + x243;
 uint64_t x247 = x232 + x242 << 0x4;
 uint64_t x248 = x247 + x242 << 0x1;
 uint64_t x249 = x248 + x242;
 uint64_t x250 = x231 + x241 << 0x4;
 uint64_t x251 = x250 + x241 << 0x1;
 uint64_t x252 = x251 + x241;
 uint64_t x253 = x230 + x240 << 0x4;
 uint64_t x254 = x253 + x240 << 0x1;
 uint64_t x255 = x254 + x240;
 uint64_t x256 = x229 + x239 << 0x4;
 uint64_t x257 = x256 + x239 << 0x1;
 uint64_t x258 = x257 + x239;
 uint64_t x259 = x228 + x238 << 0x4;
 uint64_t x260 = x259 + x238 << 0x1;
 uint64_t x261 = x260 + x238;
 uint64_t x262 = x227 + x237 << 0x4;
 uint64_t x263 = x262 + x237 << 0x1;
 uint64_t x264 = x263 + x237;
 uint64_t x265 = x226 + x236 << 0x4;
 uint64_t x266 = x265 + x236 << 0x1;
 uint64_t x267 = x266 + x236;
 uint64_t x268 = x225 + x235 << 0x4;
 uint64_t x269 = x268 + x235 << 0x1;
 uint64_t x270 = x269 + x235;
 uint64_t x271 = x270 >> 0x1a;
 uint32_t x272 = (uint32_t) x270 & 0x3ffffff;
 uint64_t x273 = x271 + x267;
 uint64_t x274 = x273 >> 0x19;
 uint32_t x275 = (uint32_t) x273 & 0x1ffffff;
 uint64_t x276 = x274 + x264;
 uint64_t x277 = x276 >> 0x1a;
 uint32_t x278 = (uint32_t) x276 & 0x3ffffff;
 uint64_t x279 = x277 + x261;
 uint64_t x280 = x279 >> 0x19;
 uint32_t x281 = (uint32_t) x279 & 0x1ffffff;
 uint64_t x282 = x280 + x258;
 uint64_t x283 = x282 >> 0x1a;
 uint32_t x284 = (uint32_t) x282 & 0x3ffffff;
 uint64_t x285 = x283 + x255;
 uint64_t x286 = x285 >> 0x19;
 uint32_t x287 = (uint32_t) x285 & 0x1ffffff;
 uint64_t x288 = x286 + x252;
 uint64_t x289 = x288 >> 0x1a;
 uint32_t x290 = (uint32_t) x288 & 0x3ffffff;
 uint64_t x291 = x289 + x249;
 uint64_t x292 = x291 >> 0x19;
 uint32_t x293 = (uint32_t) x291 & 0x1ffffff;
 uint64_t x294 = x292 + x246;
 uint64_t x295 = x294 >> 0x1a;
 uint32_t x296 = (uint32_t) x294 & 0x3ffffff;
 uint64_t x297 = x295 + x234;
 uint64_t x298 = x297 >> 0x19;
 uint32_t x299 = (uint32_t) x297 & 0x1ffffff;
 uint64_t x300 = x272 + 0x13 * x298;
 uint32_t x301 = (uint32_t) (x300 >> 0x1a);
 uint32_t x302 = (uint32_t) x300 & 0x3ffffff;
 uint32_t x303 = x301 + x275;
 uint32_t x304 = x303 >> 0x19;
 uint32_t x305 = x303 & 0x1ffffff;
 uint32_t x306 = x304 + x278;
 uint32_t x307 = x217 + x299;
 uint32_t x308 = x214 + x296;
 uint32_t x309 = x211 + x293;
 uint32_t x310 = x208 + x290;
 uint32_t x311 = x205 + x287;
 uint32_t x312 = x202 + x284;
 uint32_t x313 = x199 + x281;
 uint32_t x314 = x224 + x306;
 uint32_t x315 = x223 + x305;
 uint32_t x316 = x220 + x302;
 uint32_t x317 = 0x3fffffe + x217 - x299;
 uint32_t x318 = 0x7fffffe + x214 - x296;
 uint32_t x319 = 0x3fffffe + x211 - x293;
 uint32_t x320 = 0x7fffffe + x208 - x290;
 uint32_t x321 = 0x3fffffe + x205 - x287;
 uint32_t x322 = 0x7fffffe + x202 - x284;
 uint32_t x323 = 0x3fffffe + x199 - x281;
 uint32_t x324 = 0x7fffffe + x224 - x306;
 uint32_t x325 = 0x3fffffe + x223 - x305;
 uint32_t x326 = 0x7ffffda + x220 - x302;
 uint64_t x327 = (uint64_t) x316 * x316;
 uint64_t x328 = (uint64_t) (0x2 * x316) * x315;
 uint64_t x329 = 0x2 * ((uint64_t) x315 * x315 + (uint64_t) x316 * x314);
 uint64_t x330 = 0x2 * ((uint64_t) x315 * x314 + (uint64_t) x316 * x313);
 uint64_t x331 = (uint64_t) x314 * x314 + (uint64_t) (0x4 * x315) * x313 + (uint64_t) (0x2 * x316) * x312;
 uint64_t x332 = 0x2 * ((uint64_t) x314 * x313 + (uint64_t) x315 * x312 + (uint64_t) x316 * x311);
 uint64_t x333 = 0x2 * ((uint64_t) x313 * x313 + (uint64_t) x314 * x312 + (uint64_t) x316 * x310 + (uint64_t) (0x2 * x315) * x311);
 uint64_t x334 = 0x2 * ((uint64_t) x313 * x312 + (uint64_t) x314 * x311 + (uint64_t) x315 * x310 + (uint64_t) x316 * x309);
 uint64_t x335 = (uint64_t) x312 * x312 + 0x2 * ((uint64_t) x314 * x310 + (uint64_t) x316 * x308 + 0x2 * ((uint64_t) x315 * x309 + (uint64_t) x313 * x311));
 uint64_t x336 = 0x2 * ((uint64_t) x312 * x311 + (uint64_t) x313 * x310 + (uint64_t) x314 * x309 + (uint64_t) x315 * x308 + (uint64_t) x316 * x307);
 uint64_t x337 = 0x2 * ((uint64_t) x311 * x311 + (uint64_t) x312 * x310 + (uint64_t) x314 * x308 + 0x2 * ((uint64_t) x313 * x309 + (uint64_t) x315 * x307));
 uint64_t x338 = 0x2 * ((uint64_t) x311 * x310 + (uint64_t) x312 * x309 + (uint64_t) x313 * x308 + (uint64_t) x314 * x307);
 uint64_t x339 = (uint64_t) x310 * x310 + 0x2 * ((uint64_t) x312 * x308 + 0x2 * ((uint64_t) x311 * x309 + (uint64_t) x313 * x307));
 uint64_t x340 = 0x2 * ((uint64_t) x310 * x309 + (uint64_t) x311 * x308 + (uint64_t) x312 * x307);
 uint64_t x341 = 0x2 * ((uint64_t) x309 * x309 + (uint64_t) x310 * x308 + (uint64_t) (0x2 * x311) * x307);
 uint64_t x342 = 0x2 * ((uint64_t) x309 * x308 + (uint64_t) x310 * x307);
 uint64_t x343 = (uint64_t) x308 * x308 + (uint64_t) (0x4 * x309) * x307;
 uint64_t x344 = (uint64_t) (0x2 * x308) * x307;
 uint64_t x345 = (uint64_t) (0x2 * x307) * x307;
 uint64_t x346 = x335 + x345 << 0x4;
 uint64_t x347 = x346 + x345 << 0x1;
 uint64_t x348 = x347 + x345;
 uint64_t x349 = x334 + x344 << 0x4;
 uint64_t x350 = x349 + x344 << 0x1;
 uint64_t x351 = x350 + x344;
 uint64_t x352 = x333 + x343 << 0x4;
 uint64_t x353 = x352 + x343 << 0x1;
 uint64_t x354 = x353 + x343;
 uint64_t x355 = x332 + x342 << 0x4;
 uint64_t x356 = x355 + x342 << 0x1;
 uint64_t x357 = x356 + x342;
 uint64_t x358 = x331 + x341 << 0x4;
 uint64_t x359 = x358 + x341 << 0x1;
 uint64_t x360 = x359 + x341;
 uint64_t x361 = x330 + x340 << 0x4;
 uint64_t x362 = x361 + x340 << 0x1;
 uint64_t x363 = x362 + x340;
 uint64_t x364 = x329 + x339 << 0x4;
 uint64_t x365 = x364 + x339 << 0x1;
 uint64_t x366 = x365 + x339;
 uint64_t x367 = x328 + x338 << 0x4;
 uint64_t x368 = x367 + x338 << 0x1;
 uint64_t x369 = x368 + x338;
 uint64_t x370 = x327 + x337 << 0x4;
 uint64_t x371 = x370 + x337 << 0x1;
 uint64_t x372 = x371 + x337;
 uint64_t x373 = x372 >> 0x1a;
 uint32_t x374 = (uint32_t) x372 & 0x3ffffff;
 uint64_t x375 = x373 + x369;
 uint64_t x376 = x375 >> 0x19;
 uint32_t x377 = (uint32_t) x375 & 0x1ffffff;
 uint64_t x378 = x376 + x366;
 uint64_t x379 = x378 >> 0x1a;
 uint32_t x380 = (uint32_t) x378 & 0x3ffffff;
 uint64_t x381 = x379 + x363;
 uint64_t x382 = x381 >> 0x19;
 uint32_t x383 = (uint32_t) x381 & 0x1ffffff;
 uint64_t x384 = x382 + x360;
 uint64_t x385 = x384 >> 0x1a;
 uint32_t x386 = (uint32_t) x384 & 0x3ffffff;
 uint64_t x387 = x385 + x357;
 uint64_t x388 = x387 >> 0x19;
 uint32_t x389 = (uint32_t) x387 & 0x1ffffff;
 uint64_t x390 = x388 + x354;
 uint64_t x391 = x390 >> 0x1a;
 uint32_t x392 = (uint32_t) x390 & 0x3ffffff;
 uint64_t x393 = x391 + x351;
 uint64_t x394 = x393 >> 0x19;
 uint32_t x395 = (uint32_t) x393 & 0x1ffffff;
 uint64_t x396 = x394 + x348;
 uint64_t x397 = x396 >> 0x1a;
 uint32_t x398 = (uint32_t) x396 & 0x3ffffff;
 uint64_t x399 = x397 + x336;
 uint32_t x400 = (uint32_t) (x399 >> 0x19);
 uint32_t x401 = (uint32_t) x399 & 0x1ffffff;
 uint64_t x402 = x374 + (uint64_t) 0x13 * x400;
 uint32_t x403 = (uint32_t) (x402 >> 0x1a);
 uint32_t x404 = (uint32_t) x402 & 0x3ffffff;
 uint32_t x405 = x403 + x377;
 uint32_t x406 = x405 >> 0x19;
 uint32_t x407 = x405 & 0x1ffffff;
 uint32_t x408 = x406 + x380;
 uint64_t x409 = (uint64_t) x326 * x326;
 uint64_t x410 = (uint64_t) (0x2 * x326) * x325;
 uint64_t x411 = 0x2 * ((uint64_t) x325 * x325 + (uint64_t) x326 * x324);
 uint64_t x412 = 0x2 * ((uint64_t) x325 * x324 + (uint64_t) x326 * x323);
 uint64_t x413 = (uint64_t) x324 * x324 + (uint64_t) (0x4 * x325) * x323 + (uint64_t) (0x2 * x326) * x322;
 uint64_t x414 = 0x2 * ((uint64_t) x324 * x323 + (uint64_t) x325 * x322 + (uint64_t) x326 * x321);
 uint64_t x415 = 0x2 * ((uint64_t) x323 * x323 + (uint64_t) x324 * x322 + (uint64_t) x326 * x320 + (uint64_t) (0x2 * x325) * x321);
 uint64_t x416 = 0x2 * ((uint64_t) x323 * x322 + (uint64_t) x324 * x321 + (uint64_t) x325 * x320 + (uint64_t) x326 * x319);
 uint64_t x417 = (uint64_t) x322 * x322 + 0x2 * ((uint64_t) x324 * x320 + (uint64_t) x326 * x318 + 0x2 * ((uint64_t) x325 * x319 + (uint64_t) x323 * x321));
 uint64_t x418 = 0x2 * ((uint64_t) x322 * x321 + (uint64_t) x323 * x320 + (uint64_t) x324 * x319 + (uint64_t) x325 * x318 + (uint64_t) x326 * x317);
 uint64_t x419 = 0x2 * ((uint64_t) x321 * x321 + (uint64_t) x322 * x320 + (uint64_t) x324 * x318 + 0x2 * ((uint64_t) x323 * x319 + (uint64_t) x325 * x317));
 uint64_t x420 = 0x2 * ((uint64_t) x321 * x320 + (uint64_t) x322 * x319 + (uint64_t) x323 * x318 + (uint64_t) x324 * x317);
 uint64_t x421 = (uint64_t) x320 * x320 + 0x2 * ((uint64_t) x322 * x318 + 0x2 * ((uint64_t) x321 * x319 + (uint64_t) x323 * x317));
 uint64_t x422 = 0x2 * ((uint64_t) x320 * x319 + (uint64_t) x321 * x318 + (uint64_t) x322 * x317);
 uint64_t x423 = 0x2 * ((uint64_t) x319 * x319 + (uint64_t) x320 * x318 + (uint64_t) (0x2 * x321) * x317);
 uint64_t x424 = 0x2 * ((uint64_t) x319 * x318 + (uint64_t) x320 * x317);
 uint64_t x425 = (uint64_t) x318 * x318 + (uint64_t) (0x4 * x319) * x317;
 uint64_t x426 = (uint64_t) (0x2 * x318) * x317;
 uint64_t x427 = (uint64_t) (0x2 * x317) * x317;
 uint64_t x428 = x417 + x427 << 0x4;
 uint64_t x429 = x428 + x427 << 0x1;
 uint64_t x430 = x429 + x427;
 uint64_t x431 = x416 + x426 << 0x4;
 uint64_t x432 = x431 + x426 << 0x1;
 uint64_t x433 = x432 + x426;
 uint64_t x434 = x415 + x425 << 0x4;
 uint64_t x435 = x434 + x425 << 0x1;
 uint64_t x436 = x435 + x425;
 uint64_t x437 = x414 + x424 << 0x4;
 uint64_t x438 = x437 + x424 << 0x1;
 uint64_t x439 = x438 + x424;
 uint64_t x440 = x413 + x423 << 0x4;
 uint64_t x441 = x440 + x423 << 0x1;
 uint64_t x442 = x441 + x423;
 uint64_t x443 = x412 + x422 << 0x4;
 uint64_t x444 = x443 + x422 << 0x1;
 uint64_t x445 = x444 + x422;
 uint64_t x446 = x411 + x421 << 0x4;
 uint64_t x447 = x446 + x421 << 0x1;
 uint64_t x448 = x447 + x421;
 uint64_t x449 = x410 + x420 << 0x4;
 uint64_t x450 = x449 + x420 << 0x1;
 uint64_t x451 = x450 + x420;
 uint64_t x452 = x409 + x419 << 0x4;
 uint64_t x453 = x452 + x419 << 0x1;
 uint64_t x454 = x453 + x419;
 uint64_t x455 = x454 >> 0x1a;
 uint32_t x456 = (uint32_t) x454 & 0x3ffffff;
 uint64_t x457 = x455 + x451;
 uint64_t x458 = x457 >> 0x19;
 uint32_t x459 = (uint32_t) x457 & 0x1ffffff;
 uint64_t x460 = x458 + x448;
 uint64_t x461 = x460 >> 0x1a;
 uint32_t x462 = (uint32_t) x460 & 0x3ffffff;
 uint64_t x463 = x461 + x445;
 uint64_t x464 = x463 >> 0x19;
 uint32_t x465 = (uint32_t) x463 & 0x1ffffff;
 uint64_t x466 = x464 + x442;
 uint64_t x467 = x466 >> 0x1a;
 uint32_t x468 = (uint32_t) x466 & 0x3ffffff;
 uint64_t x469 = x467 + x439;
 uint64_t x470 = x469 >> 0x19;
 uint32_t x471 = (uint32_t) x469 & 0x1ffffff;
 uint64_t x472 = x470 + x436;
 uint64_t x473 = x472 >> 0x1a;
 uint32_t x474 = (uint32_t) x472 & 0x3ffffff;
 uint64_t x475 = x473 + x433;
 uint64_t x476 = x475 >> 0x19;
 uint32_t x477 = (uint32_t) x475 & 0x1ffffff;
 uint64_t x478 = x476 + x430;
 uint64_t x479 = x478 >> 0x1a;
 uint32_t x480 = (uint32_t) x478 & 0x3ffffff;
 uint64_t x481 = x479 + x418;
 uint64_t x482 = x481 >> 0x19;
 uint32_t x483 = (uint32_t) x481 & 0x1ffffff;
 uint64_t x484 = x456 + 0x13 * x482;
 uint32_t x485 = (uint32_t) (x484 >> 0x1a);
 uint32_t x486 = (uint32_t) x484 & 0x3ffffff;
 uint32_t x487 = x485 + x459;
 uint32_t x488 = x487 >> 0x19;
 uint32_t x489 = x487 & 0x1ffffff;
 uint32_t x490 = x488 + x462;
 uint64_t x491 = (uint64_t) x10 * x486;
 uint64_t x492 = (uint64_t) x10 * x489 + (uint64_t) x12 * x486;
 uint64_t x493 = (uint64_t) (0x2 * x12) * x489 + (uint64_t) x10 * x490 + (uint64_t) x14 * x486;
 uint64_t x494 = (uint64_t) x12 * x490 + (uint64_t) x14 * x489 + (uint64_t) x10 * x465 + (uint64_t) x16 * x486;
 uint64_t x495 = (uint64_t) x14 * x490 + 0x2 * ((uint64_t) x12 * x465 + (uint64_t) x16 * x489) + (uint64_t) x10 * x468 + (uint64_t) x18 * x486;
 uint64_t x496 = (uint64_t) x14 * x465 + (uint64_t) x16 * x490 + (uint64_t) x12 * x468 + (uint64_t) x18 * x489 + (uint64_t) x10 * x471 + (uint64_t) x20 * x486;
 uint64_t x497 = 0x2 * ((uint64_t) x16 * x465 + (uint64_t) x12 * x471 + (uint64_t) x20 * x489) + (uint64_t) x14 * x468 + (uint64_t) x18 * x490 + (uint64_t) x10 * x474 + (uint64_t) x22 * x486;
 uint64_t x498 = (uint64_t) x16 * x468 + (uint64_t) x18 * x465 + (uint64_t) x14 * x471 + (uint64_t) x20 * x490 + (uint64_t) x12 * x474 + (uint64_t) x22 * x489 + (uint64_t) x10 * x477 + (uint64_t) x24 * x486;
 uint64_t x499 = (uint64_t) x18 * x468 + 0x2 * ((uint64_t) x16 * x471 + (uint64_t) x20 * x465 + (uint64_t) x12 * x477 + (uint64_t) x24 * x489) + (uint64_t) x14 * x474 + (uint64_t) x22 * x490 + (uint64_t) x10 * x480 + (uint64_t) x26 * x486;
 uint64_t x500 = (uint64_t) x18 * x471 + (uint64_t) x20 * x468 + (uint64_t) x16 * x474 + (uint64_t) x22 * x465 + (uint64_t) x14 * x477 + (uint64_t) x24 * x490 + (uint64_t) x12 * x480 + (uint64_t) x26 * x489 + (uint64_t) x10 * x483 + (uint64_t) x25 * x486;
 uint64_t x501 = 0x2 * ((uint64_t) x20 * x471 + (uint64_t) x16 * x477 + (uint64_t) x24 * x465 + (uint64_t) x12 * x483 + (uint64_t) x25 * x489) + (uint64_t) x18 * x474 + (uint64_t) x22 * x468 + (uint64_t) x14 * x480 + (uint64_t) x26 * x490;
 uint64_t x502 = (uint64_t) x20 * x474 + (uint64_t) x22 * x471 + (uint64_t) x18 * x477 + (uint64_t) x24 * x468 + (uint64_t) x16 * x480 + (uint64_t) x26 * x465 + (uint64_t) x14 * x483 + (uint64_t) x25 * x490;
 uint64_t x503 = (uint64_t) x22 * x474 + 0x2 * ((uint64_t) x20 * x477 + (uint64_t) x24 * x471 + (uint64_t) x16 * x483 + (uint64_t) x25 * x465) + (uint64_t) x18 * x480 + (uint64_t) x26 * x468;
 uint64_t x504 = (uint64_t) x22 * x477 + (uint64_t) x24 * x474 + (uint64_t) x20 * x480 + (uint64_t) x26 * x471 + (uint64_t) x18 * x483 + (uint64_t) x25 * x468;
 uint64_t x505 = 0x2 * ((uint64_t) x24 * x477 + (uint64_t) x20 * x483 + (uint64_t) x25 * x471) + (uint64_t) x22 * x480 + (uint64_t) x26 * x474;
 uint64_t x506 = (uint64_t) x24 * x480 + (uint64_t) x26 * x477 + (uint64_t) x22 * x483 + (uint64_t) x25 * x474;
 uint64_t x507 = (uint64_t) x26 * x480 + 0x2 * ((uint64_t) x24 * x483 + (uint64_t) x25 * x477);
 uint64_t x508 = (uint64_t) x26 * x483 + (uint64_t) x25 * x480;
 uint64_t x509 = (uint64_t) (0x2 * x25) * x483;
 uint64_t x510 = x499 + x509 << 0x4;
 uint64_t x511 = x510 + x509 << 0x1;
 uint64_t x512 = x511 + x509;
 uint64_t x513 = x498 + x508 << 0x4;
 uint64_t x514 = x513 + x508 << 0x1;
 uint64_t x515 = x514 + x508;
 uint64_t x516 = x497 + x507 << 0x4;
 uint64_t x517 = x516 + x507 << 0x1;
 uint64_t x518 = x517 + x507;
 uint64_t x519 = x496 + x506 << 0x4;
 uint64_t x520 = x519 + x506 << 0x1;
 uint64_t x521 = x520 + x506;
 uint64_t x522 = x495 + x505 << 0x4;
 uint64_t x523 = x522 + x505 << 0x1;
 uint64_t x524 = x523 + x505;
 uint64_t x525 = x494 + x504 << 0x4;
 uint64_t x526 = x525 + x504 << 0x1;
 uint64_t x527 = x526 + x504;
 uint64_t x528 = x493 + x503 << 0x4;
 uint64_t x529 = x528 + x503 << 0x1;
 uint64_t x530 = x529 + x503;
 uint64_t x531 = x492 + x502 << 0x4;
 uint64_t x532 = x531 + x502 << 0x1;
 uint64_t x533 = x532 + x502;
 uint64_t x534 = x491 + x501 << 0x4;
 uint64_t x535 = x534 + x501 << 0x1;
 uint64_t x536 = x535 + x501;
 uint64_t x537 = x536 >> 0x1a;
 uint32_t x538 = (uint32_t) x536 & 0x3ffffff;
 uint64_t x539 = x537 + x533;
 uint64_t x540 = x539 >> 0x19;
 uint32_t x541 = (uint32_t) x539 & 0x1ffffff;
 uint64_t x542 = x540 + x530;
 uint64_t x543 = x542 >> 0x1a;
 uint32_t x544 = (uint32_t) x542 & 0x3ffffff;
 uint64_t x545 = x543 + x527;
 uint64_t x546 = x545 >> 0x19;
 uint32_t x547 = (uint32_t) x545 & 0x1ffffff;
 uint64_t x548 = x546 + x524;
 uint64_t x549 = x548 >> 0x1a;
 uint32_t x550 = (uint32_t) x548 & 0x3ffffff;
 uint64_t x551 = x549 + x521;
 uint64_t x552 = x551 >> 0x19;
 uint32_t x553 = (uint32_t) x551 & 0x1ffffff;
 uint64_t x554 = x552 + x518;
 uint32_t x555 = (uint32_t) (x554 >> 0x1a);
 uint32_t x556 = (uint32_t) x554 & 0x3ffffff;
 uint64_t x557 = x555 + x515;
 uint32_t x558 = (uint32_t) (x557 >> 0x19);
 uint32_t x559 = (uint32_t) x557 & 0x1ffffff;
 uint64_t x560 = x558 + x512;
 uint32_t x561 = (uint32_t) (x560 >> 0x1a);
 uint32_t x562 = (uint32_t) x560 & 0x3ffffff;
 uint64_t x563 = x561 + x500;
 uint32_t x564 = (uint32_t) (x563 >> 0x19);
 uint32_t x565 = (uint32_t) x563 & 0x1ffffff;
 uint64_t x566 = x538 + (uint64_t) 0x13 * x564;
 uint32_t x567 = (uint32_t) (x566 >> 0x1a);
 uint32_t x568 = (uint32_t) x566 & 0x3ffffff;
 uint32_t x569 = x567 + x541;
 uint32_t x570 = x569 >> 0x19;
 uint32_t x571 = x569 & 0x1ffffff;
 uint32_t x572 = x570 + x544;
 uint64_t x573 = (uint64_t) x112 * x112;
 uint64_t x574 = (uint64_t) (0x2 * x112) * x111;
 uint64_t x575 = 0x2 * ((uint64_t) x111 * x111 + (uint64_t) x112 * x110);
 uint64_t x576 = 0x2 * ((uint64_t) x111 * x110 + (uint64_t) x112 * x109);
 uint64_t x577 = (uint64_t) x110 * x110 + (uint64_t) (0x4 * x111) * x109 + (uint64_t) (0x2 * x112) * x108;
 uint64_t x578 = 0x2 * ((uint64_t) x110 * x109 + (uint64_t) x111 * x108 + (uint64_t) x112 * x107);
 uint64_t x579 = 0x2 * ((uint64_t) x109 * x109 + (uint64_t) x110 * x108 + (uint64_t) x112 * x106 + (uint64_t) (0x2 * x111) * x107);
 uint64_t x580 = 0x2 * ((uint64_t) x109 * x108 + (uint64_t) x110 * x107 + (uint64_t) x111 * x106 + (uint64_t) x112 * x105);
 uint64_t x581 = (uint64_t) x108 * x108 + 0x2 * ((uint64_t) x110 * x106 + (uint64_t) x112 * x104 + 0x2 * ((uint64_t) x111 * x105 + (uint64_t) x109 * x107));
 uint64_t x582 = 0x2 * ((uint64_t) x108 * x107 + (uint64_t) x109 * x106 + (uint64_t) x110 * x105 + (uint64_t) x111 * x104 + (uint64_t) x112 * x103);
 uint64_t x583 = 0x2 * ((uint64_t) x107 * x107 + (uint64_t) x108 * x106 + (uint64_t) x110 * x104 + 0x2 * ((uint64_t) x109 * x105 + (uint64_t) x111 * x103));
 uint64_t x584 = 0x2 * ((uint64_t) x107 * x106 + (uint64_t) x108 * x105 + (uint64_t) x109 * x104 + (uint64_t) x110 * x103);
 uint64_t x585 = (uint64_t) x106 * x106 + 0x2 * ((uint64_t) x108 * x104 + 0x2 * ((uint64_t) x107 * x105 + (uint64_t) x109 * x103));
 uint64_t x586 = 0x2 * ((uint64_t) x106 * x105 + (uint64_t) x107 * x104 + (uint64_t) x108 * x103);
 uint64_t x587 = 0x2 * ((uint64_t) x105 * x105 + (uint64_t) x106 * x104 + (uint64_t) (0x2 * x107) * x103);
 uint64_t x588 = 0x2 * ((uint64_t) x105 * x104 + (uint64_t) x106 * x103);
 uint64_t x589 = (uint64_t) x104 * x104 + (uint64_t) (0x4 * x105) * x103;
 uint64_t x590 = (uint64_t) (0x2 * x104) * x103;
 uint64_t x591 = (uint64_t) (0x2 * x103) * x103;
 uint64_t x592 = x581 + x591 << 0x4;
 uint64_t x593 = x592 + x591 << 0x1;
 uint64_t x594 = x593 + x591;
 uint64_t x595 = x580 + x590 << 0x4;
 uint64_t x596 = x595 + x590 << 0x1;
 uint64_t x597 = x596 + x590;
 uint64_t x598 = x579 + x589 << 0x4;
 uint64_t x599 = x598 + x589 << 0x1;
 uint64_t x600 = x599 + x589;
 uint64_t x601 = x578 + x588 << 0x4;
 uint64_t x602 = x601 + x588 << 0x1;
 uint64_t x603 = x602 + x588;
 uint64_t x604 = x577 + x587 << 0x4;
 uint64_t x605 = x604 + x587 << 0x1;
 uint64_t x606 = x605 + x587;
 uint64_t x607 = x576 + x586 << 0x4;
 uint64_t x608 = x607 + x586 << 0x1;
 uint64_t x609 = x608 + x586;
 uint64_t x610 = x575 + x585 << 0x4;
 uint64_t x611 = x610 + x585 << 0x1;
 uint64_t x612 = x611 + x585;
 uint64_t x613 = x574 + x584 << 0x4;
 uint64_t x614 = x613 + x584 << 0x1;
 uint64_t x615 = x614 + x584;
 uint64_t x616 = x573 + x583 << 0x4;
 uint64_t x617 = x616 + x583 << 0x1;
 uint64_t x618 = x617 + x583;
 uint64_t x619 = x618 >> 0x1a;
 uint32_t x620 = (uint32_t) x618 & 0x3ffffff;
 uint64_t x621 = x619 + x615;
 uint64_t x622 = x621 >> 0x19;
 uint32_t x623 = (uint32_t) x621 & 0x1ffffff;
 uint64_t x624 = x622 + x612;
 uint64_t x625 = x624 >> 0x1a;
 uint32_t x626 = (uint32_t) x624 & 0x3ffffff;
 uint64_t x627 = x625 + x609;
 uint64_t x628 = x627 >> 0x19;
 uint32_t x629 = (uint32_t) x627 & 0x1ffffff;
 uint64_t x630 = x628 + x606;
 uint64_t x631 = x630 >> 0x1a;
 uint32_t x632 = (uint32_t) x630 & 0x3ffffff;
 uint64_t x633 = x631 + x603;
 uint64_t x634 = x633 >> 0x19;
 uint32_t x635 = (uint32_t) x633 & 0x1ffffff;
 uint64_t x636 = x634 + x600;
 uint64_t x637 = x636 >> 0x1a;
 uint32_t x638 = (uint32_t) x636 & 0x3ffffff;
 uint64_t x639 = x637 + x597;
 uint64_t x640 = x639 >> 0x19;
 uint32_t x641 = (uint32_t) x639 & 0x1ffffff;
 uint64_t x642 = x640 + x594;
 uint64_t x643 = x642 >> 0x1a;
 uint32_t x644 = (uint32_t) x642 & 0x3ffffff;
 uint64_t x645 = x643 + x582;
 uint32_t x646 = (uint32_t) (x645 >> 0x19);
 uint32_t x647 = (uint32_t) x645 & 0x1ffffff;
 uint64_t x648 = x620 + (uint64_t) 0x13 * x646;
 uint32_t x649 = (uint32_t) (x648 >> 0x1a);
 uint32_t x650 = (uint32_t) x648 & 0x3ffffff;
 uint32_t x651 = x649 + x623;
 uint32_t x652 = x651 >> 0x19;
 uint32_t x653 = x651 & 0x1ffffff;
 uint32_t x654 = x652 + x626;
 uint64_t x655 = (uint64_t) x122 * x122;
 uint64_t x656 = (uint64_t) (0x2 * x122) * x121;
 uint64_t x657 = 0x2 * ((uint64_t) x121 * x121 + (uint64_t) x122 * x120);
 uint64_t x658 = 0x2 * ((uint64_t) x121 * x120 + (uint64_t) x122 * x119);
 uint64_t x659 = (uint64_t) x120 * x120 + (uint64_t) (0x4 * x121) * x119 + (uint64_t) (0x2 * x122) * x118;
 uint64_t x660 = 0x2 * ((uint64_t) x120 * x119 + (uint64_t) x121 * x118 + (uint64_t) x122 * x117);
 uint64_t x661 = 0x2 * ((uint64_t) x119 * x119 + (uint64_t) x120 * x118 + (uint64_t) x122 * x116 + (uint64_t) (0x2 * x121) * x117);
 uint64_t x662 = 0x2 * ((uint64_t) x119 * x118 + (uint64_t) x120 * x117 + (uint64_t) x121 * x116 + (uint64_t) x122 * x115);
 uint64_t x663 = (uint64_t) x118 * x118 + 0x2 * ((uint64_t) x120 * x116 + (uint64_t) x122 * x114 + 0x2 * ((uint64_t) x121 * x115 + (uint64_t) x119 * x117));
 uint64_t x664 = 0x2 * ((uint64_t) x118 * x117 + (uint64_t) x119 * x116 + (uint64_t) x120 * x115 + (uint64_t) x121 * x114 + (uint64_t) x122 * x113);
 uint64_t x665 = 0x2 * ((uint64_t) x117 * x117 + (uint64_t) x118 * x116 + (uint64_t) x120 * x114 + 0x2 * ((uint64_t) x119 * x115 + (uint64_t) x121 * x113));
 uint64_t x666 = 0x2 * ((uint64_t) x117 * x116 + (uint64_t) x118 * x115 + (uint64_t) x119 * x114 + (uint64_t) x120 * x113);
 uint64_t x667 = (uint64_t) x116 * x116 + 0x2 * ((uint64_t) x118 * x114 + 0x2 * ((uint64_t) x117 * x115 + (uint64_t) x119 * x113));
 uint64_t x668 = 0x2 * ((uint64_t) x116 * x115 + (uint64_t) x117 * x114 + (uint64_t) x118 * x113);
 uint64_t x669 = 0x2 * ((uint64_t) x115 * x115 + (uint64_t) x116 * x114 + (uint64_t) (0x2 * x117) * x113);
 uint64_t x670 = 0x2 * ((uint64_t) x115 * x114 + (uint64_t) x116 * x113);
 uint64_t x671 = (uint64_t) x114 * x114 + (uint64_t) (0x4 * x115) * x113;
 uint64_t x672 = (uint64_t) (0x2 * x114) * x113;
 uint64_t x673 = (uint64_t) (0x2 * x113) * x113;
 uint64_t x674 = x663 + x673 << 0x4;
 uint64_t x675 = x674 + x673 << 0x1;
 uint64_t x676 = x675 + x673;
 uint64_t x677 = x662 + x672 << 0x4;
 uint64_t x678 = x677 + x672 << 0x1;
 uint64_t x679 = x678 + x672;
 uint64_t x680 = x661 + x671 << 0x4;
 uint64_t x681 = x680 + x671 << 0x1;
 uint64_t x682 = x681 + x671;
 uint64_t x683 = x660 + x670 << 0x4;
 uint64_t x684 = x683 + x670 << 0x1;
 uint64_t x685 = x684 + x670;
 uint64_t x686 = x659 + x669 << 0x4;
 uint64_t x687 = x686 + x669 << 0x1;
 uint64_t x688 = x687 + x669;
 uint64_t x689 = x658 + x668 << 0x4;
 uint64_t x690 = x689 + x668 << 0x1;
 uint64_t x691 = x690 + x668;
 uint64_t x692 = x657 + x667 << 0x4;
 uint64_t x693 = x692 + x667 << 0x1;
 uint64_t x694 = x693 + x667;
 uint64_t x695 = x656 + x666 << 0x4;
 uint64_t x696 = x695 + x666 << 0x1;
 uint64_t x697 = x696 + x666;
 uint64_t x698 = x655 + x665 << 0x4;
 uint64_t x699 = x698 + x665 << 0x1;
 uint64_t x700 = x699 + x665;
 uint64_t x701 = x700 >> 0x1a;
 uint32_t x702 = (uint32_t) x700 & 0x3ffffff;
 uint64_t x703 = x701 + x697;
 uint64_t x704 = x703 >> 0x19;
 uint32_t x705 = (uint32_t) x703 & 0x1ffffff;
 uint64_t x706 = x704 + x694;
 uint64_t x707 = x706 >> 0x1a;
 uint32_t x708 = (uint32_t) x706 & 0x3ffffff;
 uint64_t x709 = x707 + x691;
 uint64_t x710 = x709 >> 0x19;
 uint32_t x711 = (uint32_t) x709 & 0x1ffffff;
 uint64_t x712 = x710 + x688;
 uint64_t x713 = x712 >> 0x1a;
 uint32_t x714 = (uint32_t) x712 & 0x3ffffff;
 uint64_t x715 = x713 + x685;
 uint64_t x716 = x715 >> 0x19;
 uint32_t x717 = (uint32_t) x715 & 0x1ffffff;
 uint64_t x718 = x716 + x682;
 uint64_t x719 = x718 >> 0x1a;
 uint32_t x720 = (uint32_t) x718 & 0x3ffffff;
 uint64_t x721 = x719 + x679;
 uint64_t x722 = x721 >> 0x19;
 uint32_t x723 = (uint32_t) x721 & 0x1ffffff;
 uint64_t x724 = x722 + x676;
 uint64_t x725 = x724 >> 0x1a;
 uint32_t x726 = (uint32_t) x724 & 0x3ffffff;
 uint64_t x727 = x725 + x664;
 uint64_t x728 = x727 >> 0x19;
 uint32_t x729 = (uint32_t) x727 & 0x1ffffff;
 uint64_t x730 = x702 + 0x13 * x728;
 uint32_t x731 = (uint32_t) (x730 >> 0x1a);
 uint32_t x732 = (uint32_t) x730 & 0x3ffffff;
 uint32_t x733 = x731 + x705;
 uint32_t x734 = x733 >> 0x19;
 uint32_t x735 = x733 & 0x1ffffff;
 uint32_t x736 = x734 + x708;
 uint64_t x737 = (uint64_t) x732 * x650;
 uint64_t x738 = (uint64_t) x732 * x653 + (uint64_t) x735 * x650;
 uint64_t x739 = (uint64_t) (0x2 * x735) * x653 + (uint64_t) x732 * x654 + (uint64_t) x736 * x650;
 uint64_t x740 = (uint64_t) x735 * x654 + (uint64_t) x736 * x653 + (uint64_t) x732 * x629 + (uint64_t) x711 * x650;
 uint64_t x741 = (uint64_t) x736 * x654 + 0x2 * ((uint64_t) x735 * x629 + (uint64_t) x711 * x653) + (uint64_t) x732 * x632 + (uint64_t) x714 * x650;
 uint64_t x742 = (uint64_t) x736 * x629 + (uint64_t) x711 * x654 + (uint64_t) x735 * x632 + (uint64_t) x714 * x653 + (uint64_t) x732 * x635 + (uint64_t) x717 * x650;
 uint64_t x743 = 0x2 * ((uint64_t) x711 * x629 + (uint64_t) x735 * x635 + (uint64_t) x717 * x653) + (uint64_t) x736 * x632 + (uint64_t) x714 * x654 + (uint64_t) x732 * x638 + (uint64_t) x720 * x650;
 uint64_t x744 = (uint64_t) x711 * x632 + (uint64_t) x714 * x629 + (uint64_t) x736 * x635 + (uint64_t) x717 * x654 + (uint64_t) x735 * x638 + (uint64_t) x720 * x653 + (uint64_t) x732 * x641 + (uint64_t) x723 * x650;
 uint64_t x745 = (uint64_t) x714 * x632 + 0x2 * ((uint64_t) x711 * x635 + (uint64_t) x717 * x629 + (uint64_t) x735 * x641 + (uint64_t) x723 * x653) + (uint64_t) x736 * x638 + (uint64_t) x720 * x654 + (uint64_t) x732 * x644 + (uint64_t) x726 * x650;
 uint64_t x746 = (uint64_t) x714 * x635 + (uint64_t) x717 * x632 + (uint64_t) x711 * x638 + (uint64_t) x720 * x629 + (uint64_t) x736 * x641 + (uint64_t) x723 * x654 + (uint64_t) x735 * x644 + (uint64_t) x726 * x653 + (uint64_t) x732 * x647 + (uint64_t) x729 * x650;
 uint64_t x747 = 0x2 * ((uint64_t) x717 * x635 + (uint64_t) x711 * x641 + (uint64_t) x723 * x629 + (uint64_t) x735 * x647 + (uint64_t) x729 * x653) + (uint64_t) x714 * x638 + (uint64_t) x720 * x632 + (uint64_t) x736 * x644 + (uint64_t) x726 * x654;
 uint64_t x748 = (uint64_t) x717 * x638 + (uint64_t) x720 * x635 + (uint64_t) x714 * x641 + (uint64_t) x723 * x632 + (uint64_t) x711 * x644 + (uint64_t) x726 * x629 + (uint64_t) x736 * x647 + (uint64_t) x729 * x654;
 uint64_t x749 = (uint64_t) x720 * x638 + 0x2 * ((uint64_t) x717 * x641 + (uint64_t) x723 * x635 + (uint64_t) x711 * x647 + (uint64_t) x729 * x629) + (uint64_t) x714 * x644 + (uint64_t) x726 * x632;
 uint64_t x750 = (uint64_t) x720 * x641 + (uint64_t) x723 * x638 + (uint64_t) x717 * x644 + (uint64_t) x726 * x635 + (uint64_t) x714 * x647 + (uint64_t) x729 * x632;
 uint64_t x751 = 0x2 * ((uint64_t) x723 * x641 + (uint64_t) x717 * x647 + (uint64_t) x729 * x635) + (uint64_t) x720 * x644 + (uint64_t) x726 * x638;
 uint64_t x752 = (uint64_t) x723 * x644 + (uint64_t) x726 * x641 + (uint64_t) x720 * x647 + (uint64_t) x729 * x638;
 uint64_t x753 = (uint64_t) x726 * x644 + 0x2 * ((uint64_t) x723 * x647 + (uint64_t) x729 * x641);
 uint64_t x754 = (uint64_t) x726 * x647 + (uint64_t) x729 * x644;
 uint64_t x755 = (uint64_t) (0x2 * x729) * x647;
 uint64_t x756 = x745 + x755 << 0x4;
 uint64_t x757 = x756 + x755 << 0x1;
 uint64_t x758 = x757 + x755;
 uint64_t x759 = x744 + x754 << 0x4;
 uint64_t x760 = x759 + x754 << 0x1;
 uint64_t x761 = x760 + x754;
 uint64_t x762 = x743 + x753 << 0x4;
 uint64_t x763 = x762 + x753 << 0x1;
 uint64_t x764 = x763 + x753;
 uint64_t x765 = x742 + x752 << 0x4;
 uint64_t x766 = x765 + x752 << 0x1;
 uint64_t x767 = x766 + x752;
 uint64_t x768 = x741 + x751 << 0x4;
 uint64_t x769 = x768 + x751 << 0x1;
 uint64_t x770 = x769 + x751;
 uint64_t x771 = x740 + x750 << 0x4;
 uint64_t x772 = x771 + x750 << 0x1;
 uint64_t x773 = x772 + x750;
 uint64_t x774 = x739 + x749 << 0x4;
 uint64_t x775 = x774 + x749 << 0x1;
 uint64_t x776 = x775 + x749;
 uint64_t x777 = x738 + x748 << 0x4;
 uint64_t x778 = x777 + x748 << 0x1;
 uint64_t x779 = x778 + x748;
 uint64_t x780 = x737 + x747 << 0x4;
 uint64_t x781 = x780 + x747 << 0x1;
 uint64_t x782 = x781 + x747;
 uint64_t x783 = x782 >> 0x1a;
 uint32_t x784 = (uint32_t) x782 & 0x3ffffff;
 uint64_t x785 = x783 + x779;
 uint64_t x786 = x785 >> 0x19;
 uint32_t x787 = (uint32_t) x785 & 0x1ffffff;
 uint64_t x788 = x786 + x776;
 uint64_t x789 = x788 >> 0x1a;
 uint32_t x790 = (uint32_t) x788 & 0x3ffffff;
 uint64_t x791 = x789 + x773;
 uint64_t x792 = x791 >> 0x19;
 uint32_t x793 = (uint32_t) x791 & 0x1ffffff;
 uint64_t x794 = x792 + x770;
 uint64_t x795 = x794 >> 0x1a;
 uint32_t x796 = (uint32_t) x794 & 0x3ffffff;
 uint64_t x797 = x795 + x767;
 uint64_t x798 = x797 >> 0x19;
 uint32_t x799 = (uint32_t) x797 & 0x1ffffff;
 uint64_t x800 = x798 + x764;
 uint32_t x801 = (uint32_t) (x800 >> 0x1a);
 uint32_t x802 = (uint32_t) x800 & 0x3ffffff;
 uint64_t x803 = x801 + x761;
 uint32_t x804 = (uint32_t) (x803 >> 0x19);
 uint32_t x805 = (uint32_t) x803 & 0x1ffffff;
 uint64_t x806 = x804 + x758;
 uint32_t x807 = (uint32_t) (x806 >> 0x1a);
 uint32_t x808 = (uint32_t) x806 & 0x3ffffff;
 uint64_t x809 = x807 + x746;
 uint32_t x810 = (uint32_t) (x809 >> 0x19);
 uint32_t x811 = (uint32_t) x809 & 0x1ffffff;
 uint64_t x812 = x784 + (uint64_t) 0x13 * x810;
 uint32_t x813 = (uint32_t) (x812 >> 0x1a);
 uint32_t x814 = (uint32_t) x812 & 0x3ffffff;
 uint32_t x815 = x813 + x787;
 uint32_t x816 = x815 >> 0x19;
 uint32_t x817 = x815 & 0x1ffffff;
 uint32_t x818 = x816 + x790;
 uint32_t x819 = 0x3fffffe + x647 - x729;
 uint32_t x820 = 0x7fffffe + x644 - x726;
 uint32_t x821 = 0x3fffffe + x641 - x723;
 uint32_t x822 = 0x7fffffe + x638 - x720;
 uint32_t x823 = 0x3fffffe + x635 - x717;
 uint32_t x824 = 0x7fffffe + x632 - x714;
 uint32_t x825 = 0x3fffffe + x629 - x711;
 uint32_t x826 = 0x7fffffe + x654 - x736;
 uint32_t x827 = 0x3fffffe + x653 - x735;
 uint32_t x828 = 0x7ffffda + x650 - x732;
 uint64_t x829 = (uint64_t) 0x1db41 * x828;
 uint64_t x830 = (uint64_t) 0x1db41 * x827;
 uint64_t x831 = (uint64_t) 0x1db41 * x826;
 uint64_t x832 = (uint64_t) 0x1db41 * x825;
 uint64_t x833 = (uint64_t) 0x1db41 * x824;
 uint64_t x834 = (uint64_t) 0x1db41 * x823;
 uint64_t x835 = (uint64_t) 0x1db41 * x822;
 uint64_t x836 = (uint64_t) 0x1db41 * x821;
 uint64_t x837 = (uint64_t) 0x1db41 * x820;
 uint64_t x838 = (uint64_t) 0x1db41 * x819;
 uint32_t x839 = (uint32_t) (x829 >> 0x1a);
 uint32_t x840 = (uint32_t) x829 & 0x3ffffff;
 uint64_t x841 = x839 + x830;
 uint32_t x842 = (uint32_t) (x841 >> 0x19);
 uint32_t x843 = (uint32_t) x841 & 0x1ffffff;
 uint64_t x844 = x842 + x831;
 uint32_t x845 = (uint32_t) (x844 >> 0x1a);
 uint32_t x846 = (uint32_t) x844 & 0x3ffffff;
 uint64_t x847 = x845 + x832;
 uint32_t x848 = (uint32_t) (x847 >> 0x19);
 uint32_t x849 = (uint32_t) x847 & 0x1ffffff;
 uint64_t x850 = x848 + x833;
 uint32_t x851 = (uint32_t) (x850 >> 0x1a);
 uint32_t x852 = (uint32_t) x850 & 0x3ffffff;
 uint64_t x853 = x851 + x834;
 uint32_t x854 = (uint32_t) (x853 >> 0x19);
 uint32_t x855 = (uint32_t) x853 & 0x1ffffff;
 uint64_t x856 = x854 + x835;
 uint32_t x857 = (uint32_t) (x856 >> 0x1a);
 uint32_t x858 = (uint32_t) x856 & 0x3ffffff;
 uint64_t x859 = x857 + x836;
 uint32_t x860 = (uint32_t) (x859 >> 0x19);
 uint32_t x861 = (uint32_t) x859 & 0x1ffffff;
 uint64_t x862 = x860 + x837;
 uint32_t x863 = (uint32_t) (x862 >> 0x1a);
 uint32_t x864 = (uint32_t) x862 & 0x3ffffff;
 uint64_t x865 = x863 + x838;
 uint32_t x866 = (uint32_t) (x865 >> 0x19);
 uint32_t x867 = (uint32_t) x865 & 0x1ffffff;
 uint32_t x868 = x840 + 0x13 * x866;
 uint32_t x869 = x868 >> 0x1a;
 uint32_t x870 = x868 & 0x3ffffff;
 uint32_t x871 = x869 + x843;
 uint32_t x872 = x871 >> 0x19;
 uint32_t x873 = x871 & 0x1ffffff;
 uint32_t x874 = x872 + x846;
 uint32_t x875 = x867 + x647;
 uint32_t x876 = x864 + x644;
 uint32_t x877 = x861 + x641;
 uint32_t x878 = x858 + x638;
 uint32_t x879 = x855 + x635;
 uint32_t x880 = x852 + x632;
 uint32_t x881 = x849 + x629;
 uint32_t x882 = x874 + x654;
 uint32_t x883 = x873 + x653;
 uint32_t x884 = x870 + x650;
 uint64_t x885 = (uint64_t) x884 * x828;
 uint64_t x886 = (uint64_t) x884 * x827 + (uint64_t) x883 * x828;
 uint64_t x887 = (uint64_t) (0x2 * x883) * x827 + (uint64_t) x884 * x826 + (uint64_t) x882 * x828;
 uint64_t x888 = (uint64_t) x883 * x826 + (uint64_t) x882 * x827 + (uint64_t) x884 * x825 + (uint64_t) x881 * x828;
 uint64_t x889 = (uint64_t) x882 * x826 + 0x2 * ((uint64_t) x883 * x825 + (uint64_t) x881 * x827) + (uint64_t) x884 * x824 + (uint64_t) x880 * x828;
 uint64_t x890 = (uint64_t) x882 * x825 + (uint64_t) x881 * x826 + (uint64_t) x883 * x824 + (uint64_t) x880 * x827 + (uint64_t) x884 * x823 + (uint64_t) x879 * x828;
 uint64_t x891 = 0x2 * ((uint64_t) x881 * x825 + (uint64_t) x883 * x823 + (uint64_t) x879 * x827) + (uint64_t) x882 * x824 + (uint64_t) x880 * x826 + (uint64_t) x884 * x822 + (uint64_t) x878 * x828;
 uint64_t x892 = (uint64_t) x881 * x824 + (uint64_t) x880 * x825 + (uint64_t) x882 * x823 + (uint64_t) x879 * x826 + (uint64_t) x883 * x822 + (uint64_t) x878 * x827 + (uint64_t) x884 * x821 + (uint64_t) x877 * x828;
 uint64_t x893 = (uint64_t) x880 * x824 + 0x2 * ((uint64_t) x881 * x823 + (uint64_t) x879 * x825 + (uint64_t) x883 * x821 + (uint64_t) x877 * x827) + (uint64_t) x882 * x822 + (uint64_t) x878 * x826 + (uint64_t) x884 * x820 + (uint64_t) x876 * x828;
 uint64_t x894 = (uint64_t) x880 * x823 + (uint64_t) x879 * x824 + (uint64_t) x881 * x822 + (uint64_t) x878 * x825 + (uint64_t) x882 * x821 + (uint64_t) x877 * x826 + (uint64_t) x883 * x820 + (uint64_t) x876 * x827 + (uint64_t) x884 * x819 + (uint64_t) x875 * x828;
 uint64_t x895 = 0x2 * ((uint64_t) x879 * x823 + (uint64_t) x881 * x821 + (uint64_t) x877 * x825 + (uint64_t) x883 * x819 + (uint64_t) x875 * x827) + (uint64_t) x880 * x822 + (uint64_t) x878 * x824 + (uint64_t) x882 * x820 + (uint64_t) x876 * x826;
 uint64_t x896 = (uint64_t) x879 * x822 + (uint64_t) x878 * x823 + (uint64_t) x880 * x821 + (uint64_t) x877 * x824 + (uint64_t) x881 * x820 + (uint64_t) x876 * x825 + (uint64_t) x882 * x819 + (uint64_t) x875 * x826;
 uint64_t x897 = (uint64_t) x878 * x822 + 0x2 * ((uint64_t) x879 * x821 + (uint64_t) x877 * x823 + (uint64_t) x881 * x819 + (uint64_t) x875 * x825) + (uint64_t) x880 * x820 + (uint64_t) x876 * x824;
 uint64_t x898 = (uint64_t) x878 * x821 + (uint64_t) x877 * x822 + (uint64_t) x879 * x820 + (uint64_t) x876 * x823 + (uint64_t) x880 * x819 + (uint64_t) x875 * x824;
 uint64_t x899 = 0x2 * ((uint64_t) x877 * x821 + (uint64_t) x879 * x819 + (uint64_t) x875 * x823) + (uint64_t) x878 * x820 + (uint64_t) x876 * x822;
 uint64_t x900 = (uint64_t) x877 * x820 + (uint64_t) x876 * x821 + (uint64_t) x878 * x819 + (uint64_t) x875 * x822;
 uint64_t x901 = (uint64_t) x876 * x820 + 0x2 * ((uint64_t) x877 * x819 + (uint64_t) x875 * x821);
 uint64_t x902 = (uint64_t) x876 * x819 + (uint64_t) x875 * x820;
 uint64_t x903 = (uint64_t) (0x2 * x875) * x819;
 uint64_t x904 = x893 + x903 << 0x4;
 uint64_t x905 = x904 + x903 << 0x1;
 uint64_t x906 = x905 + x903;
 uint64_t x907 = x892 + x902 << 0x4;
 uint64_t x908 = x907 + x902 << 0x1;
 uint64_t x909 = x908 + x902;
 uint64_t x910 = x891 + x901 << 0x4;
 uint64_t x911 = x910 + x901 << 0x1;
 uint64_t x912 = x911 + x901;
 uint64_t x913 = x890 + x900 << 0x4;
 uint64_t x914 = x913 + x900 << 0x1;
 uint64_t x915 = x914 + x900;
 uint64_t x916 = x889 + x899 << 0x4;
 uint64_t x917 = x916 + x899 << 0x1;
 uint64_t x918 = x917 + x899;
 uint64_t x919 = x888 + x898 << 0x4;
 uint64_t x920 = x919 + x898 << 0x1;
 uint64_t x921 = x920 + x898;
 uint64_t x922 = x887 + x897 << 0x4;
 uint64_t x923 = x922 + x897 << 0x1;
 uint64_t x924 = x923 + x897;
 uint64_t x925 = x886 + x896 << 0x4;
 uint64_t x926 = x925 + x896 << 0x1;
 uint64_t x927 = x926 + x896;
 uint64_t x928 = x885 + x895 << 0x4;
 uint64_t x929 = x928 + x895 << 0x1;
 uint64_t x930 = x929 + x895;
 uint64_t x931 = x930 >> 0x1a;
 uint32_t x932 = (uint32_t) x930 & 0x3ffffff;
 uint64_t x933 = x931 + x927;
 uint64_t x934 = x933 >> 0x19;
 uint32_t x935 = (uint32_t) x933 & 0x1ffffff;
 uint64_t x936 = x934 + x924;
 uint64_t x937 = x936 >> 0x1a;
 uint32_t x938 = (uint32_t) x936 & 0x3ffffff;
 uint64_t x939 = x937 + x921;
 uint64_t x940 = x939 >> 0x19;
 uint32_t x941 = (uint32_t) x939 & 0x1ffffff;
 uint64_t x942 = x940 + x918;
 uint64_t x943 = x942 >> 0x1a;
 uint32_t x944 = (uint32_t) x942 & 0x3ffffff;
 uint64_t x945 = x943 + x915;
 uint64_t x946 = x945 >> 0x19;
 uint32_t x947 = (uint32_t) x945 & 0x1ffffff;
 uint64_t x948 = x946 + x912;
 uint64_t x949 = x948 >> 0x1a;
 uint32_t x950 = (uint32_t) x948 & 0x3ffffff;
 uint64_t x951 = x949 + x909;
 uint64_t x952 = x951 >> 0x19;
 uint32_t x953 = (uint32_t) x951 & 0x1ffffff;
 uint64_t x954 = x952 + x906;
 uint64_t x955 = x954 >> 0x1a;
 uint32_t x956 = (uint32_t) x954 & 0x3ffffff;
 uint64_t x957 = x955 + x894;
 uint32_t x958 = (uint32_t) (x957 >> 0x19);
 uint32_t x959 = (uint32_t) x957 & 0x1ffffff;
 uint64_t x960 = x932 + (uint64_t) 0x13 * x958;
 uint32_t x961 = (uint32_t) (x960 >> 0x1a);
 uint32_t x962 = (uint32_t) x960 & 0x3ffffff;
 uint32_t x963 = x961 + x935;
 uint32_t x964 = x963 >> 0x19;
 uint32_t x965 = x963 & 0x1ffffff;
 uint32_t x966 = x964 + x938;
 return (Return x811, Return x808, Return x805, Return x802, Return x799, Return x796, Return x793, Return x818, Return x817, Return x814, (Return x959, Return x956, Return x953, Return x950, Return x947, Return x944, Return x941, Return x966, Return x965, Return x962), (Return x401, Return x398, Return x395, Return x392, Return x389, Return x386, Return x383, Return x408, Return x407, Return x404, (Return x565, Return x562, Return x559, Return x556, Return x553, Return x550, Return x547, Return x572, Return x571, Return x568))))
(x, (x0, x1), (x2, x3))%core in
(let (a0, b0) := a in
(a0, b0), let (a0, b0) := b in
(a0, b0))%core
     : word32 * word32 * word32 * word32 * word32 * word32 * word32 * word32 * word32 * word32 → word32 * word32 * word32 * word32 * word32 * word32 * word32 * word32 * word32 * word32 → word32 * word32 * word32 * word32 * word32 * word32 * word32 * word32 * word32 * word32 → word32 * word32 * word32 * word32 * word32 * word32 * word32 * word32 * word32 * word32 → word32 * word32 * word32 * word32 * word32 * word32 * word32 * word32 * word32 * word32 → word32 * word32 * word32 * word32 * word32 * word32 * word32 * word32 * word32 * word32 * (word32 * word32 * word32 * word32 * word32 * word32 * word32 * word32 * word32 * word32) * (word32 * word32 * word32 * word32 * word32 * word32 * word32 * word32 * word32 * word32 * (word32 * word32 * word32 * word32 * word32 * word32 * word32 * word32 * word32 * word32))
