mul = λ var : Z.Syntax.base_type → Type,
λ '(x8, x9, x7, x5, x3, (x16, x17, x15, x13, x11))%core,
uint64_t x19, uint64_t x20 = mulx_u64(x3, x11);
uint64_t x22, uint64_t x23 = mulx_u64(x3, x13);
uint64_t x25, uint64_t x26 = mulx_u64(x3, x15);
uint64_t x28, uint64_t x29 = mulx_u64(x3, x17);
uint64_t x31, uint64_t x32 = mulx_u64(x3, x16);
uint64_t x34, uint8_t x35 = addcarryx_u64(0x0, x20, x22);
uint64_t x37, uint8_t x38 = addcarryx_u64(x35, x23, x25);
uint64_t x40, uint8_t x41 = addcarryx_u64(x38, x26, x28);
uint64_t x43, uint8_t x44 = addcarryx_u64(x41, x29, x31);
uint64_t x46, uint8_t _ = addcarryx_u64(0x0, x44, x32);
uint64_t x49, uint64_t _ = mulx_u64(x19, 0xaaaaaaaaaaaaaaabL);
uint64_t x52, uint64_t x53 = mulx_u64(x49, 0xfffffffffffffffdL);
uint64_t x55, uint64_t x56 = mulx_u64(x49, 0xffffffffffffffffL);
uint64_t x58, uint64_t x59 = mulx_u64(x49, 0xffffffffffffffffL);
uint64_t x61, uint64_t x62 = mulx_u64(x49, 0xffffffffffffffffL);
uint64_t x64, uint64_t x65 = mulx_u64(x49, 0x3ff);
uint64_t x67, uint8_t x68 = addcarryx_u64(0x0, x53, x55);
uint64_t x70, uint8_t x71 = addcarryx_u64(x68, x56, x58);
uint64_t x73, uint8_t x74 = addcarryx_u64(x71, x59, x61);
uint64_t x76, uint8_t x77 = addcarryx_u64(x74, x62, x64);
uint64_t x79, uint8_t _ = addcarryx_u64(0x0, x77, x65);
uint64_t _, uint8_t x83 = addcarryx_u64(0x0, x19, x52);
uint64_t x85, uint8_t x86 = addcarryx_u64(x83, x34, x67);
uint64_t x88, uint8_t x89 = addcarryx_u64(x86, x37, x70);
uint64_t x91, uint8_t x92 = addcarryx_u64(x89, x40, x73);
uint64_t x94, uint8_t x95 = addcarryx_u64(x92, x43, x76);
uint64_t x97, uint8_t x98 = addcarryx_u64(x95, x46, x79);
uint64_t x100, uint64_t x101 = mulx_u64(x5, x11);
uint64_t x103, uint64_t x104 = mulx_u64(x5, x13);
uint64_t x106, uint64_t x107 = mulx_u64(x5, x15);
uint64_t x109, uint64_t x110 = mulx_u64(x5, x17);
uint64_t x112, uint64_t x113 = mulx_u64(x5, x16);
uint64_t x115, uint8_t x116 = addcarryx_u64(0x0, x101, x103);
uint64_t x118, uint8_t x119 = addcarryx_u64(x116, x104, x106);
uint64_t x121, uint8_t x122 = addcarryx_u64(x119, x107, x109);
uint64_t x124, uint8_t x125 = addcarryx_u64(x122, x110, x112);
uint64_t x127, uint8_t _ = addcarryx_u64(0x0, x125, x113);
uint64_t x130, uint8_t x131 = addcarryx_u64(0x0, x85, x100);
uint64_t x133, uint8_t x134 = addcarryx_u64(x131, x88, x115);
uint64_t x136, uint8_t x137 = addcarryx_u64(x134, x91, x118);
uint64_t x139, uint8_t x140 = addcarryx_u64(x137, x94, x121);
uint64_t x142, uint8_t x143 = addcarryx_u64(x140, x97, x124);
uint64_t x145, uint8_t x146 = addcarryx_u64(x143, x98, x127);
uint64_t x148, uint64_t _ = mulx_u64(x130, 0xaaaaaaaaaaaaaaabL);
uint64_t x151, uint64_t x152 = mulx_u64(x148, 0xfffffffffffffffdL);
uint64_t x154, uint64_t x155 = mulx_u64(x148, 0xffffffffffffffffL);
uint64_t x157, uint64_t x158 = mulx_u64(x148, 0xffffffffffffffffL);
uint64_t x160, uint64_t x161 = mulx_u64(x148, 0xffffffffffffffffL);
uint64_t x163, uint64_t x164 = mulx_u64(x148, 0x3ff);
uint64_t x166, uint8_t x167 = addcarryx_u64(0x0, x152, x154);
uint64_t x169, uint8_t x170 = addcarryx_u64(x167, x155, x157);
uint64_t x172, uint8_t x173 = addcarryx_u64(x170, x158, x160);
uint64_t x175, uint8_t x176 = addcarryx_u64(x173, x161, x163);
uint64_t x178, uint8_t _ = addcarryx_u64(0x0, x176, x164);
uint64_t _, uint8_t x182 = addcarryx_u64(0x0, x130, x151);
uint64_t x184, uint8_t x185 = addcarryx_u64(x182, x133, x166);
uint64_t x187, uint8_t x188 = addcarryx_u64(x185, x136, x169);
uint64_t x190, uint8_t x191 = addcarryx_u64(x188, x139, x172);
uint64_t x193, uint8_t x194 = addcarryx_u64(x191, x142, x175);
uint64_t x196, uint8_t x197 = addcarryx_u64(x194, x145, x178);
uint8_t x198 = (x197 + x146);
uint64_t x200, uint64_t x201 = mulx_u64(x7, x11);
uint64_t x203, uint64_t x204 = mulx_u64(x7, x13);
uint64_t x206, uint64_t x207 = mulx_u64(x7, x15);
uint64_t x209, uint64_t x210 = mulx_u64(x7, x17);
uint64_t x212, uint64_t x213 = mulx_u64(x7, x16);
uint64_t x215, uint8_t x216 = addcarryx_u64(0x0, x201, x203);
uint64_t x218, uint8_t x219 = addcarryx_u64(x216, x204, x206);
uint64_t x221, uint8_t x222 = addcarryx_u64(x219, x207, x209);
uint64_t x224, uint8_t x225 = addcarryx_u64(x222, x210, x212);
uint64_t x227, uint8_t _ = addcarryx_u64(0x0, x225, x213);
uint64_t x230, uint8_t x231 = addcarryx_u64(0x0, x184, x200);
uint64_t x233, uint8_t x234 = addcarryx_u64(x231, x187, x215);
uint64_t x236, uint8_t x237 = addcarryx_u64(x234, x190, x218);
uint64_t x239, uint8_t x240 = addcarryx_u64(x237, x193, x221);
uint64_t x242, uint8_t x243 = addcarryx_u64(x240, x196, x224);
uint64_t x245, uint8_t x246 = addcarryx_u64(x243, x198, x227);
uint64_t x248, uint64_t _ = mulx_u64(x230, 0xaaaaaaaaaaaaaaabL);
uint64_t x251, uint64_t x252 = mulx_u64(x248, 0xfffffffffffffffdL);
uint64_t x254, uint64_t x255 = mulx_u64(x248, 0xffffffffffffffffL);
uint64_t x257, uint64_t x258 = mulx_u64(x248, 0xffffffffffffffffL);
uint64_t x260, uint64_t x261 = mulx_u64(x248, 0xffffffffffffffffL);
uint64_t x263, uint64_t x264 = mulx_u64(x248, 0x3ff);
uint64_t x266, uint8_t x267 = addcarryx_u64(0x0, x252, x254);
uint64_t x269, uint8_t x270 = addcarryx_u64(x267, x255, x257);
uint64_t x272, uint8_t x273 = addcarryx_u64(x270, x258, x260);
uint64_t x275, uint8_t x276 = addcarryx_u64(x273, x261, x263);
uint64_t x278, uint8_t _ = addcarryx_u64(0x0, x276, x264);
uint64_t _, uint8_t x282 = addcarryx_u64(0x0, x230, x251);
uint64_t x284, uint8_t x285 = addcarryx_u64(x282, x233, x266);
uint64_t x287, uint8_t x288 = addcarryx_u64(x285, x236, x269);
uint64_t x290, uint8_t x291 = addcarryx_u64(x288, x239, x272);
uint64_t x293, uint8_t x294 = addcarryx_u64(x291, x242, x275);
uint64_t x296, uint8_t x297 = addcarryx_u64(x294, x245, x278);
uint8_t x298 = (x297 + x246);
uint64_t x300, uint64_t x301 = mulx_u64(x9, x11);
uint64_t x303, uint64_t x304 = mulx_u64(x9, x13);
uint64_t x306, uint64_t x307 = mulx_u64(x9, x15);
uint64_t x309, uint64_t x310 = mulx_u64(x9, x17);
uint64_t x312, uint64_t x313 = mulx_u64(x9, x16);
uint64_t x315, uint8_t x316 = addcarryx_u64(0x0, x301, x303);
uint64_t x318, uint8_t x319 = addcarryx_u64(x316, x304, x306);
uint64_t x321, uint8_t x322 = addcarryx_u64(x319, x307, x309);
uint64_t x324, uint8_t x325 = addcarryx_u64(x322, x310, x312);
uint64_t x327, uint8_t _ = addcarryx_u64(0x0, x325, x313);
uint64_t x330, uint8_t x331 = addcarryx_u64(0x0, x284, x300);
uint64_t x333, uint8_t x334 = addcarryx_u64(x331, x287, x315);
uint64_t x336, uint8_t x337 = addcarryx_u64(x334, x290, x318);
uint64_t x339, uint8_t x340 = addcarryx_u64(x337, x293, x321);
uint64_t x342, uint8_t x343 = addcarryx_u64(x340, x296, x324);
uint64_t x345, uint8_t x346 = addcarryx_u64(x343, x298, x327);
uint64_t x348, uint64_t _ = mulx_u64(x330, 0xaaaaaaaaaaaaaaabL);
uint64_t x351, uint64_t x352 = mulx_u64(x348, 0xfffffffffffffffdL);
uint64_t x354, uint64_t x355 = mulx_u64(x348, 0xffffffffffffffffL);
uint64_t x357, uint64_t x358 = mulx_u64(x348, 0xffffffffffffffffL);
uint64_t x360, uint64_t x361 = mulx_u64(x348, 0xffffffffffffffffL);
uint64_t x363, uint64_t x364 = mulx_u64(x348, 0x3ff);
uint64_t x366, uint8_t x367 = addcarryx_u64(0x0, x352, x354);
uint64_t x369, uint8_t x370 = addcarryx_u64(x367, x355, x357);
uint64_t x372, uint8_t x373 = addcarryx_u64(x370, x358, x360);
uint64_t x375, uint8_t x376 = addcarryx_u64(x373, x361, x363);
uint64_t x378, uint8_t _ = addcarryx_u64(0x0, x376, x364);
uint64_t _, uint8_t x382 = addcarryx_u64(0x0, x330, x351);
uint64_t x384, uint8_t x385 = addcarryx_u64(x382, x333, x366);
uint64_t x387, uint8_t x388 = addcarryx_u64(x385, x336, x369);
uint64_t x390, uint8_t x391 = addcarryx_u64(x388, x339, x372);
uint64_t x393, uint8_t x394 = addcarryx_u64(x391, x342, x375);
uint64_t x396, uint8_t x397 = addcarryx_u64(x394, x345, x378);
uint8_t x398 = (x397 + x346);
uint64_t x400, uint64_t x401 = mulx_u64(x8, x11);
uint64_t x403, uint64_t x404 = mulx_u64(x8, x13);
uint64_t x406, uint64_t x407 = mulx_u64(x8, x15);
uint64_t x409, uint64_t x410 = mulx_u64(x8, x17);
uint64_t x412, uint64_t x413 = mulx_u64(x8, x16);
uint64_t x415, uint8_t x416 = addcarryx_u64(0x0, x401, x403);
uint64_t x418, uint8_t x419 = addcarryx_u64(x416, x404, x406);
uint64_t x421, uint8_t x422 = addcarryx_u64(x419, x407, x409);
uint64_t x424, uint8_t x425 = addcarryx_u64(x422, x410, x412);
uint64_t x427, uint8_t _ = addcarryx_u64(0x0, x425, x413);
uint64_t x430, uint8_t x431 = addcarryx_u64(0x0, x384, x400);
uint64_t x433, uint8_t x434 = addcarryx_u64(x431, x387, x415);
uint64_t x436, uint8_t x437 = addcarryx_u64(x434, x390, x418);
uint64_t x439, uint8_t x440 = addcarryx_u64(x437, x393, x421);
uint64_t x442, uint8_t x443 = addcarryx_u64(x440, x396, x424);
uint64_t x445, uint8_t x446 = addcarryx_u64(x443, x398, x427);
uint64_t x448, uint64_t _ = mulx_u64(x430, 0xaaaaaaaaaaaaaaabL);
uint64_t x451, uint64_t x452 = mulx_u64(x448, 0xfffffffffffffffdL);
uint64_t x454, uint64_t x455 = mulx_u64(x448, 0xffffffffffffffffL);
uint64_t x457, uint64_t x458 = mulx_u64(x448, 0xffffffffffffffffL);
uint64_t x460, uint64_t x461 = mulx_u64(x448, 0xffffffffffffffffL);
uint64_t x463, uint64_t x464 = mulx_u64(x448, 0x3ff);
uint64_t x466, uint8_t x467 = addcarryx_u64(0x0, x452, x454);
uint64_t x469, uint8_t x470 = addcarryx_u64(x467, x455, x457);
uint64_t x472, uint8_t x473 = addcarryx_u64(x470, x458, x460);
uint64_t x475, uint8_t x476 = addcarryx_u64(x473, x461, x463);
uint64_t x478, uint8_t _ = addcarryx_u64(0x0, x476, x464);
uint64_t _, uint8_t x482 = addcarryx_u64(0x0, x430, x451);
uint64_t x484, uint8_t x485 = addcarryx_u64(x482, x433, x466);
uint64_t x487, uint8_t x488 = addcarryx_u64(x485, x436, x469);
uint64_t x490, uint8_t x491 = addcarryx_u64(x488, x439, x472);
uint64_t x493, uint8_t x494 = addcarryx_u64(x491, x442, x475);
uint64_t x496, uint8_t x497 = addcarryx_u64(x494, x445, x478);
uint8_t x498 = (x497 + x446);
uint64_t x500, uint8_t x501 = subborrow_u64(0x0, x484, 0xfffffffffffffffdL);
uint64_t x503, uint8_t x504 = subborrow_u64(x501, x487, 0xffffffffffffffffL);
uint64_t x506, uint8_t x507 = subborrow_u64(x504, x490, 0xffffffffffffffffL);
uint64_t x509, uint8_t x510 = subborrow_u64(x507, x493, 0xffffffffffffffffL);
uint64_t x512, uint8_t x513 = subborrow_u64(x510, x496, 0x3ff);
uint64_t _, uint8_t x516 = subborrow_u64(x513, x498, 0x0);
(cmovznz64(x516, x512, x496), cmovznz64(x516, x509, x493), cmovznz64(x516, x506, x490), cmovznz64(x516, x503, x487), cmovznz64(x516, x500, x484))
     : ∀ var : Z.Syntax.base_type → Type, expr Z.Syntax.base_type Z.Syntax.op (uint64_t * uint64_t * uint64_t * uint64_t * uint64_t * (uint64_t * uint64_t * uint64_t * uint64_t * uint64_t) -> uint64_t * uint64_t * uint64_t * uint64_t * uint64_t)

Argument scope is [function_scope]
