freeze = λ var : Z.Syntax.base_type → Type,
λ '(x18, x19, x17, x15, x13, x11, x9, x7, x5, x3, x1)%core,
uint32_t x21, uint32_t x22 = Op (Z.Syntax.SubWithGetBorrow 26 (Syntax.TWord 5) (Syntax.TWord 5) (Syntax.TWord 5) (Syntax.TWord 5) (Syntax.TWord 5)) (0x0, Return x1, 0x3fffff7);
uint32_t x24, uint32_t x25 = Op (Z.Syntax.SubWithGetBorrow 26 (Syntax.TWord 5) (Syntax.TWord 5) (Syntax.TWord 5) (Syntax.TWord 5) (Syntax.TWord 5)) (Return x22, Return x3, 0x3ffffff);
uint32_t x27, uint32_t x28 = Op (Z.Syntax.SubWithGetBorrow 26 (Syntax.TWord 5) (Syntax.TWord 5) (Syntax.TWord 5) (Syntax.TWord 5) (Syntax.TWord 5)) (Return x25, Return x5, 0x3ffffff);
uint32_t x30, uint32_t x31 = Op (Z.Syntax.SubWithGetBorrow 26 (Syntax.TWord 5) (Syntax.TWord 5) (Syntax.TWord 5) (Syntax.TWord 5) (Syntax.TWord 5)) (Return x28, Return x7, 0x3ffffff);
uint32_t x33, uint32_t x34 = Op (Z.Syntax.SubWithGetBorrow 26 (Syntax.TWord 5) (Syntax.TWord 5) (Syntax.TWord 5) (Syntax.TWord 5) (Syntax.TWord 5)) (Return x31, Return x9, 0x3ffffff);
uint32_t x36, uint32_t x37 = Op (Z.Syntax.SubWithGetBorrow 26 (Syntax.TWord 5) (Syntax.TWord 5) (Syntax.TWord 5) (Syntax.TWord 5) (Syntax.TWord 5)) (Return x34, Return x11, 0x3ffffff);
uint32_t x39, uint32_t x40 = Op (Z.Syntax.SubWithGetBorrow 26 (Syntax.TWord 5) (Syntax.TWord 5) (Syntax.TWord 5) (Syntax.TWord 5) (Syntax.TWord 5)) (Return x37, Return x13, 0x3ffffff);
uint32_t x42, uint32_t x43 = Op (Z.Syntax.SubWithGetBorrow 26 (Syntax.TWord 5) (Syntax.TWord 5) (Syntax.TWord 5) (Syntax.TWord 5) (Syntax.TWord 5)) (Return x40, Return x15, 0x3ffffff);
uint32_t x45, uint32_t x46 = Op (Z.Syntax.SubWithGetBorrow 26 (Syntax.TWord 5) (Syntax.TWord 5) (Syntax.TWord 5) (Syntax.TWord 5) (Syntax.TWord 5)) (Return x43, Return x17, 0x3ffffff);
uint32_t x48, uint32_t x49 = Op (Z.Syntax.SubWithGetBorrow 26 (Syntax.TWord 5) (Syntax.TWord 5) (Syntax.TWord 5) (Syntax.TWord 5) (Syntax.TWord 5)) (Return x46, Return x19, 0x3ffffff);
uint32_t x51, uint32_t x52 = Op (Z.Syntax.SubWithGetBorrow 25 (Syntax.TWord 5) (Syntax.TWord 5) (Syntax.TWord 5) (Syntax.TWord 5) (Syntax.TWord 5)) (Return x49, Return x18, 0x1ffffff);
uint32_t x53 = cmovznz32(x52, 0x0, 0xffffffff);
uint32_t x54 = (x53 & 0x3fffff7);
uint32_t x56, uint32_t x57 = Op (Z.Syntax.AddWithGetCarry 26 (Syntax.TWord 5) (Syntax.TWord 5) (Syntax.TWord 5) (Syntax.TWord 5) (Syntax.TWord 5)) (0x0, Return x21, Return x54);
uint32_t x58 = (x53 & 0x3ffffff);
uint32_t x60, uint32_t x61 = Op (Z.Syntax.AddWithGetCarry 26 (Syntax.TWord 5) (Syntax.TWord 5) (Syntax.TWord 5) (Syntax.TWord 5) (Syntax.TWord 5)) (Return x57, Return x24, Return x58);
uint32_t x62 = (x53 & 0x3ffffff);
uint32_t x64, uint32_t x65 = Op (Z.Syntax.AddWithGetCarry 26 (Syntax.TWord 5) (Syntax.TWord 5) (Syntax.TWord 5) (Syntax.TWord 5) (Syntax.TWord 5)) (Return x61, Return x27, Return x62);
uint32_t x66 = (x53 & 0x3ffffff);
uint32_t x68, uint32_t x69 = Op (Z.Syntax.AddWithGetCarry 26 (Syntax.TWord 5) (Syntax.TWord 5) (Syntax.TWord 5) (Syntax.TWord 5) (Syntax.TWord 5)) (Return x65, Return x30, Return x66);
uint32_t x70 = (x53 & 0x3ffffff);
uint32_t x72, uint32_t x73 = Op (Z.Syntax.AddWithGetCarry 26 (Syntax.TWord 5) (Syntax.TWord 5) (Syntax.TWord 5) (Syntax.TWord 5) (Syntax.TWord 5)) (Return x69, Return x33, Return x70);
uint32_t x74 = (x53 & 0x3ffffff);
uint32_t x76, uint32_t x77 = Op (Z.Syntax.AddWithGetCarry 26 (Syntax.TWord 5) (Syntax.TWord 5) (Syntax.TWord 5) (Syntax.TWord 5) (Syntax.TWord 5)) (Return x73, Return x36, Return x74);
uint32_t x78 = (x53 & 0x3ffffff);
uint32_t x80, uint32_t x81 = Op (Z.Syntax.AddWithGetCarry 26 (Syntax.TWord 5) (Syntax.TWord 5) (Syntax.TWord 5) (Syntax.TWord 5) (Syntax.TWord 5)) (Return x77, Return x39, Return x78);
uint32_t x82 = (x53 & 0x3ffffff);
uint32_t x84, uint32_t x85 = Op (Z.Syntax.AddWithGetCarry 26 (Syntax.TWord 5) (Syntax.TWord 5) (Syntax.TWord 5) (Syntax.TWord 5) (Syntax.TWord 5)) (Return x81, Return x42, Return x82);
uint32_t x86 = (x53 & 0x3ffffff);
uint32_t x88, uint32_t x89 = Op (Z.Syntax.AddWithGetCarry 26 (Syntax.TWord 5) (Syntax.TWord 5) (Syntax.TWord 5) (Syntax.TWord 5) (Syntax.TWord 5)) (Return x85, Return x45, Return x86);
uint32_t x90 = (x53 & 0x3ffffff);
uint32_t x92, uint32_t x93 = Op (Z.Syntax.AddWithGetCarry 26 (Syntax.TWord 5) (Syntax.TWord 5) (Syntax.TWord 5) (Syntax.TWord 5) (Syntax.TWord 5)) (Return x89, Return x48, Return x90);
uint32_t x94 = (x53 & 0x1ffffff);
uint32_t x96, uint32_t _ = Op (Z.Syntax.AddWithGetCarry 25 (Syntax.TWord 5) (Syntax.TWord 5) (Syntax.TWord 5) (Syntax.TWord 5) (Syntax.TWord 5)) (Return x93, Return x51, Return x94);
(Return x96, Return x92, Return x88, Return x84, Return x80, Return x76, Return x72, Return x68, Return x64, Return x60, Return x56)
     : ∀ var : Z.Syntax.base_type → Type, expr Z.Syntax.base_type Z.Syntax.op (uint32_t * uint32_t * uint32_t * uint32_t * uint32_t * uint32_t * uint32_t * uint32_t * uint32_t * uint32_t * uint32_t -> uint32_t * uint32_t * uint32_t * uint32_t * uint32_t * uint32_t * uint32_t * uint32_t * uint32_t * uint32_t * uint32_t)

Argument scope is [function_scope]
