mul = λ var : Z.Syntax.base_type → Type,
λ '(x24, x25, x23, x21, x19, x17, x15, x13, x11, x9, x7, x5, x3, (x48, x49, x47, x45, x43, x41, x39, x37, x35, x33, x31, x29, x27))%core,
uint32_t x51, uint32_t x52 = mulx_u32(x3, x27);
uint32_t x54, uint32_t x55 = mulx_u32(x3, x29);
uint32_t x57, uint32_t x58 = mulx_u32(x3, x31);
uint32_t x60, uint32_t x61 = mulx_u32(x3, x33);
uint32_t x63, uint32_t x64 = mulx_u32(x3, x35);
uint32_t x66, uint32_t x67 = mulx_u32(x3, x37);
uint32_t x69, uint32_t x70 = mulx_u32(x3, x39);
uint32_t x72, uint32_t x73 = mulx_u32(x3, x41);
uint32_t x75, uint32_t x76 = mulx_u32(x3, x43);
uint32_t x78, uint32_t x79 = mulx_u32(x3, x45);
uint32_t x81, uint32_t x82 = mulx_u32(x3, x47);
uint32_t x84, uint32_t x85 = mulx_u32(x3, x49);
uint32_t x87, uint32_t x88 = mulx_u32(x3, x48);
uint32_t x90, uint8_t x91 = addcarryx_u32(0x0, x52, x54);
uint32_t x93, uint8_t x94 = addcarryx_u32(x91, x55, x57);
uint32_t x96, uint8_t x97 = addcarryx_u32(x94, x58, x60);
uint32_t x99, uint8_t x100 = addcarryx_u32(x97, x61, x63);
uint32_t x102, uint8_t x103 = addcarryx_u32(x100, x64, x66);
uint32_t x105, uint8_t x106 = addcarryx_u32(x103, x67, x69);
uint32_t x108, uint8_t x109 = addcarryx_u32(x106, x70, x72);
uint32_t x111, uint8_t x112 = addcarryx_u32(x109, x73, x75);
uint32_t x114, uint8_t x115 = addcarryx_u32(x112, x76, x78);
uint32_t x117, uint8_t x118 = addcarryx_u32(x115, x79, x81);
uint32_t x120, uint8_t x121 = addcarryx_u32(x118, x82, x84);
uint32_t x123, uint8_t x124 = addcarryx_u32(x121, x85, x87);
uint32_t x126, uint8_t _ = addcarryx_u32(0x0, x124, x88);
uint32_t x129, uint8_t x130 = addcarryx_u32(0x0, 0x0, x114);
uint32_t x132, uint8_t x133 = addcarryx_u32(x130, 0x0, x117);
uint32_t x135, uint8_t x136 = addcarryx_u32(x133, 0x0, x120);
uint32_t x138, uint8_t x139 = addcarryx_u32(x136, 0x0, x123);
uint32_t x141, uint8_t x142 = addcarryx_u32(x139, 0x0, x126);
uint32_t x144, uint32_t _ = mulx_u32(x51, Const 1022611261);
uint32_t x147, uint32_t x148 = mulx_u32(x144, 0xffffffeb);
uint32_t x150, uint32_t x151 = mulx_u32(x144, 0xffffffff);
uint32_t x153, uint32_t x154 = mulx_u32(x144, 0xffffffff);
uint32_t x156, uint32_t x157 = mulx_u32(x144, 0xffffffff);
uint32_t x159, uint32_t x160 = mulx_u32(x144, 0xffffffff);
uint32_t x162, uint32_t x163 = mulx_u32(x144, 0xffffffff);
uint32_t x165, uint32_t x166 = mulx_u32(x144, 0xffffffff);
uint32_t x168, uint32_t x169 = mulx_u32(x144, 0xffffffff);
uint32_t x171, uint32_t x172 = mulx_u32(x144, 0xffffffff);
uint32_t x174, uint32_t x175 = mulx_u32(x144, 0xffffffff);
uint32_t x177, uint32_t x178 = mulx_u32(x144, 0xffffffff);
uint32_t x180, uint32_t x181 = mulx_u32(x144, 0xffffffff);
uint32_t x183, uint8_t x184 = mulx_u32_out_u8(x144, 0x1f);
uint32_t x186, uint8_t x187 = addcarryx_u32(0x0, x148, x150);
uint32_t x189, uint8_t x190 = addcarryx_u32(x187, x151, x153);
uint32_t x192, uint8_t x193 = addcarryx_u32(x190, x154, x156);
uint32_t x195, uint8_t x196 = addcarryx_u32(x193, x157, x159);
uint32_t x198, uint8_t x199 = addcarryx_u32(x196, x160, x162);
uint32_t x201, uint8_t x202 = addcarryx_u32(x199, x163, x165);
uint32_t x204, uint8_t x205 = addcarryx_u32(x202, x166, x168);
uint32_t x207, uint8_t x208 = addcarryx_u32(x205, x169, x171);
uint32_t x210, uint8_t x211 = addcarryx_u32(x208, x172, x174);
uint32_t x213, uint8_t x214 = addcarryx_u32(x211, x175, x177);
uint32_t x216, uint8_t x217 = addcarryx_u32(x214, x178, x180);
uint32_t x219, uint8_t x220 = addcarryx_u32(x217, x181, x183);
uint8_t x221 = (x220 + x184);
uint32_t _, uint8_t x224 = addcarryx_u32(0x0, x51, x147);
uint32_t x226, uint8_t x227 = addcarryx_u32(x224, x90, x186);
uint32_t x229, uint8_t x230 = addcarryx_u32(x227, x93, x189);
uint32_t x232, uint8_t x233 = addcarryx_u32(x230, x96, x192);
uint32_t x235, uint8_t x236 = addcarryx_u32(x233, x99, x195);
uint32_t x238, uint8_t x239 = addcarryx_u32(x236, x102, x198);
uint32_t x241, uint8_t x242 = addcarryx_u32(x239, x105, x201);
uint32_t x244, uint8_t x245 = addcarryx_u32(x242, x108, x204);
uint32_t x247, uint8_t x248 = addcarryx_u32(x245, x111, x207);
uint32_t x250, uint8_t x251 = addcarryx_u32(x248, x129, x210);
uint32_t x253, uint8_t x254 = addcarryx_u32(x251, x132, x213);
uint32_t x256, uint8_t x257 = addcarryx_u32(x254, x135, x216);
uint32_t x259, uint8_t x260 = addcarryx_u32(x257, x138, x219);
uint32_t x262, uint8_t x263 = addcarryx_u32(x260, x141, x221);
uint8_t x264 = (x263 + x142);
uint32_t x266, uint32_t x267 = mulx_u32(x5, x27);
uint32_t x269, uint32_t x270 = mulx_u32(x5, x29);
uint32_t x272, uint32_t x273 = mulx_u32(x5, x31);
uint32_t x275, uint32_t x276 = mulx_u32(x5, x33);
uint32_t x278, uint32_t x279 = mulx_u32(x5, x35);
uint32_t x281, uint32_t x282 = mulx_u32(x5, x37);
uint32_t x284, uint32_t x285 = mulx_u32(x5, x39);
uint32_t x287, uint32_t x288 = mulx_u32(x5, x41);
uint32_t x290, uint32_t x291 = mulx_u32(x5, x43);
uint32_t x293, uint32_t x294 = mulx_u32(x5, x45);
uint32_t x296, uint32_t x297 = mulx_u32(x5, x47);
uint32_t x299, uint32_t x300 = mulx_u32(x5, x49);
uint32_t x302, uint32_t x303 = mulx_u32(x5, x48);
uint32_t x305, uint8_t x306 = addcarryx_u32(0x0, x267, x269);
uint32_t x308, uint8_t x309 = addcarryx_u32(x306, x270, x272);
uint32_t x311, uint8_t x312 = addcarryx_u32(x309, x273, x275);
uint32_t x314, uint8_t x315 = addcarryx_u32(x312, x276, x278);
uint32_t x317, uint8_t x318 = addcarryx_u32(x315, x279, x281);
uint32_t x320, uint8_t x321 = addcarryx_u32(x318, x282, x284);
uint32_t x323, uint8_t x324 = addcarryx_u32(x321, x285, x287);
uint32_t x326, uint8_t x327 = addcarryx_u32(x324, x288, x290);
uint32_t x329, uint8_t x330 = addcarryx_u32(x327, x291, x293);
uint32_t x332, uint8_t x333 = addcarryx_u32(x330, x294, x296);
uint32_t x335, uint8_t x336 = addcarryx_u32(x333, x297, x299);
uint32_t x338, uint8_t x339 = addcarryx_u32(x336, x300, x302);
uint32_t x341, uint8_t _ = addcarryx_u32(0x0, x339, x303);
uint32_t x344, uint8_t x345 = addcarryx_u32(0x0, x226, x266);
uint32_t x347, uint8_t x348 = addcarryx_u32(x345, x229, x305);
uint32_t x350, uint8_t x351 = addcarryx_u32(x348, x232, x308);
uint32_t x353, uint8_t x354 = addcarryx_u32(x351, x235, x311);
uint32_t x356, uint8_t x357 = addcarryx_u32(x354, x238, x314);
uint32_t x359, uint8_t x360 = addcarryx_u32(x357, x241, x317);
uint32_t x362, uint8_t x363 = addcarryx_u32(x360, x244, x320);
uint32_t x365, uint8_t x366 = addcarryx_u32(x363, x247, x323);
uint32_t x368, uint8_t x369 = addcarryx_u32(x366, x250, x326);
uint32_t x371, uint8_t x372 = addcarryx_u32(x369, x253, x329);
uint32_t x374, uint8_t x375 = addcarryx_u32(x372, x256, x332);
uint32_t x377, uint8_t x378 = addcarryx_u32(x375, x259, x335);
uint32_t x380, uint8_t x381 = addcarryx_u32(x378, x262, x338);
uint32_t x383, uint8_t x384 = addcarryx_u32(x381, x264, x341);
uint32_t x386, uint32_t _ = mulx_u32(x344, Const 1022611261);
uint32_t x389, uint32_t x390 = mulx_u32(x386, 0xffffffeb);
uint32_t x392, uint32_t x393 = mulx_u32(x386, 0xffffffff);
uint32_t x395, uint32_t x396 = mulx_u32(x386, 0xffffffff);
uint32_t x398, uint32_t x399 = mulx_u32(x386, 0xffffffff);
uint32_t x401, uint32_t x402 = mulx_u32(x386, 0xffffffff);
uint32_t x404, uint32_t x405 = mulx_u32(x386, 0xffffffff);
uint32_t x407, uint32_t x408 = mulx_u32(x386, 0xffffffff);
uint32_t x410, uint32_t x411 = mulx_u32(x386, 0xffffffff);
uint32_t x413, uint32_t x414 = mulx_u32(x386, 0xffffffff);
uint32_t x416, uint32_t x417 = mulx_u32(x386, 0xffffffff);
uint32_t x419, uint32_t x420 = mulx_u32(x386, 0xffffffff);
uint32_t x422, uint32_t x423 = mulx_u32(x386, 0xffffffff);
uint32_t x425, uint8_t x426 = mulx_u32_out_u8(x386, 0x1f);
uint32_t x428, uint8_t x429 = addcarryx_u32(0x0, x390, x392);
uint32_t x431, uint8_t x432 = addcarryx_u32(x429, x393, x395);
uint32_t x434, uint8_t x435 = addcarryx_u32(x432, x396, x398);
uint32_t x437, uint8_t x438 = addcarryx_u32(x435, x399, x401);
uint32_t x440, uint8_t x441 = addcarryx_u32(x438, x402, x404);
uint32_t x443, uint8_t x444 = addcarryx_u32(x441, x405, x407);
uint32_t x446, uint8_t x447 = addcarryx_u32(x444, x408, x410);
uint32_t x449, uint8_t x450 = addcarryx_u32(x447, x411, x413);
uint32_t x452, uint8_t x453 = addcarryx_u32(x450, x414, x416);
uint32_t x455, uint8_t x456 = addcarryx_u32(x453, x417, x419);
uint32_t x458, uint8_t x459 = addcarryx_u32(x456, x420, x422);
uint32_t x461, uint8_t x462 = addcarryx_u32(x459, x423, x425);
uint8_t x463 = (x462 + x426);
uint32_t _, uint8_t x466 = addcarryx_u32(0x0, x344, x389);
uint32_t x468, uint8_t x469 = addcarryx_u32(x466, x347, x428);
uint32_t x471, uint8_t x472 = addcarryx_u32(x469, x350, x431);
uint32_t x474, uint8_t x475 = addcarryx_u32(x472, x353, x434);
uint32_t x477, uint8_t x478 = addcarryx_u32(x475, x356, x437);
uint32_t x480, uint8_t x481 = addcarryx_u32(x478, x359, x440);
uint32_t x483, uint8_t x484 = addcarryx_u32(x481, x362, x443);
uint32_t x486, uint8_t x487 = addcarryx_u32(x484, x365, x446);
uint32_t x489, uint8_t x490 = addcarryx_u32(x487, x368, x449);
uint32_t x492, uint8_t x493 = addcarryx_u32(x490, x371, x452);
uint32_t x495, uint8_t x496 = addcarryx_u32(x493, x374, x455);
uint32_t x498, uint8_t x499 = addcarryx_u32(x496, x377, x458);
uint32_t x501, uint8_t x502 = addcarryx_u32(x499, x380, x461);
uint32_t x504, uint8_t x505 = addcarryx_u32(x502, x383, x463);
uint8_t x506 = (x505 + x384);
uint32_t x508, uint32_t x509 = mulx_u32(x7, x27);
uint32_t x511, uint32_t x512 = mulx_u32(x7, x29);
uint32_t x514, uint32_t x515 = mulx_u32(x7, x31);
uint32_t x517, uint32_t x518 = mulx_u32(x7, x33);
uint32_t x520, uint32_t x521 = mulx_u32(x7, x35);
uint32_t x523, uint32_t x524 = mulx_u32(x7, x37);
uint32_t x526, uint32_t x527 = mulx_u32(x7, x39);
uint32_t x529, uint32_t x530 = mulx_u32(x7, x41);
uint32_t x532, uint32_t x533 = mulx_u32(x7, x43);
uint32_t x535, uint32_t x536 = mulx_u32(x7, x45);
uint32_t x538, uint32_t x539 = mulx_u32(x7, x47);
uint32_t x541, uint32_t x542 = mulx_u32(x7, x49);
uint32_t x544, uint32_t x545 = mulx_u32(x7, x48);
uint32_t x547, uint8_t x548 = addcarryx_u32(0x0, x509, x511);
uint32_t x550, uint8_t x551 = addcarryx_u32(x548, x512, x514);
uint32_t x553, uint8_t x554 = addcarryx_u32(x551, x515, x517);
uint32_t x556, uint8_t x557 = addcarryx_u32(x554, x518, x520);
uint32_t x559, uint8_t x560 = addcarryx_u32(x557, x521, x523);
uint32_t x562, uint8_t x563 = addcarryx_u32(x560, x524, x526);
uint32_t x565, uint8_t x566 = addcarryx_u32(x563, x527, x529);
uint32_t x568, uint8_t x569 = addcarryx_u32(x566, x530, x532);
uint32_t x571, uint8_t x572 = addcarryx_u32(x569, x533, x535);
uint32_t x574, uint8_t x575 = addcarryx_u32(x572, x536, x538);
uint32_t x577, uint8_t x578 = addcarryx_u32(x575, x539, x541);
uint32_t x580, uint8_t x581 = addcarryx_u32(x578, x542, x544);
uint32_t x583, uint8_t _ = addcarryx_u32(0x0, x581, x545);
uint32_t x586, uint8_t x587 = addcarryx_u32(0x0, x468, x508);
uint32_t x589, uint8_t x590 = addcarryx_u32(x587, x471, x547);
uint32_t x592, uint8_t x593 = addcarryx_u32(x590, x474, x550);
uint32_t x595, uint8_t x596 = addcarryx_u32(x593, x477, x553);
uint32_t x598, uint8_t x599 = addcarryx_u32(x596, x480, x556);
uint32_t x601, uint8_t x602 = addcarryx_u32(x599, x483, x559);
uint32_t x604, uint8_t x605 = addcarryx_u32(x602, x486, x562);
uint32_t x607, uint8_t x608 = addcarryx_u32(x605, x489, x565);
uint32_t x610, uint8_t x611 = addcarryx_u32(x608, x492, x568);
uint32_t x613, uint8_t x614 = addcarryx_u32(x611, x495, x571);
uint32_t x616, uint8_t x617 = addcarryx_u32(x614, x498, x574);
uint32_t x619, uint8_t x620 = addcarryx_u32(x617, x501, x577);
uint32_t x622, uint8_t x623 = addcarryx_u32(x620, x504, x580);
uint32_t x625, uint8_t x626 = addcarryx_u32(x623, x506, x583);
uint32_t x628, uint32_t _ = mulx_u32(x586, Const 1022611261);
uint32_t x631, uint32_t x632 = mulx_u32(x628, 0xffffffeb);
uint32_t x634, uint32_t x635 = mulx_u32(x628, 0xffffffff);
uint32_t x637, uint32_t x638 = mulx_u32(x628, 0xffffffff);
uint32_t x640, uint32_t x641 = mulx_u32(x628, 0xffffffff);
uint32_t x643, uint32_t x644 = mulx_u32(x628, 0xffffffff);
uint32_t x646, uint32_t x647 = mulx_u32(x628, 0xffffffff);
uint32_t x649, uint32_t x650 = mulx_u32(x628, 0xffffffff);
uint32_t x652, uint32_t x653 = mulx_u32(x628, 0xffffffff);
uint32_t x655, uint32_t x656 = mulx_u32(x628, 0xffffffff);
uint32_t x658, uint32_t x659 = mulx_u32(x628, 0xffffffff);
uint32_t x661, uint32_t x662 = mulx_u32(x628, 0xffffffff);
uint32_t x664, uint32_t x665 = mulx_u32(x628, 0xffffffff);
uint32_t x667, uint8_t x668 = mulx_u32_out_u8(x628, 0x1f);
uint32_t x670, uint8_t x671 = addcarryx_u32(0x0, x632, x634);
uint32_t x673, uint8_t x674 = addcarryx_u32(x671, x635, x637);
uint32_t x676, uint8_t x677 = addcarryx_u32(x674, x638, x640);
uint32_t x679, uint8_t x680 = addcarryx_u32(x677, x641, x643);
uint32_t x682, uint8_t x683 = addcarryx_u32(x680, x644, x646);
uint32_t x685, uint8_t x686 = addcarryx_u32(x683, x647, x649);
uint32_t x688, uint8_t x689 = addcarryx_u32(x686, x650, x652);
uint32_t x691, uint8_t x692 = addcarryx_u32(x689, x653, x655);
uint32_t x694, uint8_t x695 = addcarryx_u32(x692, x656, x658);
uint32_t x697, uint8_t x698 = addcarryx_u32(x695, x659, x661);
uint32_t x700, uint8_t x701 = addcarryx_u32(x698, x662, x664);
uint32_t x703, uint8_t x704 = addcarryx_u32(x701, x665, x667);
uint8_t x705 = (x704 + x668);
uint32_t _, uint8_t x708 = addcarryx_u32(0x0, x586, x631);
uint32_t x710, uint8_t x711 = addcarryx_u32(x708, x589, x670);
uint32_t x713, uint8_t x714 = addcarryx_u32(x711, x592, x673);
uint32_t x716, uint8_t x717 = addcarryx_u32(x714, x595, x676);
uint32_t x719, uint8_t x720 = addcarryx_u32(x717, x598, x679);
uint32_t x722, uint8_t x723 = addcarryx_u32(x720, x601, x682);
uint32_t x725, uint8_t x726 = addcarryx_u32(x723, x604, x685);
uint32_t x728, uint8_t x729 = addcarryx_u32(x726, x607, x688);
uint32_t x731, uint8_t x732 = addcarryx_u32(x729, x610, x691);
uint32_t x734, uint8_t x735 = addcarryx_u32(x732, x613, x694);
uint32_t x737, uint8_t x738 = addcarryx_u32(x735, x616, x697);
uint32_t x740, uint8_t x741 = addcarryx_u32(x738, x619, x700);
uint32_t x743, uint8_t x744 = addcarryx_u32(x741, x622, x703);
uint32_t x746, uint8_t x747 = addcarryx_u32(x744, x625, x705);
uint8_t x748 = (x747 + x626);
uint32_t x750, uint32_t x751 = mulx_u32(x9, x27);
uint32_t x753, uint32_t x754 = mulx_u32(x9, x29);
uint32_t x756, uint32_t x757 = mulx_u32(x9, x31);
uint32_t x759, uint32_t x760 = mulx_u32(x9, x33);
uint32_t x762, uint32_t x763 = mulx_u32(x9, x35);
uint32_t x765, uint32_t x766 = mulx_u32(x9, x37);
uint32_t x768, uint32_t x769 = mulx_u32(x9, x39);
uint32_t x771, uint32_t x772 = mulx_u32(x9, x41);
uint32_t x774, uint32_t x775 = mulx_u32(x9, x43);
uint32_t x777, uint32_t x778 = mulx_u32(x9, x45);
uint32_t x780, uint32_t x781 = mulx_u32(x9, x47);
uint32_t x783, uint32_t x784 = mulx_u32(x9, x49);
uint32_t x786, uint32_t x787 = mulx_u32(x9, x48);
uint32_t x789, uint8_t x790 = addcarryx_u32(0x0, x751, x753);
uint32_t x792, uint8_t x793 = addcarryx_u32(x790, x754, x756);
uint32_t x795, uint8_t x796 = addcarryx_u32(x793, x757, x759);
uint32_t x798, uint8_t x799 = addcarryx_u32(x796, x760, x762);
uint32_t x801, uint8_t x802 = addcarryx_u32(x799, x763, x765);
uint32_t x804, uint8_t x805 = addcarryx_u32(x802, x766, x768);
uint32_t x807, uint8_t x808 = addcarryx_u32(x805, x769, x771);
uint32_t x810, uint8_t x811 = addcarryx_u32(x808, x772, x774);
uint32_t x813, uint8_t x814 = addcarryx_u32(x811, x775, x777);
uint32_t x816, uint8_t x817 = addcarryx_u32(x814, x778, x780);
uint32_t x819, uint8_t x820 = addcarryx_u32(x817, x781, x783);
uint32_t x822, uint8_t x823 = addcarryx_u32(x820, x784, x786);
uint32_t x825, uint8_t _ = addcarryx_u32(0x0, x823, x787);
uint32_t x828, uint8_t x829 = addcarryx_u32(0x0, x710, x750);
uint32_t x831, uint8_t x832 = addcarryx_u32(x829, x713, x789);
uint32_t x834, uint8_t x835 = addcarryx_u32(x832, x716, x792);
uint32_t x837, uint8_t x838 = addcarryx_u32(x835, x719, x795);
uint32_t x840, uint8_t x841 = addcarryx_u32(x838, x722, x798);
uint32_t x843, uint8_t x844 = addcarryx_u32(x841, x725, x801);
uint32_t x846, uint8_t x847 = addcarryx_u32(x844, x728, x804);
uint32_t x849, uint8_t x850 = addcarryx_u32(x847, x731, x807);
uint32_t x852, uint8_t x853 = addcarryx_u32(x850, x734, x810);
uint32_t x855, uint8_t x856 = addcarryx_u32(x853, x737, x813);
uint32_t x858, uint8_t x859 = addcarryx_u32(x856, x740, x816);
uint32_t x861, uint8_t x862 = addcarryx_u32(x859, x743, x819);
uint32_t x864, uint8_t x865 = addcarryx_u32(x862, x746, x822);
uint32_t x867, uint8_t x868 = addcarryx_u32(x865, x748, x825);
uint32_t x870, uint32_t _ = mulx_u32(x828, Const 1022611261);
uint32_t x873, uint32_t x874 = mulx_u32(x870, 0xffffffeb);
uint32_t x876, uint32_t x877 = mulx_u32(x870, 0xffffffff);
uint32_t x879, uint32_t x880 = mulx_u32(x870, 0xffffffff);
uint32_t x882, uint32_t x883 = mulx_u32(x870, 0xffffffff);
uint32_t x885, uint32_t x886 = mulx_u32(x870, 0xffffffff);
uint32_t x888, uint32_t x889 = mulx_u32(x870, 0xffffffff);
uint32_t x891, uint32_t x892 = mulx_u32(x870, 0xffffffff);
uint32_t x894, uint32_t x895 = mulx_u32(x870, 0xffffffff);
uint32_t x897, uint32_t x898 = mulx_u32(x870, 0xffffffff);
uint32_t x900, uint32_t x901 = mulx_u32(x870, 0xffffffff);
uint32_t x903, uint32_t x904 = mulx_u32(x870, 0xffffffff);
uint32_t x906, uint32_t x907 = mulx_u32(x870, 0xffffffff);
uint32_t x909, uint8_t x910 = mulx_u32_out_u8(x870, 0x1f);
uint32_t x912, uint8_t x913 = addcarryx_u32(0x0, x874, x876);
uint32_t x915, uint8_t x916 = addcarryx_u32(x913, x877, x879);
uint32_t x918, uint8_t x919 = addcarryx_u32(x916, x880, x882);
uint32_t x921, uint8_t x922 = addcarryx_u32(x919, x883, x885);
uint32_t x924, uint8_t x925 = addcarryx_u32(x922, x886, x888);
uint32_t x927, uint8_t x928 = addcarryx_u32(x925, x889, x891);
uint32_t x930, uint8_t x931 = addcarryx_u32(x928, x892, x894);
uint32_t x933, uint8_t x934 = addcarryx_u32(x931, x895, x897);
uint32_t x936, uint8_t x937 = addcarryx_u32(x934, x898, x900);
uint32_t x939, uint8_t x940 = addcarryx_u32(x937, x901, x903);
uint32_t x942, uint8_t x943 = addcarryx_u32(x940, x904, x906);
uint32_t x945, uint8_t x946 = addcarryx_u32(x943, x907, x909);
uint8_t x947 = (x946 + x910);
uint32_t _, uint8_t x950 = addcarryx_u32(0x0, x828, x873);
uint32_t x952, uint8_t x953 = addcarryx_u32(x950, x831, x912);
uint32_t x955, uint8_t x956 = addcarryx_u32(x953, x834, x915);
uint32_t x958, uint8_t x959 = addcarryx_u32(x956, x837, x918);
uint32_t x961, uint8_t x962 = addcarryx_u32(x959, x840, x921);
uint32_t x964, uint8_t x965 = addcarryx_u32(x962, x843, x924);
uint32_t x967, uint8_t x968 = addcarryx_u32(x965, x846, x927);
uint32_t x970, uint8_t x971 = addcarryx_u32(x968, x849, x930);
uint32_t x973, uint8_t x974 = addcarryx_u32(x971, x852, x933);
uint32_t x976, uint8_t x977 = addcarryx_u32(x974, x855, x936);
uint32_t x979, uint8_t x980 = addcarryx_u32(x977, x858, x939);
uint32_t x982, uint8_t x983 = addcarryx_u32(x980, x861, x942);
uint32_t x985, uint8_t x986 = addcarryx_u32(x983, x864, x945);
uint32_t x988, uint8_t x989 = addcarryx_u32(x986, x867, x947);
uint8_t x990 = (x989 + x868);
uint32_t x992, uint32_t x993 = mulx_u32(x11, x27);
uint32_t x995, uint32_t x996 = mulx_u32(x11, x29);
uint32_t x998, uint32_t x999 = mulx_u32(x11, x31);
uint32_t x1001, uint32_t x1002 = mulx_u32(x11, x33);
uint32_t x1004, uint32_t x1005 = mulx_u32(x11, x35);
uint32_t x1007, uint32_t x1008 = mulx_u32(x11, x37);
uint32_t x1010, uint32_t x1011 = mulx_u32(x11, x39);
uint32_t x1013, uint32_t x1014 = mulx_u32(x11, x41);
uint32_t x1016, uint32_t x1017 = mulx_u32(x11, x43);
uint32_t x1019, uint32_t x1020 = mulx_u32(x11, x45);
uint32_t x1022, uint32_t x1023 = mulx_u32(x11, x47);
uint32_t x1025, uint32_t x1026 = mulx_u32(x11, x49);
uint32_t x1028, uint32_t x1029 = mulx_u32(x11, x48);
uint32_t x1031, uint8_t x1032 = addcarryx_u32(0x0, x993, x995);
uint32_t x1034, uint8_t x1035 = addcarryx_u32(x1032, x996, x998);
uint32_t x1037, uint8_t x1038 = addcarryx_u32(x1035, x999, x1001);
uint32_t x1040, uint8_t x1041 = addcarryx_u32(x1038, x1002, x1004);
uint32_t x1043, uint8_t x1044 = addcarryx_u32(x1041, x1005, x1007);
uint32_t x1046, uint8_t x1047 = addcarryx_u32(x1044, x1008, x1010);
uint32_t x1049, uint8_t x1050 = addcarryx_u32(x1047, x1011, x1013);
uint32_t x1052, uint8_t x1053 = addcarryx_u32(x1050, x1014, x1016);
uint32_t x1055, uint8_t x1056 = addcarryx_u32(x1053, x1017, x1019);
uint32_t x1058, uint8_t x1059 = addcarryx_u32(x1056, x1020, x1022);
uint32_t x1061, uint8_t x1062 = addcarryx_u32(x1059, x1023, x1025);
uint32_t x1064, uint8_t x1065 = addcarryx_u32(x1062, x1026, x1028);
uint32_t x1067, uint8_t _ = addcarryx_u32(0x0, x1065, x1029);
uint32_t x1070, uint8_t x1071 = addcarryx_u32(0x0, x952, x992);
uint32_t x1073, uint8_t x1074 = addcarryx_u32(x1071, x955, x1031);
uint32_t x1076, uint8_t x1077 = addcarryx_u32(x1074, x958, x1034);
uint32_t x1079, uint8_t x1080 = addcarryx_u32(x1077, x961, x1037);
uint32_t x1082, uint8_t x1083 = addcarryx_u32(x1080, x964, x1040);
uint32_t x1085, uint8_t x1086 = addcarryx_u32(x1083, x967, x1043);
uint32_t x1088, uint8_t x1089 = addcarryx_u32(x1086, x970, x1046);
uint32_t x1091, uint8_t x1092 = addcarryx_u32(x1089, x973, x1049);
uint32_t x1094, uint8_t x1095 = addcarryx_u32(x1092, x976, x1052);
uint32_t x1097, uint8_t x1098 = addcarryx_u32(x1095, x979, x1055);
uint32_t x1100, uint8_t x1101 = addcarryx_u32(x1098, x982, x1058);
uint32_t x1103, uint8_t x1104 = addcarryx_u32(x1101, x985, x1061);
uint32_t x1106, uint8_t x1107 = addcarryx_u32(x1104, x988, x1064);
uint32_t x1109, uint8_t x1110 = addcarryx_u32(x1107, x990, x1067);
uint32_t x1112, uint32_t _ = mulx_u32(x1070, Const 1022611261);
uint32_t x1115, uint32_t x1116 = mulx_u32(x1112, 0xffffffeb);
uint32_t x1118, uint32_t x1119 = mulx_u32(x1112, 0xffffffff);
uint32_t x1121, uint32_t x1122 = mulx_u32(x1112, 0xffffffff);
uint32_t x1124, uint32_t x1125 = mulx_u32(x1112, 0xffffffff);
uint32_t x1127, uint32_t x1128 = mulx_u32(x1112, 0xffffffff);
uint32_t x1130, uint32_t x1131 = mulx_u32(x1112, 0xffffffff);
uint32_t x1133, uint32_t x1134 = mulx_u32(x1112, 0xffffffff);
uint32_t x1136, uint32_t x1137 = mulx_u32(x1112, 0xffffffff);
uint32_t x1139, uint32_t x1140 = mulx_u32(x1112, 0xffffffff);
uint32_t x1142, uint32_t x1143 = mulx_u32(x1112, 0xffffffff);
uint32_t x1145, uint32_t x1146 = mulx_u32(x1112, 0xffffffff);
uint32_t x1148, uint32_t x1149 = mulx_u32(x1112, 0xffffffff);
uint32_t x1151, uint8_t x1152 = mulx_u32_out_u8(x1112, 0x1f);
uint32_t x1154, uint8_t x1155 = addcarryx_u32(0x0, x1116, x1118);
uint32_t x1157, uint8_t x1158 = addcarryx_u32(x1155, x1119, x1121);
uint32_t x1160, uint8_t x1161 = addcarryx_u32(x1158, x1122, x1124);
uint32_t x1163, uint8_t x1164 = addcarryx_u32(x1161, x1125, x1127);
uint32_t x1166, uint8_t x1167 = addcarryx_u32(x1164, x1128, x1130);
uint32_t x1169, uint8_t x1170 = addcarryx_u32(x1167, x1131, x1133);
uint32_t x1172, uint8_t x1173 = addcarryx_u32(x1170, x1134, x1136);
uint32_t x1175, uint8_t x1176 = addcarryx_u32(x1173, x1137, x1139);
uint32_t x1178, uint8_t x1179 = addcarryx_u32(x1176, x1140, x1142);
uint32_t x1181, uint8_t x1182 = addcarryx_u32(x1179, x1143, x1145);
uint32_t x1184, uint8_t x1185 = addcarryx_u32(x1182, x1146, x1148);
uint32_t x1187, uint8_t x1188 = addcarryx_u32(x1185, x1149, x1151);
uint8_t x1189 = (x1188 + x1152);
uint32_t _, uint8_t x1192 = addcarryx_u32(0x0, x1070, x1115);
uint32_t x1194, uint8_t x1195 = addcarryx_u32(x1192, x1073, x1154);
uint32_t x1197, uint8_t x1198 = addcarryx_u32(x1195, x1076, x1157);
uint32_t x1200, uint8_t x1201 = addcarryx_u32(x1198, x1079, x1160);
uint32_t x1203, uint8_t x1204 = addcarryx_u32(x1201, x1082, x1163);
uint32_t x1206, uint8_t x1207 = addcarryx_u32(x1204, x1085, x1166);
uint32_t x1209, uint8_t x1210 = addcarryx_u32(x1207, x1088, x1169);
uint32_t x1212, uint8_t x1213 = addcarryx_u32(x1210, x1091, x1172);
uint32_t x1215, uint8_t x1216 = addcarryx_u32(x1213, x1094, x1175);
uint32_t x1218, uint8_t x1219 = addcarryx_u32(x1216, x1097, x1178);
uint32_t x1221, uint8_t x1222 = addcarryx_u32(x1219, x1100, x1181);
uint32_t x1224, uint8_t x1225 = addcarryx_u32(x1222, x1103, x1184);
uint32_t x1227, uint8_t x1228 = addcarryx_u32(x1225, x1106, x1187);
uint32_t x1230, uint8_t x1231 = addcarryx_u32(x1228, x1109, x1189);
uint8_t x1232 = (x1231 + x1110);
uint32_t x1234, uint32_t x1235 = mulx_u32(x13, x27);
uint32_t x1237, uint32_t x1238 = mulx_u32(x13, x29);
uint32_t x1240, uint32_t x1241 = mulx_u32(x13, x31);
uint32_t x1243, uint32_t x1244 = mulx_u32(x13, x33);
uint32_t x1246, uint32_t x1247 = mulx_u32(x13, x35);
uint32_t x1249, uint32_t x1250 = mulx_u32(x13, x37);
uint32_t x1252, uint32_t x1253 = mulx_u32(x13, x39);
uint32_t x1255, uint32_t x1256 = mulx_u32(x13, x41);
uint32_t x1258, uint32_t x1259 = mulx_u32(x13, x43);
uint32_t x1261, uint32_t x1262 = mulx_u32(x13, x45);
uint32_t x1264, uint32_t x1265 = mulx_u32(x13, x47);
uint32_t x1267, uint32_t x1268 = mulx_u32(x13, x49);
uint32_t x1270, uint32_t x1271 = mulx_u32(x13, x48);
uint32_t x1273, uint8_t x1274 = addcarryx_u32(0x0, x1235, x1237);
uint32_t x1276, uint8_t x1277 = addcarryx_u32(x1274, x1238, x1240);
uint32_t x1279, uint8_t x1280 = addcarryx_u32(x1277, x1241, x1243);
uint32_t x1282, uint8_t x1283 = addcarryx_u32(x1280, x1244, x1246);
uint32_t x1285, uint8_t x1286 = addcarryx_u32(x1283, x1247, x1249);
uint32_t x1288, uint8_t x1289 = addcarryx_u32(x1286, x1250, x1252);
uint32_t x1291, uint8_t x1292 = addcarryx_u32(x1289, x1253, x1255);
uint32_t x1294, uint8_t x1295 = addcarryx_u32(x1292, x1256, x1258);
uint32_t x1297, uint8_t x1298 = addcarryx_u32(x1295, x1259, x1261);
uint32_t x1300, uint8_t x1301 = addcarryx_u32(x1298, x1262, x1264);
uint32_t x1303, uint8_t x1304 = addcarryx_u32(x1301, x1265, x1267);
uint32_t x1306, uint8_t x1307 = addcarryx_u32(x1304, x1268, x1270);
uint32_t x1309, uint8_t _ = addcarryx_u32(0x0, x1307, x1271);
uint32_t x1312, uint8_t x1313 = addcarryx_u32(0x0, x1194, x1234);
uint32_t x1315, uint8_t x1316 = addcarryx_u32(x1313, x1197, x1273);
uint32_t x1318, uint8_t x1319 = addcarryx_u32(x1316, x1200, x1276);
uint32_t x1321, uint8_t x1322 = addcarryx_u32(x1319, x1203, x1279);
uint32_t x1324, uint8_t x1325 = addcarryx_u32(x1322, x1206, x1282);
uint32_t x1327, uint8_t x1328 = addcarryx_u32(x1325, x1209, x1285);
uint32_t x1330, uint8_t x1331 = addcarryx_u32(x1328, x1212, x1288);
uint32_t x1333, uint8_t x1334 = addcarryx_u32(x1331, x1215, x1291);
uint32_t x1336, uint8_t x1337 = addcarryx_u32(x1334, x1218, x1294);
uint32_t x1339, uint8_t x1340 = addcarryx_u32(x1337, x1221, x1297);
uint32_t x1342, uint8_t x1343 = addcarryx_u32(x1340, x1224, x1300);
uint32_t x1345, uint8_t x1346 = addcarryx_u32(x1343, x1227, x1303);
uint32_t x1348, uint8_t x1349 = addcarryx_u32(x1346, x1230, x1306);
uint32_t x1351, uint8_t x1352 = addcarryx_u32(x1349, x1232, x1309);
uint32_t x1354, uint32_t _ = mulx_u32(x1312, Const 1022611261);
uint32_t x1357, uint32_t x1358 = mulx_u32(x1354, 0xffffffeb);
uint32_t x1360, uint32_t x1361 = mulx_u32(x1354, 0xffffffff);
uint32_t x1363, uint32_t x1364 = mulx_u32(x1354, 0xffffffff);
uint32_t x1366, uint32_t x1367 = mulx_u32(x1354, 0xffffffff);
uint32_t x1369, uint32_t x1370 = mulx_u32(x1354, 0xffffffff);
uint32_t x1372, uint32_t x1373 = mulx_u32(x1354, 0xffffffff);
uint32_t x1375, uint32_t x1376 = mulx_u32(x1354, 0xffffffff);
uint32_t x1378, uint32_t x1379 = mulx_u32(x1354, 0xffffffff);
uint32_t x1381, uint32_t x1382 = mulx_u32(x1354, 0xffffffff);
uint32_t x1384, uint32_t x1385 = mulx_u32(x1354, 0xffffffff);
uint32_t x1387, uint32_t x1388 = mulx_u32(x1354, 0xffffffff);
uint32_t x1390, uint32_t x1391 = mulx_u32(x1354, 0xffffffff);
uint32_t x1393, uint8_t x1394 = mulx_u32_out_u8(x1354, 0x1f);
uint32_t x1396, uint8_t x1397 = addcarryx_u32(0x0, x1358, x1360);
uint32_t x1399, uint8_t x1400 = addcarryx_u32(x1397, x1361, x1363);
uint32_t x1402, uint8_t x1403 = addcarryx_u32(x1400, x1364, x1366);
uint32_t x1405, uint8_t x1406 = addcarryx_u32(x1403, x1367, x1369);
uint32_t x1408, uint8_t x1409 = addcarryx_u32(x1406, x1370, x1372);
uint32_t x1411, uint8_t x1412 = addcarryx_u32(x1409, x1373, x1375);
uint32_t x1414, uint8_t x1415 = addcarryx_u32(x1412, x1376, x1378);
uint32_t x1417, uint8_t x1418 = addcarryx_u32(x1415, x1379, x1381);
uint32_t x1420, uint8_t x1421 = addcarryx_u32(x1418, x1382, x1384);
uint32_t x1423, uint8_t x1424 = addcarryx_u32(x1421, x1385, x1387);
uint32_t x1426, uint8_t x1427 = addcarryx_u32(x1424, x1388, x1390);
uint32_t x1429, uint8_t x1430 = addcarryx_u32(x1427, x1391, x1393);
uint8_t x1431 = (x1430 + x1394);
uint32_t _, uint8_t x1434 = addcarryx_u32(0x0, x1312, x1357);
uint32_t x1436, uint8_t x1437 = addcarryx_u32(x1434, x1315, x1396);
uint32_t x1439, uint8_t x1440 = addcarryx_u32(x1437, x1318, x1399);
uint32_t x1442, uint8_t x1443 = addcarryx_u32(x1440, x1321, x1402);
uint32_t x1445, uint8_t x1446 = addcarryx_u32(x1443, x1324, x1405);
uint32_t x1448, uint8_t x1449 = addcarryx_u32(x1446, x1327, x1408);
uint32_t x1451, uint8_t x1452 = addcarryx_u32(x1449, x1330, x1411);
uint32_t x1454, uint8_t x1455 = addcarryx_u32(x1452, x1333, x1414);
uint32_t x1457, uint8_t x1458 = addcarryx_u32(x1455, x1336, x1417);
uint32_t x1460, uint8_t x1461 = addcarryx_u32(x1458, x1339, x1420);
uint32_t x1463, uint8_t x1464 = addcarryx_u32(x1461, x1342, x1423);
uint32_t x1466, uint8_t x1467 = addcarryx_u32(x1464, x1345, x1426);
uint32_t x1469, uint8_t x1470 = addcarryx_u32(x1467, x1348, x1429);
uint32_t x1472, uint8_t x1473 = addcarryx_u32(x1470, x1351, x1431);
uint8_t x1474 = (x1473 + x1352);
uint32_t x1476, uint32_t x1477 = mulx_u32(x15, x27);
uint32_t x1479, uint32_t x1480 = mulx_u32(x15, x29);
uint32_t x1482, uint32_t x1483 = mulx_u32(x15, x31);
uint32_t x1485, uint32_t x1486 = mulx_u32(x15, x33);
uint32_t x1488, uint32_t x1489 = mulx_u32(x15, x35);
uint32_t x1491, uint32_t x1492 = mulx_u32(x15, x37);
uint32_t x1494, uint32_t x1495 = mulx_u32(x15, x39);
uint32_t x1497, uint32_t x1498 = mulx_u32(x15, x41);
uint32_t x1500, uint32_t x1501 = mulx_u32(x15, x43);
uint32_t x1503, uint32_t x1504 = mulx_u32(x15, x45);
uint32_t x1506, uint32_t x1507 = mulx_u32(x15, x47);
uint32_t x1509, uint32_t x1510 = mulx_u32(x15, x49);
uint32_t x1512, uint32_t x1513 = mulx_u32(x15, x48);
uint32_t x1515, uint8_t x1516 = addcarryx_u32(0x0, x1477, x1479);
uint32_t x1518, uint8_t x1519 = addcarryx_u32(x1516, x1480, x1482);
uint32_t x1521, uint8_t x1522 = addcarryx_u32(x1519, x1483, x1485);
uint32_t x1524, uint8_t x1525 = addcarryx_u32(x1522, x1486, x1488);
uint32_t x1527, uint8_t x1528 = addcarryx_u32(x1525, x1489, x1491);
uint32_t x1530, uint8_t x1531 = addcarryx_u32(x1528, x1492, x1494);
uint32_t x1533, uint8_t x1534 = addcarryx_u32(x1531, x1495, x1497);
uint32_t x1536, uint8_t x1537 = addcarryx_u32(x1534, x1498, x1500);
uint32_t x1539, uint8_t x1540 = addcarryx_u32(x1537, x1501, x1503);
uint32_t x1542, uint8_t x1543 = addcarryx_u32(x1540, x1504, x1506);
uint32_t x1545, uint8_t x1546 = addcarryx_u32(x1543, x1507, x1509);
uint32_t x1548, uint8_t x1549 = addcarryx_u32(x1546, x1510, x1512);
uint32_t x1551, uint8_t _ = addcarryx_u32(0x0, x1549, x1513);
uint32_t x1554, uint8_t x1555 = addcarryx_u32(0x0, x1436, x1476);
uint32_t x1557, uint8_t x1558 = addcarryx_u32(x1555, x1439, x1515);
uint32_t x1560, uint8_t x1561 = addcarryx_u32(x1558, x1442, x1518);
uint32_t x1563, uint8_t x1564 = addcarryx_u32(x1561, x1445, x1521);
uint32_t x1566, uint8_t x1567 = addcarryx_u32(x1564, x1448, x1524);
uint32_t x1569, uint8_t x1570 = addcarryx_u32(x1567, x1451, x1527);
uint32_t x1572, uint8_t x1573 = addcarryx_u32(x1570, x1454, x1530);
uint32_t x1575, uint8_t x1576 = addcarryx_u32(x1573, x1457, x1533);
uint32_t x1578, uint8_t x1579 = addcarryx_u32(x1576, x1460, x1536);
uint32_t x1581, uint8_t x1582 = addcarryx_u32(x1579, x1463, x1539);
uint32_t x1584, uint8_t x1585 = addcarryx_u32(x1582, x1466, x1542);
uint32_t x1587, uint8_t x1588 = addcarryx_u32(x1585, x1469, x1545);
uint32_t x1590, uint8_t x1591 = addcarryx_u32(x1588, x1472, x1548);
uint32_t x1593, uint8_t x1594 = addcarryx_u32(x1591, x1474, x1551);
uint32_t x1596, uint32_t _ = mulx_u32(x1554, Const 1022611261);
uint32_t x1599, uint32_t x1600 = mulx_u32(x1596, 0xffffffeb);
uint32_t x1602, uint32_t x1603 = mulx_u32(x1596, 0xffffffff);
uint32_t x1605, uint32_t x1606 = mulx_u32(x1596, 0xffffffff);
uint32_t x1608, uint32_t x1609 = mulx_u32(x1596, 0xffffffff);
uint32_t x1611, uint32_t x1612 = mulx_u32(x1596, 0xffffffff);
uint32_t x1614, uint32_t x1615 = mulx_u32(x1596, 0xffffffff);
uint32_t x1617, uint32_t x1618 = mulx_u32(x1596, 0xffffffff);
uint32_t x1620, uint32_t x1621 = mulx_u32(x1596, 0xffffffff);
uint32_t x1623, uint32_t x1624 = mulx_u32(x1596, 0xffffffff);
uint32_t x1626, uint32_t x1627 = mulx_u32(x1596, 0xffffffff);
uint32_t x1629, uint32_t x1630 = mulx_u32(x1596, 0xffffffff);
uint32_t x1632, uint32_t x1633 = mulx_u32(x1596, 0xffffffff);
uint32_t x1635, uint8_t x1636 = mulx_u32_out_u8(x1596, 0x1f);
uint32_t x1638, uint8_t x1639 = addcarryx_u32(0x0, x1600, x1602);
uint32_t x1641, uint8_t x1642 = addcarryx_u32(x1639, x1603, x1605);
uint32_t x1644, uint8_t x1645 = addcarryx_u32(x1642, x1606, x1608);
uint32_t x1647, uint8_t x1648 = addcarryx_u32(x1645, x1609, x1611);
uint32_t x1650, uint8_t x1651 = addcarryx_u32(x1648, x1612, x1614);
uint32_t x1653, uint8_t x1654 = addcarryx_u32(x1651, x1615, x1617);
uint32_t x1656, uint8_t x1657 = addcarryx_u32(x1654, x1618, x1620);
uint32_t x1659, uint8_t x1660 = addcarryx_u32(x1657, x1621, x1623);
uint32_t x1662, uint8_t x1663 = addcarryx_u32(x1660, x1624, x1626);
uint32_t x1665, uint8_t x1666 = addcarryx_u32(x1663, x1627, x1629);
uint32_t x1668, uint8_t x1669 = addcarryx_u32(x1666, x1630, x1632);
uint32_t x1671, uint8_t x1672 = addcarryx_u32(x1669, x1633, x1635);
uint8_t x1673 = (x1672 + x1636);
uint32_t _, uint8_t x1676 = addcarryx_u32(0x0, x1554, x1599);
uint32_t x1678, uint8_t x1679 = addcarryx_u32(x1676, x1557, x1638);
uint32_t x1681, uint8_t x1682 = addcarryx_u32(x1679, x1560, x1641);
uint32_t x1684, uint8_t x1685 = addcarryx_u32(x1682, x1563, x1644);
uint32_t x1687, uint8_t x1688 = addcarryx_u32(x1685, x1566, x1647);
uint32_t x1690, uint8_t x1691 = addcarryx_u32(x1688, x1569, x1650);
uint32_t x1693, uint8_t x1694 = addcarryx_u32(x1691, x1572, x1653);
uint32_t x1696, uint8_t x1697 = addcarryx_u32(x1694, x1575, x1656);
uint32_t x1699, uint8_t x1700 = addcarryx_u32(x1697, x1578, x1659);
uint32_t x1702, uint8_t x1703 = addcarryx_u32(x1700, x1581, x1662);
uint32_t x1705, uint8_t x1706 = addcarryx_u32(x1703, x1584, x1665);
uint32_t x1708, uint8_t x1709 = addcarryx_u32(x1706, x1587, x1668);
uint32_t x1711, uint8_t x1712 = addcarryx_u32(x1709, x1590, x1671);
uint32_t x1714, uint8_t x1715 = addcarryx_u32(x1712, x1593, x1673);
uint8_t x1716 = (x1715 + x1594);
uint32_t x1718, uint32_t x1719 = mulx_u32(x17, x27);
uint32_t x1721, uint32_t x1722 = mulx_u32(x17, x29);
uint32_t x1724, uint32_t x1725 = mulx_u32(x17, x31);
uint32_t x1727, uint32_t x1728 = mulx_u32(x17, x33);
uint32_t x1730, uint32_t x1731 = mulx_u32(x17, x35);
uint32_t x1733, uint32_t x1734 = mulx_u32(x17, x37);
uint32_t x1736, uint32_t x1737 = mulx_u32(x17, x39);
uint32_t x1739, uint32_t x1740 = mulx_u32(x17, x41);
uint32_t x1742, uint32_t x1743 = mulx_u32(x17, x43);
uint32_t x1745, uint32_t x1746 = mulx_u32(x17, x45);
uint32_t x1748, uint32_t x1749 = mulx_u32(x17, x47);
uint32_t x1751, uint32_t x1752 = mulx_u32(x17, x49);
uint32_t x1754, uint32_t x1755 = mulx_u32(x17, x48);
uint32_t x1757, uint8_t x1758 = addcarryx_u32(0x0, x1719, x1721);
uint32_t x1760, uint8_t x1761 = addcarryx_u32(x1758, x1722, x1724);
uint32_t x1763, uint8_t x1764 = addcarryx_u32(x1761, x1725, x1727);
uint32_t x1766, uint8_t x1767 = addcarryx_u32(x1764, x1728, x1730);
uint32_t x1769, uint8_t x1770 = addcarryx_u32(x1767, x1731, x1733);
uint32_t x1772, uint8_t x1773 = addcarryx_u32(x1770, x1734, x1736);
uint32_t x1775, uint8_t x1776 = addcarryx_u32(x1773, x1737, x1739);
uint32_t x1778, uint8_t x1779 = addcarryx_u32(x1776, x1740, x1742);
uint32_t x1781, uint8_t x1782 = addcarryx_u32(x1779, x1743, x1745);
uint32_t x1784, uint8_t x1785 = addcarryx_u32(x1782, x1746, x1748);
uint32_t x1787, uint8_t x1788 = addcarryx_u32(x1785, x1749, x1751);
uint32_t x1790, uint8_t x1791 = addcarryx_u32(x1788, x1752, x1754);
uint32_t x1793, uint8_t _ = addcarryx_u32(0x0, x1791, x1755);
uint32_t x1796, uint8_t x1797 = addcarryx_u32(0x0, x1678, x1718);
uint32_t x1799, uint8_t x1800 = addcarryx_u32(x1797, x1681, x1757);
uint32_t x1802, uint8_t x1803 = addcarryx_u32(x1800, x1684, x1760);
uint32_t x1805, uint8_t x1806 = addcarryx_u32(x1803, x1687, x1763);
uint32_t x1808, uint8_t x1809 = addcarryx_u32(x1806, x1690, x1766);
uint32_t x1811, uint8_t x1812 = addcarryx_u32(x1809, x1693, x1769);
uint32_t x1814, uint8_t x1815 = addcarryx_u32(x1812, x1696, x1772);
uint32_t x1817, uint8_t x1818 = addcarryx_u32(x1815, x1699, x1775);
uint32_t x1820, uint8_t x1821 = addcarryx_u32(x1818, x1702, x1778);
uint32_t x1823, uint8_t x1824 = addcarryx_u32(x1821, x1705, x1781);
uint32_t x1826, uint8_t x1827 = addcarryx_u32(x1824, x1708, x1784);
uint32_t x1829, uint8_t x1830 = addcarryx_u32(x1827, x1711, x1787);
uint32_t x1832, uint8_t x1833 = addcarryx_u32(x1830, x1714, x1790);
uint32_t x1835, uint8_t x1836 = addcarryx_u32(x1833, x1716, x1793);
uint32_t x1838, uint32_t _ = mulx_u32(x1796, Const 1022611261);
uint32_t x1841, uint32_t x1842 = mulx_u32(x1838, 0xffffffeb);
uint32_t x1844, uint32_t x1845 = mulx_u32(x1838, 0xffffffff);
uint32_t x1847, uint32_t x1848 = mulx_u32(x1838, 0xffffffff);
uint32_t x1850, uint32_t x1851 = mulx_u32(x1838, 0xffffffff);
uint32_t x1853, uint32_t x1854 = mulx_u32(x1838, 0xffffffff);
uint32_t x1856, uint32_t x1857 = mulx_u32(x1838, 0xffffffff);
uint32_t x1859, uint32_t x1860 = mulx_u32(x1838, 0xffffffff);
uint32_t x1862, uint32_t x1863 = mulx_u32(x1838, 0xffffffff);
uint32_t x1865, uint32_t x1866 = mulx_u32(x1838, 0xffffffff);
uint32_t x1868, uint32_t x1869 = mulx_u32(x1838, 0xffffffff);
uint32_t x1871, uint32_t x1872 = mulx_u32(x1838, 0xffffffff);
uint32_t x1874, uint32_t x1875 = mulx_u32(x1838, 0xffffffff);
uint32_t x1877, uint8_t x1878 = mulx_u32_out_u8(x1838, 0x1f);
uint32_t x1880, uint8_t x1881 = addcarryx_u32(0x0, x1842, x1844);
uint32_t x1883, uint8_t x1884 = addcarryx_u32(x1881, x1845, x1847);
uint32_t x1886, uint8_t x1887 = addcarryx_u32(x1884, x1848, x1850);
uint32_t x1889, uint8_t x1890 = addcarryx_u32(x1887, x1851, x1853);
uint32_t x1892, uint8_t x1893 = addcarryx_u32(x1890, x1854, x1856);
uint32_t x1895, uint8_t x1896 = addcarryx_u32(x1893, x1857, x1859);
uint32_t x1898, uint8_t x1899 = addcarryx_u32(x1896, x1860, x1862);
uint32_t x1901, uint8_t x1902 = addcarryx_u32(x1899, x1863, x1865);
uint32_t x1904, uint8_t x1905 = addcarryx_u32(x1902, x1866, x1868);
uint32_t x1907, uint8_t x1908 = addcarryx_u32(x1905, x1869, x1871);
uint32_t x1910, uint8_t x1911 = addcarryx_u32(x1908, x1872, x1874);
uint32_t x1913, uint8_t x1914 = addcarryx_u32(x1911, x1875, x1877);
uint8_t x1915 = (x1914 + x1878);
uint32_t _, uint8_t x1918 = addcarryx_u32(0x0, x1796, x1841);
uint32_t x1920, uint8_t x1921 = addcarryx_u32(x1918, x1799, x1880);
uint32_t x1923, uint8_t x1924 = addcarryx_u32(x1921, x1802, x1883);
uint32_t x1926, uint8_t x1927 = addcarryx_u32(x1924, x1805, x1886);
uint32_t x1929, uint8_t x1930 = addcarryx_u32(x1927, x1808, x1889);
uint32_t x1932, uint8_t x1933 = addcarryx_u32(x1930, x1811, x1892);
uint32_t x1935, uint8_t x1936 = addcarryx_u32(x1933, x1814, x1895);
uint32_t x1938, uint8_t x1939 = addcarryx_u32(x1936, x1817, x1898);
uint32_t x1941, uint8_t x1942 = addcarryx_u32(x1939, x1820, x1901);
uint32_t x1944, uint8_t x1945 = addcarryx_u32(x1942, x1823, x1904);
uint32_t x1947, uint8_t x1948 = addcarryx_u32(x1945, x1826, x1907);
uint32_t x1950, uint8_t x1951 = addcarryx_u32(x1948, x1829, x1910);
uint32_t x1953, uint8_t x1954 = addcarryx_u32(x1951, x1832, x1913);
uint32_t x1956, uint8_t x1957 = addcarryx_u32(x1954, x1835, x1915);
uint8_t x1958 = (x1957 + x1836);
uint32_t x1960, uint32_t x1961 = mulx_u32(x19, x27);
uint32_t x1963, uint32_t x1964 = mulx_u32(x19, x29);
uint32_t x1966, uint32_t x1967 = mulx_u32(x19, x31);
uint32_t x1969, uint32_t x1970 = mulx_u32(x19, x33);
uint32_t x1972, uint32_t x1973 = mulx_u32(x19, x35);
uint32_t x1975, uint32_t x1976 = mulx_u32(x19, x37);
uint32_t x1978, uint32_t x1979 = mulx_u32(x19, x39);
uint32_t x1981, uint32_t x1982 = mulx_u32(x19, x41);
uint32_t x1984, uint32_t x1985 = mulx_u32(x19, x43);
uint32_t x1987, uint32_t x1988 = mulx_u32(x19, x45);
uint32_t x1990, uint32_t x1991 = mulx_u32(x19, x47);
uint32_t x1993, uint32_t x1994 = mulx_u32(x19, x49);
uint32_t x1996, uint32_t x1997 = mulx_u32(x19, x48);
uint32_t x1999, uint8_t x2000 = addcarryx_u32(0x0, x1961, x1963);
uint32_t x2002, uint8_t x2003 = addcarryx_u32(x2000, x1964, x1966);
uint32_t x2005, uint8_t x2006 = addcarryx_u32(x2003, x1967, x1969);
uint32_t x2008, uint8_t x2009 = addcarryx_u32(x2006, x1970, x1972);
uint32_t x2011, uint8_t x2012 = addcarryx_u32(x2009, x1973, x1975);
uint32_t x2014, uint8_t x2015 = addcarryx_u32(x2012, x1976, x1978);
uint32_t x2017, uint8_t x2018 = addcarryx_u32(x2015, x1979, x1981);
uint32_t x2020, uint8_t x2021 = addcarryx_u32(x2018, x1982, x1984);
uint32_t x2023, uint8_t x2024 = addcarryx_u32(x2021, x1985, x1987);
uint32_t x2026, uint8_t x2027 = addcarryx_u32(x2024, x1988, x1990);
uint32_t x2029, uint8_t x2030 = addcarryx_u32(x2027, x1991, x1993);
uint32_t x2032, uint8_t x2033 = addcarryx_u32(x2030, x1994, x1996);
uint32_t x2035, uint8_t _ = addcarryx_u32(0x0, x2033, x1997);
uint32_t x2038, uint8_t x2039 = addcarryx_u32(0x0, x1920, x1960);
uint32_t x2041, uint8_t x2042 = addcarryx_u32(x2039, x1923, x1999);
uint32_t x2044, uint8_t x2045 = addcarryx_u32(x2042, x1926, x2002);
uint32_t x2047, uint8_t x2048 = addcarryx_u32(x2045, x1929, x2005);
uint32_t x2050, uint8_t x2051 = addcarryx_u32(x2048, x1932, x2008);
uint32_t x2053, uint8_t x2054 = addcarryx_u32(x2051, x1935, x2011);
uint32_t x2056, uint8_t x2057 = addcarryx_u32(x2054, x1938, x2014);
uint32_t x2059, uint8_t x2060 = addcarryx_u32(x2057, x1941, x2017);
uint32_t x2062, uint8_t x2063 = addcarryx_u32(x2060, x1944, x2020);
uint32_t x2065, uint8_t x2066 = addcarryx_u32(x2063, x1947, x2023);
uint32_t x2068, uint8_t x2069 = addcarryx_u32(x2066, x1950, x2026);
uint32_t x2071, uint8_t x2072 = addcarryx_u32(x2069, x1953, x2029);
uint32_t x2074, uint8_t x2075 = addcarryx_u32(x2072, x1956, x2032);
uint32_t x2077, uint8_t x2078 = addcarryx_u32(x2075, x1958, x2035);
uint32_t x2080, uint32_t _ = mulx_u32(x2038, Const 1022611261);
uint32_t x2083, uint32_t x2084 = mulx_u32(x2080, 0xffffffeb);
uint32_t x2086, uint32_t x2087 = mulx_u32(x2080, 0xffffffff);
uint32_t x2089, uint32_t x2090 = mulx_u32(x2080, 0xffffffff);
uint32_t x2092, uint32_t x2093 = mulx_u32(x2080, 0xffffffff);
uint32_t x2095, uint32_t x2096 = mulx_u32(x2080, 0xffffffff);
uint32_t x2098, uint32_t x2099 = mulx_u32(x2080, 0xffffffff);
uint32_t x2101, uint32_t x2102 = mulx_u32(x2080, 0xffffffff);
uint32_t x2104, uint32_t x2105 = mulx_u32(x2080, 0xffffffff);
uint32_t x2107, uint32_t x2108 = mulx_u32(x2080, 0xffffffff);
uint32_t x2110, uint32_t x2111 = mulx_u32(x2080, 0xffffffff);
uint32_t x2113, uint32_t x2114 = mulx_u32(x2080, 0xffffffff);
uint32_t x2116, uint32_t x2117 = mulx_u32(x2080, 0xffffffff);
uint32_t x2119, uint8_t x2120 = mulx_u32_out_u8(x2080, 0x1f);
uint32_t x2122, uint8_t x2123 = addcarryx_u32(0x0, x2084, x2086);
uint32_t x2125, uint8_t x2126 = addcarryx_u32(x2123, x2087, x2089);
uint32_t x2128, uint8_t x2129 = addcarryx_u32(x2126, x2090, x2092);
uint32_t x2131, uint8_t x2132 = addcarryx_u32(x2129, x2093, x2095);
uint32_t x2134, uint8_t x2135 = addcarryx_u32(x2132, x2096, x2098);
uint32_t x2137, uint8_t x2138 = addcarryx_u32(x2135, x2099, x2101);
uint32_t x2140, uint8_t x2141 = addcarryx_u32(x2138, x2102, x2104);
uint32_t x2143, uint8_t x2144 = addcarryx_u32(x2141, x2105, x2107);
uint32_t x2146, uint8_t x2147 = addcarryx_u32(x2144, x2108, x2110);
uint32_t x2149, uint8_t x2150 = addcarryx_u32(x2147, x2111, x2113);
uint32_t x2152, uint8_t x2153 = addcarryx_u32(x2150, x2114, x2116);
uint32_t x2155, uint8_t x2156 = addcarryx_u32(x2153, x2117, x2119);
uint8_t x2157 = (x2156 + x2120);
uint32_t _, uint8_t x2160 = addcarryx_u32(0x0, x2038, x2083);
uint32_t x2162, uint8_t x2163 = addcarryx_u32(x2160, x2041, x2122);
uint32_t x2165, uint8_t x2166 = addcarryx_u32(x2163, x2044, x2125);
uint32_t x2168, uint8_t x2169 = addcarryx_u32(x2166, x2047, x2128);
uint32_t x2171, uint8_t x2172 = addcarryx_u32(x2169, x2050, x2131);
uint32_t x2174, uint8_t x2175 = addcarryx_u32(x2172, x2053, x2134);
uint32_t x2177, uint8_t x2178 = addcarryx_u32(x2175, x2056, x2137);
uint32_t x2180, uint8_t x2181 = addcarryx_u32(x2178, x2059, x2140);
uint32_t x2183, uint8_t x2184 = addcarryx_u32(x2181, x2062, x2143);
uint32_t x2186, uint8_t x2187 = addcarryx_u32(x2184, x2065, x2146);
uint32_t x2189, uint8_t x2190 = addcarryx_u32(x2187, x2068, x2149);
uint32_t x2192, uint8_t x2193 = addcarryx_u32(x2190, x2071, x2152);
uint32_t x2195, uint8_t x2196 = addcarryx_u32(x2193, x2074, x2155);
uint32_t x2198, uint8_t x2199 = addcarryx_u32(x2196, x2077, x2157);
uint8_t x2200 = (x2199 + x2078);
uint32_t x2202, uint32_t x2203 = mulx_u32(x21, x27);
uint32_t x2205, uint32_t x2206 = mulx_u32(x21, x29);
uint32_t x2208, uint32_t x2209 = mulx_u32(x21, x31);
uint32_t x2211, uint32_t x2212 = mulx_u32(x21, x33);
uint32_t x2214, uint32_t x2215 = mulx_u32(x21, x35);
uint32_t x2217, uint32_t x2218 = mulx_u32(x21, x37);
uint32_t x2220, uint32_t x2221 = mulx_u32(x21, x39);
uint32_t x2223, uint32_t x2224 = mulx_u32(x21, x41);
uint32_t x2226, uint32_t x2227 = mulx_u32(x21, x43);
uint32_t x2229, uint32_t x2230 = mulx_u32(x21, x45);
uint32_t x2232, uint32_t x2233 = mulx_u32(x21, x47);
uint32_t x2235, uint32_t x2236 = mulx_u32(x21, x49);
uint32_t x2238, uint32_t x2239 = mulx_u32(x21, x48);
uint32_t x2241, uint8_t x2242 = addcarryx_u32(0x0, x2203, x2205);
uint32_t x2244, uint8_t x2245 = addcarryx_u32(x2242, x2206, x2208);
uint32_t x2247, uint8_t x2248 = addcarryx_u32(x2245, x2209, x2211);
uint32_t x2250, uint8_t x2251 = addcarryx_u32(x2248, x2212, x2214);
uint32_t x2253, uint8_t x2254 = addcarryx_u32(x2251, x2215, x2217);
uint32_t x2256, uint8_t x2257 = addcarryx_u32(x2254, x2218, x2220);
uint32_t x2259, uint8_t x2260 = addcarryx_u32(x2257, x2221, x2223);
uint32_t x2262, uint8_t x2263 = addcarryx_u32(x2260, x2224, x2226);
uint32_t x2265, uint8_t x2266 = addcarryx_u32(x2263, x2227, x2229);
uint32_t x2268, uint8_t x2269 = addcarryx_u32(x2266, x2230, x2232);
uint32_t x2271, uint8_t x2272 = addcarryx_u32(x2269, x2233, x2235);
uint32_t x2274, uint8_t x2275 = addcarryx_u32(x2272, x2236, x2238);
uint32_t x2277, uint8_t _ = addcarryx_u32(0x0, x2275, x2239);
uint32_t x2280, uint8_t x2281 = addcarryx_u32(0x0, x2162, x2202);
uint32_t x2283, uint8_t x2284 = addcarryx_u32(x2281, x2165, x2241);
uint32_t x2286, uint8_t x2287 = addcarryx_u32(x2284, x2168, x2244);
uint32_t x2289, uint8_t x2290 = addcarryx_u32(x2287, x2171, x2247);
uint32_t x2292, uint8_t x2293 = addcarryx_u32(x2290, x2174, x2250);
uint32_t x2295, uint8_t x2296 = addcarryx_u32(x2293, x2177, x2253);
uint32_t x2298, uint8_t x2299 = addcarryx_u32(x2296, x2180, x2256);
uint32_t x2301, uint8_t x2302 = addcarryx_u32(x2299, x2183, x2259);
uint32_t x2304, uint8_t x2305 = addcarryx_u32(x2302, x2186, x2262);
uint32_t x2307, uint8_t x2308 = addcarryx_u32(x2305, x2189, x2265);
uint32_t x2310, uint8_t x2311 = addcarryx_u32(x2308, x2192, x2268);
uint32_t x2313, uint8_t x2314 = addcarryx_u32(x2311, x2195, x2271);
uint32_t x2316, uint8_t x2317 = addcarryx_u32(x2314, x2198, x2274);
uint32_t x2319, uint8_t x2320 = addcarryx_u32(x2317, x2200, x2277);
uint32_t x2322, uint32_t _ = mulx_u32(x2280, Const 1022611261);
uint32_t x2325, uint32_t x2326 = mulx_u32(x2322, 0xffffffeb);
uint32_t x2328, uint32_t x2329 = mulx_u32(x2322, 0xffffffff);
uint32_t x2331, uint32_t x2332 = mulx_u32(x2322, 0xffffffff);
uint32_t x2334, uint32_t x2335 = mulx_u32(x2322, 0xffffffff);
uint32_t x2337, uint32_t x2338 = mulx_u32(x2322, 0xffffffff);
uint32_t x2340, uint32_t x2341 = mulx_u32(x2322, 0xffffffff);
uint32_t x2343, uint32_t x2344 = mulx_u32(x2322, 0xffffffff);
uint32_t x2346, uint32_t x2347 = mulx_u32(x2322, 0xffffffff);
uint32_t x2349, uint32_t x2350 = mulx_u32(x2322, 0xffffffff);
uint32_t x2352, uint32_t x2353 = mulx_u32(x2322, 0xffffffff);
uint32_t x2355, uint32_t x2356 = mulx_u32(x2322, 0xffffffff);
uint32_t x2358, uint32_t x2359 = mulx_u32(x2322, 0xffffffff);
uint32_t x2361, uint8_t x2362 = mulx_u32_out_u8(x2322, 0x1f);
uint32_t x2364, uint8_t x2365 = addcarryx_u32(0x0, x2326, x2328);
uint32_t x2367, uint8_t x2368 = addcarryx_u32(x2365, x2329, x2331);
uint32_t x2370, uint8_t x2371 = addcarryx_u32(x2368, x2332, x2334);
uint32_t x2373, uint8_t x2374 = addcarryx_u32(x2371, x2335, x2337);
uint32_t x2376, uint8_t x2377 = addcarryx_u32(x2374, x2338, x2340);
uint32_t x2379, uint8_t x2380 = addcarryx_u32(x2377, x2341, x2343);
uint32_t x2382, uint8_t x2383 = addcarryx_u32(x2380, x2344, x2346);
uint32_t x2385, uint8_t x2386 = addcarryx_u32(x2383, x2347, x2349);
uint32_t x2388, uint8_t x2389 = addcarryx_u32(x2386, x2350, x2352);
uint32_t x2391, uint8_t x2392 = addcarryx_u32(x2389, x2353, x2355);
uint32_t x2394, uint8_t x2395 = addcarryx_u32(x2392, x2356, x2358);
uint32_t x2397, uint8_t x2398 = addcarryx_u32(x2395, x2359, x2361);
uint8_t x2399 = (x2398 + x2362);
uint32_t _, uint8_t x2402 = addcarryx_u32(0x0, x2280, x2325);
uint32_t x2404, uint8_t x2405 = addcarryx_u32(x2402, x2283, x2364);
uint32_t x2407, uint8_t x2408 = addcarryx_u32(x2405, x2286, x2367);
uint32_t x2410, uint8_t x2411 = addcarryx_u32(x2408, x2289, x2370);
uint32_t x2413, uint8_t x2414 = addcarryx_u32(x2411, x2292, x2373);
uint32_t x2416, uint8_t x2417 = addcarryx_u32(x2414, x2295, x2376);
uint32_t x2419, uint8_t x2420 = addcarryx_u32(x2417, x2298, x2379);
uint32_t x2422, uint8_t x2423 = addcarryx_u32(x2420, x2301, x2382);
uint32_t x2425, uint8_t x2426 = addcarryx_u32(x2423, x2304, x2385);
uint32_t x2428, uint8_t x2429 = addcarryx_u32(x2426, x2307, x2388);
uint32_t x2431, uint8_t x2432 = addcarryx_u32(x2429, x2310, x2391);
uint32_t x2434, uint8_t x2435 = addcarryx_u32(x2432, x2313, x2394);
uint32_t x2437, uint8_t x2438 = addcarryx_u32(x2435, x2316, x2397);
uint32_t x2440, uint8_t x2441 = addcarryx_u32(x2438, x2319, x2399);
uint8_t x2442 = (x2441 + x2320);
uint32_t x2444, uint32_t x2445 = mulx_u32(x23, x27);
uint32_t x2447, uint32_t x2448 = mulx_u32(x23, x29);
uint32_t x2450, uint32_t x2451 = mulx_u32(x23, x31);
uint32_t x2453, uint32_t x2454 = mulx_u32(x23, x33);
uint32_t x2456, uint32_t x2457 = mulx_u32(x23, x35);
uint32_t x2459, uint32_t x2460 = mulx_u32(x23, x37);
uint32_t x2462, uint32_t x2463 = mulx_u32(x23, x39);
uint32_t x2465, uint32_t x2466 = mulx_u32(x23, x41);
uint32_t x2468, uint32_t x2469 = mulx_u32(x23, x43);
uint32_t x2471, uint32_t x2472 = mulx_u32(x23, x45);
uint32_t x2474, uint32_t x2475 = mulx_u32(x23, x47);
uint32_t x2477, uint32_t x2478 = mulx_u32(x23, x49);
uint32_t x2480, uint32_t x2481 = mulx_u32(x23, x48);
uint32_t x2483, uint8_t x2484 = addcarryx_u32(0x0, x2445, x2447);
uint32_t x2486, uint8_t x2487 = addcarryx_u32(x2484, x2448, x2450);
uint32_t x2489, uint8_t x2490 = addcarryx_u32(x2487, x2451, x2453);
uint32_t x2492, uint8_t x2493 = addcarryx_u32(x2490, x2454, x2456);
uint32_t x2495, uint8_t x2496 = addcarryx_u32(x2493, x2457, x2459);
uint32_t x2498, uint8_t x2499 = addcarryx_u32(x2496, x2460, x2462);
uint32_t x2501, uint8_t x2502 = addcarryx_u32(x2499, x2463, x2465);
uint32_t x2504, uint8_t x2505 = addcarryx_u32(x2502, x2466, x2468);
uint32_t x2507, uint8_t x2508 = addcarryx_u32(x2505, x2469, x2471);
uint32_t x2510, uint8_t x2511 = addcarryx_u32(x2508, x2472, x2474);
uint32_t x2513, uint8_t x2514 = addcarryx_u32(x2511, x2475, x2477);
uint32_t x2516, uint8_t x2517 = addcarryx_u32(x2514, x2478, x2480);
uint32_t x2519, uint8_t _ = addcarryx_u32(0x0, x2517, x2481);
uint32_t x2522, uint8_t x2523 = addcarryx_u32(0x0, x2404, x2444);
uint32_t x2525, uint8_t x2526 = addcarryx_u32(x2523, x2407, x2483);
uint32_t x2528, uint8_t x2529 = addcarryx_u32(x2526, x2410, x2486);
uint32_t x2531, uint8_t x2532 = addcarryx_u32(x2529, x2413, x2489);
uint32_t x2534, uint8_t x2535 = addcarryx_u32(x2532, x2416, x2492);
uint32_t x2537, uint8_t x2538 = addcarryx_u32(x2535, x2419, x2495);
uint32_t x2540, uint8_t x2541 = addcarryx_u32(x2538, x2422, x2498);
uint32_t x2543, uint8_t x2544 = addcarryx_u32(x2541, x2425, x2501);
uint32_t x2546, uint8_t x2547 = addcarryx_u32(x2544, x2428, x2504);
uint32_t x2549, uint8_t x2550 = addcarryx_u32(x2547, x2431, x2507);
uint32_t x2552, uint8_t x2553 = addcarryx_u32(x2550, x2434, x2510);
uint32_t x2555, uint8_t x2556 = addcarryx_u32(x2553, x2437, x2513);
uint32_t x2558, uint8_t x2559 = addcarryx_u32(x2556, x2440, x2516);
uint32_t x2561, uint8_t x2562 = addcarryx_u32(x2559, x2442, x2519);
uint32_t x2564, uint32_t _ = mulx_u32(x2522, Const 1022611261);
uint32_t x2567, uint32_t x2568 = mulx_u32(x2564, 0xffffffeb);
uint32_t x2570, uint32_t x2571 = mulx_u32(x2564, 0xffffffff);
uint32_t x2573, uint32_t x2574 = mulx_u32(x2564, 0xffffffff);
uint32_t x2576, uint32_t x2577 = mulx_u32(x2564, 0xffffffff);
uint32_t x2579, uint32_t x2580 = mulx_u32(x2564, 0xffffffff);
uint32_t x2582, uint32_t x2583 = mulx_u32(x2564, 0xffffffff);
uint32_t x2585, uint32_t x2586 = mulx_u32(x2564, 0xffffffff);
uint32_t x2588, uint32_t x2589 = mulx_u32(x2564, 0xffffffff);
uint32_t x2591, uint32_t x2592 = mulx_u32(x2564, 0xffffffff);
uint32_t x2594, uint32_t x2595 = mulx_u32(x2564, 0xffffffff);
uint32_t x2597, uint32_t x2598 = mulx_u32(x2564, 0xffffffff);
uint32_t x2600, uint32_t x2601 = mulx_u32(x2564, 0xffffffff);
uint32_t x2603, uint8_t x2604 = mulx_u32_out_u8(x2564, 0x1f);
uint32_t x2606, uint8_t x2607 = addcarryx_u32(0x0, x2568, x2570);
uint32_t x2609, uint8_t x2610 = addcarryx_u32(x2607, x2571, x2573);
uint32_t x2612, uint8_t x2613 = addcarryx_u32(x2610, x2574, x2576);
uint32_t x2615, uint8_t x2616 = addcarryx_u32(x2613, x2577, x2579);
uint32_t x2618, uint8_t x2619 = addcarryx_u32(x2616, x2580, x2582);
uint32_t x2621, uint8_t x2622 = addcarryx_u32(x2619, x2583, x2585);
uint32_t x2624, uint8_t x2625 = addcarryx_u32(x2622, x2586, x2588);
uint32_t x2627, uint8_t x2628 = addcarryx_u32(x2625, x2589, x2591);
uint32_t x2630, uint8_t x2631 = addcarryx_u32(x2628, x2592, x2594);
uint32_t x2633, uint8_t x2634 = addcarryx_u32(x2631, x2595, x2597);
uint32_t x2636, uint8_t x2637 = addcarryx_u32(x2634, x2598, x2600);
uint32_t x2639, uint8_t x2640 = addcarryx_u32(x2637, x2601, x2603);
uint8_t x2641 = (x2640 + x2604);
uint32_t _, uint8_t x2644 = addcarryx_u32(0x0, x2522, x2567);
uint32_t x2646, uint8_t x2647 = addcarryx_u32(x2644, x2525, x2606);
uint32_t x2649, uint8_t x2650 = addcarryx_u32(x2647, x2528, x2609);
uint32_t x2652, uint8_t x2653 = addcarryx_u32(x2650, x2531, x2612);
uint32_t x2655, uint8_t x2656 = addcarryx_u32(x2653, x2534, x2615);
uint32_t x2658, uint8_t x2659 = addcarryx_u32(x2656, x2537, x2618);
uint32_t x2661, uint8_t x2662 = addcarryx_u32(x2659, x2540, x2621);
uint32_t x2664, uint8_t x2665 = addcarryx_u32(x2662, x2543, x2624);
uint32_t x2667, uint8_t x2668 = addcarryx_u32(x2665, x2546, x2627);
uint32_t x2670, uint8_t x2671 = addcarryx_u32(x2668, x2549, x2630);
uint32_t x2673, uint8_t x2674 = addcarryx_u32(x2671, x2552, x2633);
uint32_t x2676, uint8_t x2677 = addcarryx_u32(x2674, x2555, x2636);
uint32_t x2679, uint8_t x2680 = addcarryx_u32(x2677, x2558, x2639);
uint32_t x2682, uint8_t x2683 = addcarryx_u32(x2680, x2561, x2641);
uint8_t x2684 = (x2683 + x2562);
uint32_t x2686, uint32_t x2687 = mulx_u32(x25, x27);
uint32_t x2689, uint32_t x2690 = mulx_u32(x25, x29);
uint32_t x2692, uint32_t x2693 = mulx_u32(x25, x31);
uint32_t x2695, uint32_t x2696 = mulx_u32(x25, x33);
uint32_t x2698, uint32_t x2699 = mulx_u32(x25, x35);
uint32_t x2701, uint32_t x2702 = mulx_u32(x25, x37);
uint32_t x2704, uint32_t x2705 = mulx_u32(x25, x39);
uint32_t x2707, uint32_t x2708 = mulx_u32(x25, x41);
uint32_t x2710, uint32_t x2711 = mulx_u32(x25, x43);
uint32_t x2713, uint32_t x2714 = mulx_u32(x25, x45);
uint32_t x2716, uint32_t x2717 = mulx_u32(x25, x47);
uint32_t x2719, uint32_t x2720 = mulx_u32(x25, x49);
uint32_t x2722, uint32_t x2723 = mulx_u32(x25, x48);
uint32_t x2725, uint8_t x2726 = addcarryx_u32(0x0, x2687, x2689);
uint32_t x2728, uint8_t x2729 = addcarryx_u32(x2726, x2690, x2692);
uint32_t x2731, uint8_t x2732 = addcarryx_u32(x2729, x2693, x2695);
uint32_t x2734, uint8_t x2735 = addcarryx_u32(x2732, x2696, x2698);
uint32_t x2737, uint8_t x2738 = addcarryx_u32(x2735, x2699, x2701);
uint32_t x2740, uint8_t x2741 = addcarryx_u32(x2738, x2702, x2704);
uint32_t x2743, uint8_t x2744 = addcarryx_u32(x2741, x2705, x2707);
uint32_t x2746, uint8_t x2747 = addcarryx_u32(x2744, x2708, x2710);
uint32_t x2749, uint8_t x2750 = addcarryx_u32(x2747, x2711, x2713);
uint32_t x2752, uint8_t x2753 = addcarryx_u32(x2750, x2714, x2716);
uint32_t x2755, uint8_t x2756 = addcarryx_u32(x2753, x2717, x2719);
uint32_t x2758, uint8_t x2759 = addcarryx_u32(x2756, x2720, x2722);
uint32_t x2761, uint8_t _ = addcarryx_u32(0x0, x2759, x2723);
uint32_t x2764, uint8_t x2765 = addcarryx_u32(0x0, x2646, x2686);
uint32_t x2767, uint8_t x2768 = addcarryx_u32(x2765, x2649, x2725);
uint32_t x2770, uint8_t x2771 = addcarryx_u32(x2768, x2652, x2728);
uint32_t x2773, uint8_t x2774 = addcarryx_u32(x2771, x2655, x2731);
uint32_t x2776, uint8_t x2777 = addcarryx_u32(x2774, x2658, x2734);
uint32_t x2779, uint8_t x2780 = addcarryx_u32(x2777, x2661, x2737);
uint32_t x2782, uint8_t x2783 = addcarryx_u32(x2780, x2664, x2740);
uint32_t x2785, uint8_t x2786 = addcarryx_u32(x2783, x2667, x2743);
uint32_t x2788, uint8_t x2789 = addcarryx_u32(x2786, x2670, x2746);
uint32_t x2791, uint8_t x2792 = addcarryx_u32(x2789, x2673, x2749);
uint32_t x2794, uint8_t x2795 = addcarryx_u32(x2792, x2676, x2752);
uint32_t x2797, uint8_t x2798 = addcarryx_u32(x2795, x2679, x2755);
uint32_t x2800, uint8_t x2801 = addcarryx_u32(x2798, x2682, x2758);
uint32_t x2803, uint8_t x2804 = addcarryx_u32(x2801, x2684, x2761);
uint32_t x2806, uint32_t _ = mulx_u32(x2764, Const 1022611261);
uint32_t x2809, uint32_t x2810 = mulx_u32(x2806, 0xffffffeb);
uint32_t x2812, uint32_t x2813 = mulx_u32(x2806, 0xffffffff);
uint32_t x2815, uint32_t x2816 = mulx_u32(x2806, 0xffffffff);
uint32_t x2818, uint32_t x2819 = mulx_u32(x2806, 0xffffffff);
uint32_t x2821, uint32_t x2822 = mulx_u32(x2806, 0xffffffff);
uint32_t x2824, uint32_t x2825 = mulx_u32(x2806, 0xffffffff);
uint32_t x2827, uint32_t x2828 = mulx_u32(x2806, 0xffffffff);
uint32_t x2830, uint32_t x2831 = mulx_u32(x2806, 0xffffffff);
uint32_t x2833, uint32_t x2834 = mulx_u32(x2806, 0xffffffff);
uint32_t x2836, uint32_t x2837 = mulx_u32(x2806, 0xffffffff);
uint32_t x2839, uint32_t x2840 = mulx_u32(x2806, 0xffffffff);
uint32_t x2842, uint32_t x2843 = mulx_u32(x2806, 0xffffffff);
uint32_t x2845, uint8_t x2846 = mulx_u32_out_u8(x2806, 0x1f);
uint32_t x2848, uint8_t x2849 = addcarryx_u32(0x0, x2810, x2812);
uint32_t x2851, uint8_t x2852 = addcarryx_u32(x2849, x2813, x2815);
uint32_t x2854, uint8_t x2855 = addcarryx_u32(x2852, x2816, x2818);
uint32_t x2857, uint8_t x2858 = addcarryx_u32(x2855, x2819, x2821);
uint32_t x2860, uint8_t x2861 = addcarryx_u32(x2858, x2822, x2824);
uint32_t x2863, uint8_t x2864 = addcarryx_u32(x2861, x2825, x2827);
uint32_t x2866, uint8_t x2867 = addcarryx_u32(x2864, x2828, x2830);
uint32_t x2869, uint8_t x2870 = addcarryx_u32(x2867, x2831, x2833);
uint32_t x2872, uint8_t x2873 = addcarryx_u32(x2870, x2834, x2836);
uint32_t x2875, uint8_t x2876 = addcarryx_u32(x2873, x2837, x2839);
uint32_t x2878, uint8_t x2879 = addcarryx_u32(x2876, x2840, x2842);
uint32_t x2881, uint8_t x2882 = addcarryx_u32(x2879, x2843, x2845);
uint8_t x2883 = (x2882 + x2846);
uint32_t _, uint8_t x2886 = addcarryx_u32(0x0, x2764, x2809);
uint32_t x2888, uint8_t x2889 = addcarryx_u32(x2886, x2767, x2848);
uint32_t x2891, uint8_t x2892 = addcarryx_u32(x2889, x2770, x2851);
uint32_t x2894, uint8_t x2895 = addcarryx_u32(x2892, x2773, x2854);
uint32_t x2897, uint8_t x2898 = addcarryx_u32(x2895, x2776, x2857);
uint32_t x2900, uint8_t x2901 = addcarryx_u32(x2898, x2779, x2860);
uint32_t x2903, uint8_t x2904 = addcarryx_u32(x2901, x2782, x2863);
uint32_t x2906, uint8_t x2907 = addcarryx_u32(x2904, x2785, x2866);
uint32_t x2909, uint8_t x2910 = addcarryx_u32(x2907, x2788, x2869);
uint32_t x2912, uint8_t x2913 = addcarryx_u32(x2910, x2791, x2872);
uint32_t x2915, uint8_t x2916 = addcarryx_u32(x2913, x2794, x2875);
uint32_t x2918, uint8_t x2919 = addcarryx_u32(x2916, x2797, x2878);
uint32_t x2921, uint8_t x2922 = addcarryx_u32(x2919, x2800, x2881);
uint32_t x2924, uint8_t x2925 = addcarryx_u32(x2922, x2803, x2883);
uint8_t x2926 = (x2925 + x2804);
uint32_t x2928, uint32_t x2929 = mulx_u32(x24, x27);
uint32_t x2931, uint32_t x2932 = mulx_u32(x24, x29);
uint32_t x2934, uint32_t x2935 = mulx_u32(x24, x31);
uint32_t x2937, uint32_t x2938 = mulx_u32(x24, x33);
uint32_t x2940, uint32_t x2941 = mulx_u32(x24, x35);
uint32_t x2943, uint32_t x2944 = mulx_u32(x24, x37);
uint32_t x2946, uint32_t x2947 = mulx_u32(x24, x39);
uint32_t x2949, uint32_t x2950 = mulx_u32(x24, x41);
uint32_t x2952, uint32_t x2953 = mulx_u32(x24, x43);
uint32_t x2955, uint32_t x2956 = mulx_u32(x24, x45);
uint32_t x2958, uint32_t x2959 = mulx_u32(x24, x47);
uint32_t x2961, uint32_t x2962 = mulx_u32(x24, x49);
uint32_t x2964, uint32_t x2965 = mulx_u32(x24, x48);
uint32_t x2967, uint8_t x2968 = addcarryx_u32(0x0, x2929, x2931);
uint32_t x2970, uint8_t x2971 = addcarryx_u32(x2968, x2932, x2934);
uint32_t x2973, uint8_t x2974 = addcarryx_u32(x2971, x2935, x2937);
uint32_t x2976, uint8_t x2977 = addcarryx_u32(x2974, x2938, x2940);
uint32_t x2979, uint8_t x2980 = addcarryx_u32(x2977, x2941, x2943);
uint32_t x2982, uint8_t x2983 = addcarryx_u32(x2980, x2944, x2946);
uint32_t x2985, uint8_t x2986 = addcarryx_u32(x2983, x2947, x2949);
uint32_t x2988, uint8_t x2989 = addcarryx_u32(x2986, x2950, x2952);
uint32_t x2991, uint8_t x2992 = addcarryx_u32(x2989, x2953, x2955);
uint32_t x2994, uint8_t x2995 = addcarryx_u32(x2992, x2956, x2958);
uint32_t x2997, uint8_t x2998 = addcarryx_u32(x2995, x2959, x2961);
uint32_t x3000, uint8_t x3001 = addcarryx_u32(x2998, x2962, x2964);
uint32_t x3003, uint8_t _ = addcarryx_u32(0x0, x3001, x2965);
uint32_t x3006, uint8_t x3007 = addcarryx_u32(0x0, x2888, x2928);
uint32_t x3009, uint8_t x3010 = addcarryx_u32(x3007, x2891, x2967);
uint32_t x3012, uint8_t x3013 = addcarryx_u32(x3010, x2894, x2970);
uint32_t x3015, uint8_t x3016 = addcarryx_u32(x3013, x2897, x2973);
uint32_t x3018, uint8_t x3019 = addcarryx_u32(x3016, x2900, x2976);
uint32_t x3021, uint8_t x3022 = addcarryx_u32(x3019, x2903, x2979);
uint32_t x3024, uint8_t x3025 = addcarryx_u32(x3022, x2906, x2982);
uint32_t x3027, uint8_t x3028 = addcarryx_u32(x3025, x2909, x2985);
uint32_t x3030, uint8_t x3031 = addcarryx_u32(x3028, x2912, x2988);
uint32_t x3033, uint8_t x3034 = addcarryx_u32(x3031, x2915, x2991);
uint32_t x3036, uint8_t x3037 = addcarryx_u32(x3034, x2918, x2994);
uint32_t x3039, uint8_t x3040 = addcarryx_u32(x3037, x2921, x2997);
uint32_t x3042, uint8_t x3043 = addcarryx_u32(x3040, x2924, x3000);
uint32_t x3045, uint8_t x3046 = addcarryx_u32(x3043, x2926, x3003);
uint32_t x3048, uint32_t _ = mulx_u32(x3006, Const 1022611261);
uint32_t x3051, uint32_t x3052 = mulx_u32(x3048, 0xffffffeb);
uint32_t x3054, uint32_t x3055 = mulx_u32(x3048, 0xffffffff);
uint32_t x3057, uint32_t x3058 = mulx_u32(x3048, 0xffffffff);
uint32_t x3060, uint32_t x3061 = mulx_u32(x3048, 0xffffffff);
uint32_t x3063, uint32_t x3064 = mulx_u32(x3048, 0xffffffff);
uint32_t x3066, uint32_t x3067 = mulx_u32(x3048, 0xffffffff);
uint32_t x3069, uint32_t x3070 = mulx_u32(x3048, 0xffffffff);
uint32_t x3072, uint32_t x3073 = mulx_u32(x3048, 0xffffffff);
uint32_t x3075, uint32_t x3076 = mulx_u32(x3048, 0xffffffff);
uint32_t x3078, uint32_t x3079 = mulx_u32(x3048, 0xffffffff);
uint32_t x3081, uint32_t x3082 = mulx_u32(x3048, 0xffffffff);
uint32_t x3084, uint32_t x3085 = mulx_u32(x3048, 0xffffffff);
uint32_t x3087, uint8_t x3088 = mulx_u32_out_u8(x3048, 0x1f);
uint32_t x3090, uint8_t x3091 = addcarryx_u32(0x0, x3052, x3054);
uint32_t x3093, uint8_t x3094 = addcarryx_u32(x3091, x3055, x3057);
uint32_t x3096, uint8_t x3097 = addcarryx_u32(x3094, x3058, x3060);
uint32_t x3099, uint8_t x3100 = addcarryx_u32(x3097, x3061, x3063);
uint32_t x3102, uint8_t x3103 = addcarryx_u32(x3100, x3064, x3066);
uint32_t x3105, uint8_t x3106 = addcarryx_u32(x3103, x3067, x3069);
uint32_t x3108, uint8_t x3109 = addcarryx_u32(x3106, x3070, x3072);
uint32_t x3111, uint8_t x3112 = addcarryx_u32(x3109, x3073, x3075);
uint32_t x3114, uint8_t x3115 = addcarryx_u32(x3112, x3076, x3078);
uint32_t x3117, uint8_t x3118 = addcarryx_u32(x3115, x3079, x3081);
uint32_t x3120, uint8_t x3121 = addcarryx_u32(x3118, x3082, x3084);
uint32_t x3123, uint8_t x3124 = addcarryx_u32(x3121, x3085, x3087);
uint8_t x3125 = (x3124 + x3088);
uint32_t _, uint8_t x3128 = addcarryx_u32(0x0, x3006, x3051);
uint32_t x3130, uint8_t x3131 = addcarryx_u32(x3128, x3009, x3090);
uint32_t x3133, uint8_t x3134 = addcarryx_u32(x3131, x3012, x3093);
uint32_t x3136, uint8_t x3137 = addcarryx_u32(x3134, x3015, x3096);
uint32_t x3139, uint8_t x3140 = addcarryx_u32(x3137, x3018, x3099);
uint32_t x3142, uint8_t x3143 = addcarryx_u32(x3140, x3021, x3102);
uint32_t x3145, uint8_t x3146 = addcarryx_u32(x3143, x3024, x3105);
uint32_t x3148, uint8_t x3149 = addcarryx_u32(x3146, x3027, x3108);
uint32_t x3151, uint8_t x3152 = addcarryx_u32(x3149, x3030, x3111);
uint32_t x3154, uint8_t x3155 = addcarryx_u32(x3152, x3033, x3114);
uint32_t x3157, uint8_t x3158 = addcarryx_u32(x3155, x3036, x3117);
uint32_t x3160, uint8_t x3161 = addcarryx_u32(x3158, x3039, x3120);
uint32_t x3163, uint8_t x3164 = addcarryx_u32(x3161, x3042, x3123);
uint32_t x3166, uint8_t x3167 = addcarryx_u32(x3164, x3045, x3125);
uint8_t x3168 = (x3167 + x3046);
uint32_t x3170, uint8_t x3171 = subborrow_u32(0x0, x3130, 0xffffffeb);
uint32_t x3173, uint8_t x3174 = subborrow_u32(x3171, x3133, 0xffffffff);
uint32_t x3176, uint8_t x3177 = subborrow_u32(x3174, x3136, 0xffffffff);
uint32_t x3179, uint8_t x3180 = subborrow_u32(x3177, x3139, 0xffffffff);
uint32_t x3182, uint8_t x3183 = subborrow_u32(x3180, x3142, 0xffffffff);
uint32_t x3185, uint8_t x3186 = subborrow_u32(x3183, x3145, 0xffffffff);
uint32_t x3188, uint8_t x3189 = subborrow_u32(x3186, x3148, 0xffffffff);
uint32_t x3191, uint8_t x3192 = subborrow_u32(x3189, x3151, 0xffffffff);
uint32_t x3194, uint8_t x3195 = subborrow_u32(x3192, x3154, 0xffffffff);
uint32_t x3197, uint8_t x3198 = subborrow_u32(x3195, x3157, 0xffffffff);
uint32_t x3200, uint8_t x3201 = subborrow_u32(x3198, x3160, 0xffffffff);
uint32_t x3203, uint8_t x3204 = subborrow_u32(x3201, x3163, 0xffffffff);
uint32_t x3206, uint8_t x3207 = subborrow_u32(x3204, x3166, 0x1f);
uint32_t _, uint8_t x3210 = subborrow_u32(x3207, x3168, 0x0);
(cmovznz32(x3210, x3206, x3166), cmovznz32(x3210, x3203, x3163), cmovznz32(x3210, x3200, x3160), cmovznz32(x3210, x3197, x3157), cmovznz32(x3210, x3194, x3154), cmovznz32(x3210, x3191, x3151), cmovznz32(x3210, x3188, x3148), cmovznz32(x3210, x3185, x3145), cmovznz32(x3210, x3182, x3142), cmovznz32(x3210, x3179, x3139), cmovznz32(x3210, x3176, x3136), cmovznz32(x3210, x3173, x3133), cmovznz32(x3210, x3170, x3130))
     : ∀ var : Z.Syntax.base_type → Type, expr Z.Syntax.base_type Z.Syntax.op (uint32_t * uint32_t * uint32_t * uint32_t * uint32_t * uint32_t * uint32_t * uint32_t * uint32_t * uint32_t * uint32_t * uint32_t * uint32_t * (uint32_t * uint32_t * uint32_t * uint32_t * uint32_t * uint32_t * uint32_t * uint32_t * uint32_t * uint32_t * uint32_t * uint32_t * uint32_t) -> uint32_t * uint32_t * uint32_t * uint32_t * uint32_t * uint32_t * uint32_t * uint32_t * uint32_t * uint32_t * uint32_t * uint32_t * uint32_t)

Argument scope is [function_scope]
