rmulW = 
fun var : base_type -> Type =>
λ
x x0 x1 x2 x3 x4 x5 x6 x7 x8 x9 x10 x11 x12 x13 x14 x15 x16 x17
 x18 : var (TWord 5),
uint64_t x19 = ((uint64_t) x8) * x18;
uint32_t x20 = x17 * 0b10;
uint64_t x21 = ((uint64_t) x) * x20;
uint32_t x22 = x16 * 0b10;
uint64_t x23 = ((uint64_t) x0) * x22;
uint32_t x24 = x15 * 0b10;
uint64_t x25 = ((uint64_t) x1) * x24;
uint32_t x26 = x14 * 0b10;
uint64_t x27 = ((uint64_t) x2) * x26;
uint32_t x28 = x13 * 0b10;
uint64_t x29 = ((uint64_t) x3) * x28;
uint32_t x30 = x12 * 0b10;
uint64_t x31 = ((uint64_t) x4) * x30;
uint32_t x32 = x11 * 0b10;
uint64_t x33 = ((uint64_t) x5) * x32;
uint32_t x34 = x10 * 0b10;
uint64_t x35 = ((uint64_t) x6) * x34;
uint32_t x36 = x9 * 0b10;
uint64_t x37 = ((uint64_t) x7) * x36;
uint64_t x38 = x35 + x37;
uint64_t x39 = x33 + x38;
uint64_t x40 = x31 + x39;
uint64_t x41 = x29 + x40;
uint64_t x42 = x27 + x41;
uint64_t x43 = x25 + x42;
uint64_t x44 = x23 + x43;
uint64_t x45 = x21 + x44;
uint64_t x46 = Const WO~1~0~0~1 * x45;
uint64_t x47 = x19 + x46;
uint32_t x48 = (uint32_t) (x47 >> 0b00011010);
uint64_t x49 = ((uint64_t) x7) * x18;
uint64_t x50 = ((uint64_t) x8) * x17;
uint64_t x51 = x49 + x50;
uint64_t x52 = ((uint64_t) x) * x16;
uint64_t x53 = ((uint64_t) x0) * x15;
uint64_t x54 = ((uint64_t) x1) * x14;
uint64_t x55 = ((uint64_t) x2) * x13;
uint64_t x56 = ((uint64_t) x3) * x12;
uint64_t x57 = ((uint64_t) x4) * x11;
uint64_t x58 = ((uint64_t) x5) * x10;
uint64_t x59 = ((uint64_t) x6) * x9;
uint64_t x60 = x58 + x59;
uint64_t x61 = x57 + x60;
uint64_t x62 = x56 + x61;
uint64_t x63 = x55 + x62;
uint64_t x64 = x54 + x63;
uint64_t x65 = x53 + x64;
uint64_t x66 = x52 + x65;
uint64_t x67 = Const WO~1~0~0~1 * x66;
uint64_t x68 = x51 + x67;
uint64_t x69 = x48 + x68;
uint32_t x70 = (uint32_t) (x69 >> 0b00011001);
uint64_t x71 = ((uint64_t) x6) * x18;
uint32_t x72 = x17 * 0b10;
uint64_t x73 = ((uint64_t) x7) * x72;
uint64_t x74 = ((uint64_t) x8) * x16;
uint64_t x75 = x73 + x74;
uint64_t x76 = x71 + x75;
uint64_t x77 = ((uint64_t) x) * x15;
uint64_t x78 = ((uint64_t) x0) * x14;
uint64_t x79 = ((uint64_t) x1) * x13;
uint64_t x80 = ((uint64_t) x2) * x12;
uint64_t x81 = ((uint64_t) x3) * x11;
uint64_t x82 = ((uint64_t) x4) * x10;
uint64_t x83 = ((uint64_t) x5) * x9;
uint64_t x84 = x82 + x83;
uint64_t x85 = x81 + x84;
uint64_t x86 = x80 + x85;
uint64_t x87 = x79 + x86;
uint64_t x88 = x78 + x87;
uint64_t x89 = x77 + x88;
uint64_t x90 = Const WO~1~0~0~1 * x89;
uint64_t x91 = x76 + x90;
uint64_t x92 = x70 + x91;
uint32_t x93 = (uint32_t) (x92 >> 0b00011001);
uint64_t x94 = ((uint64_t) x5) * x18;
uint32_t x95 = x17 * 0b10;
uint64_t x96 = ((uint64_t) x6) * x95;
uint32_t x97 = x16 * 0b10;
uint64_t x98 = ((uint64_t) x7) * x97;
uint64_t x99 = ((uint64_t) x8) * x15;
uint64_t x100 = x98 + x99;
uint64_t x101 = x96 + x100;
uint64_t x102 = x94 + x101;
uint64_t x103 = ((uint64_t) x) * x14;
uint64_t x104 = ((uint64_t) x0) * x13;
uint64_t x105 = ((uint64_t) x1) * x12;
uint64_t x106 = ((uint64_t) x2) * x11;
uint64_t x107 = ((uint64_t) x3) * x10;
uint64_t x108 = ((uint64_t) x4) * x9;
uint64_t x109 = x107 + x108;
uint64_t x110 = x106 + x109;
uint64_t x111 = x105 + x110;
uint64_t x112 = x104 + x111;
uint64_t x113 = x103 + x112;
uint64_t x114 = Const WO~1~0~0~1 * x113;
uint64_t x115 = x102 + x114;
uint64_t x116 = x93 + x115;
uint32_t x117 = (uint32_t) (x116 >> 0b00011001);
uint64_t x118 = ((uint64_t) x4) * x18;
uint32_t x119 = x17 * 0b10;
uint64_t x120 = ((uint64_t) x5) * x119;
uint32_t x121 = x16 * 0b10;
uint64_t x122 = ((uint64_t) x6) * x121;
uint32_t x123 = x15 * 0b10;
uint64_t x124 = ((uint64_t) x7) * x123;
uint64_t x125 = ((uint64_t) x8) * x14;
uint64_t x126 = x124 + x125;
uint64_t x127 = x122 + x126;
uint64_t x128 = x120 + x127;
uint64_t x129 = x118 + x128;
uint64_t x130 = ((uint64_t) x) * x13;
uint64_t x131 = ((uint64_t) x0) * x12;
uint64_t x132 = ((uint64_t) x1) * x11;
uint64_t x133 = ((uint64_t) x2) * x10;
uint64_t x134 = ((uint64_t) x3) * x9;
uint64_t x135 = x133 + x134;
uint64_t x136 = x132 + x135;
uint64_t x137 = x131 + x136;
uint64_t x138 = x130 + x137;
uint64_t x139 = Const WO~1~0~0~1 * x138;
uint64_t x140 = x129 + x139;
uint64_t x141 = x117 + x140;
uint32_t x142 = (uint32_t) (x141 >> 0b00011001);
uint64_t x143 = ((uint64_t) x3) * x18;
uint32_t x144 = x17 * 0b10;
uint64_t x145 = ((uint64_t) x4) * x144;
uint32_t x146 = x16 * 0b10;
uint64_t x147 = ((uint64_t) x5) * x146;
uint32_t x148 = x15 * 0b10;
uint64_t x149 = ((uint64_t) x6) * x148;
uint32_t x150 = x14 * 0b10;
uint64_t x151 = ((uint64_t) x7) * x150;
uint64_t x152 = ((uint64_t) x8) * x13;
uint64_t x153 = x151 + x152;
uint64_t x154 = x149 + x153;
uint64_t x155 = x147 + x154;
uint64_t x156 = x145 + x155;
uint64_t x157 = x143 + x156;
uint64_t x158 = ((uint64_t) x) * x12;
uint64_t x159 = ((uint64_t) x0) * x11;
uint64_t x160 = ((uint64_t) x1) * x10;
uint64_t x161 = ((uint64_t) x2) * x9;
uint64_t x162 = x160 + x161;
uint64_t x163 = x159 + x162;
uint64_t x164 = x158 + x163;
uint64_t x165 = Const WO~1~0~0~1 * x164;
uint64_t x166 = x157 + x165;
uint64_t x167 = x142 + x166;
uint32_t x168 = (uint32_t) (x167 >> 0b00011001);
uint64_t x169 = ((uint64_t) x2) * x18;
uint32_t x170 = x17 * 0b10;
uint64_t x171 = ((uint64_t) x3) * x170;
uint32_t x172 = x16 * 0b10;
uint64_t x173 = ((uint64_t) x4) * x172;
uint32_t x174 = x15 * 0b10;
uint64_t x175 = ((uint64_t) x5) * x174;
uint32_t x176 = x14 * 0b10;
uint64_t x177 = ((uint64_t) x6) * x176;
uint32_t x178 = x13 * 0b10;
uint64_t x179 = ((uint64_t) x7) * x178;
uint64_t x180 = ((uint64_t) x8) * x12;
uint64_t x181 = x179 + x180;
uint64_t x182 = x177 + x181;
uint64_t x183 = x175 + x182;
uint64_t x184 = x173 + x183;
uint64_t x185 = x171 + x184;
uint64_t x186 = x169 + x185;
uint64_t x187 = ((uint64_t) x) * x11;
uint64_t x188 = ((uint64_t) x0) * x10;
uint64_t x189 = ((uint64_t) x1) * x9;
uint64_t x190 = x188 + x189;
uint64_t x191 = x187 + x190;
uint64_t x192 = Const WO~1~0~0~1 * x191;
uint64_t x193 = x186 + x192;
uint64_t x194 = x168 + x193;
uint32_t x195 = (uint32_t) (x194 >> 0b00011001);
uint64_t x196 = ((uint64_t) x1) * x18;
uint32_t x197 = x17 * 0b10;
uint64_t x198 = ((uint64_t) x2) * x197;
uint32_t x199 = x16 * 0b10;
uint64_t x200 = ((uint64_t) x3) * x199;
uint32_t x201 = x15 * 0b10;
uint64_t x202 = ((uint64_t) x4) * x201;
uint32_t x203 = x14 * 0b10;
uint64_t x204 = ((uint64_t) x5) * x203;
uint32_t x205 = x13 * 0b10;
uint64_t x206 = ((uint64_t) x6) * x205;
uint32_t x207 = x12 * 0b10;
uint64_t x208 = ((uint64_t) x7) * x207;
uint64_t x209 = ((uint64_t) x8) * x11;
uint64_t x210 = x208 + x209;
uint64_t x211 = x206 + x210;
uint64_t x212 = x204 + x211;
uint64_t x213 = x202 + x212;
uint64_t x214 = x200 + x213;
uint64_t x215 = x198 + x214;
uint64_t x216 = x196 + x215;
uint64_t x217 = ((uint64_t) x) * x10;
uint64_t x218 = ((uint64_t) x0) * x9;
uint64_t x219 = x217 + x218;
uint64_t x220 = Const WO~1~0~0~1 * x219;
uint64_t x221 = x216 + x220;
uint64_t x222 = x195 + x221;
uint32_t x223 = (uint32_t) (x222 >> 0b00011001);
uint64_t x224 = ((uint64_t) x0) * x18;
uint32_t x225 = x17 * 0b10;
uint64_t x226 = ((uint64_t) x1) * x225;
uint32_t x227 = x16 * 0b10;
uint64_t x228 = ((uint64_t) x2) * x227;
uint32_t x229 = x15 * 0b10;
uint64_t x230 = ((uint64_t) x3) * x229;
uint32_t x231 = x14 * 0b10;
uint64_t x232 = ((uint64_t) x4) * x231;
uint32_t x233 = x13 * 0b10;
uint64_t x234 = ((uint64_t) x5) * x233;
uint32_t x235 = x12 * 0b10;
uint64_t x236 = ((uint64_t) x6) * x235;
uint32_t x237 = x11 * 0b10;
uint64_t x238 = ((uint64_t) x7) * x237;
uint64_t x239 = ((uint64_t) x8) * x10;
uint64_t x240 = x238 + x239;
uint64_t x241 = x236 + x240;
uint64_t x242 = x234 + x241;
uint64_t x243 = x232 + x242;
uint64_t x244 = x230 + x243;
uint64_t x245 = x228 + x244;
uint64_t x246 = x226 + x245;
uint64_t x247 = x224 + x246;
uint64_t x248 = ((uint64_t) x) * x9;
uint64_t x249 = Const WO~1~0~0~1 * x248;
uint64_t x250 = x247 + x249;
uint64_t x251 = x223 + x250;
uint32_t x252 = (uint32_t) (x251 >> 0b00011001);
uint64_t x253 = ((uint64_t) x) * x18;
uint32_t x254 = x17 * 0b10;
uint64_t x255 = ((uint64_t) x0) * x254;
uint32_t x256 = x16 * 0b10;
uint64_t x257 = ((uint64_t) x1) * x256;
uint32_t x258 = x15 * 0b10;
uint64_t x259 = ((uint64_t) x2) * x258;
uint32_t x260 = x14 * 0b10;
uint64_t x261 = ((uint64_t) x3) * x260;
uint32_t x262 = x13 * 0b10;
uint64_t x263 = ((uint64_t) x4) * x262;
uint32_t x264 = x12 * 0b10;
uint64_t x265 = ((uint64_t) x5) * x264;
uint32_t x266 = x11 * 0b10;
uint64_t x267 = ((uint64_t) x6) * x266;
uint32_t x268 = x10 * 0b10;
uint64_t x269 = ((uint64_t) x7) * x268;
uint64_t x270 = ((uint64_t) x8) * x9;
uint64_t x271 = x269 + x270;
uint64_t x272 = x267 + x271;
uint64_t x273 = x265 + x272;
uint64_t x274 = x263 + x273;
uint64_t x275 = x261 + x274;
uint64_t x276 = x259 + x275;
uint64_t x277 = x257 + x276;
uint64_t x278 = x255 + x277;
uint64_t x279 = x253 + x278;
uint64_t x280 = x252 + x279;
uint32_t x281 = (uint32_t) (x280 >> 0b00011001);
uint64_t x282 = ((uint64_t) (Const WO~1~0~0~1)) * x281;
uint32_t x283 = x47 & 0b00000011111111111111111111111111;
uint64_t x284 = x282 + x283;
uint8_t x285 = (uint8_t) (x284 >> 0b00011010);
uint32_t x286 = x69 & 0b00000001111111111111111111111111;
uint32_t x287 = x285 + x286;
uint32_t x288 = x280 & 0b00000001111111111111111111111111;
uint32_t x289 = x251 & 0b00000001111111111111111111111111;
uint32_t x290 = x222 & 0b00000001111111111111111111111111;
uint32_t x291 = x194 & 0b00000001111111111111111111111111;
uint32_t x292 = x167 & 0b00000001111111111111111111111111;
uint32_t x293 = x141 & 0b00000001111111111111111111111111;
uint32_t x294 = x116 & 0b00000001111111111111111111111111;
bool x295 = (bool) (x287 >> 0b00011001);
uint32_t x296 = x92 & 0b00000001111111111111111111111111;
uint32_t x297 = x295 + x296;
uint32_t x298 = x287 & 0b00000001111111111111111111111111;
uint32_t x299 = x284 & 0b00000011111111111111111111111111;
(Return x288, Return x289, Return x290, Return x291, 
Return x292, Return x293, Return x294, Return x297, 
Return x298, Return x299)
     : C_like
