rmulW = 
fun var : base_type -> Type =>
λ
x x0 x1 x2 x3 x4 x5 x6 x7 x8 x9 x10 x11 x12 x13 x14 x15 x16 x17
 x18 : var (TWord 5),
long x19 = (M32 & x8) * x18;
int x20 = x17 * 0b10;
long x21 = (M32 & x) * x20;
int x22 = x16 * 0b10;
long x23 = (M32 & x0) * x22;
int x24 = x15 * 0b10;
long x25 = (M32 & x1) * x24;
int x26 = x14 * 0b10;
long x27 = (M32 & x2) * x26;
int x28 = x13 * 0b10;
long x29 = (M32 & x3) * x28;
int x30 = x12 * 0b10;
long x31 = (M32 & x4) * x30;
int x32 = x11 * 0b10;
long x33 = (M32 & x5) * x32;
int x34 = x10 * 0b10;
long x35 = (M32 & x6) * x34;
int x36 = x9 * 0b10;
long x37 = (M32 & x7) * x36;
long x38 = x35 + x37;
long x39 = x33 + x38;
long x40 = x31 + x39;
long x41 = x29 + x40;
long x42 = x27 + x41;
long x43 = x25 + x42;
long x44 = x23 + x43;
long x45 = x21 + x44;
long x46 = 0b1001 * x45;
long x47 = x19 + x46;
int x48 = (int) (x47 >>> 0b00011010);
long x49 = (M32 & x7) * x18;
long x50 = (M32 & x8) * x17;
long x51 = x49 + x50;
long x52 = (M32 & x) * x16;
long x53 = (M32 & x0) * x15;
long x54 = (M32 & x1) * x14;
long x55 = (M32 & x2) * x13;
long x56 = (M32 & x3) * x12;
long x57 = (M32 & x4) * x11;
long x58 = (M32 & x5) * x10;
long x59 = (M32 & x6) * x9;
long x60 = x58 + x59;
long x61 = x57 + x60;
long x62 = x56 + x61;
long x63 = x55 + x62;
long x64 = x54 + x63;
long x65 = x53 + x64;
long x66 = x52 + x65;
long x67 = 0b1001 * x66;
long x68 = x51 + x67;
long x69 = x48 + x68;
int x70 = (int) (x69 >>> 0b00011001);
long x71 = (M32 & x6) * x18;
int x72 = x17 * 0b10;
long x73 = (M32 & x7) * x72;
long x74 = (M32 & x8) * x16;
long x75 = x73 + x74;
long x76 = x71 + x75;
long x77 = (M32 & x) * x15;
long x78 = (M32 & x0) * x14;
long x79 = (M32 & x1) * x13;
long x80 = (M32 & x2) * x12;
long x81 = (M32 & x3) * x11;
long x82 = (M32 & x4) * x10;
long x83 = (M32 & x5) * x9;
long x84 = x82 + x83;
long x85 = x81 + x84;
long x86 = x80 + x85;
long x87 = x79 + x86;
long x88 = x78 + x87;
long x89 = x77 + x88;
long x90 = 0b1001 * x89;
long x91 = x76 + x90;
long x92 = x70 + x91;
int x93 = (int) (x92 >>> 0b00011001);
long x94 = (M32 & x5) * x18;
int x95 = x17 * 0b10;
long x96 = (M32 & x6) * x95;
int x97 = x16 * 0b10;
long x98 = (M32 & x7) * x97;
long x99 = (M32 & x8) * x15;
long x100 = x98 + x99;
long x101 = x96 + x100;
long x102 = x94 + x101;
long x103 = (M32 & x) * x14;
long x104 = (M32 & x0) * x13;
long x105 = (M32 & x1) * x12;
long x106 = (M32 & x2) * x11;
long x107 = (M32 & x3) * x10;
long x108 = (M32 & x4) * x9;
long x109 = x107 + x108;
long x110 = x106 + x109;
long x111 = x105 + x110;
long x112 = x104 + x111;
long x113 = x103 + x112;
long x114 = 0b1001 * x113;
long x115 = x102 + x114;
long x116 = x93 + x115;
int x117 = (int) (x116 >>> 0b00011001);
long x118 = (M32 & x4) * x18;
int x119 = x17 * 0b10;
long x120 = (M32 & x5) * x119;
int x121 = x16 * 0b10;
long x122 = (M32 & x6) * x121;
int x123 = x15 * 0b10;
long x124 = (M32 & x7) * x123;
long x125 = (M32 & x8) * x14;
long x126 = x124 + x125;
long x127 = x122 + x126;
long x128 = x120 + x127;
long x129 = x118 + x128;
long x130 = (M32 & x) * x13;
long x131 = (M32 & x0) * x12;
long x132 = (M32 & x1) * x11;
long x133 = (M32 & x2) * x10;
long x134 = (M32 & x3) * x9;
long x135 = x133 + x134;
long x136 = x132 + x135;
long x137 = x131 + x136;
long x138 = x130 + x137;
long x139 = 0b1001 * x138;
long x140 = x129 + x139;
long x141 = x117 + x140;
int x142 = (int) (x141 >>> 0b00011001);
long x143 = (M32 & x3) * x18;
int x144 = x17 * 0b10;
long x145 = (M32 & x4) * x144;
int x146 = x16 * 0b10;
long x147 = (M32 & x5) * x146;
int x148 = x15 * 0b10;
long x149 = (M32 & x6) * x148;
int x150 = x14 * 0b10;
long x151 = (M32 & x7) * x150;
long x152 = (M32 & x8) * x13;
long x153 = x151 + x152;
long x154 = x149 + x153;
long x155 = x147 + x154;
long x156 = x145 + x155;
long x157 = x143 + x156;
long x158 = (M32 & x) * x12;
long x159 = (M32 & x0) * x11;
long x160 = (M32 & x1) * x10;
long x161 = (M32 & x2) * x9;
long x162 = x160 + x161;
long x163 = x159 + x162;
long x164 = x158 + x163;
long x165 = 0b1001 * x164;
long x166 = x157 + x165;
long x167 = x142 + x166;
int x168 = (int) (x167 >>> 0b00011001);
long x169 = (M32 & x2) * x18;
int x170 = x17 * 0b10;
long x171 = (M32 & x3) * x170;
int x172 = x16 * 0b10;
long x173 = (M32 & x4) * x172;
int x174 = x15 * 0b10;
long x175 = (M32 & x5) * x174;
int x176 = x14 * 0b10;
long x177 = (M32 & x6) * x176;
int x178 = x13 * 0b10;
long x179 = (M32 & x7) * x178;
long x180 = (M32 & x8) * x12;
long x181 = x179 + x180;
long x182 = x177 + x181;
long x183 = x175 + x182;
long x184 = x173 + x183;
long x185 = x171 + x184;
long x186 = x169 + x185;
long x187 = (M32 & x) * x11;
long x188 = (M32 & x0) * x10;
long x189 = (M32 & x1) * x9;
long x190 = x188 + x189;
long x191 = x187 + x190;
long x192 = 0b1001 * x191;
long x193 = x186 + x192;
long x194 = x168 + x193;
int x195 = (int) (x194 >>> 0b00011001);
long x196 = (M32 & x1) * x18;
int x197 = x17 * 0b10;
long x198 = (M32 & x2) * x197;
int x199 = x16 * 0b10;
long x200 = (M32 & x3) * x199;
int x201 = x15 * 0b10;
long x202 = (M32 & x4) * x201;
int x203 = x14 * 0b10;
long x204 = (M32 & x5) * x203;
int x205 = x13 * 0b10;
long x206 = (M32 & x6) * x205;
int x207 = x12 * 0b10;
long x208 = (M32 & x7) * x207;
long x209 = (M32 & x8) * x11;
long x210 = x208 + x209;
long x211 = x206 + x210;
long x212 = x204 + x211;
long x213 = x202 + x212;
long x214 = x200 + x213;
long x215 = x198 + x214;
long x216 = x196 + x215;
long x217 = (M32 & x) * x10;
long x218 = (M32 & x0) * x9;
long x219 = x217 + x218;
long x220 = 0b1001 * x219;
long x221 = x216 + x220;
long x222 = x195 + x221;
int x223 = (int) (x222 >>> 0b00011001);
long x224 = (M32 & x0) * x18;
int x225 = x17 * 0b10;
long x226 = (M32 & x1) * x225;
int x227 = x16 * 0b10;
long x228 = (M32 & x2) * x227;
int x229 = x15 * 0b10;
long x230 = (M32 & x3) * x229;
int x231 = x14 * 0b10;
long x232 = (M32 & x4) * x231;
int x233 = x13 * 0b10;
long x234 = (M32 & x5) * x233;
int x235 = x12 * 0b10;
long x236 = (M32 & x6) * x235;
int x237 = x11 * 0b10;
long x238 = (M32 & x7) * x237;
long x239 = (M32 & x8) * x10;
long x240 = x238 + x239;
long x241 = x236 + x240;
long x242 = x234 + x241;
long x243 = x232 + x242;
long x244 = x230 + x243;
long x245 = x228 + x244;
long x246 = x226 + x245;
long x247 = x224 + x246;
long x248 = (M32 & x) * x9;
long x249 = 0b1001 * x248;
long x250 = x247 + x249;
long x251 = x223 + x250;
int x252 = (int) (x251 >>> 0b00011001);
long x253 = (M32 & x) * x18;
int x254 = x17 * 0b10;
long x255 = (M32 & x0) * x254;
int x256 = x16 * 0b10;
long x257 = (M32 & x1) * x256;
int x258 = x15 * 0b10;
long x259 = (M32 & x2) * x258;
int x260 = x14 * 0b10;
long x261 = (M32 & x3) * x260;
int x262 = x13 * 0b10;
long x263 = (M32 & x4) * x262;
int x264 = x12 * 0b10;
long x265 = (M32 & x5) * x264;
int x266 = x11 * 0b10;
long x267 = (M32 & x6) * x266;
int x268 = x10 * 0b10;
long x269 = (M32 & x7) * x268;
long x270 = (M32 & x8) * x9;
long x271 = x269 + x270;
long x272 = x267 + x271;
long x273 = x265 + x272;
long x274 = x263 + x273;
long x275 = x261 + x274;
long x276 = x259 + x275;
long x277 = x257 + x276;
long x278 = x255 + x277;
long x279 = x253 + x278;
long x280 = x252 + x279;
int x281 = (int) (x280 >>> 0b00011001);
long x282 = (M32 & 0b1001) * x281;
int x283 = ((int) x47) & 0b00000011111111111111111111111111;
long x284 = x282 + x283;
int x285 = (int) (x284 >>> 0b00011010);
int x286 = ((int) x69) & 0b00000001111111111111111111111111;
int x287 = x285 + x286;
int x288 = ((int) x280) & 0b00000001111111111111111111111111;
int x289 = ((int) x251) & 0b00000001111111111111111111111111;
int x290 = ((int) x222) & 0b00000001111111111111111111111111;
int x291 = ((int) x194) & 0b00000001111111111111111111111111;
int x292 = ((int) x167) & 0b00000001111111111111111111111111;
int x293 = ((int) x141) & 0b00000001111111111111111111111111;
int x294 = ((int) x116) & 0b00000001111111111111111111111111;
int x295 = (int) (x287 >>> 0b00011001);
int x296 = ((int) x92) & 0b00000001111111111111111111111111;
int x297 = x295 + x296;
int x298 = x287 & 0b00000001111111111111111111111111;
int x299 = ((int) x284) & 0b00000011111111111111111111111111;
(Return x288, Return x289, Return x290, Return x291, 
Return x292, Return x293, Return x294, Return x297, 
Return x298, Return x299)
     : Java_like
