freeze = λ var : Z.Syntax.base_type → Type,
λ '(x32, x33, x31, x29, x27, x25, x23, x21, x19, x17, x15, x13, x11, x9, x7, x5, x3, x1)%core,
uint32_t x35, uint32_t x36 = Op (Z.Syntax.SubWithGetBorrow 22 (Syntax.TWord 5) (Syntax.TWord 5) (Syntax.TWord 5) (Syntax.TWord 5) (Syntax.TWord 5)) (0x0, Return x1, 0x3ffe5b);
uint32_t x38, uint32_t x39 = Op (Z.Syntax.SubWithGetBorrow 21 (Syntax.TWord 5) (Syntax.TWord 5) (Syntax.TWord 5) (Syntax.TWord 5) (Syntax.TWord 5)) (Return x36, Return x3, 0x1fffff);
uint32_t x41, uint32_t x42 = Op (Z.Syntax.SubWithGetBorrow 21 (Syntax.TWord 5) (Syntax.TWord 5) (Syntax.TWord 5) (Syntax.TWord 5) (Syntax.TWord 5)) (Return x39, Return x5, 0x1fffff);
uint32_t x44, uint32_t x45 = Op (Z.Syntax.SubWithGetBorrow 22 (Syntax.TWord 5) (Syntax.TWord 5) (Syntax.TWord 5) (Syntax.TWord 5) (Syntax.TWord 5)) (Return x42, Return x7, 0x3fffff);
uint32_t x47, uint32_t x48 = Op (Z.Syntax.SubWithGetBorrow 21 (Syntax.TWord 5) (Syntax.TWord 5) (Syntax.TWord 5) (Syntax.TWord 5) (Syntax.TWord 5)) (Return x45, Return x9, 0x1fffff);
uint32_t x50, uint32_t x51 = Op (Z.Syntax.SubWithGetBorrow 21 (Syntax.TWord 5) (Syntax.TWord 5) (Syntax.TWord 5) (Syntax.TWord 5) (Syntax.TWord 5)) (Return x48, Return x11, 0x1fffff);
uint32_t x53, uint32_t x54 = Op (Z.Syntax.SubWithGetBorrow 21 (Syntax.TWord 5) (Syntax.TWord 5) (Syntax.TWord 5) (Syntax.TWord 5) (Syntax.TWord 5)) (Return x51, Return x13, 0x1fffff);
uint32_t x56, uint32_t x57 = Op (Z.Syntax.SubWithGetBorrow 22 (Syntax.TWord 5) (Syntax.TWord 5) (Syntax.TWord 5) (Syntax.TWord 5) (Syntax.TWord 5)) (Return x54, Return x15, 0x3fffff);
uint32_t x59, uint32_t x60 = Op (Z.Syntax.SubWithGetBorrow 21 (Syntax.TWord 5) (Syntax.TWord 5) (Syntax.TWord 5) (Syntax.TWord 5) (Syntax.TWord 5)) (Return x57, Return x17, 0x1fffff);
uint32_t x62, uint32_t x63 = Op (Z.Syntax.SubWithGetBorrow 21 (Syntax.TWord 5) (Syntax.TWord 5) (Syntax.TWord 5) (Syntax.TWord 5) (Syntax.TWord 5)) (Return x60, Return x19, 0x1fffff);
uint32_t x65, uint32_t x66 = Op (Z.Syntax.SubWithGetBorrow 22 (Syntax.TWord 5) (Syntax.TWord 5) (Syntax.TWord 5) (Syntax.TWord 5) (Syntax.TWord 5)) (Return x63, Return x21, 0x3fffff);
uint32_t x68, uint32_t x69 = Op (Z.Syntax.SubWithGetBorrow 21 (Syntax.TWord 5) (Syntax.TWord 5) (Syntax.TWord 5) (Syntax.TWord 5) (Syntax.TWord 5)) (Return x66, Return x23, 0x1fffff);
uint32_t x71, uint32_t x72 = Op (Z.Syntax.SubWithGetBorrow 21 (Syntax.TWord 5) (Syntax.TWord 5) (Syntax.TWord 5) (Syntax.TWord 5) (Syntax.TWord 5)) (Return x69, Return x25, 0x1fffff);
uint32_t x74, uint32_t x75 = Op (Z.Syntax.SubWithGetBorrow 21 (Syntax.TWord 5) (Syntax.TWord 5) (Syntax.TWord 5) (Syntax.TWord 5) (Syntax.TWord 5)) (Return x72, Return x27, 0x1fffff);
uint32_t x77, uint32_t x78 = Op (Z.Syntax.SubWithGetBorrow 22 (Syntax.TWord 5) (Syntax.TWord 5) (Syntax.TWord 5) (Syntax.TWord 5) (Syntax.TWord 5)) (Return x75, Return x29, 0x3fffff);
uint32_t x80, uint32_t x81 = Op (Z.Syntax.SubWithGetBorrow 21 (Syntax.TWord 5) (Syntax.TWord 5) (Syntax.TWord 5) (Syntax.TWord 5) (Syntax.TWord 5)) (Return x78, Return x31, 0x1fffff);
uint32_t x83, uint32_t x84 = Op (Z.Syntax.SubWithGetBorrow 21 (Syntax.TWord 5) (Syntax.TWord 5) (Syntax.TWord 5) (Syntax.TWord 5) (Syntax.TWord 5)) (Return x81, Return x33, 0x1fffff);
uint32_t x86, uint32_t x87 = Op (Z.Syntax.SubWithGetBorrow 21 (Syntax.TWord 5) (Syntax.TWord 5) (Syntax.TWord 5) (Syntax.TWord 5) (Syntax.TWord 5)) (Return x84, Return x32, 0x1fffff);
uint32_t x88 = cmovznz32(x87, 0x0, 0xffffffff);
uint32_t x89 = (x88 & 0x3ffe5b);
uint32_t x91, uint32_t x92 = Op (Z.Syntax.AddWithGetCarry 22 (Syntax.TWord 5) (Syntax.TWord 5) (Syntax.TWord 5) (Syntax.TWord 5) (Syntax.TWord 5)) (0x0, Return x35, Return x89);
uint32_t x93 = (x88 & 0x1fffff);
uint32_t x95, uint32_t x96 = Op (Z.Syntax.AddWithGetCarry 21 (Syntax.TWord 5) (Syntax.TWord 5) (Syntax.TWord 5) (Syntax.TWord 5) (Syntax.TWord 5)) (Return x92, Return x38, Return x93);
uint32_t x97 = (x88 & 0x1fffff);
uint32_t x99, uint32_t x100 = Op (Z.Syntax.AddWithGetCarry 21 (Syntax.TWord 5) (Syntax.TWord 5) (Syntax.TWord 5) (Syntax.TWord 5) (Syntax.TWord 5)) (Return x96, Return x41, Return x97);
uint32_t x101 = (x88 & 0x3fffff);
uint32_t x103, uint32_t x104 = Op (Z.Syntax.AddWithGetCarry 22 (Syntax.TWord 5) (Syntax.TWord 5) (Syntax.TWord 5) (Syntax.TWord 5) (Syntax.TWord 5)) (Return x100, Return x44, Return x101);
uint32_t x105 = (x88 & 0x1fffff);
uint32_t x107, uint32_t x108 = Op (Z.Syntax.AddWithGetCarry 21 (Syntax.TWord 5) (Syntax.TWord 5) (Syntax.TWord 5) (Syntax.TWord 5) (Syntax.TWord 5)) (Return x104, Return x47, Return x105);
uint32_t x109 = (x88 & 0x1fffff);
uint32_t x111, uint32_t x112 = Op (Z.Syntax.AddWithGetCarry 21 (Syntax.TWord 5) (Syntax.TWord 5) (Syntax.TWord 5) (Syntax.TWord 5) (Syntax.TWord 5)) (Return x108, Return x50, Return x109);
uint32_t x113 = (x88 & 0x1fffff);
uint32_t x115, uint32_t x116 = Op (Z.Syntax.AddWithGetCarry 21 (Syntax.TWord 5) (Syntax.TWord 5) (Syntax.TWord 5) (Syntax.TWord 5) (Syntax.TWord 5)) (Return x112, Return x53, Return x113);
uint32_t x117 = (x88 & 0x3fffff);
uint32_t x119, uint32_t x120 = Op (Z.Syntax.AddWithGetCarry 22 (Syntax.TWord 5) (Syntax.TWord 5) (Syntax.TWord 5) (Syntax.TWord 5) (Syntax.TWord 5)) (Return x116, Return x56, Return x117);
uint32_t x121 = (x88 & 0x1fffff);
uint32_t x123, uint32_t x124 = Op (Z.Syntax.AddWithGetCarry 21 (Syntax.TWord 5) (Syntax.TWord 5) (Syntax.TWord 5) (Syntax.TWord 5) (Syntax.TWord 5)) (Return x120, Return x59, Return x121);
uint32_t x125 = (x88 & 0x1fffff);
uint32_t x127, uint32_t x128 = Op (Z.Syntax.AddWithGetCarry 21 (Syntax.TWord 5) (Syntax.TWord 5) (Syntax.TWord 5) (Syntax.TWord 5) (Syntax.TWord 5)) (Return x124, Return x62, Return x125);
uint32_t x129 = (x88 & 0x3fffff);
uint32_t x131, uint32_t x132 = Op (Z.Syntax.AddWithGetCarry 22 (Syntax.TWord 5) (Syntax.TWord 5) (Syntax.TWord 5) (Syntax.TWord 5) (Syntax.TWord 5)) (Return x128, Return x65, Return x129);
uint32_t x133 = (x88 & 0x1fffff);
uint32_t x135, uint32_t x136 = Op (Z.Syntax.AddWithGetCarry 21 (Syntax.TWord 5) (Syntax.TWord 5) (Syntax.TWord 5) (Syntax.TWord 5) (Syntax.TWord 5)) (Return x132, Return x68, Return x133);
uint32_t x137 = (x88 & 0x1fffff);
uint32_t x139, uint32_t x140 = Op (Z.Syntax.AddWithGetCarry 21 (Syntax.TWord 5) (Syntax.TWord 5) (Syntax.TWord 5) (Syntax.TWord 5) (Syntax.TWord 5)) (Return x136, Return x71, Return x137);
uint32_t x141 = (x88 & 0x1fffff);
uint32_t x143, uint32_t x144 = Op (Z.Syntax.AddWithGetCarry 21 (Syntax.TWord 5) (Syntax.TWord 5) (Syntax.TWord 5) (Syntax.TWord 5) (Syntax.TWord 5)) (Return x140, Return x74, Return x141);
uint32_t x145 = (x88 & 0x3fffff);
uint32_t x147, uint32_t x148 = Op (Z.Syntax.AddWithGetCarry 22 (Syntax.TWord 5) (Syntax.TWord 5) (Syntax.TWord 5) (Syntax.TWord 5) (Syntax.TWord 5)) (Return x144, Return x77, Return x145);
uint32_t x149 = (x88 & 0x1fffff);
uint32_t x151, uint32_t x152 = Op (Z.Syntax.AddWithGetCarry 21 (Syntax.TWord 5) (Syntax.TWord 5) (Syntax.TWord 5) (Syntax.TWord 5) (Syntax.TWord 5)) (Return x148, Return x80, Return x149);
uint32_t x153 = (x88 & 0x1fffff);
uint32_t x155, uint32_t x156 = Op (Z.Syntax.AddWithGetCarry 21 (Syntax.TWord 5) (Syntax.TWord 5) (Syntax.TWord 5) (Syntax.TWord 5) (Syntax.TWord 5)) (Return x152, Return x83, Return x153);
uint32_t x157 = (x88 & 0x1fffff);
uint32_t x159, uint32_t _ = Op (Z.Syntax.AddWithGetCarry 21 (Syntax.TWord 5) (Syntax.TWord 5) (Syntax.TWord 5) (Syntax.TWord 5) (Syntax.TWord 5)) (Return x156, Return x86, Return x157);
(Return x159, Return x155, Return x151, Return x147, Return x143, Return x139, Return x135, Return x131, Return x127, Return x123, Return x119, Return x115, Return x111, Return x107, Return x103, Return x99, Return x95, Return x91)
     : ∀ var : Z.Syntax.base_type → Type, expr Z.Syntax.base_type Z.Syntax.op (uint32_t * uint32_t * uint32_t * uint32_t * uint32_t * uint32_t * uint32_t * uint32_t * uint32_t * uint32_t * uint32_t * uint32_t * uint32_t * uint32_t * uint32_t * uint32_t * uint32_t * uint32_t -> uint32_t * uint32_t * uint32_t * uint32_t * uint32_t * uint32_t * uint32_t * uint32_t * uint32_t * uint32_t * uint32_t * uint32_t * uint32_t * uint32_t * uint32_t * uint32_t * uint32_t * uint32_t)

Argument scope is [function_scope]
