mul = λ var : Z.Syntax.base_type → Type,
λ '(x18, x19, x17, x15, x13, x11, x9, x7, x5, x3, (x36, x37, x35, x33, x31, x29, x27, x25, x23, x21))%core,
uint64_t x38 = ((0x2 * ((uint64_t)(x11 + x18) * (x29 + x36))) - (0x2 * ((uint64_t)x11 * x29)));
uint64_t x39 = ((((uint64_t)(x9 + x19) * (x29 + x36)) + ((uint64_t)(x11 + x18) * (x27 + x37))) - (((uint64_t)x9 * x29) + ((uint64_t)x11 * x27)));
uint64_t x40 = (((0x2 * ((uint64_t)(x7 + x17) * (x29 + x36))) + (((uint64_t)(x9 + x19) * (x27 + x37)) + (0x2 * ((uint64_t)(x11 + x18) * (x25 + x35))))) - ((0x2 * ((uint64_t)x7 * x29)) + (((uint64_t)x9 * x27) + (0x2 * ((uint64_t)x11 * x25)))));
uint64_t x41 = (((0x2 * ((uint64_t)(x5 + x15) * (x29 + x36))) + ((0x2 * ((uint64_t)(x7 + x17) * (x27 + x37))) + ((0x2 * ((uint64_t)(x9 + x19) * (x25 + x35))) + (0x2 * ((uint64_t)(x11 + x18) * (x23 + x33)))))) - ((0x2 * ((uint64_t)x5 * x29)) + ((0x2 * ((uint64_t)x7 * x27)) + ((0x2 * ((uint64_t)x9 * x25)) + (0x2 * ((uint64_t)x11 * x23))))));
uint64_t x42 = ((((uint64_t)(x3 + x13) * (x29 + x36)) + (((uint64_t)(x5 + x15) * (x27 + x37)) + ((0x2 * ((uint64_t)(x7 + x17) * (x25 + x35))) + (((uint64_t)(x9 + x19) * (x23 + x33)) + ((uint64_t)(x11 + x18) * (x21 + x31)))))) - (((uint64_t)x3 * x29) + (((uint64_t)x5 * x27) + ((0x2 * ((uint64_t)x7 * x25)) + (((uint64_t)x9 * x23) + ((uint64_t)x11 * x21))))));
uint64_t x43 = (((0x2 * ((uint64_t)x11 * x29)) + (0x2 * ((uint64_t)x18 * x36))) + ((((uint64_t)(x3 + x13) * (x27 + x37)) + ((0x2 * ((uint64_t)(x5 + x15) * (x25 + x35))) + ((0x2 * ((uint64_t)(x7 + x17) * (x23 + x33))) + ((uint64_t)(x9 + x19) * (x21 + x31))))) - (((uint64_t)x3 * x27) + ((0x2 * ((uint64_t)x5 * x25)) + ((0x2 * ((uint64_t)x7 * x23)) + ((uint64_t)x9 * x21))))));
uint64_t x44 = (((((uint64_t)x9 * x29) + ((uint64_t)x11 * x27)) + (((uint64_t)x19 * x36) + ((uint64_t)x18 * x37))) + ((((uint64_t)(x3 + x13) * (x25 + x35)) + (((uint64_t)(x5 + x15) * (x23 + x33)) + ((uint64_t)(x7 + x17) * (x21 + x31)))) - (((uint64_t)x3 * x25) + (((uint64_t)x5 * x23) + ((uint64_t)x7 * x21)))));
uint64_t x45 = ((((0x2 * ((uint64_t)x7 * x29)) + (((uint64_t)x9 * x27) + (0x2 * ((uint64_t)x11 * x25)))) + ((0x2 * ((uint64_t)x17 * x36)) + (((uint64_t)x19 * x37) + (0x2 * ((uint64_t)x18 * x35))))) + ((((uint64_t)(x3 + x13) * (x23 + x33)) + ((uint64_t)(x5 + x15) * (x21 + x31))) - (((uint64_t)x3 * x23) + ((uint64_t)x5 * x21))));
uint64_t x46 = ((((0x2 * ((uint64_t)x5 * x29)) + ((0x2 * ((uint64_t)x7 * x27)) + ((0x2 * ((uint64_t)x9 * x25)) + (0x2 * ((uint64_t)x11 * x23))))) + ((0x2 * ((uint64_t)x15 * x36)) + ((0x2 * ((uint64_t)x17 * x37)) + ((0x2 * ((uint64_t)x19 * x35)) + (0x2 * ((uint64_t)x18 * x33)))))) + (((uint64_t)(x3 + x13) * (x21 + x31)) - ((uint64_t)x3 * x21)));
uint64_t x47 = ((((uint64_t)x3 * x29) + (((uint64_t)x5 * x27) + ((0x2 * ((uint64_t)x7 * x25)) + (((uint64_t)x9 * x23) + ((uint64_t)x11 * x21))))) + (((uint64_t)x13 * x36) + (((uint64_t)x15 * x37) + ((0x2 * ((uint64_t)x17 * x35)) + (((uint64_t)x19 * x33) + ((uint64_t)x18 * x31))))));
uint64_t x48 = ((((uint64_t)x3 * x27) + ((0x2 * ((uint64_t)x5 * x25)) + ((0x2 * ((uint64_t)x7 * x23)) + ((uint64_t)x9 * x21)))) + (((uint64_t)x13 * x37) + ((0x2 * ((uint64_t)x15 * x35)) + ((0x2 * ((uint64_t)x17 * x33)) + ((uint64_t)x19 * x31)))));
uint64_t x49 = ((((uint64_t)x3 * x25) + (((uint64_t)x5 * x23) + ((uint64_t)x7 * x21))) + (((uint64_t)x13 * x35) + (((uint64_t)x15 * x33) + ((uint64_t)x17 * x31))));
uint64_t x50 = ((((uint64_t)x3 * x23) + ((uint64_t)x5 * x21)) + (((uint64_t)x13 * x33) + ((uint64_t)x15 * x31)));
uint64_t x51 = (((uint64_t)x3 * x21) + ((uint64_t)x13 * x31));
uint64_t x52 = (x43 + x38);
uint64_t x53 = (x44 + x39);
uint64_t x54 = (x45 + x40);
uint64_t x55 = (x46 + x41);
uint64_t x56 = (x48 + x38);
uint64_t x57 = (x49 + x39);
uint64_t x58 = (x50 + x40);
uint64_t x59 = (x51 + x41);
uint32_t x60 = (uint32_t) (x47 >> 0x15);
uint32_t x61 = ((uint32_t)x47 & 0x1fffff);
uint32_t x62 = (uint32_t) (x42 >> 0x15);
uint32_t x63 = ((uint32_t)x42 & 0x1fffff);
uint64_t x64 = (((uint64_t)0x200000 * x62) + x63);
uint32_t x65 = (uint32_t) (x64 >> 0x15);
uint32_t x66 = ((uint32_t)x64 & 0x1fffff);
uint64_t x67 = ((x60 + x55) + x65);
uint32_t x68 = (uint32_t) (x67 >> 0x16);
uint32_t x69 = ((uint32_t)x67 & 0x3fffff);
uint64_t x70 = (x59 + x65);
uint32_t x71 = (uint32_t) (x70 >> 0x16);
uint32_t x72 = ((uint32_t)x70 & 0x3fffff);
uint64_t x73 = (x68 + x54);
uint32_t x74 = (uint32_t) (x73 >> 0x16);
uint32_t x75 = ((uint32_t)x73 & 0x3fffff);
uint64_t x76 = (x71 + x58);
uint32_t x77 = (uint32_t) (x76 >> 0x16);
uint32_t x78 = ((uint32_t)x76 & 0x3fffff);
uint64_t x79 = (x74 + x53);
uint32_t x80 = (uint32_t) (x79 >> 0x15);
uint32_t x81 = ((uint32_t)x79 & 0x1fffff);
uint64_t x82 = (x77 + x57);
uint32_t x83 = (uint32_t) (x82 >> 0x15);
uint32_t x84 = ((uint32_t)x82 & 0x1fffff);
uint64_t x85 = (x80 + x52);
uint32_t x86 = (uint32_t) (x85 >> 0x16);
uint32_t x87 = ((uint32_t)x85 & 0x3fffff);
uint64_t x88 = (x83 + x56);
uint32_t x89 = (uint32_t) (x88 >> 0x16);
uint32_t x90 = ((uint32_t)x88 & 0x3fffff);
uint32_t x91 = (x86 + x66);
uint32_t x92 = (x91 >> 0x15);
uint32_t x93 = (x91 & 0x1fffff);
uint32_t x94 = (x89 + x61);
uint32_t x95 = (x94 >> 0x15);
uint32_t x96 = (x94 & 0x1fffff);
uint32_t x97 = ((0x200000 * x92) + x93);
uint32_t x98 = (x97 >> 0x15);
uint32_t x99 = (x97 & 0x1fffff);
uint32_t x100 = ((x95 + x69) + x98);
uint32_t x101 = (x100 >> 0x16);
uint32_t x102 = (x100 & 0x3fffff);
uint32_t x103 = (x72 + x98);
uint32_t x104 = (x103 >> 0x16);
uint32_t x105 = (x103 & 0x3fffff);
return (Return x99, Return x87, Return x81, (x101 + x75), Return x102, Return x96, Return x90, Return x84, (x104 + x78), Return x105)
     : ∀ var : Z.Syntax.base_type → Type, expr Z.Syntax.base_type Z.Syntax.op (uint32_t * uint32_t * uint32_t * uint32_t * uint32_t * uint32_t * uint32_t * uint32_t * uint32_t * uint32_t * (uint32_t * uint32_t * uint32_t * uint32_t * uint32_t * uint32_t * uint32_t * uint32_t * uint32_t * uint32_t) -> uint32_t * uint32_t * uint32_t * uint32_t * uint32_t * uint32_t * uint32_t * uint32_t * uint32_t * uint32_t)

Argument scope is [function_scope]
