rladderstepW = 
fun var : base_type -> Type =>
λ
'(n21, n22, n20, n18, n16, n14, n12, n10, n8, n6,
 (n39, n40, n38, n36, n34, n32, n30, n28, n26, n24),
 (n61, n62, n60, n58, n56, n54, n52, n50, n48, n46,
 (n79, n80, n78, n76, n74, n72, n70, n68, n66, n64),
 (n99, n100, n98, n96, n94, n92, n90, n88, n86, n84,
 (n117, n118, n116, n114, n112, n110, n108, n106, n104, n102))))%core,
int x = n61 + n79;
int x0 = n62 + n80;
int x1 = n60 + n78;
int x2 = n58 + n76;
int x3 = n56 + n74;
int x4 = n54 + n72;
int x5 = n52 + n70;
int x6 = n50 + n68;
int x7 = n48 + n66;
int x8 = n46 + n64;
long x9 = (long) x8 * (long) x8;
int x10 = x7 * (int) 0x2;
long x11 = (long) x * (long) x10;
long x12 = (long) x0 * (long) x6;
int x13 = x5 * (int) 0x2;
long x14 = (long) x1 * (long) x13;
long x15 = (long) x2 * (long) x4;
int x16 = x3 * (int) 0x2;
long x17 = (long) x3 * (long) x16;
long x18 = (long) x4 * (long) x2;
int x19 = x1 * (int) 0x2;
long x20 = (long) x5 * (long) x19;
long x21 = (long) x6 * (long) x0;
int x22 = x * (int) 0x2;
long x23 = (long) x7 * (long) x22;
long x24 = x21 + x23;
long x25 = x20 + x24;
long x26 = x18 + x25;
long x27 = x17 + x26;
long x28 = x15 + x27;
long x29 = x14 + x28;
long x30 = x12 + x29;
long x31 = x11 + x30;
long x32 = (long) 0x13 * x31;
long x33 = x9 + x32;
long x34 = (long) (x33 >> 0x1a);
long x35 = (long) x7 * (long) x8;
long x36 = (long) x8 * (long) x7;
long x37 = x35 + x36;
long x38 = (long) x * (long) x6;
long x39 = (long) x0 * (long) x5;
long x40 = (long) x1 * (long) x4;
long x41 = (long) x2 * (long) x3;
long x42 = (long) x3 * (long) x2;
long x43 = (long) x4 * (long) x1;
long x44 = (long) x5 * (long) x0;
long x45 = (long) x6 * (long) x;
long x46 = x44 + x45;
long x47 = x43 + x46;
long x48 = x42 + x47;
long x49 = x41 + x48;
long x50 = x40 + x49;
long x51 = x39 + x50;
long x52 = x38 + x51;
long x53 = (long) 0x13 * x52;
long x54 = x37 + x53;
long x55 = x34 + x54;
long x56 = (long) (x55 >> 0x19);
long x57 = (long) x6 * (long) x8;
int x58 = x7 * (int) 0x2;
long x59 = (long) x7 * (long) x58;
long x60 = (long) x8 * (long) x6;
long x61 = x59 + x60;
long x62 = x57 + x61;
int x63 = x5 * (int) 0x2;
long x64 = (long) x * (long) x63;
long x65 = (long) x0 * (long) x4;
int x66 = x3 * (int) 0x2;
long x67 = (long) x1 * (long) x66;
long x68 = (long) x2 * (long) x2;
int x69 = x1 * (int) 0x2;
long x70 = (long) x3 * (long) x69;
long x71 = (long) x4 * (long) x0;
int x72 = x * (int) 0x2;
long x73 = (long) x5 * (long) x72;
long x74 = x71 + x73;
long x75 = x70 + x74;
long x76 = x68 + x75;
long x77 = x67 + x76;
long x78 = x65 + x77;
long x79 = x64 + x78;
long x80 = (long) 0x13 * x79;
long x81 = x62 + x80;
long x82 = x56 + x81;
long x83 = (long) (x82 >> 0x1a);
long x84 = (long) x5 * (long) x8;
long x85 = (long) x6 * (long) x7;
long x86 = (long) x7 * (long) x6;
long x87 = (long) x8 * (long) x5;
long x88 = x86 + x87;
long x89 = x85 + x88;
long x90 = x84 + x89;
long x91 = (long) x * (long) x4;
long x92 = (long) x0 * (long) x3;
long x93 = (long) x1 * (long) x2;
long x94 = (long) x2 * (long) x1;
long x95 = (long) x3 * (long) x0;
long x96 = (long) x4 * (long) x;
long x97 = x95 + x96;
long x98 = x94 + x97;
long x99 = x93 + x98;
long x100 = x92 + x99;
long x101 = x91 + x100;
long x102 = (long) 0x13 * x101;
long x103 = x90 + x102;
long x104 = x83 + x103;
long x105 = (long) (x104 >> 0x19);
long x106 = (long) x4 * (long) x8;
int x107 = x7 * (int) 0x2;
long x108 = (long) x5 * (long) x107;
long x109 = (long) x6 * (long) x6;
int x110 = x5 * (int) 0x2;
long x111 = (long) x7 * (long) x110;
long x112 = (long) x8 * (long) x4;
long x113 = x111 + x112;
long x114 = x109 + x113;
long x115 = x108 + x114;
long x116 = x106 + x115;
int x117 = x3 * (int) 0x2;
long x118 = (long) x * (long) x117;
long x119 = (long) x0 * (long) x2;
int x120 = x1 * (int) 0x2;
long x121 = (long) x1 * (long) x120;
long x122 = (long) x2 * (long) x0;
int x123 = x * (int) 0x2;
long x124 = (long) x3 * (long) x123;
long x125 = x122 + x124;
long x126 = x121 + x125;
long x127 = x119 + x126;
long x128 = x118 + x127;
long x129 = (long) 0x13 * x128;
long x130 = x116 + x129;
long x131 = x105 + x130;
long x132 = (long) (x131 >> 0x1a);
long x133 = (long) x3 * (long) x8;
long x134 = (long) x4 * (long) x7;
long x135 = (long) x5 * (long) x6;
long x136 = (long) x6 * (long) x5;
long x137 = (long) x7 * (long) x4;
long x138 = (long) x8 * (long) x3;
long x139 = x137 + x138;
long x140 = x136 + x139;
long x141 = x135 + x140;
long x142 = x134 + x141;
long x143 = x133 + x142;
long x144 = (long) x * (long) x2;
long x145 = (long) x0 * (long) x1;
long x146 = (long) x1 * (long) x0;
long x147 = (long) x2 * (long) x;
long x148 = x146 + x147;
long x149 = x145 + x148;
long x150 = x144 + x149;
long x151 = (long) 0x13 * x150;
long x152 = x143 + x151;
long x153 = x132 + x152;
long x154 = (long) (x153 >> 0x19);
long x155 = (long) x2 * (long) x8;
int x156 = x7 * (int) 0x2;
long x157 = (long) x3 * (long) x156;
long x158 = (long) x4 * (long) x6;
int x159 = x5 * (int) 0x2;
long x160 = (long) x5 * (long) x159;
long x161 = (long) x6 * (long) x4;
int x162 = x3 * (int) 0x2;
long x163 = (long) x7 * (long) x162;
long x164 = (long) x8 * (long) x2;
long x165 = x163 + x164;
long x166 = x161 + x165;
long x167 = x160 + x166;
long x168 = x158 + x167;
long x169 = x157 + x168;
long x170 = x155 + x169;
int x171 = x1 * (int) 0x2;
long x172 = (long) x * (long) x171;
long x173 = (long) x0 * (long) x0;
int x174 = x * (int) 0x2;
long x175 = (long) x1 * (long) x174;
long x176 = x173 + x175;
long x177 = x172 + x176;
long x178 = (long) 0x13 * x177;
long x179 = x170 + x178;
long x180 = x154 + x179;
long x181 = (long) (x180 >> 0x1a);
long x182 = (long) x1 * (long) x8;
long x183 = (long) x2 * (long) x7;
long x184 = (long) x3 * (long) x6;
long x185 = (long) x4 * (long) x5;
long x186 = (long) x5 * (long) x4;
long x187 = (long) x6 * (long) x3;
long x188 = (long) x7 * (long) x2;
long x189 = (long) x8 * (long) x1;
long x190 = x188 + x189;
long x191 = x187 + x190;
long x192 = x186 + x191;
long x193 = x185 + x192;
long x194 = x184 + x193;
long x195 = x183 + x194;
long x196 = x182 + x195;
long x197 = (long) x * (long) x0;
long x198 = (long) x0 * (long) x;
long x199 = x197 + x198;
long x200 = (long) 0x13 * x199;
long x201 = x196 + x200;
long x202 = x181 + x201;
long x203 = (long) (x202 >> 0x19);
long x204 = (long) x0 * (long) x8;
int x205 = x7 * (int) 0x2;
long x206 = (long) x1 * (long) x205;
long x207 = (long) x2 * (long) x6;
int x208 = x5 * (int) 0x2;
long x209 = (long) x3 * (long) x208;
long x210 = (long) x4 * (long) x4;
int x211 = x3 * (int) 0x2;
long x212 = (long) x5 * (long) x211;
long x213 = (long) x6 * (long) x2;
int x214 = x1 * (int) 0x2;
long x215 = (long) x7 * (long) x214;
long x216 = (long) x8 * (long) x0;
long x217 = x215 + x216;
long x218 = x213 + x217;
long x219 = x212 + x218;
long x220 = x210 + x219;
long x221 = x209 + x220;
long x222 = x207 + x221;
long x223 = x206 + x222;
long x224 = x204 + x223;
int x225 = x * (int) 0x2;
long x226 = (long) x * (long) x225;
long x227 = (long) 0x13 * x226;
long x228 = x224 + x227;
long x229 = x203 + x228;
long x230 = (long) (x229 >> 0x1a);
long x231 = (long) x * (long) x8;
long x232 = (long) x0 * (long) x7;
long x233 = (long) x1 * (long) x6;
long x234 = (long) x2 * (long) x5;
long x235 = (long) x3 * (long) x4;
long x236 = (long) x4 * (long) x3;
long x237 = (long) x5 * (long) x2;
long x238 = (long) x6 * (long) x1;
long x239 = (long) x7 * (long) x0;
long x240 = (long) x8 * (long) x;
long x241 = x239 + x240;
long x242 = x238 + x241;
long x243 = x237 + x242;
long x244 = x236 + x243;
long x245 = x235 + x244;
long x246 = x234 + x245;
long x247 = x233 + x246;
long x248 = x232 + x247;
long x249 = x231 + x248;
long x250 = x230 + x249;
int x251 = (int) (x250 >> 0x19);
long x252 = (long) 0x13 * (long) x251;
int x253 = (int) x33 & 0x3ffffff;
long x254 = x252 + (long) x253;
int x255 = (int) (x254 >> 0x1a);
int x256 = (int) x55 & 0x1ffffff;
int x257 = (int) x255 + x256;
int x258 = (int) x250 & 0x1ffffff;
int x259 = (int) x229 & 0x3ffffff;
int x260 = (int) x202 & 0x1ffffff;
int x261 = (int) x180 & 0x3ffffff;
int x262 = (int) x153 & 0x1ffffff;
int x263 = (int) x131 & 0x3ffffff;
int x264 = (int) x104 & 0x1ffffff;
int x265 = (int) (x257 >> 0x19);
int x266 = (int) x82 & 0x3ffffff;
int x267 = (int) x265 + x266;
int x268 = x257 & 0x1ffffff;
int x269 = (int) x254 & 0x3ffffff;
int x270 = 0x3fffffe + n61;
int x271 = x270 - n79;
int x272 = 0x7fffffe + n62;
int x273 = x272 - n80;
int x274 = 0x3fffffe + n60;
int x275 = x274 - n78;
int x276 = 0x7fffffe + n58;
int x277 = x276 - n76;
int x278 = 0x3fffffe + n56;
int x279 = x278 - n74;
int x280 = 0x7fffffe + n54;
int x281 = x280 - n72;
int x282 = 0x3fffffe + n52;
int x283 = x282 - n70;
int x284 = 0x7fffffe + n50;
int x285 = x284 - n68;
int x286 = 0x3fffffe + n48;
int x287 = x286 - n66;
int x288 = 0x7ffffda + n46;
int x289 = x288 - n64;
long x290 = (long) x289 * (long) x289;
int x291 = x287 * (int) 0x2;
long x292 = (long) x271 * (long) x291;
long x293 = (long) x273 * (long) x285;
int x294 = x283 * (int) 0x2;
long x295 = (long) x275 * (long) x294;
long x296 = (long) x277 * (long) x281;
int x297 = x279 * (int) 0x2;
long x298 = (long) x279 * (long) x297;
long x299 = (long) x281 * (long) x277;
int x300 = x275 * (int) 0x2;
long x301 = (long) x283 * (long) x300;
long x302 = (long) x285 * (long) x273;
int x303 = x271 * (int) 0x2;
long x304 = (long) x287 * (long) x303;
long x305 = x302 + x304;
long x306 = x301 + x305;
long x307 = x299 + x306;
long x308 = x298 + x307;
long x309 = x296 + x308;
long x310 = x295 + x309;
long x311 = x293 + x310;
long x312 = x292 + x311;
long x313 = (long) 0x13 * x312;
long x314 = x290 + x313;
long x315 = (long) (x314 >> 0x1a);
long x316 = (long) x287 * (long) x289;
long x317 = (long) x289 * (long) x287;
long x318 = x316 + x317;
long x319 = (long) x271 * (long) x285;
long x320 = (long) x273 * (long) x283;
long x321 = (long) x275 * (long) x281;
long x322 = (long) x277 * (long) x279;
long x323 = (long) x279 * (long) x277;
long x324 = (long) x281 * (long) x275;
long x325 = (long) x283 * (long) x273;
long x326 = (long) x285 * (long) x271;
long x327 = x325 + x326;
long x328 = x324 + x327;
long x329 = x323 + x328;
long x330 = x322 + x329;
long x331 = x321 + x330;
long x332 = x320 + x331;
long x333 = x319 + x332;
long x334 = (long) 0x13 * x333;
long x335 = x318 + x334;
long x336 = x315 + x335;
long x337 = (long) (x336 >> 0x19);
long x338 = (long) x285 * (long) x289;
int x339 = x287 * (int) 0x2;
long x340 = (long) x287 * (long) x339;
long x341 = (long) x289 * (long) x285;
long x342 = x340 + x341;
long x343 = x338 + x342;
int x344 = x283 * (int) 0x2;
long x345 = (long) x271 * (long) x344;
long x346 = (long) x273 * (long) x281;
int x347 = x279 * (int) 0x2;
long x348 = (long) x275 * (long) x347;
long x349 = (long) x277 * (long) x277;
int x350 = x275 * (int) 0x2;
long x351 = (long) x279 * (long) x350;
long x352 = (long) x281 * (long) x273;
int x353 = x271 * (int) 0x2;
long x354 = (long) x283 * (long) x353;
long x355 = x352 + x354;
long x356 = x351 + x355;
long x357 = x349 + x356;
long x358 = x348 + x357;
long x359 = x346 + x358;
long x360 = x345 + x359;
long x361 = (long) 0x13 * x360;
long x362 = x343 + x361;
long x363 = x337 + x362;
long x364 = (long) (x363 >> 0x1a);
long x365 = (long) x283 * (long) x289;
long x366 = (long) x285 * (long) x287;
long x367 = (long) x287 * (long) x285;
long x368 = (long) x289 * (long) x283;
long x369 = x367 + x368;
long x370 = x366 + x369;
long x371 = x365 + x370;
long x372 = (long) x271 * (long) x281;
long x373 = (long) x273 * (long) x279;
long x374 = (long) x275 * (long) x277;
long x375 = (long) x277 * (long) x275;
long x376 = (long) x279 * (long) x273;
long x377 = (long) x281 * (long) x271;
long x378 = x376 + x377;
long x379 = x375 + x378;
long x380 = x374 + x379;
long x381 = x373 + x380;
long x382 = x372 + x381;
long x383 = (long) 0x13 * x382;
long x384 = x371 + x383;
long x385 = x364 + x384;
long x386 = (long) (x385 >> 0x19);
long x387 = (long) x281 * (long) x289;
int x388 = x287 * (int) 0x2;
long x389 = (long) x283 * (long) x388;
long x390 = (long) x285 * (long) x285;
int x391 = x283 * (int) 0x2;
long x392 = (long) x287 * (long) x391;
long x393 = (long) x289 * (long) x281;
long x394 = x392 + x393;
long x395 = x390 + x394;
long x396 = x389 + x395;
long x397 = x387 + x396;
int x398 = x279 * (int) 0x2;
long x399 = (long) x271 * (long) x398;
long x400 = (long) x273 * (long) x277;
int x401 = x275 * (int) 0x2;
long x402 = (long) x275 * (long) x401;
long x403 = (long) x277 * (long) x273;
int x404 = x271 * (int) 0x2;
long x405 = (long) x279 * (long) x404;
long x406 = x403 + x405;
long x407 = x402 + x406;
long x408 = x400 + x407;
long x409 = x399 + x408;
long x410 = (long) 0x13 * x409;
long x411 = x397 + x410;
long x412 = x386 + x411;
long x413 = (long) (x412 >> 0x1a);
long x414 = (long) x279 * (long) x289;
long x415 = (long) x281 * (long) x287;
long x416 = (long) x283 * (long) x285;
long x417 = (long) x285 * (long) x283;
long x418 = (long) x287 * (long) x281;
long x419 = (long) x289 * (long) x279;
long x420 = x418 + x419;
long x421 = x417 + x420;
long x422 = x416 + x421;
long x423 = x415 + x422;
long x424 = x414 + x423;
long x425 = (long) x271 * (long) x277;
long x426 = (long) x273 * (long) x275;
long x427 = (long) x275 * (long) x273;
long x428 = (long) x277 * (long) x271;
long x429 = x427 + x428;
long x430 = x426 + x429;
long x431 = x425 + x430;
long x432 = (long) 0x13 * x431;
long x433 = x424 + x432;
long x434 = x413 + x433;
long x435 = (long) (x434 >> 0x19);
long x436 = (long) x277 * (long) x289;
int x437 = x287 * (int) 0x2;
long x438 = (long) x279 * (long) x437;
long x439 = (long) x281 * (long) x285;
int x440 = x283 * (int) 0x2;
long x441 = (long) x283 * (long) x440;
long x442 = (long) x285 * (long) x281;
int x443 = x279 * (int) 0x2;
long x444 = (long) x287 * (long) x443;
long x445 = (long) x289 * (long) x277;
long x446 = x444 + x445;
long x447 = x442 + x446;
long x448 = x441 + x447;
long x449 = x439 + x448;
long x450 = x438 + x449;
long x451 = x436 + x450;
int x452 = x275 * (int) 0x2;
long x453 = (long) x271 * (long) x452;
long x454 = (long) x273 * (long) x273;
int x455 = x271 * (int) 0x2;
long x456 = (long) x275 * (long) x455;
long x457 = x454 + x456;
long x458 = x453 + x457;
long x459 = (long) 0x13 * x458;
long x460 = x451 + x459;
long x461 = x435 + x460;
long x462 = (long) (x461 >> 0x1a);
long x463 = (long) x275 * (long) x289;
long x464 = (long) x277 * (long) x287;
long x465 = (long) x279 * (long) x285;
long x466 = (long) x281 * (long) x283;
long x467 = (long) x283 * (long) x281;
long x468 = (long) x285 * (long) x279;
long x469 = (long) x287 * (long) x277;
long x470 = (long) x289 * (long) x275;
long x471 = x469 + x470;
long x472 = x468 + x471;
long x473 = x467 + x472;
long x474 = x466 + x473;
long x475 = x465 + x474;
long x476 = x464 + x475;
long x477 = x463 + x476;
long x478 = (long) x271 * (long) x273;
long x479 = (long) x273 * (long) x271;
long x480 = x478 + x479;
long x481 = (long) 0x13 * x480;
long x482 = x477 + x481;
long x483 = x462 + x482;
long x484 = (long) (x483 >> 0x19);
long x485 = (long) x273 * (long) x289;
int x486 = x287 * (int) 0x2;
long x487 = (long) x275 * (long) x486;
long x488 = (long) x277 * (long) x285;
int x489 = x283 * (int) 0x2;
long x490 = (long) x279 * (long) x489;
long x491 = (long) x281 * (long) x281;
int x492 = x279 * (int) 0x2;
long x493 = (long) x283 * (long) x492;
long x494 = (long) x285 * (long) x277;
int x495 = x275 * (int) 0x2;
long x496 = (long) x287 * (long) x495;
long x497 = (long) x289 * (long) x273;
long x498 = x496 + x497;
long x499 = x494 + x498;
long x500 = x493 + x499;
long x501 = x491 + x500;
long x502 = x490 + x501;
long x503 = x488 + x502;
long x504 = x487 + x503;
long x505 = x485 + x504;
int x506 = x271 * (int) 0x2;
long x507 = (long) x271 * (long) x506;
long x508 = (long) 0x13 * x507;
long x509 = x505 + x508;
long x510 = x484 + x509;
long x511 = (long) (x510 >> 0x1a);
long x512 = (long) x271 * (long) x289;
long x513 = (long) x273 * (long) x287;
long x514 = (long) x275 * (long) x285;
long x515 = (long) x277 * (long) x283;
long x516 = (long) x279 * (long) x281;
long x517 = (long) x281 * (long) x279;
long x518 = (long) x283 * (long) x277;
long x519 = (long) x285 * (long) x275;
long x520 = (long) x287 * (long) x273;
long x521 = (long) x289 * (long) x271;
long x522 = x520 + x521;
long x523 = x519 + x522;
long x524 = x518 + x523;
long x525 = x517 + x524;
long x526 = x516 + x525;
long x527 = x515 + x526;
long x528 = x514 + x527;
long x529 = x513 + x528;
long x530 = x512 + x529;
long x531 = x511 + x530;
long x532 = (long) (x531 >> 0x19);
long x533 = (long) 0x13 * x532;
int x534 = (int) x314 & 0x3ffffff;
long x535 = x533 + (long) x534;
int x536 = (int) (x535 >> 0x1a);
int x537 = (int) x336 & 0x1ffffff;
int x538 = (int) x536 + x537;
int x539 = (int) x531 & 0x1ffffff;
int x540 = (int) x510 & 0x3ffffff;
int x541 = (int) x483 & 0x1ffffff;
int x542 = (int) x461 & 0x3ffffff;
int x543 = (int) x434 & 0x1ffffff;
int x544 = (int) x412 & 0x3ffffff;
int x545 = (int) x385 & 0x1ffffff;
int x546 = (int) (x538 >> 0x19);
int x547 = (int) x363 & 0x3ffffff;
int x548 = (int) x546 + x547;
int x549 = x538 & 0x1ffffff;
int x550 = (int) x535 & 0x3ffffff;
int x551 = 0x3fffffe + x258;
int x552 = x551 - x539;
int x553 = 0x7fffffe + x259;
int x554 = x553 - x540;
int x555 = 0x3fffffe + x260;
int x556 = x555 - x541;
int x557 = 0x7fffffe + x261;
int x558 = x557 - x542;
int x559 = 0x3fffffe + x262;
int x560 = x559 - x543;
int x561 = 0x7fffffe + x263;
int x562 = x561 - x544;
int x563 = 0x3fffffe + x264;
int x564 = x563 - x545;
int x565 = 0x7fffffe + x267;
int x566 = x565 - x548;
int x567 = 0x3fffffe + x268;
int x568 = x567 - x549;
int x569 = 0x7ffffda + x269;
int x570 = x569 - x550;
int x571 = n99 + n117;
int x572 = n100 + n118;
int x573 = n98 + n116;
int x574 = n96 + n114;
int x575 = n94 + n112;
int x576 = n92 + n110;
int x577 = n90 + n108;
int x578 = n88 + n106;
int x579 = n86 + n104;
int x580 = n84 + n102;
int x581 = 0x3fffffe + n99;
int x582 = x581 - n117;
int x583 = 0x7fffffe + n100;
int x584 = x583 - n118;
int x585 = 0x3fffffe + n98;
int x586 = x585 - n116;
int x587 = 0x7fffffe + n96;
int x588 = x587 - n114;
int x589 = 0x3fffffe + n94;
int x590 = x589 - n112;
int x591 = 0x7fffffe + n92;
int x592 = x591 - n110;
int x593 = 0x3fffffe + n90;
int x594 = x593 - n108;
int x595 = 0x7fffffe + n88;
int x596 = x595 - n106;
int x597 = 0x3fffffe + n86;
int x598 = x597 - n104;
int x599 = 0x7ffffda + n84;
int x600 = x599 - n102;
long x601 = (long) x600 * (long) x8;
int x602 = x7 * (int) 0x2;
long x603 = (long) x582 * (long) x602;
long x604 = (long) x584 * (long) x6;
int x605 = x5 * (int) 0x2;
long x606 = (long) x586 * (long) x605;
long x607 = (long) x588 * (long) x4;
int x608 = x3 * (int) 0x2;
long x609 = (long) x590 * (long) x608;
long x610 = (long) x592 * (long) x2;
int x611 = x1 * (int) 0x2;
long x612 = (long) x594 * (long) x611;
long x613 = (long) x596 * (long) x0;
int x614 = x * (int) 0x2;
long x615 = (long) x598 * (long) x614;
long x616 = x613 + x615;
long x617 = x612 + x616;
long x618 = x610 + x617;
long x619 = x609 + x618;
long x620 = x607 + x619;
long x621 = x606 + x620;
long x622 = x604 + x621;
long x623 = x603 + x622;
long x624 = (long) 0x13 * x623;
long x625 = x601 + x624;
long x626 = (long) (x625 >> 0x1a);
long x627 = (long) x598 * (long) x8;
long x628 = (long) x600 * (long) x7;
long x629 = x627 + x628;
long x630 = (long) x582 * (long) x6;
long x631 = (long) x584 * (long) x5;
long x632 = (long) x586 * (long) x4;
long x633 = (long) x588 * (long) x3;
long x634 = (long) x590 * (long) x2;
long x635 = (long) x592 * (long) x1;
long x636 = (long) x594 * (long) x0;
long x637 = (long) x596 * (long) x;
long x638 = x636 + x637;
long x639 = x635 + x638;
long x640 = x634 + x639;
long x641 = x633 + x640;
long x642 = x632 + x641;
long x643 = x631 + x642;
long x644 = x630 + x643;
long x645 = (long) 0x13 * x644;
long x646 = x629 + x645;
long x647 = x626 + x646;
long x648 = (long) (x647 >> 0x19);
long x649 = (long) x596 * (long) x8;
int x650 = x7 * (int) 0x2;
long x651 = (long) x598 * (long) x650;
long x652 = (long) x600 * (long) x6;
long x653 = x651 + x652;
long x654 = x649 + x653;
int x655 = x5 * (int) 0x2;
long x656 = (long) x582 * (long) x655;
long x657 = (long) x584 * (long) x4;
int x658 = x3 * (int) 0x2;
long x659 = (long) x586 * (long) x658;
long x660 = (long) x588 * (long) x2;
int x661 = x1 * (int) 0x2;
long x662 = (long) x590 * (long) x661;
long x663 = (long) x592 * (long) x0;
int x664 = x * (int) 0x2;
long x665 = (long) x594 * (long) x664;
long x666 = x663 + x665;
long x667 = x662 + x666;
long x668 = x660 + x667;
long x669 = x659 + x668;
long x670 = x657 + x669;
long x671 = x656 + x670;
long x672 = (long) 0x13 * x671;
long x673 = x654 + x672;
long x674 = x648 + x673;
long x675 = (long) (x674 >> 0x1a);
long x676 = (long) x594 * (long) x8;
long x677 = (long) x596 * (long) x7;
long x678 = (long) x598 * (long) x6;
long x679 = (long) x600 * (long) x5;
long x680 = x678 + x679;
long x681 = x677 + x680;
long x682 = x676 + x681;
long x683 = (long) x582 * (long) x4;
long x684 = (long) x584 * (long) x3;
long x685 = (long) x586 * (long) x2;
long x686 = (long) x588 * (long) x1;
long x687 = (long) x590 * (long) x0;
long x688 = (long) x592 * (long) x;
long x689 = x687 + x688;
long x690 = x686 + x689;
long x691 = x685 + x690;
long x692 = x684 + x691;
long x693 = x683 + x692;
long x694 = (long) 0x13 * x693;
long x695 = x682 + x694;
long x696 = x675 + x695;
long x697 = (long) (x696 >> 0x19);
long x698 = (long) x592 * (long) x8;
int x699 = x7 * (int) 0x2;
long x700 = (long) x594 * (long) x699;
long x701 = (long) x596 * (long) x6;
int x702 = x5 * (int) 0x2;
long x703 = (long) x598 * (long) x702;
long x704 = (long) x600 * (long) x4;
long x705 = x703 + x704;
long x706 = x701 + x705;
long x707 = x700 + x706;
long x708 = x698 + x707;
int x709 = x3 * (int) 0x2;
long x710 = (long) x582 * (long) x709;
long x711 = (long) x584 * (long) x2;
int x712 = x1 * (int) 0x2;
long x713 = (long) x586 * (long) x712;
long x714 = (long) x588 * (long) x0;
int x715 = x * (int) 0x2;
long x716 = (long) x590 * (long) x715;
long x717 = x714 + x716;
long x718 = x713 + x717;
long x719 = x711 + x718;
long x720 = x710 + x719;
long x721 = (long) 0x13 * x720;
long x722 = x708 + x721;
long x723 = x697 + x722;
long x724 = (long) (x723 >> 0x1a);
long x725 = (long) x590 * (long) x8;
long x726 = (long) x592 * (long) x7;
long x727 = (long) x594 * (long) x6;
long x728 = (long) x596 * (long) x5;
long x729 = (long) x598 * (long) x4;
long x730 = (long) x600 * (long) x3;
long x731 = x729 + x730;
long x732 = x728 + x731;
long x733 = x727 + x732;
long x734 = x726 + x733;
long x735 = x725 + x734;
long x736 = (long) x582 * (long) x2;
long x737 = (long) x584 * (long) x1;
long x738 = (long) x586 * (long) x0;
long x739 = (long) x588 * (long) x;
long x740 = x738 + x739;
long x741 = x737 + x740;
long x742 = x736 + x741;
long x743 = (long) 0x13 * x742;
long x744 = x735 + x743;
long x745 = x724 + x744;
long x746 = (long) (x745 >> 0x19);
long x747 = (long) x588 * (long) x8;
int x748 = x7 * (int) 0x2;
long x749 = (long) x590 * (long) x748;
long x750 = (long) x592 * (long) x6;
int x751 = x5 * (int) 0x2;
long x752 = (long) x594 * (long) x751;
long x753 = (long) x596 * (long) x4;
int x754 = x3 * (int) 0x2;
long x755 = (long) x598 * (long) x754;
long x756 = (long) x600 * (long) x2;
long x757 = x755 + x756;
long x758 = x753 + x757;
long x759 = x752 + x758;
long x760 = x750 + x759;
long x761 = x749 + x760;
long x762 = x747 + x761;
int x763 = x1 * (int) 0x2;
long x764 = (long) x582 * (long) x763;
long x765 = (long) x584 * (long) x0;
int x766 = x * (int) 0x2;
long x767 = (long) x586 * (long) x766;
long x768 = x765 + x767;
long x769 = x764 + x768;
long x770 = (long) 0x13 * x769;
long x771 = x762 + x770;
long x772 = x746 + x771;
long x773 = (long) (x772 >> 0x1a);
long x774 = (long) x586 * (long) x8;
long x775 = (long) x588 * (long) x7;
long x776 = (long) x590 * (long) x6;
long x777 = (long) x592 * (long) x5;
long x778 = (long) x594 * (long) x4;
long x779 = (long) x596 * (long) x3;
long x780 = (long) x598 * (long) x2;
long x781 = (long) x600 * (long) x1;
long x782 = x780 + x781;
long x783 = x779 + x782;
long x784 = x778 + x783;
long x785 = x777 + x784;
long x786 = x776 + x785;
long x787 = x775 + x786;
long x788 = x774 + x787;
long x789 = (long) x582 * (long) x0;
long x790 = (long) x584 * (long) x;
long x791 = x789 + x790;
long x792 = (long) 0x13 * x791;
long x793 = x788 + x792;
long x794 = x773 + x793;
long x795 = (long) (x794 >> 0x19);
long x796 = (long) x584 * (long) x8;
int x797 = x7 * (int) 0x2;
long x798 = (long) x586 * (long) x797;
long x799 = (long) x588 * (long) x6;
int x800 = x5 * (int) 0x2;
long x801 = (long) x590 * (long) x800;
long x802 = (long) x592 * (long) x4;
int x803 = x3 * (int) 0x2;
long x804 = (long) x594 * (long) x803;
long x805 = (long) x596 * (long) x2;
int x806 = x1 * (int) 0x2;
long x807 = (long) x598 * (long) x806;
long x808 = (long) x600 * (long) x0;
long x809 = x807 + x808;
long x810 = x805 + x809;
long x811 = x804 + x810;
long x812 = x802 + x811;
long x813 = x801 + x812;
long x814 = x799 + x813;
long x815 = x798 + x814;
long x816 = x796 + x815;
int x817 = x * (int) 0x2;
long x818 = (long) x582 * (long) x817;
long x819 = (long) 0x13 * x818;
long x820 = x816 + x819;
long x821 = x795 + x820;
long x822 = (long) (x821 >> 0x1a);
long x823 = (long) x582 * (long) x8;
long x824 = (long) x584 * (long) x7;
long x825 = (long) x586 * (long) x6;
long x826 = (long) x588 * (long) x5;
long x827 = (long) x590 * (long) x4;
long x828 = (long) x592 * (long) x3;
long x829 = (long) x594 * (long) x2;
long x830 = (long) x596 * (long) x1;
long x831 = (long) x598 * (long) x0;
long x832 = (long) x600 * (long) x;
long x833 = x831 + x832;
long x834 = x830 + x833;
long x835 = x829 + x834;
long x836 = x828 + x835;
long x837 = x827 + x836;
long x838 = x826 + x837;
long x839 = x825 + x838;
long x840 = x824 + x839;
long x841 = x823 + x840;
long x842 = x822 + x841;
long x843 = (long) (x842 >> 0x19);
long x844 = (long) 0x13 * x843;
int x845 = (int) x625 & 0x3ffffff;
long x846 = x844 + (long) x845;
int x847 = (int) (x846 >> 0x1a);
int x848 = (int) x647 & 0x1ffffff;
int x849 = (int) x847 + x848;
int x850 = (int) x842 & 0x1ffffff;
int x851 = (int) x821 & 0x3ffffff;
int x852 = (int) x794 & 0x1ffffff;
int x853 = (int) x772 & 0x3ffffff;
int x854 = (int) x745 & 0x1ffffff;
int x855 = (int) x723 & 0x3ffffff;
int x856 = (int) x696 & 0x1ffffff;
int x857 = (int) (x849 >> 0x19);
int x858 = (int) x674 & 0x3ffffff;
int x859 = (int) x857 + x858;
int x860 = x849 & 0x1ffffff;
int x861 = (int) x846 & 0x3ffffff;
long x862 = (long) x580 * (long) x289;
int x863 = x287 * (int) 0x2;
long x864 = (long) x571 * (long) x863;
long x865 = (long) x572 * (long) x285;
int x866 = x283 * (int) 0x2;
long x867 = (long) x573 * (long) x866;
long x868 = (long) x574 * (long) x281;
int x869 = x279 * (int) 0x2;
long x870 = (long) x575 * (long) x869;
long x871 = (long) x576 * (long) x277;
int x872 = x275 * (int) 0x2;
long x873 = (long) x577 * (long) x872;
long x874 = (long) x578 * (long) x273;
int x875 = x271 * (int) 0x2;
long x876 = (long) x579 * (long) x875;
long x877 = x874 + x876;
long x878 = x873 + x877;
long x879 = x871 + x878;
long x880 = x870 + x879;
long x881 = x868 + x880;
long x882 = x867 + x881;
long x883 = x865 + x882;
long x884 = x864 + x883;
long x885 = (long) 0x13 * x884;
long x886 = x862 + x885;
long x887 = (long) (x886 >> 0x1a);
long x888 = (long) x579 * (long) x289;
long x889 = (long) x580 * (long) x287;
long x890 = x888 + x889;
long x891 = (long) x571 * (long) x285;
long x892 = (long) x572 * (long) x283;
long x893 = (long) x573 * (long) x281;
long x894 = (long) x574 * (long) x279;
long x895 = (long) x575 * (long) x277;
long x896 = (long) x576 * (long) x275;
long x897 = (long) x577 * (long) x273;
long x898 = (long) x578 * (long) x271;
long x899 = x897 + x898;
long x900 = x896 + x899;
long x901 = x895 + x900;
long x902 = x894 + x901;
long x903 = x893 + x902;
long x904 = x892 + x903;
long x905 = x891 + x904;
long x906 = (long) 0x13 * x905;
long x907 = x890 + x906;
long x908 = x887 + x907;
long x909 = (long) (x908 >> 0x19);
long x910 = (long) x578 * (long) x289;
int x911 = x287 * (int) 0x2;
long x912 = (long) x579 * (long) x911;
long x913 = (long) x580 * (long) x285;
long x914 = x912 + x913;
long x915 = x910 + x914;
int x916 = x283 * (int) 0x2;
long x917 = (long) x571 * (long) x916;
long x918 = (long) x572 * (long) x281;
int x919 = x279 * (int) 0x2;
long x920 = (long) x573 * (long) x919;
long x921 = (long) x574 * (long) x277;
int x922 = x275 * (int) 0x2;
long x923 = (long) x575 * (long) x922;
long x924 = (long) x576 * (long) x273;
int x925 = x271 * (int) 0x2;
long x926 = (long) x577 * (long) x925;
long x927 = x924 + x926;
long x928 = x923 + x927;
long x929 = x921 + x928;
long x930 = x920 + x929;
long x931 = x918 + x930;
long x932 = x917 + x931;
long x933 = (long) 0x13 * x932;
long x934 = x915 + x933;
long x935 = x909 + x934;
long x936 = (long) (x935 >> 0x1a);
long x937 = (long) x577 * (long) x289;
long x938 = (long) x578 * (long) x287;
long x939 = (long) x579 * (long) x285;
long x940 = (long) x580 * (long) x283;
long x941 = x939 + x940;
long x942 = x938 + x941;
long x943 = x937 + x942;
long x944 = (long) x571 * (long) x281;
long x945 = (long) x572 * (long) x279;
long x946 = (long) x573 * (long) x277;
long x947 = (long) x574 * (long) x275;
long x948 = (long) x575 * (long) x273;
long x949 = (long) x576 * (long) x271;
long x950 = x948 + x949;
long x951 = x947 + x950;
long x952 = x946 + x951;
long x953 = x945 + x952;
long x954 = x944 + x953;
long x955 = (long) 0x13 * x954;
long x956 = x943 + x955;
long x957 = x936 + x956;
long x958 = (long) (x957 >> 0x19);
long x959 = (long) x576 * (long) x289;
int x960 = x287 * (int) 0x2;
long x961 = (long) x577 * (long) x960;
long x962 = (long) x578 * (long) x285;
int x963 = x283 * (int) 0x2;
long x964 = (long) x579 * (long) x963;
long x965 = (long) x580 * (long) x281;
long x966 = x964 + x965;
long x967 = x962 + x966;
long x968 = x961 + x967;
long x969 = x959 + x968;
int x970 = x279 * (int) 0x2;
long x971 = (long) x571 * (long) x970;
long x972 = (long) x572 * (long) x277;
int x973 = x275 * (int) 0x2;
long x974 = (long) x573 * (long) x973;
long x975 = (long) x574 * (long) x273;
int x976 = x271 * (int) 0x2;
long x977 = (long) x575 * (long) x976;
long x978 = x975 + x977;
long x979 = x974 + x978;
long x980 = x972 + x979;
long x981 = x971 + x980;
long x982 = (long) 0x13 * x981;
long x983 = x969 + x982;
long x984 = x958 + x983;
long x985 = (long) (x984 >> 0x1a);
long x986 = (long) x575 * (long) x289;
long x987 = (long) x576 * (long) x287;
long x988 = (long) x577 * (long) x285;
long x989 = (long) x578 * (long) x283;
long x990 = (long) x579 * (long) x281;
long x991 = (long) x580 * (long) x279;
long x992 = x990 + x991;
long x993 = x989 + x992;
long x994 = x988 + x993;
long x995 = x987 + x994;
long x996 = x986 + x995;
long x997 = (long) x571 * (long) x277;
long x998 = (long) x572 * (long) x275;
long x999 = (long) x573 * (long) x273;
long x1000 = (long) x574 * (long) x271;
long x1001 = x999 + x1000;
long x1002 = x998 + x1001;
long x1003 = x997 + x1002;
long x1004 = (long) 0x13 * x1003;
long x1005 = x996 + x1004;
long x1006 = x985 + x1005;
long x1007 = (long) (x1006 >> 0x19);
long x1008 = (long) x574 * (long) x289;
int x1009 = x287 * (int) 0x2;
long x1010 = (long) x575 * (long) x1009;
long x1011 = (long) x576 * (long) x285;
int x1012 = x283 * (int) 0x2;
long x1013 = (long) x577 * (long) x1012;
long x1014 = (long) x578 * (long) x281;
int x1015 = x279 * (int) 0x2;
long x1016 = (long) x579 * (long) x1015;
long x1017 = (long) x580 * (long) x277;
long x1018 = x1016 + x1017;
long x1019 = x1014 + x1018;
long x1020 = x1013 + x1019;
long x1021 = x1011 + x1020;
long x1022 = x1010 + x1021;
long x1023 = x1008 + x1022;
int x1024 = x275 * (int) 0x2;
long x1025 = (long) x571 * (long) x1024;
long x1026 = (long) x572 * (long) x273;
int x1027 = x271 * (int) 0x2;
long x1028 = (long) x573 * (long) x1027;
long x1029 = x1026 + x1028;
long x1030 = x1025 + x1029;
long x1031 = (long) 0x13 * x1030;
long x1032 = x1023 + x1031;
long x1033 = x1007 + x1032;
long x1034 = (long) (x1033 >> 0x1a);
long x1035 = (long) x573 * (long) x289;
long x1036 = (long) x574 * (long) x287;
long x1037 = (long) x575 * (long) x285;
long x1038 = (long) x576 * (long) x283;
long x1039 = (long) x577 * (long) x281;
long x1040 = (long) x578 * (long) x279;
long x1041 = (long) x579 * (long) x277;
long x1042 = (long) x580 * (long) x275;
long x1043 = x1041 + x1042;
long x1044 = x1040 + x1043;
long x1045 = x1039 + x1044;
long x1046 = x1038 + x1045;
long x1047 = x1037 + x1046;
long x1048 = x1036 + x1047;
long x1049 = x1035 + x1048;
long x1050 = (long) x571 * (long) x273;
long x1051 = (long) x572 * (long) x271;
long x1052 = x1050 + x1051;
long x1053 = (long) 0x13 * x1052;
long x1054 = x1049 + x1053;
long x1055 = x1034 + x1054;
long x1056 = (long) (x1055 >> 0x19);
long x1057 = (long) x572 * (long) x289;
int x1058 = x287 * (int) 0x2;
long x1059 = (long) x573 * (long) x1058;
long x1060 = (long) x574 * (long) x285;
int x1061 = x283 * (int) 0x2;
long x1062 = (long) x575 * (long) x1061;
long x1063 = (long) x576 * (long) x281;
int x1064 = x279 * (int) 0x2;
long x1065 = (long) x577 * (long) x1064;
long x1066 = (long) x578 * (long) x277;
int x1067 = x275 * (int) 0x2;
long x1068 = (long) x579 * (long) x1067;
long x1069 = (long) x580 * (long) x273;
long x1070 = x1068 + x1069;
long x1071 = x1066 + x1070;
long x1072 = x1065 + x1071;
long x1073 = x1063 + x1072;
long x1074 = x1062 + x1073;
long x1075 = x1060 + x1074;
long x1076 = x1059 + x1075;
long x1077 = x1057 + x1076;
int x1078 = x271 * (int) 0x2;
long x1079 = (long) x571 * (long) x1078;
long x1080 = (long) 0x13 * x1079;
long x1081 = x1077 + x1080;
long x1082 = x1056 + x1081;
long x1083 = (long) (x1082 >> 0x1a);
long x1084 = (long) x571 * (long) x289;
long x1085 = (long) x572 * (long) x287;
long x1086 = (long) x573 * (long) x285;
long x1087 = (long) x574 * (long) x283;
long x1088 = (long) x575 * (long) x281;
long x1089 = (long) x576 * (long) x279;
long x1090 = (long) x577 * (long) x277;
long x1091 = (long) x578 * (long) x275;
long x1092 = (long) x579 * (long) x273;
long x1093 = (long) x580 * (long) x271;
long x1094 = x1092 + x1093;
long x1095 = x1091 + x1094;
long x1096 = x1090 + x1095;
long x1097 = x1089 + x1096;
long x1098 = x1088 + x1097;
long x1099 = x1087 + x1098;
long x1100 = x1086 + x1099;
long x1101 = x1085 + x1100;
long x1102 = x1084 + x1101;
long x1103 = x1083 + x1102;
long x1104 = (long) (x1103 >> 0x19);
long x1105 = (long) 0x13 * x1104;
int x1106 = (int) x886 & 0x3ffffff;
long x1107 = x1105 + (long) x1106;
int x1108 = (int) (x1107 >> 0x1a);
int x1109 = (int) x908 & 0x1ffffff;
int x1110 = (int) x1108 + x1109;
int x1111 = (int) x1103 & 0x1ffffff;
int x1112 = (int) x1082 & 0x3ffffff;
int x1113 = (int) x1055 & 0x1ffffff;
int x1114 = (int) x1033 & 0x3ffffff;
int x1115 = (int) x1006 & 0x1ffffff;
int x1116 = (int) x984 & 0x3ffffff;
int x1117 = (int) x957 & 0x1ffffff;
int x1118 = (int) (x1110 >> 0x19);
int x1119 = (int) x935 & 0x3ffffff;
int x1120 = (int) x1118 + x1119;
int x1121 = x1110 & 0x1ffffff;
int x1122 = (int) x1107 & 0x3ffffff;
int x1123 = x850 + x1111;
int x1124 = x851 + x1112;
int x1125 = x852 + x1113;
int x1126 = x853 + x1114;
int x1127 = x854 + x1115;
int x1128 = x855 + x1116;
int x1129 = x856 + x1117;
int x1130 = x859 + x1120;
int x1131 = x860 + x1121;
int x1132 = x861 + x1122;
int x1133 = x850 + x1111;
int x1134 = x851 + x1112;
int x1135 = x852 + x1113;
int x1136 = x853 + x1114;
int x1137 = x854 + x1115;
int x1138 = x855 + x1116;
int x1139 = x856 + x1117;
int x1140 = x859 + x1120;
int x1141 = x860 + x1121;
int x1142 = x861 + x1122;
long x1143 = (long) x1132 * (long) x1142;
int x1144 = x1141 * (int) 0x2;
long x1145 = (long) x1123 * (long) x1144;
long x1146 = (long) x1124 * (long) x1140;
int x1147 = x1139 * (int) 0x2;
long x1148 = (long) x1125 * (long) x1147;
long x1149 = (long) x1126 * (long) x1138;
int x1150 = x1137 * (int) 0x2;
long x1151 = (long) x1127 * (long) x1150;
long x1152 = (long) x1128 * (long) x1136;
int x1153 = x1135 * (int) 0x2;
long x1154 = (long) x1129 * (long) x1153;
long x1155 = (long) x1130 * (long) x1134;
int x1156 = x1133 * (int) 0x2;
long x1157 = (long) x1131 * (long) x1156;
long x1158 = x1155 + x1157;
long x1159 = x1154 + x1158;
long x1160 = x1152 + x1159;
long x1161 = x1151 + x1160;
long x1162 = x1149 + x1161;
long x1163 = x1148 + x1162;
long x1164 = x1146 + x1163;
long x1165 = x1145 + x1164;
long x1166 = (long) 0x13 * x1165;
long x1167 = x1143 + x1166;
long x1168 = (long) (x1167 >> 0x1a);
long x1169 = (long) x1131 * (long) x1142;
long x1170 = (long) x1132 * (long) x1141;
long x1171 = x1169 + x1170;
long x1172 = (long) x1123 * (long) x1140;
long x1173 = (long) x1124 * (long) x1139;
long x1174 = (long) x1125 * (long) x1138;
long x1175 = (long) x1126 * (long) x1137;
long x1176 = (long) x1127 * (long) x1136;
long x1177 = (long) x1128 * (long) x1135;
long x1178 = (long) x1129 * (long) x1134;
long x1179 = (long) x1130 * (long) x1133;
long x1180 = x1178 + x1179;
long x1181 = x1177 + x1180;
long x1182 = x1176 + x1181;
long x1183 = x1175 + x1182;
long x1184 = x1174 + x1183;
long x1185 = x1173 + x1184;
long x1186 = x1172 + x1185;
long x1187 = (long) 0x13 * x1186;
long x1188 = x1171 + x1187;
long x1189 = x1168 + x1188;
long x1190 = (long) (x1189 >> 0x19);
long x1191 = (long) x1130 * (long) x1142;
int x1192 = x1141 * (int) 0x2;
long x1193 = (long) x1131 * (long) x1192;
long x1194 = (long) x1132 * (long) x1140;
long x1195 = x1193 + x1194;
long x1196 = x1191 + x1195;
int x1197 = x1139 * (int) 0x2;
long x1198 = (long) x1123 * (long) x1197;
long x1199 = (long) x1124 * (long) x1138;
int x1200 = x1137 * (int) 0x2;
long x1201 = (long) x1125 * (long) x1200;
long x1202 = (long) x1126 * (long) x1136;
int x1203 = x1135 * (int) 0x2;
long x1204 = (long) x1127 * (long) x1203;
long x1205 = (long) x1128 * (long) x1134;
int x1206 = x1133 * (int) 0x2;
long x1207 = (long) x1129 * (long) x1206;
long x1208 = x1205 + x1207;
long x1209 = x1204 + x1208;
long x1210 = x1202 + x1209;
long x1211 = x1201 + x1210;
long x1212 = x1199 + x1211;
long x1213 = x1198 + x1212;
long x1214 = (long) 0x13 * x1213;
long x1215 = x1196 + x1214;
long x1216 = x1190 + x1215;
long x1217 = (long) (x1216 >> 0x1a);
long x1218 = (long) x1129 * (long) x1142;
long x1219 = (long) x1130 * (long) x1141;
long x1220 = (long) x1131 * (long) x1140;
long x1221 = (long) x1132 * (long) x1139;
long x1222 = x1220 + x1221;
long x1223 = x1219 + x1222;
long x1224 = x1218 + x1223;
long x1225 = (long) x1123 * (long) x1138;
long x1226 = (long) x1124 * (long) x1137;
long x1227 = (long) x1125 * (long) x1136;
long x1228 = (long) x1126 * (long) x1135;
long x1229 = (long) x1127 * (long) x1134;
long x1230 = (long) x1128 * (long) x1133;
long x1231 = x1229 + x1230;
long x1232 = x1228 + x1231;
long x1233 = x1227 + x1232;
long x1234 = x1226 + x1233;
long x1235 = x1225 + x1234;
long x1236 = (long) 0x13 * x1235;
long x1237 = x1224 + x1236;
long x1238 = x1217 + x1237;
long x1239 = (long) (x1238 >> 0x19);
long x1240 = (long) x1128 * (long) x1142;
int x1241 = x1141 * (int) 0x2;
long x1242 = (long) x1129 * (long) x1241;
long x1243 = (long) x1130 * (long) x1140;
int x1244 = x1139 * (int) 0x2;
long x1245 = (long) x1131 * (long) x1244;
long x1246 = (long) x1132 * (long) x1138;
long x1247 = x1245 + x1246;
long x1248 = x1243 + x1247;
long x1249 = x1242 + x1248;
long x1250 = x1240 + x1249;
int x1251 = x1137 * (int) 0x2;
long x1252 = (long) x1123 * (long) x1251;
long x1253 = (long) x1124 * (long) x1136;
int x1254 = x1135 * (int) 0x2;
long x1255 = (long) x1125 * (long) x1254;
long x1256 = (long) x1126 * (long) x1134;
int x1257 = x1133 * (int) 0x2;
long x1258 = (long) x1127 * (long) x1257;
long x1259 = x1256 + x1258;
long x1260 = x1255 + x1259;
long x1261 = x1253 + x1260;
long x1262 = x1252 + x1261;
long x1263 = (long) 0x13 * x1262;
long x1264 = x1250 + x1263;
long x1265 = x1239 + x1264;
long x1266 = (long) (x1265 >> 0x1a);
long x1267 = (long) x1127 * (long) x1142;
long x1268 = (long) x1128 * (long) x1141;
long x1269 = (long) x1129 * (long) x1140;
long x1270 = (long) x1130 * (long) x1139;
long x1271 = (long) x1131 * (long) x1138;
long x1272 = (long) x1132 * (long) x1137;
long x1273 = x1271 + x1272;
long x1274 = x1270 + x1273;
long x1275 = x1269 + x1274;
long x1276 = x1268 + x1275;
long x1277 = x1267 + x1276;
long x1278 = (long) x1123 * (long) x1136;
long x1279 = (long) x1124 * (long) x1135;
long x1280 = (long) x1125 * (long) x1134;
long x1281 = (long) x1126 * (long) x1133;
long x1282 = x1280 + x1281;
long x1283 = x1279 + x1282;
long x1284 = x1278 + x1283;
long x1285 = (long) 0x13 * x1284;
long x1286 = x1277 + x1285;
long x1287 = x1266 + x1286;
long x1288 = (long) (x1287 >> 0x19);
long x1289 = (long) x1126 * (long) x1142;
int x1290 = x1141 * (int) 0x2;
long x1291 = (long) x1127 * (long) x1290;
long x1292 = (long) x1128 * (long) x1140;
int x1293 = x1139 * (int) 0x2;
long x1294 = (long) x1129 * (long) x1293;
long x1295 = (long) x1130 * (long) x1138;
int x1296 = x1137 * (int) 0x2;
long x1297 = (long) x1131 * (long) x1296;
long x1298 = (long) x1132 * (long) x1136;
long x1299 = x1297 + x1298;
long x1300 = x1295 + x1299;
long x1301 = x1294 + x1300;
long x1302 = x1292 + x1301;
long x1303 = x1291 + x1302;
long x1304 = x1289 + x1303;
int x1305 = x1135 * (int) 0x2;
long x1306 = (long) x1123 * (long) x1305;
long x1307 = (long) x1124 * (long) x1134;
int x1308 = x1133 * (int) 0x2;
long x1309 = (long) x1125 * (long) x1308;
long x1310 = x1307 + x1309;
long x1311 = x1306 + x1310;
long x1312 = (long) 0x13 * x1311;
long x1313 = x1304 + x1312;
long x1314 = x1288 + x1313;
long x1315 = (long) (x1314 >> 0x1a);
long x1316 = (long) x1125 * (long) x1142;
long x1317 = (long) x1126 * (long) x1141;
long x1318 = (long) x1127 * (long) x1140;
long x1319 = (long) x1128 * (long) x1139;
long x1320 = (long) x1129 * (long) x1138;
long x1321 = (long) x1130 * (long) x1137;
long x1322 = (long) x1131 * (long) x1136;
long x1323 = (long) x1132 * (long) x1135;
long x1324 = x1322 + x1323;
long x1325 = x1321 + x1324;
long x1326 = x1320 + x1325;
long x1327 = x1319 + x1326;
long x1328 = x1318 + x1327;
long x1329 = x1317 + x1328;
long x1330 = x1316 + x1329;
long x1331 = (long) x1123 * (long) x1134;
long x1332 = (long) x1124 * (long) x1133;
long x1333 = x1331 + x1332;
long x1334 = (long) 0x13 * x1333;
long x1335 = x1330 + x1334;
long x1336 = x1315 + x1335;
long x1337 = (long) (x1336 >> 0x19);
long x1338 = (long) x1124 * (long) x1142;
int x1339 = x1141 * (int) 0x2;
long x1340 = (long) x1125 * (long) x1339;
long x1341 = (long) x1126 * (long) x1140;
int x1342 = x1139 * (int) 0x2;
long x1343 = (long) x1127 * (long) x1342;
long x1344 = (long) x1128 * (long) x1138;
int x1345 = x1137 * (int) 0x2;
long x1346 = (long) x1129 * (long) x1345;
long x1347 = (long) x1130 * (long) x1136;
int x1348 = x1135 * (int) 0x2;
long x1349 = (long) x1131 * (long) x1348;
long x1350 = (long) x1132 * (long) x1134;
long x1351 = x1349 + x1350;
long x1352 = x1347 + x1351;
long x1353 = x1346 + x1352;
long x1354 = x1344 + x1353;
long x1355 = x1343 + x1354;
long x1356 = x1341 + x1355;
long x1357 = x1340 + x1356;
long x1358 = x1338 + x1357;
int x1359 = x1133 * (int) 0x2;
long x1360 = (long) x1123 * (long) x1359;
long x1361 = (long) 0x13 * x1360;
long x1362 = x1358 + x1361;
long x1363 = x1337 + x1362;
long x1364 = (long) (x1363 >> 0x1a);
long x1365 = (long) x1123 * (long) x1142;
long x1366 = (long) x1124 * (long) x1141;
long x1367 = (long) x1125 * (long) x1140;
long x1368 = (long) x1126 * (long) x1139;
long x1369 = (long) x1127 * (long) x1138;
long x1370 = (long) x1128 * (long) x1137;
long x1371 = (long) x1129 * (long) x1136;
long x1372 = (long) x1130 * (long) x1135;
long x1373 = (long) x1131 * (long) x1134;
long x1374 = (long) x1132 * (long) x1133;
long x1375 = x1373 + x1374;
long x1376 = x1372 + x1375;
long x1377 = x1371 + x1376;
long x1378 = x1370 + x1377;
long x1379 = x1369 + x1378;
long x1380 = x1368 + x1379;
long x1381 = x1367 + x1380;
long x1382 = x1366 + x1381;
long x1383 = x1365 + x1382;
long x1384 = x1364 + x1383;
int x1385 = (int) (x1384 >> 0x19);
long x1386 = (long) 0x13 * (long) x1385;
int x1387 = (int) x1167 & 0x3ffffff;
long x1388 = x1386 + (long) x1387;
int x1389 = (int) (x1388 >> 0x1a);
int x1390 = (int) x1189 & 0x1ffffff;
int x1391 = (int) x1389 + x1390;
int x1392 = (int) x1384 & 0x1ffffff;
int x1393 = (int) x1363 & 0x3ffffff;
int x1394 = (int) x1336 & 0x1ffffff;
int x1395 = (int) x1314 & 0x3ffffff;
int x1396 = (int) x1287 & 0x1ffffff;
int x1397 = (int) x1265 & 0x3ffffff;
int x1398 = (int) x1238 & 0x1ffffff;
int x1399 = (int) (x1391 >> 0x19);
int x1400 = (int) x1216 & 0x3ffffff;
int x1401 = (int) x1399 + x1400;
int x1402 = x1391 & 0x1ffffff;
int x1403 = (int) x1388 & 0x3ffffff;
int x1404 = 0x3fffffe + x850;
int x1405 = x1404 - x1111;
int x1406 = 0x7fffffe + x851;
int x1407 = x1406 - x1112;
int x1408 = 0x3fffffe + x852;
int x1409 = x1408 - x1113;
int x1410 = 0x7fffffe + x853;
int x1411 = x1410 - x1114;
int x1412 = 0x3fffffe + x854;
int x1413 = x1412 - x1115;
int x1414 = 0x7fffffe + x855;
int x1415 = x1414 - x1116;
int x1416 = 0x3fffffe + x856;
int x1417 = x1416 - x1117;
int x1418 = 0x7fffffe + x859;
int x1419 = x1418 - x1120;
int x1420 = 0x3fffffe + x860;
int x1421 = x1420 - x1121;
int x1422 = 0x7ffffda + x861;
int x1423 = x1422 - x1122;
int x1424 = 0x3fffffe + x850;
int x1425 = x1424 - x1111;
int x1426 = 0x7fffffe + x851;
int x1427 = x1426 - x1112;
int x1428 = 0x3fffffe + x852;
int x1429 = x1428 - x1113;
int x1430 = 0x7fffffe + x853;
int x1431 = x1430 - x1114;
int x1432 = 0x3fffffe + x854;
int x1433 = x1432 - x1115;
int x1434 = 0x7fffffe + x855;
int x1435 = x1434 - x1116;
int x1436 = 0x3fffffe + x856;
int x1437 = x1436 - x1117;
int x1438 = 0x7fffffe + x859;
int x1439 = x1438 - x1120;
int x1440 = 0x3fffffe + x860;
int x1441 = x1440 - x1121;
int x1442 = 0x7ffffda + x861;
int x1443 = x1442 - x1122;
long x1444 = (long) x1423 * (long) x1443;
int x1445 = x1441 * (int) 0x2;
long x1446 = (long) x1405 * (long) x1445;
long x1447 = (long) x1407 * (long) x1439;
int x1448 = x1437 * (int) 0x2;
long x1449 = (long) x1409 * (long) x1448;
long x1450 = (long) x1411 * (long) x1435;
int x1451 = x1433 * (int) 0x2;
long x1452 = (long) x1413 * (long) x1451;
long x1453 = (long) x1415 * (long) x1431;
int x1454 = x1429 * (int) 0x2;
long x1455 = (long) x1417 * (long) x1454;
long x1456 = (long) x1419 * (long) x1427;
int x1457 = x1425 * (int) 0x2;
long x1458 = (long) x1421 * (long) x1457;
long x1459 = x1456 + x1458;
long x1460 = x1455 + x1459;
long x1461 = x1453 + x1460;
long x1462 = x1452 + x1461;
long x1463 = x1450 + x1462;
long x1464 = x1449 + x1463;
long x1465 = x1447 + x1464;
long x1466 = x1446 + x1465;
long x1467 = (long) 0x13 * x1466;
long x1468 = x1444 + x1467;
long x1469 = (long) (x1468 >> 0x1a);
long x1470 = (long) x1421 * (long) x1443;
long x1471 = (long) x1423 * (long) x1441;
long x1472 = x1470 + x1471;
long x1473 = (long) x1405 * (long) x1439;
long x1474 = (long) x1407 * (long) x1437;
long x1475 = (long) x1409 * (long) x1435;
long x1476 = (long) x1411 * (long) x1433;
long x1477 = (long) x1413 * (long) x1431;
long x1478 = (long) x1415 * (long) x1429;
long x1479 = (long) x1417 * (long) x1427;
long x1480 = (long) x1419 * (long) x1425;
long x1481 = x1479 + x1480;
long x1482 = x1478 + x1481;
long x1483 = x1477 + x1482;
long x1484 = x1476 + x1483;
long x1485 = x1475 + x1484;
long x1486 = x1474 + x1485;
long x1487 = x1473 + x1486;
long x1488 = (long) 0x13 * x1487;
long x1489 = x1472 + x1488;
long x1490 = x1469 + x1489;
long x1491 = (long) (x1490 >> 0x19);
long x1492 = (long) x1419 * (long) x1443;
int x1493 = x1441 * (int) 0x2;
long x1494 = (long) x1421 * (long) x1493;
long x1495 = (long) x1423 * (long) x1439;
long x1496 = x1494 + x1495;
long x1497 = x1492 + x1496;
int x1498 = x1437 * (int) 0x2;
long x1499 = (long) x1405 * (long) x1498;
long x1500 = (long) x1407 * (long) x1435;
int x1501 = x1433 * (int) 0x2;
long x1502 = (long) x1409 * (long) x1501;
long x1503 = (long) x1411 * (long) x1431;
int x1504 = x1429 * (int) 0x2;
long x1505 = (long) x1413 * (long) x1504;
long x1506 = (long) x1415 * (long) x1427;
int x1507 = x1425 * (int) 0x2;
long x1508 = (long) x1417 * (long) x1507;
long x1509 = x1506 + x1508;
long x1510 = x1505 + x1509;
long x1511 = x1503 + x1510;
long x1512 = x1502 + x1511;
long x1513 = x1500 + x1512;
long x1514 = x1499 + x1513;
long x1515 = (long) 0x13 * x1514;
long x1516 = x1497 + x1515;
long x1517 = x1491 + x1516;
long x1518 = (long) (x1517 >> 0x1a);
long x1519 = (long) x1417 * (long) x1443;
long x1520 = (long) x1419 * (long) x1441;
long x1521 = (long) x1421 * (long) x1439;
long x1522 = (long) x1423 * (long) x1437;
long x1523 = x1521 + x1522;
long x1524 = x1520 + x1523;
long x1525 = x1519 + x1524;
long x1526 = (long) x1405 * (long) x1435;
long x1527 = (long) x1407 * (long) x1433;
long x1528 = (long) x1409 * (long) x1431;
long x1529 = (long) x1411 * (long) x1429;
long x1530 = (long) x1413 * (long) x1427;
long x1531 = (long) x1415 * (long) x1425;
long x1532 = x1530 + x1531;
long x1533 = x1529 + x1532;
long x1534 = x1528 + x1533;
long x1535 = x1527 + x1534;
long x1536 = x1526 + x1535;
long x1537 = (long) 0x13 * x1536;
long x1538 = x1525 + x1537;
long x1539 = x1518 + x1538;
long x1540 = (long) (x1539 >> 0x19);
long x1541 = (long) x1415 * (long) x1443;
int x1542 = x1441 * (int) 0x2;
long x1543 = (long) x1417 * (long) x1542;
long x1544 = (long) x1419 * (long) x1439;
int x1545 = x1437 * (int) 0x2;
long x1546 = (long) x1421 * (long) x1545;
long x1547 = (long) x1423 * (long) x1435;
long x1548 = x1546 + x1547;
long x1549 = x1544 + x1548;
long x1550 = x1543 + x1549;
long x1551 = x1541 + x1550;
int x1552 = x1433 * (int) 0x2;
long x1553 = (long) x1405 * (long) x1552;
long x1554 = (long) x1407 * (long) x1431;
int x1555 = x1429 * (int) 0x2;
long x1556 = (long) x1409 * (long) x1555;
long x1557 = (long) x1411 * (long) x1427;
int x1558 = x1425 * (int) 0x2;
long x1559 = (long) x1413 * (long) x1558;
long x1560 = x1557 + x1559;
long x1561 = x1556 + x1560;
long x1562 = x1554 + x1561;
long x1563 = x1553 + x1562;
long x1564 = (long) 0x13 * x1563;
long x1565 = x1551 + x1564;
long x1566 = x1540 + x1565;
long x1567 = (long) (x1566 >> 0x1a);
long x1568 = (long) x1413 * (long) x1443;
long x1569 = (long) x1415 * (long) x1441;
long x1570 = (long) x1417 * (long) x1439;
long x1571 = (long) x1419 * (long) x1437;
long x1572 = (long) x1421 * (long) x1435;
long x1573 = (long) x1423 * (long) x1433;
long x1574 = x1572 + x1573;
long x1575 = x1571 + x1574;
long x1576 = x1570 + x1575;
long x1577 = x1569 + x1576;
long x1578 = x1568 + x1577;
long x1579 = (long) x1405 * (long) x1431;
long x1580 = (long) x1407 * (long) x1429;
long x1581 = (long) x1409 * (long) x1427;
long x1582 = (long) x1411 * (long) x1425;
long x1583 = x1581 + x1582;
long x1584 = x1580 + x1583;
long x1585 = x1579 + x1584;
long x1586 = (long) 0x13 * x1585;
long x1587 = x1578 + x1586;
long x1588 = x1567 + x1587;
long x1589 = (long) (x1588 >> 0x19);
long x1590 = (long) x1411 * (long) x1443;
int x1591 = x1441 * (int) 0x2;
long x1592 = (long) x1413 * (long) x1591;
long x1593 = (long) x1415 * (long) x1439;
int x1594 = x1437 * (int) 0x2;
long x1595 = (long) x1417 * (long) x1594;
long x1596 = (long) x1419 * (long) x1435;
int x1597 = x1433 * (int) 0x2;
long x1598 = (long) x1421 * (long) x1597;
long x1599 = (long) x1423 * (long) x1431;
long x1600 = x1598 + x1599;
long x1601 = x1596 + x1600;
long x1602 = x1595 + x1601;
long x1603 = x1593 + x1602;
long x1604 = x1592 + x1603;
long x1605 = x1590 + x1604;
int x1606 = x1429 * (int) 0x2;
long x1607 = (long) x1405 * (long) x1606;
long x1608 = (long) x1407 * (long) x1427;
int x1609 = x1425 * (int) 0x2;
long x1610 = (long) x1409 * (long) x1609;
long x1611 = x1608 + x1610;
long x1612 = x1607 + x1611;
long x1613 = (long) 0x13 * x1612;
long x1614 = x1605 + x1613;
long x1615 = x1589 + x1614;
long x1616 = (long) (x1615 >> 0x1a);
long x1617 = (long) x1409 * (long) x1443;
long x1618 = (long) x1411 * (long) x1441;
long x1619 = (long) x1413 * (long) x1439;
long x1620 = (long) x1415 * (long) x1437;
long x1621 = (long) x1417 * (long) x1435;
long x1622 = (long) x1419 * (long) x1433;
long x1623 = (long) x1421 * (long) x1431;
long x1624 = (long) x1423 * (long) x1429;
long x1625 = x1623 + x1624;
long x1626 = x1622 + x1625;
long x1627 = x1621 + x1626;
long x1628 = x1620 + x1627;
long x1629 = x1619 + x1628;
long x1630 = x1618 + x1629;
long x1631 = x1617 + x1630;
long x1632 = (long) x1405 * (long) x1427;
long x1633 = (long) x1407 * (long) x1425;
long x1634 = x1632 + x1633;
long x1635 = (long) 0x13 * x1634;
long x1636 = x1631 + x1635;
long x1637 = x1616 + x1636;
long x1638 = (long) (x1637 >> 0x19);
long x1639 = (long) x1407 * (long) x1443;
int x1640 = x1441 * (int) 0x2;
long x1641 = (long) x1409 * (long) x1640;
long x1642 = (long) x1411 * (long) x1439;
int x1643 = x1437 * (int) 0x2;
long x1644 = (long) x1413 * (long) x1643;
long x1645 = (long) x1415 * (long) x1435;
int x1646 = x1433 * (int) 0x2;
long x1647 = (long) x1417 * (long) x1646;
long x1648 = (long) x1419 * (long) x1431;
int x1649 = x1429 * (int) 0x2;
long x1650 = (long) x1421 * (long) x1649;
long x1651 = (long) x1423 * (long) x1427;
long x1652 = x1650 + x1651;
long x1653 = x1648 + x1652;
long x1654 = x1647 + x1653;
long x1655 = x1645 + x1654;
long x1656 = x1644 + x1655;
long x1657 = x1642 + x1656;
long x1658 = x1641 + x1657;
long x1659 = x1639 + x1658;
int x1660 = x1425 * (int) 0x2;
long x1661 = (long) x1405 * (long) x1660;
long x1662 = (long) 0x13 * x1661;
long x1663 = x1659 + x1662;
long x1664 = x1638 + x1663;
long x1665 = (long) (x1664 >> 0x1a);
long x1666 = (long) x1405 * (long) x1443;
long x1667 = (long) x1407 * (long) x1441;
long x1668 = (long) x1409 * (long) x1439;
long x1669 = (long) x1411 * (long) x1437;
long x1670 = (long) x1413 * (long) x1435;
long x1671 = (long) x1415 * (long) x1433;
long x1672 = (long) x1417 * (long) x1431;
long x1673 = (long) x1419 * (long) x1429;
long x1674 = (long) x1421 * (long) x1427;
long x1675 = (long) x1423 * (long) x1425;
long x1676 = x1674 + x1675;
long x1677 = x1673 + x1676;
long x1678 = x1672 + x1677;
long x1679 = x1671 + x1678;
long x1680 = x1670 + x1679;
long x1681 = x1669 + x1680;
long x1682 = x1668 + x1681;
long x1683 = x1667 + x1682;
long x1684 = x1666 + x1683;
long x1685 = x1665 + x1684;
long x1686 = (long) (x1685 >> 0x19);
long x1687 = (long) 0x13 * x1686;
int x1688 = (int) x1468 & 0x3ffffff;
long x1689 = x1687 + (long) x1688;
int x1690 = (int) (x1689 >> 0x1a);
int x1691 = (int) x1490 & 0x1ffffff;
int x1692 = (int) x1690 + x1691;
int x1693 = (int) x1685 & 0x1ffffff;
int x1694 = (int) x1664 & 0x3ffffff;
int x1695 = (int) x1637 & 0x1ffffff;
int x1696 = (int) x1615 & 0x3ffffff;
int x1697 = (int) x1588 & 0x1ffffff;
int x1698 = (int) x1566 & 0x3ffffff;
int x1699 = (int) x1539 & 0x1ffffff;
int x1700 = (int) (x1692 >> 0x19);
int x1701 = (int) x1517 & 0x3ffffff;
int x1702 = (int) x1700 + x1701;
int x1703 = x1692 & 0x1ffffff;
int x1704 = (int) x1689 & 0x3ffffff;
long x1705 = (long) n24 * (long) x1704;
int x1706 = x1703 * (int) 0x2;
long x1707 = (long) n39 * (long) x1706;
long x1708 = (long) n40 * (long) x1702;
int x1709 = x1699 * (int) 0x2;
long x1710 = (long) n38 * (long) x1709;
long x1711 = (long) n36 * (long) x1698;
int x1712 = x1697 * (int) 0x2;
long x1713 = (long) n34 * (long) x1712;
long x1714 = (long) n32 * (long) x1696;
int x1715 = x1695 * (int) 0x2;
long x1716 = (long) n30 * (long) x1715;
long x1717 = (long) n28 * (long) x1694;
int x1718 = x1693 * (int) 0x2;
long x1719 = (long) n26 * (long) x1718;
long x1720 = x1717 + x1719;
long x1721 = x1716 + x1720;
long x1722 = x1714 + x1721;
long x1723 = x1713 + x1722;
long x1724 = x1711 + x1723;
long x1725 = x1710 + x1724;
long x1726 = x1708 + x1725;
long x1727 = x1707 + x1726;
long x1728 = (long) 0x13 * x1727;
long x1729 = x1705 + x1728;
long x1730 = (long) (x1729 >> 0x1a);
long x1731 = (long) n26 * (long) x1704;
long x1732 = (long) n24 * (long) x1703;
long x1733 = x1731 + x1732;
long x1734 = (long) n39 * (long) x1702;
long x1735 = (long) n40 * (long) x1699;
long x1736 = (long) n38 * (long) x1698;
long x1737 = (long) n36 * (long) x1697;
long x1738 = (long) n34 * (long) x1696;
long x1739 = (long) n32 * (long) x1695;
long x1740 = (long) n30 * (long) x1694;
long x1741 = (long) n28 * (long) x1693;
long x1742 = x1740 + x1741;
long x1743 = x1739 + x1742;
long x1744 = x1738 + x1743;
long x1745 = x1737 + x1744;
long x1746 = x1736 + x1745;
long x1747 = x1735 + x1746;
long x1748 = x1734 + x1747;
long x1749 = (long) 0x13 * x1748;
long x1750 = x1733 + x1749;
long x1751 = x1730 + x1750;
long x1752 = (long) (x1751 >> 0x19);
long x1753 = (long) n28 * (long) x1704;
int x1754 = x1703 * (int) 0x2;
long x1755 = (long) n26 * (long) x1754;
long x1756 = (long) n24 * (long) x1702;
long x1757 = x1755 + x1756;
long x1758 = x1753 + x1757;
int x1759 = x1699 * (int) 0x2;
long x1760 = (long) n39 * (long) x1759;
long x1761 = (long) n40 * (long) x1698;
int x1762 = x1697 * (int) 0x2;
long x1763 = (long) n38 * (long) x1762;
long x1764 = (long) n36 * (long) x1696;
int x1765 = x1695 * (int) 0x2;
long x1766 = (long) n34 * (long) x1765;
long x1767 = (long) n32 * (long) x1694;
int x1768 = x1693 * (int) 0x2;
long x1769 = (long) n30 * (long) x1768;
long x1770 = x1767 + x1769;
long x1771 = x1766 + x1770;
long x1772 = x1764 + x1771;
long x1773 = x1763 + x1772;
long x1774 = x1761 + x1773;
long x1775 = x1760 + x1774;
long x1776 = (long) 0x13 * x1775;
long x1777 = x1758 + x1776;
long x1778 = x1752 + x1777;
long x1779 = (long) (x1778 >> 0x1a);
long x1780 = (long) n30 * (long) x1704;
long x1781 = (long) n28 * (long) x1703;
long x1782 = (long) n26 * (long) x1702;
long x1783 = (long) n24 * (long) x1699;
long x1784 = x1782 + x1783;
long x1785 = x1781 + x1784;
long x1786 = x1780 + x1785;
long x1787 = (long) n39 * (long) x1698;
long x1788 = (long) n40 * (long) x1697;
long x1789 = (long) n38 * (long) x1696;
long x1790 = (long) n36 * (long) x1695;
long x1791 = (long) n34 * (long) x1694;
long x1792 = (long) n32 * (long) x1693;
long x1793 = x1791 + x1792;
long x1794 = x1790 + x1793;
long x1795 = x1789 + x1794;
long x1796 = x1788 + x1795;
long x1797 = x1787 + x1796;
long x1798 = (long) 0x13 * x1797;
long x1799 = x1786 + x1798;
long x1800 = x1779 + x1799;
long x1801 = (long) (x1800 >> 0x19);
long x1802 = (long) n32 * (long) x1704;
int x1803 = x1703 * (int) 0x2;
long x1804 = (long) n30 * (long) x1803;
long x1805 = (long) n28 * (long) x1702;
int x1806 = x1699 * (int) 0x2;
long x1807 = (long) n26 * (long) x1806;
long x1808 = (long) n24 * (long) x1698;
long x1809 = x1807 + x1808;
long x1810 = x1805 + x1809;
long x1811 = x1804 + x1810;
long x1812 = x1802 + x1811;
int x1813 = x1697 * (int) 0x2;
long x1814 = (long) n39 * (long) x1813;
long x1815 = (long) n40 * (long) x1696;
int x1816 = x1695 * (int) 0x2;
long x1817 = (long) n38 * (long) x1816;
long x1818 = (long) n36 * (long) x1694;
int x1819 = x1693 * (int) 0x2;
long x1820 = (long) n34 * (long) x1819;
long x1821 = x1818 + x1820;
long x1822 = x1817 + x1821;
long x1823 = x1815 + x1822;
long x1824 = x1814 + x1823;
long x1825 = (long) 0x13 * x1824;
long x1826 = x1812 + x1825;
long x1827 = x1801 + x1826;
long x1828 = (long) (x1827 >> 0x1a);
long x1829 = (long) n34 * (long) x1704;
long x1830 = (long) n32 * (long) x1703;
long x1831 = (long) n30 * (long) x1702;
long x1832 = (long) n28 * (long) x1699;
long x1833 = (long) n26 * (long) x1698;
long x1834 = (long) n24 * (long) x1697;
long x1835 = x1833 + x1834;
long x1836 = x1832 + x1835;
long x1837 = x1831 + x1836;
long x1838 = x1830 + x1837;
long x1839 = x1829 + x1838;
long x1840 = (long) n39 * (long) x1696;
long x1841 = (long) n40 * (long) x1695;
long x1842 = (long) n38 * (long) x1694;
long x1843 = (long) n36 * (long) x1693;
long x1844 = x1842 + x1843;
long x1845 = x1841 + x1844;
long x1846 = x1840 + x1845;
long x1847 = (long) 0x13 * x1846;
long x1848 = x1839 + x1847;
long x1849 = x1828 + x1848;
long x1850 = (long) (x1849 >> 0x19);
long x1851 = (long) n36 * (long) x1704;
int x1852 = x1703 * (int) 0x2;
long x1853 = (long) n34 * (long) x1852;
long x1854 = (long) n32 * (long) x1702;
int x1855 = x1699 * (int) 0x2;
long x1856 = (long) n30 * (long) x1855;
long x1857 = (long) n28 * (long) x1698;
int x1858 = x1697 * (int) 0x2;
long x1859 = (long) n26 * (long) x1858;
long x1860 = (long) n24 * (long) x1696;
long x1861 = x1859 + x1860;
long x1862 = x1857 + x1861;
long x1863 = x1856 + x1862;
long x1864 = x1854 + x1863;
long x1865 = x1853 + x1864;
long x1866 = x1851 + x1865;
int x1867 = x1695 * (int) 0x2;
long x1868 = (long) n39 * (long) x1867;
long x1869 = (long) n40 * (long) x1694;
int x1870 = x1693 * (int) 0x2;
long x1871 = (long) n38 * (long) x1870;
long x1872 = x1869 + x1871;
long x1873 = x1868 + x1872;
long x1874 = (long) 0x13 * x1873;
long x1875 = x1866 + x1874;
long x1876 = x1850 + x1875;
int x1877 = (int) (x1876 >> 0x1a);
long x1878 = (long) n38 * (long) x1704;
long x1879 = (long) n36 * (long) x1703;
long x1880 = (long) n34 * (long) x1702;
long x1881 = (long) n32 * (long) x1699;
long x1882 = (long) n30 * (long) x1698;
long x1883 = (long) n28 * (long) x1697;
long x1884 = (long) n26 * (long) x1696;
long x1885 = (long) n24 * (long) x1695;
long x1886 = x1884 + x1885;
long x1887 = x1883 + x1886;
long x1888 = x1882 + x1887;
long x1889 = x1881 + x1888;
long x1890 = x1880 + x1889;
long x1891 = x1879 + x1890;
long x1892 = x1878 + x1891;
long x1893 = (long) n39 * (long) x1694;
long x1894 = (long) n40 * (long) x1693;
long x1895 = x1893 + x1894;
long x1896 = (long) 0x13 * x1895;
long x1897 = x1892 + x1896;
long x1898 = (long) x1877 + x1897;
int x1899 = (int) (x1898 >> 0x19);
long x1900 = (long) n40 * (long) x1704;
int x1901 = x1703 * (int) 0x2;
long x1902 = (long) n38 * (long) x1901;
long x1903 = (long) n36 * (long) x1702;
int x1904 = x1699 * (int) 0x2;
long x1905 = (long) n34 * (long) x1904;
long x1906 = (long) n32 * (long) x1698;
int x1907 = x1697 * (int) 0x2;
long x1908 = (long) n30 * (long) x1907;
long x1909 = (long) n28 * (long) x1696;
int x1910 = x1695 * (int) 0x2;
long x1911 = (long) n26 * (long) x1910;
long x1912 = (long) n24 * (long) x1694;
long x1913 = x1911 + x1912;
long x1914 = x1909 + x1913;
long x1915 = x1908 + x1914;
long x1916 = x1906 + x1915;
long x1917 = x1905 + x1916;
long x1918 = x1903 + x1917;
long x1919 = x1902 + x1918;
long x1920 = x1900 + x1919;
int x1921 = x1693 * (int) 0x2;
long x1922 = (long) n39 * (long) x1921;
long x1923 = (long) 0x13 * x1922;
long x1924 = x1920 + x1923;
long x1925 = (long) x1899 + x1924;
int x1926 = (int) (x1925 >> 0x1a);
long x1927 = (long) n39 * (long) x1704;
long x1928 = (long) n40 * (long) x1703;
long x1929 = (long) n38 * (long) x1702;
long x1930 = (long) n36 * (long) x1699;
long x1931 = (long) n34 * (long) x1698;
long x1932 = (long) n32 * (long) x1697;
long x1933 = (long) n30 * (long) x1696;
long x1934 = (long) n28 * (long) x1695;
long x1935 = (long) n26 * (long) x1694;
long x1936 = (long) n24 * (long) x1693;
long x1937 = x1935 + x1936;
long x1938 = x1934 + x1937;
long x1939 = x1933 + x1938;
long x1940 = x1932 + x1939;
long x1941 = x1931 + x1940;
long x1942 = x1930 + x1941;
long x1943 = x1929 + x1942;
long x1944 = x1928 + x1943;
long x1945 = x1927 + x1944;
long x1946 = (long) x1926 + x1945;
int x1947 = (int) (x1946 >> 0x19);
long x1948 = (long) 0x13 * (long) x1947;
int x1949 = (int) x1729 & 0x3ffffff;
long x1950 = x1948 + (long) x1949;
int x1951 = (int) (x1950 >> 0x1a);
int x1952 = (int) x1751 & 0x1ffffff;
int x1953 = (int) x1951 + x1952;
int x1954 = (int) x1946 & 0x1ffffff;
int x1955 = (int) x1925 & 0x3ffffff;
int x1956 = (int) x1898 & 0x1ffffff;
int x1957 = (int) x1876 & 0x3ffffff;
int x1958 = (int) x1849 & 0x1ffffff;
int x1959 = (int) x1827 & 0x3ffffff;
int x1960 = (int) x1800 & 0x1ffffff;
int x1961 = (int) (x1953 >> 0x19);
int x1962 = (int) x1778 & 0x3ffffff;
int x1963 = (int) x1961 + x1962;
int x1964 = x1953 & 0x1ffffff;
int x1965 = (int) x1950 & 0x3ffffff;
long x1966 = (long) x269 * (long) x550;
int x1967 = x549 * (int) 0x2;
long x1968 = (long) x258 * (long) x1967;
long x1969 = (long) x259 * (long) x548;
int x1970 = x545 * (int) 0x2;
long x1971 = (long) x260 * (long) x1970;
long x1972 = (long) x261 * (long) x544;
int x1973 = x543 * (int) 0x2;
long x1974 = (long) x262 * (long) x1973;
long x1975 = (long) x263 * (long) x542;
int x1976 = x541 * (int) 0x2;
long x1977 = (long) x264 * (long) x1976;
long x1978 = (long) x267 * (long) x540;
int x1979 = x539 * (int) 0x2;
long x1980 = (long) x268 * (long) x1979;
long x1981 = x1978 + x1980;
long x1982 = x1977 + x1981;
long x1983 = x1975 + x1982;
long x1984 = x1974 + x1983;
long x1985 = x1972 + x1984;
long x1986 = x1971 + x1985;
long x1987 = x1969 + x1986;
long x1988 = x1968 + x1987;
long x1989 = (long) 0x13 * x1988;
long x1990 = x1966 + x1989;
long x1991 = (long) (x1990 >> 0x1a);
long x1992 = (long) x268 * (long) x550;
long x1993 = (long) x269 * (long) x549;
long x1994 = x1992 + x1993;
long x1995 = (long) x258 * (long) x548;
long x1996 = (long) x259 * (long) x545;
long x1997 = (long) x260 * (long) x544;
long x1998 = (long) x261 * (long) x543;
long x1999 = (long) x262 * (long) x542;
long x2000 = (long) x263 * (long) x541;
long x2001 = (long) x264 * (long) x540;
long x2002 = (long) x267 * (long) x539;
long x2003 = x2001 + x2002;
long x2004 = x2000 + x2003;
long x2005 = x1999 + x2004;
long x2006 = x1998 + x2005;
long x2007 = x1997 + x2006;
long x2008 = x1996 + x2007;
long x2009 = x1995 + x2008;
long x2010 = (long) 0x13 * x2009;
long x2011 = x1994 + x2010;
long x2012 = x1991 + x2011;
long x2013 = (long) (x2012 >> 0x19);
long x2014 = (long) x267 * (long) x550;
int x2015 = x549 * (int) 0x2;
long x2016 = (long) x268 * (long) x2015;
long x2017 = (long) x269 * (long) x548;
long x2018 = x2016 + x2017;
long x2019 = x2014 + x2018;
int x2020 = x545 * (int) 0x2;
long x2021 = (long) x258 * (long) x2020;
long x2022 = (long) x259 * (long) x544;
int x2023 = x543 * (int) 0x2;
long x2024 = (long) x260 * (long) x2023;
long x2025 = (long) x261 * (long) x542;
int x2026 = x541 * (int) 0x2;
long x2027 = (long) x262 * (long) x2026;
long x2028 = (long) x263 * (long) x540;
int x2029 = x539 * (int) 0x2;
long x2030 = (long) x264 * (long) x2029;
long x2031 = x2028 + x2030;
long x2032 = x2027 + x2031;
long x2033 = x2025 + x2032;
long x2034 = x2024 + x2033;
long x2035 = x2022 + x2034;
long x2036 = x2021 + x2035;
long x2037 = (long) 0x13 * x2036;
long x2038 = x2019 + x2037;
long x2039 = x2013 + x2038;
long x2040 = (long) (x2039 >> 0x1a);
long x2041 = (long) x264 * (long) x550;
long x2042 = (long) x267 * (long) x549;
long x2043 = (long) x268 * (long) x548;
long x2044 = (long) x269 * (long) x545;
long x2045 = x2043 + x2044;
long x2046 = x2042 + x2045;
long x2047 = x2041 + x2046;
long x2048 = (long) x258 * (long) x544;
long x2049 = (long) x259 * (long) x543;
long x2050 = (long) x260 * (long) x542;
long x2051 = (long) x261 * (long) x541;
long x2052 = (long) x262 * (long) x540;
long x2053 = (long) x263 * (long) x539;
long x2054 = x2052 + x2053;
long x2055 = x2051 + x2054;
long x2056 = x2050 + x2055;
long x2057 = x2049 + x2056;
long x2058 = x2048 + x2057;
long x2059 = (long) 0x13 * x2058;
long x2060 = x2047 + x2059;
long x2061 = x2040 + x2060;
long x2062 = (long) (x2061 >> 0x19);
long x2063 = (long) x263 * (long) x550;
int x2064 = x549 * (int) 0x2;
long x2065 = (long) x264 * (long) x2064;
long x2066 = (long) x267 * (long) x548;
int x2067 = x545 * (int) 0x2;
long x2068 = (long) x268 * (long) x2067;
long x2069 = (long) x269 * (long) x544;
long x2070 = x2068 + x2069;
long x2071 = x2066 + x2070;
long x2072 = x2065 + x2071;
long x2073 = x2063 + x2072;
int x2074 = x543 * (int) 0x2;
long x2075 = (long) x258 * (long) x2074;
long x2076 = (long) x259 * (long) x542;
int x2077 = x541 * (int) 0x2;
long x2078 = (long) x260 * (long) x2077;
long x2079 = (long) x261 * (long) x540;
int x2080 = x539 * (int) 0x2;
long x2081 = (long) x262 * (long) x2080;
long x2082 = x2079 + x2081;
long x2083 = x2078 + x2082;
long x2084 = x2076 + x2083;
long x2085 = x2075 + x2084;
long x2086 = (long) 0x13 * x2085;
long x2087 = x2073 + x2086;
long x2088 = x2062 + x2087;
long x2089 = (long) (x2088 >> 0x1a);
long x2090 = (long) x262 * (long) x550;
long x2091 = (long) x263 * (long) x549;
long x2092 = (long) x264 * (long) x548;
long x2093 = (long) x267 * (long) x545;
long x2094 = (long) x268 * (long) x544;
long x2095 = (long) x269 * (long) x543;
long x2096 = x2094 + x2095;
long x2097 = x2093 + x2096;
long x2098 = x2092 + x2097;
long x2099 = x2091 + x2098;
long x2100 = x2090 + x2099;
long x2101 = (long) x258 * (long) x542;
long x2102 = (long) x259 * (long) x541;
long x2103 = (long) x260 * (long) x540;
long x2104 = (long) x261 * (long) x539;
long x2105 = x2103 + x2104;
long x2106 = x2102 + x2105;
long x2107 = x2101 + x2106;
long x2108 = (long) 0x13 * x2107;
long x2109 = x2100 + x2108;
long x2110 = x2089 + x2109;
long x2111 = (long) (x2110 >> 0x19);
long x2112 = (long) x261 * (long) x550;
int x2113 = x549 * (int) 0x2;
long x2114 = (long) x262 * (long) x2113;
long x2115 = (long) x263 * (long) x548;
int x2116 = x545 * (int) 0x2;
long x2117 = (long) x264 * (long) x2116;
long x2118 = (long) x267 * (long) x544;
int x2119 = x543 * (int) 0x2;
long x2120 = (long) x268 * (long) x2119;
long x2121 = (long) x269 * (long) x542;
long x2122 = x2120 + x2121;
long x2123 = x2118 + x2122;
long x2124 = x2117 + x2123;
long x2125 = x2115 + x2124;
long x2126 = x2114 + x2125;
long x2127 = x2112 + x2126;
int x2128 = x541 * (int) 0x2;
long x2129 = (long) x258 * (long) x2128;
long x2130 = (long) x259 * (long) x540;
int x2131 = x539 * (int) 0x2;
long x2132 = (long) x260 * (long) x2131;
long x2133 = x2130 + x2132;
long x2134 = x2129 + x2133;
long x2135 = (long) 0x13 * x2134;
long x2136 = x2127 + x2135;
long x2137 = x2111 + x2136;
int x2138 = (int) (x2137 >> 0x1a);
long x2139 = (long) x260 * (long) x550;
long x2140 = (long) x261 * (long) x549;
long x2141 = (long) x262 * (long) x548;
long x2142 = (long) x263 * (long) x545;
long x2143 = (long) x264 * (long) x544;
long x2144 = (long) x267 * (long) x543;
long x2145 = (long) x268 * (long) x542;
long x2146 = (long) x269 * (long) x541;
long x2147 = x2145 + x2146;
long x2148 = x2144 + x2147;
long x2149 = x2143 + x2148;
long x2150 = x2142 + x2149;
long x2151 = x2141 + x2150;
long x2152 = x2140 + x2151;
long x2153 = x2139 + x2152;
long x2154 = (long) x258 * (long) x540;
long x2155 = (long) x259 * (long) x539;
long x2156 = x2154 + x2155;
long x2157 = (long) 0x13 * x2156;
long x2158 = x2153 + x2157;
long x2159 = (long) x2138 + x2158;
int x2160 = (int) (x2159 >> 0x19);
long x2161 = (long) x259 * (long) x550;
int x2162 = x549 * (int) 0x2;
long x2163 = (long) x260 * (long) x2162;
long x2164 = (long) x261 * (long) x548;
int x2165 = x545 * (int) 0x2;
long x2166 = (long) x262 * (long) x2165;
long x2167 = (long) x263 * (long) x544;
int x2168 = x543 * (int) 0x2;
long x2169 = (long) x264 * (long) x2168;
long x2170 = (long) x267 * (long) x542;
int x2171 = x541 * (int) 0x2;
long x2172 = (long) x268 * (long) x2171;
long x2173 = (long) x269 * (long) x540;
long x2174 = x2172 + x2173;
long x2175 = x2170 + x2174;
long x2176 = x2169 + x2175;
long x2177 = x2167 + x2176;
long x2178 = x2166 + x2177;
long x2179 = x2164 + x2178;
long x2180 = x2163 + x2179;
long x2181 = x2161 + x2180;
int x2182 = x539 * (int) 0x2;
long x2183 = (long) x258 * (long) x2182;
long x2184 = (long) 0x13 * x2183;
long x2185 = x2181 + x2184;
long x2186 = (long) x2160 + x2185;
int x2187 = (int) (x2186 >> 0x1a);
long x2188 = (long) x258 * (long) x550;
long x2189 = (long) x259 * (long) x549;
long x2190 = (long) x260 * (long) x548;
long x2191 = (long) x261 * (long) x545;
long x2192 = (long) x262 * (long) x544;
long x2193 = (long) x263 * (long) x543;
long x2194 = (long) x264 * (long) x542;
long x2195 = (long) x267 * (long) x541;
long x2196 = (long) x268 * (long) x540;
long x2197 = (long) x269 * (long) x539;
long x2198 = x2196 + x2197;
long x2199 = x2195 + x2198;
long x2200 = x2194 + x2199;
long x2201 = x2193 + x2200;
long x2202 = x2192 + x2201;
long x2203 = x2191 + x2202;
long x2204 = x2190 + x2203;
long x2205 = x2189 + x2204;
long x2206 = x2188 + x2205;
long x2207 = (long) x2187 + x2206;
int x2208 = (int) (x2207 >> 0x19);
long x2209 = (long) 0x13 * (long) x2208;
int x2210 = (int) x1990 & 0x3ffffff;
long x2211 = x2209 + (long) x2210;
int x2212 = (int) (x2211 >> 0x1a);
int x2213 = (int) x2012 & 0x1ffffff;
int x2214 = (int) x2212 + x2213;
int x2215 = (int) x2207 & 0x1ffffff;
int x2216 = (int) x2186 & 0x3ffffff;
int x2217 = (int) x2159 & 0x1ffffff;
int x2218 = (int) x2137 & 0x3ffffff;
int x2219 = (int) x2110 & 0x1ffffff;
int x2220 = (int) x2088 & 0x3ffffff;
int x2221 = (int) x2061 & 0x1ffffff;
int x2222 = (int) (x2214 >> 0x19);
int x2223 = (int) x2039 & 0x3ffffff;
int x2224 = (int) x2222 + x2223;
int x2225 = x2214 & 0x1ffffff;
int x2226 = (int) x2211 & 0x3ffffff;
long x2227 = (long) n6 * (long) x570;
int x2228 = x568 * (int) 0x2;
long x2229 = (long) n21 * (long) x2228;
long x2230 = (long) n22 * (long) x566;
int x2231 = x564 * (int) 0x2;
long x2232 = (long) n20 * (long) x2231;
long x2233 = (long) n18 * (long) x562;
int x2234 = x560 * (int) 0x2;
long x2235 = (long) n16 * (long) x2234;
long x2236 = (long) n14 * (long) x558;
int x2237 = x556 * (int) 0x2;
long x2238 = (long) n12 * (long) x2237;
long x2239 = (long) n10 * (long) x554;
int x2240 = x552 * (int) 0x2;
long x2241 = (long) n8 * (long) x2240;
long x2242 = x2239 + x2241;
long x2243 = x2238 + x2242;
long x2244 = x2236 + x2243;
long x2245 = x2235 + x2244;
long x2246 = x2233 + x2245;
long x2247 = x2232 + x2246;
long x2248 = x2230 + x2247;
long x2249 = x2229 + x2248;
long x2250 = (long) 0x13 * x2249;
long x2251 = x2227 + x2250;
long x2252 = (long) (x2251 >> 0x1a);
long x2253 = (long) n8 * (long) x570;
long x2254 = (long) n6 * (long) x568;
long x2255 = x2253 + x2254;
long x2256 = (long) n21 * (long) x566;
long x2257 = (long) n22 * (long) x564;
long x2258 = (long) n20 * (long) x562;
long x2259 = (long) n18 * (long) x560;
long x2260 = (long) n16 * (long) x558;
long x2261 = (long) n14 * (long) x556;
long x2262 = (long) n12 * (long) x554;
long x2263 = (long) n10 * (long) x552;
long x2264 = x2262 + x2263;
long x2265 = x2261 + x2264;
long x2266 = x2260 + x2265;
long x2267 = x2259 + x2266;
long x2268 = x2258 + x2267;
long x2269 = x2257 + x2268;
long x2270 = x2256 + x2269;
long x2271 = (long) 0x13 * x2270;
long x2272 = x2255 + x2271;
long x2273 = x2252 + x2272;
long x2274 = (long) (x2273 >> 0x19);
long x2275 = (long) n10 * (long) x570;
int x2276 = x568 * (int) 0x2;
long x2277 = (long) n8 * (long) x2276;
long x2278 = (long) n6 * (long) x566;
long x2279 = x2277 + x2278;
long x2280 = x2275 + x2279;
int x2281 = x564 * (int) 0x2;
long x2282 = (long) n21 * (long) x2281;
long x2283 = (long) n22 * (long) x562;
int x2284 = x560 * (int) 0x2;
long x2285 = (long) n20 * (long) x2284;
long x2286 = (long) n18 * (long) x558;
int x2287 = x556 * (int) 0x2;
long x2288 = (long) n16 * (long) x2287;
long x2289 = (long) n14 * (long) x554;
int x2290 = x552 * (int) 0x2;
long x2291 = (long) n12 * (long) x2290;
long x2292 = x2289 + x2291;
long x2293 = x2288 + x2292;
long x2294 = x2286 + x2293;
long x2295 = x2285 + x2294;
long x2296 = x2283 + x2295;
long x2297 = x2282 + x2296;
long x2298 = (long) 0x13 * x2297;
long x2299 = x2280 + x2298;
long x2300 = x2274 + x2299;
long x2301 = (long) (x2300 >> 0x1a);
long x2302 = (long) n12 * (long) x570;
long x2303 = (long) n10 * (long) x568;
long x2304 = (long) n8 * (long) x566;
long x2305 = (long) n6 * (long) x564;
long x2306 = x2304 + x2305;
long x2307 = x2303 + x2306;
long x2308 = x2302 + x2307;
long x2309 = (long) n21 * (long) x562;
long x2310 = (long) n22 * (long) x560;
long x2311 = (long) n20 * (long) x558;
long x2312 = (long) n18 * (long) x556;
long x2313 = (long) n16 * (long) x554;
long x2314 = (long) n14 * (long) x552;
long x2315 = x2313 + x2314;
long x2316 = x2312 + x2315;
long x2317 = x2311 + x2316;
long x2318 = x2310 + x2317;
long x2319 = x2309 + x2318;
long x2320 = (long) 0x13 * x2319;
long x2321 = x2308 + x2320;
long x2322 = x2301 + x2321;
long x2323 = (long) (x2322 >> 0x19);
long x2324 = (long) n14 * (long) x570;
int x2325 = x568 * (int) 0x2;
long x2326 = (long) n12 * (long) x2325;
long x2327 = (long) n10 * (long) x566;
int x2328 = x564 * (int) 0x2;
long x2329 = (long) n8 * (long) x2328;
long x2330 = (long) n6 * (long) x562;
long x2331 = x2329 + x2330;
long x2332 = x2327 + x2331;
long x2333 = x2326 + x2332;
long x2334 = x2324 + x2333;
int x2335 = x560 * (int) 0x2;
long x2336 = (long) n21 * (long) x2335;
long x2337 = (long) n22 * (long) x558;
int x2338 = x556 * (int) 0x2;
long x2339 = (long) n20 * (long) x2338;
long x2340 = (long) n18 * (long) x554;
int x2341 = x552 * (int) 0x2;
long x2342 = (long) n16 * (long) x2341;
long x2343 = x2340 + x2342;
long x2344 = x2339 + x2343;
long x2345 = x2337 + x2344;
long x2346 = x2336 + x2345;
long x2347 = (long) 0x13 * x2346;
long x2348 = x2334 + x2347;
long x2349 = x2323 + x2348;
long x2350 = (long) (x2349 >> 0x1a);
long x2351 = (long) n16 * (long) x570;
long x2352 = (long) n14 * (long) x568;
long x2353 = (long) n12 * (long) x566;
long x2354 = (long) n10 * (long) x564;
long x2355 = (long) n8 * (long) x562;
long x2356 = (long) n6 * (long) x560;
long x2357 = x2355 + x2356;
long x2358 = x2354 + x2357;
long x2359 = x2353 + x2358;
long x2360 = x2352 + x2359;
long x2361 = x2351 + x2360;
long x2362 = (long) n21 * (long) x558;
long x2363 = (long) n22 * (long) x556;
long x2364 = (long) n20 * (long) x554;
long x2365 = (long) n18 * (long) x552;
long x2366 = x2364 + x2365;
long x2367 = x2363 + x2366;
long x2368 = x2362 + x2367;
long x2369 = (long) 0x13 * x2368;
long x2370 = x2361 + x2369;
long x2371 = x2350 + x2370;
long x2372 = (long) (x2371 >> 0x19);
long x2373 = (long) n18 * (long) x570;
int x2374 = x568 * (int) 0x2;
long x2375 = (long) n16 * (long) x2374;
long x2376 = (long) n14 * (long) x566;
int x2377 = x564 * (int) 0x2;
long x2378 = (long) n12 * (long) x2377;
long x2379 = (long) n10 * (long) x562;
int x2380 = x560 * (int) 0x2;
long x2381 = (long) n8 * (long) x2380;
long x2382 = (long) n6 * (long) x558;
long x2383 = x2381 + x2382;
long x2384 = x2379 + x2383;
long x2385 = x2378 + x2384;
long x2386 = x2376 + x2385;
long x2387 = x2375 + x2386;
long x2388 = x2373 + x2387;
int x2389 = x556 * (int) 0x2;
long x2390 = (long) n21 * (long) x2389;
long x2391 = (long) n22 * (long) x554;
int x2392 = x552 * (int) 0x2;
long x2393 = (long) n20 * (long) x2392;
long x2394 = x2391 + x2393;
long x2395 = x2390 + x2394;
long x2396 = (long) 0x13 * x2395;
long x2397 = x2388 + x2396;
long x2398 = x2372 + x2397;
long x2399 = (long) (x2398 >> 0x1a);
long x2400 = (long) n20 * (long) x570;
long x2401 = (long) n18 * (long) x568;
long x2402 = (long) n16 * (long) x566;
long x2403 = (long) n14 * (long) x564;
long x2404 = (long) n12 * (long) x562;
long x2405 = (long) n10 * (long) x560;
long x2406 = (long) n8 * (long) x558;
long x2407 = (long) n6 * (long) x556;
long x2408 = x2406 + x2407;
long x2409 = x2405 + x2408;
long x2410 = x2404 + x2409;
long x2411 = x2403 + x2410;
long x2412 = x2402 + x2411;
long x2413 = x2401 + x2412;
long x2414 = x2400 + x2413;
long x2415 = (long) n21 * (long) x554;
long x2416 = (long) n22 * (long) x552;
long x2417 = x2415 + x2416;
long x2418 = (long) 0x13 * x2417;
long x2419 = x2414 + x2418;
long x2420 = x2399 + x2419;
long x2421 = (long) (x2420 >> 0x19);
long x2422 = (long) n22 * (long) x570;
int x2423 = x568 * (int) 0x2;
long x2424 = (long) n20 * (long) x2423;
long x2425 = (long) n18 * (long) x566;
int x2426 = x564 * (int) 0x2;
long x2427 = (long) n16 * (long) x2426;
long x2428 = (long) n14 * (long) x562;
int x2429 = x560 * (int) 0x2;
long x2430 = (long) n12 * (long) x2429;
long x2431 = (long) n10 * (long) x558;
int x2432 = x556 * (int) 0x2;
long x2433 = (long) n8 * (long) x2432;
long x2434 = (long) n6 * (long) x554;
long x2435 = x2433 + x2434;
long x2436 = x2431 + x2435;
long x2437 = x2430 + x2436;
long x2438 = x2428 + x2437;
long x2439 = x2427 + x2438;
long x2440 = x2425 + x2439;
long x2441 = x2424 + x2440;
long x2442 = x2422 + x2441;
int x2443 = x552 * (int) 0x2;
long x2444 = (long) n21 * (long) x2443;
long x2445 = (long) 0x13 * x2444;
long x2446 = x2442 + x2445;
long x2447 = x2421 + x2446;
int x2448 = (int) (x2447 >> 0x1a);
long x2449 = (long) n21 * (long) x570;
long x2450 = (long) n22 * (long) x568;
long x2451 = (long) n20 * (long) x566;
long x2452 = (long) n18 * (long) x564;
long x2453 = (long) n16 * (long) x562;
long x2454 = (long) n14 * (long) x560;
long x2455 = (long) n12 * (long) x558;
long x2456 = (long) n10 * (long) x556;
long x2457 = (long) n8 * (long) x554;
long x2458 = (long) n6 * (long) x552;
long x2459 = x2457 + x2458;
long x2460 = x2456 + x2459;
long x2461 = x2455 + x2460;
long x2462 = x2454 + x2461;
long x2463 = x2453 + x2462;
long x2464 = x2452 + x2463;
long x2465 = x2451 + x2464;
long x2466 = x2450 + x2465;
long x2467 = x2449 + x2466;
long x2468 = (long) x2448 + x2467;
int x2469 = (int) (x2468 >> 0x19);
long x2470 = (long) 0x13 * (long) x2469;
int x2471 = (int) x2251 & 0x3ffffff;
long x2472 = x2470 + (long) x2471;
int x2473 = (int) (x2472 >> 0x1a);
int x2474 = (int) x2273 & 0x1ffffff;
int x2475 = (int) x2473 + x2474;
int x2476 = (int) x2468 & 0x1ffffff;
int x2477 = (int) x2447 & 0x3ffffff;
int x2478 = (int) x2420 & 0x1ffffff;
int x2479 = (int) x2398 & 0x3ffffff;
int x2480 = (int) x2371 & 0x1ffffff;
int x2481 = (int) x2349 & 0x3ffffff;
int x2482 = (int) x2322 & 0x1ffffff;
int x2483 = (int) (x2475 >> 0x19);
int x2484 = (int) x2300 & 0x3ffffff;
int x2485 = (int) x2483 + x2484;
int x2486 = x2475 & 0x1ffffff;
int x2487 = (int) x2472 & 0x3ffffff;
int x2488 = x258 + x2476;
int x2489 = x259 + x2477;
int x2490 = x260 + x2478;
int x2491 = x261 + x2479;
int x2492 = x262 + x2480;
int x2493 = x263 + x2481;
int x2494 = x264 + x2482;
int x2495 = x267 + x2485;
int x2496 = x268 + x2486;
int x2497 = x269 + x2487;
long x2498 = (long) x570 * (long) x2497;
int x2499 = x2496 * (int) 0x2;
long x2500 = (long) x552 * (long) x2499;
long x2501 = (long) x554 * (long) x2495;
int x2502 = x2494 * (int) 0x2;
long x2503 = (long) x556 * (long) x2502;
long x2504 = (long) x558 * (long) x2493;
int x2505 = x2492 * (int) 0x2;
long x2506 = (long) x560 * (long) x2505;
long x2507 = (long) x562 * (long) x2491;
int x2508 = x2490 * (int) 0x2;
long x2509 = (long) x564 * (long) x2508;
long x2510 = (long) x566 * (long) x2489;
int x2511 = x2488 * (int) 0x2;
long x2512 = (long) x568 * (long) x2511;
long x2513 = x2510 + x2512;
long x2514 = x2509 + x2513;
long x2515 = x2507 + x2514;
long x2516 = x2506 + x2515;
long x2517 = x2504 + x2516;
long x2518 = x2503 + x2517;
long x2519 = x2501 + x2518;
long x2520 = x2500 + x2519;
long x2521 = (long) 0x13 * x2520;
long x2522 = x2498 + x2521;
long x2523 = (long) (x2522 >> 0x1a);
long x2524 = (long) x568 * (long) x2497;
long x2525 = (long) x570 * (long) x2496;
long x2526 = x2524 + x2525;
long x2527 = (long) x552 * (long) x2495;
long x2528 = (long) x554 * (long) x2494;
long x2529 = (long) x556 * (long) x2493;
long x2530 = (long) x558 * (long) x2492;
long x2531 = (long) x560 * (long) x2491;
long x2532 = (long) x562 * (long) x2490;
long x2533 = (long) x564 * (long) x2489;
long x2534 = (long) x566 * (long) x2488;
long x2535 = x2533 + x2534;
long x2536 = x2532 + x2535;
long x2537 = x2531 + x2536;
long x2538 = x2530 + x2537;
long x2539 = x2529 + x2538;
long x2540 = x2528 + x2539;
long x2541 = x2527 + x2540;
long x2542 = (long) 0x13 * x2541;
long x2543 = x2526 + x2542;
long x2544 = x2523 + x2543;
long x2545 = (long) (x2544 >> 0x19);
long x2546 = (long) x566 * (long) x2497;
int x2547 = x2496 * (int) 0x2;
long x2548 = (long) x568 * (long) x2547;
long x2549 = (long) x570 * (long) x2495;
long x2550 = x2548 + x2549;
long x2551 = x2546 + x2550;
int x2552 = x2494 * (int) 0x2;
long x2553 = (long) x552 * (long) x2552;
long x2554 = (long) x554 * (long) x2493;
int x2555 = x2492 * (int) 0x2;
long x2556 = (long) x556 * (long) x2555;
long x2557 = (long) x558 * (long) x2491;
int x2558 = x2490 * (int) 0x2;
long x2559 = (long) x560 * (long) x2558;
long x2560 = (long) x562 * (long) x2489;
int x2561 = x2488 * (int) 0x2;
long x2562 = (long) x564 * (long) x2561;
long x2563 = x2560 + x2562;
long x2564 = x2559 + x2563;
long x2565 = x2557 + x2564;
long x2566 = x2556 + x2565;
long x2567 = x2554 + x2566;
long x2568 = x2553 + x2567;
long x2569 = (long) 0x13 * x2568;
long x2570 = x2551 + x2569;
long x2571 = x2545 + x2570;
long x2572 = (long) (x2571 >> 0x1a);
long x2573 = (long) x564 * (long) x2497;
long x2574 = (long) x566 * (long) x2496;
long x2575 = (long) x568 * (long) x2495;
long x2576 = (long) x570 * (long) x2494;
long x2577 = x2575 + x2576;
long x2578 = x2574 + x2577;
long x2579 = x2573 + x2578;
long x2580 = (long) x552 * (long) x2493;
long x2581 = (long) x554 * (long) x2492;
long x2582 = (long) x556 * (long) x2491;
long x2583 = (long) x558 * (long) x2490;
long x2584 = (long) x560 * (long) x2489;
long x2585 = (long) x562 * (long) x2488;
long x2586 = x2584 + x2585;
long x2587 = x2583 + x2586;
long x2588 = x2582 + x2587;
long x2589 = x2581 + x2588;
long x2590 = x2580 + x2589;
long x2591 = (long) 0x13 * x2590;
long x2592 = x2579 + x2591;
long x2593 = x2572 + x2592;
long x2594 = (long) (x2593 >> 0x19);
long x2595 = (long) x562 * (long) x2497;
int x2596 = x2496 * (int) 0x2;
long x2597 = (long) x564 * (long) x2596;
long x2598 = (long) x566 * (long) x2495;
int x2599 = x2494 * (int) 0x2;
long x2600 = (long) x568 * (long) x2599;
long x2601 = (long) x570 * (long) x2493;
long x2602 = x2600 + x2601;
long x2603 = x2598 + x2602;
long x2604 = x2597 + x2603;
long x2605 = x2595 + x2604;
int x2606 = x2492 * (int) 0x2;
long x2607 = (long) x552 * (long) x2606;
long x2608 = (long) x554 * (long) x2491;
int x2609 = x2490 * (int) 0x2;
long x2610 = (long) x556 * (long) x2609;
long x2611 = (long) x558 * (long) x2489;
int x2612 = x2488 * (int) 0x2;
long x2613 = (long) x560 * (long) x2612;
long x2614 = x2611 + x2613;
long x2615 = x2610 + x2614;
long x2616 = x2608 + x2615;
long x2617 = x2607 + x2616;
long x2618 = (long) 0x13 * x2617;
long x2619 = x2605 + x2618;
long x2620 = x2594 + x2619;
long x2621 = (long) (x2620 >> 0x1a);
long x2622 = (long) x560 * (long) x2497;
long x2623 = (long) x562 * (long) x2496;
long x2624 = (long) x564 * (long) x2495;
long x2625 = (long) x566 * (long) x2494;
long x2626 = (long) x568 * (long) x2493;
long x2627 = (long) x570 * (long) x2492;
long x2628 = x2626 + x2627;
long x2629 = x2625 + x2628;
long x2630 = x2624 + x2629;
long x2631 = x2623 + x2630;
long x2632 = x2622 + x2631;
long x2633 = (long) x552 * (long) x2491;
long x2634 = (long) x554 * (long) x2490;
long x2635 = (long) x556 * (long) x2489;
long x2636 = (long) x558 * (long) x2488;
long x2637 = x2635 + x2636;
long x2638 = x2634 + x2637;
long x2639 = x2633 + x2638;
long x2640 = (long) 0x13 * x2639;
long x2641 = x2632 + x2640;
long x2642 = x2621 + x2641;
long x2643 = (long) (x2642 >> 0x19);
long x2644 = (long) x558 * (long) x2497;
int x2645 = x2496 * (int) 0x2;
long x2646 = (long) x560 * (long) x2645;
long x2647 = (long) x562 * (long) x2495;
int x2648 = x2494 * (int) 0x2;
long x2649 = (long) x564 * (long) x2648;
long x2650 = (long) x566 * (long) x2493;
int x2651 = x2492 * (int) 0x2;
long x2652 = (long) x568 * (long) x2651;
long x2653 = (long) x570 * (long) x2491;
long x2654 = x2652 + x2653;
long x2655 = x2650 + x2654;
long x2656 = x2649 + x2655;
long x2657 = x2647 + x2656;
long x2658 = x2646 + x2657;
long x2659 = x2644 + x2658;
int x2660 = x2490 * (int) 0x2;
long x2661 = (long) x552 * (long) x2660;
long x2662 = (long) x554 * (long) x2489;
int x2663 = x2488 * (int) 0x2;
long x2664 = (long) x556 * (long) x2663;
long x2665 = x2662 + x2664;
long x2666 = x2661 + x2665;
long x2667 = (long) 0x13 * x2666;
long x2668 = x2659 + x2667;
long x2669 = x2643 + x2668;
long x2670 = (long) (x2669 >> 0x1a);
long x2671 = (long) x556 * (long) x2497;
long x2672 = (long) x558 * (long) x2496;
long x2673 = (long) x560 * (long) x2495;
long x2674 = (long) x562 * (long) x2494;
long x2675 = (long) x564 * (long) x2493;
long x2676 = (long) x566 * (long) x2492;
long x2677 = (long) x568 * (long) x2491;
long x2678 = (long) x570 * (long) x2490;
long x2679 = x2677 + x2678;
long x2680 = x2676 + x2679;
long x2681 = x2675 + x2680;
long x2682 = x2674 + x2681;
long x2683 = x2673 + x2682;
long x2684 = x2672 + x2683;
long x2685 = x2671 + x2684;
long x2686 = (long) x552 * (long) x2489;
long x2687 = (long) x554 * (long) x2488;
long x2688 = x2686 + x2687;
long x2689 = (long) 0x13 * x2688;
long x2690 = x2685 + x2689;
long x2691 = x2670 + x2690;
long x2692 = (long) (x2691 >> 0x19);
long x2693 = (long) x554 * (long) x2497;
int x2694 = x2496 * (int) 0x2;
long x2695 = (long) x556 * (long) x2694;
long x2696 = (long) x558 * (long) x2495;
int x2697 = x2494 * (int) 0x2;
long x2698 = (long) x560 * (long) x2697;
long x2699 = (long) x562 * (long) x2493;
int x2700 = x2492 * (int) 0x2;
long x2701 = (long) x564 * (long) x2700;
long x2702 = (long) x566 * (long) x2491;
int x2703 = x2490 * (int) 0x2;
long x2704 = (long) x568 * (long) x2703;
long x2705 = (long) x570 * (long) x2489;
long x2706 = x2704 + x2705;
long x2707 = x2702 + x2706;
long x2708 = x2701 + x2707;
long x2709 = x2699 + x2708;
long x2710 = x2698 + x2709;
long x2711 = x2696 + x2710;
long x2712 = x2695 + x2711;
long x2713 = x2693 + x2712;
int x2714 = x2488 * (int) 0x2;
long x2715 = (long) x552 * (long) x2714;
long x2716 = (long) 0x13 * x2715;
long x2717 = x2713 + x2716;
long x2718 = x2692 + x2717;
long x2719 = (long) (x2718 >> 0x1a);
long x2720 = (long) x552 * (long) x2497;
long x2721 = (long) x554 * (long) x2496;
long x2722 = (long) x556 * (long) x2495;
long x2723 = (long) x558 * (long) x2494;
long x2724 = (long) x560 * (long) x2493;
long x2725 = (long) x562 * (long) x2492;
long x2726 = (long) x564 * (long) x2491;
long x2727 = (long) x566 * (long) x2490;
long x2728 = (long) x568 * (long) x2489;
long x2729 = (long) x570 * (long) x2488;
long x2730 = x2728 + x2729;
long x2731 = x2727 + x2730;
long x2732 = x2726 + x2731;
long x2733 = x2725 + x2732;
long x2734 = x2724 + x2733;
long x2735 = x2723 + x2734;
long x2736 = x2722 + x2735;
long x2737 = x2721 + x2736;
long x2738 = x2720 + x2737;
long x2739 = x2719 + x2738;
int x2740 = (int) (x2739 >> 0x19);
long x2741 = (long) 0x13 * (long) x2740;
int x2742 = (int) x2522 & 0x3ffffff;
long x2743 = x2741 + (long) x2742;
int x2744 = (int) (x2743 >> 0x1a);
int x2745 = (int) x2544 & 0x1ffffff;
int x2746 = (int) x2744 + x2745;
int x2747 = (int) x2739 & 0x1ffffff;
int x2748 = (int) x2718 & 0x3ffffff;
int x2749 = (int) x2691 & 0x1ffffff;
int x2750 = (int) x2669 & 0x3ffffff;
int x2751 = (int) x2642 & 0x1ffffff;
int x2752 = (int) x2620 & 0x3ffffff;
int x2753 = (int) x2593 & 0x1ffffff;
int x2754 = (int) (x2746 >> 0x19);
int x2755 = (int) x2571 & 0x3ffffff;
int x2756 = (int) x2754 + x2755;
int x2757 = x2746 & 0x1ffffff;
int x2758 = (int) x2743 & 0x3ffffff;
(Return x2215, Return x2216, Return x2217, Return x2218, 
Return x2219, Return x2220, Return x2221, Return x2224, 
Return x2225, Return x2226,
(Return x2747, Return x2748, Return x2749, Return x2750, 
Return x2751, Return x2752, Return x2753, Return x2756, 
Return x2757, Return x2758),
(Return x1392, Return x1393, Return x1394, Return x1395, 
Return x1396, Return x1397, Return x1398, Return x1401, 
Return x1402, Return x1403),
(Return x1954, Return x1955, Return x1956, Return x1957, 
Return x1958, Return x1959, Return x1960, Return x1963, 
Return x1964, Return x1965))
     : Java_like
