rmulW = 
fun var : Syntax.base_type -> Type =>
λ
'(n19, n20, n18, n16, n14, n12, n10, n8, n6, n4,
 (n37, n38, n36, n34, n32, n30, n28, n26, n24, n22))%core,
uint64_t x = (uint64_t) n4 * (uint64_t) n22;
uint32_t x0 = n24 * (uint32_t) 0x2;
uint64_t x1 = (uint64_t) n19 * (uint64_t) x0;
uint64_t x2 = (uint64_t) n20 * (uint64_t) n26;
uint32_t x3 = n28 * (uint32_t) 0x2;
uint64_t x4 = (uint64_t) n18 * (uint64_t) x3;
uint64_t x5 = (uint64_t) n16 * (uint64_t) n30;
uint32_t x6 = n32 * (uint32_t) 0x2;
uint64_t x7 = (uint64_t) n14 * (uint64_t) x6;
uint64_t x8 = (uint64_t) n12 * (uint64_t) n34;
uint32_t x9 = n36 * (uint32_t) 0x2;
uint64_t x10 = (uint64_t) n10 * (uint64_t) x9;
uint64_t x11 = (uint64_t) n8 * (uint64_t) n38;
uint32_t x12 = n37 * (uint32_t) 0x2;
uint64_t x13 = (uint64_t) n6 * (uint64_t) x12;
uint64_t x14 = x11 + x13;
uint64_t x15 = x10 + x14;
uint64_t x16 = x8 + x15;
uint64_t x17 = x7 + x16;
uint64_t x18 = x5 + x17;
uint64_t x19 = x4 + x18;
uint64_t x20 = x2 + x19;
uint64_t x21 = x1 + x20;
uint64_t x22 = (uint64_t) 0x13 * x21;
uint64_t x23 = x + x22;
uint64_t x24 = (uint64_t) (x23 >> 0x1a);
uint64_t x25 = (uint64_t) n6 * (uint64_t) n22;
uint64_t x26 = (uint64_t) n4 * (uint64_t) n24;
uint64_t x27 = x25 + x26;
uint64_t x28 = (uint64_t) n19 * (uint64_t) n26;
uint64_t x29 = (uint64_t) n20 * (uint64_t) n28;
uint64_t x30 = (uint64_t) n18 * (uint64_t) n30;
uint64_t x31 = (uint64_t) n16 * (uint64_t) n32;
uint64_t x32 = (uint64_t) n14 * (uint64_t) n34;
uint64_t x33 = (uint64_t) n12 * (uint64_t) n36;
uint64_t x34 = (uint64_t) n10 * (uint64_t) n38;
uint64_t x35 = (uint64_t) n8 * (uint64_t) n37;
uint64_t x36 = x34 + x35;
uint64_t x37 = x33 + x36;
uint64_t x38 = x32 + x37;
uint64_t x39 = x31 + x38;
uint64_t x40 = x30 + x39;
uint64_t x41 = x29 + x40;
uint64_t x42 = x28 + x41;
uint64_t x43 = (uint64_t) 0x13 * x42;
uint64_t x44 = x27 + x43;
uint64_t x45 = x24 + x44;
uint64_t x46 = (uint64_t) (x45 >> 0x19);
uint64_t x47 = (uint64_t) n8 * (uint64_t) n22;
uint32_t x48 = n24 * (uint32_t) 0x2;
uint64_t x49 = (uint64_t) n6 * (uint64_t) x48;
uint64_t x50 = (uint64_t) n4 * (uint64_t) n26;
uint64_t x51 = x49 + x50;
uint64_t x52 = x47 + x51;
uint32_t x53 = n28 * (uint32_t) 0x2;
uint64_t x54 = (uint64_t) n19 * (uint64_t) x53;
uint64_t x55 = (uint64_t) n20 * (uint64_t) n30;
uint32_t x56 = n32 * (uint32_t) 0x2;
uint64_t x57 = (uint64_t) n18 * (uint64_t) x56;
uint64_t x58 = (uint64_t) n16 * (uint64_t) n34;
uint32_t x59 = n36 * (uint32_t) 0x2;
uint64_t x60 = (uint64_t) n14 * (uint64_t) x59;
uint64_t x61 = (uint64_t) n12 * (uint64_t) n38;
uint32_t x62 = n37 * (uint32_t) 0x2;
uint64_t x63 = (uint64_t) n10 * (uint64_t) x62;
uint64_t x64 = x61 + x63;
uint64_t x65 = x60 + x64;
uint64_t x66 = x58 + x65;
uint64_t x67 = x57 + x66;
uint64_t x68 = x55 + x67;
uint64_t x69 = x54 + x68;
uint64_t x70 = (uint64_t) 0x13 * x69;
uint64_t x71 = x52 + x70;
uint64_t x72 = x46 + x71;
uint64_t x73 = (uint64_t) (x72 >> 0x1a);
uint64_t x74 = (uint64_t) n10 * (uint64_t) n22;
uint64_t x75 = (uint64_t) n8 * (uint64_t) n24;
uint64_t x76 = (uint64_t) n6 * (uint64_t) n26;
uint64_t x77 = (uint64_t) n4 * (uint64_t) n28;
uint64_t x78 = x76 + x77;
uint64_t x79 = x75 + x78;
uint64_t x80 = x74 + x79;
uint64_t x81 = (uint64_t) n19 * (uint64_t) n30;
uint64_t x82 = (uint64_t) n20 * (uint64_t) n32;
uint64_t x83 = (uint64_t) n18 * (uint64_t) n34;
uint64_t x84 = (uint64_t) n16 * (uint64_t) n36;
uint64_t x85 = (uint64_t) n14 * (uint64_t) n38;
uint64_t x86 = (uint64_t) n12 * (uint64_t) n37;
uint64_t x87 = x85 + x86;
uint64_t x88 = x84 + x87;
uint64_t x89 = x83 + x88;
uint64_t x90 = x82 + x89;
uint64_t x91 = x81 + x90;
uint64_t x92 = (uint64_t) 0x13 * x91;
uint64_t x93 = x80 + x92;
uint64_t x94 = x73 + x93;
uint64_t x95 = (uint64_t) (x94 >> 0x19);
uint64_t x96 = (uint64_t) n12 * (uint64_t) n22;
uint32_t x97 = n24 * (uint32_t) 0x2;
uint64_t x98 = (uint64_t) n10 * (uint64_t) x97;
uint64_t x99 = (uint64_t) n8 * (uint64_t) n26;
uint32_t x100 = n28 * (uint32_t) 0x2;
uint64_t x101 = (uint64_t) n6 * (uint64_t) x100;
uint64_t x102 = (uint64_t) n4 * (uint64_t) n30;
uint64_t x103 = x101 + x102;
uint64_t x104 = x99 + x103;
uint64_t x105 = x98 + x104;
uint64_t x106 = x96 + x105;
uint32_t x107 = n32 * (uint32_t) 0x2;
uint64_t x108 = (uint64_t) n19 * (uint64_t) x107;
uint64_t x109 = (uint64_t) n20 * (uint64_t) n34;
uint32_t x110 = n36 * (uint32_t) 0x2;
uint64_t x111 = (uint64_t) n18 * (uint64_t) x110;
uint64_t x112 = (uint64_t) n16 * (uint64_t) n38;
uint32_t x113 = n37 * (uint32_t) 0x2;
uint64_t x114 = (uint64_t) n14 * (uint64_t) x113;
uint64_t x115 = x112 + x114;
uint64_t x116 = x111 + x115;
uint64_t x117 = x109 + x116;
uint64_t x118 = x108 + x117;
uint64_t x119 = (uint64_t) 0x13 * x118;
uint64_t x120 = x106 + x119;
uint64_t x121 = x95 + x120;
uint64_t x122 = (uint64_t) (x121 >> 0x1a);
uint64_t x123 = (uint64_t) n14 * (uint64_t) n22;
uint64_t x124 = (uint64_t) n12 * (uint64_t) n24;
uint64_t x125 = (uint64_t) n10 * (uint64_t) n26;
uint64_t x126 = (uint64_t) n8 * (uint64_t) n28;
uint64_t x127 = (uint64_t) n6 * (uint64_t) n30;
uint64_t x128 = (uint64_t) n4 * (uint64_t) n32;
uint64_t x129 = x127 + x128;
uint64_t x130 = x126 + x129;
uint64_t x131 = x125 + x130;
uint64_t x132 = x124 + x131;
uint64_t x133 = x123 + x132;
uint64_t x134 = (uint64_t) n19 * (uint64_t) n34;
uint64_t x135 = (uint64_t) n20 * (uint64_t) n36;
uint64_t x136 = (uint64_t) n18 * (uint64_t) n38;
uint64_t x137 = (uint64_t) n16 * (uint64_t) n37;
uint64_t x138 = x136 + x137;
uint64_t x139 = x135 + x138;
uint64_t x140 = x134 + x139;
uint64_t x141 = (uint64_t) 0x13 * x140;
uint64_t x142 = x133 + x141;
uint64_t x143 = x122 + x142;
uint64_t x144 = (uint64_t) (x143 >> 0x19);
uint64_t x145 = (uint64_t) n16 * (uint64_t) n22;
uint32_t x146 = n24 * (uint32_t) 0x2;
uint64_t x147 = (uint64_t) n14 * (uint64_t) x146;
uint64_t x148 = (uint64_t) n12 * (uint64_t) n26;
uint32_t x149 = n28 * (uint32_t) 0x2;
uint64_t x150 = (uint64_t) n10 * (uint64_t) x149;
uint64_t x151 = (uint64_t) n8 * (uint64_t) n30;
uint32_t x152 = n32 * (uint32_t) 0x2;
uint64_t x153 = (uint64_t) n6 * (uint64_t) x152;
uint64_t x154 = (uint64_t) n4 * (uint64_t) n34;
uint64_t x155 = x153 + x154;
uint64_t x156 = x151 + x155;
uint64_t x157 = x150 + x156;
uint64_t x158 = x148 + x157;
uint64_t x159 = x147 + x158;
uint64_t x160 = x145 + x159;
uint32_t x161 = n36 * (uint32_t) 0x2;
uint64_t x162 = (uint64_t) n19 * (uint64_t) x161;
uint64_t x163 = (uint64_t) n20 * (uint64_t) n38;
uint32_t x164 = n37 * (uint32_t) 0x2;
uint64_t x165 = (uint64_t) n18 * (uint64_t) x164;
uint64_t x166 = x163 + x165;
uint64_t x167 = x162 + x166;
uint64_t x168 = (uint64_t) 0x13 * x167;
uint64_t x169 = x160 + x168;
uint64_t x170 = x144 + x169;
uint32_t x171 = (uint32_t) (x170 >> 0x1a);
uint64_t x172 = (uint64_t) n18 * (uint64_t) n22;
uint64_t x173 = (uint64_t) n16 * (uint64_t) n24;
uint64_t x174 = (uint64_t) n14 * (uint64_t) n26;
uint64_t x175 = (uint64_t) n12 * (uint64_t) n28;
uint64_t x176 = (uint64_t) n10 * (uint64_t) n30;
uint64_t x177 = (uint64_t) n8 * (uint64_t) n32;
uint64_t x178 = (uint64_t) n6 * (uint64_t) n34;
uint64_t x179 = (uint64_t) n4 * (uint64_t) n36;
uint64_t x180 = x178 + x179;
uint64_t x181 = x177 + x180;
uint64_t x182 = x176 + x181;
uint64_t x183 = x175 + x182;
uint64_t x184 = x174 + x183;
uint64_t x185 = x173 + x184;
uint64_t x186 = x172 + x185;
uint64_t x187 = (uint64_t) n19 * (uint64_t) n38;
uint64_t x188 = (uint64_t) n20 * (uint64_t) n37;
uint64_t x189 = x187 + x188;
uint64_t x190 = (uint64_t) 0x13 * x189;
uint64_t x191 = x186 + x190;
uint64_t x192 = (uint64_t) x171 + x191;
uint32_t x193 = (uint32_t) (x192 >> 0x19);
uint64_t x194 = (uint64_t) n20 * (uint64_t) n22;
uint32_t x195 = n24 * (uint32_t) 0x2;
uint64_t x196 = (uint64_t) n18 * (uint64_t) x195;
uint64_t x197 = (uint64_t) n16 * (uint64_t) n26;
uint32_t x198 = n28 * (uint32_t) 0x2;
uint64_t x199 = (uint64_t) n14 * (uint64_t) x198;
uint64_t x200 = (uint64_t) n12 * (uint64_t) n30;
uint32_t x201 = n32 * (uint32_t) 0x2;
uint64_t x202 = (uint64_t) n10 * (uint64_t) x201;
uint64_t x203 = (uint64_t) n8 * (uint64_t) n34;
uint32_t x204 = n36 * (uint32_t) 0x2;
uint64_t x205 = (uint64_t) n6 * (uint64_t) x204;
uint64_t x206 = (uint64_t) n4 * (uint64_t) n38;
uint64_t x207 = x205 + x206;
uint64_t x208 = x203 + x207;
uint64_t x209 = x202 + x208;
uint64_t x210 = x200 + x209;
uint64_t x211 = x199 + x210;
uint64_t x212 = x197 + x211;
uint64_t x213 = x196 + x212;
uint64_t x214 = x194 + x213;
uint32_t x215 = n37 * (uint32_t) 0x2;
uint64_t x216 = (uint64_t) n19 * (uint64_t) x215;
uint64_t x217 = (uint64_t) 0x13 * x216;
uint64_t x218 = x214 + x217;
uint64_t x219 = (uint64_t) x193 + x218;
uint32_t x220 = (uint32_t) (x219 >> 0x1a);
uint64_t x221 = (uint64_t) n19 * (uint64_t) n22;
uint64_t x222 = (uint64_t) n20 * (uint64_t) n24;
uint64_t x223 = (uint64_t) n18 * (uint64_t) n26;
uint64_t x224 = (uint64_t) n16 * (uint64_t) n28;
uint64_t x225 = (uint64_t) n14 * (uint64_t) n30;
uint64_t x226 = (uint64_t) n12 * (uint64_t) n32;
uint64_t x227 = (uint64_t) n10 * (uint64_t) n34;
uint64_t x228 = (uint64_t) n8 * (uint64_t) n36;
uint64_t x229 = (uint64_t) n6 * (uint64_t) n38;
uint64_t x230 = (uint64_t) n4 * (uint64_t) n37;
uint64_t x231 = x229 + x230;
uint64_t x232 = x228 + x231;
uint64_t x233 = x227 + x232;
uint64_t x234 = x226 + x233;
uint64_t x235 = x225 + x234;
uint64_t x236 = x224 + x235;
uint64_t x237 = x223 + x236;
uint64_t x238 = x222 + x237;
uint64_t x239 = x221 + x238;
uint64_t x240 = (uint64_t) x220 + x239;
uint32_t x241 = (uint32_t) (x240 >> 0x19);
uint64_t x242 = (uint64_t) 0x13 * (uint64_t) x241;
uint32_t x243 = (uint32_t) x23 & 0x3ffffff;
uint64_t x244 = x242 + (uint64_t) x243;
uint8_t x245 = (uint8_t) (x244 >> 0x1a);
uint32_t x246 = (uint32_t) x45 & 0x1ffffff;
uint32_t x247 = (uint32_t) x245 + x246;
uint32_t x248 = (uint32_t) x240 & 0x1ffffff;
uint32_t x249 = (uint32_t) x219 & 0x3ffffff;
uint32_t x250 = (uint32_t) x192 & 0x1ffffff;
uint32_t x251 = (uint32_t) x170 & 0x3ffffff;
uint32_t x252 = (uint32_t) x143 & 0x1ffffff;
uint32_t x253 = (uint32_t) x121 & 0x3ffffff;
uint32_t x254 = (uint32_t) x94 & 0x1ffffff;
bool x255 = (bool) (x247 >> 0x19);
uint32_t x256 = (uint32_t) x72 & 0x3ffffff;
uint32_t x257 = (uint32_t) x255 + x256;
uint32_t x258 = x247 & 0x1ffffff;
uint32_t x259 = (uint32_t) x244 & 0x3ffffff;
(Return x248, Return x249, Return x250, Return x251, 
Return x252, Return x253, Return x254, Return x257, 
Return x258, Return x259)
     : C_like
