rmulW = 
fun var : base_type -> Type =>
λ
x x0 x1 x2 x3 x4 x5 x6 x7 x8 x9 x10 x11 x12 x13 x14 x15 x16 x17
 x18 : var (TWord 5),
long x19 = (M32 & x8) * x18;
int x20 = x17 * 0b10;
long x21 = (M32 & x) * x20;
long x22 = (M32 & x0) * x16;
int x23 = x15 * 0b10;
long x24 = (M32 & x1) * x23;
long x25 = (M32 & x2) * x14;
int x26 = x13 * 0b10;
long x27 = (M32 & x3) * x26;
long x28 = (M32 & x4) * x12;
int x29 = x11 * 0b10;
long x30 = (M32 & x5) * x29;
long x31 = (M32 & x6) * x10;
int x32 = x9 * 0b10;
long x33 = (M32 & x7) * x32;
long x34 = x31 + x33;
long x35 = x30 + x34;
long x36 = x28 + x35;
long x37 = x27 + x36;
long x38 = x25 + x37;
long x39 = x24 + x38;
long x40 = x22 + x39;
long x41 = x21 + x40;
long x42 = 0b00010011 * x41;
long x43 = x19 + x42;
long x44 = x43 >>> 0b00011010;
long x45 = (M32 & x7) * x18;
long x46 = (M32 & x8) * x17;
long x47 = x45 + x46;
long x48 = (M32 & x) * x16;
long x49 = (M32 & x0) * x15;
long x50 = (M32 & x1) * x14;
long x51 = (M32 & x2) * x13;
long x52 = (M32 & x3) * x12;
long x53 = (M32 & x4) * x11;
long x54 = (M32 & x5) * x10;
long x55 = (M32 & x6) * x9;
long x56 = x54 + x55;
long x57 = x53 + x56;
long x58 = x52 + x57;
long x59 = x51 + x58;
long x60 = x50 + x59;
long x61 = x49 + x60;
long x62 = x48 + x61;
long x63 = 0b00010011 * x62;
long x64 = x47 + x63;
long x65 = x44 + x64;
long x66 = x65 >>> 0b00011001;
long x67 = (M32 & x6) * x18;
int x68 = x17 * 0b10;
long x69 = (M32 & x7) * x68;
long x70 = (M32 & x8) * x16;
long x71 = x69 + x70;
long x72 = x67 + x71;
int x73 = x15 * 0b10;
long x74 = (M32 & x) * x73;
long x75 = (M32 & x0) * x14;
int x76 = x13 * 0b10;
long x77 = (M32 & x1) * x76;
long x78 = (M32 & x2) * x12;
int x79 = x11 * 0b10;
long x80 = (M32 & x3) * x79;
long x81 = (M32 & x4) * x10;
int x82 = x9 * 0b10;
long x83 = (M32 & x5) * x82;
long x84 = x81 + x83;
long x85 = x80 + x84;
long x86 = x78 + x85;
long x87 = x77 + x86;
long x88 = x75 + x87;
long x89 = x74 + x88;
long x90 = 0b00010011 * x89;
long x91 = x72 + x90;
long x92 = x66 + x91;
long x93 = x92 >>> 0b00011010;
long x94 = (M32 & x5) * x18;
long x95 = (M32 & x6) * x17;
long x96 = (M32 & x7) * x16;
long x97 = (M32 & x8) * x15;
long x98 = x96 + x97;
long x99 = x95 + x98;
long x100 = x94 + x99;
long x101 = (M32 & x) * x14;
long x102 = (M32 & x0) * x13;
long x103 = (M32 & x1) * x12;
long x104 = (M32 & x2) * x11;
long x105 = (M32 & x3) * x10;
long x106 = (M32 & x4) * x9;
long x107 = x105 + x106;
long x108 = x104 + x107;
long x109 = x103 + x108;
long x110 = x102 + x109;
long x111 = x101 + x110;
long x112 = 0b00010011 * x111;
long x113 = x100 + x112;
long x114 = x93 + x113;
long x115 = x114 >>> 0b00011001;
long x116 = (M32 & x4) * x18;
int x117 = x17 * 0b10;
long x118 = (M32 & x5) * x117;
long x119 = (M32 & x6) * x16;
int x120 = x15 * 0b10;
long x121 = (M32 & x7) * x120;
long x122 = (M32 & x8) * x14;
long x123 = x121 + x122;
long x124 = x119 + x123;
long x125 = x118 + x124;
long x126 = x116 + x125;
int x127 = x13 * 0b10;
long x128 = (M32 & x) * x127;
long x129 = (M32 & x0) * x12;
int x130 = x11 * 0b10;
long x131 = (M32 & x1) * x130;
long x132 = (M32 & x2) * x10;
int x133 = x9 * 0b10;
long x134 = (M32 & x3) * x133;
long x135 = x132 + x134;
long x136 = x131 + x135;
long x137 = x129 + x136;
long x138 = x128 + x137;
long x139 = 0b00010011 * x138;
long x140 = x126 + x139;
long x141 = x115 + x140;
long x142 = x141 >>> 0b00011010;
long x143 = (M32 & x3) * x18;
long x144 = (M32 & x4) * x17;
long x145 = (M32 & x5) * x16;
long x146 = (M32 & x6) * x15;
long x147 = (M32 & x7) * x14;
long x148 = (M32 & x8) * x13;
long x149 = x147 + x148;
long x150 = x146 + x149;
long x151 = x145 + x150;
long x152 = x144 + x151;
long x153 = x143 + x152;
long x154 = (M32 & x) * x12;
long x155 = (M32 & x0) * x11;
long x156 = (M32 & x1) * x10;
long x157 = (M32 & x2) * x9;
long x158 = x156 + x157;
long x159 = x155 + x158;
long x160 = x154 + x159;
long x161 = 0b00010011 * x160;
long x162 = x153 + x161;
long x163 = x142 + x162;
long x164 = x163 >>> 0b00011001;
long x165 = (M32 & x2) * x18;
int x166 = x17 * 0b10;
long x167 = (M32 & x3) * x166;
long x168 = (M32 & x4) * x16;
int x169 = x15 * 0b10;
long x170 = (M32 & x5) * x169;
long x171 = (M32 & x6) * x14;
int x172 = x13 * 0b10;
long x173 = (M32 & x7) * x172;
long x174 = (M32 & x8) * x12;
long x175 = x173 + x174;
long x176 = x171 + x175;
long x177 = x170 + x176;
long x178 = x168 + x177;
long x179 = x167 + x178;
long x180 = x165 + x179;
int x181 = x11 * 0b10;
long x182 = (M32 & x) * x181;
long x183 = (M32 & x0) * x10;
int x184 = x9 * 0b10;
long x185 = (M32 & x1) * x184;
long x186 = x183 + x185;
long x187 = x182 + x186;
long x188 = 0b00010011 * x187;
long x189 = x180 + x188;
long x190 = x164 + x189;
int x191 = (int) (x190 >>> 0b00011010);
long x192 = (M32 & x1) * x18;
long x193 = (M32 & x2) * x17;
long x194 = (M32 & x3) * x16;
long x195 = (M32 & x4) * x15;
long x196 = (M32 & x5) * x14;
long x197 = (M32 & x6) * x13;
long x198 = (M32 & x7) * x12;
long x199 = (M32 & x8) * x11;
long x200 = x198 + x199;
long x201 = x197 + x200;
long x202 = x196 + x201;
long x203 = x195 + x202;
long x204 = x194 + x203;
long x205 = x193 + x204;
long x206 = x192 + x205;
long x207 = (M32 & x) * x10;
long x208 = (M32 & x0) * x9;
long x209 = x207 + x208;
long x210 = 0b00010011 * x209;
long x211 = x206 + x210;
long x212 = x191 + x211;
int x213 = (int) (x212 >>> 0b00011001);
long x214 = (M32 & x0) * x18;
int x215 = x17 * 0b10;
long x216 = (M32 & x1) * x215;
long x217 = (M32 & x2) * x16;
int x218 = x15 * 0b10;
long x219 = (M32 & x3) * x218;
long x220 = (M32 & x4) * x14;
int x221 = x13 * 0b10;
long x222 = (M32 & x5) * x221;
long x223 = (M32 & x6) * x12;
int x224 = x11 * 0b10;
long x225 = (M32 & x7) * x224;
long x226 = (M32 & x8) * x10;
long x227 = x225 + x226;
long x228 = x223 + x227;
long x229 = x222 + x228;
long x230 = x220 + x229;
long x231 = x219 + x230;
long x232 = x217 + x231;
long x233 = x216 + x232;
long x234 = x214 + x233;
int x235 = x9 * 0b10;
long x236 = (M32 & x) * x235;
long x237 = 0b00010011 * x236;
long x238 = x234 + x237;
long x239 = x213 + x238;
int x240 = (int) (x239 >>> 0b00011010);
long x241 = (M32 & x) * x18;
long x242 = (M32 & x0) * x17;
long x243 = (M32 & x1) * x16;
long x244 = (M32 & x2) * x15;
long x245 = (M32 & x3) * x14;
long x246 = (M32 & x4) * x13;
long x247 = (M32 & x5) * x12;
long x248 = (M32 & x6) * x11;
long x249 = (M32 & x7) * x10;
long x250 = (M32 & x8) * x9;
long x251 = x249 + x250;
long x252 = x248 + x251;
long x253 = x247 + x252;
long x254 = x246 + x253;
long x255 = x245 + x254;
long x256 = x244 + x255;
long x257 = x243 + x256;
long x258 = x242 + x257;
long x259 = x241 + x258;
long x260 = x240 + x259;
int x261 = (int) (x260 >>> 0b00011001);
long x262 = (M32 & 0b00010011) * x261;
int x263 = ((int) x43) & 0b00000011111111111111111111111111;
long x264 = x262 + x263;
int x265 = (int) (x264 >>> 0b00011010);
int x266 = ((int) x65) & 0b00000001111111111111111111111111;
int x267 = x265 + x266;
int x268 = ((int) x260) & 0b00000001111111111111111111111111;
int x269 = ((int) x239) & 0b00000011111111111111111111111111;
int x270 = ((int) x212) & 0b00000001111111111111111111111111;
int x271 = ((int) x190) & 0b00000011111111111111111111111111;
int x272 = ((int) x163) & 0b00000001111111111111111111111111;
int x273 = ((int) x141) & 0b00000011111111111111111111111111;
int x274 = ((int) x114) & 0b00000001111111111111111111111111;
int x275 = (int) (x267 >>> 0b00011001);
int x276 = ((int) x92) & 0b00000011111111111111111111111111;
int x277 = x275 + x276;
int x278 = x267 & 0b00000001111111111111111111111111;
int x279 = ((int) x264) & 0b00000011111111111111111111111111;
(Return x268, Return x269, Return x270, Return x271, 
Return x272, Return x273, Return x274, Return x277, 
Return x278, Return x279)
     : Java_like
