mul = λ var : Z.Syntax.base_type → Type,
λ '(x22, x23, x21, x19, x17, x15, x13, x11, x9, x7, x5, x3, (x44, x45, x43, x41, x39, x37, x35, x33, x31, x29, x27, x25))%core,
uint64_t x46 = ((0x2 * ((uint64_t)(x13 + x22) * (x35 + x44))) - (0x2 * ((uint64_t)x13 * x35)));
uint64_t x47 = (((0x2 * ((uint64_t)(x11 + x23) * (x35 + x44))) + (0x2 * ((uint64_t)(x13 + x22) * (x33 + x45)))) - ((0x2 * ((uint64_t)x11 * x35)) + (0x2 * ((uint64_t)x13 * x33))));
uint64_t x48 = (((0x2 * ((uint64_t)(x9 + x21) * (x35 + x44))) + ((0x2 * ((uint64_t)(x11 + x23) * (x33 + x45))) + (0x2 * ((uint64_t)(x13 + x22) * (x31 + x43))))) - ((0x2 * ((uint64_t)x9 * x35)) + ((0x2 * ((uint64_t)x11 * x33)) + (0x2 * ((uint64_t)x13 * x31)))));
uint64_t x49 = (((0x2 * ((uint64_t)(x7 + x19) * (x35 + x44))) + ((0x2 * ((uint64_t)(x9 + x21) * (x33 + x45))) + ((0x2 * ((uint64_t)(x11 + x23) * (x31 + x43))) + (0x2 * ((uint64_t)(x13 + x22) * (x29 + x41)))))) - ((0x2 * ((uint64_t)x7 * x35)) + ((0x2 * ((uint64_t)x9 * x33)) + ((0x2 * ((uint64_t)x11 * x31)) + (0x2 * ((uint64_t)x13 * x29))))));
uint64_t x50 = (((0x2 * ((uint64_t)(x5 + x17) * (x35 + x44))) + ((0x2 * ((uint64_t)(x7 + x19) * (x33 + x45))) + ((0x2 * ((uint64_t)(x9 + x21) * (x31 + x43))) + ((0x2 * ((uint64_t)(x11 + x23) * (x29 + x41))) + (0x2 * ((uint64_t)(x13 + x22) * (x27 + x39))))))) - ((0x2 * ((uint64_t)x5 * x35)) + ((0x2 * ((uint64_t)x7 * x33)) + ((0x2 * ((uint64_t)x9 * x31)) + ((0x2 * ((uint64_t)x11 * x29)) + (0x2 * ((uint64_t)x13 * x27)))))));
uint64_t x51 = ((((uint64_t)(x3 + x15) * (x35 + x44)) + (((uint64_t)(x5 + x17) * (x33 + x45)) + (((uint64_t)(x7 + x19) * (x31 + x43)) + (((uint64_t)(x9 + x21) * (x29 + x41)) + (((uint64_t)(x11 + x23) * (x27 + x39)) + ((uint64_t)(x13 + x22) * (x25 + x37))))))) - (((uint64_t)x3 * x35) + (((uint64_t)x5 * x33) + (((uint64_t)x7 * x31) + (((uint64_t)x9 * x29) + (((uint64_t)x11 * x27) + ((uint64_t)x13 * x25)))))));
uint64_t x52 = (((0x2 * ((uint64_t)x13 * x35)) + (0x2 * ((uint64_t)x22 * x44))) + ((((uint64_t)(x3 + x15) * (x33 + x45)) + (((uint64_t)(x5 + x17) * (x31 + x43)) + (((uint64_t)(x7 + x19) * (x29 + x41)) + (((uint64_t)(x9 + x21) * (x27 + x39)) + ((uint64_t)(x11 + x23) * (x25 + x37)))))) - (((uint64_t)x3 * x33) + (((uint64_t)x5 * x31) + (((uint64_t)x7 * x29) + (((uint64_t)x9 * x27) + ((uint64_t)x11 * x25)))))));
uint64_t x53 = ((((0x2 * ((uint64_t)x11 * x35)) + (0x2 * ((uint64_t)x13 * x33))) + ((0x2 * ((uint64_t)x23 * x44)) + (0x2 * ((uint64_t)x22 * x45)))) + ((((uint64_t)(x3 + x15) * (x31 + x43)) + (((uint64_t)(x5 + x17) * (x29 + x41)) + (((uint64_t)(x7 + x19) * (x27 + x39)) + ((uint64_t)(x9 + x21) * (x25 + x37))))) - (((uint64_t)x3 * x31) + (((uint64_t)x5 * x29) + (((uint64_t)x7 * x27) + ((uint64_t)x9 * x25))))));
uint64_t x54 = ((((0x2 * ((uint64_t)x9 * x35)) + ((0x2 * ((uint64_t)x11 * x33)) + (0x2 * ((uint64_t)x13 * x31)))) + ((0x2 * ((uint64_t)x21 * x44)) + ((0x2 * ((uint64_t)x23 * x45)) + (0x2 * ((uint64_t)x22 * x43))))) + ((((uint64_t)(x3 + x15) * (x29 + x41)) + (((uint64_t)(x5 + x17) * (x27 + x39)) + ((uint64_t)(x7 + x19) * (x25 + x37)))) - (((uint64_t)x3 * x29) + (((uint64_t)x5 * x27) + ((uint64_t)x7 * x25)))));
uint64_t x55 = ((((0x2 * ((uint64_t)x7 * x35)) + ((0x2 * ((uint64_t)x9 * x33)) + ((0x2 * ((uint64_t)x11 * x31)) + (0x2 * ((uint64_t)x13 * x29))))) + ((0x2 * ((uint64_t)x19 * x44)) + ((0x2 * ((uint64_t)x21 * x45)) + ((0x2 * ((uint64_t)x23 * x43)) + (0x2 * ((uint64_t)x22 * x41)))))) + ((((uint64_t)(x3 + x15) * (x27 + x39)) + ((uint64_t)(x5 + x17) * (x25 + x37))) - (((uint64_t)x3 * x27) + ((uint64_t)x5 * x25))));
uint64_t x56 = ((((0x2 * ((uint64_t)x5 * x35)) + ((0x2 * ((uint64_t)x7 * x33)) + ((0x2 * ((uint64_t)x9 * x31)) + ((0x2 * ((uint64_t)x11 * x29)) + (0x2 * ((uint64_t)x13 * x27)))))) + ((0x2 * ((uint64_t)x17 * x44)) + ((0x2 * ((uint64_t)x19 * x45)) + ((0x2 * ((uint64_t)x21 * x43)) + ((0x2 * ((uint64_t)x23 * x41)) + (0x2 * ((uint64_t)x22 * x39))))))) + (((uint64_t)(x3 + x15) * (x25 + x37)) - ((uint64_t)x3 * x25)));
uint64_t x57 = ((((uint64_t)x3 * x35) + (((uint64_t)x5 * x33) + (((uint64_t)x7 * x31) + (((uint64_t)x9 * x29) + (((uint64_t)x11 * x27) + ((uint64_t)x13 * x25)))))) + (((uint64_t)x15 * x44) + (((uint64_t)x17 * x45) + (((uint64_t)x19 * x43) + (((uint64_t)x21 * x41) + (((uint64_t)x23 * x39) + ((uint64_t)x22 * x37)))))));
uint64_t x58 = ((((uint64_t)x3 * x33) + (((uint64_t)x5 * x31) + (((uint64_t)x7 * x29) + (((uint64_t)x9 * x27) + ((uint64_t)x11 * x25))))) + (((uint64_t)x15 * x45) + (((uint64_t)x17 * x43) + (((uint64_t)x19 * x41) + (((uint64_t)x21 * x39) + ((uint64_t)x23 * x37))))));
uint64_t x59 = ((((uint64_t)x3 * x31) + (((uint64_t)x5 * x29) + (((uint64_t)x7 * x27) + ((uint64_t)x9 * x25)))) + (((uint64_t)x15 * x43) + (((uint64_t)x17 * x41) + (((uint64_t)x19 * x39) + ((uint64_t)x21 * x37)))));
uint64_t x60 = ((((uint64_t)x3 * x29) + (((uint64_t)x5 * x27) + ((uint64_t)x7 * x25))) + (((uint64_t)x15 * x41) + (((uint64_t)x17 * x39) + ((uint64_t)x19 * x37))));
uint64_t x61 = ((((uint64_t)x3 * x27) + ((uint64_t)x5 * x25)) + (((uint64_t)x15 * x39) + ((uint64_t)x17 * x37)));
uint64_t x62 = (((uint64_t)x3 * x25) + ((uint64_t)x15 * x37));
uint64_t x63 = (x52 + x46);
uint64_t x64 = (x53 + x47);
uint64_t x65 = (x54 + x48);
uint64_t x66 = (x55 + x49);
uint64_t x67 = (x56 + x50);
uint64_t x68 = (x58 + x46);
uint64_t x69 = (x59 + x47);
uint64_t x70 = (x60 + x48);
uint64_t x71 = (x61 + x49);
uint64_t x72 = (x62 + x50);
uint64_t x73 = (x57 >> 0x1a);
uint32_t x74 = ((uint32_t)x57 & 0x3ffffff);
uint64_t x75 = (x51 >> 0x1a);
uint32_t x76 = ((uint32_t)x51 & 0x3ffffff);
uint64_t x77 = ((0x4000000 * x75) + x76);
uint64_t x78 = (x77 >> 0x1a);
uint32_t x79 = ((uint32_t)x77 & 0x3ffffff);
uint64_t x80 = ((x73 + x67) + x78);
uint64_t x81 = (x80 >> 0x1b);
uint32_t x82 = ((uint32_t)x80 & 0x7ffffff);
uint64_t x83 = (x72 + x78);
uint64_t x84 = (x83 >> 0x1b);
uint32_t x85 = ((uint32_t)x83 & 0x7ffffff);
uint64_t x86 = (x81 + x66);
uint64_t x87 = (x86 >> 0x1b);
uint32_t x88 = ((uint32_t)x86 & 0x7ffffff);
uint64_t x89 = (x84 + x71);
uint64_t x90 = (x89 >> 0x1b);
uint32_t x91 = ((uint32_t)x89 & 0x7ffffff);
uint64_t x92 = (x87 + x65);
uint64_t x93 = (x92 >> 0x1b);
uint32_t x94 = ((uint32_t)x92 & 0x7ffffff);
uint64_t x95 = (x90 + x70);
uint64_t x96 = (x95 >> 0x1b);
uint32_t x97 = ((uint32_t)x95 & 0x7ffffff);
uint64_t x98 = (x93 + x64);
uint64_t x99 = (x98 >> 0x1b);
uint32_t x100 = ((uint32_t)x98 & 0x7ffffff);
uint64_t x101 = (x96 + x69);
uint64_t x102 = (x101 >> 0x1b);
uint32_t x103 = ((uint32_t)x101 & 0x7ffffff);
uint64_t x104 = (x99 + x63);
uint64_t x105 = (x104 >> 0x1b);
uint32_t x106 = ((uint32_t)x104 & 0x7ffffff);
uint64_t x107 = (x102 + x68);
uint64_t x108 = (x107 >> 0x1b);
uint32_t x109 = ((uint32_t)x107 & 0x7ffffff);
uint64_t x110 = (x105 + x79);
uint32_t x111 = (uint32_t) (x110 >> 0x1a);
uint32_t x112 = ((uint32_t)x110 & 0x3ffffff);
uint64_t x113 = (x108 + x74);
uint32_t x114 = (uint32_t) (x113 >> 0x1a);
uint32_t x115 = ((uint32_t)x113 & 0x3ffffff);
uint64_t x116 = (((uint64_t)0x4000000 * x111) + x112);
uint32_t x117 = (uint32_t) (x116 >> 0x1a);
uint32_t x118 = ((uint32_t)x116 & 0x3ffffff);
uint32_t x119 = ((x114 + x82) + x117);
uint32_t x120 = (x119 >> 0x1b);
uint32_t x121 = (x119 & 0x7ffffff);
uint32_t x122 = (x85 + x117);
uint32_t x123 = (x122 >> 0x1b);
uint32_t x124 = (x122 & 0x7ffffff);
return (Return x118, Return x106, Return x100, Return x94, (x120 + x88), Return x121, Return x115, Return x109, Return x103, Return x97, (x123 + x91), Return x124)
     : ∀ var : Z.Syntax.base_type → Type, expr Z.Syntax.base_type Z.Syntax.op (uint32_t * uint32_t * uint32_t * uint32_t * uint32_t * uint32_t * uint32_t * uint32_t * uint32_t * uint32_t * uint32_t * uint32_t * (uint32_t * uint32_t * uint32_t * uint32_t * uint32_t * uint32_t * uint32_t * uint32_t * uint32_t * uint32_t * uint32_t * uint32_t) -> uint32_t * uint32_t * uint32_t * uint32_t * uint32_t * uint32_t * uint32_t * uint32_t * uint32_t * uint32_t * uint32_t * uint32_t)

Argument scope is [function_scope]
