square = λ var : Z.Syntax.base_type → Type,
λ '(x20, x21, x19, x17, x15, x13, x11, x9, x7, x5, x3, x1)%core,
uint64_t x22 = ((0x2 * ((uint64_t)(x11 + x20) * (x11 + x20))) - (0x2 * ((uint64_t)x11 * x11)));
uint64_t x23 = (((0x2 * ((uint64_t)(x9 + x21) * (x11 + x20))) + (0x2 * ((uint64_t)(x11 + x20) * (x9 + x21)))) - ((0x2 * ((uint64_t)x9 * x11)) + (0x2 * ((uint64_t)x11 * x9))));
uint64_t x24 = (((0x2 * ((uint64_t)(x7 + x19) * (x11 + x20))) + ((0x2 * ((uint64_t)(x9 + x21) * (x9 + x21))) + (0x2 * ((uint64_t)(x11 + x20) * (x7 + x19))))) - ((0x2 * ((uint64_t)x7 * x11)) + ((0x2 * ((uint64_t)x9 * x9)) + (0x2 * ((uint64_t)x11 * x7)))));
uint64_t x25 = (((0x2 * ((uint64_t)(x5 + x17) * (x11 + x20))) + ((0x2 * ((uint64_t)(x7 + x19) * (x9 + x21))) + ((0x2 * ((uint64_t)(x9 + x21) * (x7 + x19))) + (0x2 * ((uint64_t)(x11 + x20) * (x5 + x17)))))) - ((0x2 * ((uint64_t)x5 * x11)) + ((0x2 * ((uint64_t)x7 * x9)) + ((0x2 * ((uint64_t)x9 * x7)) + (0x2 * ((uint64_t)x11 * x5))))));
uint64_t x26 = (((0x2 * ((uint64_t)(x3 + x15) * (x11 + x20))) + ((0x2 * ((uint64_t)(x5 + x17) * (x9 + x21))) + ((0x2 * ((uint64_t)(x7 + x19) * (x7 + x19))) + ((0x2 * ((uint64_t)(x9 + x21) * (x5 + x17))) + (0x2 * ((uint64_t)(x11 + x20) * (x3 + x15))))))) - ((0x2 * ((uint64_t)x3 * x11)) + ((0x2 * ((uint64_t)x5 * x9)) + ((0x2 * ((uint64_t)x7 * x7)) + ((0x2 * ((uint64_t)x9 * x5)) + (0x2 * ((uint64_t)x11 * x3)))))));
uint64_t x27 = ((((uint64_t)(x1 + x13) * (x11 + x20)) + (((uint64_t)(x3 + x15) * (x9 + x21)) + (((uint64_t)(x5 + x17) * (x7 + x19)) + (((uint64_t)(x7 + x19) * (x5 + x17)) + (((uint64_t)(x9 + x21) * (x3 + x15)) + ((uint64_t)(x11 + x20) * (x1 + x13))))))) - (((uint64_t)x1 * x11) + (((uint64_t)x3 * x9) + (((uint64_t)x5 * x7) + (((uint64_t)x7 * x5) + (((uint64_t)x9 * x3) + ((uint64_t)x11 * x1)))))));
uint64_t x28 = (((0x2 * ((uint64_t)x11 * x11)) + (0x2 * ((uint64_t)x20 * x20))) + ((((uint64_t)(x1 + x13) * (x9 + x21)) + (((uint64_t)(x3 + x15) * (x7 + x19)) + (((uint64_t)(x5 + x17) * (x5 + x17)) + (((uint64_t)(x7 + x19) * (x3 + x15)) + ((uint64_t)(x9 + x21) * (x1 + x13)))))) - (((uint64_t)x1 * x9) + (((uint64_t)x3 * x7) + (((uint64_t)x5 * x5) + (((uint64_t)x7 * x3) + ((uint64_t)x9 * x1)))))));
uint64_t x29 = ((((0x2 * ((uint64_t)x9 * x11)) + (0x2 * ((uint64_t)x11 * x9))) + ((0x2 * ((uint64_t)x21 * x20)) + (0x2 * ((uint64_t)x20 * x21)))) + ((((uint64_t)(x1 + x13) * (x7 + x19)) + (((uint64_t)(x3 + x15) * (x5 + x17)) + (((uint64_t)(x5 + x17) * (x3 + x15)) + ((uint64_t)(x7 + x19) * (x1 + x13))))) - (((uint64_t)x1 * x7) + (((uint64_t)x3 * x5) + (((uint64_t)x5 * x3) + ((uint64_t)x7 * x1))))));
uint64_t x30 = ((((0x2 * ((uint64_t)x7 * x11)) + ((0x2 * ((uint64_t)x9 * x9)) + (0x2 * ((uint64_t)x11 * x7)))) + ((0x2 * ((uint64_t)x19 * x20)) + ((0x2 * ((uint64_t)x21 * x21)) + (0x2 * ((uint64_t)x20 * x19))))) + ((((uint64_t)(x1 + x13) * (x5 + x17)) + (((uint64_t)(x3 + x15) * (x3 + x15)) + ((uint64_t)(x5 + x17) * (x1 + x13)))) - (((uint64_t)x1 * x5) + (((uint64_t)x3 * x3) + ((uint64_t)x5 * x1)))));
uint64_t x31 = ((((0x2 * ((uint64_t)x5 * x11)) + ((0x2 * ((uint64_t)x7 * x9)) + ((0x2 * ((uint64_t)x9 * x7)) + (0x2 * ((uint64_t)x11 * x5))))) + ((0x2 * ((uint64_t)x17 * x20)) + ((0x2 * ((uint64_t)x19 * x21)) + ((0x2 * ((uint64_t)x21 * x19)) + (0x2 * ((uint64_t)x20 * x17)))))) + ((((uint64_t)(x1 + x13) * (x3 + x15)) + ((uint64_t)(x3 + x15) * (x1 + x13))) - (((uint64_t)x1 * x3) + ((uint64_t)x3 * x1))));
uint64_t x32 = ((((0x2 * ((uint64_t)x3 * x11)) + ((0x2 * ((uint64_t)x5 * x9)) + ((0x2 * ((uint64_t)x7 * x7)) + ((0x2 * ((uint64_t)x9 * x5)) + (0x2 * ((uint64_t)x11 * x3)))))) + ((0x2 * ((uint64_t)x15 * x20)) + ((0x2 * ((uint64_t)x17 * x21)) + ((0x2 * ((uint64_t)x19 * x19)) + ((0x2 * ((uint64_t)x21 * x17)) + (0x2 * ((uint64_t)x20 * x15))))))) + (((uint64_t)(x1 + x13) * (x1 + x13)) - ((uint64_t)x1 * x1)));
uint64_t x33 = ((((uint64_t)x1 * x11) + (((uint64_t)x3 * x9) + (((uint64_t)x5 * x7) + (((uint64_t)x7 * x5) + (((uint64_t)x9 * x3) + ((uint64_t)x11 * x1)))))) + (((uint64_t)x13 * x20) + (((uint64_t)x15 * x21) + (((uint64_t)x17 * x19) + (((uint64_t)x19 * x17) + (((uint64_t)x21 * x15) + ((uint64_t)x20 * x13)))))));
uint64_t x34 = ((((uint64_t)x1 * x9) + (((uint64_t)x3 * x7) + (((uint64_t)x5 * x5) + (((uint64_t)x7 * x3) + ((uint64_t)x9 * x1))))) + (((uint64_t)x13 * x21) + (((uint64_t)x15 * x19) + (((uint64_t)x17 * x17) + (((uint64_t)x19 * x15) + ((uint64_t)x21 * x13))))));
uint64_t x35 = ((((uint64_t)x1 * x7) + (((uint64_t)x3 * x5) + (((uint64_t)x5 * x3) + ((uint64_t)x7 * x1)))) + (((uint64_t)x13 * x19) + (((uint64_t)x15 * x17) + (((uint64_t)x17 * x15) + ((uint64_t)x19 * x13)))));
uint64_t x36 = ((((uint64_t)x1 * x5) + (((uint64_t)x3 * x3) + ((uint64_t)x5 * x1))) + (((uint64_t)x13 * x17) + (((uint64_t)x15 * x15) + ((uint64_t)x17 * x13))));
uint64_t x37 = ((((uint64_t)x1 * x3) + ((uint64_t)x3 * x1)) + (((uint64_t)x13 * x15) + ((uint64_t)x15 * x13)));
uint64_t x38 = (((uint64_t)x1 * x1) + ((uint64_t)x13 * x13));
uint64_t x39 = (x28 + x22);
uint64_t x40 = (x29 + x23);
uint64_t x41 = (x30 + x24);
uint64_t x42 = (x31 + x25);
uint64_t x43 = (x32 + x26);
uint64_t x44 = (x34 + x22);
uint64_t x45 = (x35 + x23);
uint64_t x46 = (x36 + x24);
uint64_t x47 = (x37 + x25);
uint64_t x48 = (x38 + x26);
uint64_t x49 = (x33 >> 0x1a);
uint32_t x50 = ((uint32_t)x33 & 0x3ffffff);
uint64_t x51 = (x27 >> 0x1a);
uint32_t x52 = ((uint32_t)x27 & 0x3ffffff);
uint64_t x53 = ((0x4000000 * x51) + x52);
uint64_t x54 = (x53 >> 0x1a);
uint32_t x55 = ((uint32_t)x53 & 0x3ffffff);
uint64_t x56 = ((x49 + x43) + x54);
uint64_t x57 = (x56 >> 0x1b);
uint32_t x58 = ((uint32_t)x56 & 0x7ffffff);
uint64_t x59 = (x48 + x54);
uint64_t x60 = (x59 >> 0x1b);
uint32_t x61 = ((uint32_t)x59 & 0x7ffffff);
uint64_t x62 = (x57 + x42);
uint64_t x63 = (x62 >> 0x1b);
uint32_t x64 = ((uint32_t)x62 & 0x7ffffff);
uint64_t x65 = (x60 + x47);
uint64_t x66 = (x65 >> 0x1b);
uint32_t x67 = ((uint32_t)x65 & 0x7ffffff);
uint64_t x68 = (x63 + x41);
uint64_t x69 = (x68 >> 0x1b);
uint32_t x70 = ((uint32_t)x68 & 0x7ffffff);
uint64_t x71 = (x66 + x46);
uint64_t x72 = (x71 >> 0x1b);
uint32_t x73 = ((uint32_t)x71 & 0x7ffffff);
uint64_t x74 = (x69 + x40);
uint64_t x75 = (x74 >> 0x1b);
uint32_t x76 = ((uint32_t)x74 & 0x7ffffff);
uint64_t x77 = (x72 + x45);
uint64_t x78 = (x77 >> 0x1b);
uint32_t x79 = ((uint32_t)x77 & 0x7ffffff);
uint64_t x80 = (x75 + x39);
uint64_t x81 = (x80 >> 0x1b);
uint32_t x82 = ((uint32_t)x80 & 0x7ffffff);
uint64_t x83 = (x78 + x44);
uint64_t x84 = (x83 >> 0x1b);
uint32_t x85 = ((uint32_t)x83 & 0x7ffffff);
uint64_t x86 = (x81 + x55);
uint32_t x87 = (uint32_t) (x86 >> 0x1a);
uint32_t x88 = ((uint32_t)x86 & 0x3ffffff);
uint64_t x89 = (x84 + x50);
uint32_t x90 = (uint32_t) (x89 >> 0x1a);
uint32_t x91 = ((uint32_t)x89 & 0x3ffffff);
uint64_t x92 = (((uint64_t)0x4000000 * x87) + x88);
uint32_t x93 = (uint32_t) (x92 >> 0x1a);
uint32_t x94 = ((uint32_t)x92 & 0x3ffffff);
uint32_t x95 = ((x90 + x58) + x93);
uint32_t x96 = (x95 >> 0x1b);
uint32_t x97 = (x95 & 0x7ffffff);
uint32_t x98 = (x61 + x93);
uint32_t x99 = (x98 >> 0x1b);
uint32_t x100 = (x98 & 0x7ffffff);
return (Return x94, Return x82, Return x76, Return x70, (x96 + x64), Return x97, Return x91, Return x85, Return x79, Return x73, (x99 + x67), Return x100)
     : ∀ var : Z.Syntax.base_type → Type, expr Z.Syntax.base_type Z.Syntax.op (uint32_t * uint32_t * uint32_t * uint32_t * uint32_t * uint32_t * uint32_t * uint32_t * uint32_t * uint32_t * uint32_t * uint32_t -> uint32_t * uint32_t * uint32_t * uint32_t * uint32_t * uint32_t * uint32_t * uint32_t * uint32_t * uint32_t * uint32_t * uint32_t)

Argument scope is [function_scope]
