mul = λ var : Z.Syntax.base_type → Type,
λ '(x12, x13, x11, x9, x7, x5, x3, (x24, x25, x23, x21, x19, x17, x15))%core,
uint32_t x27, uint32_t x28 = mulx_u32(x3, x15);
uint32_t x30, uint32_t x31 = mulx_u32(x3, x17);
uint32_t x33, uint32_t x34 = mulx_u32(x3, x19);
uint32_t x36, uint32_t x37 = mulx_u32(x3, x21);
uint32_t x39, uint32_t x40 = mulx_u32(x3, x23);
uint32_t x42, uint32_t x43 = mulx_u32(x3, x25);
uint32_t x45, uint32_t x46 = mulx_u32(x3, x24);
uint32_t x48, uint8_t x49 = addcarryx_u32(0x0, x28, x30);
uint32_t x51, uint8_t x52 = addcarryx_u32(x49, x31, x33);
uint32_t x54, uint8_t x55 = addcarryx_u32(x52, x34, x36);
uint32_t x57, uint8_t x58 = addcarryx_u32(x55, x37, x39);
uint32_t x60, uint8_t x61 = addcarryx_u32(x58, x40, x42);
uint32_t x63, uint8_t x64 = addcarryx_u32(x61, x43, x45);
uint32_t x66, uint8_t _ = addcarryx_u32(0x0, x64, x46);
uint32_t x69, uint32_t _ = mulx_u32(x27, 0xcccccccd);
uint32_t x72, uint32_t x73 = mulx_u32(x69, 0xfffffffb);
uint32_t x75, uint32_t x76 = mulx_u32(x69, 0xffffffff);
uint32_t x78, uint32_t x79 = mulx_u32(x69, 0xffffffff);
uint32_t x81, uint32_t x82 = mulx_u32(x69, 0xffffffff);
uint32_t x84, uint32_t x85 = mulx_u32(x69, 0xffffffff);
uint32_t x87, uint32_t x88 = mulx_u32(x69, 0xffffffff);
uint32_t x90, uint32_t x91 = mulx_u32(x69, 0x3fff);
uint32_t x93, uint8_t x94 = addcarryx_u32(0x0, x73, x75);
uint32_t x96, uint8_t x97 = addcarryx_u32(x94, x76, x78);
uint32_t x99, uint8_t x100 = addcarryx_u32(x97, x79, x81);
uint32_t x102, uint8_t x103 = addcarryx_u32(x100, x82, x84);
uint32_t x105, uint8_t x106 = addcarryx_u32(x103, x85, x87);
uint32_t x108, uint8_t x109 = addcarryx_u32(x106, x88, x90);
uint32_t x111, uint8_t _ = addcarryx_u32(0x0, x109, x91);
uint32_t _, uint8_t x115 = addcarryx_u32(0x0, x27, x72);
uint32_t x117, uint8_t x118 = addcarryx_u32(x115, x48, x93);
uint32_t x120, uint8_t x121 = addcarryx_u32(x118, x51, x96);
uint32_t x123, uint8_t x124 = addcarryx_u32(x121, x54, x99);
uint32_t x126, uint8_t x127 = addcarryx_u32(x124, x57, x102);
uint32_t x129, uint8_t x130 = addcarryx_u32(x127, x60, x105);
uint32_t x132, uint8_t x133 = addcarryx_u32(x130, x63, x108);
uint32_t x135, uint8_t x136 = addcarryx_u32(x133, x66, x111);
uint32_t x138, uint32_t x139 = mulx_u32(x5, x15);
uint32_t x141, uint32_t x142 = mulx_u32(x5, x17);
uint32_t x144, uint32_t x145 = mulx_u32(x5, x19);
uint32_t x147, uint32_t x148 = mulx_u32(x5, x21);
uint32_t x150, uint32_t x151 = mulx_u32(x5, x23);
uint32_t x153, uint32_t x154 = mulx_u32(x5, x25);
uint32_t x156, uint32_t x157 = mulx_u32(x5, x24);
uint32_t x159, uint8_t x160 = addcarryx_u32(0x0, x139, x141);
uint32_t x162, uint8_t x163 = addcarryx_u32(x160, x142, x144);
uint32_t x165, uint8_t x166 = addcarryx_u32(x163, x145, x147);
uint32_t x168, uint8_t x169 = addcarryx_u32(x166, x148, x150);
uint32_t x171, uint8_t x172 = addcarryx_u32(x169, x151, x153);
uint32_t x174, uint8_t x175 = addcarryx_u32(x172, x154, x156);
uint32_t x177, uint8_t _ = addcarryx_u32(0x0, x175, x157);
uint32_t x180, uint8_t x181 = addcarryx_u32(0x0, x117, x138);
uint32_t x183, uint8_t x184 = addcarryx_u32(x181, x120, x159);
uint32_t x186, uint8_t x187 = addcarryx_u32(x184, x123, x162);
uint32_t x189, uint8_t x190 = addcarryx_u32(x187, x126, x165);
uint32_t x192, uint8_t x193 = addcarryx_u32(x190, x129, x168);
uint32_t x195, uint8_t x196 = addcarryx_u32(x193, x132, x171);
uint32_t x198, uint8_t x199 = addcarryx_u32(x196, x135, x174);
uint32_t x201, uint8_t x202 = addcarryx_u32(x199, x136, x177);
uint32_t x204, uint32_t _ = mulx_u32(x180, 0xcccccccd);
uint32_t x207, uint32_t x208 = mulx_u32(x204, 0xfffffffb);
uint32_t x210, uint32_t x211 = mulx_u32(x204, 0xffffffff);
uint32_t x213, uint32_t x214 = mulx_u32(x204, 0xffffffff);
uint32_t x216, uint32_t x217 = mulx_u32(x204, 0xffffffff);
uint32_t x219, uint32_t x220 = mulx_u32(x204, 0xffffffff);
uint32_t x222, uint32_t x223 = mulx_u32(x204, 0xffffffff);
uint32_t x225, uint32_t x226 = mulx_u32(x204, 0x3fff);
uint32_t x228, uint8_t x229 = addcarryx_u32(0x0, x208, x210);
uint32_t x231, uint8_t x232 = addcarryx_u32(x229, x211, x213);
uint32_t x234, uint8_t x235 = addcarryx_u32(x232, x214, x216);
uint32_t x237, uint8_t x238 = addcarryx_u32(x235, x217, x219);
uint32_t x240, uint8_t x241 = addcarryx_u32(x238, x220, x222);
uint32_t x243, uint8_t x244 = addcarryx_u32(x241, x223, x225);
uint32_t x246, uint8_t _ = addcarryx_u32(0x0, x244, x226);
uint32_t _, uint8_t x250 = addcarryx_u32(0x0, x180, x207);
uint32_t x252, uint8_t x253 = addcarryx_u32(x250, x183, x228);
uint32_t x255, uint8_t x256 = addcarryx_u32(x253, x186, x231);
uint32_t x258, uint8_t x259 = addcarryx_u32(x256, x189, x234);
uint32_t x261, uint8_t x262 = addcarryx_u32(x259, x192, x237);
uint32_t x264, uint8_t x265 = addcarryx_u32(x262, x195, x240);
uint32_t x267, uint8_t x268 = addcarryx_u32(x265, x198, x243);
uint32_t x270, uint8_t x271 = addcarryx_u32(x268, x201, x246);
uint8_t x272 = (x271 + x202);
uint32_t x274, uint32_t x275 = mulx_u32(x7, x15);
uint32_t x277, uint32_t x278 = mulx_u32(x7, x17);
uint32_t x280, uint32_t x281 = mulx_u32(x7, x19);
uint32_t x283, uint32_t x284 = mulx_u32(x7, x21);
uint32_t x286, uint32_t x287 = mulx_u32(x7, x23);
uint32_t x289, uint32_t x290 = mulx_u32(x7, x25);
uint32_t x292, uint32_t x293 = mulx_u32(x7, x24);
uint32_t x295, uint8_t x296 = addcarryx_u32(0x0, x275, x277);
uint32_t x298, uint8_t x299 = addcarryx_u32(x296, x278, x280);
uint32_t x301, uint8_t x302 = addcarryx_u32(x299, x281, x283);
uint32_t x304, uint8_t x305 = addcarryx_u32(x302, x284, x286);
uint32_t x307, uint8_t x308 = addcarryx_u32(x305, x287, x289);
uint32_t x310, uint8_t x311 = addcarryx_u32(x308, x290, x292);
uint32_t x313, uint8_t _ = addcarryx_u32(0x0, x311, x293);
uint32_t x316, uint8_t x317 = addcarryx_u32(0x0, x252, x274);
uint32_t x319, uint8_t x320 = addcarryx_u32(x317, x255, x295);
uint32_t x322, uint8_t x323 = addcarryx_u32(x320, x258, x298);
uint32_t x325, uint8_t x326 = addcarryx_u32(x323, x261, x301);
uint32_t x328, uint8_t x329 = addcarryx_u32(x326, x264, x304);
uint32_t x331, uint8_t x332 = addcarryx_u32(x329, x267, x307);
uint32_t x334, uint8_t x335 = addcarryx_u32(x332, x270, x310);
uint32_t x337, uint8_t x338 = addcarryx_u32(x335, x272, x313);
uint32_t x340, uint32_t _ = mulx_u32(x316, 0xcccccccd);
uint32_t x343, uint32_t x344 = mulx_u32(x340, 0xfffffffb);
uint32_t x346, uint32_t x347 = mulx_u32(x340, 0xffffffff);
uint32_t x349, uint32_t x350 = mulx_u32(x340, 0xffffffff);
uint32_t x352, uint32_t x353 = mulx_u32(x340, 0xffffffff);
uint32_t x355, uint32_t x356 = mulx_u32(x340, 0xffffffff);
uint32_t x358, uint32_t x359 = mulx_u32(x340, 0xffffffff);
uint32_t x361, uint32_t x362 = mulx_u32(x340, 0x3fff);
uint32_t x364, uint8_t x365 = addcarryx_u32(0x0, x344, x346);
uint32_t x367, uint8_t x368 = addcarryx_u32(x365, x347, x349);
uint32_t x370, uint8_t x371 = addcarryx_u32(x368, x350, x352);
uint32_t x373, uint8_t x374 = addcarryx_u32(x371, x353, x355);
uint32_t x376, uint8_t x377 = addcarryx_u32(x374, x356, x358);
uint32_t x379, uint8_t x380 = addcarryx_u32(x377, x359, x361);
uint32_t x382, uint8_t _ = addcarryx_u32(0x0, x380, x362);
uint32_t _, uint8_t x386 = addcarryx_u32(0x0, x316, x343);
uint32_t x388, uint8_t x389 = addcarryx_u32(x386, x319, x364);
uint32_t x391, uint8_t x392 = addcarryx_u32(x389, x322, x367);
uint32_t x394, uint8_t x395 = addcarryx_u32(x392, x325, x370);
uint32_t x397, uint8_t x398 = addcarryx_u32(x395, x328, x373);
uint32_t x400, uint8_t x401 = addcarryx_u32(x398, x331, x376);
uint32_t x403, uint8_t x404 = addcarryx_u32(x401, x334, x379);
uint32_t x406, uint8_t x407 = addcarryx_u32(x404, x337, x382);
uint8_t x408 = (x407 + x338);
uint32_t x410, uint32_t x411 = mulx_u32(x9, x15);
uint32_t x413, uint32_t x414 = mulx_u32(x9, x17);
uint32_t x416, uint32_t x417 = mulx_u32(x9, x19);
uint32_t x419, uint32_t x420 = mulx_u32(x9, x21);
uint32_t x422, uint32_t x423 = mulx_u32(x9, x23);
uint32_t x425, uint32_t x426 = mulx_u32(x9, x25);
uint32_t x428, uint32_t x429 = mulx_u32(x9, x24);
uint32_t x431, uint8_t x432 = addcarryx_u32(0x0, x411, x413);
uint32_t x434, uint8_t x435 = addcarryx_u32(x432, x414, x416);
uint32_t x437, uint8_t x438 = addcarryx_u32(x435, x417, x419);
uint32_t x440, uint8_t x441 = addcarryx_u32(x438, x420, x422);
uint32_t x443, uint8_t x444 = addcarryx_u32(x441, x423, x425);
uint32_t x446, uint8_t x447 = addcarryx_u32(x444, x426, x428);
uint32_t x449, uint8_t _ = addcarryx_u32(0x0, x447, x429);
uint32_t x452, uint8_t x453 = addcarryx_u32(0x0, x388, x410);
uint32_t x455, uint8_t x456 = addcarryx_u32(x453, x391, x431);
uint32_t x458, uint8_t x459 = addcarryx_u32(x456, x394, x434);
uint32_t x461, uint8_t x462 = addcarryx_u32(x459, x397, x437);
uint32_t x464, uint8_t x465 = addcarryx_u32(x462, x400, x440);
uint32_t x467, uint8_t x468 = addcarryx_u32(x465, x403, x443);
uint32_t x470, uint8_t x471 = addcarryx_u32(x468, x406, x446);
uint32_t x473, uint8_t x474 = addcarryx_u32(x471, x408, x449);
uint32_t x476, uint32_t _ = mulx_u32(x452, 0xcccccccd);
uint32_t x479, uint32_t x480 = mulx_u32(x476, 0xfffffffb);
uint32_t x482, uint32_t x483 = mulx_u32(x476, 0xffffffff);
uint32_t x485, uint32_t x486 = mulx_u32(x476, 0xffffffff);
uint32_t x488, uint32_t x489 = mulx_u32(x476, 0xffffffff);
uint32_t x491, uint32_t x492 = mulx_u32(x476, 0xffffffff);
uint32_t x494, uint32_t x495 = mulx_u32(x476, 0xffffffff);
uint32_t x497, uint32_t x498 = mulx_u32(x476, 0x3fff);
uint32_t x500, uint8_t x501 = addcarryx_u32(0x0, x480, x482);
uint32_t x503, uint8_t x504 = addcarryx_u32(x501, x483, x485);
uint32_t x506, uint8_t x507 = addcarryx_u32(x504, x486, x488);
uint32_t x509, uint8_t x510 = addcarryx_u32(x507, x489, x491);
uint32_t x512, uint8_t x513 = addcarryx_u32(x510, x492, x494);
uint32_t x515, uint8_t x516 = addcarryx_u32(x513, x495, x497);
uint32_t x518, uint8_t _ = addcarryx_u32(0x0, x516, x498);
uint32_t _, uint8_t x522 = addcarryx_u32(0x0, x452, x479);
uint32_t x524, uint8_t x525 = addcarryx_u32(x522, x455, x500);
uint32_t x527, uint8_t x528 = addcarryx_u32(x525, x458, x503);
uint32_t x530, uint8_t x531 = addcarryx_u32(x528, x461, x506);
uint32_t x533, uint8_t x534 = addcarryx_u32(x531, x464, x509);
uint32_t x536, uint8_t x537 = addcarryx_u32(x534, x467, x512);
uint32_t x539, uint8_t x540 = addcarryx_u32(x537, x470, x515);
uint32_t x542, uint8_t x543 = addcarryx_u32(x540, x473, x518);
uint8_t x544 = (x543 + x474);
uint32_t x546, uint32_t x547 = mulx_u32(x11, x15);
uint32_t x549, uint32_t x550 = mulx_u32(x11, x17);
uint32_t x552, uint32_t x553 = mulx_u32(x11, x19);
uint32_t x555, uint32_t x556 = mulx_u32(x11, x21);
uint32_t x558, uint32_t x559 = mulx_u32(x11, x23);
uint32_t x561, uint32_t x562 = mulx_u32(x11, x25);
uint32_t x564, uint32_t x565 = mulx_u32(x11, x24);
uint32_t x567, uint8_t x568 = addcarryx_u32(0x0, x547, x549);
uint32_t x570, uint8_t x571 = addcarryx_u32(x568, x550, x552);
uint32_t x573, uint8_t x574 = addcarryx_u32(x571, x553, x555);
uint32_t x576, uint8_t x577 = addcarryx_u32(x574, x556, x558);
uint32_t x579, uint8_t x580 = addcarryx_u32(x577, x559, x561);
uint32_t x582, uint8_t x583 = addcarryx_u32(x580, x562, x564);
uint32_t x585, uint8_t _ = addcarryx_u32(0x0, x583, x565);
uint32_t x588, uint8_t x589 = addcarryx_u32(0x0, x524, x546);
uint32_t x591, uint8_t x592 = addcarryx_u32(x589, x527, x567);
uint32_t x594, uint8_t x595 = addcarryx_u32(x592, x530, x570);
uint32_t x597, uint8_t x598 = addcarryx_u32(x595, x533, x573);
uint32_t x600, uint8_t x601 = addcarryx_u32(x598, x536, x576);
uint32_t x603, uint8_t x604 = addcarryx_u32(x601, x539, x579);
uint32_t x606, uint8_t x607 = addcarryx_u32(x604, x542, x582);
uint32_t x609, uint8_t x610 = addcarryx_u32(x607, x544, x585);
uint32_t x612, uint32_t _ = mulx_u32(x588, 0xcccccccd);
uint32_t x615, uint32_t x616 = mulx_u32(x612, 0xfffffffb);
uint32_t x618, uint32_t x619 = mulx_u32(x612, 0xffffffff);
uint32_t x621, uint32_t x622 = mulx_u32(x612, 0xffffffff);
uint32_t x624, uint32_t x625 = mulx_u32(x612, 0xffffffff);
uint32_t x627, uint32_t x628 = mulx_u32(x612, 0xffffffff);
uint32_t x630, uint32_t x631 = mulx_u32(x612, 0xffffffff);
uint32_t x633, uint32_t x634 = mulx_u32(x612, 0x3fff);
uint32_t x636, uint8_t x637 = addcarryx_u32(0x0, x616, x618);
uint32_t x639, uint8_t x640 = addcarryx_u32(x637, x619, x621);
uint32_t x642, uint8_t x643 = addcarryx_u32(x640, x622, x624);
uint32_t x645, uint8_t x646 = addcarryx_u32(x643, x625, x627);
uint32_t x648, uint8_t x649 = addcarryx_u32(x646, x628, x630);
uint32_t x651, uint8_t x652 = addcarryx_u32(x649, x631, x633);
uint32_t x654, uint8_t _ = addcarryx_u32(0x0, x652, x634);
uint32_t _, uint8_t x658 = addcarryx_u32(0x0, x588, x615);
uint32_t x660, uint8_t x661 = addcarryx_u32(x658, x591, x636);
uint32_t x663, uint8_t x664 = addcarryx_u32(x661, x594, x639);
uint32_t x666, uint8_t x667 = addcarryx_u32(x664, x597, x642);
uint32_t x669, uint8_t x670 = addcarryx_u32(x667, x600, x645);
uint32_t x672, uint8_t x673 = addcarryx_u32(x670, x603, x648);
uint32_t x675, uint8_t x676 = addcarryx_u32(x673, x606, x651);
uint32_t x678, uint8_t x679 = addcarryx_u32(x676, x609, x654);
uint8_t x680 = (x679 + x610);
uint32_t x682, uint32_t x683 = mulx_u32(x13, x15);
uint32_t x685, uint32_t x686 = mulx_u32(x13, x17);
uint32_t x688, uint32_t x689 = mulx_u32(x13, x19);
uint32_t x691, uint32_t x692 = mulx_u32(x13, x21);
uint32_t x694, uint32_t x695 = mulx_u32(x13, x23);
uint32_t x697, uint32_t x698 = mulx_u32(x13, x25);
uint32_t x700, uint32_t x701 = mulx_u32(x13, x24);
uint32_t x703, uint8_t x704 = addcarryx_u32(0x0, x683, x685);
uint32_t x706, uint8_t x707 = addcarryx_u32(x704, x686, x688);
uint32_t x709, uint8_t x710 = addcarryx_u32(x707, x689, x691);
uint32_t x712, uint8_t x713 = addcarryx_u32(x710, x692, x694);
uint32_t x715, uint8_t x716 = addcarryx_u32(x713, x695, x697);
uint32_t x718, uint8_t x719 = addcarryx_u32(x716, x698, x700);
uint32_t x721, uint8_t _ = addcarryx_u32(0x0, x719, x701);
uint32_t x724, uint8_t x725 = addcarryx_u32(0x0, x660, x682);
uint32_t x727, uint8_t x728 = addcarryx_u32(x725, x663, x703);
uint32_t x730, uint8_t x731 = addcarryx_u32(x728, x666, x706);
uint32_t x733, uint8_t x734 = addcarryx_u32(x731, x669, x709);
uint32_t x736, uint8_t x737 = addcarryx_u32(x734, x672, x712);
uint32_t x739, uint8_t x740 = addcarryx_u32(x737, x675, x715);
uint32_t x742, uint8_t x743 = addcarryx_u32(x740, x678, x718);
uint32_t x745, uint8_t x746 = addcarryx_u32(x743, x680, x721);
uint32_t x748, uint32_t _ = mulx_u32(x724, 0xcccccccd);
uint32_t x751, uint32_t x752 = mulx_u32(x748, 0xfffffffb);
uint32_t x754, uint32_t x755 = mulx_u32(x748, 0xffffffff);
uint32_t x757, uint32_t x758 = mulx_u32(x748, 0xffffffff);
uint32_t x760, uint32_t x761 = mulx_u32(x748, 0xffffffff);
uint32_t x763, uint32_t x764 = mulx_u32(x748, 0xffffffff);
uint32_t x766, uint32_t x767 = mulx_u32(x748, 0xffffffff);
uint32_t x769, uint32_t x770 = mulx_u32(x748, 0x3fff);
uint32_t x772, uint8_t x773 = addcarryx_u32(0x0, x752, x754);
uint32_t x775, uint8_t x776 = addcarryx_u32(x773, x755, x757);
uint32_t x778, uint8_t x779 = addcarryx_u32(x776, x758, x760);
uint32_t x781, uint8_t x782 = addcarryx_u32(x779, x761, x763);
uint32_t x784, uint8_t x785 = addcarryx_u32(x782, x764, x766);
uint32_t x787, uint8_t x788 = addcarryx_u32(x785, x767, x769);
uint32_t x790, uint8_t _ = addcarryx_u32(0x0, x788, x770);
uint32_t _, uint8_t x794 = addcarryx_u32(0x0, x724, x751);
uint32_t x796, uint8_t x797 = addcarryx_u32(x794, x727, x772);
uint32_t x799, uint8_t x800 = addcarryx_u32(x797, x730, x775);
uint32_t x802, uint8_t x803 = addcarryx_u32(x800, x733, x778);
uint32_t x805, uint8_t x806 = addcarryx_u32(x803, x736, x781);
uint32_t x808, uint8_t x809 = addcarryx_u32(x806, x739, x784);
uint32_t x811, uint8_t x812 = addcarryx_u32(x809, x742, x787);
uint32_t x814, uint8_t x815 = addcarryx_u32(x812, x745, x790);
uint8_t x816 = (x815 + x746);
uint32_t x818, uint32_t x819 = mulx_u32(x12, x15);
uint32_t x821, uint32_t x822 = mulx_u32(x12, x17);
uint32_t x824, uint32_t x825 = mulx_u32(x12, x19);
uint32_t x827, uint32_t x828 = mulx_u32(x12, x21);
uint32_t x830, uint32_t x831 = mulx_u32(x12, x23);
uint32_t x833, uint32_t x834 = mulx_u32(x12, x25);
uint32_t x836, uint32_t x837 = mulx_u32(x12, x24);
uint32_t x839, uint8_t x840 = addcarryx_u32(0x0, x819, x821);
uint32_t x842, uint8_t x843 = addcarryx_u32(x840, x822, x824);
uint32_t x845, uint8_t x846 = addcarryx_u32(x843, x825, x827);
uint32_t x848, uint8_t x849 = addcarryx_u32(x846, x828, x830);
uint32_t x851, uint8_t x852 = addcarryx_u32(x849, x831, x833);
uint32_t x854, uint8_t x855 = addcarryx_u32(x852, x834, x836);
uint32_t x857, uint8_t _ = addcarryx_u32(0x0, x855, x837);
uint32_t x860, uint8_t x861 = addcarryx_u32(0x0, x796, x818);
uint32_t x863, uint8_t x864 = addcarryx_u32(x861, x799, x839);
uint32_t x866, uint8_t x867 = addcarryx_u32(x864, x802, x842);
uint32_t x869, uint8_t x870 = addcarryx_u32(x867, x805, x845);
uint32_t x872, uint8_t x873 = addcarryx_u32(x870, x808, x848);
uint32_t x875, uint8_t x876 = addcarryx_u32(x873, x811, x851);
uint32_t x878, uint8_t x879 = addcarryx_u32(x876, x814, x854);
uint32_t x881, uint8_t x882 = addcarryx_u32(x879, x816, x857);
uint32_t x884, uint32_t _ = mulx_u32(x860, 0xcccccccd);
uint32_t x887, uint32_t x888 = mulx_u32(x884, 0xfffffffb);
uint32_t x890, uint32_t x891 = mulx_u32(x884, 0xffffffff);
uint32_t x893, uint32_t x894 = mulx_u32(x884, 0xffffffff);
uint32_t x896, uint32_t x897 = mulx_u32(x884, 0xffffffff);
uint32_t x899, uint32_t x900 = mulx_u32(x884, 0xffffffff);
uint32_t x902, uint32_t x903 = mulx_u32(x884, 0xffffffff);
uint32_t x905, uint32_t x906 = mulx_u32(x884, 0x3fff);
uint32_t x908, uint8_t x909 = addcarryx_u32(0x0, x888, x890);
uint32_t x911, uint8_t x912 = addcarryx_u32(x909, x891, x893);
uint32_t x914, uint8_t x915 = addcarryx_u32(x912, x894, x896);
uint32_t x917, uint8_t x918 = addcarryx_u32(x915, x897, x899);
uint32_t x920, uint8_t x921 = addcarryx_u32(x918, x900, x902);
uint32_t x923, uint8_t x924 = addcarryx_u32(x921, x903, x905);
uint32_t x926, uint8_t _ = addcarryx_u32(0x0, x924, x906);
uint32_t _, uint8_t x930 = addcarryx_u32(0x0, x860, x887);
uint32_t x932, uint8_t x933 = addcarryx_u32(x930, x863, x908);
uint32_t x935, uint8_t x936 = addcarryx_u32(x933, x866, x911);
uint32_t x938, uint8_t x939 = addcarryx_u32(x936, x869, x914);
uint32_t x941, uint8_t x942 = addcarryx_u32(x939, x872, x917);
uint32_t x944, uint8_t x945 = addcarryx_u32(x942, x875, x920);
uint32_t x947, uint8_t x948 = addcarryx_u32(x945, x878, x923);
uint32_t x950, uint8_t x951 = addcarryx_u32(x948, x881, x926);
uint8_t x952 = (x951 + x882);
uint32_t x954, uint8_t x955 = subborrow_u32(0x0, x932, 0xfffffffb);
uint32_t x957, uint8_t x958 = subborrow_u32(x955, x935, 0xffffffff);
uint32_t x960, uint8_t x961 = subborrow_u32(x958, x938, 0xffffffff);
uint32_t x963, uint8_t x964 = subborrow_u32(x961, x941, 0xffffffff);
uint32_t x966, uint8_t x967 = subborrow_u32(x964, x944, 0xffffffff);
uint32_t x969, uint8_t x970 = subborrow_u32(x967, x947, 0xffffffff);
uint32_t x972, uint8_t x973 = subborrow_u32(x970, x950, 0x3fff);
uint32_t _, uint8_t x976 = subborrow_u32(x973, x952, 0x0);
(cmovznz32(x976, x972, x950), cmovznz32(x976, x969, x947), cmovznz32(x976, x966, x944), cmovznz32(x976, x963, x941), cmovznz32(x976, x960, x938), cmovznz32(x976, x957, x935), cmovznz32(x976, x954, x932))
     : ∀ var : Z.Syntax.base_type → Type, expr Z.Syntax.base_type Z.Syntax.op (uint32_t * uint32_t * uint32_t * uint32_t * uint32_t * uint32_t * uint32_t * (uint32_t * uint32_t * uint32_t * uint32_t * uint32_t * uint32_t * uint32_t) -> uint32_t * uint32_t * uint32_t * uint32_t * uint32_t * uint32_t * uint32_t)

Argument scope is [function_scope]
