mul = λ var : Z.Syntax.base_type → Type,
λ '(x16, x17, x15, x13, x11, x9, x7, x5, x3, (x32, x33, x31, x29, x27, x25, x23, x21, x19))%core,
uint64_t x34 = ((uint64_t)x16 * x32);
uint64_t x35 = ((0x2 * ((uint64_t)x17 * x32)) + (0x2 * ((uint64_t)x16 * x33)));
uint64_t x36 = (((uint64_t)x15 * x32) + ((0x2 * ((uint64_t)x17 * x33)) + ((uint64_t)x16 * x31)));
uint64_t x37 = (((uint64_t)x13 * x32) + (((uint64_t)x15 * x33) + (((uint64_t)x17 * x31) + ((uint64_t)x16 * x29))));
uint64_t x38 = ((0x2 * ((uint64_t)x11 * x32)) + ((0x2 * ((uint64_t)x13 * x33)) + (((uint64_t)x15 * x31) + ((0x2 * ((uint64_t)x17 * x29)) + (0x2 * ((uint64_t)x16 * x27))))));
uint64_t x39 = (((uint64_t)x9 * x32) + ((0x2 * ((uint64_t)x11 * x33)) + (((uint64_t)x13 * x31) + (((uint64_t)x15 * x29) + ((0x2 * ((uint64_t)x17 * x27)) + ((uint64_t)x16 * x25))))));
uint64_t x40 = (((uint64_t)x7 * x32) + (((uint64_t)x9 * x33) + (((uint64_t)x11 * x31) + (((uint64_t)x13 * x29) + (((uint64_t)x15 * x27) + (((uint64_t)x17 * x25) + ((uint64_t)x16 * x23)))))));
uint64_t x41 = ((0x2 * ((uint64_t)x5 * x32)) + ((0x2 * ((uint64_t)x7 * x33)) + (((uint64_t)x9 * x31) + ((0x2 * ((uint64_t)x11 * x29)) + ((0x2 * ((uint64_t)x13 * x27)) + (((uint64_t)x15 * x25) + ((0x2 * ((uint64_t)x17 * x23)) + (0x2 * ((uint64_t)x16 * x21)))))))));
uint64_t x42 = (((uint64_t)x3 * x32) + ((0x2 * ((uint64_t)x5 * x33)) + (((uint64_t)x7 * x31) + (((uint64_t)x9 * x29) + ((0x2 * ((uint64_t)x11 * x27)) + (((uint64_t)x13 * x25) + (((uint64_t)x15 * x23) + ((0x2 * ((uint64_t)x17 * x21)) + ((uint64_t)x16 * x19)))))))));
uint64_t x43 = (((uint64_t)x3 * x33) + (((uint64_t)x5 * x31) + (((uint64_t)x7 * x29) + (((uint64_t)x9 * x27) + (((uint64_t)x11 * x25) + (((uint64_t)x13 * x23) + (((uint64_t)x15 * x21) + ((uint64_t)x17 * x19))))))));
uint64_t x44 = (((uint64_t)x3 * x31) + ((0x2 * ((uint64_t)x5 * x29)) + ((0x2 * ((uint64_t)x7 * x27)) + (((uint64_t)x9 * x25) + ((0x2 * ((uint64_t)x11 * x23)) + ((0x2 * ((uint64_t)x13 * x21)) + ((uint64_t)x15 * x19)))))));
uint64_t x45 = (((uint64_t)x3 * x29) + ((0x2 * ((uint64_t)x5 * x27)) + (((uint64_t)x7 * x25) + (((uint64_t)x9 * x23) + ((0x2 * ((uint64_t)x11 * x21)) + ((uint64_t)x13 * x19))))));
uint64_t x46 = (((uint64_t)x3 * x27) + (((uint64_t)x5 * x25) + (((uint64_t)x7 * x23) + (((uint64_t)x9 * x21) + ((uint64_t)x11 * x19)))));
uint64_t x47 = (((uint64_t)x3 * x25) + ((0x2 * ((uint64_t)x5 * x23)) + ((0x2 * ((uint64_t)x7 * x21)) + ((uint64_t)x9 * x19))));
uint64_t x48 = (((uint64_t)x3 * x23) + ((0x2 * ((uint64_t)x5 * x21)) + ((uint64_t)x7 * x19)));
uint64_t x49 = (((uint64_t)x3 * x21) + ((uint64_t)x5 * x19));
uint64_t x50 = ((uint64_t)x3 * x19);
ℤ x51 = (x42 +ℤ (x36 +ℤ ((0x200000 *ℤ x35) +ℤ (0x80000000000 *ℤ x34))));
uint64_t x52 = (x43 + (x34 + x37));
uint64_t x53 = (x44 + (x35 + x38));
uint64_t x54 = (x45 + (x36 + x39));
uint64_t x55 = (x46 + (x37 + x40));
uint64_t x56 = (x47 + (x38 + x41));
uint64_t x57 = (x48 + x39);
uint64_t x58 = (x49 + x40);
uint64_t x59 = (x50 + x41);
uint32_t x60 = (uint32_t) (x57 >> 0x15);
uint32_t x61 = ((uint32_t)x57 & 0x1fffff);
ℤ x62 = (x51 >>ℤ 0x15);
uint32_t x63 = (x51 & 0x1fffff);
ℤ x64 = ((0x200000 *ℤ x62) +ℤ x63);
ℤ x65 = (x64 >>ℤ 0x15);
uint32_t x66 = (x64 & 0x1fffff);
ℤ x67 = ((x60 + x56) +ℤ x65);
uint64_t x68 = (x67 >> 0x16);
uint32_t x69 = (x67 & 0x3fffff);
ℤ x70 = (x59 +ℤ x65);
uint64_t x71 = (x70 >> 0x16);
uint32_t x72 = (x70 & 0x3fffff);
uint64_t x73 = (x68 + x55);
uint32_t x74 = (uint32_t) (x73 >> 0x15);
uint32_t x75 = ((uint32_t)x73 & 0x1fffff);
uint64_t x76 = (x71 + x58);
uint32_t x77 = (uint32_t) (x76 >> 0x15);
uint32_t x78 = ((uint32_t)x76 & 0x1fffff);
uint64_t x79 = (x74 + x54);
uint32_t x80 = (uint32_t) (x79 >> 0x15);
uint32_t x81 = ((uint32_t)x79 & 0x1fffff);
uint32_t x82 = (x77 + x61);
uint32_t x83 = (x82 >> 0x15);
uint32_t x84 = (x82 & 0x1fffff);
uint64_t x85 = (x80 + x53);
uint32_t x86 = (uint32_t) (x85 >> 0x16);
uint32_t x87 = ((uint32_t)x85 & 0x3fffff);
uint64_t x88 = (x86 + x52);
uint32_t x89 = (uint32_t) (x88 >> 0x15);
uint32_t x90 = ((uint32_t)x88 & 0x1fffff);
uint32_t x91 = (x89 + x66);
uint32_t x92 = (x91 >> 0x15);
uint32_t x93 = (x91 & 0x1fffff);
uint32_t x94 = ((0x200000 * x92) + x93);
uint32_t x95 = (x94 >> 0x15);
uint32_t x96 = (x94 & 0x1fffff);
uint32_t x97 = ((x83 + x69) + x95);
uint32_t x98 = (x97 >> 0x16);
uint32_t x99 = (x97 & 0x3fffff);
uint32_t x100 = (x72 + x95);
uint32_t x101 = (x100 >> 0x16);
uint32_t x102 = (x100 & 0x3fffff);
return (Return x96, Return x90, Return x87, Return x81, (x98 + x75), Return x99, Return x84, (x101 + x78), Return x102)
     : ∀ var : Z.Syntax.base_type → Type, expr Z.Syntax.base_type Z.Syntax.op (uint32_t * uint32_t * uint32_t * uint32_t * uint32_t * uint32_t * uint32_t * uint32_t * uint32_t * (uint32_t * uint32_t * uint32_t * uint32_t * uint32_t * uint32_t * uint32_t * uint32_t * uint32_t) -> uint32_t * uint32_t * uint32_t * uint32_t * uint32_t * uint32_t * uint32_t * uint32_t * uint32_t)

Argument scope is [function_scope]
