rladderstepW = 
fun var : base_type -> Type =>
λ
_ _ _ _ _ _ _ _ _ _ _ _ _ _ _ x14 x15 x16 x17 x18 x19 x20 x21 x22 x23 x24 x25
 x26 x27 x28 x29 x30 x31 x32 x33 x34 x35 x36 x37 x38 x39 x40 x41 x42
 x43 : var (TWord 6),
long x44 = x24 + x29;
long x45 = x25 + x30;
long x46 = x26 + x31;
long x47 = x27 + x32;
long x48 = x28 + x33;
uint128_t x49 = ((uint128_t) x48) * x48;
uint128_t x50 = ((uint128_t) x44) * x47;
uint128_t x51 = ((uint128_t) x45) * x46;
uint128_t x52 = ((uint128_t) x46) * x45;
uint128_t x53 = ((uint128_t) x47) * x44;
uint128_t x54 = x52 + x53;
uint128_t x55 = x51 + x54;
uint128_t x56 = x50 + x55;
int x57 = 0b00010011;
uint128_t x58 = x57 * x56;
uint128_t x59 = x49 + x58;
int x60 = 0b00110011;
long x61 = M32 & (x59 >>> x60);
uint128_t x62 = ((uint128_t) x47) * x48;
uint128_t x63 = ((uint128_t) x48) * x47;
uint128_t x64 = x62 + x63;
uint128_t x65 = ((uint128_t) x44) * x46;
uint128_t x66 = ((uint128_t) x45) * x45;
uint128_t x67 = ((uint128_t) x46) * x44;
uint128_t x68 = x66 + x67;
uint128_t x69 = x65 + x68;
int x70 = 0b00010011;
uint128_t x71 = x70 * x69;
uint128_t x72 = x64 + x71;
uint128_t x73 = x61 + x72;
int x74 = 0b00110011;
long x75 = M32 & (x73 >>> x74);
uint128_t x76 = ((uint128_t) x46) * x48;
uint128_t x77 = ((uint128_t) x47) * x47;
uint128_t x78 = ((uint128_t) x48) * x46;
uint128_t x79 = x77 + x78;
uint128_t x80 = x76 + x79;
uint128_t x81 = ((uint128_t) x44) * x45;
uint128_t x82 = ((uint128_t) x45) * x44;
uint128_t x83 = x81 + x82;
int x84 = 0b00010011;
uint128_t x85 = x84 * x83;
uint128_t x86 = x80 + x85;
uint128_t x87 = x75 + x86;
int x88 = 0b00110011;
long x89 = M32 & (x87 >>> x88);
uint128_t x90 = ((uint128_t) x45) * x48;
uint128_t x91 = ((uint128_t) x46) * x47;
uint128_t x92 = ((uint128_t) x47) * x46;
uint128_t x93 = ((uint128_t) x48) * x45;
uint128_t x94 = x92 + x93;
uint128_t x95 = x91 + x94;
uint128_t x96 = x90 + x95;
uint128_t x97 = ((uint128_t) x44) * x44;
int x98 = 0b00010011;
uint128_t x99 = x98 * x97;
uint128_t x100 = x96 + x99;
uint128_t x101 = x89 + x100;
int x102 = 0b00110011;
long x103 = M32 & (x101 >>> x102);
uint128_t x104 = ((uint128_t) x44) * x48;
uint128_t x105 = ((uint128_t) x45) * x47;
uint128_t x106 = ((uint128_t) x46) * x46;
uint128_t x107 = ((uint128_t) x47) * x45;
uint128_t x108 = ((uint128_t) x48) * x44;
uint128_t x109 = x107 + x108;
uint128_t x110 = x106 + x109;
uint128_t x111 = x105 + x110;
uint128_t x112 = x104 + x111;
uint128_t x113 = x103 + x112;
int x114 = 0b00110011;
long x115 = M32 & (x113 >>> x114);
int x116 = 0b00010011;
long x117 = x116 * x115;
long x118 = 0b0000000000000111111111111111111111111111111111111111111111111111;
long x119 = x59 & x118;
long x120 = x117 + x119;
int x121 = 0b00110011;
int x122 = (int) (x120 >>> x121);
long x123 = 0b0000000000000111111111111111111111111111111111111111111111111111;
long x124 = x73 & x123;
long x125 = x122 + x124;
long x126 = 0b0000000000000111111111111111111111111111111111111111111111111111;
long x127 = x113 & x126;
long x128 = 0b0000000000000111111111111111111111111111111111111111111111111111;
long x129 = x101 & x128;
int x130 = 0b00110011;
int x131 = (int) (x125 >>> x130);
long x132 = 0b0000000000000111111111111111111111111111111111111111111111111111;
long x133 = x87 & x132;
long x134 = x131 + x133;
long x135 = 0b0000000000000111111111111111111111111111111111111111111111111111;
long x136 = x125 & x135;
long x137 = 0b0000000000000111111111111111111111111111111111111111111111111111;
long x138 = x120 & x137;
long x139 = 0b0000000000001111111111111111111111111111111111111111111111111110;
long x140 = x139 + x24;
long x141 = x140 - x29;
long x142 = 0b0000000000001111111111111111111111111111111111111111111111111110;
long x143 = x142 + x25;
long x144 = x143 - x30;
long x145 = 0b0000000000001111111111111111111111111111111111111111111111111110;
long x146 = x145 + x26;
long x147 = x146 - x31;
long x148 = 0b0000000000001111111111111111111111111111111111111111111111111110;
long x149 = x148 + x27;
long x150 = x149 - x32;
long x151 = 0b0000000000001111111111111111111111111111111111111111111111011010;
long x152 = x151 + x28;
long x153 = x152 - x33;
uint128_t x154 = ((uint128_t) x153) * x153;
uint128_t x155 = ((uint128_t) x141) * x150;
uint128_t x156 = ((uint128_t) x144) * x147;
uint128_t x157 = ((uint128_t) x147) * x144;
uint128_t x158 = ((uint128_t) x150) * x141;
uint128_t x159 = x157 + x158;
uint128_t x160 = x156 + x159;
uint128_t x161 = x155 + x160;
int x162 = 0b00010011;
uint128_t x163 = x162 * x161;
uint128_t x164 = x154 + x163;
int x165 = 0b00110011;
long x166 = M32 & (x164 >>> x165);
uint128_t x167 = ((uint128_t) x150) * x153;
uint128_t x168 = ((uint128_t) x153) * x150;
uint128_t x169 = x167 + x168;
uint128_t x170 = ((uint128_t) x141) * x147;
uint128_t x171 = ((uint128_t) x144) * x144;
uint128_t x172 = ((uint128_t) x147) * x141;
uint128_t x173 = x171 + x172;
uint128_t x174 = x170 + x173;
int x175 = 0b00010011;
uint128_t x176 = x175 * x174;
uint128_t x177 = x169 + x176;
uint128_t x178 = x166 + x177;
int x179 = 0b00110011;
long x180 = M32 & (x178 >>> x179);
uint128_t x181 = ((uint128_t) x147) * x153;
uint128_t x182 = ((uint128_t) x150) * x150;
uint128_t x183 = ((uint128_t) x153) * x147;
uint128_t x184 = x182 + x183;
uint128_t x185 = x181 + x184;
uint128_t x186 = ((uint128_t) x141) * x144;
uint128_t x187 = ((uint128_t) x144) * x141;
uint128_t x188 = x186 + x187;
int x189 = 0b00010011;
uint128_t x190 = x189 * x188;
uint128_t x191 = x185 + x190;
uint128_t x192 = x180 + x191;
int x193 = 0b00110011;
long x194 = M32 & (x192 >>> x193);
uint128_t x195 = ((uint128_t) x144) * x153;
uint128_t x196 = ((uint128_t) x147) * x150;
uint128_t x197 = ((uint128_t) x150) * x147;
uint128_t x198 = ((uint128_t) x153) * x144;
uint128_t x199 = x197 + x198;
uint128_t x200 = x196 + x199;
uint128_t x201 = x195 + x200;
uint128_t x202 = ((uint128_t) x141) * x141;
int x203 = 0b00010011;
uint128_t x204 = x203 * x202;
uint128_t x205 = x201 + x204;
uint128_t x206 = x194 + x205;
int x207 = 0b00110011;
long x208 = M32 & (x206 >>> x207);
uint128_t x209 = ((uint128_t) x141) * x153;
uint128_t x210 = ((uint128_t) x144) * x150;
uint128_t x211 = ((uint128_t) x147) * x147;
uint128_t x212 = ((uint128_t) x150) * x144;
uint128_t x213 = ((uint128_t) x153) * x141;
uint128_t x214 = x212 + x213;
uint128_t x215 = x211 + x214;
uint128_t x216 = x210 + x215;
uint128_t x217 = x209 + x216;
uint128_t x218 = x208 + x217;
int x219 = 0b00110011;
long x220 = M32 & (x218 >>> x219);
int x221 = 0b00010011;
long x222 = x221 * x220;
long x223 = 0b0000000000000111111111111111111111111111111111111111111111111111;
long x224 = x164 & x223;
long x225 = x222 + x224;
int x226 = 0b00110011;
int x227 = (int) (x225 >>> x226);
long x228 = 0b0000000000000111111111111111111111111111111111111111111111111111;
long x229 = x178 & x228;
long x230 = x227 + x229;
long x231 = 0b0000000000000111111111111111111111111111111111111111111111111111;
long x232 = x218 & x231;
long x233 = 0b0000000000000111111111111111111111111111111111111111111111111111;
long x234 = x206 & x233;
int x235 = 0b00110011;
int x236 = (int) (x230 >>> x235);
long x237 = 0b0000000000000111111111111111111111111111111111111111111111111111;
long x238 = x192 & x237;
long x239 = x236 + x238;
long x240 = 0b0000000000000111111111111111111111111111111111111111111111111111;
long x241 = x230 & x240;
long x242 = 0b0000000000000111111111111111111111111111111111111111111111111111;
long x243 = x225 & x242;
long x244 = 0b0000000000001111111111111111111111111111111111111111111111111110;
long x245 = x244 + x127;
long x246 = x245 - x232;
long x247 = 0b0000000000001111111111111111111111111111111111111111111111111110;
long x248 = x247 + x129;
long x249 = x248 - x234;
long x250 = 0b0000000000001111111111111111111111111111111111111111111111111110;
long x251 = x250 + x134;
long x252 = x251 - x239;
long x253 = 0b0000000000001111111111111111111111111111111111111111111111111110;
long x254 = x253 + x136;
long x255 = x254 - x241;
long x256 = 0b0000000000001111111111111111111111111111111111111111111111011010;
long x257 = x256 + x138;
long x258 = x257 - x243;
long x259 = x34 + x39;
long x260 = x35 + x40;
long x261 = x36 + x41;
long x262 = x37 + x42;
long x263 = x38 + x43;
long x264 = 0b0000000000001111111111111111111111111111111111111111111111111110;
long x265 = x264 + x34;
long x266 = x265 - x39;
long x267 = 0b0000000000001111111111111111111111111111111111111111111111111110;
long x268 = x267 + x35;
long x269 = x268 - x40;
long x270 = 0b0000000000001111111111111111111111111111111111111111111111111110;
long x271 = x270 + x36;
long x272 = x271 - x41;
long x273 = 0b0000000000001111111111111111111111111111111111111111111111111110;
long x274 = x273 + x37;
long x275 = x274 - x42;
long x276 = 0b0000000000001111111111111111111111111111111111111111111111011010;
long x277 = x276 + x38;
long x278 = x277 - x43;
uint128_t x279 = ((uint128_t) x278) * x48;
uint128_t x280 = ((uint128_t) x266) * x47;
uint128_t x281 = ((uint128_t) x269) * x46;
uint128_t x282 = ((uint128_t) x272) * x45;
uint128_t x283 = ((uint128_t) x275) * x44;
uint128_t x284 = x282 + x283;
uint128_t x285 = x281 + x284;
uint128_t x286 = x280 + x285;
int x287 = 0b00010011;
uint128_t x288 = x287 * x286;
uint128_t x289 = x279 + x288;
int x290 = 0b00110011;
long x291 = M32 & (x289 >>> x290);
uint128_t x292 = ((uint128_t) x275) * x48;
uint128_t x293 = ((uint128_t) x278) * x47;
uint128_t x294 = x292 + x293;
uint128_t x295 = ((uint128_t) x266) * x46;
uint128_t x296 = ((uint128_t) x269) * x45;
uint128_t x297 = ((uint128_t) x272) * x44;
uint128_t x298 = x296 + x297;
uint128_t x299 = x295 + x298;
int x300 = 0b00010011;
uint128_t x301 = x300 * x299;
uint128_t x302 = x294 + x301;
uint128_t x303 = x291 + x302;
int x304 = 0b00110011;
long x305 = M32 & (x303 >>> x304);
uint128_t x306 = ((uint128_t) x272) * x48;
uint128_t x307 = ((uint128_t) x275) * x47;
uint128_t x308 = ((uint128_t) x278) * x46;
uint128_t x309 = x307 + x308;
uint128_t x310 = x306 + x309;
uint128_t x311 = ((uint128_t) x266) * x45;
uint128_t x312 = ((uint128_t) x269) * x44;
uint128_t x313 = x311 + x312;
int x314 = 0b00010011;
uint128_t x315 = x314 * x313;
uint128_t x316 = x310 + x315;
uint128_t x317 = x305 + x316;
int x318 = 0b00110011;
long x319 = M32 & (x317 >>> x318);
uint128_t x320 = ((uint128_t) x269) * x48;
uint128_t x321 = ((uint128_t) x272) * x47;
uint128_t x322 = ((uint128_t) x275) * x46;
uint128_t x323 = ((uint128_t) x278) * x45;
uint128_t x324 = x322 + x323;
uint128_t x325 = x321 + x324;
uint128_t x326 = x320 + x325;
uint128_t x327 = ((uint128_t) x266) * x44;
int x328 = 0b00010011;
uint128_t x329 = x328 * x327;
uint128_t x330 = x326 + x329;
uint128_t x331 = x319 + x330;
int x332 = 0b00110011;
long x333 = M32 & (x331 >>> x332);
uint128_t x334 = ((uint128_t) x266) * x48;
uint128_t x335 = ((uint128_t) x269) * x47;
uint128_t x336 = ((uint128_t) x272) * x46;
uint128_t x337 = ((uint128_t) x275) * x45;
uint128_t x338 = ((uint128_t) x278) * x44;
uint128_t x339 = x337 + x338;
uint128_t x340 = x336 + x339;
uint128_t x341 = x335 + x340;
uint128_t x342 = x334 + x341;
uint128_t x343 = x333 + x342;
int x344 = 0b00110011;
long x345 = M32 & (x343 >>> x344);
int x346 = 0b00010011;
long x347 = x346 * x345;
long x348 = 0b0000000000000111111111111111111111111111111111111111111111111111;
long x349 = x289 & x348;
long x350 = x347 + x349;
int x351 = 0b00110011;
int x352 = (int) (x350 >>> x351);
long x353 = 0b0000000000000111111111111111111111111111111111111111111111111111;
long x354 = x303 & x353;
long x355 = x352 + x354;
long x356 = 0b0000000000000111111111111111111111111111111111111111111111111111;
long x357 = x343 & x356;
long x358 = 0b0000000000000111111111111111111111111111111111111111111111111111;
long x359 = x331 & x358;
int x360 = 0b00110011;
int x361 = (int) (x355 >>> x360);
long x362 = 0b0000000000000111111111111111111111111111111111111111111111111111;
long x363 = x317 & x362;
long x364 = x361 + x363;
long x365 = 0b0000000000000111111111111111111111111111111111111111111111111111;
long x366 = x355 & x365;
long x367 = 0b0000000000000111111111111111111111111111111111111111111111111111;
long x368 = x350 & x367;
uint128_t x369 = ((uint128_t) x263) * x153;
uint128_t x370 = ((uint128_t) x259) * x150;
uint128_t x371 = ((uint128_t) x260) * x147;
uint128_t x372 = ((uint128_t) x261) * x144;
uint128_t x373 = ((uint128_t) x262) * x141;
uint128_t x374 = x372 + x373;
uint128_t x375 = x371 + x374;
uint128_t x376 = x370 + x375;
int x377 = 0b00010011;
uint128_t x378 = x377 * x376;
uint128_t x379 = x369 + x378;
int x380 = 0b00110011;
long x381 = M32 & (x379 >>> x380);
uint128_t x382 = ((uint128_t) x262) * x153;
uint128_t x383 = ((uint128_t) x263) * x150;
uint128_t x384 = x382 + x383;
uint128_t x385 = ((uint128_t) x259) * x147;
uint128_t x386 = ((uint128_t) x260) * x144;
uint128_t x387 = ((uint128_t) x261) * x141;
uint128_t x388 = x386 + x387;
uint128_t x389 = x385 + x388;
int x390 = 0b00010011;
uint128_t x391 = x390 * x389;
uint128_t x392 = x384 + x391;
uint128_t x393 = x381 + x392;
int x394 = 0b00110011;
long x395 = M32 & (x393 >>> x394);
uint128_t x396 = ((uint128_t) x261) * x153;
uint128_t x397 = ((uint128_t) x262) * x150;
uint128_t x398 = ((uint128_t) x263) * x147;
uint128_t x399 = x397 + x398;
uint128_t x400 = x396 + x399;
uint128_t x401 = ((uint128_t) x259) * x144;
uint128_t x402 = ((uint128_t) x260) * x141;
uint128_t x403 = x401 + x402;
int x404 = 0b00010011;
uint128_t x405 = x404 * x403;
uint128_t x406 = x400 + x405;
uint128_t x407 = x395 + x406;
int x408 = 0b00110011;
long x409 = M32 & (x407 >>> x408);
uint128_t x410 = ((uint128_t) x260) * x153;
uint128_t x411 = ((uint128_t) x261) * x150;
uint128_t x412 = ((uint128_t) x262) * x147;
uint128_t x413 = ((uint128_t) x263) * x144;
uint128_t x414 = x412 + x413;
uint128_t x415 = x411 + x414;
uint128_t x416 = x410 + x415;
uint128_t x417 = ((uint128_t) x259) * x141;
int x418 = 0b00010011;
uint128_t x419 = x418 * x417;
uint128_t x420 = x416 + x419;
uint128_t x421 = x409 + x420;
int x422 = 0b00110011;
long x423 = M32 & (x421 >>> x422);
uint128_t x424 = ((uint128_t) x259) * x153;
uint128_t x425 = ((uint128_t) x260) * x150;
uint128_t x426 = ((uint128_t) x261) * x147;
uint128_t x427 = ((uint128_t) x262) * x144;
uint128_t x428 = ((uint128_t) x263) * x141;
uint128_t x429 = x427 + x428;
uint128_t x430 = x426 + x429;
uint128_t x431 = x425 + x430;
uint128_t x432 = x424 + x431;
uint128_t x433 = x423 + x432;
int x434 = 0b00110011;
long x435 = M32 & (x433 >>> x434);
int x436 = 0b00010011;
long x437 = x436 * x435;
long x438 = 0b0000000000000111111111111111111111111111111111111111111111111111;
long x439 = x379 & x438;
long x440 = x437 + x439;
int x441 = 0b00110011;
int x442 = (int) (x440 >>> x441);
long x443 = 0b0000000000000111111111111111111111111111111111111111111111111111;
long x444 = x393 & x443;
long x445 = x442 + x444;
long x446 = 0b0000000000000111111111111111111111111111111111111111111111111111;
long x447 = x433 & x446;
long x448 = 0b0000000000000111111111111111111111111111111111111111111111111111;
long x449 = x421 & x448;
int x450 = 0b00110011;
int x451 = (int) (x445 >>> x450);
long x452 = 0b0000000000000111111111111111111111111111111111111111111111111111;
long x453 = x407 & x452;
long x454 = x451 + x453;
long x455 = 0b0000000000000111111111111111111111111111111111111111111111111111;
long x456 = x445 & x455;
long x457 = 0b0000000000000111111111111111111111111111111111111111111111111111;
long x458 = x440 & x457;
long x459 = x357 + x447;
long x460 = x359 + x449;
long x461 = x364 + x454;
long x462 = x366 + x456;
long x463 = x368 + x458;
long x464 = x357 + x447;
long x465 = x359 + x449;
long x466 = x364 + x454;
long x467 = x366 + x456;
long x468 = x368 + x458;
uint128_t x469 = ((uint128_t) x463) * x468;
uint128_t x470 = ((uint128_t) x459) * x467;
uint128_t x471 = ((uint128_t) x460) * x466;
uint128_t x472 = ((uint128_t) x461) * x465;
uint128_t x473 = ((uint128_t) x462) * x464;
uint128_t x474 = x472 + x473;
uint128_t x475 = x471 + x474;
uint128_t x476 = x470 + x475;
int x477 = 0b00010011;
uint128_t x478 = x477 * x476;
uint128_t x479 = x469 + x478;
int x480 = 0b00110011;
long x481 = M32 & (x479 >>> x480);
uint128_t x482 = ((uint128_t) x462) * x468;
uint128_t x483 = ((uint128_t) x463) * x467;
uint128_t x484 = x482 + x483;
uint128_t x485 = ((uint128_t) x459) * x466;
uint128_t x486 = ((uint128_t) x460) * x465;
uint128_t x487 = ((uint128_t) x461) * x464;
uint128_t x488 = x486 + x487;
uint128_t x489 = x485 + x488;
int x490 = 0b00010011;
uint128_t x491 = x490 * x489;
uint128_t x492 = x484 + x491;
uint128_t x493 = x481 + x492;
int x494 = 0b00110011;
long x495 = M32 & (x493 >>> x494);
uint128_t x496 = ((uint128_t) x461) * x468;
uint128_t x497 = ((uint128_t) x462) * x467;
uint128_t x498 = ((uint128_t) x463) * x466;
uint128_t x499 = x497 + x498;
uint128_t x500 = x496 + x499;
uint128_t x501 = ((uint128_t) x459) * x465;
uint128_t x502 = ((uint128_t) x460) * x464;
uint128_t x503 = x501 + x502;
int x504 = 0b00010011;
uint128_t x505 = x504 * x503;
uint128_t x506 = x500 + x505;
uint128_t x507 = x495 + x506;
int x508 = 0b00110011;
long x509 = M32 & (x507 >>> x508);
uint128_t x510 = ((uint128_t) x460) * x468;
uint128_t x511 = ((uint128_t) x461) * x467;
uint128_t x512 = ((uint128_t) x462) * x466;
uint128_t x513 = ((uint128_t) x463) * x465;
uint128_t x514 = x512 + x513;
uint128_t x515 = x511 + x514;
uint128_t x516 = x510 + x515;
uint128_t x517 = ((uint128_t) x459) * x464;
int x518 = 0b00010011;
uint128_t x519 = x518 * x517;
uint128_t x520 = x516 + x519;
uint128_t x521 = x509 + x520;
int x522 = 0b00110011;
long x523 = M32 & (x521 >>> x522);
uint128_t x524 = ((uint128_t) x459) * x468;
uint128_t x525 = ((uint128_t) x460) * x467;
uint128_t x526 = ((uint128_t) x461) * x466;
uint128_t x527 = ((uint128_t) x462) * x465;
uint128_t x528 = ((uint128_t) x463) * x464;
uint128_t x529 = x527 + x528;
uint128_t x530 = x526 + x529;
uint128_t x531 = x525 + x530;
uint128_t x532 = x524 + x531;
uint128_t x533 = x523 + x532;
int x534 = 0b00110011;
long x535 = M32 & (x533 >>> x534);
int x536 = 0b00010011;
long x537 = x536 * x535;
long x538 = 0b0000000000000111111111111111111111111111111111111111111111111111;
long x539 = x479 & x538;
long x540 = x537 + x539;
int x541 = 0b00110011;
int x542 = (int) (x540 >>> x541);
long x543 = 0b0000000000000111111111111111111111111111111111111111111111111111;
long x544 = x493 & x543;
long x545 = x542 + x544;
long x546 = 0b0000000000000111111111111111111111111111111111111111111111111111;
long x547 = x533 & x546;
long x548 = 0b0000000000000111111111111111111111111111111111111111111111111111;
long x549 = x521 & x548;
int x550 = 0b00110011;
int x551 = (int) (x545 >>> x550);
long x552 = 0b0000000000000111111111111111111111111111111111111111111111111111;
long x553 = x507 & x552;
long x554 = x551 + x553;
long x555 = 0b0000000000000111111111111111111111111111111111111111111111111111;
long x556 = x545 & x555;
long x557 = 0b0000000000000111111111111111111111111111111111111111111111111111;
long x558 = x540 & x557;
long x559 = 0b0000000000001111111111111111111111111111111111111111111111111110;
long x560 = x559 + x357;
long x561 = x560 - x447;
long x562 = 0b0000000000001111111111111111111111111111111111111111111111111110;
long x563 = x562 + x359;
long x564 = x563 - x449;
long x565 = 0b0000000000001111111111111111111111111111111111111111111111111110;
long x566 = x565 + x364;
long x567 = x566 - x454;
long x568 = 0b0000000000001111111111111111111111111111111111111111111111111110;
long x569 = x568 + x366;
long x570 = x569 - x456;
long x571 = 0b0000000000001111111111111111111111111111111111111111111111011010;
long x572 = x571 + x368;
long x573 = x572 - x458;
long x574 = 0b0000000000001111111111111111111111111111111111111111111111111110;
long x575 = x574 + x357;
long x576 = x575 - x447;
long x577 = 0b0000000000001111111111111111111111111111111111111111111111111110;
long x578 = x577 + x359;
long x579 = x578 - x449;
long x580 = 0b0000000000001111111111111111111111111111111111111111111111111110;
long x581 = x580 + x364;
long x582 = x581 - x454;
long x583 = 0b0000000000001111111111111111111111111111111111111111111111111110;
long x584 = x583 + x366;
long x585 = x584 - x456;
long x586 = 0b0000000000001111111111111111111111111111111111111111111111011010;
long x587 = x586 + x368;
long x588 = x587 - x458;
uint128_t x589 = ((uint128_t) x573) * x588;
uint128_t x590 = ((uint128_t) x561) * x585;
uint128_t x591 = ((uint128_t) x564) * x582;
uint128_t x592 = ((uint128_t) x567) * x579;
uint128_t x593 = ((uint128_t) x570) * x576;
uint128_t x594 = x592 + x593;
uint128_t x595 = x591 + x594;
uint128_t x596 = x590 + x595;
int x597 = 0b00010011;
uint128_t x598 = x597 * x596;
uint128_t x599 = x589 + x598;
int x600 = 0b00110011;
long x601 = M32 & (x599 >>> x600);
uint128_t x602 = ((uint128_t) x570) * x588;
uint128_t x603 = ((uint128_t) x573) * x585;
uint128_t x604 = x602 + x603;
uint128_t x605 = ((uint128_t) x561) * x582;
uint128_t x606 = ((uint128_t) x564) * x579;
uint128_t x607 = ((uint128_t) x567) * x576;
uint128_t x608 = x606 + x607;
uint128_t x609 = x605 + x608;
int x610 = 0b00010011;
uint128_t x611 = x610 * x609;
uint128_t x612 = x604 + x611;
uint128_t x613 = x601 + x612;
int x614 = 0b00110011;
long x615 = M32 & (x613 >>> x614);
uint128_t x616 = ((uint128_t) x567) * x588;
uint128_t x617 = ((uint128_t) x570) * x585;
uint128_t x618 = ((uint128_t) x573) * x582;
uint128_t x619 = x617 + x618;
uint128_t x620 = x616 + x619;
uint128_t x621 = ((uint128_t) x561) * x579;
uint128_t x622 = ((uint128_t) x564) * x576;
uint128_t x623 = x621 + x622;
int x624 = 0b00010011;
uint128_t x625 = x624 * x623;
uint128_t x626 = x620 + x625;
uint128_t x627 = x615 + x626;
int x628 = 0b00110011;
long x629 = M32 & (x627 >>> x628);
uint128_t x630 = ((uint128_t) x564) * x588;
uint128_t x631 = ((uint128_t) x567) * x585;
uint128_t x632 = ((uint128_t) x570) * x582;
uint128_t x633 = ((uint128_t) x573) * x579;
uint128_t x634 = x632 + x633;
uint128_t x635 = x631 + x634;
uint128_t x636 = x630 + x635;
uint128_t x637 = ((uint128_t) x561) * x576;
int x638 = 0b00010011;
uint128_t x639 = x638 * x637;
uint128_t x640 = x636 + x639;
uint128_t x641 = x629 + x640;
int x642 = 0b00110011;
long x643 = M32 & (x641 >>> x642);
uint128_t x644 = ((uint128_t) x561) * x588;
uint128_t x645 = ((uint128_t) x564) * x585;
uint128_t x646 = ((uint128_t) x567) * x582;
uint128_t x647 = ((uint128_t) x570) * x579;
uint128_t x648 = ((uint128_t) x573) * x576;
uint128_t x649 = x647 + x648;
uint128_t x650 = x646 + x649;
uint128_t x651 = x645 + x650;
uint128_t x652 = x644 + x651;
uint128_t x653 = x643 + x652;
int x654 = 0b00110011;
long x655 = M32 & (x653 >>> x654);
int x656 = 0b00010011;
long x657 = x656 * x655;
long x658 = 0b0000000000000111111111111111111111111111111111111111111111111111;
long x659 = x599 & x658;
long x660 = x657 + x659;
int x661 = 0b00110011;
int x662 = (int) (x660 >>> x661);
long x663 = 0b0000000000000111111111111111111111111111111111111111111111111111;
long x664 = x613 & x663;
long x665 = x662 + x664;
long x666 = 0b0000000000000111111111111111111111111111111111111111111111111111;
long x667 = x653 & x666;
long x668 = 0b0000000000000111111111111111111111111111111111111111111111111111;
long x669 = x641 & x668;
int x670 = 0b00110011;
int x671 = (int) (x665 >>> x670);
long x672 = 0b0000000000000111111111111111111111111111111111111111111111111111;
long x673 = x627 & x672;
long x674 = x671 + x673;
long x675 = 0b0000000000000111111111111111111111111111111111111111111111111111;
long x676 = x665 & x675;
long x677 = 0b0000000000000111111111111111111111111111111111111111111111111111;
long x678 = x660 & x677;
uint128_t x679 = ((uint128_t) x23) * x678;
uint128_t x680 = ((uint128_t) x19) * x676;
uint128_t x681 = ((uint128_t) x20) * x674;
uint128_t x682 = ((uint128_t) x21) * x669;
uint128_t x683 = ((uint128_t) x22) * x667;
uint128_t x684 = x682 + x683;
uint128_t x685 = x681 + x684;
uint128_t x686 = x680 + x685;
int x687 = 0b00010011;
uint128_t x688 = x687 * x686;
uint128_t x689 = x679 + x688;
int x690 = 0b00110011;
long x691 = M32 & (x689 >>> x690);
uint128_t x692 = ((uint128_t) x22) * x678;
uint128_t x693 = ((uint128_t) x23) * x676;
uint128_t x694 = x692 + x693;
uint128_t x695 = ((uint128_t) x19) * x674;
uint128_t x696 = ((uint128_t) x20) * x669;
uint128_t x697 = ((uint128_t) x21) * x667;
uint128_t x698 = x696 + x697;
uint128_t x699 = x695 + x698;
int x700 = 0b00010011;
uint128_t x701 = x700 * x699;
uint128_t x702 = x694 + x701;
uint128_t x703 = x691 + x702;
int x704 = 0b00110011;
long x705 = M32 & (x703 >>> x704);
uint128_t x706 = ((uint128_t) x21) * x678;
uint128_t x707 = ((uint128_t) x22) * x676;
uint128_t x708 = ((uint128_t) x23) * x674;
uint128_t x709 = x707 + x708;
uint128_t x710 = x706 + x709;
uint128_t x711 = ((uint128_t) x19) * x669;
uint128_t x712 = ((uint128_t) x20) * x667;
uint128_t x713 = x711 + x712;
int x714 = 0b00010011;
uint128_t x715 = x714 * x713;
uint128_t x716 = x710 + x715;
uint128_t x717 = x705 + x716;
int x718 = 0b00110011;
long x719 = M32 & (x717 >>> x718);
uint128_t x720 = ((uint128_t) x20) * x678;
uint128_t x721 = ((uint128_t) x21) * x676;
uint128_t x722 = ((uint128_t) x22) * x674;
uint128_t x723 = ((uint128_t) x23) * x669;
uint128_t x724 = x722 + x723;
uint128_t x725 = x721 + x724;
uint128_t x726 = x720 + x725;
uint128_t x727 = ((uint128_t) x19) * x667;
int x728 = 0b00010011;
uint128_t x729 = x728 * x727;
uint128_t x730 = x726 + x729;
uint128_t x731 = x719 + x730;
int x732 = 0b00110011;
long x733 = M32 & (x731 >>> x732);
uint128_t x734 = ((uint128_t) x19) * x678;
uint128_t x735 = ((uint128_t) x20) * x676;
uint128_t x736 = ((uint128_t) x21) * x674;
uint128_t x737 = ((uint128_t) x22) * x669;
uint128_t x738 = ((uint128_t) x23) * x667;
uint128_t x739 = x737 + x738;
uint128_t x740 = x736 + x739;
uint128_t x741 = x735 + x740;
uint128_t x742 = x734 + x741;
uint128_t x743 = x733 + x742;
int x744 = 0b00110011;
long x745 = M32 & (x743 >>> x744);
int x746 = 0b00010011;
long x747 = x746 * x745;
long x748 = 0b0000000000000111111111111111111111111111111111111111111111111111;
long x749 = x689 & x748;
long x750 = x747 + x749;
int x751 = 0b00110011;
int x752 = (int) (x750 >>> x751);
long x753 = 0b0000000000000111111111111111111111111111111111111111111111111111;
long x754 = x703 & x753;
long x755 = x752 + x754;
long x756 = 0b0000000000000111111111111111111111111111111111111111111111111111;
long x757 = x743 & x756;
long x758 = 0b0000000000000111111111111111111111111111111111111111111111111111;
long x759 = x731 & x758;
int x760 = 0b00110011;
int x761 = (int) (x755 >>> x760);
long x762 = 0b0000000000000111111111111111111111111111111111111111111111111111;
long x763 = x717 & x762;
long x764 = x761 + x763;
long x765 = 0b0000000000000111111111111111111111111111111111111111111111111111;
long x766 = x755 & x765;
long x767 = 0b0000000000000111111111111111111111111111111111111111111111111111;
long x768 = x750 & x767;
uint128_t x769 = ((uint128_t) x138) * x243;
uint128_t x770 = ((uint128_t) x127) * x241;
uint128_t x771 = ((uint128_t) x129) * x239;
uint128_t x772 = ((uint128_t) x134) * x234;
uint128_t x773 = ((uint128_t) x136) * x232;
uint128_t x774 = x772 + x773;
uint128_t x775 = x771 + x774;
uint128_t x776 = x770 + x775;
int x777 = 0b00010011;
uint128_t x778 = x777 * x776;
uint128_t x779 = x769 + x778;
int x780 = 0b00110011;
long x781 = M32 & (x779 >>> x780);
uint128_t x782 = ((uint128_t) x136) * x243;
uint128_t x783 = ((uint128_t) x138) * x241;
uint128_t x784 = x782 + x783;
uint128_t x785 = ((uint128_t) x127) * x239;
uint128_t x786 = ((uint128_t) x129) * x234;
uint128_t x787 = ((uint128_t) x134) * x232;
uint128_t x788 = x786 + x787;
uint128_t x789 = x785 + x788;
int x790 = 0b00010011;
uint128_t x791 = x790 * x789;
uint128_t x792 = x784 + x791;
uint128_t x793 = x781 + x792;
int x794 = 0b00110011;
long x795 = M32 & (x793 >>> x794);
uint128_t x796 = ((uint128_t) x134) * x243;
uint128_t x797 = ((uint128_t) x136) * x241;
uint128_t x798 = ((uint128_t) x138) * x239;
uint128_t x799 = x797 + x798;
uint128_t x800 = x796 + x799;
uint128_t x801 = ((uint128_t) x127) * x234;
uint128_t x802 = ((uint128_t) x129) * x232;
uint128_t x803 = x801 + x802;
int x804 = 0b00010011;
uint128_t x805 = x804 * x803;
uint128_t x806 = x800 + x805;
uint128_t x807 = x795 + x806;
int x808 = 0b00110011;
long x809 = M32 & (x807 >>> x808);
uint128_t x810 = ((uint128_t) x129) * x243;
uint128_t x811 = ((uint128_t) x134) * x241;
uint128_t x812 = ((uint128_t) x136) * x239;
uint128_t x813 = ((uint128_t) x138) * x234;
uint128_t x814 = x812 + x813;
uint128_t x815 = x811 + x814;
uint128_t x816 = x810 + x815;
uint128_t x817 = ((uint128_t) x127) * x232;
int x818 = 0b00010011;
uint128_t x819 = x818 * x817;
uint128_t x820 = x816 + x819;
uint128_t x821 = x809 + x820;
int x822 = 0b00110011;
long x823 = M32 & (x821 >>> x822);
uint128_t x824 = ((uint128_t) x127) * x243;
uint128_t x825 = ((uint128_t) x129) * x241;
uint128_t x826 = ((uint128_t) x134) * x239;
uint128_t x827 = ((uint128_t) x136) * x234;
uint128_t x828 = ((uint128_t) x138) * x232;
uint128_t x829 = x827 + x828;
uint128_t x830 = x826 + x829;
uint128_t x831 = x825 + x830;
uint128_t x832 = x824 + x831;
uint128_t x833 = x823 + x832;
int x834 = 0b00110011;
long x835 = M32 & (x833 >>> x834);
int x836 = 0b00010011;
long x837 = x836 * x835;
long x838 = 0b0000000000000111111111111111111111111111111111111111111111111111;
long x839 = x779 & x838;
long x840 = x837 + x839;
int x841 = 0b00110011;
int x842 = (int) (x840 >>> x841);
long x843 = 0b0000000000000111111111111111111111111111111111111111111111111111;
long x844 = x793 & x843;
long x845 = x842 + x844;
long x846 = 0b0000000000000111111111111111111111111111111111111111111111111111;
long x847 = x833 & x846;
long x848 = 0b0000000000000111111111111111111111111111111111111111111111111111;
long x849 = x821 & x848;
int x850 = 0b00110011;
int x851 = (int) (x845 >>> x850);
long x852 = 0b0000000000000111111111111111111111111111111111111111111111111111;
long x853 = x807 & x852;
long x854 = x851 + x853;
long x855 = 0b0000000000000111111111111111111111111111111111111111111111111111;
long x856 = x845 & x855;
long x857 = 0b0000000000000111111111111111111111111111111111111111111111111111;
long x858 = x840 & x857;
uint128_t x859 = ((uint128_t) x18) * x258;
uint128_t x860 = ((uint128_t) x14) * x255;
uint128_t x861 = ((uint128_t) x15) * x252;
uint128_t x862 = ((uint128_t) x16) * x249;
uint128_t x863 = ((uint128_t) x17) * x246;
uint128_t x864 = x862 + x863;
uint128_t x865 = x861 + x864;
uint128_t x866 = x860 + x865;
int x867 = 0b00010011;
uint128_t x868 = x867 * x866;
uint128_t x869 = x859 + x868;
int x870 = 0b00110011;
long x871 = M32 & (x869 >>> x870);
uint128_t x872 = ((uint128_t) x17) * x258;
uint128_t x873 = ((uint128_t) x18) * x255;
uint128_t x874 = x872 + x873;
uint128_t x875 = ((uint128_t) x14) * x252;
uint128_t x876 = ((uint128_t) x15) * x249;
uint128_t x877 = ((uint128_t) x16) * x246;
uint128_t x878 = x876 + x877;
uint128_t x879 = x875 + x878;
int x880 = 0b00010011;
uint128_t x881 = x880 * x879;
uint128_t x882 = x874 + x881;
uint128_t x883 = x871 + x882;
int x884 = 0b00110011;
long x885 = M32 & (x883 >>> x884);
uint128_t x886 = ((uint128_t) x16) * x258;
uint128_t x887 = ((uint128_t) x17) * x255;
uint128_t x888 = ((uint128_t) x18) * x252;
uint128_t x889 = x887 + x888;
uint128_t x890 = x886 + x889;
uint128_t x891 = ((uint128_t) x14) * x249;
uint128_t x892 = ((uint128_t) x15) * x246;
uint128_t x893 = x891 + x892;
int x894 = 0b00010011;
uint128_t x895 = x894 * x893;
uint128_t x896 = x890 + x895;
uint128_t x897 = x885 + x896;
int x898 = 0b00110011;
long x899 = M32 & (x897 >>> x898);
uint128_t x900 = ((uint128_t) x15) * x258;
uint128_t x901 = ((uint128_t) x16) * x255;
uint128_t x902 = ((uint128_t) x17) * x252;
uint128_t x903 = ((uint128_t) x18) * x249;
uint128_t x904 = x902 + x903;
uint128_t x905 = x901 + x904;
uint128_t x906 = x900 + x905;
uint128_t x907 = ((uint128_t) x14) * x246;
int x908 = 0b00010011;
uint128_t x909 = x908 * x907;
uint128_t x910 = x906 + x909;
uint128_t x911 = x899 + x910;
int x912 = 0b00110011;
long x913 = M32 & (x911 >>> x912);
uint128_t x914 = ((uint128_t) x14) * x258;
uint128_t x915 = ((uint128_t) x15) * x255;
uint128_t x916 = ((uint128_t) x16) * x252;
uint128_t x917 = ((uint128_t) x17) * x249;
uint128_t x918 = ((uint128_t) x18) * x246;
uint128_t x919 = x917 + x918;
uint128_t x920 = x916 + x919;
uint128_t x921 = x915 + x920;
uint128_t x922 = x914 + x921;
uint128_t x923 = x913 + x922;
int x924 = 0b00110011;
long x925 = M32 & (x923 >>> x924);
int x926 = 0b00010011;
long x927 = x926 * x925;
long x928 = 0b0000000000000111111111111111111111111111111111111111111111111111;
long x929 = x869 & x928;
long x930 = x927 + x929;
int x931 = 0b00110011;
int x932 = (int) (x930 >>> x931);
long x933 = 0b0000000000000111111111111111111111111111111111111111111111111111;
long x934 = x883 & x933;
long x935 = x932 + x934;
long x936 = 0b0000000000000111111111111111111111111111111111111111111111111111;
long x937 = x923 & x936;
long x938 = 0b0000000000000111111111111111111111111111111111111111111111111111;
long x939 = x911 & x938;
int x940 = 0b00110011;
int x941 = (int) (x935 >>> x940);
long x942 = 0b0000000000000111111111111111111111111111111111111111111111111111;
long x943 = x897 & x942;
long x944 = x941 + x943;
long x945 = 0b0000000000000111111111111111111111111111111111111111111111111111;
long x946 = x935 & x945;
long x947 = 0b0000000000000111111111111111111111111111111111111111111111111111;
long x948 = x930 & x947;
long x949 = x127 + x937;
long x950 = x129 + x939;
long x951 = x134 + x944;
long x952 = x136 + x946;
long x953 = x138 + x948;
uint128_t x954 = ((uint128_t) x258) * x953;
uint128_t x955 = ((uint128_t) x246) * x952;
uint128_t x956 = ((uint128_t) x249) * x951;
uint128_t x957 = ((uint128_t) x252) * x950;
uint128_t x958 = ((uint128_t) x255) * x949;
uint128_t x959 = x957 + x958;
uint128_t x960 = x956 + x959;
uint128_t x961 = x955 + x960;
int x962 = 0b00010011;
uint128_t x963 = x962 * x961;
uint128_t x964 = x954 + x963;
int x965 = 0b00110011;
long x966 = M32 & (x964 >>> x965);
uint128_t x967 = ((uint128_t) x255) * x953;
uint128_t x968 = ((uint128_t) x258) * x952;
uint128_t x969 = x967 + x968;
uint128_t x970 = ((uint128_t) x246) * x951;
uint128_t x971 = ((uint128_t) x249) * x950;
uint128_t x972 = ((uint128_t) x252) * x949;
uint128_t x973 = x971 + x972;
uint128_t x974 = x970 + x973;
int x975 = 0b00010011;
uint128_t x976 = x975 * x974;
uint128_t x977 = x969 + x976;
uint128_t x978 = x966 + x977;
int x979 = 0b00110011;
long x980 = M32 & (x978 >>> x979);
uint128_t x981 = ((uint128_t) x252) * x953;
uint128_t x982 = ((uint128_t) x255) * x952;
uint128_t x983 = ((uint128_t) x258) * x951;
uint128_t x984 = x982 + x983;
uint128_t x985 = x981 + x984;
uint128_t x986 = ((uint128_t) x246) * x950;
uint128_t x987 = ((uint128_t) x249) * x949;
uint128_t x988 = x986 + x987;
int x989 = 0b00010011;
uint128_t x990 = x989 * x988;
uint128_t x991 = x985 + x990;
uint128_t x992 = x980 + x991;
int x993 = 0b00110011;
long x994 = M32 & (x992 >>> x993);
uint128_t x995 = ((uint128_t) x249) * x953;
uint128_t x996 = ((uint128_t) x252) * x952;
uint128_t x997 = ((uint128_t) x255) * x951;
uint128_t x998 = ((uint128_t) x258) * x950;
uint128_t x999 = x997 + x998;
uint128_t x1000 = x996 + x999;
uint128_t x1001 = x995 + x1000;
uint128_t x1002 = ((uint128_t) x246) * x949;
int x1003 = 0b00010011;
uint128_t x1004 = x1003 * x1002;
uint128_t x1005 = x1001 + x1004;
uint128_t x1006 = x994 + x1005;
int x1007 = 0b00110011;
long x1008 = M32 & (x1006 >>> x1007);
uint128_t x1009 = ((uint128_t) x246) * x953;
uint128_t x1010 = ((uint128_t) x249) * x952;
uint128_t x1011 = ((uint128_t) x252) * x951;
uint128_t x1012 = ((uint128_t) x255) * x950;
uint128_t x1013 = ((uint128_t) x258) * x949;
uint128_t x1014 = x1012 + x1013;
uint128_t x1015 = x1011 + x1014;
uint128_t x1016 = x1010 + x1015;
uint128_t x1017 = x1009 + x1016;
uint128_t x1018 = x1008 + x1017;
int x1019 = 0b00110011;
long x1020 = M32 & (x1018 >>> x1019);
int x1021 = 0b00010011;
long x1022 = x1021 * x1020;
long x1023 = 0b0000000000000111111111111111111111111111111111111111111111111111;
long x1024 = x964 & x1023;
long x1025 = x1022 + x1024;
int x1026 = 0b00110011;
int x1027 = (int) (x1025 >>> x1026);
long x1028 = 0b0000000000000111111111111111111111111111111111111111111111111111;
long x1029 = x978 & x1028;
long x1030 = x1027 + x1029;
long x1031 = 0b0000000000000111111111111111111111111111111111111111111111111111;
long x1032 = x1018 & x1031;
long x1033 = 0b0000000000000111111111111111111111111111111111111111111111111111;
long x1034 = x1006 & x1033;
int x1035 = 0b00110011;
int x1036 = (int) (x1030 >>> x1035);
long x1037 = 0b0000000000000111111111111111111111111111111111111111111111111111;
long x1038 = x992 & x1037;
long x1039 = x1036 + x1038;
long x1040 = 0b0000000000000111111111111111111111111111111111111111111111111111;
long x1041 = x1030 & x1040;
long x1042 = 0b0000000000000111111111111111111111111111111111111111111111111111;
long x1043 = x1025 & x1042;
(Return x847, Return x849, Return x854, Return x856, 
Return x858,
(Return x1032, Return x1034, Return x1039, Return x1041, Return x1043),
(Return x547, Return x549, Return x554, Return x556, Return x558),
(Return x757, Return x759, Return x764, Return x766, Return x768))
     : Java_like
