rmulW = 
fun var : base_type -> Type =>
λ x x0 x1 x2 x3 x4 x5 x6 x7 x8 : var (TWord 6),
uint128_t x9 = ((uint128_t) x3) * x8;
uint128_t x10 = ((uint128_t) x) * x7;
uint128_t x11 = ((uint128_t) x0) * x6;
uint128_t x12 = ((uint128_t) x1) * x5;
uint128_t x13 = ((uint128_t) x2) * x4;
uint128_t x14 = x12 + x13;
uint128_t x15 = x11 + x14;
uint128_t x16 = x10 + x15;
uint128_t x17 = 0b00010011 * x16;
uint128_t x18 = x9 + x17;
uint64_t x19 = (uint64_t) (x18 >> 0b00110011);
uint128_t x20 = ((uint128_t) x2) * x8;
uint128_t x21 = ((uint128_t) x3) * x7;
uint128_t x22 = x20 + x21;
uint128_t x23 = ((uint128_t) x) * x6;
uint128_t x24 = ((uint128_t) x0) * x5;
uint128_t x25 = ((uint128_t) x1) * x4;
uint128_t x26 = x24 + x25;
uint128_t x27 = x23 + x26;
uint128_t x28 = 0b00010011 * x27;
uint128_t x29 = x22 + x28;
uint128_t x30 = x19 + x29;
uint64_t x31 = (uint64_t) (x30 >> 0b00110011);
uint128_t x32 = ((uint128_t) x1) * x8;
uint128_t x33 = ((uint128_t) x2) * x7;
uint128_t x34 = ((uint128_t) x3) * x6;
uint128_t x35 = x33 + x34;
uint128_t x36 = x32 + x35;
uint128_t x37 = ((uint128_t) x) * x5;
uint128_t x38 = ((uint128_t) x0) * x4;
uint128_t x39 = x37 + x38;
uint128_t x40 = 0b00010011 * x39;
uint128_t x41 = x36 + x40;
uint128_t x42 = x31 + x41;
uint64_t x43 = (uint64_t) (x42 >> 0b00110011);
uint128_t x44 = ((uint128_t) x0) * x8;
uint128_t x45 = ((uint128_t) x1) * x7;
uint128_t x46 = ((uint128_t) x2) * x6;
uint128_t x47 = ((uint128_t) x3) * x5;
uint128_t x48 = x46 + x47;
uint128_t x49 = x45 + x48;
uint128_t x50 = x44 + x49;
uint128_t x51 = ((uint128_t) x) * x4;
uint128_t x52 = 0b00010011 * x51;
uint128_t x53 = x50 + x52;
uint128_t x54 = x43 + x53;
uint64_t x55 = (uint64_t) (x54 >> 0b00110011);
uint128_t x56 = ((uint128_t) x) * x8;
uint128_t x57 = ((uint128_t) x0) * x7;
uint128_t x58 = ((uint128_t) x1) * x6;
uint128_t x59 = ((uint128_t) x2) * x5;
uint128_t x60 = ((uint128_t) x3) * x4;
uint128_t x61 = x59 + x60;
uint128_t x62 = x58 + x61;
uint128_t x63 = x57 + x62;
uint128_t x64 = x56 + x63;
uint128_t x65 = x55 + x64;
uint64_t x66 = (uint64_t) (x65 >> 0b00110011);
uint64_t x67 = 0b00010011 * x66;
uint64_t x68 = x18 &
               0b0000000000000111111111111111111111111111111111111111111111111111;
uint64_t x69 = x67 + x68;
uint8_t x70 = (uint8_t) (x69 >> 0b00110011);
uint64_t x71 = x30 &
               0b0000000000000111111111111111111111111111111111111111111111111111;
uint64_t x72 = x70 + x71;
uint64_t x73 = x65 &
               0b0000000000000111111111111111111111111111111111111111111111111111;
uint64_t x74 = x54 &
               0b0000000000000111111111111111111111111111111111111111111111111111;
bool x75 = (bool) (x72 >> 0b00110011);
uint64_t x76 = x42 &
               0b0000000000000111111111111111111111111111111111111111111111111111;
uint64_t x77 = x75 + x76;
uint64_t x78 = x72 &
               0b0000000000000111111111111111111111111111111111111111111111111111;
uint64_t x79 = x69 &
               0b0000000000000111111111111111111111111111111111111111111111111111;
(Return x73, Return x74, Return x77, Return x78, Return x79)
     : C_like
