nonzero = λ var : Z.Syntax.base_type → Type,
λ '(x28, x29, x27, x25, x23, x21, x19, x17, x15, x13, x11, x9, x7, x5, x3, x1)%core,
uint32_t x30 = (x29 | x28);
uint32_t x31 = (x27 | x30);
uint32_t x32 = (x25 | x31);
uint32_t x33 = (x23 | x32);
uint32_t x34 = (x21 | x33);
uint32_t x35 = (x19 | x34);
uint32_t x36 = (x17 | x35);
uint32_t x37 = (x15 | x36);
uint32_t x38 = (x13 | x37);
uint32_t x39 = (x11 | x38);
uint32_t x40 = (x9 | x39);
uint32_t x41 = (x7 | x40);
uint32_t x42 = (x5 | x41);
uint32_t x43 = (x3 | x42);
uint32_t x44 = (x1 | x43);
return x44
     : ∀ var : Z.Syntax.base_type → Type, expr Z.Syntax.base_type Z.Syntax.op (uint32_t * uint32_t * uint32_t * uint32_t * uint32_t * uint32_t * uint32_t * uint32_t * uint32_t * uint32_t * uint32_t * uint32_t * uint32_t * uint32_t * uint32_t * uint32_t -> uint32_t)

Argument scope is [function_scope]
