mul = λ var : Z.Syntax.base_type → Type,
λ '(x22, x23, x21, x19, x17, x15, x13, x11, x9, x7, x5, x3, (x44, x45, x43, x41, x39, x37, x35, x33, x31, x29, x27, x25))%core,
uint64_t x46 = ((uint64_t)x22 * x44);
uint64_t x47 = (((uint64_t)x23 * x44) + ((uint64_t)x22 * x45));
uint64_t x48 = (((uint64_t)x21 * x44) + (((uint64_t)x23 * x45) + ((uint64_t)x22 * x43)));
uint64_t x49 = (((uint64_t)x19 * x44) + (((uint64_t)x21 * x45) + (((uint64_t)x23 * x43) + ((uint64_t)x22 * x41))));
uint64_t x50 = (((uint64_t)x17 * x44) + (((uint64_t)x19 * x45) + (((uint64_t)x21 * x43) + (((uint64_t)x23 * x41) + ((uint64_t)x22 * x39)))));
uint64_t x51 = (((uint64_t)x15 * x44) + (((uint64_t)x17 * x45) + (((uint64_t)x19 * x43) + (((uint64_t)x21 * x41) + (((uint64_t)x23 * x39) + ((uint64_t)x22 * x37))))));
uint64_t x52 = (((uint64_t)x13 * x44) + (((uint64_t)x15 * x45) + (((uint64_t)x17 * x43) + (((uint64_t)x19 * x41) + (((uint64_t)x21 * x39) + (((uint64_t)x23 * x37) + ((uint64_t)x22 * x35)))))));
uint64_t x53 = (((uint64_t)x11 * x44) + (((uint64_t)x13 * x45) + (((uint64_t)x15 * x43) + (((uint64_t)x17 * x41) + (((uint64_t)x19 * x39) + (((uint64_t)x21 * x37) + (((uint64_t)x23 * x35) + ((uint64_t)x22 * x33))))))));
uint64_t x54 = (((uint64_t)x9 * x44) + (((uint64_t)x11 * x45) + (((uint64_t)x13 * x43) + (((uint64_t)x15 * x41) + (((uint64_t)x17 * x39) + (((uint64_t)x19 * x37) + (((uint64_t)x21 * x35) + (((uint64_t)x23 * x33) + ((uint64_t)x22 * x31)))))))));
uint64_t x55 = (((uint64_t)x7 * x44) + (((uint64_t)x9 * x45) + (((uint64_t)x11 * x43) + (((uint64_t)x13 * x41) + (((uint64_t)x15 * x39) + (((uint64_t)x17 * x37) + (((uint64_t)x19 * x35) + (((uint64_t)x21 * x33) + (((uint64_t)x23 * x31) + ((uint64_t)x22 * x29))))))))));
uint64_t x56 = (((uint64_t)x5 * x44) + (((uint64_t)x7 * x45) + (((uint64_t)x9 * x43) + (((uint64_t)x11 * x41) + (((uint64_t)x13 * x39) + (((uint64_t)x15 * x37) + (((uint64_t)x17 * x35) + (((uint64_t)x19 * x33) + (((uint64_t)x21 * x31) + (((uint64_t)x23 * x29) + ((uint64_t)x22 * x27)))))))))));
uint64_t x57 = (((uint64_t)x3 * x44) + (((uint64_t)x5 * x45) + (((uint64_t)x7 * x43) + (((uint64_t)x9 * x41) + (((uint64_t)x11 * x39) + (((uint64_t)x13 * x37) + (((uint64_t)x15 * x35) + (((uint64_t)x17 * x33) + (((uint64_t)x19 * x31) + (((uint64_t)x21 * x29) + (((uint64_t)x23 * x27) + ((uint64_t)x22 * x25))))))))))));
uint64_t x58 = (((uint64_t)x3 * x45) + (((uint64_t)x5 * x43) + (((uint64_t)x7 * x41) + (((uint64_t)x9 * x39) + (((uint64_t)x11 * x37) + (((uint64_t)x13 * x35) + (((uint64_t)x15 * x33) + (((uint64_t)x17 * x31) + (((uint64_t)x19 * x29) + (((uint64_t)x21 * x27) + ((uint64_t)x23 * x25)))))))))));
uint64_t x59 = (((uint64_t)x3 * x43) + (((uint64_t)x5 * x41) + (((uint64_t)x7 * x39) + (((uint64_t)x9 * x37) + (((uint64_t)x11 * x35) + (((uint64_t)x13 * x33) + (((uint64_t)x15 * x31) + (((uint64_t)x17 * x29) + (((uint64_t)x19 * x27) + ((uint64_t)x21 * x25))))))))));
uint64_t x60 = (((uint64_t)x3 * x41) + (((uint64_t)x5 * x39) + (((uint64_t)x7 * x37) + (((uint64_t)x9 * x35) + (((uint64_t)x11 * x33) + (((uint64_t)x13 * x31) + (((uint64_t)x15 * x29) + (((uint64_t)x17 * x27) + ((uint64_t)x19 * x25)))))))));
uint64_t x61 = (((uint64_t)x3 * x39) + (((uint64_t)x5 * x37) + (((uint64_t)x7 * x35) + (((uint64_t)x9 * x33) + (((uint64_t)x11 * x31) + (((uint64_t)x13 * x29) + (((uint64_t)x15 * x27) + ((uint64_t)x17 * x25))))))));
uint64_t x62 = (((uint64_t)x3 * x37) + (((uint64_t)x5 * x35) + (((uint64_t)x7 * x33) + (((uint64_t)x9 * x31) + (((uint64_t)x11 * x29) + (((uint64_t)x13 * x27) + ((uint64_t)x15 * x25)))))));
uint64_t x63 = (((uint64_t)x3 * x35) + (((uint64_t)x5 * x33) + (((uint64_t)x7 * x31) + (((uint64_t)x9 * x29) + (((uint64_t)x11 * x27) + ((uint64_t)x13 * x25))))));
uint64_t x64 = (((uint64_t)x3 * x33) + (((uint64_t)x5 * x31) + (((uint64_t)x7 * x29) + (((uint64_t)x9 * x27) + ((uint64_t)x11 * x25)))));
uint64_t x65 = (((uint64_t)x3 * x31) + (((uint64_t)x5 * x29) + (((uint64_t)x7 * x27) + ((uint64_t)x9 * x25))));
uint64_t x66 = (((uint64_t)x3 * x29) + (((uint64_t)x5 * x27) + ((uint64_t)x7 * x25)));
uint64_t x67 = (((uint64_t)x3 * x27) + ((uint64_t)x5 * x25));
uint64_t x68 = ((uint64_t)x3 * x25);
uint64_t x69 = (x58 + (0x3 * x46));
uint64_t x70 = (x59 + (0x3 * x47));
uint64_t x71 = (x60 + (0x3 * x48));
uint64_t x72 = (x61 + (0x3 * x49));
uint64_t x73 = (x62 + (0x3 * x50));
ℤ x74 = (x63 +ℤ (0x3 * x51));
ℤ x75 = (x64 +ℤ (0x3 * x52));
ℤ x76 = (x65 +ℤ (0x3 *ℤ x53));
ℤ x77 = (x66 +ℤ (0x3 *ℤ x54));
ℤ x78 = (x67 +ℤ (0x3 *ℤ x55));
ℤ x79 = (x68 +ℤ (0x3 *ℤ x56));
uint64_t x80 = (x79 >> 0x1c);
uint32_t x81 = (x79 & 0xfffffff);
ℤ x82 = (x80 +ℤ x78);
uint64_t x83 = (x82 >> 0x1c);
uint32_t x84 = (x82 & 0xfffffff);
ℤ x85 = (x83 +ℤ x77);
uint64_t x86 = (x85 >> 0x1c);
uint32_t x87 = (x85 & 0xfffffff);
ℤ x88 = (x86 +ℤ x76);
uint64_t x89 = (x88 >> 0x1c);
uint32_t x90 = (x88 & 0xfffffff);
ℤ x91 = (x89 +ℤ x75);
uint64_t x92 = (x91 >> 0x1c);
uint32_t x93 = (x91 & 0xfffffff);
ℤ x94 = (x92 +ℤ x74);
uint64_t x95 = (x94 >> 0x1c);
uint32_t x96 = (x94 & 0xfffffff);
uint64_t x97 = (x95 + x73);
uint64_t x98 = (x97 >> 0x1c);
uint32_t x99 = ((uint32_t)x97 & 0xfffffff);
uint64_t x100 = (x98 + x72);
uint64_t x101 = (x100 >> 0x1c);
uint32_t x102 = ((uint32_t)x100 & 0xfffffff);
uint64_t x103 = (x101 + x71);
uint64_t x104 = (x103 >> 0x1c);
uint32_t x105 = ((uint32_t)x103 & 0xfffffff);
uint64_t x106 = (x104 + x70);
uint64_t x107 = (x106 >> 0x1c);
uint32_t x108 = ((uint32_t)x106 & 0xfffffff);
uint64_t x109 = (x107 + x69);
uint64_t x110 = (x109 >> 0x1c);
uint32_t x111 = ((uint32_t)x109 & 0xfffffff);
uint64_t x112 = (x110 + x57);
uint64_t x113 = (x112 >> 0x1c);
uint32_t x114 = ((uint32_t)x112 & 0xfffffff);
uint64_t x115 = (x81 + (0x3 * x113));
uint32_t x116 = (uint32_t) (x115 >> 0x1c);
uint32_t x117 = ((uint32_t)x115 & 0xfffffff);
uint32_t x118 = (x116 + x84);
uint32_t x119 = (x118 >> 0x1c);
uint32_t x120 = (x118 & 0xfffffff);
return (Return x114, Return x111, Return x108, Return x105, Return x102, Return x99, Return x96, Return x93, Return x90, (x119 + x87), Return x120, Return x117)
     : ∀ var : Z.Syntax.base_type → Type, expr Z.Syntax.base_type Z.Syntax.op (uint32_t * uint32_t * uint32_t * uint32_t * uint32_t * uint32_t * uint32_t * uint32_t * uint32_t * uint32_t * uint32_t * uint32_t * (uint32_t * uint32_t * uint32_t * uint32_t * uint32_t * uint32_t * uint32_t * uint32_t * uint32_t * uint32_t * uint32_t * uint32_t) -> uint32_t * uint32_t * uint32_t * uint32_t * uint32_t * uint32_t * uint32_t * uint32_t * uint32_t * uint32_t * uint32_t * uint32_t)

Argument scope is [function_scope]
