mul = λ var : Z.Syntax.base_type → Type,
λ '(x22, x23, x21, x19, x17, x15, x13, x11, x9, x7, x5, x3, (x44, x45, x43, x41, x39, x37, x35, x33, x31, x29, x27, x25))%core,
uint32_t x47, uint32_t x48 = mulx_u32(x3, x25);
uint32_t x50, uint32_t x51 = mulx_u32(x3, x27);
uint32_t x53, uint32_t x54 = mulx_u32(x3, x29);
uint32_t x56, uint32_t x57 = mulx_u32(x3, x31);
uint32_t x59, uint32_t x60 = mulx_u32(x3, x33);
uint32_t x62, uint32_t x63 = mulx_u32(x3, x35);
uint32_t x65, uint32_t x66 = mulx_u32(x3, x37);
uint32_t x68, uint32_t x69 = mulx_u32(x3, x39);
uint32_t x71, uint32_t x72 = mulx_u32(x3, x41);
uint32_t x74, uint32_t x75 = mulx_u32(x3, x43);
uint32_t x77, uint32_t x78 = mulx_u32(x3, x45);
uint32_t x80, uint32_t x81 = mulx_u32(x3, x44);
uint32_t x83, uint8_t x84 = addcarryx_u32(0x0, x48, x50);
uint32_t x86, uint8_t x87 = addcarryx_u32(x84, x51, x53);
uint32_t x89, uint8_t x90 = addcarryx_u32(x87, x54, x56);
uint32_t x92, uint8_t x93 = addcarryx_u32(x90, x57, x59);
uint32_t x95, uint8_t x96 = addcarryx_u32(x93, x60, x62);
uint32_t x98, uint8_t x99 = addcarryx_u32(x96, x63, x65);
uint32_t x101, uint8_t x102 = addcarryx_u32(x99, x66, x68);
uint32_t x104, uint8_t x105 = addcarryx_u32(x102, x69, x71);
uint32_t x107, uint8_t x108 = addcarryx_u32(x105, x72, x74);
uint32_t x110, uint8_t x111 = addcarryx_u32(x108, x75, x77);
uint32_t x113, uint8_t x114 = addcarryx_u32(x111, x78, x80);
uint32_t x116, uint8_t _ = addcarryx_u32(0x0, x114, x81);
uint32_t x119, uint8_t x120 = addcarryx_u32(0x0, 0x0, x107);
uint32_t x122, uint8_t x123 = addcarryx_u32(x120, 0x0, x110);
uint32_t x125, uint8_t x126 = addcarryx_u32(x123, 0x0, x113);
uint32_t x128, uint8_t x129 = addcarryx_u32(x126, 0x0, x116);
uint32_t x131, uint32_t x132 = mulx_u32(x47, 0xffffffff);
uint32_t x134, uint32_t x135 = mulx_u32(x47, 0xffffffff);
uint32_t x137, uint32_t x138 = mulx_u32(x47, 0xffffffff);
uint32_t x140, uint32_t x141 = mulx_u32(x47, 0xffffffff);
uint32_t x143, uint32_t x144 = mulx_u32(x47, 0xffffffff);
uint32_t x146, uint32_t x147 = mulx_u32(x47, 0xffffffff);
uint32_t x149, uint32_t x150 = mulx_u32(x47, 0xffffffff);
uint32_t x152, uint32_t x153 = mulx_u32(x47, 0xffffffff);
uint32_t x155, uint32_t x156 = mulx_u32(x47, 0xffffffff);
uint32_t x158, uint32_t x159 = mulx_u32(x47, 0xffffffff);
uint32_t x161, uint32_t x162 = mulx_u32(x47, 0xffffffff);
uint32_t x164, uint32_t x165 = mulx_u32(x47, 0xb0ffffff);
uint32_t x167, uint8_t x168 = addcarryx_u32(0x0, x132, x134);
uint32_t x170, uint8_t x171 = addcarryx_u32(x168, x135, x137);
uint32_t x173, uint8_t x174 = addcarryx_u32(x171, x138, x140);
uint32_t x176, uint8_t x177 = addcarryx_u32(x174, x141, x143);
uint32_t x179, uint8_t x180 = addcarryx_u32(x177, x144, x146);
uint32_t x182, uint8_t x183 = addcarryx_u32(x180, x147, x149);
uint32_t x185, uint8_t x186 = addcarryx_u32(x183, x150, x152);
uint32_t x188, uint8_t x189 = addcarryx_u32(x186, x153, x155);
uint32_t x191, uint8_t x192 = addcarryx_u32(x189, x156, x158);
uint32_t x194, uint8_t x195 = addcarryx_u32(x192, x159, x161);
uint32_t x197, uint8_t x198 = addcarryx_u32(x195, x162, x164);
uint32_t x200, uint8_t _ = addcarryx_u32(0x0, x198, x165);
uint32_t _, uint8_t x204 = addcarryx_u32(0x0, x47, x131);
uint32_t x206, uint8_t x207 = addcarryx_u32(x204, x83, x167);
uint32_t x209, uint8_t x210 = addcarryx_u32(x207, x86, x170);
uint32_t x212, uint8_t x213 = addcarryx_u32(x210, x89, x173);
uint32_t x215, uint8_t x216 = addcarryx_u32(x213, x92, x176);
uint32_t x218, uint8_t x219 = addcarryx_u32(x216, x95, x179);
uint32_t x221, uint8_t x222 = addcarryx_u32(x219, x98, x182);
uint32_t x224, uint8_t x225 = addcarryx_u32(x222, x101, x185);
uint32_t x227, uint8_t x228 = addcarryx_u32(x225, x104, x188);
uint32_t x230, uint8_t x231 = addcarryx_u32(x228, x119, x191);
uint32_t x233, uint8_t x234 = addcarryx_u32(x231, x122, x194);
uint32_t x236, uint8_t x237 = addcarryx_u32(x234, x125, x197);
uint32_t x239, uint8_t x240 = addcarryx_u32(x237, x128, x200);
uint8_t x241 = (x240 + x129);
uint32_t x243, uint32_t x244 = mulx_u32(x5, x25);
uint32_t x246, uint32_t x247 = mulx_u32(x5, x27);
uint32_t x249, uint32_t x250 = mulx_u32(x5, x29);
uint32_t x252, uint32_t x253 = mulx_u32(x5, x31);
uint32_t x255, uint32_t x256 = mulx_u32(x5, x33);
uint32_t x258, uint32_t x259 = mulx_u32(x5, x35);
uint32_t x261, uint32_t x262 = mulx_u32(x5, x37);
uint32_t x264, uint32_t x265 = mulx_u32(x5, x39);
uint32_t x267, uint32_t x268 = mulx_u32(x5, x41);
uint32_t x270, uint32_t x271 = mulx_u32(x5, x43);
uint32_t x273, uint32_t x274 = mulx_u32(x5, x45);
uint32_t x276, uint32_t x277 = mulx_u32(x5, x44);
uint32_t x279, uint8_t x280 = addcarryx_u32(0x0, x244, x246);
uint32_t x282, uint8_t x283 = addcarryx_u32(x280, x247, x249);
uint32_t x285, uint8_t x286 = addcarryx_u32(x283, x250, x252);
uint32_t x288, uint8_t x289 = addcarryx_u32(x286, x253, x255);
uint32_t x291, uint8_t x292 = addcarryx_u32(x289, x256, x258);
uint32_t x294, uint8_t x295 = addcarryx_u32(x292, x259, x261);
uint32_t x297, uint8_t x298 = addcarryx_u32(x295, x262, x264);
uint32_t x300, uint8_t x301 = addcarryx_u32(x298, x265, x267);
uint32_t x303, uint8_t x304 = addcarryx_u32(x301, x268, x270);
uint32_t x306, uint8_t x307 = addcarryx_u32(x304, x271, x273);
uint32_t x309, uint8_t x310 = addcarryx_u32(x307, x274, x276);
uint32_t x312, uint8_t _ = addcarryx_u32(0x0, x310, x277);
uint32_t x315, uint8_t x316 = addcarryx_u32(0x0, x206, x243);
uint32_t x318, uint8_t x319 = addcarryx_u32(x316, x209, x279);
uint32_t x321, uint8_t x322 = addcarryx_u32(x319, x212, x282);
uint32_t x324, uint8_t x325 = addcarryx_u32(x322, x215, x285);
uint32_t x327, uint8_t x328 = addcarryx_u32(x325, x218, x288);
uint32_t x330, uint8_t x331 = addcarryx_u32(x328, x221, x291);
uint32_t x333, uint8_t x334 = addcarryx_u32(x331, x224, x294);
uint32_t x336, uint8_t x337 = addcarryx_u32(x334, x227, x297);
uint32_t x339, uint8_t x340 = addcarryx_u32(x337, x230, x300);
uint32_t x342, uint8_t x343 = addcarryx_u32(x340, x233, x303);
uint32_t x345, uint8_t x346 = addcarryx_u32(x343, x236, x306);
uint32_t x348, uint8_t x349 = addcarryx_u32(x346, x239, x309);
uint32_t x351, uint8_t x352 = addcarryx_u32(x349, x241, x312);
uint32_t x354, uint32_t x355 = mulx_u32(x315, 0xffffffff);
uint32_t x357, uint32_t x358 = mulx_u32(x315, 0xffffffff);
uint32_t x360, uint32_t x361 = mulx_u32(x315, 0xffffffff);
uint32_t x363, uint32_t x364 = mulx_u32(x315, 0xffffffff);
uint32_t x366, uint32_t x367 = mulx_u32(x315, 0xffffffff);
uint32_t x369, uint32_t x370 = mulx_u32(x315, 0xffffffff);
uint32_t x372, uint32_t x373 = mulx_u32(x315, 0xffffffff);
uint32_t x375, uint32_t x376 = mulx_u32(x315, 0xffffffff);
uint32_t x378, uint32_t x379 = mulx_u32(x315, 0xffffffff);
uint32_t x381, uint32_t x382 = mulx_u32(x315, 0xffffffff);
uint32_t x384, uint32_t x385 = mulx_u32(x315, 0xffffffff);
uint32_t x387, uint32_t x388 = mulx_u32(x315, 0xb0ffffff);
uint32_t x390, uint8_t x391 = addcarryx_u32(0x0, x355, x357);
uint32_t x393, uint8_t x394 = addcarryx_u32(x391, x358, x360);
uint32_t x396, uint8_t x397 = addcarryx_u32(x394, x361, x363);
uint32_t x399, uint8_t x400 = addcarryx_u32(x397, x364, x366);
uint32_t x402, uint8_t x403 = addcarryx_u32(x400, x367, x369);
uint32_t x405, uint8_t x406 = addcarryx_u32(x403, x370, x372);
uint32_t x408, uint8_t x409 = addcarryx_u32(x406, x373, x375);
uint32_t x411, uint8_t x412 = addcarryx_u32(x409, x376, x378);
uint32_t x414, uint8_t x415 = addcarryx_u32(x412, x379, x381);
uint32_t x417, uint8_t x418 = addcarryx_u32(x415, x382, x384);
uint32_t x420, uint8_t x421 = addcarryx_u32(x418, x385, x387);
uint32_t x423, uint8_t _ = addcarryx_u32(0x0, x421, x388);
uint32_t _, uint8_t x427 = addcarryx_u32(0x0, x315, x354);
uint32_t x429, uint8_t x430 = addcarryx_u32(x427, x318, x390);
uint32_t x432, uint8_t x433 = addcarryx_u32(x430, x321, x393);
uint32_t x435, uint8_t x436 = addcarryx_u32(x433, x324, x396);
uint32_t x438, uint8_t x439 = addcarryx_u32(x436, x327, x399);
uint32_t x441, uint8_t x442 = addcarryx_u32(x439, x330, x402);
uint32_t x444, uint8_t x445 = addcarryx_u32(x442, x333, x405);
uint32_t x447, uint8_t x448 = addcarryx_u32(x445, x336, x408);
uint32_t x450, uint8_t x451 = addcarryx_u32(x448, x339, x411);
uint32_t x453, uint8_t x454 = addcarryx_u32(x451, x342, x414);
uint32_t x456, uint8_t x457 = addcarryx_u32(x454, x345, x417);
uint32_t x459, uint8_t x460 = addcarryx_u32(x457, x348, x420);
uint32_t x462, uint8_t x463 = addcarryx_u32(x460, x351, x423);
uint8_t x464 = (x463 + x352);
uint32_t x466, uint32_t x467 = mulx_u32(x7, x25);
uint32_t x469, uint32_t x470 = mulx_u32(x7, x27);
uint32_t x472, uint32_t x473 = mulx_u32(x7, x29);
uint32_t x475, uint32_t x476 = mulx_u32(x7, x31);
uint32_t x478, uint32_t x479 = mulx_u32(x7, x33);
uint32_t x481, uint32_t x482 = mulx_u32(x7, x35);
uint32_t x484, uint32_t x485 = mulx_u32(x7, x37);
uint32_t x487, uint32_t x488 = mulx_u32(x7, x39);
uint32_t x490, uint32_t x491 = mulx_u32(x7, x41);
uint32_t x493, uint32_t x494 = mulx_u32(x7, x43);
uint32_t x496, uint32_t x497 = mulx_u32(x7, x45);
uint32_t x499, uint32_t x500 = mulx_u32(x7, x44);
uint32_t x502, uint8_t x503 = addcarryx_u32(0x0, x467, x469);
uint32_t x505, uint8_t x506 = addcarryx_u32(x503, x470, x472);
uint32_t x508, uint8_t x509 = addcarryx_u32(x506, x473, x475);
uint32_t x511, uint8_t x512 = addcarryx_u32(x509, x476, x478);
uint32_t x514, uint8_t x515 = addcarryx_u32(x512, x479, x481);
uint32_t x517, uint8_t x518 = addcarryx_u32(x515, x482, x484);
uint32_t x520, uint8_t x521 = addcarryx_u32(x518, x485, x487);
uint32_t x523, uint8_t x524 = addcarryx_u32(x521, x488, x490);
uint32_t x526, uint8_t x527 = addcarryx_u32(x524, x491, x493);
uint32_t x529, uint8_t x530 = addcarryx_u32(x527, x494, x496);
uint32_t x532, uint8_t x533 = addcarryx_u32(x530, x497, x499);
uint32_t x535, uint8_t _ = addcarryx_u32(0x0, x533, x500);
uint32_t x538, uint8_t x539 = addcarryx_u32(0x0, x429, x466);
uint32_t x541, uint8_t x542 = addcarryx_u32(x539, x432, x502);
uint32_t x544, uint8_t x545 = addcarryx_u32(x542, x435, x505);
uint32_t x547, uint8_t x548 = addcarryx_u32(x545, x438, x508);
uint32_t x550, uint8_t x551 = addcarryx_u32(x548, x441, x511);
uint32_t x553, uint8_t x554 = addcarryx_u32(x551, x444, x514);
uint32_t x556, uint8_t x557 = addcarryx_u32(x554, x447, x517);
uint32_t x559, uint8_t x560 = addcarryx_u32(x557, x450, x520);
uint32_t x562, uint8_t x563 = addcarryx_u32(x560, x453, x523);
uint32_t x565, uint8_t x566 = addcarryx_u32(x563, x456, x526);
uint32_t x568, uint8_t x569 = addcarryx_u32(x566, x459, x529);
uint32_t x571, uint8_t x572 = addcarryx_u32(x569, x462, x532);
uint32_t x574, uint8_t x575 = addcarryx_u32(x572, x464, x535);
uint32_t x577, uint32_t x578 = mulx_u32(x538, 0xffffffff);
uint32_t x580, uint32_t x581 = mulx_u32(x538, 0xffffffff);
uint32_t x583, uint32_t x584 = mulx_u32(x538, 0xffffffff);
uint32_t x586, uint32_t x587 = mulx_u32(x538, 0xffffffff);
uint32_t x589, uint32_t x590 = mulx_u32(x538, 0xffffffff);
uint32_t x592, uint32_t x593 = mulx_u32(x538, 0xffffffff);
uint32_t x595, uint32_t x596 = mulx_u32(x538, 0xffffffff);
uint32_t x598, uint32_t x599 = mulx_u32(x538, 0xffffffff);
uint32_t x601, uint32_t x602 = mulx_u32(x538, 0xffffffff);
uint32_t x604, uint32_t x605 = mulx_u32(x538, 0xffffffff);
uint32_t x607, uint32_t x608 = mulx_u32(x538, 0xffffffff);
uint32_t x610, uint32_t x611 = mulx_u32(x538, 0xb0ffffff);
uint32_t x613, uint8_t x614 = addcarryx_u32(0x0, x578, x580);
uint32_t x616, uint8_t x617 = addcarryx_u32(x614, x581, x583);
uint32_t x619, uint8_t x620 = addcarryx_u32(x617, x584, x586);
uint32_t x622, uint8_t x623 = addcarryx_u32(x620, x587, x589);
uint32_t x625, uint8_t x626 = addcarryx_u32(x623, x590, x592);
uint32_t x628, uint8_t x629 = addcarryx_u32(x626, x593, x595);
uint32_t x631, uint8_t x632 = addcarryx_u32(x629, x596, x598);
uint32_t x634, uint8_t x635 = addcarryx_u32(x632, x599, x601);
uint32_t x637, uint8_t x638 = addcarryx_u32(x635, x602, x604);
uint32_t x640, uint8_t x641 = addcarryx_u32(x638, x605, x607);
uint32_t x643, uint8_t x644 = addcarryx_u32(x641, x608, x610);
uint32_t x646, uint8_t _ = addcarryx_u32(0x0, x644, x611);
uint32_t _, uint8_t x650 = addcarryx_u32(0x0, x538, x577);
uint32_t x652, uint8_t x653 = addcarryx_u32(x650, x541, x613);
uint32_t x655, uint8_t x656 = addcarryx_u32(x653, x544, x616);
uint32_t x658, uint8_t x659 = addcarryx_u32(x656, x547, x619);
uint32_t x661, uint8_t x662 = addcarryx_u32(x659, x550, x622);
uint32_t x664, uint8_t x665 = addcarryx_u32(x662, x553, x625);
uint32_t x667, uint8_t x668 = addcarryx_u32(x665, x556, x628);
uint32_t x670, uint8_t x671 = addcarryx_u32(x668, x559, x631);
uint32_t x673, uint8_t x674 = addcarryx_u32(x671, x562, x634);
uint32_t x676, uint8_t x677 = addcarryx_u32(x674, x565, x637);
uint32_t x679, uint8_t x680 = addcarryx_u32(x677, x568, x640);
uint32_t x682, uint8_t x683 = addcarryx_u32(x680, x571, x643);
uint32_t x685, uint8_t x686 = addcarryx_u32(x683, x574, x646);
uint8_t x687 = (x686 + x575);
uint32_t x689, uint32_t x690 = mulx_u32(x9, x25);
uint32_t x692, uint32_t x693 = mulx_u32(x9, x27);
uint32_t x695, uint32_t x696 = mulx_u32(x9, x29);
uint32_t x698, uint32_t x699 = mulx_u32(x9, x31);
uint32_t x701, uint32_t x702 = mulx_u32(x9, x33);
uint32_t x704, uint32_t x705 = mulx_u32(x9, x35);
uint32_t x707, uint32_t x708 = mulx_u32(x9, x37);
uint32_t x710, uint32_t x711 = mulx_u32(x9, x39);
uint32_t x713, uint32_t x714 = mulx_u32(x9, x41);
uint32_t x716, uint32_t x717 = mulx_u32(x9, x43);
uint32_t x719, uint32_t x720 = mulx_u32(x9, x45);
uint32_t x722, uint32_t x723 = mulx_u32(x9, x44);
uint32_t x725, uint8_t x726 = addcarryx_u32(0x0, x690, x692);
uint32_t x728, uint8_t x729 = addcarryx_u32(x726, x693, x695);
uint32_t x731, uint8_t x732 = addcarryx_u32(x729, x696, x698);
uint32_t x734, uint8_t x735 = addcarryx_u32(x732, x699, x701);
uint32_t x737, uint8_t x738 = addcarryx_u32(x735, x702, x704);
uint32_t x740, uint8_t x741 = addcarryx_u32(x738, x705, x707);
uint32_t x743, uint8_t x744 = addcarryx_u32(x741, x708, x710);
uint32_t x746, uint8_t x747 = addcarryx_u32(x744, x711, x713);
uint32_t x749, uint8_t x750 = addcarryx_u32(x747, x714, x716);
uint32_t x752, uint8_t x753 = addcarryx_u32(x750, x717, x719);
uint32_t x755, uint8_t x756 = addcarryx_u32(x753, x720, x722);
uint32_t x758, uint8_t _ = addcarryx_u32(0x0, x756, x723);
uint32_t x761, uint8_t x762 = addcarryx_u32(0x0, x652, x689);
uint32_t x764, uint8_t x765 = addcarryx_u32(x762, x655, x725);
uint32_t x767, uint8_t x768 = addcarryx_u32(x765, x658, x728);
uint32_t x770, uint8_t x771 = addcarryx_u32(x768, x661, x731);
uint32_t x773, uint8_t x774 = addcarryx_u32(x771, x664, x734);
uint32_t x776, uint8_t x777 = addcarryx_u32(x774, x667, x737);
uint32_t x779, uint8_t x780 = addcarryx_u32(x777, x670, x740);
uint32_t x782, uint8_t x783 = addcarryx_u32(x780, x673, x743);
uint32_t x785, uint8_t x786 = addcarryx_u32(x783, x676, x746);
uint32_t x788, uint8_t x789 = addcarryx_u32(x786, x679, x749);
uint32_t x791, uint8_t x792 = addcarryx_u32(x789, x682, x752);
uint32_t x794, uint8_t x795 = addcarryx_u32(x792, x685, x755);
uint32_t x797, uint8_t x798 = addcarryx_u32(x795, x687, x758);
uint32_t x800, uint32_t x801 = mulx_u32(x761, 0xffffffff);
uint32_t x803, uint32_t x804 = mulx_u32(x761, 0xffffffff);
uint32_t x806, uint32_t x807 = mulx_u32(x761, 0xffffffff);
uint32_t x809, uint32_t x810 = mulx_u32(x761, 0xffffffff);
uint32_t x812, uint32_t x813 = mulx_u32(x761, 0xffffffff);
uint32_t x815, uint32_t x816 = mulx_u32(x761, 0xffffffff);
uint32_t x818, uint32_t x819 = mulx_u32(x761, 0xffffffff);
uint32_t x821, uint32_t x822 = mulx_u32(x761, 0xffffffff);
uint32_t x824, uint32_t x825 = mulx_u32(x761, 0xffffffff);
uint32_t x827, uint32_t x828 = mulx_u32(x761, 0xffffffff);
uint32_t x830, uint32_t x831 = mulx_u32(x761, 0xffffffff);
uint32_t x833, uint32_t x834 = mulx_u32(x761, 0xb0ffffff);
uint32_t x836, uint8_t x837 = addcarryx_u32(0x0, x801, x803);
uint32_t x839, uint8_t x840 = addcarryx_u32(x837, x804, x806);
uint32_t x842, uint8_t x843 = addcarryx_u32(x840, x807, x809);
uint32_t x845, uint8_t x846 = addcarryx_u32(x843, x810, x812);
uint32_t x848, uint8_t x849 = addcarryx_u32(x846, x813, x815);
uint32_t x851, uint8_t x852 = addcarryx_u32(x849, x816, x818);
uint32_t x854, uint8_t x855 = addcarryx_u32(x852, x819, x821);
uint32_t x857, uint8_t x858 = addcarryx_u32(x855, x822, x824);
uint32_t x860, uint8_t x861 = addcarryx_u32(x858, x825, x827);
uint32_t x863, uint8_t x864 = addcarryx_u32(x861, x828, x830);
uint32_t x866, uint8_t x867 = addcarryx_u32(x864, x831, x833);
uint32_t x869, uint8_t _ = addcarryx_u32(0x0, x867, x834);
uint32_t _, uint8_t x873 = addcarryx_u32(0x0, x761, x800);
uint32_t x875, uint8_t x876 = addcarryx_u32(x873, x764, x836);
uint32_t x878, uint8_t x879 = addcarryx_u32(x876, x767, x839);
uint32_t x881, uint8_t x882 = addcarryx_u32(x879, x770, x842);
uint32_t x884, uint8_t x885 = addcarryx_u32(x882, x773, x845);
uint32_t x887, uint8_t x888 = addcarryx_u32(x885, x776, x848);
uint32_t x890, uint8_t x891 = addcarryx_u32(x888, x779, x851);
uint32_t x893, uint8_t x894 = addcarryx_u32(x891, x782, x854);
uint32_t x896, uint8_t x897 = addcarryx_u32(x894, x785, x857);
uint32_t x899, uint8_t x900 = addcarryx_u32(x897, x788, x860);
uint32_t x902, uint8_t x903 = addcarryx_u32(x900, x791, x863);
uint32_t x905, uint8_t x906 = addcarryx_u32(x903, x794, x866);
uint32_t x908, uint8_t x909 = addcarryx_u32(x906, x797, x869);
uint8_t x910 = (x909 + x798);
uint32_t x912, uint32_t x913 = mulx_u32(x11, x25);
uint32_t x915, uint32_t x916 = mulx_u32(x11, x27);
uint32_t x918, uint32_t x919 = mulx_u32(x11, x29);
uint32_t x921, uint32_t x922 = mulx_u32(x11, x31);
uint32_t x924, uint32_t x925 = mulx_u32(x11, x33);
uint32_t x927, uint32_t x928 = mulx_u32(x11, x35);
uint32_t x930, uint32_t x931 = mulx_u32(x11, x37);
uint32_t x933, uint32_t x934 = mulx_u32(x11, x39);
uint32_t x936, uint32_t x937 = mulx_u32(x11, x41);
uint32_t x939, uint32_t x940 = mulx_u32(x11, x43);
uint32_t x942, uint32_t x943 = mulx_u32(x11, x45);
uint32_t x945, uint32_t x946 = mulx_u32(x11, x44);
uint32_t x948, uint8_t x949 = addcarryx_u32(0x0, x913, x915);
uint32_t x951, uint8_t x952 = addcarryx_u32(x949, x916, x918);
uint32_t x954, uint8_t x955 = addcarryx_u32(x952, x919, x921);
uint32_t x957, uint8_t x958 = addcarryx_u32(x955, x922, x924);
uint32_t x960, uint8_t x961 = addcarryx_u32(x958, x925, x927);
uint32_t x963, uint8_t x964 = addcarryx_u32(x961, x928, x930);
uint32_t x966, uint8_t x967 = addcarryx_u32(x964, x931, x933);
uint32_t x969, uint8_t x970 = addcarryx_u32(x967, x934, x936);
uint32_t x972, uint8_t x973 = addcarryx_u32(x970, x937, x939);
uint32_t x975, uint8_t x976 = addcarryx_u32(x973, x940, x942);
uint32_t x978, uint8_t x979 = addcarryx_u32(x976, x943, x945);
uint32_t x981, uint8_t _ = addcarryx_u32(0x0, x979, x946);
uint32_t x984, uint8_t x985 = addcarryx_u32(0x0, x875, x912);
uint32_t x987, uint8_t x988 = addcarryx_u32(x985, x878, x948);
uint32_t x990, uint8_t x991 = addcarryx_u32(x988, x881, x951);
uint32_t x993, uint8_t x994 = addcarryx_u32(x991, x884, x954);
uint32_t x996, uint8_t x997 = addcarryx_u32(x994, x887, x957);
uint32_t x999, uint8_t x1000 = addcarryx_u32(x997, x890, x960);
uint32_t x1002, uint8_t x1003 = addcarryx_u32(x1000, x893, x963);
uint32_t x1005, uint8_t x1006 = addcarryx_u32(x1003, x896, x966);
uint32_t x1008, uint8_t x1009 = addcarryx_u32(x1006, x899, x969);
uint32_t x1011, uint8_t x1012 = addcarryx_u32(x1009, x902, x972);
uint32_t x1014, uint8_t x1015 = addcarryx_u32(x1012, x905, x975);
uint32_t x1017, uint8_t x1018 = addcarryx_u32(x1015, x908, x978);
uint32_t x1020, uint8_t x1021 = addcarryx_u32(x1018, x910, x981);
uint32_t x1023, uint32_t x1024 = mulx_u32(x984, 0xffffffff);
uint32_t x1026, uint32_t x1027 = mulx_u32(x984, 0xffffffff);
uint32_t x1029, uint32_t x1030 = mulx_u32(x984, 0xffffffff);
uint32_t x1032, uint32_t x1033 = mulx_u32(x984, 0xffffffff);
uint32_t x1035, uint32_t x1036 = mulx_u32(x984, 0xffffffff);
uint32_t x1038, uint32_t x1039 = mulx_u32(x984, 0xffffffff);
uint32_t x1041, uint32_t x1042 = mulx_u32(x984, 0xffffffff);
uint32_t x1044, uint32_t x1045 = mulx_u32(x984, 0xffffffff);
uint32_t x1047, uint32_t x1048 = mulx_u32(x984, 0xffffffff);
uint32_t x1050, uint32_t x1051 = mulx_u32(x984, 0xffffffff);
uint32_t x1053, uint32_t x1054 = mulx_u32(x984, 0xffffffff);
uint32_t x1056, uint32_t x1057 = mulx_u32(x984, 0xb0ffffff);
uint32_t x1059, uint8_t x1060 = addcarryx_u32(0x0, x1024, x1026);
uint32_t x1062, uint8_t x1063 = addcarryx_u32(x1060, x1027, x1029);
uint32_t x1065, uint8_t x1066 = addcarryx_u32(x1063, x1030, x1032);
uint32_t x1068, uint8_t x1069 = addcarryx_u32(x1066, x1033, x1035);
uint32_t x1071, uint8_t x1072 = addcarryx_u32(x1069, x1036, x1038);
uint32_t x1074, uint8_t x1075 = addcarryx_u32(x1072, x1039, x1041);
uint32_t x1077, uint8_t x1078 = addcarryx_u32(x1075, x1042, x1044);
uint32_t x1080, uint8_t x1081 = addcarryx_u32(x1078, x1045, x1047);
uint32_t x1083, uint8_t x1084 = addcarryx_u32(x1081, x1048, x1050);
uint32_t x1086, uint8_t x1087 = addcarryx_u32(x1084, x1051, x1053);
uint32_t x1089, uint8_t x1090 = addcarryx_u32(x1087, x1054, x1056);
uint32_t x1092, uint8_t _ = addcarryx_u32(0x0, x1090, x1057);
uint32_t _, uint8_t x1096 = addcarryx_u32(0x0, x984, x1023);
uint32_t x1098, uint8_t x1099 = addcarryx_u32(x1096, x987, x1059);
uint32_t x1101, uint8_t x1102 = addcarryx_u32(x1099, x990, x1062);
uint32_t x1104, uint8_t x1105 = addcarryx_u32(x1102, x993, x1065);
uint32_t x1107, uint8_t x1108 = addcarryx_u32(x1105, x996, x1068);
uint32_t x1110, uint8_t x1111 = addcarryx_u32(x1108, x999, x1071);
uint32_t x1113, uint8_t x1114 = addcarryx_u32(x1111, x1002, x1074);
uint32_t x1116, uint8_t x1117 = addcarryx_u32(x1114, x1005, x1077);
uint32_t x1119, uint8_t x1120 = addcarryx_u32(x1117, x1008, x1080);
uint32_t x1122, uint8_t x1123 = addcarryx_u32(x1120, x1011, x1083);
uint32_t x1125, uint8_t x1126 = addcarryx_u32(x1123, x1014, x1086);
uint32_t x1128, uint8_t x1129 = addcarryx_u32(x1126, x1017, x1089);
uint32_t x1131, uint8_t x1132 = addcarryx_u32(x1129, x1020, x1092);
uint8_t x1133 = (x1132 + x1021);
uint32_t x1135, uint32_t x1136 = mulx_u32(x13, x25);
uint32_t x1138, uint32_t x1139 = mulx_u32(x13, x27);
uint32_t x1141, uint32_t x1142 = mulx_u32(x13, x29);
uint32_t x1144, uint32_t x1145 = mulx_u32(x13, x31);
uint32_t x1147, uint32_t x1148 = mulx_u32(x13, x33);
uint32_t x1150, uint32_t x1151 = mulx_u32(x13, x35);
uint32_t x1153, uint32_t x1154 = mulx_u32(x13, x37);
uint32_t x1156, uint32_t x1157 = mulx_u32(x13, x39);
uint32_t x1159, uint32_t x1160 = mulx_u32(x13, x41);
uint32_t x1162, uint32_t x1163 = mulx_u32(x13, x43);
uint32_t x1165, uint32_t x1166 = mulx_u32(x13, x45);
uint32_t x1168, uint32_t x1169 = mulx_u32(x13, x44);
uint32_t x1171, uint8_t x1172 = addcarryx_u32(0x0, x1136, x1138);
uint32_t x1174, uint8_t x1175 = addcarryx_u32(x1172, x1139, x1141);
uint32_t x1177, uint8_t x1178 = addcarryx_u32(x1175, x1142, x1144);
uint32_t x1180, uint8_t x1181 = addcarryx_u32(x1178, x1145, x1147);
uint32_t x1183, uint8_t x1184 = addcarryx_u32(x1181, x1148, x1150);
uint32_t x1186, uint8_t x1187 = addcarryx_u32(x1184, x1151, x1153);
uint32_t x1189, uint8_t x1190 = addcarryx_u32(x1187, x1154, x1156);
uint32_t x1192, uint8_t x1193 = addcarryx_u32(x1190, x1157, x1159);
uint32_t x1195, uint8_t x1196 = addcarryx_u32(x1193, x1160, x1162);
uint32_t x1198, uint8_t x1199 = addcarryx_u32(x1196, x1163, x1165);
uint32_t x1201, uint8_t x1202 = addcarryx_u32(x1199, x1166, x1168);
uint32_t x1204, uint8_t _ = addcarryx_u32(0x0, x1202, x1169);
uint32_t x1207, uint8_t x1208 = addcarryx_u32(0x0, x1098, x1135);
uint32_t x1210, uint8_t x1211 = addcarryx_u32(x1208, x1101, x1171);
uint32_t x1213, uint8_t x1214 = addcarryx_u32(x1211, x1104, x1174);
uint32_t x1216, uint8_t x1217 = addcarryx_u32(x1214, x1107, x1177);
uint32_t x1219, uint8_t x1220 = addcarryx_u32(x1217, x1110, x1180);
uint32_t x1222, uint8_t x1223 = addcarryx_u32(x1220, x1113, x1183);
uint32_t x1225, uint8_t x1226 = addcarryx_u32(x1223, x1116, x1186);
uint32_t x1228, uint8_t x1229 = addcarryx_u32(x1226, x1119, x1189);
uint32_t x1231, uint8_t x1232 = addcarryx_u32(x1229, x1122, x1192);
uint32_t x1234, uint8_t x1235 = addcarryx_u32(x1232, x1125, x1195);
uint32_t x1237, uint8_t x1238 = addcarryx_u32(x1235, x1128, x1198);
uint32_t x1240, uint8_t x1241 = addcarryx_u32(x1238, x1131, x1201);
uint32_t x1243, uint8_t x1244 = addcarryx_u32(x1241, x1133, x1204);
uint32_t x1246, uint32_t x1247 = mulx_u32(x1207, 0xffffffff);
uint32_t x1249, uint32_t x1250 = mulx_u32(x1207, 0xffffffff);
uint32_t x1252, uint32_t x1253 = mulx_u32(x1207, 0xffffffff);
uint32_t x1255, uint32_t x1256 = mulx_u32(x1207, 0xffffffff);
uint32_t x1258, uint32_t x1259 = mulx_u32(x1207, 0xffffffff);
uint32_t x1261, uint32_t x1262 = mulx_u32(x1207, 0xffffffff);
uint32_t x1264, uint32_t x1265 = mulx_u32(x1207, 0xffffffff);
uint32_t x1267, uint32_t x1268 = mulx_u32(x1207, 0xffffffff);
uint32_t x1270, uint32_t x1271 = mulx_u32(x1207, 0xffffffff);
uint32_t x1273, uint32_t x1274 = mulx_u32(x1207, 0xffffffff);
uint32_t x1276, uint32_t x1277 = mulx_u32(x1207, 0xffffffff);
uint32_t x1279, uint32_t x1280 = mulx_u32(x1207, 0xb0ffffff);
uint32_t x1282, uint8_t x1283 = addcarryx_u32(0x0, x1247, x1249);
uint32_t x1285, uint8_t x1286 = addcarryx_u32(x1283, x1250, x1252);
uint32_t x1288, uint8_t x1289 = addcarryx_u32(x1286, x1253, x1255);
uint32_t x1291, uint8_t x1292 = addcarryx_u32(x1289, x1256, x1258);
uint32_t x1294, uint8_t x1295 = addcarryx_u32(x1292, x1259, x1261);
uint32_t x1297, uint8_t x1298 = addcarryx_u32(x1295, x1262, x1264);
uint32_t x1300, uint8_t x1301 = addcarryx_u32(x1298, x1265, x1267);
uint32_t x1303, uint8_t x1304 = addcarryx_u32(x1301, x1268, x1270);
uint32_t x1306, uint8_t x1307 = addcarryx_u32(x1304, x1271, x1273);
uint32_t x1309, uint8_t x1310 = addcarryx_u32(x1307, x1274, x1276);
uint32_t x1312, uint8_t x1313 = addcarryx_u32(x1310, x1277, x1279);
uint32_t x1315, uint8_t _ = addcarryx_u32(0x0, x1313, x1280);
uint32_t _, uint8_t x1319 = addcarryx_u32(0x0, x1207, x1246);
uint32_t x1321, uint8_t x1322 = addcarryx_u32(x1319, x1210, x1282);
uint32_t x1324, uint8_t x1325 = addcarryx_u32(x1322, x1213, x1285);
uint32_t x1327, uint8_t x1328 = addcarryx_u32(x1325, x1216, x1288);
uint32_t x1330, uint8_t x1331 = addcarryx_u32(x1328, x1219, x1291);
uint32_t x1333, uint8_t x1334 = addcarryx_u32(x1331, x1222, x1294);
uint32_t x1336, uint8_t x1337 = addcarryx_u32(x1334, x1225, x1297);
uint32_t x1339, uint8_t x1340 = addcarryx_u32(x1337, x1228, x1300);
uint32_t x1342, uint8_t x1343 = addcarryx_u32(x1340, x1231, x1303);
uint32_t x1345, uint8_t x1346 = addcarryx_u32(x1343, x1234, x1306);
uint32_t x1348, uint8_t x1349 = addcarryx_u32(x1346, x1237, x1309);
uint32_t x1351, uint8_t x1352 = addcarryx_u32(x1349, x1240, x1312);
uint32_t x1354, uint8_t x1355 = addcarryx_u32(x1352, x1243, x1315);
uint8_t x1356 = (x1355 + x1244);
uint32_t x1358, uint32_t x1359 = mulx_u32(x15, x25);
uint32_t x1361, uint32_t x1362 = mulx_u32(x15, x27);
uint32_t x1364, uint32_t x1365 = mulx_u32(x15, x29);
uint32_t x1367, uint32_t x1368 = mulx_u32(x15, x31);
uint32_t x1370, uint32_t x1371 = mulx_u32(x15, x33);
uint32_t x1373, uint32_t x1374 = mulx_u32(x15, x35);
uint32_t x1376, uint32_t x1377 = mulx_u32(x15, x37);
uint32_t x1379, uint32_t x1380 = mulx_u32(x15, x39);
uint32_t x1382, uint32_t x1383 = mulx_u32(x15, x41);
uint32_t x1385, uint32_t x1386 = mulx_u32(x15, x43);
uint32_t x1388, uint32_t x1389 = mulx_u32(x15, x45);
uint32_t x1391, uint32_t x1392 = mulx_u32(x15, x44);
uint32_t x1394, uint8_t x1395 = addcarryx_u32(0x0, x1359, x1361);
uint32_t x1397, uint8_t x1398 = addcarryx_u32(x1395, x1362, x1364);
uint32_t x1400, uint8_t x1401 = addcarryx_u32(x1398, x1365, x1367);
uint32_t x1403, uint8_t x1404 = addcarryx_u32(x1401, x1368, x1370);
uint32_t x1406, uint8_t x1407 = addcarryx_u32(x1404, x1371, x1373);
uint32_t x1409, uint8_t x1410 = addcarryx_u32(x1407, x1374, x1376);
uint32_t x1412, uint8_t x1413 = addcarryx_u32(x1410, x1377, x1379);
uint32_t x1415, uint8_t x1416 = addcarryx_u32(x1413, x1380, x1382);
uint32_t x1418, uint8_t x1419 = addcarryx_u32(x1416, x1383, x1385);
uint32_t x1421, uint8_t x1422 = addcarryx_u32(x1419, x1386, x1388);
uint32_t x1424, uint8_t x1425 = addcarryx_u32(x1422, x1389, x1391);
uint32_t x1427, uint8_t _ = addcarryx_u32(0x0, x1425, x1392);
uint32_t x1430, uint8_t x1431 = addcarryx_u32(0x0, x1321, x1358);
uint32_t x1433, uint8_t x1434 = addcarryx_u32(x1431, x1324, x1394);
uint32_t x1436, uint8_t x1437 = addcarryx_u32(x1434, x1327, x1397);
uint32_t x1439, uint8_t x1440 = addcarryx_u32(x1437, x1330, x1400);
uint32_t x1442, uint8_t x1443 = addcarryx_u32(x1440, x1333, x1403);
uint32_t x1445, uint8_t x1446 = addcarryx_u32(x1443, x1336, x1406);
uint32_t x1448, uint8_t x1449 = addcarryx_u32(x1446, x1339, x1409);
uint32_t x1451, uint8_t x1452 = addcarryx_u32(x1449, x1342, x1412);
uint32_t x1454, uint8_t x1455 = addcarryx_u32(x1452, x1345, x1415);
uint32_t x1457, uint8_t x1458 = addcarryx_u32(x1455, x1348, x1418);
uint32_t x1460, uint8_t x1461 = addcarryx_u32(x1458, x1351, x1421);
uint32_t x1463, uint8_t x1464 = addcarryx_u32(x1461, x1354, x1424);
uint32_t x1466, uint8_t x1467 = addcarryx_u32(x1464, x1356, x1427);
uint32_t x1469, uint32_t x1470 = mulx_u32(x1430, 0xffffffff);
uint32_t x1472, uint32_t x1473 = mulx_u32(x1430, 0xffffffff);
uint32_t x1475, uint32_t x1476 = mulx_u32(x1430, 0xffffffff);
uint32_t x1478, uint32_t x1479 = mulx_u32(x1430, 0xffffffff);
uint32_t x1481, uint32_t x1482 = mulx_u32(x1430, 0xffffffff);
uint32_t x1484, uint32_t x1485 = mulx_u32(x1430, 0xffffffff);
uint32_t x1487, uint32_t x1488 = mulx_u32(x1430, 0xffffffff);
uint32_t x1490, uint32_t x1491 = mulx_u32(x1430, 0xffffffff);
uint32_t x1493, uint32_t x1494 = mulx_u32(x1430, 0xffffffff);
uint32_t x1496, uint32_t x1497 = mulx_u32(x1430, 0xffffffff);
uint32_t x1499, uint32_t x1500 = mulx_u32(x1430, 0xffffffff);
uint32_t x1502, uint32_t x1503 = mulx_u32(x1430, 0xb0ffffff);
uint32_t x1505, uint8_t x1506 = addcarryx_u32(0x0, x1470, x1472);
uint32_t x1508, uint8_t x1509 = addcarryx_u32(x1506, x1473, x1475);
uint32_t x1511, uint8_t x1512 = addcarryx_u32(x1509, x1476, x1478);
uint32_t x1514, uint8_t x1515 = addcarryx_u32(x1512, x1479, x1481);
uint32_t x1517, uint8_t x1518 = addcarryx_u32(x1515, x1482, x1484);
uint32_t x1520, uint8_t x1521 = addcarryx_u32(x1518, x1485, x1487);
uint32_t x1523, uint8_t x1524 = addcarryx_u32(x1521, x1488, x1490);
uint32_t x1526, uint8_t x1527 = addcarryx_u32(x1524, x1491, x1493);
uint32_t x1529, uint8_t x1530 = addcarryx_u32(x1527, x1494, x1496);
uint32_t x1532, uint8_t x1533 = addcarryx_u32(x1530, x1497, x1499);
uint32_t x1535, uint8_t x1536 = addcarryx_u32(x1533, x1500, x1502);
uint32_t x1538, uint8_t _ = addcarryx_u32(0x0, x1536, x1503);
uint32_t _, uint8_t x1542 = addcarryx_u32(0x0, x1430, x1469);
uint32_t x1544, uint8_t x1545 = addcarryx_u32(x1542, x1433, x1505);
uint32_t x1547, uint8_t x1548 = addcarryx_u32(x1545, x1436, x1508);
uint32_t x1550, uint8_t x1551 = addcarryx_u32(x1548, x1439, x1511);
uint32_t x1553, uint8_t x1554 = addcarryx_u32(x1551, x1442, x1514);
uint32_t x1556, uint8_t x1557 = addcarryx_u32(x1554, x1445, x1517);
uint32_t x1559, uint8_t x1560 = addcarryx_u32(x1557, x1448, x1520);
uint32_t x1562, uint8_t x1563 = addcarryx_u32(x1560, x1451, x1523);
uint32_t x1565, uint8_t x1566 = addcarryx_u32(x1563, x1454, x1526);
uint32_t x1568, uint8_t x1569 = addcarryx_u32(x1566, x1457, x1529);
uint32_t x1571, uint8_t x1572 = addcarryx_u32(x1569, x1460, x1532);
uint32_t x1574, uint8_t x1575 = addcarryx_u32(x1572, x1463, x1535);
uint32_t x1577, uint8_t x1578 = addcarryx_u32(x1575, x1466, x1538);
uint8_t x1579 = (x1578 + x1467);
uint32_t x1581, uint32_t x1582 = mulx_u32(x17, x25);
uint32_t x1584, uint32_t x1585 = mulx_u32(x17, x27);
uint32_t x1587, uint32_t x1588 = mulx_u32(x17, x29);
uint32_t x1590, uint32_t x1591 = mulx_u32(x17, x31);
uint32_t x1593, uint32_t x1594 = mulx_u32(x17, x33);
uint32_t x1596, uint32_t x1597 = mulx_u32(x17, x35);
uint32_t x1599, uint32_t x1600 = mulx_u32(x17, x37);
uint32_t x1602, uint32_t x1603 = mulx_u32(x17, x39);
uint32_t x1605, uint32_t x1606 = mulx_u32(x17, x41);
uint32_t x1608, uint32_t x1609 = mulx_u32(x17, x43);
uint32_t x1611, uint32_t x1612 = mulx_u32(x17, x45);
uint32_t x1614, uint32_t x1615 = mulx_u32(x17, x44);
uint32_t x1617, uint8_t x1618 = addcarryx_u32(0x0, x1582, x1584);
uint32_t x1620, uint8_t x1621 = addcarryx_u32(x1618, x1585, x1587);
uint32_t x1623, uint8_t x1624 = addcarryx_u32(x1621, x1588, x1590);
uint32_t x1626, uint8_t x1627 = addcarryx_u32(x1624, x1591, x1593);
uint32_t x1629, uint8_t x1630 = addcarryx_u32(x1627, x1594, x1596);
uint32_t x1632, uint8_t x1633 = addcarryx_u32(x1630, x1597, x1599);
uint32_t x1635, uint8_t x1636 = addcarryx_u32(x1633, x1600, x1602);
uint32_t x1638, uint8_t x1639 = addcarryx_u32(x1636, x1603, x1605);
uint32_t x1641, uint8_t x1642 = addcarryx_u32(x1639, x1606, x1608);
uint32_t x1644, uint8_t x1645 = addcarryx_u32(x1642, x1609, x1611);
uint32_t x1647, uint8_t x1648 = addcarryx_u32(x1645, x1612, x1614);
uint32_t x1650, uint8_t _ = addcarryx_u32(0x0, x1648, x1615);
uint32_t x1653, uint8_t x1654 = addcarryx_u32(0x0, x1544, x1581);
uint32_t x1656, uint8_t x1657 = addcarryx_u32(x1654, x1547, x1617);
uint32_t x1659, uint8_t x1660 = addcarryx_u32(x1657, x1550, x1620);
uint32_t x1662, uint8_t x1663 = addcarryx_u32(x1660, x1553, x1623);
uint32_t x1665, uint8_t x1666 = addcarryx_u32(x1663, x1556, x1626);
uint32_t x1668, uint8_t x1669 = addcarryx_u32(x1666, x1559, x1629);
uint32_t x1671, uint8_t x1672 = addcarryx_u32(x1669, x1562, x1632);
uint32_t x1674, uint8_t x1675 = addcarryx_u32(x1672, x1565, x1635);
uint32_t x1677, uint8_t x1678 = addcarryx_u32(x1675, x1568, x1638);
uint32_t x1680, uint8_t x1681 = addcarryx_u32(x1678, x1571, x1641);
uint32_t x1683, uint8_t x1684 = addcarryx_u32(x1681, x1574, x1644);
uint32_t x1686, uint8_t x1687 = addcarryx_u32(x1684, x1577, x1647);
uint32_t x1689, uint8_t x1690 = addcarryx_u32(x1687, x1579, x1650);
uint32_t x1692, uint32_t x1693 = mulx_u32(x1653, 0xffffffff);
uint32_t x1695, uint32_t x1696 = mulx_u32(x1653, 0xffffffff);
uint32_t x1698, uint32_t x1699 = mulx_u32(x1653, 0xffffffff);
uint32_t x1701, uint32_t x1702 = mulx_u32(x1653, 0xffffffff);
uint32_t x1704, uint32_t x1705 = mulx_u32(x1653, 0xffffffff);
uint32_t x1707, uint32_t x1708 = mulx_u32(x1653, 0xffffffff);
uint32_t x1710, uint32_t x1711 = mulx_u32(x1653, 0xffffffff);
uint32_t x1713, uint32_t x1714 = mulx_u32(x1653, 0xffffffff);
uint32_t x1716, uint32_t x1717 = mulx_u32(x1653, 0xffffffff);
uint32_t x1719, uint32_t x1720 = mulx_u32(x1653, 0xffffffff);
uint32_t x1722, uint32_t x1723 = mulx_u32(x1653, 0xffffffff);
uint32_t x1725, uint32_t x1726 = mulx_u32(x1653, 0xb0ffffff);
uint32_t x1728, uint8_t x1729 = addcarryx_u32(0x0, x1693, x1695);
uint32_t x1731, uint8_t x1732 = addcarryx_u32(x1729, x1696, x1698);
uint32_t x1734, uint8_t x1735 = addcarryx_u32(x1732, x1699, x1701);
uint32_t x1737, uint8_t x1738 = addcarryx_u32(x1735, x1702, x1704);
uint32_t x1740, uint8_t x1741 = addcarryx_u32(x1738, x1705, x1707);
uint32_t x1743, uint8_t x1744 = addcarryx_u32(x1741, x1708, x1710);
uint32_t x1746, uint8_t x1747 = addcarryx_u32(x1744, x1711, x1713);
uint32_t x1749, uint8_t x1750 = addcarryx_u32(x1747, x1714, x1716);
uint32_t x1752, uint8_t x1753 = addcarryx_u32(x1750, x1717, x1719);
uint32_t x1755, uint8_t x1756 = addcarryx_u32(x1753, x1720, x1722);
uint32_t x1758, uint8_t x1759 = addcarryx_u32(x1756, x1723, x1725);
uint32_t x1761, uint8_t _ = addcarryx_u32(0x0, x1759, x1726);
uint32_t _, uint8_t x1765 = addcarryx_u32(0x0, x1653, x1692);
uint32_t x1767, uint8_t x1768 = addcarryx_u32(x1765, x1656, x1728);
uint32_t x1770, uint8_t x1771 = addcarryx_u32(x1768, x1659, x1731);
uint32_t x1773, uint8_t x1774 = addcarryx_u32(x1771, x1662, x1734);
uint32_t x1776, uint8_t x1777 = addcarryx_u32(x1774, x1665, x1737);
uint32_t x1779, uint8_t x1780 = addcarryx_u32(x1777, x1668, x1740);
uint32_t x1782, uint8_t x1783 = addcarryx_u32(x1780, x1671, x1743);
uint32_t x1785, uint8_t x1786 = addcarryx_u32(x1783, x1674, x1746);
uint32_t x1788, uint8_t x1789 = addcarryx_u32(x1786, x1677, x1749);
uint32_t x1791, uint8_t x1792 = addcarryx_u32(x1789, x1680, x1752);
uint32_t x1794, uint8_t x1795 = addcarryx_u32(x1792, x1683, x1755);
uint32_t x1797, uint8_t x1798 = addcarryx_u32(x1795, x1686, x1758);
uint32_t x1800, uint8_t x1801 = addcarryx_u32(x1798, x1689, x1761);
uint8_t x1802 = (x1801 + x1690);
uint32_t x1804, uint32_t x1805 = mulx_u32(x19, x25);
uint32_t x1807, uint32_t x1808 = mulx_u32(x19, x27);
uint32_t x1810, uint32_t x1811 = mulx_u32(x19, x29);
uint32_t x1813, uint32_t x1814 = mulx_u32(x19, x31);
uint32_t x1816, uint32_t x1817 = mulx_u32(x19, x33);
uint32_t x1819, uint32_t x1820 = mulx_u32(x19, x35);
uint32_t x1822, uint32_t x1823 = mulx_u32(x19, x37);
uint32_t x1825, uint32_t x1826 = mulx_u32(x19, x39);
uint32_t x1828, uint32_t x1829 = mulx_u32(x19, x41);
uint32_t x1831, uint32_t x1832 = mulx_u32(x19, x43);
uint32_t x1834, uint32_t x1835 = mulx_u32(x19, x45);
uint32_t x1837, uint32_t x1838 = mulx_u32(x19, x44);
uint32_t x1840, uint8_t x1841 = addcarryx_u32(0x0, x1805, x1807);
uint32_t x1843, uint8_t x1844 = addcarryx_u32(x1841, x1808, x1810);
uint32_t x1846, uint8_t x1847 = addcarryx_u32(x1844, x1811, x1813);
uint32_t x1849, uint8_t x1850 = addcarryx_u32(x1847, x1814, x1816);
uint32_t x1852, uint8_t x1853 = addcarryx_u32(x1850, x1817, x1819);
uint32_t x1855, uint8_t x1856 = addcarryx_u32(x1853, x1820, x1822);
uint32_t x1858, uint8_t x1859 = addcarryx_u32(x1856, x1823, x1825);
uint32_t x1861, uint8_t x1862 = addcarryx_u32(x1859, x1826, x1828);
uint32_t x1864, uint8_t x1865 = addcarryx_u32(x1862, x1829, x1831);
uint32_t x1867, uint8_t x1868 = addcarryx_u32(x1865, x1832, x1834);
uint32_t x1870, uint8_t x1871 = addcarryx_u32(x1868, x1835, x1837);
uint32_t x1873, uint8_t _ = addcarryx_u32(0x0, x1871, x1838);
uint32_t x1876, uint8_t x1877 = addcarryx_u32(0x0, x1767, x1804);
uint32_t x1879, uint8_t x1880 = addcarryx_u32(x1877, x1770, x1840);
uint32_t x1882, uint8_t x1883 = addcarryx_u32(x1880, x1773, x1843);
uint32_t x1885, uint8_t x1886 = addcarryx_u32(x1883, x1776, x1846);
uint32_t x1888, uint8_t x1889 = addcarryx_u32(x1886, x1779, x1849);
uint32_t x1891, uint8_t x1892 = addcarryx_u32(x1889, x1782, x1852);
uint32_t x1894, uint8_t x1895 = addcarryx_u32(x1892, x1785, x1855);
uint32_t x1897, uint8_t x1898 = addcarryx_u32(x1895, x1788, x1858);
uint32_t x1900, uint8_t x1901 = addcarryx_u32(x1898, x1791, x1861);
uint32_t x1903, uint8_t x1904 = addcarryx_u32(x1901, x1794, x1864);
uint32_t x1906, uint8_t x1907 = addcarryx_u32(x1904, x1797, x1867);
uint32_t x1909, uint8_t x1910 = addcarryx_u32(x1907, x1800, x1870);
uint32_t x1912, uint8_t x1913 = addcarryx_u32(x1910, x1802, x1873);
uint32_t x1915, uint32_t x1916 = mulx_u32(x1876, 0xffffffff);
uint32_t x1918, uint32_t x1919 = mulx_u32(x1876, 0xffffffff);
uint32_t x1921, uint32_t x1922 = mulx_u32(x1876, 0xffffffff);
uint32_t x1924, uint32_t x1925 = mulx_u32(x1876, 0xffffffff);
uint32_t x1927, uint32_t x1928 = mulx_u32(x1876, 0xffffffff);
uint32_t x1930, uint32_t x1931 = mulx_u32(x1876, 0xffffffff);
uint32_t x1933, uint32_t x1934 = mulx_u32(x1876, 0xffffffff);
uint32_t x1936, uint32_t x1937 = mulx_u32(x1876, 0xffffffff);
uint32_t x1939, uint32_t x1940 = mulx_u32(x1876, 0xffffffff);
uint32_t x1942, uint32_t x1943 = mulx_u32(x1876, 0xffffffff);
uint32_t x1945, uint32_t x1946 = mulx_u32(x1876, 0xffffffff);
uint32_t x1948, uint32_t x1949 = mulx_u32(x1876, 0xb0ffffff);
uint32_t x1951, uint8_t x1952 = addcarryx_u32(0x0, x1916, x1918);
uint32_t x1954, uint8_t x1955 = addcarryx_u32(x1952, x1919, x1921);
uint32_t x1957, uint8_t x1958 = addcarryx_u32(x1955, x1922, x1924);
uint32_t x1960, uint8_t x1961 = addcarryx_u32(x1958, x1925, x1927);
uint32_t x1963, uint8_t x1964 = addcarryx_u32(x1961, x1928, x1930);
uint32_t x1966, uint8_t x1967 = addcarryx_u32(x1964, x1931, x1933);
uint32_t x1969, uint8_t x1970 = addcarryx_u32(x1967, x1934, x1936);
uint32_t x1972, uint8_t x1973 = addcarryx_u32(x1970, x1937, x1939);
uint32_t x1975, uint8_t x1976 = addcarryx_u32(x1973, x1940, x1942);
uint32_t x1978, uint8_t x1979 = addcarryx_u32(x1976, x1943, x1945);
uint32_t x1981, uint8_t x1982 = addcarryx_u32(x1979, x1946, x1948);
uint32_t x1984, uint8_t _ = addcarryx_u32(0x0, x1982, x1949);
uint32_t _, uint8_t x1988 = addcarryx_u32(0x0, x1876, x1915);
uint32_t x1990, uint8_t x1991 = addcarryx_u32(x1988, x1879, x1951);
uint32_t x1993, uint8_t x1994 = addcarryx_u32(x1991, x1882, x1954);
uint32_t x1996, uint8_t x1997 = addcarryx_u32(x1994, x1885, x1957);
uint32_t x1999, uint8_t x2000 = addcarryx_u32(x1997, x1888, x1960);
uint32_t x2002, uint8_t x2003 = addcarryx_u32(x2000, x1891, x1963);
uint32_t x2005, uint8_t x2006 = addcarryx_u32(x2003, x1894, x1966);
uint32_t x2008, uint8_t x2009 = addcarryx_u32(x2006, x1897, x1969);
uint32_t x2011, uint8_t x2012 = addcarryx_u32(x2009, x1900, x1972);
uint32_t x2014, uint8_t x2015 = addcarryx_u32(x2012, x1903, x1975);
uint32_t x2017, uint8_t x2018 = addcarryx_u32(x2015, x1906, x1978);
uint32_t x2020, uint8_t x2021 = addcarryx_u32(x2018, x1909, x1981);
uint32_t x2023, uint8_t x2024 = addcarryx_u32(x2021, x1912, x1984);
uint8_t x2025 = (x2024 + x1913);
uint32_t x2027, uint32_t x2028 = mulx_u32(x21, x25);
uint32_t x2030, uint32_t x2031 = mulx_u32(x21, x27);
uint32_t x2033, uint32_t x2034 = mulx_u32(x21, x29);
uint32_t x2036, uint32_t x2037 = mulx_u32(x21, x31);
uint32_t x2039, uint32_t x2040 = mulx_u32(x21, x33);
uint32_t x2042, uint32_t x2043 = mulx_u32(x21, x35);
uint32_t x2045, uint32_t x2046 = mulx_u32(x21, x37);
uint32_t x2048, uint32_t x2049 = mulx_u32(x21, x39);
uint32_t x2051, uint32_t x2052 = mulx_u32(x21, x41);
uint32_t x2054, uint32_t x2055 = mulx_u32(x21, x43);
uint32_t x2057, uint32_t x2058 = mulx_u32(x21, x45);
uint32_t x2060, uint32_t x2061 = mulx_u32(x21, x44);
uint32_t x2063, uint8_t x2064 = addcarryx_u32(0x0, x2028, x2030);
uint32_t x2066, uint8_t x2067 = addcarryx_u32(x2064, x2031, x2033);
uint32_t x2069, uint8_t x2070 = addcarryx_u32(x2067, x2034, x2036);
uint32_t x2072, uint8_t x2073 = addcarryx_u32(x2070, x2037, x2039);
uint32_t x2075, uint8_t x2076 = addcarryx_u32(x2073, x2040, x2042);
uint32_t x2078, uint8_t x2079 = addcarryx_u32(x2076, x2043, x2045);
uint32_t x2081, uint8_t x2082 = addcarryx_u32(x2079, x2046, x2048);
uint32_t x2084, uint8_t x2085 = addcarryx_u32(x2082, x2049, x2051);
uint32_t x2087, uint8_t x2088 = addcarryx_u32(x2085, x2052, x2054);
uint32_t x2090, uint8_t x2091 = addcarryx_u32(x2088, x2055, x2057);
uint32_t x2093, uint8_t x2094 = addcarryx_u32(x2091, x2058, x2060);
uint32_t x2096, uint8_t _ = addcarryx_u32(0x0, x2094, x2061);
uint32_t x2099, uint8_t x2100 = addcarryx_u32(0x0, x1990, x2027);
uint32_t x2102, uint8_t x2103 = addcarryx_u32(x2100, x1993, x2063);
uint32_t x2105, uint8_t x2106 = addcarryx_u32(x2103, x1996, x2066);
uint32_t x2108, uint8_t x2109 = addcarryx_u32(x2106, x1999, x2069);
uint32_t x2111, uint8_t x2112 = addcarryx_u32(x2109, x2002, x2072);
uint32_t x2114, uint8_t x2115 = addcarryx_u32(x2112, x2005, x2075);
uint32_t x2117, uint8_t x2118 = addcarryx_u32(x2115, x2008, x2078);
uint32_t x2120, uint8_t x2121 = addcarryx_u32(x2118, x2011, x2081);
uint32_t x2123, uint8_t x2124 = addcarryx_u32(x2121, x2014, x2084);
uint32_t x2126, uint8_t x2127 = addcarryx_u32(x2124, x2017, x2087);
uint32_t x2129, uint8_t x2130 = addcarryx_u32(x2127, x2020, x2090);
uint32_t x2132, uint8_t x2133 = addcarryx_u32(x2130, x2023, x2093);
uint32_t x2135, uint8_t x2136 = addcarryx_u32(x2133, x2025, x2096);
uint32_t x2138, uint32_t x2139 = mulx_u32(x2099, 0xffffffff);
uint32_t x2141, uint32_t x2142 = mulx_u32(x2099, 0xffffffff);
uint32_t x2144, uint32_t x2145 = mulx_u32(x2099, 0xffffffff);
uint32_t x2147, uint32_t x2148 = mulx_u32(x2099, 0xffffffff);
uint32_t x2150, uint32_t x2151 = mulx_u32(x2099, 0xffffffff);
uint32_t x2153, uint32_t x2154 = mulx_u32(x2099, 0xffffffff);
uint32_t x2156, uint32_t x2157 = mulx_u32(x2099, 0xffffffff);
uint32_t x2159, uint32_t x2160 = mulx_u32(x2099, 0xffffffff);
uint32_t x2162, uint32_t x2163 = mulx_u32(x2099, 0xffffffff);
uint32_t x2165, uint32_t x2166 = mulx_u32(x2099, 0xffffffff);
uint32_t x2168, uint32_t x2169 = mulx_u32(x2099, 0xffffffff);
uint32_t x2171, uint32_t x2172 = mulx_u32(x2099, 0xb0ffffff);
uint32_t x2174, uint8_t x2175 = addcarryx_u32(0x0, x2139, x2141);
uint32_t x2177, uint8_t x2178 = addcarryx_u32(x2175, x2142, x2144);
uint32_t x2180, uint8_t x2181 = addcarryx_u32(x2178, x2145, x2147);
uint32_t x2183, uint8_t x2184 = addcarryx_u32(x2181, x2148, x2150);
uint32_t x2186, uint8_t x2187 = addcarryx_u32(x2184, x2151, x2153);
uint32_t x2189, uint8_t x2190 = addcarryx_u32(x2187, x2154, x2156);
uint32_t x2192, uint8_t x2193 = addcarryx_u32(x2190, x2157, x2159);
uint32_t x2195, uint8_t x2196 = addcarryx_u32(x2193, x2160, x2162);
uint32_t x2198, uint8_t x2199 = addcarryx_u32(x2196, x2163, x2165);
uint32_t x2201, uint8_t x2202 = addcarryx_u32(x2199, x2166, x2168);
uint32_t x2204, uint8_t x2205 = addcarryx_u32(x2202, x2169, x2171);
uint32_t x2207, uint8_t _ = addcarryx_u32(0x0, x2205, x2172);
uint32_t _, uint8_t x2211 = addcarryx_u32(0x0, x2099, x2138);
uint32_t x2213, uint8_t x2214 = addcarryx_u32(x2211, x2102, x2174);
uint32_t x2216, uint8_t x2217 = addcarryx_u32(x2214, x2105, x2177);
uint32_t x2219, uint8_t x2220 = addcarryx_u32(x2217, x2108, x2180);
uint32_t x2222, uint8_t x2223 = addcarryx_u32(x2220, x2111, x2183);
uint32_t x2225, uint8_t x2226 = addcarryx_u32(x2223, x2114, x2186);
uint32_t x2228, uint8_t x2229 = addcarryx_u32(x2226, x2117, x2189);
uint32_t x2231, uint8_t x2232 = addcarryx_u32(x2229, x2120, x2192);
uint32_t x2234, uint8_t x2235 = addcarryx_u32(x2232, x2123, x2195);
uint32_t x2237, uint8_t x2238 = addcarryx_u32(x2235, x2126, x2198);
uint32_t x2240, uint8_t x2241 = addcarryx_u32(x2238, x2129, x2201);
uint32_t x2243, uint8_t x2244 = addcarryx_u32(x2241, x2132, x2204);
uint32_t x2246, uint8_t x2247 = addcarryx_u32(x2244, x2135, x2207);
uint8_t x2248 = (x2247 + x2136);
uint32_t x2250, uint32_t x2251 = mulx_u32(x23, x25);
uint32_t x2253, uint32_t x2254 = mulx_u32(x23, x27);
uint32_t x2256, uint32_t x2257 = mulx_u32(x23, x29);
uint32_t x2259, uint32_t x2260 = mulx_u32(x23, x31);
uint32_t x2262, uint32_t x2263 = mulx_u32(x23, x33);
uint32_t x2265, uint32_t x2266 = mulx_u32(x23, x35);
uint32_t x2268, uint32_t x2269 = mulx_u32(x23, x37);
uint32_t x2271, uint32_t x2272 = mulx_u32(x23, x39);
uint32_t x2274, uint32_t x2275 = mulx_u32(x23, x41);
uint32_t x2277, uint32_t x2278 = mulx_u32(x23, x43);
uint32_t x2280, uint32_t x2281 = mulx_u32(x23, x45);
uint32_t x2283, uint32_t x2284 = mulx_u32(x23, x44);
uint32_t x2286, uint8_t x2287 = addcarryx_u32(0x0, x2251, x2253);
uint32_t x2289, uint8_t x2290 = addcarryx_u32(x2287, x2254, x2256);
uint32_t x2292, uint8_t x2293 = addcarryx_u32(x2290, x2257, x2259);
uint32_t x2295, uint8_t x2296 = addcarryx_u32(x2293, x2260, x2262);
uint32_t x2298, uint8_t x2299 = addcarryx_u32(x2296, x2263, x2265);
uint32_t x2301, uint8_t x2302 = addcarryx_u32(x2299, x2266, x2268);
uint32_t x2304, uint8_t x2305 = addcarryx_u32(x2302, x2269, x2271);
uint32_t x2307, uint8_t x2308 = addcarryx_u32(x2305, x2272, x2274);
uint32_t x2310, uint8_t x2311 = addcarryx_u32(x2308, x2275, x2277);
uint32_t x2313, uint8_t x2314 = addcarryx_u32(x2311, x2278, x2280);
uint32_t x2316, uint8_t x2317 = addcarryx_u32(x2314, x2281, x2283);
uint32_t x2319, uint8_t _ = addcarryx_u32(0x0, x2317, x2284);
uint32_t x2322, uint8_t x2323 = addcarryx_u32(0x0, x2213, x2250);
uint32_t x2325, uint8_t x2326 = addcarryx_u32(x2323, x2216, x2286);
uint32_t x2328, uint8_t x2329 = addcarryx_u32(x2326, x2219, x2289);
uint32_t x2331, uint8_t x2332 = addcarryx_u32(x2329, x2222, x2292);
uint32_t x2334, uint8_t x2335 = addcarryx_u32(x2332, x2225, x2295);
uint32_t x2337, uint8_t x2338 = addcarryx_u32(x2335, x2228, x2298);
uint32_t x2340, uint8_t x2341 = addcarryx_u32(x2338, x2231, x2301);
uint32_t x2343, uint8_t x2344 = addcarryx_u32(x2341, x2234, x2304);
uint32_t x2346, uint8_t x2347 = addcarryx_u32(x2344, x2237, x2307);
uint32_t x2349, uint8_t x2350 = addcarryx_u32(x2347, x2240, x2310);
uint32_t x2352, uint8_t x2353 = addcarryx_u32(x2350, x2243, x2313);
uint32_t x2355, uint8_t x2356 = addcarryx_u32(x2353, x2246, x2316);
uint32_t x2358, uint8_t x2359 = addcarryx_u32(x2356, x2248, x2319);
uint32_t x2361, uint32_t x2362 = mulx_u32(x2322, 0xffffffff);
uint32_t x2364, uint32_t x2365 = mulx_u32(x2322, 0xffffffff);
uint32_t x2367, uint32_t x2368 = mulx_u32(x2322, 0xffffffff);
uint32_t x2370, uint32_t x2371 = mulx_u32(x2322, 0xffffffff);
uint32_t x2373, uint32_t x2374 = mulx_u32(x2322, 0xffffffff);
uint32_t x2376, uint32_t x2377 = mulx_u32(x2322, 0xffffffff);
uint32_t x2379, uint32_t x2380 = mulx_u32(x2322, 0xffffffff);
uint32_t x2382, uint32_t x2383 = mulx_u32(x2322, 0xffffffff);
uint32_t x2385, uint32_t x2386 = mulx_u32(x2322, 0xffffffff);
uint32_t x2388, uint32_t x2389 = mulx_u32(x2322, 0xffffffff);
uint32_t x2391, uint32_t x2392 = mulx_u32(x2322, 0xffffffff);
uint32_t x2394, uint32_t x2395 = mulx_u32(x2322, 0xb0ffffff);
uint32_t x2397, uint8_t x2398 = addcarryx_u32(0x0, x2362, x2364);
uint32_t x2400, uint8_t x2401 = addcarryx_u32(x2398, x2365, x2367);
uint32_t x2403, uint8_t x2404 = addcarryx_u32(x2401, x2368, x2370);
uint32_t x2406, uint8_t x2407 = addcarryx_u32(x2404, x2371, x2373);
uint32_t x2409, uint8_t x2410 = addcarryx_u32(x2407, x2374, x2376);
uint32_t x2412, uint8_t x2413 = addcarryx_u32(x2410, x2377, x2379);
uint32_t x2415, uint8_t x2416 = addcarryx_u32(x2413, x2380, x2382);
uint32_t x2418, uint8_t x2419 = addcarryx_u32(x2416, x2383, x2385);
uint32_t x2421, uint8_t x2422 = addcarryx_u32(x2419, x2386, x2388);
uint32_t x2424, uint8_t x2425 = addcarryx_u32(x2422, x2389, x2391);
uint32_t x2427, uint8_t x2428 = addcarryx_u32(x2425, x2392, x2394);
uint32_t x2430, uint8_t _ = addcarryx_u32(0x0, x2428, x2395);
uint32_t _, uint8_t x2434 = addcarryx_u32(0x0, x2322, x2361);
uint32_t x2436, uint8_t x2437 = addcarryx_u32(x2434, x2325, x2397);
uint32_t x2439, uint8_t x2440 = addcarryx_u32(x2437, x2328, x2400);
uint32_t x2442, uint8_t x2443 = addcarryx_u32(x2440, x2331, x2403);
uint32_t x2445, uint8_t x2446 = addcarryx_u32(x2443, x2334, x2406);
uint32_t x2448, uint8_t x2449 = addcarryx_u32(x2446, x2337, x2409);
uint32_t x2451, uint8_t x2452 = addcarryx_u32(x2449, x2340, x2412);
uint32_t x2454, uint8_t x2455 = addcarryx_u32(x2452, x2343, x2415);
uint32_t x2457, uint8_t x2458 = addcarryx_u32(x2455, x2346, x2418);
uint32_t x2460, uint8_t x2461 = addcarryx_u32(x2458, x2349, x2421);
uint32_t x2463, uint8_t x2464 = addcarryx_u32(x2461, x2352, x2424);
uint32_t x2466, uint8_t x2467 = addcarryx_u32(x2464, x2355, x2427);
uint32_t x2469, uint8_t x2470 = addcarryx_u32(x2467, x2358, x2430);
uint8_t x2471 = (x2470 + x2359);
uint32_t x2473, uint32_t x2474 = mulx_u32(x22, x25);
uint32_t x2476, uint32_t x2477 = mulx_u32(x22, x27);
uint32_t x2479, uint32_t x2480 = mulx_u32(x22, x29);
uint32_t x2482, uint32_t x2483 = mulx_u32(x22, x31);
uint32_t x2485, uint32_t x2486 = mulx_u32(x22, x33);
uint32_t x2488, uint32_t x2489 = mulx_u32(x22, x35);
uint32_t x2491, uint32_t x2492 = mulx_u32(x22, x37);
uint32_t x2494, uint32_t x2495 = mulx_u32(x22, x39);
uint32_t x2497, uint32_t x2498 = mulx_u32(x22, x41);
uint32_t x2500, uint32_t x2501 = mulx_u32(x22, x43);
uint32_t x2503, uint32_t x2504 = mulx_u32(x22, x45);
uint32_t x2506, uint32_t x2507 = mulx_u32(x22, x44);
uint32_t x2509, uint8_t x2510 = addcarryx_u32(0x0, x2474, x2476);
uint32_t x2512, uint8_t x2513 = addcarryx_u32(x2510, x2477, x2479);
uint32_t x2515, uint8_t x2516 = addcarryx_u32(x2513, x2480, x2482);
uint32_t x2518, uint8_t x2519 = addcarryx_u32(x2516, x2483, x2485);
uint32_t x2521, uint8_t x2522 = addcarryx_u32(x2519, x2486, x2488);
uint32_t x2524, uint8_t x2525 = addcarryx_u32(x2522, x2489, x2491);
uint32_t x2527, uint8_t x2528 = addcarryx_u32(x2525, x2492, x2494);
uint32_t x2530, uint8_t x2531 = addcarryx_u32(x2528, x2495, x2497);
uint32_t x2533, uint8_t x2534 = addcarryx_u32(x2531, x2498, x2500);
uint32_t x2536, uint8_t x2537 = addcarryx_u32(x2534, x2501, x2503);
uint32_t x2539, uint8_t x2540 = addcarryx_u32(x2537, x2504, x2506);
uint32_t x2542, uint8_t _ = addcarryx_u32(0x0, x2540, x2507);
uint32_t x2545, uint8_t x2546 = addcarryx_u32(0x0, x2436, x2473);
uint32_t x2548, uint8_t x2549 = addcarryx_u32(x2546, x2439, x2509);
uint32_t x2551, uint8_t x2552 = addcarryx_u32(x2549, x2442, x2512);
uint32_t x2554, uint8_t x2555 = addcarryx_u32(x2552, x2445, x2515);
uint32_t x2557, uint8_t x2558 = addcarryx_u32(x2555, x2448, x2518);
uint32_t x2560, uint8_t x2561 = addcarryx_u32(x2558, x2451, x2521);
uint32_t x2563, uint8_t x2564 = addcarryx_u32(x2561, x2454, x2524);
uint32_t x2566, uint8_t x2567 = addcarryx_u32(x2564, x2457, x2527);
uint32_t x2569, uint8_t x2570 = addcarryx_u32(x2567, x2460, x2530);
uint32_t x2572, uint8_t x2573 = addcarryx_u32(x2570, x2463, x2533);
uint32_t x2575, uint8_t x2576 = addcarryx_u32(x2573, x2466, x2536);
uint32_t x2578, uint8_t x2579 = addcarryx_u32(x2576, x2469, x2539);
uint32_t x2581, uint8_t x2582 = addcarryx_u32(x2579, x2471, x2542);
uint32_t x2584, uint32_t x2585 = mulx_u32(x2545, 0xffffffff);
uint32_t x2587, uint32_t x2588 = mulx_u32(x2545, 0xffffffff);
uint32_t x2590, uint32_t x2591 = mulx_u32(x2545, 0xffffffff);
uint32_t x2593, uint32_t x2594 = mulx_u32(x2545, 0xffffffff);
uint32_t x2596, uint32_t x2597 = mulx_u32(x2545, 0xffffffff);
uint32_t x2599, uint32_t x2600 = mulx_u32(x2545, 0xffffffff);
uint32_t x2602, uint32_t x2603 = mulx_u32(x2545, 0xffffffff);
uint32_t x2605, uint32_t x2606 = mulx_u32(x2545, 0xffffffff);
uint32_t x2608, uint32_t x2609 = mulx_u32(x2545, 0xffffffff);
uint32_t x2611, uint32_t x2612 = mulx_u32(x2545, 0xffffffff);
uint32_t x2614, uint32_t x2615 = mulx_u32(x2545, 0xffffffff);
uint32_t x2617, uint32_t x2618 = mulx_u32(x2545, 0xb0ffffff);
uint32_t x2620, uint8_t x2621 = addcarryx_u32(0x0, x2585, x2587);
uint32_t x2623, uint8_t x2624 = addcarryx_u32(x2621, x2588, x2590);
uint32_t x2626, uint8_t x2627 = addcarryx_u32(x2624, x2591, x2593);
uint32_t x2629, uint8_t x2630 = addcarryx_u32(x2627, x2594, x2596);
uint32_t x2632, uint8_t x2633 = addcarryx_u32(x2630, x2597, x2599);
uint32_t x2635, uint8_t x2636 = addcarryx_u32(x2633, x2600, x2602);
uint32_t x2638, uint8_t x2639 = addcarryx_u32(x2636, x2603, x2605);
uint32_t x2641, uint8_t x2642 = addcarryx_u32(x2639, x2606, x2608);
uint32_t x2644, uint8_t x2645 = addcarryx_u32(x2642, x2609, x2611);
uint32_t x2647, uint8_t x2648 = addcarryx_u32(x2645, x2612, x2614);
uint32_t x2650, uint8_t x2651 = addcarryx_u32(x2648, x2615, x2617);
uint32_t x2653, uint8_t _ = addcarryx_u32(0x0, x2651, x2618);
uint32_t _, uint8_t x2657 = addcarryx_u32(0x0, x2545, x2584);
uint32_t x2659, uint8_t x2660 = addcarryx_u32(x2657, x2548, x2620);
uint32_t x2662, uint8_t x2663 = addcarryx_u32(x2660, x2551, x2623);
uint32_t x2665, uint8_t x2666 = addcarryx_u32(x2663, x2554, x2626);
uint32_t x2668, uint8_t x2669 = addcarryx_u32(x2666, x2557, x2629);
uint32_t x2671, uint8_t x2672 = addcarryx_u32(x2669, x2560, x2632);
uint32_t x2674, uint8_t x2675 = addcarryx_u32(x2672, x2563, x2635);
uint32_t x2677, uint8_t x2678 = addcarryx_u32(x2675, x2566, x2638);
uint32_t x2680, uint8_t x2681 = addcarryx_u32(x2678, x2569, x2641);
uint32_t x2683, uint8_t x2684 = addcarryx_u32(x2681, x2572, x2644);
uint32_t x2686, uint8_t x2687 = addcarryx_u32(x2684, x2575, x2647);
uint32_t x2689, uint8_t x2690 = addcarryx_u32(x2687, x2578, x2650);
uint32_t x2692, uint8_t x2693 = addcarryx_u32(x2690, x2581, x2653);
uint8_t x2694 = (x2693 + x2582);
uint32_t x2696, uint8_t x2697 = subborrow_u32(0x0, x2659, 0xffffffff);
uint32_t x2699, uint8_t x2700 = subborrow_u32(x2697, x2662, 0xffffffff);
uint32_t x2702, uint8_t x2703 = subborrow_u32(x2700, x2665, 0xffffffff);
uint32_t x2705, uint8_t x2706 = subborrow_u32(x2703, x2668, 0xffffffff);
uint32_t x2708, uint8_t x2709 = subborrow_u32(x2706, x2671, 0xffffffff);
uint32_t x2711, uint8_t x2712 = subborrow_u32(x2709, x2674, 0xffffffff);
uint32_t x2714, uint8_t x2715 = subborrow_u32(x2712, x2677, 0xffffffff);
uint32_t x2717, uint8_t x2718 = subborrow_u32(x2715, x2680, 0xffffffff);
uint32_t x2720, uint8_t x2721 = subborrow_u32(x2718, x2683, 0xffffffff);
uint32_t x2723, uint8_t x2724 = subborrow_u32(x2721, x2686, 0xffffffff);
uint32_t x2726, uint8_t x2727 = subborrow_u32(x2724, x2689, 0xffffffff);
uint32_t x2729, uint8_t x2730 = subborrow_u32(x2727, x2692, 0xb0ffffff);
uint32_t _, uint8_t x2733 = subborrow_u32(x2730, x2694, 0x0);
(cmovznz32(x2733, x2729, x2692), cmovznz32(x2733, x2726, x2689), cmovznz32(x2733, x2723, x2686), cmovznz32(x2733, x2720, x2683), cmovznz32(x2733, x2717, x2680), cmovznz32(x2733, x2714, x2677), cmovznz32(x2733, x2711, x2674), cmovznz32(x2733, x2708, x2671), cmovznz32(x2733, x2705, x2668), cmovznz32(x2733, x2702, x2665), cmovznz32(x2733, x2699, x2662), cmovznz32(x2733, x2696, x2659))
     : ∀ var : Z.Syntax.base_type → Type, expr Z.Syntax.base_type Z.Syntax.op (uint32_t * uint32_t * uint32_t * uint32_t * uint32_t * uint32_t * uint32_t * uint32_t * uint32_t * uint32_t * uint32_t * uint32_t * (uint32_t * uint32_t * uint32_t * uint32_t * uint32_t * uint32_t * uint32_t * uint32_t * uint32_t * uint32_t * uint32_t * uint32_t) -> uint32_t * uint32_t * uint32_t * uint32_t * uint32_t * uint32_t * uint32_t * uint32_t * uint32_t * uint32_t * uint32_t * uint32_t)

Argument scope is [function_scope]
