mul = λ var : Z.Syntax.base_type → Type,
λ '(x16, x17, x15, x13, x11, x9, x7, x5, x3, (x32, x33, x31, x29, x27, x25, x23, x21, x19))%core,
uint32_t x35, uint32_t x36 = mulx_u32(x3, x19);
uint32_t x38, uint32_t x39 = mulx_u32(x3, x21);
uint32_t x41, uint32_t x42 = mulx_u32(x3, x23);
uint32_t x44, uint32_t x45 = mulx_u32(x3, x25);
uint32_t x47, uint32_t x48 = mulx_u32(x3, x27);
uint32_t x50, uint32_t x51 = mulx_u32(x3, x29);
uint32_t x53, uint32_t x54 = mulx_u32(x3, x31);
uint32_t x56, uint32_t x57 = mulx_u32(x3, x33);
uint32_t x59, uint32_t x60 = mulx_u32(x3, x32);
uint32_t x62, uint8_t x63 = addcarryx_u32(0x0, x36, x38);
uint32_t x65, uint8_t x66 = addcarryx_u32(x63, x39, x41);
uint32_t x68, uint8_t x69 = addcarryx_u32(x66, x42, x44);
uint32_t x71, uint8_t x72 = addcarryx_u32(x69, x45, x47);
uint32_t x74, uint8_t x75 = addcarryx_u32(x72, x48, x50);
uint32_t x77, uint8_t x78 = addcarryx_u32(x75, x51, x53);
uint32_t x80, uint8_t x81 = addcarryx_u32(x78, x54, x56);
uint32_t x83, uint8_t x84 = addcarryx_u32(x81, x57, x59);
uint32_t x86, uint8_t _ = addcarryx_u32(0x0, x84, x60);
uint32_t x89, uint8_t x90 = addcarryx_u32(0x0, 0x0, x86);
uint32_t x92, uint32_t _ = mulx_u32(x35, 0xaaaaaaab);
uint32_t x95, uint32_t x96 = mulx_u32(x92, 0xfffffffd);
uint32_t x98, uint32_t x99 = mulx_u32(x92, 0xffffffff);
uint32_t x101, uint32_t x102 = mulx_u32(x92, 0xffffffff);
uint32_t x104, uint32_t x105 = mulx_u32(x92, 0xffffffff);
uint32_t x107, uint32_t x108 = mulx_u32(x92, 0xffffffff);
uint32_t x110, uint32_t x111 = mulx_u32(x92, 0xffffffff);
uint32_t x113, uint32_t x114 = mulx_u32(x92, 0xffffffff);
uint32_t x116, uint32_t x117 = mulx_u32(x92, 0xffffffff);
uint32_t x119, uint32_t x120 = mulx_u32(x92, 0x3ff);
uint32_t x122, uint8_t x123 = addcarryx_u32(0x0, x96, x98);
uint32_t x125, uint8_t x126 = addcarryx_u32(x123, x99, x101);
uint32_t x128, uint8_t x129 = addcarryx_u32(x126, x102, x104);
uint32_t x131, uint8_t x132 = addcarryx_u32(x129, x105, x107);
uint32_t x134, uint8_t x135 = addcarryx_u32(x132, x108, x110);
uint32_t x137, uint8_t x138 = addcarryx_u32(x135, x111, x113);
uint32_t x140, uint8_t x141 = addcarryx_u32(x138, x114, x116);
uint32_t x143, uint8_t x144 = addcarryx_u32(x141, x117, x119);
uint32_t x146, uint8_t _ = addcarryx_u32(0x0, x144, x120);
uint32_t _, uint8_t x150 = addcarryx_u32(0x0, x35, x95);
uint32_t x152, uint8_t x153 = addcarryx_u32(x150, x62, x122);
uint32_t x155, uint8_t x156 = addcarryx_u32(x153, x65, x125);
uint32_t x158, uint8_t x159 = addcarryx_u32(x156, x68, x128);
uint32_t x161, uint8_t x162 = addcarryx_u32(x159, x71, x131);
uint32_t x164, uint8_t x165 = addcarryx_u32(x162, x74, x134);
uint32_t x167, uint8_t x168 = addcarryx_u32(x165, x77, x137);
uint32_t x170, uint8_t x171 = addcarryx_u32(x168, x80, x140);
uint32_t x173, uint8_t x174 = addcarryx_u32(x171, x83, x143);
uint32_t x176, uint8_t x177 = addcarryx_u32(x174, x89, x146);
uint8_t x178 = (x177 + x90);
uint32_t x180, uint32_t x181 = mulx_u32(x5, x19);
uint32_t x183, uint32_t x184 = mulx_u32(x5, x21);
uint32_t x186, uint32_t x187 = mulx_u32(x5, x23);
uint32_t x189, uint32_t x190 = mulx_u32(x5, x25);
uint32_t x192, uint32_t x193 = mulx_u32(x5, x27);
uint32_t x195, uint32_t x196 = mulx_u32(x5, x29);
uint32_t x198, uint32_t x199 = mulx_u32(x5, x31);
uint32_t x201, uint32_t x202 = mulx_u32(x5, x33);
uint32_t x204, uint32_t x205 = mulx_u32(x5, x32);
uint32_t x207, uint8_t x208 = addcarryx_u32(0x0, x181, x183);
uint32_t x210, uint8_t x211 = addcarryx_u32(x208, x184, x186);
uint32_t x213, uint8_t x214 = addcarryx_u32(x211, x187, x189);
uint32_t x216, uint8_t x217 = addcarryx_u32(x214, x190, x192);
uint32_t x219, uint8_t x220 = addcarryx_u32(x217, x193, x195);
uint32_t x222, uint8_t x223 = addcarryx_u32(x220, x196, x198);
uint32_t x225, uint8_t x226 = addcarryx_u32(x223, x199, x201);
uint32_t x228, uint8_t x229 = addcarryx_u32(x226, x202, x204);
uint32_t x231, uint8_t _ = addcarryx_u32(0x0, x229, x205);
uint32_t x234, uint8_t x235 = addcarryx_u32(0x0, x152, x180);
uint32_t x237, uint8_t x238 = addcarryx_u32(x235, x155, x207);
uint32_t x240, uint8_t x241 = addcarryx_u32(x238, x158, x210);
uint32_t x243, uint8_t x244 = addcarryx_u32(x241, x161, x213);
uint32_t x246, uint8_t x247 = addcarryx_u32(x244, x164, x216);
uint32_t x249, uint8_t x250 = addcarryx_u32(x247, x167, x219);
uint32_t x252, uint8_t x253 = addcarryx_u32(x250, x170, x222);
uint32_t x255, uint8_t x256 = addcarryx_u32(x253, x173, x225);
uint32_t x258, uint8_t x259 = addcarryx_u32(x256, x176, x228);
uint32_t x261, uint8_t x262 = addcarryx_u32(x259, x178, x231);
uint32_t x264, uint32_t _ = mulx_u32(x234, 0xaaaaaaab);
uint32_t x267, uint32_t x268 = mulx_u32(x264, 0xfffffffd);
uint32_t x270, uint32_t x271 = mulx_u32(x264, 0xffffffff);
uint32_t x273, uint32_t x274 = mulx_u32(x264, 0xffffffff);
uint32_t x276, uint32_t x277 = mulx_u32(x264, 0xffffffff);
uint32_t x279, uint32_t x280 = mulx_u32(x264, 0xffffffff);
uint32_t x282, uint32_t x283 = mulx_u32(x264, 0xffffffff);
uint32_t x285, uint32_t x286 = mulx_u32(x264, 0xffffffff);
uint32_t x288, uint32_t x289 = mulx_u32(x264, 0xffffffff);
uint32_t x291, uint32_t x292 = mulx_u32(x264, 0x3ff);
uint32_t x294, uint8_t x295 = addcarryx_u32(0x0, x268, x270);
uint32_t x297, uint8_t x298 = addcarryx_u32(x295, x271, x273);
uint32_t x300, uint8_t x301 = addcarryx_u32(x298, x274, x276);
uint32_t x303, uint8_t x304 = addcarryx_u32(x301, x277, x279);
uint32_t x306, uint8_t x307 = addcarryx_u32(x304, x280, x282);
uint32_t x309, uint8_t x310 = addcarryx_u32(x307, x283, x285);
uint32_t x312, uint8_t x313 = addcarryx_u32(x310, x286, x288);
uint32_t x315, uint8_t x316 = addcarryx_u32(x313, x289, x291);
uint32_t x318, uint8_t _ = addcarryx_u32(0x0, x316, x292);
uint32_t _, uint8_t x322 = addcarryx_u32(0x0, x234, x267);
uint32_t x324, uint8_t x325 = addcarryx_u32(x322, x237, x294);
uint32_t x327, uint8_t x328 = addcarryx_u32(x325, x240, x297);
uint32_t x330, uint8_t x331 = addcarryx_u32(x328, x243, x300);
uint32_t x333, uint8_t x334 = addcarryx_u32(x331, x246, x303);
uint32_t x336, uint8_t x337 = addcarryx_u32(x334, x249, x306);
uint32_t x339, uint8_t x340 = addcarryx_u32(x337, x252, x309);
uint32_t x342, uint8_t x343 = addcarryx_u32(x340, x255, x312);
uint32_t x345, uint8_t x346 = addcarryx_u32(x343, x258, x315);
uint32_t x348, uint8_t x349 = addcarryx_u32(x346, x261, x318);
uint8_t x350 = (x349 + x262);
uint32_t x352, uint32_t x353 = mulx_u32(x7, x19);
uint32_t x355, uint32_t x356 = mulx_u32(x7, x21);
uint32_t x358, uint32_t x359 = mulx_u32(x7, x23);
uint32_t x361, uint32_t x362 = mulx_u32(x7, x25);
uint32_t x364, uint32_t x365 = mulx_u32(x7, x27);
uint32_t x367, uint32_t x368 = mulx_u32(x7, x29);
uint32_t x370, uint32_t x371 = mulx_u32(x7, x31);
uint32_t x373, uint32_t x374 = mulx_u32(x7, x33);
uint32_t x376, uint32_t x377 = mulx_u32(x7, x32);
uint32_t x379, uint8_t x380 = addcarryx_u32(0x0, x353, x355);
uint32_t x382, uint8_t x383 = addcarryx_u32(x380, x356, x358);
uint32_t x385, uint8_t x386 = addcarryx_u32(x383, x359, x361);
uint32_t x388, uint8_t x389 = addcarryx_u32(x386, x362, x364);
uint32_t x391, uint8_t x392 = addcarryx_u32(x389, x365, x367);
uint32_t x394, uint8_t x395 = addcarryx_u32(x392, x368, x370);
uint32_t x397, uint8_t x398 = addcarryx_u32(x395, x371, x373);
uint32_t x400, uint8_t x401 = addcarryx_u32(x398, x374, x376);
uint32_t x403, uint8_t _ = addcarryx_u32(0x0, x401, x377);
uint32_t x406, uint8_t x407 = addcarryx_u32(0x0, x324, x352);
uint32_t x409, uint8_t x410 = addcarryx_u32(x407, x327, x379);
uint32_t x412, uint8_t x413 = addcarryx_u32(x410, x330, x382);
uint32_t x415, uint8_t x416 = addcarryx_u32(x413, x333, x385);
uint32_t x418, uint8_t x419 = addcarryx_u32(x416, x336, x388);
uint32_t x421, uint8_t x422 = addcarryx_u32(x419, x339, x391);
uint32_t x424, uint8_t x425 = addcarryx_u32(x422, x342, x394);
uint32_t x427, uint8_t x428 = addcarryx_u32(x425, x345, x397);
uint32_t x430, uint8_t x431 = addcarryx_u32(x428, x348, x400);
uint32_t x433, uint8_t x434 = addcarryx_u32(x431, x350, x403);
uint32_t x436, uint32_t _ = mulx_u32(x406, 0xaaaaaaab);
uint32_t x439, uint32_t x440 = mulx_u32(x436, 0xfffffffd);
uint32_t x442, uint32_t x443 = mulx_u32(x436, 0xffffffff);
uint32_t x445, uint32_t x446 = mulx_u32(x436, 0xffffffff);
uint32_t x448, uint32_t x449 = mulx_u32(x436, 0xffffffff);
uint32_t x451, uint32_t x452 = mulx_u32(x436, 0xffffffff);
uint32_t x454, uint32_t x455 = mulx_u32(x436, 0xffffffff);
uint32_t x457, uint32_t x458 = mulx_u32(x436, 0xffffffff);
uint32_t x460, uint32_t x461 = mulx_u32(x436, 0xffffffff);
uint32_t x463, uint32_t x464 = mulx_u32(x436, 0x3ff);
uint32_t x466, uint8_t x467 = addcarryx_u32(0x0, x440, x442);
uint32_t x469, uint8_t x470 = addcarryx_u32(x467, x443, x445);
uint32_t x472, uint8_t x473 = addcarryx_u32(x470, x446, x448);
uint32_t x475, uint8_t x476 = addcarryx_u32(x473, x449, x451);
uint32_t x478, uint8_t x479 = addcarryx_u32(x476, x452, x454);
uint32_t x481, uint8_t x482 = addcarryx_u32(x479, x455, x457);
uint32_t x484, uint8_t x485 = addcarryx_u32(x482, x458, x460);
uint32_t x487, uint8_t x488 = addcarryx_u32(x485, x461, x463);
uint32_t x490, uint8_t _ = addcarryx_u32(0x0, x488, x464);
uint32_t _, uint8_t x494 = addcarryx_u32(0x0, x406, x439);
uint32_t x496, uint8_t x497 = addcarryx_u32(x494, x409, x466);
uint32_t x499, uint8_t x500 = addcarryx_u32(x497, x412, x469);
uint32_t x502, uint8_t x503 = addcarryx_u32(x500, x415, x472);
uint32_t x505, uint8_t x506 = addcarryx_u32(x503, x418, x475);
uint32_t x508, uint8_t x509 = addcarryx_u32(x506, x421, x478);
uint32_t x511, uint8_t x512 = addcarryx_u32(x509, x424, x481);
uint32_t x514, uint8_t x515 = addcarryx_u32(x512, x427, x484);
uint32_t x517, uint8_t x518 = addcarryx_u32(x515, x430, x487);
uint32_t x520, uint8_t x521 = addcarryx_u32(x518, x433, x490);
uint8_t x522 = (x521 + x434);
uint32_t x524, uint32_t x525 = mulx_u32(x9, x19);
uint32_t x527, uint32_t x528 = mulx_u32(x9, x21);
uint32_t x530, uint32_t x531 = mulx_u32(x9, x23);
uint32_t x533, uint32_t x534 = mulx_u32(x9, x25);
uint32_t x536, uint32_t x537 = mulx_u32(x9, x27);
uint32_t x539, uint32_t x540 = mulx_u32(x9, x29);
uint32_t x542, uint32_t x543 = mulx_u32(x9, x31);
uint32_t x545, uint32_t x546 = mulx_u32(x9, x33);
uint32_t x548, uint32_t x549 = mulx_u32(x9, x32);
uint32_t x551, uint8_t x552 = addcarryx_u32(0x0, x525, x527);
uint32_t x554, uint8_t x555 = addcarryx_u32(x552, x528, x530);
uint32_t x557, uint8_t x558 = addcarryx_u32(x555, x531, x533);
uint32_t x560, uint8_t x561 = addcarryx_u32(x558, x534, x536);
uint32_t x563, uint8_t x564 = addcarryx_u32(x561, x537, x539);
uint32_t x566, uint8_t x567 = addcarryx_u32(x564, x540, x542);
uint32_t x569, uint8_t x570 = addcarryx_u32(x567, x543, x545);
uint32_t x572, uint8_t x573 = addcarryx_u32(x570, x546, x548);
uint32_t x575, uint8_t _ = addcarryx_u32(0x0, x573, x549);
uint32_t x578, uint8_t x579 = addcarryx_u32(0x0, x496, x524);
uint32_t x581, uint8_t x582 = addcarryx_u32(x579, x499, x551);
uint32_t x584, uint8_t x585 = addcarryx_u32(x582, x502, x554);
uint32_t x587, uint8_t x588 = addcarryx_u32(x585, x505, x557);
uint32_t x590, uint8_t x591 = addcarryx_u32(x588, x508, x560);
uint32_t x593, uint8_t x594 = addcarryx_u32(x591, x511, x563);
uint32_t x596, uint8_t x597 = addcarryx_u32(x594, x514, x566);
uint32_t x599, uint8_t x600 = addcarryx_u32(x597, x517, x569);
uint32_t x602, uint8_t x603 = addcarryx_u32(x600, x520, x572);
uint32_t x605, uint8_t x606 = addcarryx_u32(x603, x522, x575);
uint32_t x608, uint32_t _ = mulx_u32(x578, 0xaaaaaaab);
uint32_t x611, uint32_t x612 = mulx_u32(x608, 0xfffffffd);
uint32_t x614, uint32_t x615 = mulx_u32(x608, 0xffffffff);
uint32_t x617, uint32_t x618 = mulx_u32(x608, 0xffffffff);
uint32_t x620, uint32_t x621 = mulx_u32(x608, 0xffffffff);
uint32_t x623, uint32_t x624 = mulx_u32(x608, 0xffffffff);
uint32_t x626, uint32_t x627 = mulx_u32(x608, 0xffffffff);
uint32_t x629, uint32_t x630 = mulx_u32(x608, 0xffffffff);
uint32_t x632, uint32_t x633 = mulx_u32(x608, 0xffffffff);
uint32_t x635, uint32_t x636 = mulx_u32(x608, 0x3ff);
uint32_t x638, uint8_t x639 = addcarryx_u32(0x0, x612, x614);
uint32_t x641, uint8_t x642 = addcarryx_u32(x639, x615, x617);
uint32_t x644, uint8_t x645 = addcarryx_u32(x642, x618, x620);
uint32_t x647, uint8_t x648 = addcarryx_u32(x645, x621, x623);
uint32_t x650, uint8_t x651 = addcarryx_u32(x648, x624, x626);
uint32_t x653, uint8_t x654 = addcarryx_u32(x651, x627, x629);
uint32_t x656, uint8_t x657 = addcarryx_u32(x654, x630, x632);
uint32_t x659, uint8_t x660 = addcarryx_u32(x657, x633, x635);
uint32_t x662, uint8_t _ = addcarryx_u32(0x0, x660, x636);
uint32_t _, uint8_t x666 = addcarryx_u32(0x0, x578, x611);
uint32_t x668, uint8_t x669 = addcarryx_u32(x666, x581, x638);
uint32_t x671, uint8_t x672 = addcarryx_u32(x669, x584, x641);
uint32_t x674, uint8_t x675 = addcarryx_u32(x672, x587, x644);
uint32_t x677, uint8_t x678 = addcarryx_u32(x675, x590, x647);
uint32_t x680, uint8_t x681 = addcarryx_u32(x678, x593, x650);
uint32_t x683, uint8_t x684 = addcarryx_u32(x681, x596, x653);
uint32_t x686, uint8_t x687 = addcarryx_u32(x684, x599, x656);
uint32_t x689, uint8_t x690 = addcarryx_u32(x687, x602, x659);
uint32_t x692, uint8_t x693 = addcarryx_u32(x690, x605, x662);
uint8_t x694 = (x693 + x606);
uint32_t x696, uint32_t x697 = mulx_u32(x11, x19);
uint32_t x699, uint32_t x700 = mulx_u32(x11, x21);
uint32_t x702, uint32_t x703 = mulx_u32(x11, x23);
uint32_t x705, uint32_t x706 = mulx_u32(x11, x25);
uint32_t x708, uint32_t x709 = mulx_u32(x11, x27);
uint32_t x711, uint32_t x712 = mulx_u32(x11, x29);
uint32_t x714, uint32_t x715 = mulx_u32(x11, x31);
uint32_t x717, uint32_t x718 = mulx_u32(x11, x33);
uint32_t x720, uint32_t x721 = mulx_u32(x11, x32);
uint32_t x723, uint8_t x724 = addcarryx_u32(0x0, x697, x699);
uint32_t x726, uint8_t x727 = addcarryx_u32(x724, x700, x702);
uint32_t x729, uint8_t x730 = addcarryx_u32(x727, x703, x705);
uint32_t x732, uint8_t x733 = addcarryx_u32(x730, x706, x708);
uint32_t x735, uint8_t x736 = addcarryx_u32(x733, x709, x711);
uint32_t x738, uint8_t x739 = addcarryx_u32(x736, x712, x714);
uint32_t x741, uint8_t x742 = addcarryx_u32(x739, x715, x717);
uint32_t x744, uint8_t x745 = addcarryx_u32(x742, x718, x720);
uint32_t x747, uint8_t _ = addcarryx_u32(0x0, x745, x721);
uint32_t x750, uint8_t x751 = addcarryx_u32(0x0, x668, x696);
uint32_t x753, uint8_t x754 = addcarryx_u32(x751, x671, x723);
uint32_t x756, uint8_t x757 = addcarryx_u32(x754, x674, x726);
uint32_t x759, uint8_t x760 = addcarryx_u32(x757, x677, x729);
uint32_t x762, uint8_t x763 = addcarryx_u32(x760, x680, x732);
uint32_t x765, uint8_t x766 = addcarryx_u32(x763, x683, x735);
uint32_t x768, uint8_t x769 = addcarryx_u32(x766, x686, x738);
uint32_t x771, uint8_t x772 = addcarryx_u32(x769, x689, x741);
uint32_t x774, uint8_t x775 = addcarryx_u32(x772, x692, x744);
uint32_t x777, uint8_t x778 = addcarryx_u32(x775, x694, x747);
uint32_t x780, uint32_t _ = mulx_u32(x750, 0xaaaaaaab);
uint32_t x783, uint32_t x784 = mulx_u32(x780, 0xfffffffd);
uint32_t x786, uint32_t x787 = mulx_u32(x780, 0xffffffff);
uint32_t x789, uint32_t x790 = mulx_u32(x780, 0xffffffff);
uint32_t x792, uint32_t x793 = mulx_u32(x780, 0xffffffff);
uint32_t x795, uint32_t x796 = mulx_u32(x780, 0xffffffff);
uint32_t x798, uint32_t x799 = mulx_u32(x780, 0xffffffff);
uint32_t x801, uint32_t x802 = mulx_u32(x780, 0xffffffff);
uint32_t x804, uint32_t x805 = mulx_u32(x780, 0xffffffff);
uint32_t x807, uint32_t x808 = mulx_u32(x780, 0x3ff);
uint32_t x810, uint8_t x811 = addcarryx_u32(0x0, x784, x786);
uint32_t x813, uint8_t x814 = addcarryx_u32(x811, x787, x789);
uint32_t x816, uint8_t x817 = addcarryx_u32(x814, x790, x792);
uint32_t x819, uint8_t x820 = addcarryx_u32(x817, x793, x795);
uint32_t x822, uint8_t x823 = addcarryx_u32(x820, x796, x798);
uint32_t x825, uint8_t x826 = addcarryx_u32(x823, x799, x801);
uint32_t x828, uint8_t x829 = addcarryx_u32(x826, x802, x804);
uint32_t x831, uint8_t x832 = addcarryx_u32(x829, x805, x807);
uint32_t x834, uint8_t _ = addcarryx_u32(0x0, x832, x808);
uint32_t _, uint8_t x838 = addcarryx_u32(0x0, x750, x783);
uint32_t x840, uint8_t x841 = addcarryx_u32(x838, x753, x810);
uint32_t x843, uint8_t x844 = addcarryx_u32(x841, x756, x813);
uint32_t x846, uint8_t x847 = addcarryx_u32(x844, x759, x816);
uint32_t x849, uint8_t x850 = addcarryx_u32(x847, x762, x819);
uint32_t x852, uint8_t x853 = addcarryx_u32(x850, x765, x822);
uint32_t x855, uint8_t x856 = addcarryx_u32(x853, x768, x825);
uint32_t x858, uint8_t x859 = addcarryx_u32(x856, x771, x828);
uint32_t x861, uint8_t x862 = addcarryx_u32(x859, x774, x831);
uint32_t x864, uint8_t x865 = addcarryx_u32(x862, x777, x834);
uint8_t x866 = (x865 + x778);
uint32_t x868, uint32_t x869 = mulx_u32(x13, x19);
uint32_t x871, uint32_t x872 = mulx_u32(x13, x21);
uint32_t x874, uint32_t x875 = mulx_u32(x13, x23);
uint32_t x877, uint32_t x878 = mulx_u32(x13, x25);
uint32_t x880, uint32_t x881 = mulx_u32(x13, x27);
uint32_t x883, uint32_t x884 = mulx_u32(x13, x29);
uint32_t x886, uint32_t x887 = mulx_u32(x13, x31);
uint32_t x889, uint32_t x890 = mulx_u32(x13, x33);
uint32_t x892, uint32_t x893 = mulx_u32(x13, x32);
uint32_t x895, uint8_t x896 = addcarryx_u32(0x0, x869, x871);
uint32_t x898, uint8_t x899 = addcarryx_u32(x896, x872, x874);
uint32_t x901, uint8_t x902 = addcarryx_u32(x899, x875, x877);
uint32_t x904, uint8_t x905 = addcarryx_u32(x902, x878, x880);
uint32_t x907, uint8_t x908 = addcarryx_u32(x905, x881, x883);
uint32_t x910, uint8_t x911 = addcarryx_u32(x908, x884, x886);
uint32_t x913, uint8_t x914 = addcarryx_u32(x911, x887, x889);
uint32_t x916, uint8_t x917 = addcarryx_u32(x914, x890, x892);
uint32_t x919, uint8_t _ = addcarryx_u32(0x0, x917, x893);
uint32_t x922, uint8_t x923 = addcarryx_u32(0x0, x840, x868);
uint32_t x925, uint8_t x926 = addcarryx_u32(x923, x843, x895);
uint32_t x928, uint8_t x929 = addcarryx_u32(x926, x846, x898);
uint32_t x931, uint8_t x932 = addcarryx_u32(x929, x849, x901);
uint32_t x934, uint8_t x935 = addcarryx_u32(x932, x852, x904);
uint32_t x937, uint8_t x938 = addcarryx_u32(x935, x855, x907);
uint32_t x940, uint8_t x941 = addcarryx_u32(x938, x858, x910);
uint32_t x943, uint8_t x944 = addcarryx_u32(x941, x861, x913);
uint32_t x946, uint8_t x947 = addcarryx_u32(x944, x864, x916);
uint32_t x949, uint8_t x950 = addcarryx_u32(x947, x866, x919);
uint32_t x952, uint32_t _ = mulx_u32(x922, 0xaaaaaaab);
uint32_t x955, uint32_t x956 = mulx_u32(x952, 0xfffffffd);
uint32_t x958, uint32_t x959 = mulx_u32(x952, 0xffffffff);
uint32_t x961, uint32_t x962 = mulx_u32(x952, 0xffffffff);
uint32_t x964, uint32_t x965 = mulx_u32(x952, 0xffffffff);
uint32_t x967, uint32_t x968 = mulx_u32(x952, 0xffffffff);
uint32_t x970, uint32_t x971 = mulx_u32(x952, 0xffffffff);
uint32_t x973, uint32_t x974 = mulx_u32(x952, 0xffffffff);
uint32_t x976, uint32_t x977 = mulx_u32(x952, 0xffffffff);
uint32_t x979, uint32_t x980 = mulx_u32(x952, 0x3ff);
uint32_t x982, uint8_t x983 = addcarryx_u32(0x0, x956, x958);
uint32_t x985, uint8_t x986 = addcarryx_u32(x983, x959, x961);
uint32_t x988, uint8_t x989 = addcarryx_u32(x986, x962, x964);
uint32_t x991, uint8_t x992 = addcarryx_u32(x989, x965, x967);
uint32_t x994, uint8_t x995 = addcarryx_u32(x992, x968, x970);
uint32_t x997, uint8_t x998 = addcarryx_u32(x995, x971, x973);
uint32_t x1000, uint8_t x1001 = addcarryx_u32(x998, x974, x976);
uint32_t x1003, uint8_t x1004 = addcarryx_u32(x1001, x977, x979);
uint32_t x1006, uint8_t _ = addcarryx_u32(0x0, x1004, x980);
uint32_t _, uint8_t x1010 = addcarryx_u32(0x0, x922, x955);
uint32_t x1012, uint8_t x1013 = addcarryx_u32(x1010, x925, x982);
uint32_t x1015, uint8_t x1016 = addcarryx_u32(x1013, x928, x985);
uint32_t x1018, uint8_t x1019 = addcarryx_u32(x1016, x931, x988);
uint32_t x1021, uint8_t x1022 = addcarryx_u32(x1019, x934, x991);
uint32_t x1024, uint8_t x1025 = addcarryx_u32(x1022, x937, x994);
uint32_t x1027, uint8_t x1028 = addcarryx_u32(x1025, x940, x997);
uint32_t x1030, uint8_t x1031 = addcarryx_u32(x1028, x943, x1000);
uint32_t x1033, uint8_t x1034 = addcarryx_u32(x1031, x946, x1003);
uint32_t x1036, uint8_t x1037 = addcarryx_u32(x1034, x949, x1006);
uint8_t x1038 = (x1037 + x950);
uint32_t x1040, uint32_t x1041 = mulx_u32(x15, x19);
uint32_t x1043, uint32_t x1044 = mulx_u32(x15, x21);
uint32_t x1046, uint32_t x1047 = mulx_u32(x15, x23);
uint32_t x1049, uint32_t x1050 = mulx_u32(x15, x25);
uint32_t x1052, uint32_t x1053 = mulx_u32(x15, x27);
uint32_t x1055, uint32_t x1056 = mulx_u32(x15, x29);
uint32_t x1058, uint32_t x1059 = mulx_u32(x15, x31);
uint32_t x1061, uint32_t x1062 = mulx_u32(x15, x33);
uint32_t x1064, uint32_t x1065 = mulx_u32(x15, x32);
uint32_t x1067, uint8_t x1068 = addcarryx_u32(0x0, x1041, x1043);
uint32_t x1070, uint8_t x1071 = addcarryx_u32(x1068, x1044, x1046);
uint32_t x1073, uint8_t x1074 = addcarryx_u32(x1071, x1047, x1049);
uint32_t x1076, uint8_t x1077 = addcarryx_u32(x1074, x1050, x1052);
uint32_t x1079, uint8_t x1080 = addcarryx_u32(x1077, x1053, x1055);
uint32_t x1082, uint8_t x1083 = addcarryx_u32(x1080, x1056, x1058);
uint32_t x1085, uint8_t x1086 = addcarryx_u32(x1083, x1059, x1061);
uint32_t x1088, uint8_t x1089 = addcarryx_u32(x1086, x1062, x1064);
uint32_t x1091, uint8_t _ = addcarryx_u32(0x0, x1089, x1065);
uint32_t x1094, uint8_t x1095 = addcarryx_u32(0x0, x1012, x1040);
uint32_t x1097, uint8_t x1098 = addcarryx_u32(x1095, x1015, x1067);
uint32_t x1100, uint8_t x1101 = addcarryx_u32(x1098, x1018, x1070);
uint32_t x1103, uint8_t x1104 = addcarryx_u32(x1101, x1021, x1073);
uint32_t x1106, uint8_t x1107 = addcarryx_u32(x1104, x1024, x1076);
uint32_t x1109, uint8_t x1110 = addcarryx_u32(x1107, x1027, x1079);
uint32_t x1112, uint8_t x1113 = addcarryx_u32(x1110, x1030, x1082);
uint32_t x1115, uint8_t x1116 = addcarryx_u32(x1113, x1033, x1085);
uint32_t x1118, uint8_t x1119 = addcarryx_u32(x1116, x1036, x1088);
uint32_t x1121, uint8_t x1122 = addcarryx_u32(x1119, x1038, x1091);
uint32_t x1124, uint32_t _ = mulx_u32(x1094, 0xaaaaaaab);
uint32_t x1127, uint32_t x1128 = mulx_u32(x1124, 0xfffffffd);
uint32_t x1130, uint32_t x1131 = mulx_u32(x1124, 0xffffffff);
uint32_t x1133, uint32_t x1134 = mulx_u32(x1124, 0xffffffff);
uint32_t x1136, uint32_t x1137 = mulx_u32(x1124, 0xffffffff);
uint32_t x1139, uint32_t x1140 = mulx_u32(x1124, 0xffffffff);
uint32_t x1142, uint32_t x1143 = mulx_u32(x1124, 0xffffffff);
uint32_t x1145, uint32_t x1146 = mulx_u32(x1124, 0xffffffff);
uint32_t x1148, uint32_t x1149 = mulx_u32(x1124, 0xffffffff);
uint32_t x1151, uint32_t x1152 = mulx_u32(x1124, 0x3ff);
uint32_t x1154, uint8_t x1155 = addcarryx_u32(0x0, x1128, x1130);
uint32_t x1157, uint8_t x1158 = addcarryx_u32(x1155, x1131, x1133);
uint32_t x1160, uint8_t x1161 = addcarryx_u32(x1158, x1134, x1136);
uint32_t x1163, uint8_t x1164 = addcarryx_u32(x1161, x1137, x1139);
uint32_t x1166, uint8_t x1167 = addcarryx_u32(x1164, x1140, x1142);
uint32_t x1169, uint8_t x1170 = addcarryx_u32(x1167, x1143, x1145);
uint32_t x1172, uint8_t x1173 = addcarryx_u32(x1170, x1146, x1148);
uint32_t x1175, uint8_t x1176 = addcarryx_u32(x1173, x1149, x1151);
uint32_t x1178, uint8_t _ = addcarryx_u32(0x0, x1176, x1152);
uint32_t _, uint8_t x1182 = addcarryx_u32(0x0, x1094, x1127);
uint32_t x1184, uint8_t x1185 = addcarryx_u32(x1182, x1097, x1154);
uint32_t x1187, uint8_t x1188 = addcarryx_u32(x1185, x1100, x1157);
uint32_t x1190, uint8_t x1191 = addcarryx_u32(x1188, x1103, x1160);
uint32_t x1193, uint8_t x1194 = addcarryx_u32(x1191, x1106, x1163);
uint32_t x1196, uint8_t x1197 = addcarryx_u32(x1194, x1109, x1166);
uint32_t x1199, uint8_t x1200 = addcarryx_u32(x1197, x1112, x1169);
uint32_t x1202, uint8_t x1203 = addcarryx_u32(x1200, x1115, x1172);
uint32_t x1205, uint8_t x1206 = addcarryx_u32(x1203, x1118, x1175);
uint32_t x1208, uint8_t x1209 = addcarryx_u32(x1206, x1121, x1178);
uint8_t x1210 = (x1209 + x1122);
uint32_t x1212, uint32_t x1213 = mulx_u32(x17, x19);
uint32_t x1215, uint32_t x1216 = mulx_u32(x17, x21);
uint32_t x1218, uint32_t x1219 = mulx_u32(x17, x23);
uint32_t x1221, uint32_t x1222 = mulx_u32(x17, x25);
uint32_t x1224, uint32_t x1225 = mulx_u32(x17, x27);
uint32_t x1227, uint32_t x1228 = mulx_u32(x17, x29);
uint32_t x1230, uint32_t x1231 = mulx_u32(x17, x31);
uint32_t x1233, uint32_t x1234 = mulx_u32(x17, x33);
uint32_t x1236, uint32_t x1237 = mulx_u32(x17, x32);
uint32_t x1239, uint8_t x1240 = addcarryx_u32(0x0, x1213, x1215);
uint32_t x1242, uint8_t x1243 = addcarryx_u32(x1240, x1216, x1218);
uint32_t x1245, uint8_t x1246 = addcarryx_u32(x1243, x1219, x1221);
uint32_t x1248, uint8_t x1249 = addcarryx_u32(x1246, x1222, x1224);
uint32_t x1251, uint8_t x1252 = addcarryx_u32(x1249, x1225, x1227);
uint32_t x1254, uint8_t x1255 = addcarryx_u32(x1252, x1228, x1230);
uint32_t x1257, uint8_t x1258 = addcarryx_u32(x1255, x1231, x1233);
uint32_t x1260, uint8_t x1261 = addcarryx_u32(x1258, x1234, x1236);
uint32_t x1263, uint8_t _ = addcarryx_u32(0x0, x1261, x1237);
uint32_t x1266, uint8_t x1267 = addcarryx_u32(0x0, x1184, x1212);
uint32_t x1269, uint8_t x1270 = addcarryx_u32(x1267, x1187, x1239);
uint32_t x1272, uint8_t x1273 = addcarryx_u32(x1270, x1190, x1242);
uint32_t x1275, uint8_t x1276 = addcarryx_u32(x1273, x1193, x1245);
uint32_t x1278, uint8_t x1279 = addcarryx_u32(x1276, x1196, x1248);
uint32_t x1281, uint8_t x1282 = addcarryx_u32(x1279, x1199, x1251);
uint32_t x1284, uint8_t x1285 = addcarryx_u32(x1282, x1202, x1254);
uint32_t x1287, uint8_t x1288 = addcarryx_u32(x1285, x1205, x1257);
uint32_t x1290, uint8_t x1291 = addcarryx_u32(x1288, x1208, x1260);
uint32_t x1293, uint8_t x1294 = addcarryx_u32(x1291, x1210, x1263);
uint32_t x1296, uint32_t _ = mulx_u32(x1266, 0xaaaaaaab);
uint32_t x1299, uint32_t x1300 = mulx_u32(x1296, 0xfffffffd);
uint32_t x1302, uint32_t x1303 = mulx_u32(x1296, 0xffffffff);
uint32_t x1305, uint32_t x1306 = mulx_u32(x1296, 0xffffffff);
uint32_t x1308, uint32_t x1309 = mulx_u32(x1296, 0xffffffff);
uint32_t x1311, uint32_t x1312 = mulx_u32(x1296, 0xffffffff);
uint32_t x1314, uint32_t x1315 = mulx_u32(x1296, 0xffffffff);
uint32_t x1317, uint32_t x1318 = mulx_u32(x1296, 0xffffffff);
uint32_t x1320, uint32_t x1321 = mulx_u32(x1296, 0xffffffff);
uint32_t x1323, uint32_t x1324 = mulx_u32(x1296, 0x3ff);
uint32_t x1326, uint8_t x1327 = addcarryx_u32(0x0, x1300, x1302);
uint32_t x1329, uint8_t x1330 = addcarryx_u32(x1327, x1303, x1305);
uint32_t x1332, uint8_t x1333 = addcarryx_u32(x1330, x1306, x1308);
uint32_t x1335, uint8_t x1336 = addcarryx_u32(x1333, x1309, x1311);
uint32_t x1338, uint8_t x1339 = addcarryx_u32(x1336, x1312, x1314);
uint32_t x1341, uint8_t x1342 = addcarryx_u32(x1339, x1315, x1317);
uint32_t x1344, uint8_t x1345 = addcarryx_u32(x1342, x1318, x1320);
uint32_t x1347, uint8_t x1348 = addcarryx_u32(x1345, x1321, x1323);
uint32_t x1350, uint8_t _ = addcarryx_u32(0x0, x1348, x1324);
uint32_t _, uint8_t x1354 = addcarryx_u32(0x0, x1266, x1299);
uint32_t x1356, uint8_t x1357 = addcarryx_u32(x1354, x1269, x1326);
uint32_t x1359, uint8_t x1360 = addcarryx_u32(x1357, x1272, x1329);
uint32_t x1362, uint8_t x1363 = addcarryx_u32(x1360, x1275, x1332);
uint32_t x1365, uint8_t x1366 = addcarryx_u32(x1363, x1278, x1335);
uint32_t x1368, uint8_t x1369 = addcarryx_u32(x1366, x1281, x1338);
uint32_t x1371, uint8_t x1372 = addcarryx_u32(x1369, x1284, x1341);
uint32_t x1374, uint8_t x1375 = addcarryx_u32(x1372, x1287, x1344);
uint32_t x1377, uint8_t x1378 = addcarryx_u32(x1375, x1290, x1347);
uint32_t x1380, uint8_t x1381 = addcarryx_u32(x1378, x1293, x1350);
uint8_t x1382 = (x1381 + x1294);
uint32_t x1384, uint32_t x1385 = mulx_u32(x16, x19);
uint32_t x1387, uint32_t x1388 = mulx_u32(x16, x21);
uint32_t x1390, uint32_t x1391 = mulx_u32(x16, x23);
uint32_t x1393, uint32_t x1394 = mulx_u32(x16, x25);
uint32_t x1396, uint32_t x1397 = mulx_u32(x16, x27);
uint32_t x1399, uint32_t x1400 = mulx_u32(x16, x29);
uint32_t x1402, uint32_t x1403 = mulx_u32(x16, x31);
uint32_t x1405, uint32_t x1406 = mulx_u32(x16, x33);
uint32_t x1408, uint32_t x1409 = mulx_u32(x16, x32);
uint32_t x1411, uint8_t x1412 = addcarryx_u32(0x0, x1385, x1387);
uint32_t x1414, uint8_t x1415 = addcarryx_u32(x1412, x1388, x1390);
uint32_t x1417, uint8_t x1418 = addcarryx_u32(x1415, x1391, x1393);
uint32_t x1420, uint8_t x1421 = addcarryx_u32(x1418, x1394, x1396);
uint32_t x1423, uint8_t x1424 = addcarryx_u32(x1421, x1397, x1399);
uint32_t x1426, uint8_t x1427 = addcarryx_u32(x1424, x1400, x1402);
uint32_t x1429, uint8_t x1430 = addcarryx_u32(x1427, x1403, x1405);
uint32_t x1432, uint8_t x1433 = addcarryx_u32(x1430, x1406, x1408);
uint32_t x1435, uint8_t _ = addcarryx_u32(0x0, x1433, x1409);
uint32_t x1438, uint8_t x1439 = addcarryx_u32(0x0, x1356, x1384);
uint32_t x1441, uint8_t x1442 = addcarryx_u32(x1439, x1359, x1411);
uint32_t x1444, uint8_t x1445 = addcarryx_u32(x1442, x1362, x1414);
uint32_t x1447, uint8_t x1448 = addcarryx_u32(x1445, x1365, x1417);
uint32_t x1450, uint8_t x1451 = addcarryx_u32(x1448, x1368, x1420);
uint32_t x1453, uint8_t x1454 = addcarryx_u32(x1451, x1371, x1423);
uint32_t x1456, uint8_t x1457 = addcarryx_u32(x1454, x1374, x1426);
uint32_t x1459, uint8_t x1460 = addcarryx_u32(x1457, x1377, x1429);
uint32_t x1462, uint8_t x1463 = addcarryx_u32(x1460, x1380, x1432);
uint32_t x1465, uint8_t x1466 = addcarryx_u32(x1463, x1382, x1435);
uint32_t x1468, uint32_t _ = mulx_u32(x1438, 0xaaaaaaab);
uint32_t x1471, uint32_t x1472 = mulx_u32(x1468, 0xfffffffd);
uint32_t x1474, uint32_t x1475 = mulx_u32(x1468, 0xffffffff);
uint32_t x1477, uint32_t x1478 = mulx_u32(x1468, 0xffffffff);
uint32_t x1480, uint32_t x1481 = mulx_u32(x1468, 0xffffffff);
uint32_t x1483, uint32_t x1484 = mulx_u32(x1468, 0xffffffff);
uint32_t x1486, uint32_t x1487 = mulx_u32(x1468, 0xffffffff);
uint32_t x1489, uint32_t x1490 = mulx_u32(x1468, 0xffffffff);
uint32_t x1492, uint32_t x1493 = mulx_u32(x1468, 0xffffffff);
uint32_t x1495, uint32_t x1496 = mulx_u32(x1468, 0x3ff);
uint32_t x1498, uint8_t x1499 = addcarryx_u32(0x0, x1472, x1474);
uint32_t x1501, uint8_t x1502 = addcarryx_u32(x1499, x1475, x1477);
uint32_t x1504, uint8_t x1505 = addcarryx_u32(x1502, x1478, x1480);
uint32_t x1507, uint8_t x1508 = addcarryx_u32(x1505, x1481, x1483);
uint32_t x1510, uint8_t x1511 = addcarryx_u32(x1508, x1484, x1486);
uint32_t x1513, uint8_t x1514 = addcarryx_u32(x1511, x1487, x1489);
uint32_t x1516, uint8_t x1517 = addcarryx_u32(x1514, x1490, x1492);
uint32_t x1519, uint8_t x1520 = addcarryx_u32(x1517, x1493, x1495);
uint32_t x1522, uint8_t _ = addcarryx_u32(0x0, x1520, x1496);
uint32_t _, uint8_t x1526 = addcarryx_u32(0x0, x1438, x1471);
uint32_t x1528, uint8_t x1529 = addcarryx_u32(x1526, x1441, x1498);
uint32_t x1531, uint8_t x1532 = addcarryx_u32(x1529, x1444, x1501);
uint32_t x1534, uint8_t x1535 = addcarryx_u32(x1532, x1447, x1504);
uint32_t x1537, uint8_t x1538 = addcarryx_u32(x1535, x1450, x1507);
uint32_t x1540, uint8_t x1541 = addcarryx_u32(x1538, x1453, x1510);
uint32_t x1543, uint8_t x1544 = addcarryx_u32(x1541, x1456, x1513);
uint32_t x1546, uint8_t x1547 = addcarryx_u32(x1544, x1459, x1516);
uint32_t x1549, uint8_t x1550 = addcarryx_u32(x1547, x1462, x1519);
uint32_t x1552, uint8_t x1553 = addcarryx_u32(x1550, x1465, x1522);
uint8_t x1554 = (x1553 + x1466);
uint32_t x1556, uint8_t x1557 = subborrow_u32(0x0, x1528, 0xfffffffd);
uint32_t x1559, uint8_t x1560 = subborrow_u32(x1557, x1531, 0xffffffff);
uint32_t x1562, uint8_t x1563 = subborrow_u32(x1560, x1534, 0xffffffff);
uint32_t x1565, uint8_t x1566 = subborrow_u32(x1563, x1537, 0xffffffff);
uint32_t x1568, uint8_t x1569 = subborrow_u32(x1566, x1540, 0xffffffff);
uint32_t x1571, uint8_t x1572 = subborrow_u32(x1569, x1543, 0xffffffff);
uint32_t x1574, uint8_t x1575 = subborrow_u32(x1572, x1546, 0xffffffff);
uint32_t x1577, uint8_t x1578 = subborrow_u32(x1575, x1549, 0xffffffff);
uint32_t x1580, uint8_t x1581 = subborrow_u32(x1578, x1552, 0x3ff);
uint32_t _, uint8_t x1584 = subborrow_u32(x1581, x1554, 0x0);
(cmovznz32(x1584, x1580, x1552), cmovznz32(x1584, x1577, x1549), cmovznz32(x1584, x1574, x1546), cmovznz32(x1584, x1571, x1543), cmovznz32(x1584, x1568, x1540), cmovznz32(x1584, x1565, x1537), cmovznz32(x1584, x1562, x1534), cmovznz32(x1584, x1559, x1531), cmovznz32(x1584, x1556, x1528))
     : ∀ var : Z.Syntax.base_type → Type, expr Z.Syntax.base_type Z.Syntax.op (uint32_t * uint32_t * uint32_t * uint32_t * uint32_t * uint32_t * uint32_t * uint32_t * uint32_t * (uint32_t * uint32_t * uint32_t * uint32_t * uint32_t * uint32_t * uint32_t * uint32_t * uint32_t) -> uint32_t * uint32_t * uint32_t * uint32_t * uint32_t * uint32_t * uint32_t * uint32_t * uint32_t)

Argument scope is [function_scope]
