mul = λ var : Z.Syntax.base_type → Type,
λ '(x34, x35, x33, x31, x29, x27, x25, x23, x21, x19, x17, x15, x13, x11, x9, x7, x5, x3, (x68, x69, x67, x65, x63, x61, x59, x57, x55, x53, x51, x49, x47, x45, x43, x41, x39, x37))%core,
uint64_t x70 = ((uint64_t)x34 * x68);
uint64_t x71 = ((0x2 * ((uint64_t)x35 * x68)) + (0x2 * ((uint64_t)x34 * x69)));
uint64_t x72 = (((uint64_t)x33 * x68) + ((0x2 * ((uint64_t)x35 * x69)) + ((uint64_t)x34 * x67)));
uint64_t x73 = (((uint64_t)x31 * x68) + (((uint64_t)x33 * x69) + (((uint64_t)x35 * x67) + ((uint64_t)x34 * x65))));
uint64_t x74 = ((0x2 * ((uint64_t)x29 * x68)) + ((0x2 * ((uint64_t)x31 * x69)) + (((uint64_t)x33 * x67) + ((0x2 * ((uint64_t)x35 * x65)) + (0x2 * ((uint64_t)x34 * x63))))));
uint64_t x75 = (((uint64_t)x27 * x68) + ((0x2 * ((uint64_t)x29 * x69)) + (((uint64_t)x31 * x67) + (((uint64_t)x33 * x65) + ((0x2 * ((uint64_t)x35 * x63)) + ((uint64_t)x34 * x61))))));
uint64_t x76 = (((uint64_t)x25 * x68) + (((uint64_t)x27 * x69) + (((uint64_t)x29 * x67) + (((uint64_t)x31 * x65) + (((uint64_t)x33 * x63) + (((uint64_t)x35 * x61) + ((uint64_t)x34 * x59)))))));
uint64_t x77 = ((0x2 * ((uint64_t)x23 * x68)) + ((0x2 * ((uint64_t)x25 * x69)) + (((uint64_t)x27 * x67) + ((0x2 * ((uint64_t)x29 * x65)) + ((0x2 * ((uint64_t)x31 * x63)) + (((uint64_t)x33 * x61) + ((0x2 * ((uint64_t)x35 * x59)) + (0x2 * ((uint64_t)x34 * x57)))))))));
uint64_t x78 = (((uint64_t)x21 * x68) + ((0x2 * ((uint64_t)x23 * x69)) + (((uint64_t)x25 * x67) + (((uint64_t)x27 * x65) + ((0x2 * ((uint64_t)x29 * x63)) + (((uint64_t)x31 * x61) + (((uint64_t)x33 * x59) + ((0x2 * ((uint64_t)x35 * x57)) + ((uint64_t)x34 * x55)))))))));
uint64_t x79 = (((uint64_t)x19 * x68) + (((uint64_t)x21 * x69) + (((uint64_t)x23 * x67) + (((uint64_t)x25 * x65) + (((uint64_t)x27 * x63) + (((uint64_t)x29 * x61) + (((uint64_t)x31 * x59) + (((uint64_t)x33 * x57) + (((uint64_t)x35 * x55) + ((uint64_t)x34 * x53))))))))));
uint64_t x80 = ((0x2 * ((uint64_t)x17 * x68)) + ((0x2 * ((uint64_t)x19 * x69)) + (((uint64_t)x21 * x67) + ((0x2 * ((uint64_t)x23 * x65)) + ((0x2 * ((uint64_t)x25 * x63)) + (((uint64_t)x27 * x61) + ((0x2 * ((uint64_t)x29 * x59)) + ((0x2 * ((uint64_t)x31 * x57)) + (((uint64_t)x33 * x55) + ((0x2 * ((uint64_t)x35 * x53)) + (0x2 * ((uint64_t)x34 * x51))))))))))));
uint64_t x81 = (((uint64_t)x15 * x68) + ((0x2 * ((uint64_t)x17 * x69)) + (((uint64_t)x19 * x67) + (((uint64_t)x21 * x65) + ((0x2 * ((uint64_t)x23 * x63)) + (((uint64_t)x25 * x61) + (((uint64_t)x27 * x59) + ((0x2 * ((uint64_t)x29 * x57)) + (((uint64_t)x31 * x55) + (((uint64_t)x33 * x53) + ((0x2 * ((uint64_t)x35 * x51)) + ((uint64_t)x34 * x49))))))))))));
uint64_t x82 = (((uint64_t)x13 * x68) + (((uint64_t)x15 * x69) + (((uint64_t)x17 * x67) + (((uint64_t)x19 * x65) + (((uint64_t)x21 * x63) + (((uint64_t)x23 * x61) + (((uint64_t)x25 * x59) + (((uint64_t)x27 * x57) + (((uint64_t)x29 * x55) + (((uint64_t)x31 * x53) + (((uint64_t)x33 * x51) + (((uint64_t)x35 * x49) + ((uint64_t)x34 * x47)))))))))))));
uint64_t x83 = ((0x2 * ((uint64_t)x11 * x68)) + ((0x2 * ((uint64_t)x13 * x69)) + (((uint64_t)x15 * x67) + ((0x2 * ((uint64_t)x17 * x65)) + ((0x2 * ((uint64_t)x19 * x63)) + (((uint64_t)x21 * x61) + ((0x2 * ((uint64_t)x23 * x59)) + ((0x2 * ((uint64_t)x25 * x57)) + (((uint64_t)x27 * x55) + ((0x2 * ((uint64_t)x29 * x53)) + ((0x2 * ((uint64_t)x31 * x51)) + (((uint64_t)x33 * x49) + ((0x2 * ((uint64_t)x35 * x47)) + (0x2 * ((uint64_t)x34 * x45)))))))))))))));
uint64_t x84 = (((uint64_t)x9 * x68) + ((0x2 * ((uint64_t)x11 * x69)) + (((uint64_t)x13 * x67) + (((uint64_t)x15 * x65) + ((0x2 * ((uint64_t)x17 * x63)) + (((uint64_t)x19 * x61) + (((uint64_t)x21 * x59) + ((0x2 * ((uint64_t)x23 * x57)) + (((uint64_t)x25 * x55) + (((uint64_t)x27 * x53) + ((0x2 * ((uint64_t)x29 * x51)) + (((uint64_t)x31 * x49) + (((uint64_t)x33 * x47) + ((0x2 * ((uint64_t)x35 * x45)) + ((uint64_t)x34 * x43)))))))))))))));
uint64_t x85 = (((uint64_t)x7 * x68) + (((uint64_t)x9 * x69) + (((uint64_t)x11 * x67) + (((uint64_t)x13 * x65) + (((uint64_t)x15 * x63) + (((uint64_t)x17 * x61) + (((uint64_t)x19 * x59) + (((uint64_t)x21 * x57) + (((uint64_t)x23 * x55) + (((uint64_t)x25 * x53) + (((uint64_t)x27 * x51) + (((uint64_t)x29 * x49) + (((uint64_t)x31 * x47) + (((uint64_t)x33 * x45) + (((uint64_t)x35 * x43) + ((uint64_t)x34 * x41))))))))))))))));
uint64_t x86 = ((0x2 * ((uint64_t)x5 * x68)) + ((0x2 * ((uint64_t)x7 * x69)) + (((uint64_t)x9 * x67) + ((0x2 * ((uint64_t)x11 * x65)) + ((0x2 * ((uint64_t)x13 * x63)) + (((uint64_t)x15 * x61) + ((0x2 * ((uint64_t)x17 * x59)) + ((0x2 * ((uint64_t)x19 * x57)) + (((uint64_t)x21 * x55) + ((0x2 * ((uint64_t)x23 * x53)) + ((0x2 * ((uint64_t)x25 * x51)) + (((uint64_t)x27 * x49) + ((0x2 * ((uint64_t)x29 * x47)) + ((0x2 * ((uint64_t)x31 * x45)) + (((uint64_t)x33 * x43) + ((0x2 * ((uint64_t)x35 * x41)) + (0x2 * ((uint64_t)x34 * x39))))))))))))))))));
uint64_t x87 = (((uint64_t)x3 * x68) + ((0x2 * ((uint64_t)x5 * x69)) + (((uint64_t)x7 * x67) + (((uint64_t)x9 * x65) + ((0x2 * ((uint64_t)x11 * x63)) + (((uint64_t)x13 * x61) + (((uint64_t)x15 * x59) + ((0x2 * ((uint64_t)x17 * x57)) + (((uint64_t)x19 * x55) + (((uint64_t)x21 * x53) + ((0x2 * ((uint64_t)x23 * x51)) + (((uint64_t)x25 * x49) + (((uint64_t)x27 * x47) + ((0x2 * ((uint64_t)x29 * x45)) + (((uint64_t)x31 * x43) + (((uint64_t)x33 * x41) + ((0x2 * ((uint64_t)x35 * x39)) + ((uint64_t)x34 * x37))))))))))))))))));
uint64_t x88 = (((uint64_t)x3 * x69) + (((uint64_t)x5 * x67) + (((uint64_t)x7 * x65) + (((uint64_t)x9 * x63) + (((uint64_t)x11 * x61) + (((uint64_t)x13 * x59) + (((uint64_t)x15 * x57) + (((uint64_t)x17 * x55) + (((uint64_t)x19 * x53) + (((uint64_t)x21 * x51) + (((uint64_t)x23 * x49) + (((uint64_t)x25 * x47) + (((uint64_t)x27 * x45) + (((uint64_t)x29 * x43) + (((uint64_t)x31 * x41) + (((uint64_t)x33 * x39) + ((uint64_t)x35 * x37)))))))))))))))));
uint64_t x89 = (((uint64_t)x3 * x67) + ((0x2 * ((uint64_t)x5 * x65)) + ((0x2 * ((uint64_t)x7 * x63)) + (((uint64_t)x9 * x61) + ((0x2 * ((uint64_t)x11 * x59)) + ((0x2 * ((uint64_t)x13 * x57)) + (((uint64_t)x15 * x55) + ((0x2 * ((uint64_t)x17 * x53)) + ((0x2 * ((uint64_t)x19 * x51)) + (((uint64_t)x21 * x49) + ((0x2 * ((uint64_t)x23 * x47)) + ((0x2 * ((uint64_t)x25 * x45)) + (((uint64_t)x27 * x43) + ((0x2 * ((uint64_t)x29 * x41)) + ((0x2 * ((uint64_t)x31 * x39)) + ((uint64_t)x33 * x37))))))))))))))));
uint64_t x90 = (((uint64_t)x3 * x65) + ((0x2 * ((uint64_t)x5 * x63)) + (((uint64_t)x7 * x61) + (((uint64_t)x9 * x59) + ((0x2 * ((uint64_t)x11 * x57)) + (((uint64_t)x13 * x55) + (((uint64_t)x15 * x53) + ((0x2 * ((uint64_t)x17 * x51)) + (((uint64_t)x19 * x49) + (((uint64_t)x21 * x47) + ((0x2 * ((uint64_t)x23 * x45)) + (((uint64_t)x25 * x43) + (((uint64_t)x27 * x41) + ((0x2 * ((uint64_t)x29 * x39)) + ((uint64_t)x31 * x37)))))))))))))));
uint64_t x91 = (((uint64_t)x3 * x63) + (((uint64_t)x5 * x61) + (((uint64_t)x7 * x59) + (((uint64_t)x9 * x57) + (((uint64_t)x11 * x55) + (((uint64_t)x13 * x53) + (((uint64_t)x15 * x51) + (((uint64_t)x17 * x49) + (((uint64_t)x19 * x47) + (((uint64_t)x21 * x45) + (((uint64_t)x23 * x43) + (((uint64_t)x25 * x41) + (((uint64_t)x27 * x39) + ((uint64_t)x29 * x37))))))))))))));
uint64_t x92 = (((uint64_t)x3 * x61) + ((0x2 * ((uint64_t)x5 * x59)) + ((0x2 * ((uint64_t)x7 * x57)) + (((uint64_t)x9 * x55) + ((0x2 * ((uint64_t)x11 * x53)) + ((0x2 * ((uint64_t)x13 * x51)) + (((uint64_t)x15 * x49) + ((0x2 * ((uint64_t)x17 * x47)) + ((0x2 * ((uint64_t)x19 * x45)) + (((uint64_t)x21 * x43) + ((0x2 * ((uint64_t)x23 * x41)) + ((0x2 * ((uint64_t)x25 * x39)) + ((uint64_t)x27 * x37)))))))))))));
uint64_t x93 = (((uint64_t)x3 * x59) + ((0x2 * ((uint64_t)x5 * x57)) + (((uint64_t)x7 * x55) + (((uint64_t)x9 * x53) + ((0x2 * ((uint64_t)x11 * x51)) + (((uint64_t)x13 * x49) + (((uint64_t)x15 * x47) + ((0x2 * ((uint64_t)x17 * x45)) + (((uint64_t)x19 * x43) + (((uint64_t)x21 * x41) + ((0x2 * ((uint64_t)x23 * x39)) + ((uint64_t)x25 * x37))))))))))));
uint64_t x94 = (((uint64_t)x3 * x57) + (((uint64_t)x5 * x55) + (((uint64_t)x7 * x53) + (((uint64_t)x9 * x51) + (((uint64_t)x11 * x49) + (((uint64_t)x13 * x47) + (((uint64_t)x15 * x45) + (((uint64_t)x17 * x43) + (((uint64_t)x19 * x41) + (((uint64_t)x21 * x39) + ((uint64_t)x23 * x37)))))))))));
uint64_t x95 = (((uint64_t)x3 * x55) + ((0x2 * ((uint64_t)x5 * x53)) + ((0x2 * ((uint64_t)x7 * x51)) + (((uint64_t)x9 * x49) + ((0x2 * ((uint64_t)x11 * x47)) + ((0x2 * ((uint64_t)x13 * x45)) + (((uint64_t)x15 * x43) + ((0x2 * ((uint64_t)x17 * x41)) + ((0x2 * ((uint64_t)x19 * x39)) + ((uint64_t)x21 * x37))))))))));
uint64_t x96 = (((uint64_t)x3 * x53) + ((0x2 * ((uint64_t)x5 * x51)) + (((uint64_t)x7 * x49) + (((uint64_t)x9 * x47) + ((0x2 * ((uint64_t)x11 * x45)) + (((uint64_t)x13 * x43) + (((uint64_t)x15 * x41) + ((0x2 * ((uint64_t)x17 * x39)) + ((uint64_t)x19 * x37)))))))));
uint64_t x97 = (((uint64_t)x3 * x51) + (((uint64_t)x5 * x49) + (((uint64_t)x7 * x47) + (((uint64_t)x9 * x45) + (((uint64_t)x11 * x43) + (((uint64_t)x13 * x41) + (((uint64_t)x15 * x39) + ((uint64_t)x17 * x37))))))));
uint64_t x98 = (((uint64_t)x3 * x49) + ((0x2 * ((uint64_t)x5 * x47)) + ((0x2 * ((uint64_t)x7 * x45)) + (((uint64_t)x9 * x43) + ((0x2 * ((uint64_t)x11 * x41)) + ((0x2 * ((uint64_t)x13 * x39)) + ((uint64_t)x15 * x37)))))));
uint64_t x99 = (((uint64_t)x3 * x47) + ((0x2 * ((uint64_t)x5 * x45)) + (((uint64_t)x7 * x43) + (((uint64_t)x9 * x41) + ((0x2 * ((uint64_t)x11 * x39)) + ((uint64_t)x13 * x37))))));
uint64_t x100 = (((uint64_t)x3 * x45) + (((uint64_t)x5 * x43) + (((uint64_t)x7 * x41) + (((uint64_t)x9 * x39) + ((uint64_t)x11 * x37)))));
uint64_t x101 = (((uint64_t)x3 * x43) + ((0x2 * ((uint64_t)x5 * x41)) + ((0x2 * ((uint64_t)x7 * x39)) + ((uint64_t)x9 * x37))));
uint64_t x102 = (((uint64_t)x3 * x41) + ((0x2 * ((uint64_t)x5 * x39)) + ((uint64_t)x7 * x37)));
uint64_t x103 = (((uint64_t)x3 * x39) + ((uint64_t)x5 * x37));
uint64_t x104 = ((uint64_t)x3 * x37);
uint64_t x105 = (x88 + (0x13d * x70));
uint64_t x106 = (x89 + (0x13d * x71));
uint64_t x107 = (x90 + (0x13d * x72));
uint64_t x108 = (x91 + (0x13d * x73));
uint64_t x109 = (x92 + (0x13d * x74));
uint64_t x110 = (x93 + (0x13d * x75));
uint64_t x111 = (x94 + (0x13d * x76));
uint64_t x112 = (x95 + (0x13d * x77));
uint64_t x113 = (x96 + (0x13d * x78));
uint64_t x114 = (x97 + (0x13d * x79));
uint64_t x115 = (x98 + (0x13d * x80));
uint64_t x116 = (x99 + (0x13d * x81));
uint64_t x117 = (x100 + (0x13d * x82));
uint64_t x118 = (x101 + (0x13d * x83));
uint64_t x119 = (x102 + (0x13d * x84));
uint64_t x120 = (x103 + (0x13d * x85));
uint64_t x121 = (x104 + (0x13d * x86));
uint64_t x122 = (x121 >> 0x16);
uint32_t x123 = ((uint32_t)x121 & 0x3fffff);
uint64_t x124 = (x122 + x120);
uint64_t x125 = (x124 >> 0x15);
uint32_t x126 = ((uint32_t)x124 & 0x1fffff);
uint64_t x127 = (x125 + x119);
uint64_t x128 = (x127 >> 0x15);
uint32_t x129 = ((uint32_t)x127 & 0x1fffff);
uint64_t x130 = (x128 + x118);
uint64_t x131 = (x130 >> 0x16);
uint32_t x132 = ((uint32_t)x130 & 0x3fffff);
uint64_t x133 = (x131 + x117);
uint64_t x134 = (x133 >> 0x15);
uint32_t x135 = ((uint32_t)x133 & 0x1fffff);
uint64_t x136 = (x134 + x116);
uint64_t x137 = (x136 >> 0x15);
uint32_t x138 = ((uint32_t)x136 & 0x1fffff);
uint64_t x139 = (x137 + x115);
uint64_t x140 = (x139 >> 0x16);
uint32_t x141 = ((uint32_t)x139 & 0x3fffff);
uint64_t x142 = (x140 + x114);
uint64_t x143 = (x142 >> 0x15);
uint32_t x144 = ((uint32_t)x142 & 0x1fffff);
uint64_t x145 = (x143 + x113);
uint64_t x146 = (x145 >> 0x15);
uint32_t x147 = ((uint32_t)x145 & 0x1fffff);
uint64_t x148 = (x146 + x112);
uint64_t x149 = (x148 >> 0x16);
uint32_t x150 = ((uint32_t)x148 & 0x3fffff);
uint64_t x151 = (x149 + x111);
uint64_t x152 = (x151 >> 0x15);
uint32_t x153 = ((uint32_t)x151 & 0x1fffff);
uint64_t x154 = (x152 + x110);
uint64_t x155 = (x154 >> 0x15);
uint32_t x156 = ((uint32_t)x154 & 0x1fffff);
uint64_t x157 = (x155 + x109);
uint64_t x158 = (x157 >> 0x16);
uint32_t x159 = ((uint32_t)x157 & 0x3fffff);
uint64_t x160 = (x158 + x108);
uint64_t x161 = (x160 >> 0x15);
uint32_t x162 = ((uint32_t)x160 & 0x1fffff);
uint64_t x163 = (x161 + x107);
uint64_t x164 = (x163 >> 0x15);
uint32_t x165 = ((uint32_t)x163 & 0x1fffff);
uint64_t x166 = (x164 + x106);
uint64_t x167 = (x166 >> 0x16);
uint32_t x168 = ((uint32_t)x166 & 0x3fffff);
uint64_t x169 = (x167 + x105);
uint64_t x170 = (x169 >> 0x15);
uint32_t x171 = ((uint32_t)x169 & 0x1fffff);
uint64_t x172 = (x170 + x87);
uint32_t x173 = (uint32_t) (x172 >> 0x15);
uint32_t x174 = ((uint32_t)x172 & 0x1fffff);
uint64_t x175 = (x123 + ((uint64_t)0x13d * x173));
uint32_t x176 = (uint32_t) (x175 >> 0x16);
uint32_t x177 = ((uint32_t)x175 & 0x3fffff);
uint32_t x178 = (x176 + x126);
uint32_t x179 = (x178 >> 0x15);
uint32_t x180 = (x178 & 0x1fffff);
return (Return x174, Return x171, Return x168, Return x165, Return x162, Return x159, Return x156, Return x153, Return x150, Return x147, Return x144, Return x141, Return x138, Return x135, Return x132, (x179 + x129), Return x180, Return x177)
     : ∀ var : Z.Syntax.base_type → Type, expr Z.Syntax.base_type Z.Syntax.op (uint32_t * uint32_t * uint32_t * uint32_t * uint32_t * uint32_t * uint32_t * uint32_t * uint32_t * uint32_t * uint32_t * uint32_t * uint32_t * uint32_t * uint32_t * uint32_t * uint32_t * uint32_t * (uint32_t * uint32_t * uint32_t * uint32_t * uint32_t * uint32_t * uint32_t * uint32_t * uint32_t * uint32_t * uint32_t * uint32_t * uint32_t * uint32_t * uint32_t * uint32_t * uint32_t * uint32_t) -> uint32_t * uint32_t * uint32_t * uint32_t * uint32_t * uint32_t * uint32_t * uint32_t * uint32_t * uint32_t * uint32_t * uint32_t * uint32_t * uint32_t * uint32_t * uint32_t * uint32_t * uint32_t)

Argument scope is [function_scope]
