square = λ var : Z.Syntax.base_type → Type,
λ '(x32, x33, x31, x29, x27, x25, x23, x21, x19, x17, x15, x13, x11, x9, x7, x5, x3, x1)%core,
uint64_t x34 = ((uint64_t)x32 * x32);
uint64_t x35 = ((0x2 * ((uint64_t)x33 * x32)) + (0x2 * ((uint64_t)x32 * x33)));
uint64_t x36 = (((uint64_t)x31 * x32) + ((0x2 * ((uint64_t)x33 * x33)) + ((uint64_t)x32 * x31)));
uint64_t x37 = (((uint64_t)x29 * x32) + (((uint64_t)x31 * x33) + (((uint64_t)x33 * x31) + ((uint64_t)x32 * x29))));
uint64_t x38 = ((0x2 * ((uint64_t)x27 * x32)) + ((0x2 * ((uint64_t)x29 * x33)) + (((uint64_t)x31 * x31) + ((0x2 * ((uint64_t)x33 * x29)) + (0x2 * ((uint64_t)x32 * x27))))));
uint64_t x39 = (((uint64_t)x25 * x32) + ((0x2 * ((uint64_t)x27 * x33)) + (((uint64_t)x29 * x31) + (((uint64_t)x31 * x29) + ((0x2 * ((uint64_t)x33 * x27)) + ((uint64_t)x32 * x25))))));
uint64_t x40 = (((uint64_t)x23 * x32) + (((uint64_t)x25 * x33) + (((uint64_t)x27 * x31) + (((uint64_t)x29 * x29) + (((uint64_t)x31 * x27) + (((uint64_t)x33 * x25) + ((uint64_t)x32 * x23)))))));
uint64_t x41 = ((0x2 * ((uint64_t)x21 * x32)) + ((0x2 * ((uint64_t)x23 * x33)) + (((uint64_t)x25 * x31) + ((0x2 * ((uint64_t)x27 * x29)) + ((0x2 * ((uint64_t)x29 * x27)) + (((uint64_t)x31 * x25) + ((0x2 * ((uint64_t)x33 * x23)) + (0x2 * ((uint64_t)x32 * x21)))))))));
uint64_t x42 = (((uint64_t)x19 * x32) + ((0x2 * ((uint64_t)x21 * x33)) + (((uint64_t)x23 * x31) + (((uint64_t)x25 * x29) + ((0x2 * ((uint64_t)x27 * x27)) + (((uint64_t)x29 * x25) + (((uint64_t)x31 * x23) + ((0x2 * ((uint64_t)x33 * x21)) + ((uint64_t)x32 * x19)))))))));
uint64_t x43 = (((uint64_t)x17 * x32) + (((uint64_t)x19 * x33) + (((uint64_t)x21 * x31) + (((uint64_t)x23 * x29) + (((uint64_t)x25 * x27) + (((uint64_t)x27 * x25) + (((uint64_t)x29 * x23) + (((uint64_t)x31 * x21) + (((uint64_t)x33 * x19) + ((uint64_t)x32 * x17))))))))));
uint64_t x44 = ((0x2 * ((uint64_t)x15 * x32)) + ((0x2 * ((uint64_t)x17 * x33)) + (((uint64_t)x19 * x31) + ((0x2 * ((uint64_t)x21 * x29)) + ((0x2 * ((uint64_t)x23 * x27)) + (((uint64_t)x25 * x25) + ((0x2 * ((uint64_t)x27 * x23)) + ((0x2 * ((uint64_t)x29 * x21)) + (((uint64_t)x31 * x19) + ((0x2 * ((uint64_t)x33 * x17)) + (0x2 * ((uint64_t)x32 * x15))))))))))));
uint64_t x45 = (((uint64_t)x13 * x32) + ((0x2 * ((uint64_t)x15 * x33)) + (((uint64_t)x17 * x31) + (((uint64_t)x19 * x29) + ((0x2 * ((uint64_t)x21 * x27)) + (((uint64_t)x23 * x25) + (((uint64_t)x25 * x23) + ((0x2 * ((uint64_t)x27 * x21)) + (((uint64_t)x29 * x19) + (((uint64_t)x31 * x17) + ((0x2 * ((uint64_t)x33 * x15)) + ((uint64_t)x32 * x13))))))))))));
uint64_t x46 = (((uint64_t)x11 * x32) + (((uint64_t)x13 * x33) + (((uint64_t)x15 * x31) + (((uint64_t)x17 * x29) + (((uint64_t)x19 * x27) + (((uint64_t)x21 * x25) + (((uint64_t)x23 * x23) + (((uint64_t)x25 * x21) + (((uint64_t)x27 * x19) + (((uint64_t)x29 * x17) + (((uint64_t)x31 * x15) + (((uint64_t)x33 * x13) + ((uint64_t)x32 * x11)))))))))))));
uint64_t x47 = ((0x2 * ((uint64_t)x9 * x32)) + ((0x2 * ((uint64_t)x11 * x33)) + (((uint64_t)x13 * x31) + ((0x2 * ((uint64_t)x15 * x29)) + ((0x2 * ((uint64_t)x17 * x27)) + (((uint64_t)x19 * x25) + ((0x2 * ((uint64_t)x21 * x23)) + ((0x2 * ((uint64_t)x23 * x21)) + (((uint64_t)x25 * x19) + ((0x2 * ((uint64_t)x27 * x17)) + ((0x2 * ((uint64_t)x29 * x15)) + (((uint64_t)x31 * x13) + ((0x2 * ((uint64_t)x33 * x11)) + (0x2 * ((uint64_t)x32 * x9)))))))))))))));
uint64_t x48 = (((uint64_t)x7 * x32) + ((0x2 * ((uint64_t)x9 * x33)) + (((uint64_t)x11 * x31) + (((uint64_t)x13 * x29) + ((0x2 * ((uint64_t)x15 * x27)) + (((uint64_t)x17 * x25) + (((uint64_t)x19 * x23) + ((0x2 * ((uint64_t)x21 * x21)) + (((uint64_t)x23 * x19) + (((uint64_t)x25 * x17) + ((0x2 * ((uint64_t)x27 * x15)) + (((uint64_t)x29 * x13) + (((uint64_t)x31 * x11) + ((0x2 * ((uint64_t)x33 * x9)) + ((uint64_t)x32 * x7)))))))))))))));
uint64_t x49 = (((uint64_t)x5 * x32) + (((uint64_t)x7 * x33) + (((uint64_t)x9 * x31) + (((uint64_t)x11 * x29) + (((uint64_t)x13 * x27) + (((uint64_t)x15 * x25) + (((uint64_t)x17 * x23) + (((uint64_t)x19 * x21) + (((uint64_t)x21 * x19) + (((uint64_t)x23 * x17) + (((uint64_t)x25 * x15) + (((uint64_t)x27 * x13) + (((uint64_t)x29 * x11) + (((uint64_t)x31 * x9) + (((uint64_t)x33 * x7) + ((uint64_t)x32 * x5))))))))))))))));
uint64_t x50 = ((0x2 * ((uint64_t)x3 * x32)) + ((0x2 * ((uint64_t)x5 * x33)) + (((uint64_t)x7 * x31) + ((0x2 * ((uint64_t)x9 * x29)) + ((0x2 * ((uint64_t)x11 * x27)) + (((uint64_t)x13 * x25) + ((0x2 * ((uint64_t)x15 * x23)) + ((0x2 * ((uint64_t)x17 * x21)) + (((uint64_t)x19 * x19) + ((0x2 * ((uint64_t)x21 * x17)) + ((0x2 * ((uint64_t)x23 * x15)) + (((uint64_t)x25 * x13) + ((0x2 * ((uint64_t)x27 * x11)) + ((0x2 * ((uint64_t)x29 * x9)) + (((uint64_t)x31 * x7) + ((0x2 * ((uint64_t)x33 * x5)) + (0x2 * ((uint64_t)x32 * x3))))))))))))))))));
uint64_t x51 = (((uint64_t)x1 * x32) + ((0x2 * ((uint64_t)x3 * x33)) + (((uint64_t)x5 * x31) + (((uint64_t)x7 * x29) + ((0x2 * ((uint64_t)x9 * x27)) + (((uint64_t)x11 * x25) + (((uint64_t)x13 * x23) + ((0x2 * ((uint64_t)x15 * x21)) + (((uint64_t)x17 * x19) + (((uint64_t)x19 * x17) + ((0x2 * ((uint64_t)x21 * x15)) + (((uint64_t)x23 * x13) + (((uint64_t)x25 * x11) + ((0x2 * ((uint64_t)x27 * x9)) + (((uint64_t)x29 * x7) + (((uint64_t)x31 * x5) + ((0x2 * ((uint64_t)x33 * x3)) + ((uint64_t)x32 * x1))))))))))))))))));
uint64_t x52 = (((uint64_t)x1 * x33) + (((uint64_t)x3 * x31) + (((uint64_t)x5 * x29) + (((uint64_t)x7 * x27) + (((uint64_t)x9 * x25) + (((uint64_t)x11 * x23) + (((uint64_t)x13 * x21) + (((uint64_t)x15 * x19) + (((uint64_t)x17 * x17) + (((uint64_t)x19 * x15) + (((uint64_t)x21 * x13) + (((uint64_t)x23 * x11) + (((uint64_t)x25 * x9) + (((uint64_t)x27 * x7) + (((uint64_t)x29 * x5) + (((uint64_t)x31 * x3) + ((uint64_t)x33 * x1)))))))))))))))));
uint64_t x53 = (((uint64_t)x1 * x31) + ((0x2 * ((uint64_t)x3 * x29)) + ((0x2 * ((uint64_t)x5 * x27)) + (((uint64_t)x7 * x25) + ((0x2 * ((uint64_t)x9 * x23)) + ((0x2 * ((uint64_t)x11 * x21)) + (((uint64_t)x13 * x19) + ((0x2 * ((uint64_t)x15 * x17)) + ((0x2 * ((uint64_t)x17 * x15)) + (((uint64_t)x19 * x13) + ((0x2 * ((uint64_t)x21 * x11)) + ((0x2 * ((uint64_t)x23 * x9)) + (((uint64_t)x25 * x7) + ((0x2 * ((uint64_t)x27 * x5)) + ((0x2 * ((uint64_t)x29 * x3)) + ((uint64_t)x31 * x1))))))))))))))));
uint64_t x54 = (((uint64_t)x1 * x29) + ((0x2 * ((uint64_t)x3 * x27)) + (((uint64_t)x5 * x25) + (((uint64_t)x7 * x23) + ((0x2 * ((uint64_t)x9 * x21)) + (((uint64_t)x11 * x19) + (((uint64_t)x13 * x17) + ((0x2 * ((uint64_t)x15 * x15)) + (((uint64_t)x17 * x13) + (((uint64_t)x19 * x11) + ((0x2 * ((uint64_t)x21 * x9)) + (((uint64_t)x23 * x7) + (((uint64_t)x25 * x5) + ((0x2 * ((uint64_t)x27 * x3)) + ((uint64_t)x29 * x1)))))))))))))));
uint64_t x55 = (((uint64_t)x1 * x27) + (((uint64_t)x3 * x25) + (((uint64_t)x5 * x23) + (((uint64_t)x7 * x21) + (((uint64_t)x9 * x19) + (((uint64_t)x11 * x17) + (((uint64_t)x13 * x15) + (((uint64_t)x15 * x13) + (((uint64_t)x17 * x11) + (((uint64_t)x19 * x9) + (((uint64_t)x21 * x7) + (((uint64_t)x23 * x5) + (((uint64_t)x25 * x3) + ((uint64_t)x27 * x1))))))))))))));
uint64_t x56 = (((uint64_t)x1 * x25) + ((0x2 * ((uint64_t)x3 * x23)) + ((0x2 * ((uint64_t)x5 * x21)) + (((uint64_t)x7 * x19) + ((0x2 * ((uint64_t)x9 * x17)) + ((0x2 * ((uint64_t)x11 * x15)) + (((uint64_t)x13 * x13) + ((0x2 * ((uint64_t)x15 * x11)) + ((0x2 * ((uint64_t)x17 * x9)) + (((uint64_t)x19 * x7) + ((0x2 * ((uint64_t)x21 * x5)) + ((0x2 * ((uint64_t)x23 * x3)) + ((uint64_t)x25 * x1)))))))))))));
uint64_t x57 = (((uint64_t)x1 * x23) + ((0x2 * ((uint64_t)x3 * x21)) + (((uint64_t)x5 * x19) + (((uint64_t)x7 * x17) + ((0x2 * ((uint64_t)x9 * x15)) + (((uint64_t)x11 * x13) + (((uint64_t)x13 * x11) + ((0x2 * ((uint64_t)x15 * x9)) + (((uint64_t)x17 * x7) + (((uint64_t)x19 * x5) + ((0x2 * ((uint64_t)x21 * x3)) + ((uint64_t)x23 * x1))))))))))));
uint64_t x58 = (((uint64_t)x1 * x21) + (((uint64_t)x3 * x19) + (((uint64_t)x5 * x17) + (((uint64_t)x7 * x15) + (((uint64_t)x9 * x13) + (((uint64_t)x11 * x11) + (((uint64_t)x13 * x9) + (((uint64_t)x15 * x7) + (((uint64_t)x17 * x5) + (((uint64_t)x19 * x3) + ((uint64_t)x21 * x1)))))))))));
uint64_t x59 = (((uint64_t)x1 * x19) + ((0x2 * ((uint64_t)x3 * x17)) + ((0x2 * ((uint64_t)x5 * x15)) + (((uint64_t)x7 * x13) + ((0x2 * ((uint64_t)x9 * x11)) + ((0x2 * ((uint64_t)x11 * x9)) + (((uint64_t)x13 * x7) + ((0x2 * ((uint64_t)x15 * x5)) + ((0x2 * ((uint64_t)x17 * x3)) + ((uint64_t)x19 * x1))))))))));
uint64_t x60 = (((uint64_t)x1 * x17) + ((0x2 * ((uint64_t)x3 * x15)) + (((uint64_t)x5 * x13) + (((uint64_t)x7 * x11) + ((0x2 * ((uint64_t)x9 * x9)) + (((uint64_t)x11 * x7) + (((uint64_t)x13 * x5) + ((0x2 * ((uint64_t)x15 * x3)) + ((uint64_t)x17 * x1)))))))));
uint64_t x61 = (((uint64_t)x1 * x15) + (((uint64_t)x3 * x13) + (((uint64_t)x5 * x11) + (((uint64_t)x7 * x9) + (((uint64_t)x9 * x7) + (((uint64_t)x11 * x5) + (((uint64_t)x13 * x3) + ((uint64_t)x15 * x1))))))));
uint64_t x62 = (((uint64_t)x1 * x13) + ((0x2 * ((uint64_t)x3 * x11)) + ((0x2 * ((uint64_t)x5 * x9)) + (((uint64_t)x7 * x7) + ((0x2 * ((uint64_t)x9 * x5)) + ((0x2 * ((uint64_t)x11 * x3)) + ((uint64_t)x13 * x1)))))));
uint64_t x63 = (((uint64_t)x1 * x11) + ((0x2 * ((uint64_t)x3 * x9)) + (((uint64_t)x5 * x7) + (((uint64_t)x7 * x5) + ((0x2 * ((uint64_t)x9 * x3)) + ((uint64_t)x11 * x1))))));
uint64_t x64 = (((uint64_t)x1 * x9) + (((uint64_t)x3 * x7) + (((uint64_t)x5 * x5) + (((uint64_t)x7 * x3) + ((uint64_t)x9 * x1)))));
uint64_t x65 = (((uint64_t)x1 * x7) + ((0x2 * ((uint64_t)x3 * x5)) + ((0x2 * ((uint64_t)x5 * x3)) + ((uint64_t)x7 * x1))));
uint64_t x66 = (((uint64_t)x1 * x5) + ((0x2 * ((uint64_t)x3 * x3)) + ((uint64_t)x5 * x1)));
uint64_t x67 = (((uint64_t)x1 * x3) + ((uint64_t)x3 * x1));
uint64_t x68 = ((uint64_t)x1 * x1);
uint64_t x69 = (x52 + (0x13d * x34));
uint64_t x70 = (x53 + (0x13d * x35));
uint64_t x71 = (x54 + (0x13d * x36));
uint64_t x72 = (x55 + (0x13d * x37));
uint64_t x73 = (x56 + (0x13d * x38));
uint64_t x74 = (x57 + (0x13d * x39));
uint64_t x75 = (x58 + (0x13d * x40));
uint64_t x76 = (x59 + (0x13d * x41));
uint64_t x77 = (x60 + (0x13d * x42));
uint64_t x78 = (x61 + (0x13d * x43));
uint64_t x79 = (x62 + (0x13d * x44));
uint64_t x80 = (x63 + (0x13d * x45));
uint64_t x81 = (x64 + (0x13d * x46));
uint64_t x82 = (x65 + (0x13d * x47));
uint64_t x83 = (x66 + (0x13d * x48));
uint64_t x84 = (x67 + (0x13d * x49));
uint64_t x85 = (x68 + (0x13d * x50));
uint64_t x86 = (x85 >> 0x16);
uint32_t x87 = ((uint32_t)x85 & 0x3fffff);
uint64_t x88 = (x86 + x84);
uint64_t x89 = (x88 >> 0x15);
uint32_t x90 = ((uint32_t)x88 & 0x1fffff);
uint64_t x91 = (x89 + x83);
uint64_t x92 = (x91 >> 0x15);
uint32_t x93 = ((uint32_t)x91 & 0x1fffff);
uint64_t x94 = (x92 + x82);
uint64_t x95 = (x94 >> 0x16);
uint32_t x96 = ((uint32_t)x94 & 0x3fffff);
uint64_t x97 = (x95 + x81);
uint64_t x98 = (x97 >> 0x15);
uint32_t x99 = ((uint32_t)x97 & 0x1fffff);
uint64_t x100 = (x98 + x80);
uint64_t x101 = (x100 >> 0x15);
uint32_t x102 = ((uint32_t)x100 & 0x1fffff);
uint64_t x103 = (x101 + x79);
uint64_t x104 = (x103 >> 0x16);
uint32_t x105 = ((uint32_t)x103 & 0x3fffff);
uint64_t x106 = (x104 + x78);
uint64_t x107 = (x106 >> 0x15);
uint32_t x108 = ((uint32_t)x106 & 0x1fffff);
uint64_t x109 = (x107 + x77);
uint64_t x110 = (x109 >> 0x15);
uint32_t x111 = ((uint32_t)x109 & 0x1fffff);
uint64_t x112 = (x110 + x76);
uint64_t x113 = (x112 >> 0x16);
uint32_t x114 = ((uint32_t)x112 & 0x3fffff);
uint64_t x115 = (x113 + x75);
uint64_t x116 = (x115 >> 0x15);
uint32_t x117 = ((uint32_t)x115 & 0x1fffff);
uint64_t x118 = (x116 + x74);
uint64_t x119 = (x118 >> 0x15);
uint32_t x120 = ((uint32_t)x118 & 0x1fffff);
uint64_t x121 = (x119 + x73);
uint64_t x122 = (x121 >> 0x16);
uint32_t x123 = ((uint32_t)x121 & 0x3fffff);
uint64_t x124 = (x122 + x72);
uint64_t x125 = (x124 >> 0x15);
uint32_t x126 = ((uint32_t)x124 & 0x1fffff);
uint64_t x127 = (x125 + x71);
uint64_t x128 = (x127 >> 0x15);
uint32_t x129 = ((uint32_t)x127 & 0x1fffff);
uint64_t x130 = (x128 + x70);
uint64_t x131 = (x130 >> 0x16);
uint32_t x132 = ((uint32_t)x130 & 0x3fffff);
uint64_t x133 = (x131 + x69);
uint64_t x134 = (x133 >> 0x15);
uint32_t x135 = ((uint32_t)x133 & 0x1fffff);
uint64_t x136 = (x134 + x51);
uint32_t x137 = (uint32_t) (x136 >> 0x15);
uint32_t x138 = ((uint32_t)x136 & 0x1fffff);
uint64_t x139 = (x87 + ((uint64_t)0x13d * x137));
uint32_t x140 = (uint32_t) (x139 >> 0x16);
uint32_t x141 = ((uint32_t)x139 & 0x3fffff);
uint32_t x142 = (x140 + x90);
uint32_t x143 = (x142 >> 0x15);
uint32_t x144 = (x142 & 0x1fffff);
return (Return x138, Return x135, Return x132, Return x129, Return x126, Return x123, Return x120, Return x117, Return x114, Return x111, Return x108, Return x105, Return x102, Return x99, Return x96, (x143 + x93), Return x144, Return x141)
     : ∀ var : Z.Syntax.base_type → Type, expr Z.Syntax.base_type Z.Syntax.op (uint32_t * uint32_t * uint32_t * uint32_t * uint32_t * uint32_t * uint32_t * uint32_t * uint32_t * uint32_t * uint32_t * uint32_t * uint32_t * uint32_t * uint32_t * uint32_t * uint32_t * uint32_t -> uint32_t * uint32_t * uint32_t * uint32_t * uint32_t * uint32_t * uint32_t * uint32_t * uint32_t * uint32_t * uint32_t * uint32_t * uint32_t * uint32_t * uint32_t * uint32_t * uint32_t * uint32_t)

Argument scope is [function_scope]
