square = λ var : Z.Syntax.base_type → Type,
λ '(x36, x37, x35, x33, x31, x29, x27, x25, x23, x21, x19, x17, x15, x13, x11, x9, x7, x5, x3, x1)%core,
uint64_t x38 = ((0x2 * ((uint64_t)(x19 + x36) * (x19 + x36))) - (0x2 * ((uint64_t)x19 * x19)));
uint64_t x39 = ((((uint64_t)(x17 + x37) * (x19 + x36)) + ((uint64_t)(x19 + x36) * (x17 + x37))) - (((uint64_t)x17 * x19) + ((uint64_t)x19 * x17)));
uint64_t x40 = (((0x2 * ((uint64_t)(x15 + x35) * (x19 + x36))) + (((uint64_t)(x17 + x37) * (x17 + x37)) + (0x2 * ((uint64_t)(x19 + x36) * (x15 + x35))))) - ((0x2 * ((uint64_t)x15 * x19)) + (((uint64_t)x17 * x17) + (0x2 * ((uint64_t)x19 * x15)))));
uint64_t x41 = ((((uint64_t)(x13 + x33) * (x19 + x36)) + (((uint64_t)(x15 + x35) * (x17 + x37)) + (((uint64_t)(x17 + x37) * (x15 + x35)) + ((uint64_t)(x19 + x36) * (x13 + x33))))) - (((uint64_t)x13 * x19) + (((uint64_t)x15 * x17) + (((uint64_t)x17 * x15) + ((uint64_t)x19 * x13)))));
uint64_t x42 = (((0x2 * ((uint64_t)(x11 + x31) * (x19 + x36))) + (((uint64_t)(x13 + x33) * (x17 + x37)) + ((0x2 * ((uint64_t)(x15 + x35) * (x15 + x35))) + (((uint64_t)(x17 + x37) * (x13 + x33)) + (0x2 * ((uint64_t)(x19 + x36) * (x11 + x31))))))) - ((0x2 * ((uint64_t)x11 * x19)) + (((uint64_t)x13 * x17) + ((0x2 * ((uint64_t)x15 * x15)) + (((uint64_t)x17 * x13) + (0x2 * ((uint64_t)x19 * x11)))))));
uint64_t x43 = ((((uint64_t)(x9 + x29) * (x19 + x36)) + (((uint64_t)(x11 + x31) * (x17 + x37)) + (((uint64_t)(x13 + x33) * (x15 + x35)) + (((uint64_t)(x15 + x35) * (x13 + x33)) + (((uint64_t)(x17 + x37) * (x11 + x31)) + ((uint64_t)(x19 + x36) * (x9 + x29))))))) - (((uint64_t)x9 * x19) + (((uint64_t)x11 * x17) + (((uint64_t)x13 * x15) + (((uint64_t)x15 * x13) + (((uint64_t)x17 * x11) + ((uint64_t)x19 * x9)))))));
uint64_t x44 = (((0x2 * ((uint64_t)(x7 + x27) * (x19 + x36))) + (((uint64_t)(x9 + x29) * (x17 + x37)) + ((0x2 * ((uint64_t)(x11 + x31) * (x15 + x35))) + (((uint64_t)(x13 + x33) * (x13 + x33)) + ((0x2 * ((uint64_t)(x15 + x35) * (x11 + x31))) + (((uint64_t)(x17 + x37) * (x9 + x29)) + (0x2 * ((uint64_t)(x19 + x36) * (x7 + x27))))))))) - ((0x2 * ((uint64_t)x7 * x19)) + (((uint64_t)x9 * x17) + ((0x2 * ((uint64_t)x11 * x15)) + (((uint64_t)x13 * x13) + ((0x2 * ((uint64_t)x15 * x11)) + (((uint64_t)x17 * x9) + (0x2 * ((uint64_t)x19 * x7)))))))));
uint64_t x45 = ((((uint64_t)(x5 + x25) * (x19 + x36)) + (((uint64_t)(x7 + x27) * (x17 + x37)) + (((uint64_t)(x9 + x29) * (x15 + x35)) + (((uint64_t)(x11 + x31) * (x13 + x33)) + (((uint64_t)(x13 + x33) * (x11 + x31)) + (((uint64_t)(x15 + x35) * (x9 + x29)) + (((uint64_t)(x17 + x37) * (x7 + x27)) + ((uint64_t)(x19 + x36) * (x5 + x25))))))))) - (((uint64_t)x5 * x19) + (((uint64_t)x7 * x17) + (((uint64_t)x9 * x15) + (((uint64_t)x11 * x13) + (((uint64_t)x13 * x11) + (((uint64_t)x15 * x9) + (((uint64_t)x17 * x7) + ((uint64_t)x19 * x5)))))))));
uint64_t x46 = (((0x2 * ((uint64_t)(x3 + x23) * (x19 + x36))) + (((uint64_t)(x5 + x25) * (x17 + x37)) + ((0x2 * ((uint64_t)(x7 + x27) * (x15 + x35))) + (((uint64_t)(x9 + x29) * (x13 + x33)) + ((0x2 * ((uint64_t)(x11 + x31) * (x11 + x31))) + (((uint64_t)(x13 + x33) * (x9 + x29)) + ((0x2 * ((uint64_t)(x15 + x35) * (x7 + x27))) + (((uint64_t)(x17 + x37) * (x5 + x25)) + (0x2 * ((uint64_t)(x19 + x36) * (x3 + x23))))))))))) - ((0x2 * ((uint64_t)x3 * x19)) + (((uint64_t)x5 * x17) + ((0x2 * ((uint64_t)x7 * x15)) + (((uint64_t)x9 * x13) + ((0x2 * ((uint64_t)x11 * x11)) + (((uint64_t)x13 * x9) + ((0x2 * ((uint64_t)x15 * x7)) + (((uint64_t)x17 * x5) + (0x2 * ((uint64_t)x19 * x3)))))))))));
uint64_t x47 = ((((uint64_t)(x1 + x21) * (x19 + x36)) + (((uint64_t)(x3 + x23) * (x17 + x37)) + (((uint64_t)(x5 + x25) * (x15 + x35)) + (((uint64_t)(x7 + x27) * (x13 + x33)) + (((uint64_t)(x9 + x29) * (x11 + x31)) + (((uint64_t)(x11 + x31) * (x9 + x29)) + (((uint64_t)(x13 + x33) * (x7 + x27)) + (((uint64_t)(x15 + x35) * (x5 + x25)) + (((uint64_t)(x17 + x37) * (x3 + x23)) + ((uint64_t)(x19 + x36) * (x1 + x21))))))))))) - (((uint64_t)x1 * x19) + (((uint64_t)x3 * x17) + (((uint64_t)x5 * x15) + (((uint64_t)x7 * x13) + (((uint64_t)x9 * x11) + (((uint64_t)x11 * x9) + (((uint64_t)x13 * x7) + (((uint64_t)x15 * x5) + (((uint64_t)x17 * x3) + ((uint64_t)x19 * x1)))))))))));
uint64_t x48 = (((0x2 * ((uint64_t)x19 * x19)) + (0x2 * ((uint64_t)x36 * x36))) + ((((uint64_t)(x1 + x21) * (x17 + x37)) + ((0x2 * ((uint64_t)(x3 + x23) * (x15 + x35))) + (((uint64_t)(x5 + x25) * (x13 + x33)) + ((0x2 * ((uint64_t)(x7 + x27) * (x11 + x31))) + (((uint64_t)(x9 + x29) * (x9 + x29)) + ((0x2 * ((uint64_t)(x11 + x31) * (x7 + x27))) + (((uint64_t)(x13 + x33) * (x5 + x25)) + ((0x2 * ((uint64_t)(x15 + x35) * (x3 + x23))) + ((uint64_t)(x17 + x37) * (x1 + x21)))))))))) - (((uint64_t)x1 * x17) + ((0x2 * ((uint64_t)x3 * x15)) + (((uint64_t)x5 * x13) + ((0x2 * ((uint64_t)x7 * x11)) + (((uint64_t)x9 * x9) + ((0x2 * ((uint64_t)x11 * x7)) + (((uint64_t)x13 * x5) + ((0x2 * ((uint64_t)x15 * x3)) + ((uint64_t)x17 * x1)))))))))));
uint64_t x49 = (((((uint64_t)x17 * x19) + ((uint64_t)x19 * x17)) + (((uint64_t)x37 * x36) + ((uint64_t)x36 * x37))) + ((((uint64_t)(x1 + x21) * (x15 + x35)) + (((uint64_t)(x3 + x23) * (x13 + x33)) + (((uint64_t)(x5 + x25) * (x11 + x31)) + (((uint64_t)(x7 + x27) * (x9 + x29)) + (((uint64_t)(x9 + x29) * (x7 + x27)) + (((uint64_t)(x11 + x31) * (x5 + x25)) + (((uint64_t)(x13 + x33) * (x3 + x23)) + ((uint64_t)(x15 + x35) * (x1 + x21))))))))) - (((uint64_t)x1 * x15) + (((uint64_t)x3 * x13) + (((uint64_t)x5 * x11) + (((uint64_t)x7 * x9) + (((uint64_t)x9 * x7) + (((uint64_t)x11 * x5) + (((uint64_t)x13 * x3) + ((uint64_t)x15 * x1))))))))));
uint64_t x50 = ((((0x2 * ((uint64_t)x15 * x19)) + (((uint64_t)x17 * x17) + (0x2 * ((uint64_t)x19 * x15)))) + ((0x2 * ((uint64_t)x35 * x36)) + (((uint64_t)x37 * x37) + (0x2 * ((uint64_t)x36 * x35))))) + ((((uint64_t)(x1 + x21) * (x13 + x33)) + ((0x2 * ((uint64_t)(x3 + x23) * (x11 + x31))) + (((uint64_t)(x5 + x25) * (x9 + x29)) + ((0x2 * ((uint64_t)(x7 + x27) * (x7 + x27))) + (((uint64_t)(x9 + x29) * (x5 + x25)) + ((0x2 * ((uint64_t)(x11 + x31) * (x3 + x23))) + ((uint64_t)(x13 + x33) * (x1 + x21)))))))) - (((uint64_t)x1 * x13) + ((0x2 * ((uint64_t)x3 * x11)) + (((uint64_t)x5 * x9) + ((0x2 * ((uint64_t)x7 * x7)) + (((uint64_t)x9 * x5) + ((0x2 * ((uint64_t)x11 * x3)) + ((uint64_t)x13 * x1)))))))));
uint64_t x51 = (((((uint64_t)x13 * x19) + (((uint64_t)x15 * x17) + (((uint64_t)x17 * x15) + ((uint64_t)x19 * x13)))) + (((uint64_t)x33 * x36) + (((uint64_t)x35 * x37) + (((uint64_t)x37 * x35) + ((uint64_t)x36 * x33))))) + ((((uint64_t)(x1 + x21) * (x11 + x31)) + (((uint64_t)(x3 + x23) * (x9 + x29)) + (((uint64_t)(x5 + x25) * (x7 + x27)) + (((uint64_t)(x7 + x27) * (x5 + x25)) + (((uint64_t)(x9 + x29) * (x3 + x23)) + ((uint64_t)(x11 + x31) * (x1 + x21))))))) - (((uint64_t)x1 * x11) + (((uint64_t)x3 * x9) + (((uint64_t)x5 * x7) + (((uint64_t)x7 * x5) + (((uint64_t)x9 * x3) + ((uint64_t)x11 * x1))))))));
uint64_t x52 = ((((0x2 * ((uint64_t)x11 * x19)) + (((uint64_t)x13 * x17) + ((0x2 * ((uint64_t)x15 * x15)) + (((uint64_t)x17 * x13) + (0x2 * ((uint64_t)x19 * x11)))))) + ((0x2 * ((uint64_t)x31 * x36)) + (((uint64_t)x33 * x37) + ((0x2 * ((uint64_t)x35 * x35)) + (((uint64_t)x37 * x33) + (0x2 * ((uint64_t)x36 * x31))))))) + ((((uint64_t)(x1 + x21) * (x9 + x29)) + ((0x2 * ((uint64_t)(x3 + x23) * (x7 + x27))) + (((uint64_t)(x5 + x25) * (x5 + x25)) + ((0x2 * ((uint64_t)(x7 + x27) * (x3 + x23))) + ((uint64_t)(x9 + x29) * (x1 + x21)))))) - (((uint64_t)x1 * x9) + ((0x2 * ((uint64_t)x3 * x7)) + (((uint64_t)x5 * x5) + ((0x2 * ((uint64_t)x7 * x3)) + ((uint64_t)x9 * x1)))))));
uint64_t x53 = (((((uint64_t)x9 * x19) + (((uint64_t)x11 * x17) + (((uint64_t)x13 * x15) + (((uint64_t)x15 * x13) + (((uint64_t)x17 * x11) + ((uint64_t)x19 * x9)))))) + (((uint64_t)x29 * x36) + (((uint64_t)x31 * x37) + (((uint64_t)x33 * x35) + (((uint64_t)x35 * x33) + (((uint64_t)x37 * x31) + ((uint64_t)x36 * x29))))))) + ((((uint64_t)(x1 + x21) * (x7 + x27)) + (((uint64_t)(x3 + x23) * (x5 + x25)) + (((uint64_t)(x5 + x25) * (x3 + x23)) + ((uint64_t)(x7 + x27) * (x1 + x21))))) - (((uint64_t)x1 * x7) + (((uint64_t)x3 * x5) + (((uint64_t)x5 * x3) + ((uint64_t)x7 * x1))))));
uint64_t x54 = ((((0x2 * ((uint64_t)x7 * x19)) + (((uint64_t)x9 * x17) + ((0x2 * ((uint64_t)x11 * x15)) + (((uint64_t)x13 * x13) + ((0x2 * ((uint64_t)x15 * x11)) + (((uint64_t)x17 * x9) + (0x2 * ((uint64_t)x19 * x7)))))))) + ((0x2 * ((uint64_t)x27 * x36)) + (((uint64_t)x29 * x37) + ((0x2 * ((uint64_t)x31 * x35)) + (((uint64_t)x33 * x33) + ((0x2 * ((uint64_t)x35 * x31)) + (((uint64_t)x37 * x29) + (0x2 * ((uint64_t)x36 * x27))))))))) + ((((uint64_t)(x1 + x21) * (x5 + x25)) + ((0x2 * ((uint64_t)(x3 + x23) * (x3 + x23))) + ((uint64_t)(x5 + x25) * (x1 + x21)))) - (((uint64_t)x1 * x5) + ((0x2 * ((uint64_t)x3 * x3)) + ((uint64_t)x5 * x1)))));
uint64_t x55 = (((((uint64_t)x5 * x19) + (((uint64_t)x7 * x17) + (((uint64_t)x9 * x15) + (((uint64_t)x11 * x13) + (((uint64_t)x13 * x11) + (((uint64_t)x15 * x9) + (((uint64_t)x17 * x7) + ((uint64_t)x19 * x5)))))))) + (((uint64_t)x25 * x36) + (((uint64_t)x27 * x37) + (((uint64_t)x29 * x35) + (((uint64_t)x31 * x33) + (((uint64_t)x33 * x31) + (((uint64_t)x35 * x29) + (((uint64_t)x37 * x27) + ((uint64_t)x36 * x25))))))))) + ((((uint64_t)(x1 + x21) * (x3 + x23)) + ((uint64_t)(x3 + x23) * (x1 + x21))) - (((uint64_t)x1 * x3) + ((uint64_t)x3 * x1))));
uint64_t x56 = ((((0x2 * ((uint64_t)x3 * x19)) + (((uint64_t)x5 * x17) + ((0x2 * ((uint64_t)x7 * x15)) + (((uint64_t)x9 * x13) + ((0x2 * ((uint64_t)x11 * x11)) + (((uint64_t)x13 * x9) + ((0x2 * ((uint64_t)x15 * x7)) + (((uint64_t)x17 * x5) + (0x2 * ((uint64_t)x19 * x3)))))))))) + ((0x2 * ((uint64_t)x23 * x36)) + (((uint64_t)x25 * x37) + ((0x2 * ((uint64_t)x27 * x35)) + (((uint64_t)x29 * x33) + ((0x2 * ((uint64_t)x31 * x31)) + (((uint64_t)x33 * x29) + ((0x2 * ((uint64_t)x35 * x27)) + (((uint64_t)x37 * x25) + (0x2 * ((uint64_t)x36 * x23))))))))))) + (((uint64_t)(x1 + x21) * (x1 + x21)) - ((uint64_t)x1 * x1)));
uint64_t x57 = ((((uint64_t)x1 * x19) + (((uint64_t)x3 * x17) + (((uint64_t)x5 * x15) + (((uint64_t)x7 * x13) + (((uint64_t)x9 * x11) + (((uint64_t)x11 * x9) + (((uint64_t)x13 * x7) + (((uint64_t)x15 * x5) + (((uint64_t)x17 * x3) + ((uint64_t)x19 * x1)))))))))) + (((uint64_t)x21 * x36) + (((uint64_t)x23 * x37) + (((uint64_t)x25 * x35) + (((uint64_t)x27 * x33) + (((uint64_t)x29 * x31) + (((uint64_t)x31 * x29) + (((uint64_t)x33 * x27) + (((uint64_t)x35 * x25) + (((uint64_t)x37 * x23) + ((uint64_t)x36 * x21)))))))))));
uint64_t x58 = ((((uint64_t)x1 * x17) + ((0x2 * ((uint64_t)x3 * x15)) + (((uint64_t)x5 * x13) + ((0x2 * ((uint64_t)x7 * x11)) + (((uint64_t)x9 * x9) + ((0x2 * ((uint64_t)x11 * x7)) + (((uint64_t)x13 * x5) + ((0x2 * ((uint64_t)x15 * x3)) + ((uint64_t)x17 * x1))))))))) + (((uint64_t)x21 * x37) + ((0x2 * ((uint64_t)x23 * x35)) + (((uint64_t)x25 * x33) + ((0x2 * ((uint64_t)x27 * x31)) + (((uint64_t)x29 * x29) + ((0x2 * ((uint64_t)x31 * x27)) + (((uint64_t)x33 * x25) + ((0x2 * ((uint64_t)x35 * x23)) + ((uint64_t)x37 * x21))))))))));
uint64_t x59 = ((((uint64_t)x1 * x15) + (((uint64_t)x3 * x13) + (((uint64_t)x5 * x11) + (((uint64_t)x7 * x9) + (((uint64_t)x9 * x7) + (((uint64_t)x11 * x5) + (((uint64_t)x13 * x3) + ((uint64_t)x15 * x1)))))))) + (((uint64_t)x21 * x35) + (((uint64_t)x23 * x33) + (((uint64_t)x25 * x31) + (((uint64_t)x27 * x29) + (((uint64_t)x29 * x27) + (((uint64_t)x31 * x25) + (((uint64_t)x33 * x23) + ((uint64_t)x35 * x21)))))))));
uint64_t x60 = ((((uint64_t)x1 * x13) + ((0x2 * ((uint64_t)x3 * x11)) + (((uint64_t)x5 * x9) + ((0x2 * ((uint64_t)x7 * x7)) + (((uint64_t)x9 * x5) + ((0x2 * ((uint64_t)x11 * x3)) + ((uint64_t)x13 * x1))))))) + (((uint64_t)x21 * x33) + ((0x2 * ((uint64_t)x23 * x31)) + (((uint64_t)x25 * x29) + ((0x2 * ((uint64_t)x27 * x27)) + (((uint64_t)x29 * x25) + ((0x2 * ((uint64_t)x31 * x23)) + ((uint64_t)x33 * x21))))))));
uint64_t x61 = ((((uint64_t)x1 * x11) + (((uint64_t)x3 * x9) + (((uint64_t)x5 * x7) + (((uint64_t)x7 * x5) + (((uint64_t)x9 * x3) + ((uint64_t)x11 * x1)))))) + (((uint64_t)x21 * x31) + (((uint64_t)x23 * x29) + (((uint64_t)x25 * x27) + (((uint64_t)x27 * x25) + (((uint64_t)x29 * x23) + ((uint64_t)x31 * x21)))))));
uint64_t x62 = ((((uint64_t)x1 * x9) + ((0x2 * ((uint64_t)x3 * x7)) + (((uint64_t)x5 * x5) + ((0x2 * ((uint64_t)x7 * x3)) + ((uint64_t)x9 * x1))))) + (((uint64_t)x21 * x29) + ((0x2 * ((uint64_t)x23 * x27)) + (((uint64_t)x25 * x25) + ((0x2 * ((uint64_t)x27 * x23)) + ((uint64_t)x29 * x21))))));
uint64_t x63 = ((((uint64_t)x1 * x7) + (((uint64_t)x3 * x5) + (((uint64_t)x5 * x3) + ((uint64_t)x7 * x1)))) + (((uint64_t)x21 * x27) + (((uint64_t)x23 * x25) + (((uint64_t)x25 * x23) + ((uint64_t)x27 * x21)))));
uint64_t x64 = ((((uint64_t)x1 * x5) + ((0x2 * ((uint64_t)x3 * x3)) + ((uint64_t)x5 * x1))) + (((uint64_t)x21 * x25) + ((0x2 * ((uint64_t)x23 * x23)) + ((uint64_t)x25 * x21))));
uint64_t x65 = ((((uint64_t)x1 * x3) + ((uint64_t)x3 * x1)) + (((uint64_t)x21 * x23) + ((uint64_t)x23 * x21)));
uint64_t x66 = (((uint64_t)x1 * x1) + ((uint64_t)x21 * x21));
uint64_t x67 = (x48 + x38);
uint64_t x68 = (x49 + x39);
uint64_t x69 = (x50 + x40);
uint64_t x70 = (x51 + x41);
uint64_t x71 = (x52 + x42);
uint64_t x72 = (x53 + x43);
uint64_t x73 = (x54 + x44);
uint64_t x74 = (x55 + x45);
uint64_t x75 = (x56 + x46);
uint64_t x76 = (x58 + x38);
uint64_t x77 = (x59 + x39);
uint64_t x78 = (x60 + x40);
uint64_t x79 = (x61 + x41);
uint64_t x80 = (x62 + x42);
uint64_t x81 = (x63 + x43);
uint64_t x82 = (x64 + x44);
uint64_t x83 = (x65 + x45);
uint64_t x84 = (x66 + x46);
uint32_t x85 = (uint32_t) (x57 >> 0x16);
uint32_t x86 = ((uint32_t)x57 & 0x3fffff);
uint32_t x87 = (uint32_t) (x47 >> 0x16);
uint32_t x88 = ((uint32_t)x47 & 0x3fffff);
uint64_t x89 = (((uint64_t)0x400000 * x87) + x88);
uint32_t x90 = (uint32_t) (x89 >> 0x16);
uint32_t x91 = ((uint32_t)x89 & 0x3fffff);
uint64_t x92 = ((x85 + x75) + x90);
uint32_t x93 = (uint32_t) (x92 >> 0x17);
uint32_t x94 = ((uint32_t)x92 & 0x7fffff);
uint64_t x95 = (x84 + x90);
uint32_t x96 = (uint32_t) (x95 >> 0x17);
uint32_t x97 = ((uint32_t)x95 & 0x7fffff);
uint64_t x98 = (x93 + x74);
uint64_t x99 = (x98 >> 0x16);
uint32_t x100 = ((uint32_t)x98 & 0x3fffff);
uint64_t x101 = (x96 + x83);
uint32_t x102 = (uint32_t) (x101 >> 0x16);
uint32_t x103 = ((uint32_t)x101 & 0x3fffff);
uint64_t x104 = (x99 + x73);
uint32_t x105 = (uint32_t) (x104 >> 0x17);
uint32_t x106 = ((uint32_t)x104 & 0x7fffff);
uint64_t x107 = (x102 + x82);
uint32_t x108 = (uint32_t) (x107 >> 0x17);
uint32_t x109 = ((uint32_t)x107 & 0x7fffff);
uint64_t x110 = (x105 + x72);
uint32_t x111 = (uint32_t) (x110 >> 0x16);
uint32_t x112 = ((uint32_t)x110 & 0x3fffff);
uint64_t x113 = (x108 + x81);
uint32_t x114 = (uint32_t) (x113 >> 0x16);
uint32_t x115 = ((uint32_t)x113 & 0x3fffff);
uint64_t x116 = (x111 + x71);
uint32_t x117 = (uint32_t) (x116 >> 0x17);
uint32_t x118 = ((uint32_t)x116 & 0x7fffff);
uint64_t x119 = (x114 + x80);
uint32_t x120 = (uint32_t) (x119 >> 0x17);
uint32_t x121 = ((uint32_t)x119 & 0x7fffff);
uint64_t x122 = (x117 + x70);
uint32_t x123 = (uint32_t) (x122 >> 0x16);
uint32_t x124 = ((uint32_t)x122 & 0x3fffff);
uint64_t x125 = (x120 + x79);
uint32_t x126 = (uint32_t) (x125 >> 0x16);
uint32_t x127 = ((uint32_t)x125 & 0x3fffff);
uint64_t x128 = (x123 + x69);
uint32_t x129 = (uint32_t) (x128 >> 0x17);
uint32_t x130 = ((uint32_t)x128 & 0x7fffff);
uint64_t x131 = (x126 + x78);
uint32_t x132 = (uint32_t) (x131 >> 0x17);
uint32_t x133 = ((uint32_t)x131 & 0x7fffff);
uint64_t x134 = (x129 + x68);
uint32_t x135 = (uint32_t) (x134 >> 0x16);
uint32_t x136 = ((uint32_t)x134 & 0x3fffff);
uint64_t x137 = (x132 + x77);
uint32_t x138 = (uint32_t) (x137 >> 0x16);
uint32_t x139 = ((uint32_t)x137 & 0x3fffff);
uint64_t x140 = (x135 + x67);
uint32_t x141 = (uint32_t) (x140 >> 0x17);
uint32_t x142 = ((uint32_t)x140 & 0x7fffff);
uint64_t x143 = (x138 + x76);
uint32_t x144 = (uint32_t) (x143 >> 0x17);
uint32_t x145 = ((uint32_t)x143 & 0x7fffff);
uint32_t x146 = (x141 + x91);
uint32_t x147 = (x146 >> 0x16);
uint32_t x148 = (x146 & 0x3fffff);
uint32_t x149 = (x144 + x86);
uint32_t x150 = (x149 >> 0x16);
uint32_t x151 = (x149 & 0x3fffff);
uint32_t x152 = ((0x400000 * x147) + x148);
uint32_t x153 = (x152 >> 0x16);
uint32_t x154 = (x152 & 0x3fffff);
uint32_t x155 = ((x150 + x94) + x153);
uint32_t x156 = (x155 >> 0x17);
uint32_t x157 = (x155 & 0x7fffff);
uint32_t x158 = (x97 + x153);
uint32_t x159 = (x158 >> 0x17);
uint32_t x160 = (x158 & 0x7fffff);
return (Return x154, Return x142, Return x136, Return x130, Return x124, Return x118, Return x112, Return x106, (x156 + x100), Return x157, Return x151, Return x145, Return x139, Return x133, Return x127, Return x121, Return x115, Return x109, (x159 + x103), Return x160)
     : ∀ var : Z.Syntax.base_type → Type, expr Z.Syntax.base_type Z.Syntax.op (uint32_t * uint32_t * uint32_t * uint32_t * uint32_t * uint32_t * uint32_t * uint32_t * uint32_t * uint32_t * uint32_t * uint32_t * uint32_t * uint32_t * uint32_t * uint32_t * uint32_t * uint32_t * uint32_t * uint32_t -> uint32_t * uint32_t * uint32_t * uint32_t * uint32_t * uint32_t * uint32_t * uint32_t * uint32_t * uint32_t * uint32_t * uint32_t * uint32_t * uint32_t * uint32_t * uint32_t * uint32_t * uint32_t * uint32_t * uint32_t)

Argument scope is [function_scope]
