mul = λ var : Z.Syntax.base_type → Type,
λ '(x22, x23, x21, x19, x17, x15, x13, x11, x9, x7, x5, x3, (x44, x45, x43, x41, x39, x37, x35, x33, x31, x29, x27, x25))%core,
uint32_t x47, uint32_t x48 = mulx_u32(x3, x25);
uint32_t x50, uint32_t x51 = mulx_u32(x3, x27);
uint32_t x53, uint32_t x54 = mulx_u32(x3, x29);
uint32_t x56, uint32_t x57 = mulx_u32(x3, x31);
uint32_t x59, uint32_t x60 = mulx_u32(x3, x33);
uint32_t x62, uint32_t x63 = mulx_u32(x3, x35);
uint32_t x65, uint32_t x66 = mulx_u32(x3, x37);
uint32_t x68, uint32_t x69 = mulx_u32(x3, x39);
uint32_t x71, uint32_t x72 = mulx_u32(x3, x41);
uint32_t x74, uint32_t x75 = mulx_u32(x3, x43);
uint32_t x77, uint32_t x78 = mulx_u32(x3, x45);
uint32_t x80, uint32_t x81 = mulx_u32(x3, x44);
uint32_t x83, uint8_t x84 = addcarryx_u32(0x0, x48, x50);
uint32_t x86, uint8_t x87 = addcarryx_u32(x84, x51, x53);
uint32_t x89, uint8_t x90 = addcarryx_u32(x87, x54, x56);
uint32_t x92, uint8_t x93 = addcarryx_u32(x90, x57, x59);
uint32_t x95, uint8_t x96 = addcarryx_u32(x93, x60, x62);
uint32_t x98, uint8_t x99 = addcarryx_u32(x96, x63, x65);
uint32_t x101, uint8_t x102 = addcarryx_u32(x99, x66, x68);
uint32_t x104, uint8_t x105 = addcarryx_u32(x102, x69, x71);
uint32_t x107, uint8_t x108 = addcarryx_u32(x105, x72, x74);
uint32_t x110, uint8_t x111 = addcarryx_u32(x108, x75, x77);
uint32_t x113, uint8_t x114 = addcarryx_u32(x111, x78, x80);
uint32_t x116, uint8_t _ = addcarryx_u32(0x0, x114, x81);
uint32_t x119, uint8_t x120 = addcarryx_u32(0x0, 0x0, x107);
uint32_t x122, uint8_t x123 = addcarryx_u32(x120, 0x0, x110);
uint32_t x125, uint8_t x126 = addcarryx_u32(x123, 0x0, x113);
uint32_t x128, uint8_t x129 = addcarryx_u32(x126, 0x0, x116);
uint32_t x131, uint32_t _ = mulx_u32(x47, Const 1869733397);
uint32_t x134, uint32_t x135 = mulx_u32(x131, 0xfffffec3);
uint32_t x137, uint32_t x138 = mulx_u32(x131, 0xffffffff);
uint32_t x140, uint32_t x141 = mulx_u32(x131, 0xffffffff);
uint32_t x143, uint32_t x144 = mulx_u32(x131, 0xffffffff);
uint32_t x146, uint32_t x147 = mulx_u32(x131, 0xffffffff);
uint32_t x149, uint32_t x150 = mulx_u32(x131, 0xffffffff);
uint32_t x152, uint32_t x153 = mulx_u32(x131, 0xffffffff);
uint32_t x155, uint32_t x156 = mulx_u32(x131, 0xffffffff);
uint32_t x158, uint32_t x159 = mulx_u32(x131, 0xffffffff);
uint32_t x161, uint32_t x162 = mulx_u32(x131, 0xffffffff);
uint32_t x164, uint32_t x165 = mulx_u32(x131, 0xffffffff);
uint32_t x167, uint32_t x168 = mulx_u32(x131, 0xffffffff);
uint32_t x170, uint8_t x171 = addcarryx_u32(0x0, x135, x137);
uint32_t x173, uint8_t x174 = addcarryx_u32(x171, x138, x140);
uint32_t x176, uint8_t x177 = addcarryx_u32(x174, x141, x143);
uint32_t x179, uint8_t x180 = addcarryx_u32(x177, x144, x146);
uint32_t x182, uint8_t x183 = addcarryx_u32(x180, x147, x149);
uint32_t x185, uint8_t x186 = addcarryx_u32(x183, x150, x152);
uint32_t x188, uint8_t x189 = addcarryx_u32(x186, x153, x155);
uint32_t x191, uint8_t x192 = addcarryx_u32(x189, x156, x158);
uint32_t x194, uint8_t x195 = addcarryx_u32(x192, x159, x161);
uint32_t x197, uint8_t x198 = addcarryx_u32(x195, x162, x164);
uint32_t x200, uint8_t x201 = addcarryx_u32(x198, x165, x167);
uint32_t x203, uint8_t _ = addcarryx_u32(0x0, x201, x168);
uint32_t _, uint8_t x207 = addcarryx_u32(0x0, x47, x134);
uint32_t x209, uint8_t x210 = addcarryx_u32(x207, x83, x170);
uint32_t x212, uint8_t x213 = addcarryx_u32(x210, x86, x173);
uint32_t x215, uint8_t x216 = addcarryx_u32(x213, x89, x176);
uint32_t x218, uint8_t x219 = addcarryx_u32(x216, x92, x179);
uint32_t x221, uint8_t x222 = addcarryx_u32(x219, x95, x182);
uint32_t x224, uint8_t x225 = addcarryx_u32(x222, x98, x185);
uint32_t x227, uint8_t x228 = addcarryx_u32(x225, x101, x188);
uint32_t x230, uint8_t x231 = addcarryx_u32(x228, x104, x191);
uint32_t x233, uint8_t x234 = addcarryx_u32(x231, x119, x194);
uint32_t x236, uint8_t x237 = addcarryx_u32(x234, x122, x197);
uint32_t x239, uint8_t x240 = addcarryx_u32(x237, x125, x200);
uint32_t x242, uint8_t x243 = addcarryx_u32(x240, x128, x203);
uint8_t x244 = (x243 + x129);
uint32_t x246, uint32_t x247 = mulx_u32(x5, x25);
uint32_t x249, uint32_t x250 = mulx_u32(x5, x27);
uint32_t x252, uint32_t x253 = mulx_u32(x5, x29);
uint32_t x255, uint32_t x256 = mulx_u32(x5, x31);
uint32_t x258, uint32_t x259 = mulx_u32(x5, x33);
uint32_t x261, uint32_t x262 = mulx_u32(x5, x35);
uint32_t x264, uint32_t x265 = mulx_u32(x5, x37);
uint32_t x267, uint32_t x268 = mulx_u32(x5, x39);
uint32_t x270, uint32_t x271 = mulx_u32(x5, x41);
uint32_t x273, uint32_t x274 = mulx_u32(x5, x43);
uint32_t x276, uint32_t x277 = mulx_u32(x5, x45);
uint32_t x279, uint32_t x280 = mulx_u32(x5, x44);
uint32_t x282, uint8_t x283 = addcarryx_u32(0x0, x247, x249);
uint32_t x285, uint8_t x286 = addcarryx_u32(x283, x250, x252);
uint32_t x288, uint8_t x289 = addcarryx_u32(x286, x253, x255);
uint32_t x291, uint8_t x292 = addcarryx_u32(x289, x256, x258);
uint32_t x294, uint8_t x295 = addcarryx_u32(x292, x259, x261);
uint32_t x297, uint8_t x298 = addcarryx_u32(x295, x262, x264);
uint32_t x300, uint8_t x301 = addcarryx_u32(x298, x265, x267);
uint32_t x303, uint8_t x304 = addcarryx_u32(x301, x268, x270);
uint32_t x306, uint8_t x307 = addcarryx_u32(x304, x271, x273);
uint32_t x309, uint8_t x310 = addcarryx_u32(x307, x274, x276);
uint32_t x312, uint8_t x313 = addcarryx_u32(x310, x277, x279);
uint32_t x315, uint8_t _ = addcarryx_u32(0x0, x313, x280);
uint32_t x318, uint8_t x319 = addcarryx_u32(0x0, x209, x246);
uint32_t x321, uint8_t x322 = addcarryx_u32(x319, x212, x282);
uint32_t x324, uint8_t x325 = addcarryx_u32(x322, x215, x285);
uint32_t x327, uint8_t x328 = addcarryx_u32(x325, x218, x288);
uint32_t x330, uint8_t x331 = addcarryx_u32(x328, x221, x291);
uint32_t x333, uint8_t x334 = addcarryx_u32(x331, x224, x294);
uint32_t x336, uint8_t x337 = addcarryx_u32(x334, x227, x297);
uint32_t x339, uint8_t x340 = addcarryx_u32(x337, x230, x300);
uint32_t x342, uint8_t x343 = addcarryx_u32(x340, x233, x303);
uint32_t x345, uint8_t x346 = addcarryx_u32(x343, x236, x306);
uint32_t x348, uint8_t x349 = addcarryx_u32(x346, x239, x309);
uint32_t x351, uint8_t x352 = addcarryx_u32(x349, x242, x312);
uint32_t x354, uint8_t x355 = addcarryx_u32(x352, x244, x315);
uint32_t x357, uint32_t _ = mulx_u32(x318, Const 1869733397);
uint32_t x360, uint32_t x361 = mulx_u32(x357, 0xfffffec3);
uint32_t x363, uint32_t x364 = mulx_u32(x357, 0xffffffff);
uint32_t x366, uint32_t x367 = mulx_u32(x357, 0xffffffff);
uint32_t x369, uint32_t x370 = mulx_u32(x357, 0xffffffff);
uint32_t x372, uint32_t x373 = mulx_u32(x357, 0xffffffff);
uint32_t x375, uint32_t x376 = mulx_u32(x357, 0xffffffff);
uint32_t x378, uint32_t x379 = mulx_u32(x357, 0xffffffff);
uint32_t x381, uint32_t x382 = mulx_u32(x357, 0xffffffff);
uint32_t x384, uint32_t x385 = mulx_u32(x357, 0xffffffff);
uint32_t x387, uint32_t x388 = mulx_u32(x357, 0xffffffff);
uint32_t x390, uint32_t x391 = mulx_u32(x357, 0xffffffff);
uint32_t x393, uint32_t x394 = mulx_u32(x357, 0xffffffff);
uint32_t x396, uint8_t x397 = addcarryx_u32(0x0, x361, x363);
uint32_t x399, uint8_t x400 = addcarryx_u32(x397, x364, x366);
uint32_t x402, uint8_t x403 = addcarryx_u32(x400, x367, x369);
uint32_t x405, uint8_t x406 = addcarryx_u32(x403, x370, x372);
uint32_t x408, uint8_t x409 = addcarryx_u32(x406, x373, x375);
uint32_t x411, uint8_t x412 = addcarryx_u32(x409, x376, x378);
uint32_t x414, uint8_t x415 = addcarryx_u32(x412, x379, x381);
uint32_t x417, uint8_t x418 = addcarryx_u32(x415, x382, x384);
uint32_t x420, uint8_t x421 = addcarryx_u32(x418, x385, x387);
uint32_t x423, uint8_t x424 = addcarryx_u32(x421, x388, x390);
uint32_t x426, uint8_t x427 = addcarryx_u32(x424, x391, x393);
uint32_t x429, uint8_t _ = addcarryx_u32(0x0, x427, x394);
uint32_t _, uint8_t x433 = addcarryx_u32(0x0, x318, x360);
uint32_t x435, uint8_t x436 = addcarryx_u32(x433, x321, x396);
uint32_t x438, uint8_t x439 = addcarryx_u32(x436, x324, x399);
uint32_t x441, uint8_t x442 = addcarryx_u32(x439, x327, x402);
uint32_t x444, uint8_t x445 = addcarryx_u32(x442, x330, x405);
uint32_t x447, uint8_t x448 = addcarryx_u32(x445, x333, x408);
uint32_t x450, uint8_t x451 = addcarryx_u32(x448, x336, x411);
uint32_t x453, uint8_t x454 = addcarryx_u32(x451, x339, x414);
uint32_t x456, uint8_t x457 = addcarryx_u32(x454, x342, x417);
uint32_t x459, uint8_t x460 = addcarryx_u32(x457, x345, x420);
uint32_t x462, uint8_t x463 = addcarryx_u32(x460, x348, x423);
uint32_t x465, uint8_t x466 = addcarryx_u32(x463, x351, x426);
uint32_t x468, uint8_t x469 = addcarryx_u32(x466, x354, x429);
uint8_t x470 = (x469 + x355);
uint32_t x472, uint32_t x473 = mulx_u32(x7, x25);
uint32_t x475, uint32_t x476 = mulx_u32(x7, x27);
uint32_t x478, uint32_t x479 = mulx_u32(x7, x29);
uint32_t x481, uint32_t x482 = mulx_u32(x7, x31);
uint32_t x484, uint32_t x485 = mulx_u32(x7, x33);
uint32_t x487, uint32_t x488 = mulx_u32(x7, x35);
uint32_t x490, uint32_t x491 = mulx_u32(x7, x37);
uint32_t x493, uint32_t x494 = mulx_u32(x7, x39);
uint32_t x496, uint32_t x497 = mulx_u32(x7, x41);
uint32_t x499, uint32_t x500 = mulx_u32(x7, x43);
uint32_t x502, uint32_t x503 = mulx_u32(x7, x45);
uint32_t x505, uint32_t x506 = mulx_u32(x7, x44);
uint32_t x508, uint8_t x509 = addcarryx_u32(0x0, x473, x475);
uint32_t x511, uint8_t x512 = addcarryx_u32(x509, x476, x478);
uint32_t x514, uint8_t x515 = addcarryx_u32(x512, x479, x481);
uint32_t x517, uint8_t x518 = addcarryx_u32(x515, x482, x484);
uint32_t x520, uint8_t x521 = addcarryx_u32(x518, x485, x487);
uint32_t x523, uint8_t x524 = addcarryx_u32(x521, x488, x490);
uint32_t x526, uint8_t x527 = addcarryx_u32(x524, x491, x493);
uint32_t x529, uint8_t x530 = addcarryx_u32(x527, x494, x496);
uint32_t x532, uint8_t x533 = addcarryx_u32(x530, x497, x499);
uint32_t x535, uint8_t x536 = addcarryx_u32(x533, x500, x502);
uint32_t x538, uint8_t x539 = addcarryx_u32(x536, x503, x505);
uint32_t x541, uint8_t _ = addcarryx_u32(0x0, x539, x506);
uint32_t x544, uint8_t x545 = addcarryx_u32(0x0, x435, x472);
uint32_t x547, uint8_t x548 = addcarryx_u32(x545, x438, x508);
uint32_t x550, uint8_t x551 = addcarryx_u32(x548, x441, x511);
uint32_t x553, uint8_t x554 = addcarryx_u32(x551, x444, x514);
uint32_t x556, uint8_t x557 = addcarryx_u32(x554, x447, x517);
uint32_t x559, uint8_t x560 = addcarryx_u32(x557, x450, x520);
uint32_t x562, uint8_t x563 = addcarryx_u32(x560, x453, x523);
uint32_t x565, uint8_t x566 = addcarryx_u32(x563, x456, x526);
uint32_t x568, uint8_t x569 = addcarryx_u32(x566, x459, x529);
uint32_t x571, uint8_t x572 = addcarryx_u32(x569, x462, x532);
uint32_t x574, uint8_t x575 = addcarryx_u32(x572, x465, x535);
uint32_t x577, uint8_t x578 = addcarryx_u32(x575, x468, x538);
uint32_t x580, uint8_t x581 = addcarryx_u32(x578, x470, x541);
uint32_t x583, uint32_t _ = mulx_u32(x544, Const 1869733397);
uint32_t x586, uint32_t x587 = mulx_u32(x583, 0xfffffec3);
uint32_t x589, uint32_t x590 = mulx_u32(x583, 0xffffffff);
uint32_t x592, uint32_t x593 = mulx_u32(x583, 0xffffffff);
uint32_t x595, uint32_t x596 = mulx_u32(x583, 0xffffffff);
uint32_t x598, uint32_t x599 = mulx_u32(x583, 0xffffffff);
uint32_t x601, uint32_t x602 = mulx_u32(x583, 0xffffffff);
uint32_t x604, uint32_t x605 = mulx_u32(x583, 0xffffffff);
uint32_t x607, uint32_t x608 = mulx_u32(x583, 0xffffffff);
uint32_t x610, uint32_t x611 = mulx_u32(x583, 0xffffffff);
uint32_t x613, uint32_t x614 = mulx_u32(x583, 0xffffffff);
uint32_t x616, uint32_t x617 = mulx_u32(x583, 0xffffffff);
uint32_t x619, uint32_t x620 = mulx_u32(x583, 0xffffffff);
uint32_t x622, uint8_t x623 = addcarryx_u32(0x0, x587, x589);
uint32_t x625, uint8_t x626 = addcarryx_u32(x623, x590, x592);
uint32_t x628, uint8_t x629 = addcarryx_u32(x626, x593, x595);
uint32_t x631, uint8_t x632 = addcarryx_u32(x629, x596, x598);
uint32_t x634, uint8_t x635 = addcarryx_u32(x632, x599, x601);
uint32_t x637, uint8_t x638 = addcarryx_u32(x635, x602, x604);
uint32_t x640, uint8_t x641 = addcarryx_u32(x638, x605, x607);
uint32_t x643, uint8_t x644 = addcarryx_u32(x641, x608, x610);
uint32_t x646, uint8_t x647 = addcarryx_u32(x644, x611, x613);
uint32_t x649, uint8_t x650 = addcarryx_u32(x647, x614, x616);
uint32_t x652, uint8_t x653 = addcarryx_u32(x650, x617, x619);
uint32_t x655, uint8_t _ = addcarryx_u32(0x0, x653, x620);
uint32_t _, uint8_t x659 = addcarryx_u32(0x0, x544, x586);
uint32_t x661, uint8_t x662 = addcarryx_u32(x659, x547, x622);
uint32_t x664, uint8_t x665 = addcarryx_u32(x662, x550, x625);
uint32_t x667, uint8_t x668 = addcarryx_u32(x665, x553, x628);
uint32_t x670, uint8_t x671 = addcarryx_u32(x668, x556, x631);
uint32_t x673, uint8_t x674 = addcarryx_u32(x671, x559, x634);
uint32_t x676, uint8_t x677 = addcarryx_u32(x674, x562, x637);
uint32_t x679, uint8_t x680 = addcarryx_u32(x677, x565, x640);
uint32_t x682, uint8_t x683 = addcarryx_u32(x680, x568, x643);
uint32_t x685, uint8_t x686 = addcarryx_u32(x683, x571, x646);
uint32_t x688, uint8_t x689 = addcarryx_u32(x686, x574, x649);
uint32_t x691, uint8_t x692 = addcarryx_u32(x689, x577, x652);
uint32_t x694, uint8_t x695 = addcarryx_u32(x692, x580, x655);
uint8_t x696 = (x695 + x581);
uint32_t x698, uint32_t x699 = mulx_u32(x9, x25);
uint32_t x701, uint32_t x702 = mulx_u32(x9, x27);
uint32_t x704, uint32_t x705 = mulx_u32(x9, x29);
uint32_t x707, uint32_t x708 = mulx_u32(x9, x31);
uint32_t x710, uint32_t x711 = mulx_u32(x9, x33);
uint32_t x713, uint32_t x714 = mulx_u32(x9, x35);
uint32_t x716, uint32_t x717 = mulx_u32(x9, x37);
uint32_t x719, uint32_t x720 = mulx_u32(x9, x39);
uint32_t x722, uint32_t x723 = mulx_u32(x9, x41);
uint32_t x725, uint32_t x726 = mulx_u32(x9, x43);
uint32_t x728, uint32_t x729 = mulx_u32(x9, x45);
uint32_t x731, uint32_t x732 = mulx_u32(x9, x44);
uint32_t x734, uint8_t x735 = addcarryx_u32(0x0, x699, x701);
uint32_t x737, uint8_t x738 = addcarryx_u32(x735, x702, x704);
uint32_t x740, uint8_t x741 = addcarryx_u32(x738, x705, x707);
uint32_t x743, uint8_t x744 = addcarryx_u32(x741, x708, x710);
uint32_t x746, uint8_t x747 = addcarryx_u32(x744, x711, x713);
uint32_t x749, uint8_t x750 = addcarryx_u32(x747, x714, x716);
uint32_t x752, uint8_t x753 = addcarryx_u32(x750, x717, x719);
uint32_t x755, uint8_t x756 = addcarryx_u32(x753, x720, x722);
uint32_t x758, uint8_t x759 = addcarryx_u32(x756, x723, x725);
uint32_t x761, uint8_t x762 = addcarryx_u32(x759, x726, x728);
uint32_t x764, uint8_t x765 = addcarryx_u32(x762, x729, x731);
uint32_t x767, uint8_t _ = addcarryx_u32(0x0, x765, x732);
uint32_t x770, uint8_t x771 = addcarryx_u32(0x0, x661, x698);
uint32_t x773, uint8_t x774 = addcarryx_u32(x771, x664, x734);
uint32_t x776, uint8_t x777 = addcarryx_u32(x774, x667, x737);
uint32_t x779, uint8_t x780 = addcarryx_u32(x777, x670, x740);
uint32_t x782, uint8_t x783 = addcarryx_u32(x780, x673, x743);
uint32_t x785, uint8_t x786 = addcarryx_u32(x783, x676, x746);
uint32_t x788, uint8_t x789 = addcarryx_u32(x786, x679, x749);
uint32_t x791, uint8_t x792 = addcarryx_u32(x789, x682, x752);
uint32_t x794, uint8_t x795 = addcarryx_u32(x792, x685, x755);
uint32_t x797, uint8_t x798 = addcarryx_u32(x795, x688, x758);
uint32_t x800, uint8_t x801 = addcarryx_u32(x798, x691, x761);
uint32_t x803, uint8_t x804 = addcarryx_u32(x801, x694, x764);
uint32_t x806, uint8_t x807 = addcarryx_u32(x804, x696, x767);
uint32_t x809, uint32_t _ = mulx_u32(x770, Const 1869733397);
uint32_t x812, uint32_t x813 = mulx_u32(x809, 0xfffffec3);
uint32_t x815, uint32_t x816 = mulx_u32(x809, 0xffffffff);
uint32_t x818, uint32_t x819 = mulx_u32(x809, 0xffffffff);
uint32_t x821, uint32_t x822 = mulx_u32(x809, 0xffffffff);
uint32_t x824, uint32_t x825 = mulx_u32(x809, 0xffffffff);
uint32_t x827, uint32_t x828 = mulx_u32(x809, 0xffffffff);
uint32_t x830, uint32_t x831 = mulx_u32(x809, 0xffffffff);
uint32_t x833, uint32_t x834 = mulx_u32(x809, 0xffffffff);
uint32_t x836, uint32_t x837 = mulx_u32(x809, 0xffffffff);
uint32_t x839, uint32_t x840 = mulx_u32(x809, 0xffffffff);
uint32_t x842, uint32_t x843 = mulx_u32(x809, 0xffffffff);
uint32_t x845, uint32_t x846 = mulx_u32(x809, 0xffffffff);
uint32_t x848, uint8_t x849 = addcarryx_u32(0x0, x813, x815);
uint32_t x851, uint8_t x852 = addcarryx_u32(x849, x816, x818);
uint32_t x854, uint8_t x855 = addcarryx_u32(x852, x819, x821);
uint32_t x857, uint8_t x858 = addcarryx_u32(x855, x822, x824);
uint32_t x860, uint8_t x861 = addcarryx_u32(x858, x825, x827);
uint32_t x863, uint8_t x864 = addcarryx_u32(x861, x828, x830);
uint32_t x866, uint8_t x867 = addcarryx_u32(x864, x831, x833);
uint32_t x869, uint8_t x870 = addcarryx_u32(x867, x834, x836);
uint32_t x872, uint8_t x873 = addcarryx_u32(x870, x837, x839);
uint32_t x875, uint8_t x876 = addcarryx_u32(x873, x840, x842);
uint32_t x878, uint8_t x879 = addcarryx_u32(x876, x843, x845);
uint32_t x881, uint8_t _ = addcarryx_u32(0x0, x879, x846);
uint32_t _, uint8_t x885 = addcarryx_u32(0x0, x770, x812);
uint32_t x887, uint8_t x888 = addcarryx_u32(x885, x773, x848);
uint32_t x890, uint8_t x891 = addcarryx_u32(x888, x776, x851);
uint32_t x893, uint8_t x894 = addcarryx_u32(x891, x779, x854);
uint32_t x896, uint8_t x897 = addcarryx_u32(x894, x782, x857);
uint32_t x899, uint8_t x900 = addcarryx_u32(x897, x785, x860);
uint32_t x902, uint8_t x903 = addcarryx_u32(x900, x788, x863);
uint32_t x905, uint8_t x906 = addcarryx_u32(x903, x791, x866);
uint32_t x908, uint8_t x909 = addcarryx_u32(x906, x794, x869);
uint32_t x911, uint8_t x912 = addcarryx_u32(x909, x797, x872);
uint32_t x914, uint8_t x915 = addcarryx_u32(x912, x800, x875);
uint32_t x917, uint8_t x918 = addcarryx_u32(x915, x803, x878);
uint32_t x920, uint8_t x921 = addcarryx_u32(x918, x806, x881);
uint8_t x922 = (x921 + x807);
uint32_t x924, uint32_t x925 = mulx_u32(x11, x25);
uint32_t x927, uint32_t x928 = mulx_u32(x11, x27);
uint32_t x930, uint32_t x931 = mulx_u32(x11, x29);
uint32_t x933, uint32_t x934 = mulx_u32(x11, x31);
uint32_t x936, uint32_t x937 = mulx_u32(x11, x33);
uint32_t x939, uint32_t x940 = mulx_u32(x11, x35);
uint32_t x942, uint32_t x943 = mulx_u32(x11, x37);
uint32_t x945, uint32_t x946 = mulx_u32(x11, x39);
uint32_t x948, uint32_t x949 = mulx_u32(x11, x41);
uint32_t x951, uint32_t x952 = mulx_u32(x11, x43);
uint32_t x954, uint32_t x955 = mulx_u32(x11, x45);
uint32_t x957, uint32_t x958 = mulx_u32(x11, x44);
uint32_t x960, uint8_t x961 = addcarryx_u32(0x0, x925, x927);
uint32_t x963, uint8_t x964 = addcarryx_u32(x961, x928, x930);
uint32_t x966, uint8_t x967 = addcarryx_u32(x964, x931, x933);
uint32_t x969, uint8_t x970 = addcarryx_u32(x967, x934, x936);
uint32_t x972, uint8_t x973 = addcarryx_u32(x970, x937, x939);
uint32_t x975, uint8_t x976 = addcarryx_u32(x973, x940, x942);
uint32_t x978, uint8_t x979 = addcarryx_u32(x976, x943, x945);
uint32_t x981, uint8_t x982 = addcarryx_u32(x979, x946, x948);
uint32_t x984, uint8_t x985 = addcarryx_u32(x982, x949, x951);
uint32_t x987, uint8_t x988 = addcarryx_u32(x985, x952, x954);
uint32_t x990, uint8_t x991 = addcarryx_u32(x988, x955, x957);
uint32_t x993, uint8_t _ = addcarryx_u32(0x0, x991, x958);
uint32_t x996, uint8_t x997 = addcarryx_u32(0x0, x887, x924);
uint32_t x999, uint8_t x1000 = addcarryx_u32(x997, x890, x960);
uint32_t x1002, uint8_t x1003 = addcarryx_u32(x1000, x893, x963);
uint32_t x1005, uint8_t x1006 = addcarryx_u32(x1003, x896, x966);
uint32_t x1008, uint8_t x1009 = addcarryx_u32(x1006, x899, x969);
uint32_t x1011, uint8_t x1012 = addcarryx_u32(x1009, x902, x972);
uint32_t x1014, uint8_t x1015 = addcarryx_u32(x1012, x905, x975);
uint32_t x1017, uint8_t x1018 = addcarryx_u32(x1015, x908, x978);
uint32_t x1020, uint8_t x1021 = addcarryx_u32(x1018, x911, x981);
uint32_t x1023, uint8_t x1024 = addcarryx_u32(x1021, x914, x984);
uint32_t x1026, uint8_t x1027 = addcarryx_u32(x1024, x917, x987);
uint32_t x1029, uint8_t x1030 = addcarryx_u32(x1027, x920, x990);
uint32_t x1032, uint8_t x1033 = addcarryx_u32(x1030, x922, x993);
uint32_t x1035, uint32_t _ = mulx_u32(x996, Const 1869733397);
uint32_t x1038, uint32_t x1039 = mulx_u32(x1035, 0xfffffec3);
uint32_t x1041, uint32_t x1042 = mulx_u32(x1035, 0xffffffff);
uint32_t x1044, uint32_t x1045 = mulx_u32(x1035, 0xffffffff);
uint32_t x1047, uint32_t x1048 = mulx_u32(x1035, 0xffffffff);
uint32_t x1050, uint32_t x1051 = mulx_u32(x1035, 0xffffffff);
uint32_t x1053, uint32_t x1054 = mulx_u32(x1035, 0xffffffff);
uint32_t x1056, uint32_t x1057 = mulx_u32(x1035, 0xffffffff);
uint32_t x1059, uint32_t x1060 = mulx_u32(x1035, 0xffffffff);
uint32_t x1062, uint32_t x1063 = mulx_u32(x1035, 0xffffffff);
uint32_t x1065, uint32_t x1066 = mulx_u32(x1035, 0xffffffff);
uint32_t x1068, uint32_t x1069 = mulx_u32(x1035, 0xffffffff);
uint32_t x1071, uint32_t x1072 = mulx_u32(x1035, 0xffffffff);
uint32_t x1074, uint8_t x1075 = addcarryx_u32(0x0, x1039, x1041);
uint32_t x1077, uint8_t x1078 = addcarryx_u32(x1075, x1042, x1044);
uint32_t x1080, uint8_t x1081 = addcarryx_u32(x1078, x1045, x1047);
uint32_t x1083, uint8_t x1084 = addcarryx_u32(x1081, x1048, x1050);
uint32_t x1086, uint8_t x1087 = addcarryx_u32(x1084, x1051, x1053);
uint32_t x1089, uint8_t x1090 = addcarryx_u32(x1087, x1054, x1056);
uint32_t x1092, uint8_t x1093 = addcarryx_u32(x1090, x1057, x1059);
uint32_t x1095, uint8_t x1096 = addcarryx_u32(x1093, x1060, x1062);
uint32_t x1098, uint8_t x1099 = addcarryx_u32(x1096, x1063, x1065);
uint32_t x1101, uint8_t x1102 = addcarryx_u32(x1099, x1066, x1068);
uint32_t x1104, uint8_t x1105 = addcarryx_u32(x1102, x1069, x1071);
uint32_t x1107, uint8_t _ = addcarryx_u32(0x0, x1105, x1072);
uint32_t _, uint8_t x1111 = addcarryx_u32(0x0, x996, x1038);
uint32_t x1113, uint8_t x1114 = addcarryx_u32(x1111, x999, x1074);
uint32_t x1116, uint8_t x1117 = addcarryx_u32(x1114, x1002, x1077);
uint32_t x1119, uint8_t x1120 = addcarryx_u32(x1117, x1005, x1080);
uint32_t x1122, uint8_t x1123 = addcarryx_u32(x1120, x1008, x1083);
uint32_t x1125, uint8_t x1126 = addcarryx_u32(x1123, x1011, x1086);
uint32_t x1128, uint8_t x1129 = addcarryx_u32(x1126, x1014, x1089);
uint32_t x1131, uint8_t x1132 = addcarryx_u32(x1129, x1017, x1092);
uint32_t x1134, uint8_t x1135 = addcarryx_u32(x1132, x1020, x1095);
uint32_t x1137, uint8_t x1138 = addcarryx_u32(x1135, x1023, x1098);
uint32_t x1140, uint8_t x1141 = addcarryx_u32(x1138, x1026, x1101);
uint32_t x1143, uint8_t x1144 = addcarryx_u32(x1141, x1029, x1104);
uint32_t x1146, uint8_t x1147 = addcarryx_u32(x1144, x1032, x1107);
uint8_t x1148 = (x1147 + x1033);
uint32_t x1150, uint32_t x1151 = mulx_u32(x13, x25);
uint32_t x1153, uint32_t x1154 = mulx_u32(x13, x27);
uint32_t x1156, uint32_t x1157 = mulx_u32(x13, x29);
uint32_t x1159, uint32_t x1160 = mulx_u32(x13, x31);
uint32_t x1162, uint32_t x1163 = mulx_u32(x13, x33);
uint32_t x1165, uint32_t x1166 = mulx_u32(x13, x35);
uint32_t x1168, uint32_t x1169 = mulx_u32(x13, x37);
uint32_t x1171, uint32_t x1172 = mulx_u32(x13, x39);
uint32_t x1174, uint32_t x1175 = mulx_u32(x13, x41);
uint32_t x1177, uint32_t x1178 = mulx_u32(x13, x43);
uint32_t x1180, uint32_t x1181 = mulx_u32(x13, x45);
uint32_t x1183, uint32_t x1184 = mulx_u32(x13, x44);
uint32_t x1186, uint8_t x1187 = addcarryx_u32(0x0, x1151, x1153);
uint32_t x1189, uint8_t x1190 = addcarryx_u32(x1187, x1154, x1156);
uint32_t x1192, uint8_t x1193 = addcarryx_u32(x1190, x1157, x1159);
uint32_t x1195, uint8_t x1196 = addcarryx_u32(x1193, x1160, x1162);
uint32_t x1198, uint8_t x1199 = addcarryx_u32(x1196, x1163, x1165);
uint32_t x1201, uint8_t x1202 = addcarryx_u32(x1199, x1166, x1168);
uint32_t x1204, uint8_t x1205 = addcarryx_u32(x1202, x1169, x1171);
uint32_t x1207, uint8_t x1208 = addcarryx_u32(x1205, x1172, x1174);
uint32_t x1210, uint8_t x1211 = addcarryx_u32(x1208, x1175, x1177);
uint32_t x1213, uint8_t x1214 = addcarryx_u32(x1211, x1178, x1180);
uint32_t x1216, uint8_t x1217 = addcarryx_u32(x1214, x1181, x1183);
uint32_t x1219, uint8_t _ = addcarryx_u32(0x0, x1217, x1184);
uint32_t x1222, uint8_t x1223 = addcarryx_u32(0x0, x1113, x1150);
uint32_t x1225, uint8_t x1226 = addcarryx_u32(x1223, x1116, x1186);
uint32_t x1228, uint8_t x1229 = addcarryx_u32(x1226, x1119, x1189);
uint32_t x1231, uint8_t x1232 = addcarryx_u32(x1229, x1122, x1192);
uint32_t x1234, uint8_t x1235 = addcarryx_u32(x1232, x1125, x1195);
uint32_t x1237, uint8_t x1238 = addcarryx_u32(x1235, x1128, x1198);
uint32_t x1240, uint8_t x1241 = addcarryx_u32(x1238, x1131, x1201);
uint32_t x1243, uint8_t x1244 = addcarryx_u32(x1241, x1134, x1204);
uint32_t x1246, uint8_t x1247 = addcarryx_u32(x1244, x1137, x1207);
uint32_t x1249, uint8_t x1250 = addcarryx_u32(x1247, x1140, x1210);
uint32_t x1252, uint8_t x1253 = addcarryx_u32(x1250, x1143, x1213);
uint32_t x1255, uint8_t x1256 = addcarryx_u32(x1253, x1146, x1216);
uint32_t x1258, uint8_t x1259 = addcarryx_u32(x1256, x1148, x1219);
uint32_t x1261, uint32_t _ = mulx_u32(x1222, Const 1869733397);
uint32_t x1264, uint32_t x1265 = mulx_u32(x1261, 0xfffffec3);
uint32_t x1267, uint32_t x1268 = mulx_u32(x1261, 0xffffffff);
uint32_t x1270, uint32_t x1271 = mulx_u32(x1261, 0xffffffff);
uint32_t x1273, uint32_t x1274 = mulx_u32(x1261, 0xffffffff);
uint32_t x1276, uint32_t x1277 = mulx_u32(x1261, 0xffffffff);
uint32_t x1279, uint32_t x1280 = mulx_u32(x1261, 0xffffffff);
uint32_t x1282, uint32_t x1283 = mulx_u32(x1261, 0xffffffff);
uint32_t x1285, uint32_t x1286 = mulx_u32(x1261, 0xffffffff);
uint32_t x1288, uint32_t x1289 = mulx_u32(x1261, 0xffffffff);
uint32_t x1291, uint32_t x1292 = mulx_u32(x1261, 0xffffffff);
uint32_t x1294, uint32_t x1295 = mulx_u32(x1261, 0xffffffff);
uint32_t x1297, uint32_t x1298 = mulx_u32(x1261, 0xffffffff);
uint32_t x1300, uint8_t x1301 = addcarryx_u32(0x0, x1265, x1267);
uint32_t x1303, uint8_t x1304 = addcarryx_u32(x1301, x1268, x1270);
uint32_t x1306, uint8_t x1307 = addcarryx_u32(x1304, x1271, x1273);
uint32_t x1309, uint8_t x1310 = addcarryx_u32(x1307, x1274, x1276);
uint32_t x1312, uint8_t x1313 = addcarryx_u32(x1310, x1277, x1279);
uint32_t x1315, uint8_t x1316 = addcarryx_u32(x1313, x1280, x1282);
uint32_t x1318, uint8_t x1319 = addcarryx_u32(x1316, x1283, x1285);
uint32_t x1321, uint8_t x1322 = addcarryx_u32(x1319, x1286, x1288);
uint32_t x1324, uint8_t x1325 = addcarryx_u32(x1322, x1289, x1291);
uint32_t x1327, uint8_t x1328 = addcarryx_u32(x1325, x1292, x1294);
uint32_t x1330, uint8_t x1331 = addcarryx_u32(x1328, x1295, x1297);
uint32_t x1333, uint8_t _ = addcarryx_u32(0x0, x1331, x1298);
uint32_t _, uint8_t x1337 = addcarryx_u32(0x0, x1222, x1264);
uint32_t x1339, uint8_t x1340 = addcarryx_u32(x1337, x1225, x1300);
uint32_t x1342, uint8_t x1343 = addcarryx_u32(x1340, x1228, x1303);
uint32_t x1345, uint8_t x1346 = addcarryx_u32(x1343, x1231, x1306);
uint32_t x1348, uint8_t x1349 = addcarryx_u32(x1346, x1234, x1309);
uint32_t x1351, uint8_t x1352 = addcarryx_u32(x1349, x1237, x1312);
uint32_t x1354, uint8_t x1355 = addcarryx_u32(x1352, x1240, x1315);
uint32_t x1357, uint8_t x1358 = addcarryx_u32(x1355, x1243, x1318);
uint32_t x1360, uint8_t x1361 = addcarryx_u32(x1358, x1246, x1321);
uint32_t x1363, uint8_t x1364 = addcarryx_u32(x1361, x1249, x1324);
uint32_t x1366, uint8_t x1367 = addcarryx_u32(x1364, x1252, x1327);
uint32_t x1369, uint8_t x1370 = addcarryx_u32(x1367, x1255, x1330);
uint32_t x1372, uint8_t x1373 = addcarryx_u32(x1370, x1258, x1333);
uint8_t x1374 = (x1373 + x1259);
uint32_t x1376, uint32_t x1377 = mulx_u32(x15, x25);
uint32_t x1379, uint32_t x1380 = mulx_u32(x15, x27);
uint32_t x1382, uint32_t x1383 = mulx_u32(x15, x29);
uint32_t x1385, uint32_t x1386 = mulx_u32(x15, x31);
uint32_t x1388, uint32_t x1389 = mulx_u32(x15, x33);
uint32_t x1391, uint32_t x1392 = mulx_u32(x15, x35);
uint32_t x1394, uint32_t x1395 = mulx_u32(x15, x37);
uint32_t x1397, uint32_t x1398 = mulx_u32(x15, x39);
uint32_t x1400, uint32_t x1401 = mulx_u32(x15, x41);
uint32_t x1403, uint32_t x1404 = mulx_u32(x15, x43);
uint32_t x1406, uint32_t x1407 = mulx_u32(x15, x45);
uint32_t x1409, uint32_t x1410 = mulx_u32(x15, x44);
uint32_t x1412, uint8_t x1413 = addcarryx_u32(0x0, x1377, x1379);
uint32_t x1415, uint8_t x1416 = addcarryx_u32(x1413, x1380, x1382);
uint32_t x1418, uint8_t x1419 = addcarryx_u32(x1416, x1383, x1385);
uint32_t x1421, uint8_t x1422 = addcarryx_u32(x1419, x1386, x1388);
uint32_t x1424, uint8_t x1425 = addcarryx_u32(x1422, x1389, x1391);
uint32_t x1427, uint8_t x1428 = addcarryx_u32(x1425, x1392, x1394);
uint32_t x1430, uint8_t x1431 = addcarryx_u32(x1428, x1395, x1397);
uint32_t x1433, uint8_t x1434 = addcarryx_u32(x1431, x1398, x1400);
uint32_t x1436, uint8_t x1437 = addcarryx_u32(x1434, x1401, x1403);
uint32_t x1439, uint8_t x1440 = addcarryx_u32(x1437, x1404, x1406);
uint32_t x1442, uint8_t x1443 = addcarryx_u32(x1440, x1407, x1409);
uint32_t x1445, uint8_t _ = addcarryx_u32(0x0, x1443, x1410);
uint32_t x1448, uint8_t x1449 = addcarryx_u32(0x0, x1339, x1376);
uint32_t x1451, uint8_t x1452 = addcarryx_u32(x1449, x1342, x1412);
uint32_t x1454, uint8_t x1455 = addcarryx_u32(x1452, x1345, x1415);
uint32_t x1457, uint8_t x1458 = addcarryx_u32(x1455, x1348, x1418);
uint32_t x1460, uint8_t x1461 = addcarryx_u32(x1458, x1351, x1421);
uint32_t x1463, uint8_t x1464 = addcarryx_u32(x1461, x1354, x1424);
uint32_t x1466, uint8_t x1467 = addcarryx_u32(x1464, x1357, x1427);
uint32_t x1469, uint8_t x1470 = addcarryx_u32(x1467, x1360, x1430);
uint32_t x1472, uint8_t x1473 = addcarryx_u32(x1470, x1363, x1433);
uint32_t x1475, uint8_t x1476 = addcarryx_u32(x1473, x1366, x1436);
uint32_t x1478, uint8_t x1479 = addcarryx_u32(x1476, x1369, x1439);
uint32_t x1481, uint8_t x1482 = addcarryx_u32(x1479, x1372, x1442);
uint32_t x1484, uint8_t x1485 = addcarryx_u32(x1482, x1374, x1445);
uint32_t x1487, uint32_t _ = mulx_u32(x1448, Const 1869733397);
uint32_t x1490, uint32_t x1491 = mulx_u32(x1487, 0xfffffec3);
uint32_t x1493, uint32_t x1494 = mulx_u32(x1487, 0xffffffff);
uint32_t x1496, uint32_t x1497 = mulx_u32(x1487, 0xffffffff);
uint32_t x1499, uint32_t x1500 = mulx_u32(x1487, 0xffffffff);
uint32_t x1502, uint32_t x1503 = mulx_u32(x1487, 0xffffffff);
uint32_t x1505, uint32_t x1506 = mulx_u32(x1487, 0xffffffff);
uint32_t x1508, uint32_t x1509 = mulx_u32(x1487, 0xffffffff);
uint32_t x1511, uint32_t x1512 = mulx_u32(x1487, 0xffffffff);
uint32_t x1514, uint32_t x1515 = mulx_u32(x1487, 0xffffffff);
uint32_t x1517, uint32_t x1518 = mulx_u32(x1487, 0xffffffff);
uint32_t x1520, uint32_t x1521 = mulx_u32(x1487, 0xffffffff);
uint32_t x1523, uint32_t x1524 = mulx_u32(x1487, 0xffffffff);
uint32_t x1526, uint8_t x1527 = addcarryx_u32(0x0, x1491, x1493);
uint32_t x1529, uint8_t x1530 = addcarryx_u32(x1527, x1494, x1496);
uint32_t x1532, uint8_t x1533 = addcarryx_u32(x1530, x1497, x1499);
uint32_t x1535, uint8_t x1536 = addcarryx_u32(x1533, x1500, x1502);
uint32_t x1538, uint8_t x1539 = addcarryx_u32(x1536, x1503, x1505);
uint32_t x1541, uint8_t x1542 = addcarryx_u32(x1539, x1506, x1508);
uint32_t x1544, uint8_t x1545 = addcarryx_u32(x1542, x1509, x1511);
uint32_t x1547, uint8_t x1548 = addcarryx_u32(x1545, x1512, x1514);
uint32_t x1550, uint8_t x1551 = addcarryx_u32(x1548, x1515, x1517);
uint32_t x1553, uint8_t x1554 = addcarryx_u32(x1551, x1518, x1520);
uint32_t x1556, uint8_t x1557 = addcarryx_u32(x1554, x1521, x1523);
uint32_t x1559, uint8_t _ = addcarryx_u32(0x0, x1557, x1524);
uint32_t _, uint8_t x1563 = addcarryx_u32(0x0, x1448, x1490);
uint32_t x1565, uint8_t x1566 = addcarryx_u32(x1563, x1451, x1526);
uint32_t x1568, uint8_t x1569 = addcarryx_u32(x1566, x1454, x1529);
uint32_t x1571, uint8_t x1572 = addcarryx_u32(x1569, x1457, x1532);
uint32_t x1574, uint8_t x1575 = addcarryx_u32(x1572, x1460, x1535);
uint32_t x1577, uint8_t x1578 = addcarryx_u32(x1575, x1463, x1538);
uint32_t x1580, uint8_t x1581 = addcarryx_u32(x1578, x1466, x1541);
uint32_t x1583, uint8_t x1584 = addcarryx_u32(x1581, x1469, x1544);
uint32_t x1586, uint8_t x1587 = addcarryx_u32(x1584, x1472, x1547);
uint32_t x1589, uint8_t x1590 = addcarryx_u32(x1587, x1475, x1550);
uint32_t x1592, uint8_t x1593 = addcarryx_u32(x1590, x1478, x1553);
uint32_t x1595, uint8_t x1596 = addcarryx_u32(x1593, x1481, x1556);
uint32_t x1598, uint8_t x1599 = addcarryx_u32(x1596, x1484, x1559);
uint8_t x1600 = (x1599 + x1485);
uint32_t x1602, uint32_t x1603 = mulx_u32(x17, x25);
uint32_t x1605, uint32_t x1606 = mulx_u32(x17, x27);
uint32_t x1608, uint32_t x1609 = mulx_u32(x17, x29);
uint32_t x1611, uint32_t x1612 = mulx_u32(x17, x31);
uint32_t x1614, uint32_t x1615 = mulx_u32(x17, x33);
uint32_t x1617, uint32_t x1618 = mulx_u32(x17, x35);
uint32_t x1620, uint32_t x1621 = mulx_u32(x17, x37);
uint32_t x1623, uint32_t x1624 = mulx_u32(x17, x39);
uint32_t x1626, uint32_t x1627 = mulx_u32(x17, x41);
uint32_t x1629, uint32_t x1630 = mulx_u32(x17, x43);
uint32_t x1632, uint32_t x1633 = mulx_u32(x17, x45);
uint32_t x1635, uint32_t x1636 = mulx_u32(x17, x44);
uint32_t x1638, uint8_t x1639 = addcarryx_u32(0x0, x1603, x1605);
uint32_t x1641, uint8_t x1642 = addcarryx_u32(x1639, x1606, x1608);
uint32_t x1644, uint8_t x1645 = addcarryx_u32(x1642, x1609, x1611);
uint32_t x1647, uint8_t x1648 = addcarryx_u32(x1645, x1612, x1614);
uint32_t x1650, uint8_t x1651 = addcarryx_u32(x1648, x1615, x1617);
uint32_t x1653, uint8_t x1654 = addcarryx_u32(x1651, x1618, x1620);
uint32_t x1656, uint8_t x1657 = addcarryx_u32(x1654, x1621, x1623);
uint32_t x1659, uint8_t x1660 = addcarryx_u32(x1657, x1624, x1626);
uint32_t x1662, uint8_t x1663 = addcarryx_u32(x1660, x1627, x1629);
uint32_t x1665, uint8_t x1666 = addcarryx_u32(x1663, x1630, x1632);
uint32_t x1668, uint8_t x1669 = addcarryx_u32(x1666, x1633, x1635);
uint32_t x1671, uint8_t _ = addcarryx_u32(0x0, x1669, x1636);
uint32_t x1674, uint8_t x1675 = addcarryx_u32(0x0, x1565, x1602);
uint32_t x1677, uint8_t x1678 = addcarryx_u32(x1675, x1568, x1638);
uint32_t x1680, uint8_t x1681 = addcarryx_u32(x1678, x1571, x1641);
uint32_t x1683, uint8_t x1684 = addcarryx_u32(x1681, x1574, x1644);
uint32_t x1686, uint8_t x1687 = addcarryx_u32(x1684, x1577, x1647);
uint32_t x1689, uint8_t x1690 = addcarryx_u32(x1687, x1580, x1650);
uint32_t x1692, uint8_t x1693 = addcarryx_u32(x1690, x1583, x1653);
uint32_t x1695, uint8_t x1696 = addcarryx_u32(x1693, x1586, x1656);
uint32_t x1698, uint8_t x1699 = addcarryx_u32(x1696, x1589, x1659);
uint32_t x1701, uint8_t x1702 = addcarryx_u32(x1699, x1592, x1662);
uint32_t x1704, uint8_t x1705 = addcarryx_u32(x1702, x1595, x1665);
uint32_t x1707, uint8_t x1708 = addcarryx_u32(x1705, x1598, x1668);
uint32_t x1710, uint8_t x1711 = addcarryx_u32(x1708, x1600, x1671);
uint32_t x1713, uint32_t _ = mulx_u32(x1674, Const 1869733397);
uint32_t x1716, uint32_t x1717 = mulx_u32(x1713, 0xfffffec3);
uint32_t x1719, uint32_t x1720 = mulx_u32(x1713, 0xffffffff);
uint32_t x1722, uint32_t x1723 = mulx_u32(x1713, 0xffffffff);
uint32_t x1725, uint32_t x1726 = mulx_u32(x1713, 0xffffffff);
uint32_t x1728, uint32_t x1729 = mulx_u32(x1713, 0xffffffff);
uint32_t x1731, uint32_t x1732 = mulx_u32(x1713, 0xffffffff);
uint32_t x1734, uint32_t x1735 = mulx_u32(x1713, 0xffffffff);
uint32_t x1737, uint32_t x1738 = mulx_u32(x1713, 0xffffffff);
uint32_t x1740, uint32_t x1741 = mulx_u32(x1713, 0xffffffff);
uint32_t x1743, uint32_t x1744 = mulx_u32(x1713, 0xffffffff);
uint32_t x1746, uint32_t x1747 = mulx_u32(x1713, 0xffffffff);
uint32_t x1749, uint32_t x1750 = mulx_u32(x1713, 0xffffffff);
uint32_t x1752, uint8_t x1753 = addcarryx_u32(0x0, x1717, x1719);
uint32_t x1755, uint8_t x1756 = addcarryx_u32(x1753, x1720, x1722);
uint32_t x1758, uint8_t x1759 = addcarryx_u32(x1756, x1723, x1725);
uint32_t x1761, uint8_t x1762 = addcarryx_u32(x1759, x1726, x1728);
uint32_t x1764, uint8_t x1765 = addcarryx_u32(x1762, x1729, x1731);
uint32_t x1767, uint8_t x1768 = addcarryx_u32(x1765, x1732, x1734);
uint32_t x1770, uint8_t x1771 = addcarryx_u32(x1768, x1735, x1737);
uint32_t x1773, uint8_t x1774 = addcarryx_u32(x1771, x1738, x1740);
uint32_t x1776, uint8_t x1777 = addcarryx_u32(x1774, x1741, x1743);
uint32_t x1779, uint8_t x1780 = addcarryx_u32(x1777, x1744, x1746);
uint32_t x1782, uint8_t x1783 = addcarryx_u32(x1780, x1747, x1749);
uint32_t x1785, uint8_t _ = addcarryx_u32(0x0, x1783, x1750);
uint32_t _, uint8_t x1789 = addcarryx_u32(0x0, x1674, x1716);
uint32_t x1791, uint8_t x1792 = addcarryx_u32(x1789, x1677, x1752);
uint32_t x1794, uint8_t x1795 = addcarryx_u32(x1792, x1680, x1755);
uint32_t x1797, uint8_t x1798 = addcarryx_u32(x1795, x1683, x1758);
uint32_t x1800, uint8_t x1801 = addcarryx_u32(x1798, x1686, x1761);
uint32_t x1803, uint8_t x1804 = addcarryx_u32(x1801, x1689, x1764);
uint32_t x1806, uint8_t x1807 = addcarryx_u32(x1804, x1692, x1767);
uint32_t x1809, uint8_t x1810 = addcarryx_u32(x1807, x1695, x1770);
uint32_t x1812, uint8_t x1813 = addcarryx_u32(x1810, x1698, x1773);
uint32_t x1815, uint8_t x1816 = addcarryx_u32(x1813, x1701, x1776);
uint32_t x1818, uint8_t x1819 = addcarryx_u32(x1816, x1704, x1779);
uint32_t x1821, uint8_t x1822 = addcarryx_u32(x1819, x1707, x1782);
uint32_t x1824, uint8_t x1825 = addcarryx_u32(x1822, x1710, x1785);
uint8_t x1826 = (x1825 + x1711);
uint32_t x1828, uint32_t x1829 = mulx_u32(x19, x25);
uint32_t x1831, uint32_t x1832 = mulx_u32(x19, x27);
uint32_t x1834, uint32_t x1835 = mulx_u32(x19, x29);
uint32_t x1837, uint32_t x1838 = mulx_u32(x19, x31);
uint32_t x1840, uint32_t x1841 = mulx_u32(x19, x33);
uint32_t x1843, uint32_t x1844 = mulx_u32(x19, x35);
uint32_t x1846, uint32_t x1847 = mulx_u32(x19, x37);
uint32_t x1849, uint32_t x1850 = mulx_u32(x19, x39);
uint32_t x1852, uint32_t x1853 = mulx_u32(x19, x41);
uint32_t x1855, uint32_t x1856 = mulx_u32(x19, x43);
uint32_t x1858, uint32_t x1859 = mulx_u32(x19, x45);
uint32_t x1861, uint32_t x1862 = mulx_u32(x19, x44);
uint32_t x1864, uint8_t x1865 = addcarryx_u32(0x0, x1829, x1831);
uint32_t x1867, uint8_t x1868 = addcarryx_u32(x1865, x1832, x1834);
uint32_t x1870, uint8_t x1871 = addcarryx_u32(x1868, x1835, x1837);
uint32_t x1873, uint8_t x1874 = addcarryx_u32(x1871, x1838, x1840);
uint32_t x1876, uint8_t x1877 = addcarryx_u32(x1874, x1841, x1843);
uint32_t x1879, uint8_t x1880 = addcarryx_u32(x1877, x1844, x1846);
uint32_t x1882, uint8_t x1883 = addcarryx_u32(x1880, x1847, x1849);
uint32_t x1885, uint8_t x1886 = addcarryx_u32(x1883, x1850, x1852);
uint32_t x1888, uint8_t x1889 = addcarryx_u32(x1886, x1853, x1855);
uint32_t x1891, uint8_t x1892 = addcarryx_u32(x1889, x1856, x1858);
uint32_t x1894, uint8_t x1895 = addcarryx_u32(x1892, x1859, x1861);
uint32_t x1897, uint8_t _ = addcarryx_u32(0x0, x1895, x1862);
uint32_t x1900, uint8_t x1901 = addcarryx_u32(0x0, x1791, x1828);
uint32_t x1903, uint8_t x1904 = addcarryx_u32(x1901, x1794, x1864);
uint32_t x1906, uint8_t x1907 = addcarryx_u32(x1904, x1797, x1867);
uint32_t x1909, uint8_t x1910 = addcarryx_u32(x1907, x1800, x1870);
uint32_t x1912, uint8_t x1913 = addcarryx_u32(x1910, x1803, x1873);
uint32_t x1915, uint8_t x1916 = addcarryx_u32(x1913, x1806, x1876);
uint32_t x1918, uint8_t x1919 = addcarryx_u32(x1916, x1809, x1879);
uint32_t x1921, uint8_t x1922 = addcarryx_u32(x1919, x1812, x1882);
uint32_t x1924, uint8_t x1925 = addcarryx_u32(x1922, x1815, x1885);
uint32_t x1927, uint8_t x1928 = addcarryx_u32(x1925, x1818, x1888);
uint32_t x1930, uint8_t x1931 = addcarryx_u32(x1928, x1821, x1891);
uint32_t x1933, uint8_t x1934 = addcarryx_u32(x1931, x1824, x1894);
uint32_t x1936, uint8_t x1937 = addcarryx_u32(x1934, x1826, x1897);
uint32_t x1939, uint32_t _ = mulx_u32(x1900, Const 1869733397);
uint32_t x1942, uint32_t x1943 = mulx_u32(x1939, 0xfffffec3);
uint32_t x1945, uint32_t x1946 = mulx_u32(x1939, 0xffffffff);
uint32_t x1948, uint32_t x1949 = mulx_u32(x1939, 0xffffffff);
uint32_t x1951, uint32_t x1952 = mulx_u32(x1939, 0xffffffff);
uint32_t x1954, uint32_t x1955 = mulx_u32(x1939, 0xffffffff);
uint32_t x1957, uint32_t x1958 = mulx_u32(x1939, 0xffffffff);
uint32_t x1960, uint32_t x1961 = mulx_u32(x1939, 0xffffffff);
uint32_t x1963, uint32_t x1964 = mulx_u32(x1939, 0xffffffff);
uint32_t x1966, uint32_t x1967 = mulx_u32(x1939, 0xffffffff);
uint32_t x1969, uint32_t x1970 = mulx_u32(x1939, 0xffffffff);
uint32_t x1972, uint32_t x1973 = mulx_u32(x1939, 0xffffffff);
uint32_t x1975, uint32_t x1976 = mulx_u32(x1939, 0xffffffff);
uint32_t x1978, uint8_t x1979 = addcarryx_u32(0x0, x1943, x1945);
uint32_t x1981, uint8_t x1982 = addcarryx_u32(x1979, x1946, x1948);
uint32_t x1984, uint8_t x1985 = addcarryx_u32(x1982, x1949, x1951);
uint32_t x1987, uint8_t x1988 = addcarryx_u32(x1985, x1952, x1954);
uint32_t x1990, uint8_t x1991 = addcarryx_u32(x1988, x1955, x1957);
uint32_t x1993, uint8_t x1994 = addcarryx_u32(x1991, x1958, x1960);
uint32_t x1996, uint8_t x1997 = addcarryx_u32(x1994, x1961, x1963);
uint32_t x1999, uint8_t x2000 = addcarryx_u32(x1997, x1964, x1966);
uint32_t x2002, uint8_t x2003 = addcarryx_u32(x2000, x1967, x1969);
uint32_t x2005, uint8_t x2006 = addcarryx_u32(x2003, x1970, x1972);
uint32_t x2008, uint8_t x2009 = addcarryx_u32(x2006, x1973, x1975);
uint32_t x2011, uint8_t _ = addcarryx_u32(0x0, x2009, x1976);
uint32_t _, uint8_t x2015 = addcarryx_u32(0x0, x1900, x1942);
uint32_t x2017, uint8_t x2018 = addcarryx_u32(x2015, x1903, x1978);
uint32_t x2020, uint8_t x2021 = addcarryx_u32(x2018, x1906, x1981);
uint32_t x2023, uint8_t x2024 = addcarryx_u32(x2021, x1909, x1984);
uint32_t x2026, uint8_t x2027 = addcarryx_u32(x2024, x1912, x1987);
uint32_t x2029, uint8_t x2030 = addcarryx_u32(x2027, x1915, x1990);
uint32_t x2032, uint8_t x2033 = addcarryx_u32(x2030, x1918, x1993);
uint32_t x2035, uint8_t x2036 = addcarryx_u32(x2033, x1921, x1996);
uint32_t x2038, uint8_t x2039 = addcarryx_u32(x2036, x1924, x1999);
uint32_t x2041, uint8_t x2042 = addcarryx_u32(x2039, x1927, x2002);
uint32_t x2044, uint8_t x2045 = addcarryx_u32(x2042, x1930, x2005);
uint32_t x2047, uint8_t x2048 = addcarryx_u32(x2045, x1933, x2008);
uint32_t x2050, uint8_t x2051 = addcarryx_u32(x2048, x1936, x2011);
uint8_t x2052 = (x2051 + x1937);
uint32_t x2054, uint32_t x2055 = mulx_u32(x21, x25);
uint32_t x2057, uint32_t x2058 = mulx_u32(x21, x27);
uint32_t x2060, uint32_t x2061 = mulx_u32(x21, x29);
uint32_t x2063, uint32_t x2064 = mulx_u32(x21, x31);
uint32_t x2066, uint32_t x2067 = mulx_u32(x21, x33);
uint32_t x2069, uint32_t x2070 = mulx_u32(x21, x35);
uint32_t x2072, uint32_t x2073 = mulx_u32(x21, x37);
uint32_t x2075, uint32_t x2076 = mulx_u32(x21, x39);
uint32_t x2078, uint32_t x2079 = mulx_u32(x21, x41);
uint32_t x2081, uint32_t x2082 = mulx_u32(x21, x43);
uint32_t x2084, uint32_t x2085 = mulx_u32(x21, x45);
uint32_t x2087, uint32_t x2088 = mulx_u32(x21, x44);
uint32_t x2090, uint8_t x2091 = addcarryx_u32(0x0, x2055, x2057);
uint32_t x2093, uint8_t x2094 = addcarryx_u32(x2091, x2058, x2060);
uint32_t x2096, uint8_t x2097 = addcarryx_u32(x2094, x2061, x2063);
uint32_t x2099, uint8_t x2100 = addcarryx_u32(x2097, x2064, x2066);
uint32_t x2102, uint8_t x2103 = addcarryx_u32(x2100, x2067, x2069);
uint32_t x2105, uint8_t x2106 = addcarryx_u32(x2103, x2070, x2072);
uint32_t x2108, uint8_t x2109 = addcarryx_u32(x2106, x2073, x2075);
uint32_t x2111, uint8_t x2112 = addcarryx_u32(x2109, x2076, x2078);
uint32_t x2114, uint8_t x2115 = addcarryx_u32(x2112, x2079, x2081);
uint32_t x2117, uint8_t x2118 = addcarryx_u32(x2115, x2082, x2084);
uint32_t x2120, uint8_t x2121 = addcarryx_u32(x2118, x2085, x2087);
uint32_t x2123, uint8_t _ = addcarryx_u32(0x0, x2121, x2088);
uint32_t x2126, uint8_t x2127 = addcarryx_u32(0x0, x2017, x2054);
uint32_t x2129, uint8_t x2130 = addcarryx_u32(x2127, x2020, x2090);
uint32_t x2132, uint8_t x2133 = addcarryx_u32(x2130, x2023, x2093);
uint32_t x2135, uint8_t x2136 = addcarryx_u32(x2133, x2026, x2096);
uint32_t x2138, uint8_t x2139 = addcarryx_u32(x2136, x2029, x2099);
uint32_t x2141, uint8_t x2142 = addcarryx_u32(x2139, x2032, x2102);
uint32_t x2144, uint8_t x2145 = addcarryx_u32(x2142, x2035, x2105);
uint32_t x2147, uint8_t x2148 = addcarryx_u32(x2145, x2038, x2108);
uint32_t x2150, uint8_t x2151 = addcarryx_u32(x2148, x2041, x2111);
uint32_t x2153, uint8_t x2154 = addcarryx_u32(x2151, x2044, x2114);
uint32_t x2156, uint8_t x2157 = addcarryx_u32(x2154, x2047, x2117);
uint32_t x2159, uint8_t x2160 = addcarryx_u32(x2157, x2050, x2120);
uint32_t x2162, uint8_t x2163 = addcarryx_u32(x2160, x2052, x2123);
uint32_t x2165, uint32_t _ = mulx_u32(x2126, Const 1869733397);
uint32_t x2168, uint32_t x2169 = mulx_u32(x2165, 0xfffffec3);
uint32_t x2171, uint32_t x2172 = mulx_u32(x2165, 0xffffffff);
uint32_t x2174, uint32_t x2175 = mulx_u32(x2165, 0xffffffff);
uint32_t x2177, uint32_t x2178 = mulx_u32(x2165, 0xffffffff);
uint32_t x2180, uint32_t x2181 = mulx_u32(x2165, 0xffffffff);
uint32_t x2183, uint32_t x2184 = mulx_u32(x2165, 0xffffffff);
uint32_t x2186, uint32_t x2187 = mulx_u32(x2165, 0xffffffff);
uint32_t x2189, uint32_t x2190 = mulx_u32(x2165, 0xffffffff);
uint32_t x2192, uint32_t x2193 = mulx_u32(x2165, 0xffffffff);
uint32_t x2195, uint32_t x2196 = mulx_u32(x2165, 0xffffffff);
uint32_t x2198, uint32_t x2199 = mulx_u32(x2165, 0xffffffff);
uint32_t x2201, uint32_t x2202 = mulx_u32(x2165, 0xffffffff);
uint32_t x2204, uint8_t x2205 = addcarryx_u32(0x0, x2169, x2171);
uint32_t x2207, uint8_t x2208 = addcarryx_u32(x2205, x2172, x2174);
uint32_t x2210, uint8_t x2211 = addcarryx_u32(x2208, x2175, x2177);
uint32_t x2213, uint8_t x2214 = addcarryx_u32(x2211, x2178, x2180);
uint32_t x2216, uint8_t x2217 = addcarryx_u32(x2214, x2181, x2183);
uint32_t x2219, uint8_t x2220 = addcarryx_u32(x2217, x2184, x2186);
uint32_t x2222, uint8_t x2223 = addcarryx_u32(x2220, x2187, x2189);
uint32_t x2225, uint8_t x2226 = addcarryx_u32(x2223, x2190, x2192);
uint32_t x2228, uint8_t x2229 = addcarryx_u32(x2226, x2193, x2195);
uint32_t x2231, uint8_t x2232 = addcarryx_u32(x2229, x2196, x2198);
uint32_t x2234, uint8_t x2235 = addcarryx_u32(x2232, x2199, x2201);
uint32_t x2237, uint8_t _ = addcarryx_u32(0x0, x2235, x2202);
uint32_t _, uint8_t x2241 = addcarryx_u32(0x0, x2126, x2168);
uint32_t x2243, uint8_t x2244 = addcarryx_u32(x2241, x2129, x2204);
uint32_t x2246, uint8_t x2247 = addcarryx_u32(x2244, x2132, x2207);
uint32_t x2249, uint8_t x2250 = addcarryx_u32(x2247, x2135, x2210);
uint32_t x2252, uint8_t x2253 = addcarryx_u32(x2250, x2138, x2213);
uint32_t x2255, uint8_t x2256 = addcarryx_u32(x2253, x2141, x2216);
uint32_t x2258, uint8_t x2259 = addcarryx_u32(x2256, x2144, x2219);
uint32_t x2261, uint8_t x2262 = addcarryx_u32(x2259, x2147, x2222);
uint32_t x2264, uint8_t x2265 = addcarryx_u32(x2262, x2150, x2225);
uint32_t x2267, uint8_t x2268 = addcarryx_u32(x2265, x2153, x2228);
uint32_t x2270, uint8_t x2271 = addcarryx_u32(x2268, x2156, x2231);
uint32_t x2273, uint8_t x2274 = addcarryx_u32(x2271, x2159, x2234);
uint32_t x2276, uint8_t x2277 = addcarryx_u32(x2274, x2162, x2237);
uint8_t x2278 = (x2277 + x2163);
uint32_t x2280, uint32_t x2281 = mulx_u32(x23, x25);
uint32_t x2283, uint32_t x2284 = mulx_u32(x23, x27);
uint32_t x2286, uint32_t x2287 = mulx_u32(x23, x29);
uint32_t x2289, uint32_t x2290 = mulx_u32(x23, x31);
uint32_t x2292, uint32_t x2293 = mulx_u32(x23, x33);
uint32_t x2295, uint32_t x2296 = mulx_u32(x23, x35);
uint32_t x2298, uint32_t x2299 = mulx_u32(x23, x37);
uint32_t x2301, uint32_t x2302 = mulx_u32(x23, x39);
uint32_t x2304, uint32_t x2305 = mulx_u32(x23, x41);
uint32_t x2307, uint32_t x2308 = mulx_u32(x23, x43);
uint32_t x2310, uint32_t x2311 = mulx_u32(x23, x45);
uint32_t x2313, uint32_t x2314 = mulx_u32(x23, x44);
uint32_t x2316, uint8_t x2317 = addcarryx_u32(0x0, x2281, x2283);
uint32_t x2319, uint8_t x2320 = addcarryx_u32(x2317, x2284, x2286);
uint32_t x2322, uint8_t x2323 = addcarryx_u32(x2320, x2287, x2289);
uint32_t x2325, uint8_t x2326 = addcarryx_u32(x2323, x2290, x2292);
uint32_t x2328, uint8_t x2329 = addcarryx_u32(x2326, x2293, x2295);
uint32_t x2331, uint8_t x2332 = addcarryx_u32(x2329, x2296, x2298);
uint32_t x2334, uint8_t x2335 = addcarryx_u32(x2332, x2299, x2301);
uint32_t x2337, uint8_t x2338 = addcarryx_u32(x2335, x2302, x2304);
uint32_t x2340, uint8_t x2341 = addcarryx_u32(x2338, x2305, x2307);
uint32_t x2343, uint8_t x2344 = addcarryx_u32(x2341, x2308, x2310);
uint32_t x2346, uint8_t x2347 = addcarryx_u32(x2344, x2311, x2313);
uint32_t x2349, uint8_t _ = addcarryx_u32(0x0, x2347, x2314);
uint32_t x2352, uint8_t x2353 = addcarryx_u32(0x0, x2243, x2280);
uint32_t x2355, uint8_t x2356 = addcarryx_u32(x2353, x2246, x2316);
uint32_t x2358, uint8_t x2359 = addcarryx_u32(x2356, x2249, x2319);
uint32_t x2361, uint8_t x2362 = addcarryx_u32(x2359, x2252, x2322);
uint32_t x2364, uint8_t x2365 = addcarryx_u32(x2362, x2255, x2325);
uint32_t x2367, uint8_t x2368 = addcarryx_u32(x2365, x2258, x2328);
uint32_t x2370, uint8_t x2371 = addcarryx_u32(x2368, x2261, x2331);
uint32_t x2373, uint8_t x2374 = addcarryx_u32(x2371, x2264, x2334);
uint32_t x2376, uint8_t x2377 = addcarryx_u32(x2374, x2267, x2337);
uint32_t x2379, uint8_t x2380 = addcarryx_u32(x2377, x2270, x2340);
uint32_t x2382, uint8_t x2383 = addcarryx_u32(x2380, x2273, x2343);
uint32_t x2385, uint8_t x2386 = addcarryx_u32(x2383, x2276, x2346);
uint32_t x2388, uint8_t x2389 = addcarryx_u32(x2386, x2278, x2349);
uint32_t x2391, uint32_t _ = mulx_u32(x2352, Const 1869733397);
uint32_t x2394, uint32_t x2395 = mulx_u32(x2391, 0xfffffec3);
uint32_t x2397, uint32_t x2398 = mulx_u32(x2391, 0xffffffff);
uint32_t x2400, uint32_t x2401 = mulx_u32(x2391, 0xffffffff);
uint32_t x2403, uint32_t x2404 = mulx_u32(x2391, 0xffffffff);
uint32_t x2406, uint32_t x2407 = mulx_u32(x2391, 0xffffffff);
uint32_t x2409, uint32_t x2410 = mulx_u32(x2391, 0xffffffff);
uint32_t x2412, uint32_t x2413 = mulx_u32(x2391, 0xffffffff);
uint32_t x2415, uint32_t x2416 = mulx_u32(x2391, 0xffffffff);
uint32_t x2418, uint32_t x2419 = mulx_u32(x2391, 0xffffffff);
uint32_t x2421, uint32_t x2422 = mulx_u32(x2391, 0xffffffff);
uint32_t x2424, uint32_t x2425 = mulx_u32(x2391, 0xffffffff);
uint32_t x2427, uint32_t x2428 = mulx_u32(x2391, 0xffffffff);
uint32_t x2430, uint8_t x2431 = addcarryx_u32(0x0, x2395, x2397);
uint32_t x2433, uint8_t x2434 = addcarryx_u32(x2431, x2398, x2400);
uint32_t x2436, uint8_t x2437 = addcarryx_u32(x2434, x2401, x2403);
uint32_t x2439, uint8_t x2440 = addcarryx_u32(x2437, x2404, x2406);
uint32_t x2442, uint8_t x2443 = addcarryx_u32(x2440, x2407, x2409);
uint32_t x2445, uint8_t x2446 = addcarryx_u32(x2443, x2410, x2412);
uint32_t x2448, uint8_t x2449 = addcarryx_u32(x2446, x2413, x2415);
uint32_t x2451, uint8_t x2452 = addcarryx_u32(x2449, x2416, x2418);
uint32_t x2454, uint8_t x2455 = addcarryx_u32(x2452, x2419, x2421);
uint32_t x2457, uint8_t x2458 = addcarryx_u32(x2455, x2422, x2424);
uint32_t x2460, uint8_t x2461 = addcarryx_u32(x2458, x2425, x2427);
uint32_t x2463, uint8_t _ = addcarryx_u32(0x0, x2461, x2428);
uint32_t _, uint8_t x2467 = addcarryx_u32(0x0, x2352, x2394);
uint32_t x2469, uint8_t x2470 = addcarryx_u32(x2467, x2355, x2430);
uint32_t x2472, uint8_t x2473 = addcarryx_u32(x2470, x2358, x2433);
uint32_t x2475, uint8_t x2476 = addcarryx_u32(x2473, x2361, x2436);
uint32_t x2478, uint8_t x2479 = addcarryx_u32(x2476, x2364, x2439);
uint32_t x2481, uint8_t x2482 = addcarryx_u32(x2479, x2367, x2442);
uint32_t x2484, uint8_t x2485 = addcarryx_u32(x2482, x2370, x2445);
uint32_t x2487, uint8_t x2488 = addcarryx_u32(x2485, x2373, x2448);
uint32_t x2490, uint8_t x2491 = addcarryx_u32(x2488, x2376, x2451);
uint32_t x2493, uint8_t x2494 = addcarryx_u32(x2491, x2379, x2454);
uint32_t x2496, uint8_t x2497 = addcarryx_u32(x2494, x2382, x2457);
uint32_t x2499, uint8_t x2500 = addcarryx_u32(x2497, x2385, x2460);
uint32_t x2502, uint8_t x2503 = addcarryx_u32(x2500, x2388, x2463);
uint8_t x2504 = (x2503 + x2389);
uint32_t x2506, uint32_t x2507 = mulx_u32(x22, x25);
uint32_t x2509, uint32_t x2510 = mulx_u32(x22, x27);
uint32_t x2512, uint32_t x2513 = mulx_u32(x22, x29);
uint32_t x2515, uint32_t x2516 = mulx_u32(x22, x31);
uint32_t x2518, uint32_t x2519 = mulx_u32(x22, x33);
uint32_t x2521, uint32_t x2522 = mulx_u32(x22, x35);
uint32_t x2524, uint32_t x2525 = mulx_u32(x22, x37);
uint32_t x2527, uint32_t x2528 = mulx_u32(x22, x39);
uint32_t x2530, uint32_t x2531 = mulx_u32(x22, x41);
uint32_t x2533, uint32_t x2534 = mulx_u32(x22, x43);
uint32_t x2536, uint32_t x2537 = mulx_u32(x22, x45);
uint32_t x2539, uint32_t x2540 = mulx_u32(x22, x44);
uint32_t x2542, uint8_t x2543 = addcarryx_u32(0x0, x2507, x2509);
uint32_t x2545, uint8_t x2546 = addcarryx_u32(x2543, x2510, x2512);
uint32_t x2548, uint8_t x2549 = addcarryx_u32(x2546, x2513, x2515);
uint32_t x2551, uint8_t x2552 = addcarryx_u32(x2549, x2516, x2518);
uint32_t x2554, uint8_t x2555 = addcarryx_u32(x2552, x2519, x2521);
uint32_t x2557, uint8_t x2558 = addcarryx_u32(x2555, x2522, x2524);
uint32_t x2560, uint8_t x2561 = addcarryx_u32(x2558, x2525, x2527);
uint32_t x2563, uint8_t x2564 = addcarryx_u32(x2561, x2528, x2530);
uint32_t x2566, uint8_t x2567 = addcarryx_u32(x2564, x2531, x2533);
uint32_t x2569, uint8_t x2570 = addcarryx_u32(x2567, x2534, x2536);
uint32_t x2572, uint8_t x2573 = addcarryx_u32(x2570, x2537, x2539);
uint32_t x2575, uint8_t _ = addcarryx_u32(0x0, x2573, x2540);
uint32_t x2578, uint8_t x2579 = addcarryx_u32(0x0, x2469, x2506);
uint32_t x2581, uint8_t x2582 = addcarryx_u32(x2579, x2472, x2542);
uint32_t x2584, uint8_t x2585 = addcarryx_u32(x2582, x2475, x2545);
uint32_t x2587, uint8_t x2588 = addcarryx_u32(x2585, x2478, x2548);
uint32_t x2590, uint8_t x2591 = addcarryx_u32(x2588, x2481, x2551);
uint32_t x2593, uint8_t x2594 = addcarryx_u32(x2591, x2484, x2554);
uint32_t x2596, uint8_t x2597 = addcarryx_u32(x2594, x2487, x2557);
uint32_t x2599, uint8_t x2600 = addcarryx_u32(x2597, x2490, x2560);
uint32_t x2602, uint8_t x2603 = addcarryx_u32(x2600, x2493, x2563);
uint32_t x2605, uint8_t x2606 = addcarryx_u32(x2603, x2496, x2566);
uint32_t x2608, uint8_t x2609 = addcarryx_u32(x2606, x2499, x2569);
uint32_t x2611, uint8_t x2612 = addcarryx_u32(x2609, x2502, x2572);
uint32_t x2614, uint8_t x2615 = addcarryx_u32(x2612, x2504, x2575);
uint32_t x2617, uint32_t _ = mulx_u32(x2578, Const 1869733397);
uint32_t x2620, uint32_t x2621 = mulx_u32(x2617, 0xfffffec3);
uint32_t x2623, uint32_t x2624 = mulx_u32(x2617, 0xffffffff);
uint32_t x2626, uint32_t x2627 = mulx_u32(x2617, 0xffffffff);
uint32_t x2629, uint32_t x2630 = mulx_u32(x2617, 0xffffffff);
uint32_t x2632, uint32_t x2633 = mulx_u32(x2617, 0xffffffff);
uint32_t x2635, uint32_t x2636 = mulx_u32(x2617, 0xffffffff);
uint32_t x2638, uint32_t x2639 = mulx_u32(x2617, 0xffffffff);
uint32_t x2641, uint32_t x2642 = mulx_u32(x2617, 0xffffffff);
uint32_t x2644, uint32_t x2645 = mulx_u32(x2617, 0xffffffff);
uint32_t x2647, uint32_t x2648 = mulx_u32(x2617, 0xffffffff);
uint32_t x2650, uint32_t x2651 = mulx_u32(x2617, 0xffffffff);
uint32_t x2653, uint32_t x2654 = mulx_u32(x2617, 0xffffffff);
uint32_t x2656, uint8_t x2657 = addcarryx_u32(0x0, x2621, x2623);
uint32_t x2659, uint8_t x2660 = addcarryx_u32(x2657, x2624, x2626);
uint32_t x2662, uint8_t x2663 = addcarryx_u32(x2660, x2627, x2629);
uint32_t x2665, uint8_t x2666 = addcarryx_u32(x2663, x2630, x2632);
uint32_t x2668, uint8_t x2669 = addcarryx_u32(x2666, x2633, x2635);
uint32_t x2671, uint8_t x2672 = addcarryx_u32(x2669, x2636, x2638);
uint32_t x2674, uint8_t x2675 = addcarryx_u32(x2672, x2639, x2641);
uint32_t x2677, uint8_t x2678 = addcarryx_u32(x2675, x2642, x2644);
uint32_t x2680, uint8_t x2681 = addcarryx_u32(x2678, x2645, x2647);
uint32_t x2683, uint8_t x2684 = addcarryx_u32(x2681, x2648, x2650);
uint32_t x2686, uint8_t x2687 = addcarryx_u32(x2684, x2651, x2653);
uint32_t x2689, uint8_t _ = addcarryx_u32(0x0, x2687, x2654);
uint32_t _, uint8_t x2693 = addcarryx_u32(0x0, x2578, x2620);
uint32_t x2695, uint8_t x2696 = addcarryx_u32(x2693, x2581, x2656);
uint32_t x2698, uint8_t x2699 = addcarryx_u32(x2696, x2584, x2659);
uint32_t x2701, uint8_t x2702 = addcarryx_u32(x2699, x2587, x2662);
uint32_t x2704, uint8_t x2705 = addcarryx_u32(x2702, x2590, x2665);
uint32_t x2707, uint8_t x2708 = addcarryx_u32(x2705, x2593, x2668);
uint32_t x2710, uint8_t x2711 = addcarryx_u32(x2708, x2596, x2671);
uint32_t x2713, uint8_t x2714 = addcarryx_u32(x2711, x2599, x2674);
uint32_t x2716, uint8_t x2717 = addcarryx_u32(x2714, x2602, x2677);
uint32_t x2719, uint8_t x2720 = addcarryx_u32(x2717, x2605, x2680);
uint32_t x2722, uint8_t x2723 = addcarryx_u32(x2720, x2608, x2683);
uint32_t x2725, uint8_t x2726 = addcarryx_u32(x2723, x2611, x2686);
uint32_t x2728, uint8_t x2729 = addcarryx_u32(x2726, x2614, x2689);
uint8_t x2730 = (x2729 + x2615);
uint32_t x2732, uint8_t x2733 = subborrow_u32(0x0, x2695, 0xfffffec3);
uint32_t x2735, uint8_t x2736 = subborrow_u32(x2733, x2698, 0xffffffff);
uint32_t x2738, uint8_t x2739 = subborrow_u32(x2736, x2701, 0xffffffff);
uint32_t x2741, uint8_t x2742 = subborrow_u32(x2739, x2704, 0xffffffff);
uint32_t x2744, uint8_t x2745 = subborrow_u32(x2742, x2707, 0xffffffff);
uint32_t x2747, uint8_t x2748 = subborrow_u32(x2745, x2710, 0xffffffff);
uint32_t x2750, uint8_t x2751 = subborrow_u32(x2748, x2713, 0xffffffff);
uint32_t x2753, uint8_t x2754 = subborrow_u32(x2751, x2716, 0xffffffff);
uint32_t x2756, uint8_t x2757 = subborrow_u32(x2754, x2719, 0xffffffff);
uint32_t x2759, uint8_t x2760 = subborrow_u32(x2757, x2722, 0xffffffff);
uint32_t x2762, uint8_t x2763 = subborrow_u32(x2760, x2725, 0xffffffff);
uint32_t x2765, uint8_t x2766 = subborrow_u32(x2763, x2728, 0xffffffff);
uint32_t _, uint8_t x2769 = subborrow_u32(x2766, x2730, 0x0);
(cmovznz32(x2769, x2765, x2728), cmovznz32(x2769, x2762, x2725), cmovznz32(x2769, x2759, x2722), cmovznz32(x2769, x2756, x2719), cmovznz32(x2769, x2753, x2716), cmovznz32(x2769, x2750, x2713), cmovznz32(x2769, x2747, x2710), cmovznz32(x2769, x2744, x2707), cmovznz32(x2769, x2741, x2704), cmovznz32(x2769, x2738, x2701), cmovznz32(x2769, x2735, x2698), cmovznz32(x2769, x2732, x2695))
     : ∀ var : Z.Syntax.base_type → Type, expr Z.Syntax.base_type Z.Syntax.op (uint32_t * uint32_t * uint32_t * uint32_t * uint32_t * uint32_t * uint32_t * uint32_t * uint32_t * uint32_t * uint32_t * uint32_t * (uint32_t * uint32_t * uint32_t * uint32_t * uint32_t * uint32_t * uint32_t * uint32_t * uint32_t * uint32_t * uint32_t * uint32_t) -> uint32_t * uint32_t * uint32_t * uint32_t * uint32_t * uint32_t * uint32_t * uint32_t * uint32_t * uint32_t * uint32_t * uint32_t)

Argument scope is [function_scope]
