mul = λ var : Z.Syntax.base_type → Type,
λ '(x38, x39, x37, x35, x33, x31, x29, x27, x25, x23, x21, x19, x17, x15, x13, x11, x9, x7, x5, x3, (x76, x77, x75, x73, x71, x69, x67, x65, x63, x61, x59, x57, x55, x53, x51, x49, x47, x45, x43, x41))%core,
uint64_t x78 = ((uint64_t)x38 * x76);
uint64_t x79 = (((uint64_t)x39 * x76) + ((uint64_t)x38 * x77));
uint64_t x80 = (((uint64_t)x37 * x76) + (((uint64_t)x39 * x77) + ((uint64_t)x38 * x75)));
uint64_t x81 = (((uint64_t)x35 * x76) + (((uint64_t)x37 * x77) + (((uint64_t)x39 * x75) + ((uint64_t)x38 * x73))));
uint64_t x82 = (((uint64_t)x33 * x76) + (((uint64_t)x35 * x77) + (((uint64_t)x37 * x75) + (((uint64_t)x39 * x73) + ((uint64_t)x38 * x71)))));
uint64_t x83 = (((uint64_t)x31 * x76) + (((uint64_t)x33 * x77) + (((uint64_t)x35 * x75) + (((uint64_t)x37 * x73) + (((uint64_t)x39 * x71) + ((uint64_t)x38 * x69))))));
uint64_t x84 = (((uint64_t)x29 * x76) + (((uint64_t)x31 * x77) + (((uint64_t)x33 * x75) + (((uint64_t)x35 * x73) + (((uint64_t)x37 * x71) + (((uint64_t)x39 * x69) + ((uint64_t)x38 * x67)))))));
uint64_t x85 = (((uint64_t)x27 * x76) + (((uint64_t)x29 * x77) + (((uint64_t)x31 * x75) + (((uint64_t)x33 * x73) + (((uint64_t)x35 * x71) + (((uint64_t)x37 * x69) + (((uint64_t)x39 * x67) + ((uint64_t)x38 * x65))))))));
uint64_t x86 = (((uint64_t)x25 * x76) + (((uint64_t)x27 * x77) + (((uint64_t)x29 * x75) + (((uint64_t)x31 * x73) + (((uint64_t)x33 * x71) + (((uint64_t)x35 * x69) + (((uint64_t)x37 * x67) + (((uint64_t)x39 * x65) + ((uint64_t)x38 * x63)))))))));
uint64_t x87 = (((uint64_t)x23 * x76) + (((uint64_t)x25 * x77) + (((uint64_t)x27 * x75) + (((uint64_t)x29 * x73) + (((uint64_t)x31 * x71) + (((uint64_t)x33 * x69) + (((uint64_t)x35 * x67) + (((uint64_t)x37 * x65) + (((uint64_t)x39 * x63) + ((uint64_t)x38 * x61))))))))));
uint64_t x88 = (((uint64_t)x21 * x76) + (((uint64_t)x23 * x77) + (((uint64_t)x25 * x75) + (((uint64_t)x27 * x73) + (((uint64_t)x29 * x71) + (((uint64_t)x31 * x69) + (((uint64_t)x33 * x67) + (((uint64_t)x35 * x65) + (((uint64_t)x37 * x63) + (((uint64_t)x39 * x61) + ((uint64_t)x38 * x59)))))))))));
uint64_t x89 = (((uint64_t)x19 * x76) + (((uint64_t)x21 * x77) + (((uint64_t)x23 * x75) + (((uint64_t)x25 * x73) + (((uint64_t)x27 * x71) + (((uint64_t)x29 * x69) + (((uint64_t)x31 * x67) + (((uint64_t)x33 * x65) + (((uint64_t)x35 * x63) + (((uint64_t)x37 * x61) + (((uint64_t)x39 * x59) + ((uint64_t)x38 * x57))))))))))));
uint64_t x90 = (((uint64_t)x17 * x76) + (((uint64_t)x19 * x77) + (((uint64_t)x21 * x75) + (((uint64_t)x23 * x73) + (((uint64_t)x25 * x71) + (((uint64_t)x27 * x69) + (((uint64_t)x29 * x67) + (((uint64_t)x31 * x65) + (((uint64_t)x33 * x63) + (((uint64_t)x35 * x61) + (((uint64_t)x37 * x59) + (((uint64_t)x39 * x57) + ((uint64_t)x38 * x55)))))))))))));
uint64_t x91 = (((uint64_t)x15 * x76) + (((uint64_t)x17 * x77) + (((uint64_t)x19 * x75) + (((uint64_t)x21 * x73) + (((uint64_t)x23 * x71) + (((uint64_t)x25 * x69) + (((uint64_t)x27 * x67) + (((uint64_t)x29 * x65) + (((uint64_t)x31 * x63) + (((uint64_t)x33 * x61) + (((uint64_t)x35 * x59) + (((uint64_t)x37 * x57) + (((uint64_t)x39 * x55) + ((uint64_t)x38 * x53))))))))))))));
uint64_t x92 = (((uint64_t)x13 * x76) + (((uint64_t)x15 * x77) + (((uint64_t)x17 * x75) + (((uint64_t)x19 * x73) + (((uint64_t)x21 * x71) + (((uint64_t)x23 * x69) + (((uint64_t)x25 * x67) + (((uint64_t)x27 * x65) + (((uint64_t)x29 * x63) + (((uint64_t)x31 * x61) + (((uint64_t)x33 * x59) + (((uint64_t)x35 * x57) + (((uint64_t)x37 * x55) + (((uint64_t)x39 * x53) + ((uint64_t)x38 * x51)))))))))))))));
uint64_t x93 = (((uint64_t)x11 * x76) + (((uint64_t)x13 * x77) + (((uint64_t)x15 * x75) + (((uint64_t)x17 * x73) + (((uint64_t)x19 * x71) + (((uint64_t)x21 * x69) + (((uint64_t)x23 * x67) + (((uint64_t)x25 * x65) + (((uint64_t)x27 * x63) + (((uint64_t)x29 * x61) + (((uint64_t)x31 * x59) + (((uint64_t)x33 * x57) + (((uint64_t)x35 * x55) + (((uint64_t)x37 * x53) + (((uint64_t)x39 * x51) + ((uint64_t)x38 * x49))))))))))))))));
uint64_t x94 = (((uint64_t)x9 * x76) + (((uint64_t)x11 * x77) + (((uint64_t)x13 * x75) + (((uint64_t)x15 * x73) + (((uint64_t)x17 * x71) + (((uint64_t)x19 * x69) + (((uint64_t)x21 * x67) + (((uint64_t)x23 * x65) + (((uint64_t)x25 * x63) + (((uint64_t)x27 * x61) + (((uint64_t)x29 * x59) + (((uint64_t)x31 * x57) + (((uint64_t)x33 * x55) + (((uint64_t)x35 * x53) + (((uint64_t)x37 * x51) + (((uint64_t)x39 * x49) + ((uint64_t)x38 * x47)))))))))))))))));
uint64_t x95 = (((uint64_t)x7 * x76) + (((uint64_t)x9 * x77) + (((uint64_t)x11 * x75) + (((uint64_t)x13 * x73) + (((uint64_t)x15 * x71) + (((uint64_t)x17 * x69) + (((uint64_t)x19 * x67) + (((uint64_t)x21 * x65) + (((uint64_t)x23 * x63) + (((uint64_t)x25 * x61) + (((uint64_t)x27 * x59) + (((uint64_t)x29 * x57) + (((uint64_t)x31 * x55) + (((uint64_t)x33 * x53) + (((uint64_t)x35 * x51) + (((uint64_t)x37 * x49) + (((uint64_t)x39 * x47) + ((uint64_t)x38 * x45))))))))))))))))));
uint64_t x96 = ((0x2 * ((uint64_t)x5 * x76)) + ((0x2 * ((uint64_t)x7 * x77)) + ((0x2 * ((uint64_t)x9 * x75)) + ((0x2 * ((uint64_t)x11 * x73)) + ((0x2 * ((uint64_t)x13 * x71)) + ((0x2 * ((uint64_t)x15 * x69)) + ((0x2 * ((uint64_t)x17 * x67)) + ((0x2 * ((uint64_t)x19 * x65)) + ((0x2 * ((uint64_t)x21 * x63)) + ((0x2 * ((uint64_t)x23 * x61)) + ((0x2 * ((uint64_t)x25 * x59)) + ((0x2 * ((uint64_t)x27 * x57)) + ((0x2 * ((uint64_t)x29 * x55)) + ((0x2 * ((uint64_t)x31 * x53)) + ((0x2 * ((uint64_t)x33 * x51)) + ((0x2 * ((uint64_t)x35 * x49)) + ((0x2 * ((uint64_t)x37 * x47)) + ((0x2 * ((uint64_t)x39 * x45)) + (0x2 * ((uint64_t)x38 * x43))))))))))))))))))));
uint64_t x97 = (((uint64_t)x3 * x76) + ((0x2 * ((uint64_t)x5 * x77)) + ((0x2 * ((uint64_t)x7 * x75)) + ((0x2 * ((uint64_t)x9 * x73)) + ((0x2 * ((uint64_t)x11 * x71)) + ((0x2 * ((uint64_t)x13 * x69)) + ((0x2 * ((uint64_t)x15 * x67)) + ((0x2 * ((uint64_t)x17 * x65)) + ((0x2 * ((uint64_t)x19 * x63)) + ((0x2 * ((uint64_t)x21 * x61)) + ((0x2 * ((uint64_t)x23 * x59)) + ((0x2 * ((uint64_t)x25 * x57)) + ((0x2 * ((uint64_t)x27 * x55)) + ((0x2 * ((uint64_t)x29 * x53)) + ((0x2 * ((uint64_t)x31 * x51)) + ((0x2 * ((uint64_t)x33 * x49)) + ((0x2 * ((uint64_t)x35 * x47)) + ((0x2 * ((uint64_t)x37 * x45)) + ((0x2 * ((uint64_t)x39 * x43)) + ((uint64_t)x38 * x41))))))))))))))))))));
uint64_t x98 = (((uint64_t)x3 * x77) + ((0x2 * ((uint64_t)x5 * x75)) + ((0x2 * ((uint64_t)x7 * x73)) + ((0x2 * ((uint64_t)x9 * x71)) + ((0x2 * ((uint64_t)x11 * x69)) + ((0x2 * ((uint64_t)x13 * x67)) + ((0x2 * ((uint64_t)x15 * x65)) + ((0x2 * ((uint64_t)x17 * x63)) + ((0x2 * ((uint64_t)x19 * x61)) + ((0x2 * ((uint64_t)x21 * x59)) + ((0x2 * ((uint64_t)x23 * x57)) + ((0x2 * ((uint64_t)x25 * x55)) + ((0x2 * ((uint64_t)x27 * x53)) + ((0x2 * ((uint64_t)x29 * x51)) + ((0x2 * ((uint64_t)x31 * x49)) + ((0x2 * ((uint64_t)x33 * x47)) + ((0x2 * ((uint64_t)x35 * x45)) + ((0x2 * ((uint64_t)x37 * x43)) + ((uint64_t)x39 * x41)))))))))))))))))));
uint64_t x99 = (((uint64_t)x3 * x75) + ((0x2 * ((uint64_t)x5 * x73)) + ((0x2 * ((uint64_t)x7 * x71)) + ((0x2 * ((uint64_t)x9 * x69)) + ((0x2 * ((uint64_t)x11 * x67)) + ((0x2 * ((uint64_t)x13 * x65)) + ((0x2 * ((uint64_t)x15 * x63)) + ((0x2 * ((uint64_t)x17 * x61)) + ((0x2 * ((uint64_t)x19 * x59)) + ((0x2 * ((uint64_t)x21 * x57)) + ((0x2 * ((uint64_t)x23 * x55)) + ((0x2 * ((uint64_t)x25 * x53)) + ((0x2 * ((uint64_t)x27 * x51)) + ((0x2 * ((uint64_t)x29 * x49)) + ((0x2 * ((uint64_t)x31 * x47)) + ((0x2 * ((uint64_t)x33 * x45)) + ((0x2 * ((uint64_t)x35 * x43)) + ((uint64_t)x37 * x41))))))))))))))))));
uint64_t x100 = (((uint64_t)x3 * x73) + ((0x2 * ((uint64_t)x5 * x71)) + ((0x2 * ((uint64_t)x7 * x69)) + ((0x2 * ((uint64_t)x9 * x67)) + ((0x2 * ((uint64_t)x11 * x65)) + ((0x2 * ((uint64_t)x13 * x63)) + ((0x2 * ((uint64_t)x15 * x61)) + ((0x2 * ((uint64_t)x17 * x59)) + ((0x2 * ((uint64_t)x19 * x57)) + ((0x2 * ((uint64_t)x21 * x55)) + ((0x2 * ((uint64_t)x23 * x53)) + ((0x2 * ((uint64_t)x25 * x51)) + ((0x2 * ((uint64_t)x27 * x49)) + ((0x2 * ((uint64_t)x29 * x47)) + ((0x2 * ((uint64_t)x31 * x45)) + ((0x2 * ((uint64_t)x33 * x43)) + ((uint64_t)x35 * x41)))))))))))))))));
uint64_t x101 = (((uint64_t)x3 * x71) + ((0x2 * ((uint64_t)x5 * x69)) + ((0x2 * ((uint64_t)x7 * x67)) + ((0x2 * ((uint64_t)x9 * x65)) + ((0x2 * ((uint64_t)x11 * x63)) + ((0x2 * ((uint64_t)x13 * x61)) + ((0x2 * ((uint64_t)x15 * x59)) + ((0x2 * ((uint64_t)x17 * x57)) + ((0x2 * ((uint64_t)x19 * x55)) + ((0x2 * ((uint64_t)x21 * x53)) + ((0x2 * ((uint64_t)x23 * x51)) + ((0x2 * ((uint64_t)x25 * x49)) + ((0x2 * ((uint64_t)x27 * x47)) + ((0x2 * ((uint64_t)x29 * x45)) + ((0x2 * ((uint64_t)x31 * x43)) + ((uint64_t)x33 * x41))))))))))))))));
uint64_t x102 = (((uint64_t)x3 * x69) + ((0x2 * ((uint64_t)x5 * x67)) + ((0x2 * ((uint64_t)x7 * x65)) + ((0x2 * ((uint64_t)x9 * x63)) + ((0x2 * ((uint64_t)x11 * x61)) + ((0x2 * ((uint64_t)x13 * x59)) + ((0x2 * ((uint64_t)x15 * x57)) + ((0x2 * ((uint64_t)x17 * x55)) + ((0x2 * ((uint64_t)x19 * x53)) + ((0x2 * ((uint64_t)x21 * x51)) + ((0x2 * ((uint64_t)x23 * x49)) + ((0x2 * ((uint64_t)x25 * x47)) + ((0x2 * ((uint64_t)x27 * x45)) + ((0x2 * ((uint64_t)x29 * x43)) + ((uint64_t)x31 * x41)))))))))))))));
uint64_t x103 = (((uint64_t)x3 * x67) + ((0x2 * ((uint64_t)x5 * x65)) + ((0x2 * ((uint64_t)x7 * x63)) + ((0x2 * ((uint64_t)x9 * x61)) + ((0x2 * ((uint64_t)x11 * x59)) + ((0x2 * ((uint64_t)x13 * x57)) + ((0x2 * ((uint64_t)x15 * x55)) + ((0x2 * ((uint64_t)x17 * x53)) + ((0x2 * ((uint64_t)x19 * x51)) + ((0x2 * ((uint64_t)x21 * x49)) + ((0x2 * ((uint64_t)x23 * x47)) + ((0x2 * ((uint64_t)x25 * x45)) + ((0x2 * ((uint64_t)x27 * x43)) + ((uint64_t)x29 * x41))))))))))))));
uint64_t x104 = (((uint64_t)x3 * x65) + ((0x2 * ((uint64_t)x5 * x63)) + ((0x2 * ((uint64_t)x7 * x61)) + ((0x2 * ((uint64_t)x9 * x59)) + ((0x2 * ((uint64_t)x11 * x57)) + ((0x2 * ((uint64_t)x13 * x55)) + ((0x2 * ((uint64_t)x15 * x53)) + ((0x2 * ((uint64_t)x17 * x51)) + ((0x2 * ((uint64_t)x19 * x49)) + ((0x2 * ((uint64_t)x21 * x47)) + ((0x2 * ((uint64_t)x23 * x45)) + ((0x2 * ((uint64_t)x25 * x43)) + ((uint64_t)x27 * x41)))))))))))));
uint64_t x105 = (((uint64_t)x3 * x63) + ((0x2 * ((uint64_t)x5 * x61)) + ((0x2 * ((uint64_t)x7 * x59)) + ((0x2 * ((uint64_t)x9 * x57)) + ((0x2 * ((uint64_t)x11 * x55)) + ((0x2 * ((uint64_t)x13 * x53)) + ((0x2 * ((uint64_t)x15 * x51)) + ((0x2 * ((uint64_t)x17 * x49)) + ((0x2 * ((uint64_t)x19 * x47)) + ((0x2 * ((uint64_t)x21 * x45)) + ((0x2 * ((uint64_t)x23 * x43)) + ((uint64_t)x25 * x41))))))))))));
uint64_t x106 = (((uint64_t)x3 * x61) + ((0x2 * ((uint64_t)x5 * x59)) + ((0x2 * ((uint64_t)x7 * x57)) + ((0x2 * ((uint64_t)x9 * x55)) + ((0x2 * ((uint64_t)x11 * x53)) + ((0x2 * ((uint64_t)x13 * x51)) + ((0x2 * ((uint64_t)x15 * x49)) + ((0x2 * ((uint64_t)x17 * x47)) + ((0x2 * ((uint64_t)x19 * x45)) + ((0x2 * ((uint64_t)x21 * x43)) + ((uint64_t)x23 * x41)))))))))));
uint64_t x107 = (((uint64_t)x3 * x59) + ((0x2 * ((uint64_t)x5 * x57)) + ((0x2 * ((uint64_t)x7 * x55)) + ((0x2 * ((uint64_t)x9 * x53)) + ((0x2 * ((uint64_t)x11 * x51)) + ((0x2 * ((uint64_t)x13 * x49)) + ((0x2 * ((uint64_t)x15 * x47)) + ((0x2 * ((uint64_t)x17 * x45)) + ((0x2 * ((uint64_t)x19 * x43)) + ((uint64_t)x21 * x41))))))))));
uint64_t x108 = (((uint64_t)x3 * x57) + ((0x2 * ((uint64_t)x5 * x55)) + ((0x2 * ((uint64_t)x7 * x53)) + ((0x2 * ((uint64_t)x9 * x51)) + ((0x2 * ((uint64_t)x11 * x49)) + ((0x2 * ((uint64_t)x13 * x47)) + ((0x2 * ((uint64_t)x15 * x45)) + ((0x2 * ((uint64_t)x17 * x43)) + ((uint64_t)x19 * x41)))))))));
uint64_t x109 = (((uint64_t)x3 * x55) + ((0x2 * ((uint64_t)x5 * x53)) + ((0x2 * ((uint64_t)x7 * x51)) + ((0x2 * ((uint64_t)x9 * x49)) + ((0x2 * ((uint64_t)x11 * x47)) + ((0x2 * ((uint64_t)x13 * x45)) + ((0x2 * ((uint64_t)x15 * x43)) + ((uint64_t)x17 * x41))))))));
uint64_t x110 = (((uint64_t)x3 * x53) + ((0x2 * ((uint64_t)x5 * x51)) + ((0x2 * ((uint64_t)x7 * x49)) + ((0x2 * ((uint64_t)x9 * x47)) + ((0x2 * ((uint64_t)x11 * x45)) + ((0x2 * ((uint64_t)x13 * x43)) + ((uint64_t)x15 * x41)))))));
uint64_t x111 = (((uint64_t)x3 * x51) + ((0x2 * ((uint64_t)x5 * x49)) + ((0x2 * ((uint64_t)x7 * x47)) + ((0x2 * ((uint64_t)x9 * x45)) + ((0x2 * ((uint64_t)x11 * x43)) + ((uint64_t)x13 * x41))))));
uint64_t x112 = (((uint64_t)x3 * x49) + ((0x2 * ((uint64_t)x5 * x47)) + ((0x2 * ((uint64_t)x7 * x45)) + ((0x2 * ((uint64_t)x9 * x43)) + ((uint64_t)x11 * x41)))));
uint64_t x113 = (((uint64_t)x3 * x47) + ((0x2 * ((uint64_t)x5 * x45)) + ((0x2 * ((uint64_t)x7 * x43)) + ((uint64_t)x9 * x41))));
uint64_t x114 = (((uint64_t)x3 * x45) + ((0x2 * ((uint64_t)x5 * x43)) + ((uint64_t)x7 * x41)));
uint64_t x115 = (((uint64_t)x3 * x43) + ((uint64_t)x5 * x41));
uint64_t x116 = ((uint64_t)x3 * x41);
uint64_t x117 = (x98 + x78);
uint64_t x118 = (x99 + x79);
uint64_t x119 = (x100 + x80);
uint64_t x120 = (x101 + x81);
uint64_t x121 = (x102 + x82);
uint64_t x122 = (x103 + x83);
uint64_t x123 = (x104 + x84);
uint64_t x124 = (x105 + x85);
uint64_t x125 = (x106 + x86);
uint64_t x126 = (x107 + x87);
uint64_t x127 = (x108 + x88);
uint64_t x128 = (x109 + x89);
uint64_t x129 = (x110 + x90);
uint64_t x130 = (x111 + x91);
uint64_t x131 = (x112 + x92);
uint64_t x132 = (x113 + x93);
uint64_t x133 = (x114 + x94);
uint64_t x134 = (x115 + x95);
uint64_t x135 = (x116 + x96);
uint64_t x136 = (x135 >> 0x1b);
uint32_t x137 = ((uint32_t)x135 & 0x7ffffff);
uint64_t x138 = (x136 + x134);
uint64_t x139 = (x138 >> 0x1a);
uint32_t x140 = ((uint32_t)x138 & 0x3ffffff);
uint64_t x141 = (x139 + x133);
uint64_t x142 = (x141 >> 0x1a);
uint32_t x143 = ((uint32_t)x141 & 0x3ffffff);
uint64_t x144 = (x142 + x132);
uint64_t x145 = (x144 >> 0x1a);
uint32_t x146 = ((uint32_t)x144 & 0x3ffffff);
uint64_t x147 = (x145 + x131);
uint64_t x148 = (x147 >> 0x1a);
uint32_t x149 = ((uint32_t)x147 & 0x3ffffff);
uint64_t x150 = (x148 + x130);
uint64_t x151 = (x150 >> 0x1a);
uint32_t x152 = ((uint32_t)x150 & 0x3ffffff);
uint64_t x153 = (x151 + x129);
uint64_t x154 = (x153 >> 0x1a);
uint32_t x155 = ((uint32_t)x153 & 0x3ffffff);
uint64_t x156 = (x154 + x128);
uint64_t x157 = (x156 >> 0x1a);
uint32_t x158 = ((uint32_t)x156 & 0x3ffffff);
uint64_t x159 = (x157 + x127);
uint64_t x160 = (x159 >> 0x1a);
uint32_t x161 = ((uint32_t)x159 & 0x3ffffff);
uint64_t x162 = (x160 + x126);
uint64_t x163 = (x162 >> 0x1a);
uint32_t x164 = ((uint32_t)x162 & 0x3ffffff);
uint64_t x165 = (x163 + x125);
uint64_t x166 = (x165 >> 0x1a);
uint32_t x167 = ((uint32_t)x165 & 0x3ffffff);
uint64_t x168 = (x166 + x124);
uint64_t x169 = (x168 >> 0x1a);
uint32_t x170 = ((uint32_t)x168 & 0x3ffffff);
uint64_t x171 = (x169 + x123);
uint64_t x172 = (x171 >> 0x1a);
uint32_t x173 = ((uint32_t)x171 & 0x3ffffff);
uint64_t x174 = (x172 + x122);
uint64_t x175 = (x174 >> 0x1a);
uint32_t x176 = ((uint32_t)x174 & 0x3ffffff);
uint64_t x177 = (x175 + x121);
uint64_t x178 = (x177 >> 0x1a);
uint32_t x179 = ((uint32_t)x177 & 0x3ffffff);
uint64_t x180 = (x178 + x120);
uint64_t x181 = (x180 >> 0x1a);
uint32_t x182 = ((uint32_t)x180 & 0x3ffffff);
uint64_t x183 = (x181 + x119);
uint64_t x184 = (x183 >> 0x1a);
uint32_t x185 = ((uint32_t)x183 & 0x3ffffff);
uint64_t x186 = (x184 + x118);
uint64_t x187 = (x186 >> 0x1a);
uint32_t x188 = ((uint32_t)x186 & 0x3ffffff);
uint64_t x189 = (x187 + x117);
uint64_t x190 = (x189 >> 0x1a);
uint32_t x191 = ((uint32_t)x189 & 0x3ffffff);
uint64_t x192 = (x190 + x97);
uint64_t x193 = (x192 >> 0x1a);
uint32_t x194 = ((uint32_t)x192 & 0x3ffffff);
uint64_t x195 = (x137 + x193);
uint32_t x196 = (uint32_t) (x195 >> 0x1b);
uint32_t x197 = ((uint32_t)x195 & 0x7ffffff);
uint32_t x198 = (x196 + x140);
uint32_t x199 = (x198 >> 0x1a);
uint32_t x200 = (x198 & 0x3ffffff);
return (Return x194, Return x191, Return x188, Return x185, Return x182, Return x179, Return x176, Return x173, Return x170, Return x167, Return x164, Return x161, Return x158, Return x155, Return x152, Return x149, Return x146, (x199 + x143), Return x200, Return x197)
     : ∀ var : Z.Syntax.base_type → Type, expr Z.Syntax.base_type Z.Syntax.op (uint32_t * uint32_t * uint32_t * uint32_t * uint32_t * uint32_t * uint32_t * uint32_t * uint32_t * uint32_t * uint32_t * uint32_t * uint32_t * uint32_t * uint32_t * uint32_t * uint32_t * uint32_t * uint32_t * uint32_t * (uint32_t * uint32_t * uint32_t * uint32_t * uint32_t * uint32_t * uint32_t * uint32_t * uint32_t * uint32_t * uint32_t * uint32_t * uint32_t * uint32_t * uint32_t * uint32_t * uint32_t * uint32_t * uint32_t * uint32_t) -> uint32_t * uint32_t * uint32_t * uint32_t * uint32_t * uint32_t * uint32_t * uint32_t * uint32_t * uint32_t * uint32_t * uint32_t * uint32_t * uint32_t * uint32_t * uint32_t * uint32_t * uint32_t * uint32_t * uint32_t)

Argument scope is [function_scope]
