freeze = λ var : Z.Syntax.base_type → Type,
λ '(x36, x37, x35, x33, x31, x29, x27, x25, x23, x21, x19, x17, x15, x13, x11, x9, x7, x5, x3, x1)%core,
uint32_t x39, uint32_t x40 = Op (Z.Syntax.SubWithGetBorrow 27 (Syntax.TWord 5) (Syntax.TWord 5) (Syntax.TWord 5) (Syntax.TWord 5) (Syntax.TWord 5)) (0x0, Return x1, 0x7ffffff);
uint32_t x42, uint32_t x43 = Op (Z.Syntax.SubWithGetBorrow 26 (Syntax.TWord 5) (Syntax.TWord 5) (Syntax.TWord 5) (Syntax.TWord 5) (Syntax.TWord 5)) (Return x40, Return x3, 0x3ffffff);
uint32_t x45, uint32_t x46 = Op (Z.Syntax.SubWithGetBorrow 26 (Syntax.TWord 5) (Syntax.TWord 5) (Syntax.TWord 5) (Syntax.TWord 5) (Syntax.TWord 5)) (Return x43, Return x5, 0x3ffffff);
uint32_t x48, uint32_t x49 = Op (Z.Syntax.SubWithGetBorrow 26 (Syntax.TWord 5) (Syntax.TWord 5) (Syntax.TWord 5) (Syntax.TWord 5) (Syntax.TWord 5)) (Return x46, Return x7, 0x3ffffff);
uint32_t x51, uint32_t x52 = Op (Z.Syntax.SubWithGetBorrow 26 (Syntax.TWord 5) (Syntax.TWord 5) (Syntax.TWord 5) (Syntax.TWord 5) (Syntax.TWord 5)) (Return x49, Return x9, 0x3ffffff);
uint32_t x54, uint32_t x55 = Op (Z.Syntax.SubWithGetBorrow 26 (Syntax.TWord 5) (Syntax.TWord 5) (Syntax.TWord 5) (Syntax.TWord 5) (Syntax.TWord 5)) (Return x52, Return x11, 0x3ffffff);
uint32_t x57, uint32_t x58 = Op (Z.Syntax.SubWithGetBorrow 26 (Syntax.TWord 5) (Syntax.TWord 5) (Syntax.TWord 5) (Syntax.TWord 5) (Syntax.TWord 5)) (Return x55, Return x13, 0x3ffffff);
uint32_t x60, uint32_t x61 = Op (Z.Syntax.SubWithGetBorrow 26 (Syntax.TWord 5) (Syntax.TWord 5) (Syntax.TWord 5) (Syntax.TWord 5) (Syntax.TWord 5)) (Return x58, Return x15, 0x3ffffff);
uint32_t x63, uint32_t x64 = Op (Z.Syntax.SubWithGetBorrow 26 (Syntax.TWord 5) (Syntax.TWord 5) (Syntax.TWord 5) (Syntax.TWord 5) (Syntax.TWord 5)) (Return x61, Return x17, 0x3ffffff);
uint32_t x66, uint32_t x67 = Op (Z.Syntax.SubWithGetBorrow 26 (Syntax.TWord 5) (Syntax.TWord 5) (Syntax.TWord 5) (Syntax.TWord 5) (Syntax.TWord 5)) (Return x64, Return x19, 0x3ffffff);
uint32_t x69, uint32_t x70 = Op (Z.Syntax.SubWithGetBorrow 26 (Syntax.TWord 5) (Syntax.TWord 5) (Syntax.TWord 5) (Syntax.TWord 5) (Syntax.TWord 5)) (Return x67, Return x21, 0x3ffffff);
uint32_t x72, uint32_t x73 = Op (Z.Syntax.SubWithGetBorrow 26 (Syntax.TWord 5) (Syntax.TWord 5) (Syntax.TWord 5) (Syntax.TWord 5) (Syntax.TWord 5)) (Return x70, Return x23, 0x3ffffff);
uint32_t x75, uint32_t x76 = Op (Z.Syntax.SubWithGetBorrow 26 (Syntax.TWord 5) (Syntax.TWord 5) (Syntax.TWord 5) (Syntax.TWord 5) (Syntax.TWord 5)) (Return x73, Return x25, 0x3ffffff);
uint32_t x78, uint32_t x79 = Op (Z.Syntax.SubWithGetBorrow 26 (Syntax.TWord 5) (Syntax.TWord 5) (Syntax.TWord 5) (Syntax.TWord 5) (Syntax.TWord 5)) (Return x76, Return x27, 0x3ffffff);
uint32_t x81, uint32_t x82 = Op (Z.Syntax.SubWithGetBorrow 26 (Syntax.TWord 5) (Syntax.TWord 5) (Syntax.TWord 5) (Syntax.TWord 5) (Syntax.TWord 5)) (Return x79, Return x29, 0x3ffffff);
uint32_t x84, uint32_t x85 = Op (Z.Syntax.SubWithGetBorrow 26 (Syntax.TWord 5) (Syntax.TWord 5) (Syntax.TWord 5) (Syntax.TWord 5) (Syntax.TWord 5)) (Return x82, Return x31, 0x3ffffff);
uint32_t x87, uint32_t x88 = Op (Z.Syntax.SubWithGetBorrow 26 (Syntax.TWord 5) (Syntax.TWord 5) (Syntax.TWord 5) (Syntax.TWord 5) (Syntax.TWord 5)) (Return x85, Return x33, 0x3ffffff);
uint32_t x90, uint32_t x91 = Op (Z.Syntax.SubWithGetBorrow 26 (Syntax.TWord 5) (Syntax.TWord 5) (Syntax.TWord 5) (Syntax.TWord 5) (Syntax.TWord 5)) (Return x88, Return x35, 0x3ffffff);
uint32_t x93, uint32_t x94 = Op (Z.Syntax.SubWithGetBorrow 26 (Syntax.TWord 5) (Syntax.TWord 5) (Syntax.TWord 5) (Syntax.TWord 5) (Syntax.TWord 5)) (Return x91, Return x37, 0x3ffffff);
uint32_t x96, uint32_t x97 = Op (Z.Syntax.SubWithGetBorrow 26 (Syntax.TWord 5) (Syntax.TWord 5) (Syntax.TWord 5) (Syntax.TWord 5) (Syntax.TWord 5)) (Return x94, Return x36, 0x3ffffff);
uint32_t x98 = cmovznz32(x97, 0x0, 0xffffffff);
uint32_t x99 = (x98 & 0x7ffffff);
uint32_t x101, uint32_t x102 = Op (Z.Syntax.AddWithGetCarry 27 (Syntax.TWord 5) (Syntax.TWord 5) (Syntax.TWord 5) (Syntax.TWord 5) (Syntax.TWord 5)) (0x0, Return x39, Return x99);
uint32_t x103 = (x98 & 0x3ffffff);
uint32_t x105, uint32_t x106 = Op (Z.Syntax.AddWithGetCarry 26 (Syntax.TWord 5) (Syntax.TWord 5) (Syntax.TWord 5) (Syntax.TWord 5) (Syntax.TWord 5)) (Return x102, Return x42, Return x103);
uint32_t x107 = (x98 & 0x3ffffff);
uint32_t x109, uint32_t x110 = Op (Z.Syntax.AddWithGetCarry 26 (Syntax.TWord 5) (Syntax.TWord 5) (Syntax.TWord 5) (Syntax.TWord 5) (Syntax.TWord 5)) (Return x106, Return x45, Return x107);
uint32_t x111 = (x98 & 0x3ffffff);
uint32_t x113, uint32_t x114 = Op (Z.Syntax.AddWithGetCarry 26 (Syntax.TWord 5) (Syntax.TWord 5) (Syntax.TWord 5) (Syntax.TWord 5) (Syntax.TWord 5)) (Return x110, Return x48, Return x111);
uint32_t x115 = (x98 & 0x3ffffff);
uint32_t x117, uint32_t x118 = Op (Z.Syntax.AddWithGetCarry 26 (Syntax.TWord 5) (Syntax.TWord 5) (Syntax.TWord 5) (Syntax.TWord 5) (Syntax.TWord 5)) (Return x114, Return x51, Return x115);
uint32_t x119 = (x98 & 0x3ffffff);
uint32_t x121, uint32_t x122 = Op (Z.Syntax.AddWithGetCarry 26 (Syntax.TWord 5) (Syntax.TWord 5) (Syntax.TWord 5) (Syntax.TWord 5) (Syntax.TWord 5)) (Return x118, Return x54, Return x119);
uint32_t x123 = (x98 & 0x3ffffff);
uint32_t x125, uint32_t x126 = Op (Z.Syntax.AddWithGetCarry 26 (Syntax.TWord 5) (Syntax.TWord 5) (Syntax.TWord 5) (Syntax.TWord 5) (Syntax.TWord 5)) (Return x122, Return x57, Return x123);
uint32_t x127 = (x98 & 0x3ffffff);
uint32_t x129, uint32_t x130 = Op (Z.Syntax.AddWithGetCarry 26 (Syntax.TWord 5) (Syntax.TWord 5) (Syntax.TWord 5) (Syntax.TWord 5) (Syntax.TWord 5)) (Return x126, Return x60, Return x127);
uint32_t x131 = (x98 & 0x3ffffff);
uint32_t x133, uint32_t x134 = Op (Z.Syntax.AddWithGetCarry 26 (Syntax.TWord 5) (Syntax.TWord 5) (Syntax.TWord 5) (Syntax.TWord 5) (Syntax.TWord 5)) (Return x130, Return x63, Return x131);
uint32_t x135 = (x98 & 0x3ffffff);
uint32_t x137, uint32_t x138 = Op (Z.Syntax.AddWithGetCarry 26 (Syntax.TWord 5) (Syntax.TWord 5) (Syntax.TWord 5) (Syntax.TWord 5) (Syntax.TWord 5)) (Return x134, Return x66, Return x135);
uint32_t x139 = (x98 & 0x3ffffff);
uint32_t x141, uint32_t x142 = Op (Z.Syntax.AddWithGetCarry 26 (Syntax.TWord 5) (Syntax.TWord 5) (Syntax.TWord 5) (Syntax.TWord 5) (Syntax.TWord 5)) (Return x138, Return x69, Return x139);
uint32_t x143 = (x98 & 0x3ffffff);
uint32_t x145, uint32_t x146 = Op (Z.Syntax.AddWithGetCarry 26 (Syntax.TWord 5) (Syntax.TWord 5) (Syntax.TWord 5) (Syntax.TWord 5) (Syntax.TWord 5)) (Return x142, Return x72, Return x143);
uint32_t x147 = (x98 & 0x3ffffff);
uint32_t x149, uint32_t x150 = Op (Z.Syntax.AddWithGetCarry 26 (Syntax.TWord 5) (Syntax.TWord 5) (Syntax.TWord 5) (Syntax.TWord 5) (Syntax.TWord 5)) (Return x146, Return x75, Return x147);
uint32_t x151 = (x98 & 0x3ffffff);
uint32_t x153, uint32_t x154 = Op (Z.Syntax.AddWithGetCarry 26 (Syntax.TWord 5) (Syntax.TWord 5) (Syntax.TWord 5) (Syntax.TWord 5) (Syntax.TWord 5)) (Return x150, Return x78, Return x151);
uint32_t x155 = (x98 & 0x3ffffff);
uint32_t x157, uint32_t x158 = Op (Z.Syntax.AddWithGetCarry 26 (Syntax.TWord 5) (Syntax.TWord 5) (Syntax.TWord 5) (Syntax.TWord 5) (Syntax.TWord 5)) (Return x154, Return x81, Return x155);
uint32_t x159 = (x98 & 0x3ffffff);
uint32_t x161, uint32_t x162 = Op (Z.Syntax.AddWithGetCarry 26 (Syntax.TWord 5) (Syntax.TWord 5) (Syntax.TWord 5) (Syntax.TWord 5) (Syntax.TWord 5)) (Return x158, Return x84, Return x159);
uint32_t x163 = (x98 & 0x3ffffff);
uint32_t x165, uint32_t x166 = Op (Z.Syntax.AddWithGetCarry 26 (Syntax.TWord 5) (Syntax.TWord 5) (Syntax.TWord 5) (Syntax.TWord 5) (Syntax.TWord 5)) (Return x162, Return x87, Return x163);
uint32_t x167 = (x98 & 0x3ffffff);
uint32_t x169, uint32_t x170 = Op (Z.Syntax.AddWithGetCarry 26 (Syntax.TWord 5) (Syntax.TWord 5) (Syntax.TWord 5) (Syntax.TWord 5) (Syntax.TWord 5)) (Return x166, Return x90, Return x167);
uint32_t x171 = (x98 & 0x3ffffff);
uint32_t x173, uint32_t x174 = Op (Z.Syntax.AddWithGetCarry 26 (Syntax.TWord 5) (Syntax.TWord 5) (Syntax.TWord 5) (Syntax.TWord 5) (Syntax.TWord 5)) (Return x170, Return x93, Return x171);
uint32_t x175 = (x98 & 0x3ffffff);
uint32_t x177, uint32_t _ = Op (Z.Syntax.AddWithGetCarry 26 (Syntax.TWord 5) (Syntax.TWord 5) (Syntax.TWord 5) (Syntax.TWord 5) (Syntax.TWord 5)) (Return x174, Return x96, Return x175);
(Return x177, Return x173, Return x169, Return x165, Return x161, Return x157, Return x153, Return x149, Return x145, Return x141, Return x137, Return x133, Return x129, Return x125, Return x121, Return x117, Return x113, Return x109, Return x105, Return x101)
     : ∀ var : Z.Syntax.base_type → Type, expr Z.Syntax.base_type Z.Syntax.op (uint32_t * uint32_t * uint32_t * uint32_t * uint32_t * uint32_t * uint32_t * uint32_t * uint32_t * uint32_t * uint32_t * uint32_t * uint32_t * uint32_t * uint32_t * uint32_t * uint32_t * uint32_t * uint32_t * uint32_t -> uint32_t * uint32_t * uint32_t * uint32_t * uint32_t * uint32_t * uint32_t * uint32_t * uint32_t * uint32_t * uint32_t * uint32_t * uint32_t * uint32_t * uint32_t * uint32_t * uint32_t * uint32_t * uint32_t * uint32_t)

Argument scope is [function_scope]
