mul = λ var : Z.Syntax.base_type → Type,
λ '(x24, x25, x23, x21, x19, x17, x15, x13, x11, x9, x7, x5, x3, (x48, x49, x47, x45, x43, x41, x39, x37, x35, x33, x31, x29, x27))%core,
uint32_t x51, uint32_t x52 = mulx_u32(x3, x27);
uint32_t x54, uint32_t x55 = mulx_u32(x3, x29);
uint32_t x57, uint32_t x58 = mulx_u32(x3, x31);
uint32_t x60, uint32_t x61 = mulx_u32(x3, x33);
uint32_t x63, uint32_t x64 = mulx_u32(x3, x35);
uint32_t x66, uint32_t x67 = mulx_u32(x3, x37);
uint32_t x69, uint32_t x70 = mulx_u32(x3, x39);
uint32_t x72, uint32_t x73 = mulx_u32(x3, x41);
uint32_t x75, uint32_t x76 = mulx_u32(x3, x43);
uint32_t x78, uint32_t x79 = mulx_u32(x3, x45);
uint32_t x81, uint32_t x82 = mulx_u32(x3, x47);
uint32_t x84, uint32_t x85 = mulx_u32(x3, x49);
uint32_t x87, uint32_t x88 = mulx_u32(x3, x48);
uint32_t x90, uint8_t x91 = addcarryx_u32(0x0, x52, x54);
uint32_t x93, uint8_t x94 = addcarryx_u32(x91, x55, x57);
uint32_t x96, uint8_t x97 = addcarryx_u32(x94, x58, x60);
uint32_t x99, uint8_t x100 = addcarryx_u32(x97, x61, x63);
uint32_t x102, uint8_t x103 = addcarryx_u32(x100, x64, x66);
uint32_t x105, uint8_t x106 = addcarryx_u32(x103, x67, x69);
uint32_t x108, uint8_t x109 = addcarryx_u32(x106, x70, x72);
uint32_t x111, uint8_t x112 = addcarryx_u32(x109, x73, x75);
uint32_t x114, uint8_t x115 = addcarryx_u32(x112, x76, x78);
uint32_t x117, uint8_t x118 = addcarryx_u32(x115, x79, x81);
uint32_t x120, uint8_t x121 = addcarryx_u32(x118, x82, x84);
uint32_t x123, uint8_t x124 = addcarryx_u32(x121, x85, x87);
uint32_t x126, uint8_t _ = addcarryx_u32(0x0, x124, x88);
uint32_t x129, uint8_t x130 = addcarryx_u32(0x0, 0x0, x114);
uint32_t x132, uint8_t x133 = addcarryx_u32(x130, 0x0, x117);
uint32_t x135, uint8_t x136 = addcarryx_u32(x133, 0x0, x120);
uint32_t x138, uint8_t x139 = addcarryx_u32(x136, 0x0, x123);
uint32_t x141, uint8_t x142 = addcarryx_u32(x139, 0x0, x126);
uint32_t x144, uint32_t x145 = mulx_u32(x51, 0xffffffff);
uint32_t x147, uint32_t x148 = mulx_u32(x51, 0xffffffff);
uint32_t x150, uint32_t x151 = mulx_u32(x51, 0xffffffff);
uint32_t x153, uint32_t x154 = mulx_u32(x51, 0xffffffff);
uint32_t x156, uint32_t x157 = mulx_u32(x51, 0xffffffff);
uint32_t x159, uint32_t x160 = mulx_u32(x51, 0xffffffff);
uint32_t x162, uint32_t x163 = mulx_u32(x51, 0xfffeffff);
uint32_t x165, uint32_t x166 = mulx_u32(x51, 0xffffffff);
uint32_t x168, uint32_t x169 = mulx_u32(x51, 0xffffffff);
uint32_t x171, uint32_t x172 = mulx_u32(x51, 0xffffffff);
uint32_t x174, uint32_t x175 = mulx_u32(x51, 0xffffffff);
uint32_t x177, uint32_t x178 = mulx_u32(x51, 0xffffffff);
uint32_t x180, uint32_t x181 = mulx_u32(x51, 0xffffffff);
uint32_t x183, uint8_t x184 = addcarryx_u32(0x0, x145, x147);
uint32_t x186, uint8_t x187 = addcarryx_u32(x184, x148, x150);
uint32_t x189, uint8_t x190 = addcarryx_u32(x187, x151, x153);
uint32_t x192, uint8_t x193 = addcarryx_u32(x190, x154, x156);
uint32_t x195, uint8_t x196 = addcarryx_u32(x193, x157, x159);
uint32_t x198, uint8_t x199 = addcarryx_u32(x196, x160, x162);
uint32_t x201, uint8_t x202 = addcarryx_u32(x199, x163, x165);
uint32_t x204, uint8_t x205 = addcarryx_u32(x202, x166, x168);
uint32_t x207, uint8_t x208 = addcarryx_u32(x205, x169, x171);
uint32_t x210, uint8_t x211 = addcarryx_u32(x208, x172, x174);
uint32_t x213, uint8_t x214 = addcarryx_u32(x211, x175, x177);
uint32_t x216, uint8_t x217 = addcarryx_u32(x214, x178, x180);
uint32_t x219, uint8_t _ = addcarryx_u32(0x0, x217, x181);
uint32_t _, uint8_t x223 = addcarryx_u32(0x0, x51, x144);
uint32_t x225, uint8_t x226 = addcarryx_u32(x223, x90, x183);
uint32_t x228, uint8_t x229 = addcarryx_u32(x226, x93, x186);
uint32_t x231, uint8_t x232 = addcarryx_u32(x229, x96, x189);
uint32_t x234, uint8_t x235 = addcarryx_u32(x232, x99, x192);
uint32_t x237, uint8_t x238 = addcarryx_u32(x235, x102, x195);
uint32_t x240, uint8_t x241 = addcarryx_u32(x238, x105, x198);
uint32_t x243, uint8_t x244 = addcarryx_u32(x241, x108, x201);
uint32_t x246, uint8_t x247 = addcarryx_u32(x244, x111, x204);
uint32_t x249, uint8_t x250 = addcarryx_u32(x247, x129, x207);
uint32_t x252, uint8_t x253 = addcarryx_u32(x250, x132, x210);
uint32_t x255, uint8_t x256 = addcarryx_u32(x253, x135, x213);
uint32_t x258, uint8_t x259 = addcarryx_u32(x256, x138, x216);
uint32_t x261, uint8_t x262 = addcarryx_u32(x259, x141, x219);
uint8_t x263 = (x262 + x142);
uint32_t x265, uint32_t x266 = mulx_u32(x5, x27);
uint32_t x268, uint32_t x269 = mulx_u32(x5, x29);
uint32_t x271, uint32_t x272 = mulx_u32(x5, x31);
uint32_t x274, uint32_t x275 = mulx_u32(x5, x33);
uint32_t x277, uint32_t x278 = mulx_u32(x5, x35);
uint32_t x280, uint32_t x281 = mulx_u32(x5, x37);
uint32_t x283, uint32_t x284 = mulx_u32(x5, x39);
uint32_t x286, uint32_t x287 = mulx_u32(x5, x41);
uint32_t x289, uint32_t x290 = mulx_u32(x5, x43);
uint32_t x292, uint32_t x293 = mulx_u32(x5, x45);
uint32_t x295, uint32_t x296 = mulx_u32(x5, x47);
uint32_t x298, uint32_t x299 = mulx_u32(x5, x49);
uint32_t x301, uint32_t x302 = mulx_u32(x5, x48);
uint32_t x304, uint8_t x305 = addcarryx_u32(0x0, x266, x268);
uint32_t x307, uint8_t x308 = addcarryx_u32(x305, x269, x271);
uint32_t x310, uint8_t x311 = addcarryx_u32(x308, x272, x274);
uint32_t x313, uint8_t x314 = addcarryx_u32(x311, x275, x277);
uint32_t x316, uint8_t x317 = addcarryx_u32(x314, x278, x280);
uint32_t x319, uint8_t x320 = addcarryx_u32(x317, x281, x283);
uint32_t x322, uint8_t x323 = addcarryx_u32(x320, x284, x286);
uint32_t x325, uint8_t x326 = addcarryx_u32(x323, x287, x289);
uint32_t x328, uint8_t x329 = addcarryx_u32(x326, x290, x292);
uint32_t x331, uint8_t x332 = addcarryx_u32(x329, x293, x295);
uint32_t x334, uint8_t x335 = addcarryx_u32(x332, x296, x298);
uint32_t x337, uint8_t x338 = addcarryx_u32(x335, x299, x301);
uint32_t x340, uint8_t _ = addcarryx_u32(0x0, x338, x302);
uint32_t x343, uint8_t x344 = addcarryx_u32(0x0, x225, x265);
uint32_t x346, uint8_t x347 = addcarryx_u32(x344, x228, x304);
uint32_t x349, uint8_t x350 = addcarryx_u32(x347, x231, x307);
uint32_t x352, uint8_t x353 = addcarryx_u32(x350, x234, x310);
uint32_t x355, uint8_t x356 = addcarryx_u32(x353, x237, x313);
uint32_t x358, uint8_t x359 = addcarryx_u32(x356, x240, x316);
uint32_t x361, uint8_t x362 = addcarryx_u32(x359, x243, x319);
uint32_t x364, uint8_t x365 = addcarryx_u32(x362, x246, x322);
uint32_t x367, uint8_t x368 = addcarryx_u32(x365, x249, x325);
uint32_t x370, uint8_t x371 = addcarryx_u32(x368, x252, x328);
uint32_t x373, uint8_t x374 = addcarryx_u32(x371, x255, x331);
uint32_t x376, uint8_t x377 = addcarryx_u32(x374, x258, x334);
uint32_t x379, uint8_t x380 = addcarryx_u32(x377, x261, x337);
uint32_t x382, uint8_t x383 = addcarryx_u32(x380, x263, x340);
uint32_t x385, uint32_t x386 = mulx_u32(x343, 0xffffffff);
uint32_t x388, uint32_t x389 = mulx_u32(x343, 0xffffffff);
uint32_t x391, uint32_t x392 = mulx_u32(x343, 0xffffffff);
uint32_t x394, uint32_t x395 = mulx_u32(x343, 0xffffffff);
uint32_t x397, uint32_t x398 = mulx_u32(x343, 0xffffffff);
uint32_t x400, uint32_t x401 = mulx_u32(x343, 0xffffffff);
uint32_t x403, uint32_t x404 = mulx_u32(x343, 0xfffeffff);
uint32_t x406, uint32_t x407 = mulx_u32(x343, 0xffffffff);
uint32_t x409, uint32_t x410 = mulx_u32(x343, 0xffffffff);
uint32_t x412, uint32_t x413 = mulx_u32(x343, 0xffffffff);
uint32_t x415, uint32_t x416 = mulx_u32(x343, 0xffffffff);
uint32_t x418, uint32_t x419 = mulx_u32(x343, 0xffffffff);
uint32_t x421, uint32_t x422 = mulx_u32(x343, 0xffffffff);
uint32_t x424, uint8_t x425 = addcarryx_u32(0x0, x386, x388);
uint32_t x427, uint8_t x428 = addcarryx_u32(x425, x389, x391);
uint32_t x430, uint8_t x431 = addcarryx_u32(x428, x392, x394);
uint32_t x433, uint8_t x434 = addcarryx_u32(x431, x395, x397);
uint32_t x436, uint8_t x437 = addcarryx_u32(x434, x398, x400);
uint32_t x439, uint8_t x440 = addcarryx_u32(x437, x401, x403);
uint32_t x442, uint8_t x443 = addcarryx_u32(x440, x404, x406);
uint32_t x445, uint8_t x446 = addcarryx_u32(x443, x407, x409);
uint32_t x448, uint8_t x449 = addcarryx_u32(x446, x410, x412);
uint32_t x451, uint8_t x452 = addcarryx_u32(x449, x413, x415);
uint32_t x454, uint8_t x455 = addcarryx_u32(x452, x416, x418);
uint32_t x457, uint8_t x458 = addcarryx_u32(x455, x419, x421);
uint32_t x460, uint8_t _ = addcarryx_u32(0x0, x458, x422);
uint32_t _, uint8_t x464 = addcarryx_u32(0x0, x343, x385);
uint32_t x466, uint8_t x467 = addcarryx_u32(x464, x346, x424);
uint32_t x469, uint8_t x470 = addcarryx_u32(x467, x349, x427);
uint32_t x472, uint8_t x473 = addcarryx_u32(x470, x352, x430);
uint32_t x475, uint8_t x476 = addcarryx_u32(x473, x355, x433);
uint32_t x478, uint8_t x479 = addcarryx_u32(x476, x358, x436);
uint32_t x481, uint8_t x482 = addcarryx_u32(x479, x361, x439);
uint32_t x484, uint8_t x485 = addcarryx_u32(x482, x364, x442);
uint32_t x487, uint8_t x488 = addcarryx_u32(x485, x367, x445);
uint32_t x490, uint8_t x491 = addcarryx_u32(x488, x370, x448);
uint32_t x493, uint8_t x494 = addcarryx_u32(x491, x373, x451);
uint32_t x496, uint8_t x497 = addcarryx_u32(x494, x376, x454);
uint32_t x499, uint8_t x500 = addcarryx_u32(x497, x379, x457);
uint32_t x502, uint8_t x503 = addcarryx_u32(x500, x382, x460);
uint8_t x504 = (x503 + x383);
uint32_t x506, uint32_t x507 = mulx_u32(x7, x27);
uint32_t x509, uint32_t x510 = mulx_u32(x7, x29);
uint32_t x512, uint32_t x513 = mulx_u32(x7, x31);
uint32_t x515, uint32_t x516 = mulx_u32(x7, x33);
uint32_t x518, uint32_t x519 = mulx_u32(x7, x35);
uint32_t x521, uint32_t x522 = mulx_u32(x7, x37);
uint32_t x524, uint32_t x525 = mulx_u32(x7, x39);
uint32_t x527, uint32_t x528 = mulx_u32(x7, x41);
uint32_t x530, uint32_t x531 = mulx_u32(x7, x43);
uint32_t x533, uint32_t x534 = mulx_u32(x7, x45);
uint32_t x536, uint32_t x537 = mulx_u32(x7, x47);
uint32_t x539, uint32_t x540 = mulx_u32(x7, x49);
uint32_t x542, uint32_t x543 = mulx_u32(x7, x48);
uint32_t x545, uint8_t x546 = addcarryx_u32(0x0, x507, x509);
uint32_t x548, uint8_t x549 = addcarryx_u32(x546, x510, x512);
uint32_t x551, uint8_t x552 = addcarryx_u32(x549, x513, x515);
uint32_t x554, uint8_t x555 = addcarryx_u32(x552, x516, x518);
uint32_t x557, uint8_t x558 = addcarryx_u32(x555, x519, x521);
uint32_t x560, uint8_t x561 = addcarryx_u32(x558, x522, x524);
uint32_t x563, uint8_t x564 = addcarryx_u32(x561, x525, x527);
uint32_t x566, uint8_t x567 = addcarryx_u32(x564, x528, x530);
uint32_t x569, uint8_t x570 = addcarryx_u32(x567, x531, x533);
uint32_t x572, uint8_t x573 = addcarryx_u32(x570, x534, x536);
uint32_t x575, uint8_t x576 = addcarryx_u32(x573, x537, x539);
uint32_t x578, uint8_t x579 = addcarryx_u32(x576, x540, x542);
uint32_t x581, uint8_t _ = addcarryx_u32(0x0, x579, x543);
uint32_t x584, uint8_t x585 = addcarryx_u32(0x0, x466, x506);
uint32_t x587, uint8_t x588 = addcarryx_u32(x585, x469, x545);
uint32_t x590, uint8_t x591 = addcarryx_u32(x588, x472, x548);
uint32_t x593, uint8_t x594 = addcarryx_u32(x591, x475, x551);
uint32_t x596, uint8_t x597 = addcarryx_u32(x594, x478, x554);
uint32_t x599, uint8_t x600 = addcarryx_u32(x597, x481, x557);
uint32_t x602, uint8_t x603 = addcarryx_u32(x600, x484, x560);
uint32_t x605, uint8_t x606 = addcarryx_u32(x603, x487, x563);
uint32_t x608, uint8_t x609 = addcarryx_u32(x606, x490, x566);
uint32_t x611, uint8_t x612 = addcarryx_u32(x609, x493, x569);
uint32_t x614, uint8_t x615 = addcarryx_u32(x612, x496, x572);
uint32_t x617, uint8_t x618 = addcarryx_u32(x615, x499, x575);
uint32_t x620, uint8_t x621 = addcarryx_u32(x618, x502, x578);
uint32_t x623, uint8_t x624 = addcarryx_u32(x621, x504, x581);
uint32_t x626, uint32_t x627 = mulx_u32(x584, 0xffffffff);
uint32_t x629, uint32_t x630 = mulx_u32(x584, 0xffffffff);
uint32_t x632, uint32_t x633 = mulx_u32(x584, 0xffffffff);
uint32_t x635, uint32_t x636 = mulx_u32(x584, 0xffffffff);
uint32_t x638, uint32_t x639 = mulx_u32(x584, 0xffffffff);
uint32_t x641, uint32_t x642 = mulx_u32(x584, 0xffffffff);
uint32_t x644, uint32_t x645 = mulx_u32(x584, 0xfffeffff);
uint32_t x647, uint32_t x648 = mulx_u32(x584, 0xffffffff);
uint32_t x650, uint32_t x651 = mulx_u32(x584, 0xffffffff);
uint32_t x653, uint32_t x654 = mulx_u32(x584, 0xffffffff);
uint32_t x656, uint32_t x657 = mulx_u32(x584, 0xffffffff);
uint32_t x659, uint32_t x660 = mulx_u32(x584, 0xffffffff);
uint32_t x662, uint32_t x663 = mulx_u32(x584, 0xffffffff);
uint32_t x665, uint8_t x666 = addcarryx_u32(0x0, x627, x629);
uint32_t x668, uint8_t x669 = addcarryx_u32(x666, x630, x632);
uint32_t x671, uint8_t x672 = addcarryx_u32(x669, x633, x635);
uint32_t x674, uint8_t x675 = addcarryx_u32(x672, x636, x638);
uint32_t x677, uint8_t x678 = addcarryx_u32(x675, x639, x641);
uint32_t x680, uint8_t x681 = addcarryx_u32(x678, x642, x644);
uint32_t x683, uint8_t x684 = addcarryx_u32(x681, x645, x647);
uint32_t x686, uint8_t x687 = addcarryx_u32(x684, x648, x650);
uint32_t x689, uint8_t x690 = addcarryx_u32(x687, x651, x653);
uint32_t x692, uint8_t x693 = addcarryx_u32(x690, x654, x656);
uint32_t x695, uint8_t x696 = addcarryx_u32(x693, x657, x659);
uint32_t x698, uint8_t x699 = addcarryx_u32(x696, x660, x662);
uint32_t x701, uint8_t _ = addcarryx_u32(0x0, x699, x663);
uint32_t _, uint8_t x705 = addcarryx_u32(0x0, x584, x626);
uint32_t x707, uint8_t x708 = addcarryx_u32(x705, x587, x665);
uint32_t x710, uint8_t x711 = addcarryx_u32(x708, x590, x668);
uint32_t x713, uint8_t x714 = addcarryx_u32(x711, x593, x671);
uint32_t x716, uint8_t x717 = addcarryx_u32(x714, x596, x674);
uint32_t x719, uint8_t x720 = addcarryx_u32(x717, x599, x677);
uint32_t x722, uint8_t x723 = addcarryx_u32(x720, x602, x680);
uint32_t x725, uint8_t x726 = addcarryx_u32(x723, x605, x683);
uint32_t x728, uint8_t x729 = addcarryx_u32(x726, x608, x686);
uint32_t x731, uint8_t x732 = addcarryx_u32(x729, x611, x689);
uint32_t x734, uint8_t x735 = addcarryx_u32(x732, x614, x692);
uint32_t x737, uint8_t x738 = addcarryx_u32(x735, x617, x695);
uint32_t x740, uint8_t x741 = addcarryx_u32(x738, x620, x698);
uint32_t x743, uint8_t x744 = addcarryx_u32(x741, x623, x701);
uint8_t x745 = (x744 + x624);
uint32_t x747, uint32_t x748 = mulx_u32(x9, x27);
uint32_t x750, uint32_t x751 = mulx_u32(x9, x29);
uint32_t x753, uint32_t x754 = mulx_u32(x9, x31);
uint32_t x756, uint32_t x757 = mulx_u32(x9, x33);
uint32_t x759, uint32_t x760 = mulx_u32(x9, x35);
uint32_t x762, uint32_t x763 = mulx_u32(x9, x37);
uint32_t x765, uint32_t x766 = mulx_u32(x9, x39);
uint32_t x768, uint32_t x769 = mulx_u32(x9, x41);
uint32_t x771, uint32_t x772 = mulx_u32(x9, x43);
uint32_t x774, uint32_t x775 = mulx_u32(x9, x45);
uint32_t x777, uint32_t x778 = mulx_u32(x9, x47);
uint32_t x780, uint32_t x781 = mulx_u32(x9, x49);
uint32_t x783, uint32_t x784 = mulx_u32(x9, x48);
uint32_t x786, uint8_t x787 = addcarryx_u32(0x0, x748, x750);
uint32_t x789, uint8_t x790 = addcarryx_u32(x787, x751, x753);
uint32_t x792, uint8_t x793 = addcarryx_u32(x790, x754, x756);
uint32_t x795, uint8_t x796 = addcarryx_u32(x793, x757, x759);
uint32_t x798, uint8_t x799 = addcarryx_u32(x796, x760, x762);
uint32_t x801, uint8_t x802 = addcarryx_u32(x799, x763, x765);
uint32_t x804, uint8_t x805 = addcarryx_u32(x802, x766, x768);
uint32_t x807, uint8_t x808 = addcarryx_u32(x805, x769, x771);
uint32_t x810, uint8_t x811 = addcarryx_u32(x808, x772, x774);
uint32_t x813, uint8_t x814 = addcarryx_u32(x811, x775, x777);
uint32_t x816, uint8_t x817 = addcarryx_u32(x814, x778, x780);
uint32_t x819, uint8_t x820 = addcarryx_u32(x817, x781, x783);
uint32_t x822, uint8_t _ = addcarryx_u32(0x0, x820, x784);
uint32_t x825, uint8_t x826 = addcarryx_u32(0x0, x707, x747);
uint32_t x828, uint8_t x829 = addcarryx_u32(x826, x710, x786);
uint32_t x831, uint8_t x832 = addcarryx_u32(x829, x713, x789);
uint32_t x834, uint8_t x835 = addcarryx_u32(x832, x716, x792);
uint32_t x837, uint8_t x838 = addcarryx_u32(x835, x719, x795);
uint32_t x840, uint8_t x841 = addcarryx_u32(x838, x722, x798);
uint32_t x843, uint8_t x844 = addcarryx_u32(x841, x725, x801);
uint32_t x846, uint8_t x847 = addcarryx_u32(x844, x728, x804);
uint32_t x849, uint8_t x850 = addcarryx_u32(x847, x731, x807);
uint32_t x852, uint8_t x853 = addcarryx_u32(x850, x734, x810);
uint32_t x855, uint8_t x856 = addcarryx_u32(x853, x737, x813);
uint32_t x858, uint8_t x859 = addcarryx_u32(x856, x740, x816);
uint32_t x861, uint8_t x862 = addcarryx_u32(x859, x743, x819);
uint32_t x864, uint8_t x865 = addcarryx_u32(x862, x745, x822);
uint32_t x867, uint32_t x868 = mulx_u32(x825, 0xffffffff);
uint32_t x870, uint32_t x871 = mulx_u32(x825, 0xffffffff);
uint32_t x873, uint32_t x874 = mulx_u32(x825, 0xffffffff);
uint32_t x876, uint32_t x877 = mulx_u32(x825, 0xffffffff);
uint32_t x879, uint32_t x880 = mulx_u32(x825, 0xffffffff);
uint32_t x882, uint32_t x883 = mulx_u32(x825, 0xffffffff);
uint32_t x885, uint32_t x886 = mulx_u32(x825, 0xfffeffff);
uint32_t x888, uint32_t x889 = mulx_u32(x825, 0xffffffff);
uint32_t x891, uint32_t x892 = mulx_u32(x825, 0xffffffff);
uint32_t x894, uint32_t x895 = mulx_u32(x825, 0xffffffff);
uint32_t x897, uint32_t x898 = mulx_u32(x825, 0xffffffff);
uint32_t x900, uint32_t x901 = mulx_u32(x825, 0xffffffff);
uint32_t x903, uint32_t x904 = mulx_u32(x825, 0xffffffff);
uint32_t x906, uint8_t x907 = addcarryx_u32(0x0, x868, x870);
uint32_t x909, uint8_t x910 = addcarryx_u32(x907, x871, x873);
uint32_t x912, uint8_t x913 = addcarryx_u32(x910, x874, x876);
uint32_t x915, uint8_t x916 = addcarryx_u32(x913, x877, x879);
uint32_t x918, uint8_t x919 = addcarryx_u32(x916, x880, x882);
uint32_t x921, uint8_t x922 = addcarryx_u32(x919, x883, x885);
uint32_t x924, uint8_t x925 = addcarryx_u32(x922, x886, x888);
uint32_t x927, uint8_t x928 = addcarryx_u32(x925, x889, x891);
uint32_t x930, uint8_t x931 = addcarryx_u32(x928, x892, x894);
uint32_t x933, uint8_t x934 = addcarryx_u32(x931, x895, x897);
uint32_t x936, uint8_t x937 = addcarryx_u32(x934, x898, x900);
uint32_t x939, uint8_t x940 = addcarryx_u32(x937, x901, x903);
uint32_t x942, uint8_t _ = addcarryx_u32(0x0, x940, x904);
uint32_t _, uint8_t x946 = addcarryx_u32(0x0, x825, x867);
uint32_t x948, uint8_t x949 = addcarryx_u32(x946, x828, x906);
uint32_t x951, uint8_t x952 = addcarryx_u32(x949, x831, x909);
uint32_t x954, uint8_t x955 = addcarryx_u32(x952, x834, x912);
uint32_t x957, uint8_t x958 = addcarryx_u32(x955, x837, x915);
uint32_t x960, uint8_t x961 = addcarryx_u32(x958, x840, x918);
uint32_t x963, uint8_t x964 = addcarryx_u32(x961, x843, x921);
uint32_t x966, uint8_t x967 = addcarryx_u32(x964, x846, x924);
uint32_t x969, uint8_t x970 = addcarryx_u32(x967, x849, x927);
uint32_t x972, uint8_t x973 = addcarryx_u32(x970, x852, x930);
uint32_t x975, uint8_t x976 = addcarryx_u32(x973, x855, x933);
uint32_t x978, uint8_t x979 = addcarryx_u32(x976, x858, x936);
uint32_t x981, uint8_t x982 = addcarryx_u32(x979, x861, x939);
uint32_t x984, uint8_t x985 = addcarryx_u32(x982, x864, x942);
uint8_t x986 = (x985 + x865);
uint32_t x988, uint32_t x989 = mulx_u32(x11, x27);
uint32_t x991, uint32_t x992 = mulx_u32(x11, x29);
uint32_t x994, uint32_t x995 = mulx_u32(x11, x31);
uint32_t x997, uint32_t x998 = mulx_u32(x11, x33);
uint32_t x1000, uint32_t x1001 = mulx_u32(x11, x35);
uint32_t x1003, uint32_t x1004 = mulx_u32(x11, x37);
uint32_t x1006, uint32_t x1007 = mulx_u32(x11, x39);
uint32_t x1009, uint32_t x1010 = mulx_u32(x11, x41);
uint32_t x1012, uint32_t x1013 = mulx_u32(x11, x43);
uint32_t x1015, uint32_t x1016 = mulx_u32(x11, x45);
uint32_t x1018, uint32_t x1019 = mulx_u32(x11, x47);
uint32_t x1021, uint32_t x1022 = mulx_u32(x11, x49);
uint32_t x1024, uint32_t x1025 = mulx_u32(x11, x48);
uint32_t x1027, uint8_t x1028 = addcarryx_u32(0x0, x989, x991);
uint32_t x1030, uint8_t x1031 = addcarryx_u32(x1028, x992, x994);
uint32_t x1033, uint8_t x1034 = addcarryx_u32(x1031, x995, x997);
uint32_t x1036, uint8_t x1037 = addcarryx_u32(x1034, x998, x1000);
uint32_t x1039, uint8_t x1040 = addcarryx_u32(x1037, x1001, x1003);
uint32_t x1042, uint8_t x1043 = addcarryx_u32(x1040, x1004, x1006);
uint32_t x1045, uint8_t x1046 = addcarryx_u32(x1043, x1007, x1009);
uint32_t x1048, uint8_t x1049 = addcarryx_u32(x1046, x1010, x1012);
uint32_t x1051, uint8_t x1052 = addcarryx_u32(x1049, x1013, x1015);
uint32_t x1054, uint8_t x1055 = addcarryx_u32(x1052, x1016, x1018);
uint32_t x1057, uint8_t x1058 = addcarryx_u32(x1055, x1019, x1021);
uint32_t x1060, uint8_t x1061 = addcarryx_u32(x1058, x1022, x1024);
uint32_t x1063, uint8_t _ = addcarryx_u32(0x0, x1061, x1025);
uint32_t x1066, uint8_t x1067 = addcarryx_u32(0x0, x948, x988);
uint32_t x1069, uint8_t x1070 = addcarryx_u32(x1067, x951, x1027);
uint32_t x1072, uint8_t x1073 = addcarryx_u32(x1070, x954, x1030);
uint32_t x1075, uint8_t x1076 = addcarryx_u32(x1073, x957, x1033);
uint32_t x1078, uint8_t x1079 = addcarryx_u32(x1076, x960, x1036);
uint32_t x1081, uint8_t x1082 = addcarryx_u32(x1079, x963, x1039);
uint32_t x1084, uint8_t x1085 = addcarryx_u32(x1082, x966, x1042);
uint32_t x1087, uint8_t x1088 = addcarryx_u32(x1085, x969, x1045);
uint32_t x1090, uint8_t x1091 = addcarryx_u32(x1088, x972, x1048);
uint32_t x1093, uint8_t x1094 = addcarryx_u32(x1091, x975, x1051);
uint32_t x1096, uint8_t x1097 = addcarryx_u32(x1094, x978, x1054);
uint32_t x1099, uint8_t x1100 = addcarryx_u32(x1097, x981, x1057);
uint32_t x1102, uint8_t x1103 = addcarryx_u32(x1100, x984, x1060);
uint32_t x1105, uint8_t x1106 = addcarryx_u32(x1103, x986, x1063);
uint32_t x1108, uint32_t x1109 = mulx_u32(x1066, 0xffffffff);
uint32_t x1111, uint32_t x1112 = mulx_u32(x1066, 0xffffffff);
uint32_t x1114, uint32_t x1115 = mulx_u32(x1066, 0xffffffff);
uint32_t x1117, uint32_t x1118 = mulx_u32(x1066, 0xffffffff);
uint32_t x1120, uint32_t x1121 = mulx_u32(x1066, 0xffffffff);
uint32_t x1123, uint32_t x1124 = mulx_u32(x1066, 0xffffffff);
uint32_t x1126, uint32_t x1127 = mulx_u32(x1066, 0xfffeffff);
uint32_t x1129, uint32_t x1130 = mulx_u32(x1066, 0xffffffff);
uint32_t x1132, uint32_t x1133 = mulx_u32(x1066, 0xffffffff);
uint32_t x1135, uint32_t x1136 = mulx_u32(x1066, 0xffffffff);
uint32_t x1138, uint32_t x1139 = mulx_u32(x1066, 0xffffffff);
uint32_t x1141, uint32_t x1142 = mulx_u32(x1066, 0xffffffff);
uint32_t x1144, uint32_t x1145 = mulx_u32(x1066, 0xffffffff);
uint32_t x1147, uint8_t x1148 = addcarryx_u32(0x0, x1109, x1111);
uint32_t x1150, uint8_t x1151 = addcarryx_u32(x1148, x1112, x1114);
uint32_t x1153, uint8_t x1154 = addcarryx_u32(x1151, x1115, x1117);
uint32_t x1156, uint8_t x1157 = addcarryx_u32(x1154, x1118, x1120);
uint32_t x1159, uint8_t x1160 = addcarryx_u32(x1157, x1121, x1123);
uint32_t x1162, uint8_t x1163 = addcarryx_u32(x1160, x1124, x1126);
uint32_t x1165, uint8_t x1166 = addcarryx_u32(x1163, x1127, x1129);
uint32_t x1168, uint8_t x1169 = addcarryx_u32(x1166, x1130, x1132);
uint32_t x1171, uint8_t x1172 = addcarryx_u32(x1169, x1133, x1135);
uint32_t x1174, uint8_t x1175 = addcarryx_u32(x1172, x1136, x1138);
uint32_t x1177, uint8_t x1178 = addcarryx_u32(x1175, x1139, x1141);
uint32_t x1180, uint8_t x1181 = addcarryx_u32(x1178, x1142, x1144);
uint32_t x1183, uint8_t _ = addcarryx_u32(0x0, x1181, x1145);
uint32_t _, uint8_t x1187 = addcarryx_u32(0x0, x1066, x1108);
uint32_t x1189, uint8_t x1190 = addcarryx_u32(x1187, x1069, x1147);
uint32_t x1192, uint8_t x1193 = addcarryx_u32(x1190, x1072, x1150);
uint32_t x1195, uint8_t x1196 = addcarryx_u32(x1193, x1075, x1153);
uint32_t x1198, uint8_t x1199 = addcarryx_u32(x1196, x1078, x1156);
uint32_t x1201, uint8_t x1202 = addcarryx_u32(x1199, x1081, x1159);
uint32_t x1204, uint8_t x1205 = addcarryx_u32(x1202, x1084, x1162);
uint32_t x1207, uint8_t x1208 = addcarryx_u32(x1205, x1087, x1165);
uint32_t x1210, uint8_t x1211 = addcarryx_u32(x1208, x1090, x1168);
uint32_t x1213, uint8_t x1214 = addcarryx_u32(x1211, x1093, x1171);
uint32_t x1216, uint8_t x1217 = addcarryx_u32(x1214, x1096, x1174);
uint32_t x1219, uint8_t x1220 = addcarryx_u32(x1217, x1099, x1177);
uint32_t x1222, uint8_t x1223 = addcarryx_u32(x1220, x1102, x1180);
uint32_t x1225, uint8_t x1226 = addcarryx_u32(x1223, x1105, x1183);
uint8_t x1227 = (x1226 + x1106);
uint32_t x1229, uint32_t x1230 = mulx_u32(x13, x27);
uint32_t x1232, uint32_t x1233 = mulx_u32(x13, x29);
uint32_t x1235, uint32_t x1236 = mulx_u32(x13, x31);
uint32_t x1238, uint32_t x1239 = mulx_u32(x13, x33);
uint32_t x1241, uint32_t x1242 = mulx_u32(x13, x35);
uint32_t x1244, uint32_t x1245 = mulx_u32(x13, x37);
uint32_t x1247, uint32_t x1248 = mulx_u32(x13, x39);
uint32_t x1250, uint32_t x1251 = mulx_u32(x13, x41);
uint32_t x1253, uint32_t x1254 = mulx_u32(x13, x43);
uint32_t x1256, uint32_t x1257 = mulx_u32(x13, x45);
uint32_t x1259, uint32_t x1260 = mulx_u32(x13, x47);
uint32_t x1262, uint32_t x1263 = mulx_u32(x13, x49);
uint32_t x1265, uint32_t x1266 = mulx_u32(x13, x48);
uint32_t x1268, uint8_t x1269 = addcarryx_u32(0x0, x1230, x1232);
uint32_t x1271, uint8_t x1272 = addcarryx_u32(x1269, x1233, x1235);
uint32_t x1274, uint8_t x1275 = addcarryx_u32(x1272, x1236, x1238);
uint32_t x1277, uint8_t x1278 = addcarryx_u32(x1275, x1239, x1241);
uint32_t x1280, uint8_t x1281 = addcarryx_u32(x1278, x1242, x1244);
uint32_t x1283, uint8_t x1284 = addcarryx_u32(x1281, x1245, x1247);
uint32_t x1286, uint8_t x1287 = addcarryx_u32(x1284, x1248, x1250);
uint32_t x1289, uint8_t x1290 = addcarryx_u32(x1287, x1251, x1253);
uint32_t x1292, uint8_t x1293 = addcarryx_u32(x1290, x1254, x1256);
uint32_t x1295, uint8_t x1296 = addcarryx_u32(x1293, x1257, x1259);
uint32_t x1298, uint8_t x1299 = addcarryx_u32(x1296, x1260, x1262);
uint32_t x1301, uint8_t x1302 = addcarryx_u32(x1299, x1263, x1265);
uint32_t x1304, uint8_t _ = addcarryx_u32(0x0, x1302, x1266);
uint32_t x1307, uint8_t x1308 = addcarryx_u32(0x0, x1189, x1229);
uint32_t x1310, uint8_t x1311 = addcarryx_u32(x1308, x1192, x1268);
uint32_t x1313, uint8_t x1314 = addcarryx_u32(x1311, x1195, x1271);
uint32_t x1316, uint8_t x1317 = addcarryx_u32(x1314, x1198, x1274);
uint32_t x1319, uint8_t x1320 = addcarryx_u32(x1317, x1201, x1277);
uint32_t x1322, uint8_t x1323 = addcarryx_u32(x1320, x1204, x1280);
uint32_t x1325, uint8_t x1326 = addcarryx_u32(x1323, x1207, x1283);
uint32_t x1328, uint8_t x1329 = addcarryx_u32(x1326, x1210, x1286);
uint32_t x1331, uint8_t x1332 = addcarryx_u32(x1329, x1213, x1289);
uint32_t x1334, uint8_t x1335 = addcarryx_u32(x1332, x1216, x1292);
uint32_t x1337, uint8_t x1338 = addcarryx_u32(x1335, x1219, x1295);
uint32_t x1340, uint8_t x1341 = addcarryx_u32(x1338, x1222, x1298);
uint32_t x1343, uint8_t x1344 = addcarryx_u32(x1341, x1225, x1301);
uint32_t x1346, uint8_t x1347 = addcarryx_u32(x1344, x1227, x1304);
uint32_t x1349, uint32_t x1350 = mulx_u32(x1307, 0xffffffff);
uint32_t x1352, uint32_t x1353 = mulx_u32(x1307, 0xffffffff);
uint32_t x1355, uint32_t x1356 = mulx_u32(x1307, 0xffffffff);
uint32_t x1358, uint32_t x1359 = mulx_u32(x1307, 0xffffffff);
uint32_t x1361, uint32_t x1362 = mulx_u32(x1307, 0xffffffff);
uint32_t x1364, uint32_t x1365 = mulx_u32(x1307, 0xffffffff);
uint32_t x1367, uint32_t x1368 = mulx_u32(x1307, 0xfffeffff);
uint32_t x1370, uint32_t x1371 = mulx_u32(x1307, 0xffffffff);
uint32_t x1373, uint32_t x1374 = mulx_u32(x1307, 0xffffffff);
uint32_t x1376, uint32_t x1377 = mulx_u32(x1307, 0xffffffff);
uint32_t x1379, uint32_t x1380 = mulx_u32(x1307, 0xffffffff);
uint32_t x1382, uint32_t x1383 = mulx_u32(x1307, 0xffffffff);
uint32_t x1385, uint32_t x1386 = mulx_u32(x1307, 0xffffffff);
uint32_t x1388, uint8_t x1389 = addcarryx_u32(0x0, x1350, x1352);
uint32_t x1391, uint8_t x1392 = addcarryx_u32(x1389, x1353, x1355);
uint32_t x1394, uint8_t x1395 = addcarryx_u32(x1392, x1356, x1358);
uint32_t x1397, uint8_t x1398 = addcarryx_u32(x1395, x1359, x1361);
uint32_t x1400, uint8_t x1401 = addcarryx_u32(x1398, x1362, x1364);
uint32_t x1403, uint8_t x1404 = addcarryx_u32(x1401, x1365, x1367);
uint32_t x1406, uint8_t x1407 = addcarryx_u32(x1404, x1368, x1370);
uint32_t x1409, uint8_t x1410 = addcarryx_u32(x1407, x1371, x1373);
uint32_t x1412, uint8_t x1413 = addcarryx_u32(x1410, x1374, x1376);
uint32_t x1415, uint8_t x1416 = addcarryx_u32(x1413, x1377, x1379);
uint32_t x1418, uint8_t x1419 = addcarryx_u32(x1416, x1380, x1382);
uint32_t x1421, uint8_t x1422 = addcarryx_u32(x1419, x1383, x1385);
uint32_t x1424, uint8_t _ = addcarryx_u32(0x0, x1422, x1386);
uint32_t _, uint8_t x1428 = addcarryx_u32(0x0, x1307, x1349);
uint32_t x1430, uint8_t x1431 = addcarryx_u32(x1428, x1310, x1388);
uint32_t x1433, uint8_t x1434 = addcarryx_u32(x1431, x1313, x1391);
uint32_t x1436, uint8_t x1437 = addcarryx_u32(x1434, x1316, x1394);
uint32_t x1439, uint8_t x1440 = addcarryx_u32(x1437, x1319, x1397);
uint32_t x1442, uint8_t x1443 = addcarryx_u32(x1440, x1322, x1400);
uint32_t x1445, uint8_t x1446 = addcarryx_u32(x1443, x1325, x1403);
uint32_t x1448, uint8_t x1449 = addcarryx_u32(x1446, x1328, x1406);
uint32_t x1451, uint8_t x1452 = addcarryx_u32(x1449, x1331, x1409);
uint32_t x1454, uint8_t x1455 = addcarryx_u32(x1452, x1334, x1412);
uint32_t x1457, uint8_t x1458 = addcarryx_u32(x1455, x1337, x1415);
uint32_t x1460, uint8_t x1461 = addcarryx_u32(x1458, x1340, x1418);
uint32_t x1463, uint8_t x1464 = addcarryx_u32(x1461, x1343, x1421);
uint32_t x1466, uint8_t x1467 = addcarryx_u32(x1464, x1346, x1424);
uint8_t x1468 = (x1467 + x1347);
uint32_t x1470, uint32_t x1471 = mulx_u32(x15, x27);
uint32_t x1473, uint32_t x1474 = mulx_u32(x15, x29);
uint32_t x1476, uint32_t x1477 = mulx_u32(x15, x31);
uint32_t x1479, uint32_t x1480 = mulx_u32(x15, x33);
uint32_t x1482, uint32_t x1483 = mulx_u32(x15, x35);
uint32_t x1485, uint32_t x1486 = mulx_u32(x15, x37);
uint32_t x1488, uint32_t x1489 = mulx_u32(x15, x39);
uint32_t x1491, uint32_t x1492 = mulx_u32(x15, x41);
uint32_t x1494, uint32_t x1495 = mulx_u32(x15, x43);
uint32_t x1497, uint32_t x1498 = mulx_u32(x15, x45);
uint32_t x1500, uint32_t x1501 = mulx_u32(x15, x47);
uint32_t x1503, uint32_t x1504 = mulx_u32(x15, x49);
uint32_t x1506, uint32_t x1507 = mulx_u32(x15, x48);
uint32_t x1509, uint8_t x1510 = addcarryx_u32(0x0, x1471, x1473);
uint32_t x1512, uint8_t x1513 = addcarryx_u32(x1510, x1474, x1476);
uint32_t x1515, uint8_t x1516 = addcarryx_u32(x1513, x1477, x1479);
uint32_t x1518, uint8_t x1519 = addcarryx_u32(x1516, x1480, x1482);
uint32_t x1521, uint8_t x1522 = addcarryx_u32(x1519, x1483, x1485);
uint32_t x1524, uint8_t x1525 = addcarryx_u32(x1522, x1486, x1488);
uint32_t x1527, uint8_t x1528 = addcarryx_u32(x1525, x1489, x1491);
uint32_t x1530, uint8_t x1531 = addcarryx_u32(x1528, x1492, x1494);
uint32_t x1533, uint8_t x1534 = addcarryx_u32(x1531, x1495, x1497);
uint32_t x1536, uint8_t x1537 = addcarryx_u32(x1534, x1498, x1500);
uint32_t x1539, uint8_t x1540 = addcarryx_u32(x1537, x1501, x1503);
uint32_t x1542, uint8_t x1543 = addcarryx_u32(x1540, x1504, x1506);
uint32_t x1545, uint8_t _ = addcarryx_u32(0x0, x1543, x1507);
uint32_t x1548, uint8_t x1549 = addcarryx_u32(0x0, x1430, x1470);
uint32_t x1551, uint8_t x1552 = addcarryx_u32(x1549, x1433, x1509);
uint32_t x1554, uint8_t x1555 = addcarryx_u32(x1552, x1436, x1512);
uint32_t x1557, uint8_t x1558 = addcarryx_u32(x1555, x1439, x1515);
uint32_t x1560, uint8_t x1561 = addcarryx_u32(x1558, x1442, x1518);
uint32_t x1563, uint8_t x1564 = addcarryx_u32(x1561, x1445, x1521);
uint32_t x1566, uint8_t x1567 = addcarryx_u32(x1564, x1448, x1524);
uint32_t x1569, uint8_t x1570 = addcarryx_u32(x1567, x1451, x1527);
uint32_t x1572, uint8_t x1573 = addcarryx_u32(x1570, x1454, x1530);
uint32_t x1575, uint8_t x1576 = addcarryx_u32(x1573, x1457, x1533);
uint32_t x1578, uint8_t x1579 = addcarryx_u32(x1576, x1460, x1536);
uint32_t x1581, uint8_t x1582 = addcarryx_u32(x1579, x1463, x1539);
uint32_t x1584, uint8_t x1585 = addcarryx_u32(x1582, x1466, x1542);
uint32_t x1587, uint8_t x1588 = addcarryx_u32(x1585, x1468, x1545);
uint32_t x1590, uint32_t x1591 = mulx_u32(x1548, 0xffffffff);
uint32_t x1593, uint32_t x1594 = mulx_u32(x1548, 0xffffffff);
uint32_t x1596, uint32_t x1597 = mulx_u32(x1548, 0xffffffff);
uint32_t x1599, uint32_t x1600 = mulx_u32(x1548, 0xffffffff);
uint32_t x1602, uint32_t x1603 = mulx_u32(x1548, 0xffffffff);
uint32_t x1605, uint32_t x1606 = mulx_u32(x1548, 0xffffffff);
uint32_t x1608, uint32_t x1609 = mulx_u32(x1548, 0xfffeffff);
uint32_t x1611, uint32_t x1612 = mulx_u32(x1548, 0xffffffff);
uint32_t x1614, uint32_t x1615 = mulx_u32(x1548, 0xffffffff);
uint32_t x1617, uint32_t x1618 = mulx_u32(x1548, 0xffffffff);
uint32_t x1620, uint32_t x1621 = mulx_u32(x1548, 0xffffffff);
uint32_t x1623, uint32_t x1624 = mulx_u32(x1548, 0xffffffff);
uint32_t x1626, uint32_t x1627 = mulx_u32(x1548, 0xffffffff);
uint32_t x1629, uint8_t x1630 = addcarryx_u32(0x0, x1591, x1593);
uint32_t x1632, uint8_t x1633 = addcarryx_u32(x1630, x1594, x1596);
uint32_t x1635, uint8_t x1636 = addcarryx_u32(x1633, x1597, x1599);
uint32_t x1638, uint8_t x1639 = addcarryx_u32(x1636, x1600, x1602);
uint32_t x1641, uint8_t x1642 = addcarryx_u32(x1639, x1603, x1605);
uint32_t x1644, uint8_t x1645 = addcarryx_u32(x1642, x1606, x1608);
uint32_t x1647, uint8_t x1648 = addcarryx_u32(x1645, x1609, x1611);
uint32_t x1650, uint8_t x1651 = addcarryx_u32(x1648, x1612, x1614);
uint32_t x1653, uint8_t x1654 = addcarryx_u32(x1651, x1615, x1617);
uint32_t x1656, uint8_t x1657 = addcarryx_u32(x1654, x1618, x1620);
uint32_t x1659, uint8_t x1660 = addcarryx_u32(x1657, x1621, x1623);
uint32_t x1662, uint8_t x1663 = addcarryx_u32(x1660, x1624, x1626);
uint32_t x1665, uint8_t _ = addcarryx_u32(0x0, x1663, x1627);
uint32_t _, uint8_t x1669 = addcarryx_u32(0x0, x1548, x1590);
uint32_t x1671, uint8_t x1672 = addcarryx_u32(x1669, x1551, x1629);
uint32_t x1674, uint8_t x1675 = addcarryx_u32(x1672, x1554, x1632);
uint32_t x1677, uint8_t x1678 = addcarryx_u32(x1675, x1557, x1635);
uint32_t x1680, uint8_t x1681 = addcarryx_u32(x1678, x1560, x1638);
uint32_t x1683, uint8_t x1684 = addcarryx_u32(x1681, x1563, x1641);
uint32_t x1686, uint8_t x1687 = addcarryx_u32(x1684, x1566, x1644);
uint32_t x1689, uint8_t x1690 = addcarryx_u32(x1687, x1569, x1647);
uint32_t x1692, uint8_t x1693 = addcarryx_u32(x1690, x1572, x1650);
uint32_t x1695, uint8_t x1696 = addcarryx_u32(x1693, x1575, x1653);
uint32_t x1698, uint8_t x1699 = addcarryx_u32(x1696, x1578, x1656);
uint32_t x1701, uint8_t x1702 = addcarryx_u32(x1699, x1581, x1659);
uint32_t x1704, uint8_t x1705 = addcarryx_u32(x1702, x1584, x1662);
uint32_t x1707, uint8_t x1708 = addcarryx_u32(x1705, x1587, x1665);
uint8_t x1709 = (x1708 + x1588);
uint32_t x1711, uint32_t x1712 = mulx_u32(x17, x27);
uint32_t x1714, uint32_t x1715 = mulx_u32(x17, x29);
uint32_t x1717, uint32_t x1718 = mulx_u32(x17, x31);
uint32_t x1720, uint32_t x1721 = mulx_u32(x17, x33);
uint32_t x1723, uint32_t x1724 = mulx_u32(x17, x35);
uint32_t x1726, uint32_t x1727 = mulx_u32(x17, x37);
uint32_t x1729, uint32_t x1730 = mulx_u32(x17, x39);
uint32_t x1732, uint32_t x1733 = mulx_u32(x17, x41);
uint32_t x1735, uint32_t x1736 = mulx_u32(x17, x43);
uint32_t x1738, uint32_t x1739 = mulx_u32(x17, x45);
uint32_t x1741, uint32_t x1742 = mulx_u32(x17, x47);
uint32_t x1744, uint32_t x1745 = mulx_u32(x17, x49);
uint32_t x1747, uint32_t x1748 = mulx_u32(x17, x48);
uint32_t x1750, uint8_t x1751 = addcarryx_u32(0x0, x1712, x1714);
uint32_t x1753, uint8_t x1754 = addcarryx_u32(x1751, x1715, x1717);
uint32_t x1756, uint8_t x1757 = addcarryx_u32(x1754, x1718, x1720);
uint32_t x1759, uint8_t x1760 = addcarryx_u32(x1757, x1721, x1723);
uint32_t x1762, uint8_t x1763 = addcarryx_u32(x1760, x1724, x1726);
uint32_t x1765, uint8_t x1766 = addcarryx_u32(x1763, x1727, x1729);
uint32_t x1768, uint8_t x1769 = addcarryx_u32(x1766, x1730, x1732);
uint32_t x1771, uint8_t x1772 = addcarryx_u32(x1769, x1733, x1735);
uint32_t x1774, uint8_t x1775 = addcarryx_u32(x1772, x1736, x1738);
uint32_t x1777, uint8_t x1778 = addcarryx_u32(x1775, x1739, x1741);
uint32_t x1780, uint8_t x1781 = addcarryx_u32(x1778, x1742, x1744);
uint32_t x1783, uint8_t x1784 = addcarryx_u32(x1781, x1745, x1747);
uint32_t x1786, uint8_t _ = addcarryx_u32(0x0, x1784, x1748);
uint32_t x1789, uint8_t x1790 = addcarryx_u32(0x0, x1671, x1711);
uint32_t x1792, uint8_t x1793 = addcarryx_u32(x1790, x1674, x1750);
uint32_t x1795, uint8_t x1796 = addcarryx_u32(x1793, x1677, x1753);
uint32_t x1798, uint8_t x1799 = addcarryx_u32(x1796, x1680, x1756);
uint32_t x1801, uint8_t x1802 = addcarryx_u32(x1799, x1683, x1759);
uint32_t x1804, uint8_t x1805 = addcarryx_u32(x1802, x1686, x1762);
uint32_t x1807, uint8_t x1808 = addcarryx_u32(x1805, x1689, x1765);
uint32_t x1810, uint8_t x1811 = addcarryx_u32(x1808, x1692, x1768);
uint32_t x1813, uint8_t x1814 = addcarryx_u32(x1811, x1695, x1771);
uint32_t x1816, uint8_t x1817 = addcarryx_u32(x1814, x1698, x1774);
uint32_t x1819, uint8_t x1820 = addcarryx_u32(x1817, x1701, x1777);
uint32_t x1822, uint8_t x1823 = addcarryx_u32(x1820, x1704, x1780);
uint32_t x1825, uint8_t x1826 = addcarryx_u32(x1823, x1707, x1783);
uint32_t x1828, uint8_t x1829 = addcarryx_u32(x1826, x1709, x1786);
uint32_t x1831, uint32_t x1832 = mulx_u32(x1789, 0xffffffff);
uint32_t x1834, uint32_t x1835 = mulx_u32(x1789, 0xffffffff);
uint32_t x1837, uint32_t x1838 = mulx_u32(x1789, 0xffffffff);
uint32_t x1840, uint32_t x1841 = mulx_u32(x1789, 0xffffffff);
uint32_t x1843, uint32_t x1844 = mulx_u32(x1789, 0xffffffff);
uint32_t x1846, uint32_t x1847 = mulx_u32(x1789, 0xffffffff);
uint32_t x1849, uint32_t x1850 = mulx_u32(x1789, 0xfffeffff);
uint32_t x1852, uint32_t x1853 = mulx_u32(x1789, 0xffffffff);
uint32_t x1855, uint32_t x1856 = mulx_u32(x1789, 0xffffffff);
uint32_t x1858, uint32_t x1859 = mulx_u32(x1789, 0xffffffff);
uint32_t x1861, uint32_t x1862 = mulx_u32(x1789, 0xffffffff);
uint32_t x1864, uint32_t x1865 = mulx_u32(x1789, 0xffffffff);
uint32_t x1867, uint32_t x1868 = mulx_u32(x1789, 0xffffffff);
uint32_t x1870, uint8_t x1871 = addcarryx_u32(0x0, x1832, x1834);
uint32_t x1873, uint8_t x1874 = addcarryx_u32(x1871, x1835, x1837);
uint32_t x1876, uint8_t x1877 = addcarryx_u32(x1874, x1838, x1840);
uint32_t x1879, uint8_t x1880 = addcarryx_u32(x1877, x1841, x1843);
uint32_t x1882, uint8_t x1883 = addcarryx_u32(x1880, x1844, x1846);
uint32_t x1885, uint8_t x1886 = addcarryx_u32(x1883, x1847, x1849);
uint32_t x1888, uint8_t x1889 = addcarryx_u32(x1886, x1850, x1852);
uint32_t x1891, uint8_t x1892 = addcarryx_u32(x1889, x1853, x1855);
uint32_t x1894, uint8_t x1895 = addcarryx_u32(x1892, x1856, x1858);
uint32_t x1897, uint8_t x1898 = addcarryx_u32(x1895, x1859, x1861);
uint32_t x1900, uint8_t x1901 = addcarryx_u32(x1898, x1862, x1864);
uint32_t x1903, uint8_t x1904 = addcarryx_u32(x1901, x1865, x1867);
uint32_t x1906, uint8_t _ = addcarryx_u32(0x0, x1904, x1868);
uint32_t _, uint8_t x1910 = addcarryx_u32(0x0, x1789, x1831);
uint32_t x1912, uint8_t x1913 = addcarryx_u32(x1910, x1792, x1870);
uint32_t x1915, uint8_t x1916 = addcarryx_u32(x1913, x1795, x1873);
uint32_t x1918, uint8_t x1919 = addcarryx_u32(x1916, x1798, x1876);
uint32_t x1921, uint8_t x1922 = addcarryx_u32(x1919, x1801, x1879);
uint32_t x1924, uint8_t x1925 = addcarryx_u32(x1922, x1804, x1882);
uint32_t x1927, uint8_t x1928 = addcarryx_u32(x1925, x1807, x1885);
uint32_t x1930, uint8_t x1931 = addcarryx_u32(x1928, x1810, x1888);
uint32_t x1933, uint8_t x1934 = addcarryx_u32(x1931, x1813, x1891);
uint32_t x1936, uint8_t x1937 = addcarryx_u32(x1934, x1816, x1894);
uint32_t x1939, uint8_t x1940 = addcarryx_u32(x1937, x1819, x1897);
uint32_t x1942, uint8_t x1943 = addcarryx_u32(x1940, x1822, x1900);
uint32_t x1945, uint8_t x1946 = addcarryx_u32(x1943, x1825, x1903);
uint32_t x1948, uint8_t x1949 = addcarryx_u32(x1946, x1828, x1906);
uint8_t x1950 = (x1949 + x1829);
uint32_t x1952, uint32_t x1953 = mulx_u32(x19, x27);
uint32_t x1955, uint32_t x1956 = mulx_u32(x19, x29);
uint32_t x1958, uint32_t x1959 = mulx_u32(x19, x31);
uint32_t x1961, uint32_t x1962 = mulx_u32(x19, x33);
uint32_t x1964, uint32_t x1965 = mulx_u32(x19, x35);
uint32_t x1967, uint32_t x1968 = mulx_u32(x19, x37);
uint32_t x1970, uint32_t x1971 = mulx_u32(x19, x39);
uint32_t x1973, uint32_t x1974 = mulx_u32(x19, x41);
uint32_t x1976, uint32_t x1977 = mulx_u32(x19, x43);
uint32_t x1979, uint32_t x1980 = mulx_u32(x19, x45);
uint32_t x1982, uint32_t x1983 = mulx_u32(x19, x47);
uint32_t x1985, uint32_t x1986 = mulx_u32(x19, x49);
uint32_t x1988, uint32_t x1989 = mulx_u32(x19, x48);
uint32_t x1991, uint8_t x1992 = addcarryx_u32(0x0, x1953, x1955);
uint32_t x1994, uint8_t x1995 = addcarryx_u32(x1992, x1956, x1958);
uint32_t x1997, uint8_t x1998 = addcarryx_u32(x1995, x1959, x1961);
uint32_t x2000, uint8_t x2001 = addcarryx_u32(x1998, x1962, x1964);
uint32_t x2003, uint8_t x2004 = addcarryx_u32(x2001, x1965, x1967);
uint32_t x2006, uint8_t x2007 = addcarryx_u32(x2004, x1968, x1970);
uint32_t x2009, uint8_t x2010 = addcarryx_u32(x2007, x1971, x1973);
uint32_t x2012, uint8_t x2013 = addcarryx_u32(x2010, x1974, x1976);
uint32_t x2015, uint8_t x2016 = addcarryx_u32(x2013, x1977, x1979);
uint32_t x2018, uint8_t x2019 = addcarryx_u32(x2016, x1980, x1982);
uint32_t x2021, uint8_t x2022 = addcarryx_u32(x2019, x1983, x1985);
uint32_t x2024, uint8_t x2025 = addcarryx_u32(x2022, x1986, x1988);
uint32_t x2027, uint8_t _ = addcarryx_u32(0x0, x2025, x1989);
uint32_t x2030, uint8_t x2031 = addcarryx_u32(0x0, x1912, x1952);
uint32_t x2033, uint8_t x2034 = addcarryx_u32(x2031, x1915, x1991);
uint32_t x2036, uint8_t x2037 = addcarryx_u32(x2034, x1918, x1994);
uint32_t x2039, uint8_t x2040 = addcarryx_u32(x2037, x1921, x1997);
uint32_t x2042, uint8_t x2043 = addcarryx_u32(x2040, x1924, x2000);
uint32_t x2045, uint8_t x2046 = addcarryx_u32(x2043, x1927, x2003);
uint32_t x2048, uint8_t x2049 = addcarryx_u32(x2046, x1930, x2006);
uint32_t x2051, uint8_t x2052 = addcarryx_u32(x2049, x1933, x2009);
uint32_t x2054, uint8_t x2055 = addcarryx_u32(x2052, x1936, x2012);
uint32_t x2057, uint8_t x2058 = addcarryx_u32(x2055, x1939, x2015);
uint32_t x2060, uint8_t x2061 = addcarryx_u32(x2058, x1942, x2018);
uint32_t x2063, uint8_t x2064 = addcarryx_u32(x2061, x1945, x2021);
uint32_t x2066, uint8_t x2067 = addcarryx_u32(x2064, x1948, x2024);
uint32_t x2069, uint8_t x2070 = addcarryx_u32(x2067, x1950, x2027);
uint32_t x2072, uint32_t x2073 = mulx_u32(x2030, 0xffffffff);
uint32_t x2075, uint32_t x2076 = mulx_u32(x2030, 0xffffffff);
uint32_t x2078, uint32_t x2079 = mulx_u32(x2030, 0xffffffff);
uint32_t x2081, uint32_t x2082 = mulx_u32(x2030, 0xffffffff);
uint32_t x2084, uint32_t x2085 = mulx_u32(x2030, 0xffffffff);
uint32_t x2087, uint32_t x2088 = mulx_u32(x2030, 0xffffffff);
uint32_t x2090, uint32_t x2091 = mulx_u32(x2030, 0xfffeffff);
uint32_t x2093, uint32_t x2094 = mulx_u32(x2030, 0xffffffff);
uint32_t x2096, uint32_t x2097 = mulx_u32(x2030, 0xffffffff);
uint32_t x2099, uint32_t x2100 = mulx_u32(x2030, 0xffffffff);
uint32_t x2102, uint32_t x2103 = mulx_u32(x2030, 0xffffffff);
uint32_t x2105, uint32_t x2106 = mulx_u32(x2030, 0xffffffff);
uint32_t x2108, uint32_t x2109 = mulx_u32(x2030, 0xffffffff);
uint32_t x2111, uint8_t x2112 = addcarryx_u32(0x0, x2073, x2075);
uint32_t x2114, uint8_t x2115 = addcarryx_u32(x2112, x2076, x2078);
uint32_t x2117, uint8_t x2118 = addcarryx_u32(x2115, x2079, x2081);
uint32_t x2120, uint8_t x2121 = addcarryx_u32(x2118, x2082, x2084);
uint32_t x2123, uint8_t x2124 = addcarryx_u32(x2121, x2085, x2087);
uint32_t x2126, uint8_t x2127 = addcarryx_u32(x2124, x2088, x2090);
uint32_t x2129, uint8_t x2130 = addcarryx_u32(x2127, x2091, x2093);
uint32_t x2132, uint8_t x2133 = addcarryx_u32(x2130, x2094, x2096);
uint32_t x2135, uint8_t x2136 = addcarryx_u32(x2133, x2097, x2099);
uint32_t x2138, uint8_t x2139 = addcarryx_u32(x2136, x2100, x2102);
uint32_t x2141, uint8_t x2142 = addcarryx_u32(x2139, x2103, x2105);
uint32_t x2144, uint8_t x2145 = addcarryx_u32(x2142, x2106, x2108);
uint32_t x2147, uint8_t _ = addcarryx_u32(0x0, x2145, x2109);
uint32_t _, uint8_t x2151 = addcarryx_u32(0x0, x2030, x2072);
uint32_t x2153, uint8_t x2154 = addcarryx_u32(x2151, x2033, x2111);
uint32_t x2156, uint8_t x2157 = addcarryx_u32(x2154, x2036, x2114);
uint32_t x2159, uint8_t x2160 = addcarryx_u32(x2157, x2039, x2117);
uint32_t x2162, uint8_t x2163 = addcarryx_u32(x2160, x2042, x2120);
uint32_t x2165, uint8_t x2166 = addcarryx_u32(x2163, x2045, x2123);
uint32_t x2168, uint8_t x2169 = addcarryx_u32(x2166, x2048, x2126);
uint32_t x2171, uint8_t x2172 = addcarryx_u32(x2169, x2051, x2129);
uint32_t x2174, uint8_t x2175 = addcarryx_u32(x2172, x2054, x2132);
uint32_t x2177, uint8_t x2178 = addcarryx_u32(x2175, x2057, x2135);
uint32_t x2180, uint8_t x2181 = addcarryx_u32(x2178, x2060, x2138);
uint32_t x2183, uint8_t x2184 = addcarryx_u32(x2181, x2063, x2141);
uint32_t x2186, uint8_t x2187 = addcarryx_u32(x2184, x2066, x2144);
uint32_t x2189, uint8_t x2190 = addcarryx_u32(x2187, x2069, x2147);
uint8_t x2191 = (x2190 + x2070);
uint32_t x2193, uint32_t x2194 = mulx_u32(x21, x27);
uint32_t x2196, uint32_t x2197 = mulx_u32(x21, x29);
uint32_t x2199, uint32_t x2200 = mulx_u32(x21, x31);
uint32_t x2202, uint32_t x2203 = mulx_u32(x21, x33);
uint32_t x2205, uint32_t x2206 = mulx_u32(x21, x35);
uint32_t x2208, uint32_t x2209 = mulx_u32(x21, x37);
uint32_t x2211, uint32_t x2212 = mulx_u32(x21, x39);
uint32_t x2214, uint32_t x2215 = mulx_u32(x21, x41);
uint32_t x2217, uint32_t x2218 = mulx_u32(x21, x43);
uint32_t x2220, uint32_t x2221 = mulx_u32(x21, x45);
uint32_t x2223, uint32_t x2224 = mulx_u32(x21, x47);
uint32_t x2226, uint32_t x2227 = mulx_u32(x21, x49);
uint32_t x2229, uint32_t x2230 = mulx_u32(x21, x48);
uint32_t x2232, uint8_t x2233 = addcarryx_u32(0x0, x2194, x2196);
uint32_t x2235, uint8_t x2236 = addcarryx_u32(x2233, x2197, x2199);
uint32_t x2238, uint8_t x2239 = addcarryx_u32(x2236, x2200, x2202);
uint32_t x2241, uint8_t x2242 = addcarryx_u32(x2239, x2203, x2205);
uint32_t x2244, uint8_t x2245 = addcarryx_u32(x2242, x2206, x2208);
uint32_t x2247, uint8_t x2248 = addcarryx_u32(x2245, x2209, x2211);
uint32_t x2250, uint8_t x2251 = addcarryx_u32(x2248, x2212, x2214);
uint32_t x2253, uint8_t x2254 = addcarryx_u32(x2251, x2215, x2217);
uint32_t x2256, uint8_t x2257 = addcarryx_u32(x2254, x2218, x2220);
uint32_t x2259, uint8_t x2260 = addcarryx_u32(x2257, x2221, x2223);
uint32_t x2262, uint8_t x2263 = addcarryx_u32(x2260, x2224, x2226);
uint32_t x2265, uint8_t x2266 = addcarryx_u32(x2263, x2227, x2229);
uint32_t x2268, uint8_t _ = addcarryx_u32(0x0, x2266, x2230);
uint32_t x2271, uint8_t x2272 = addcarryx_u32(0x0, x2153, x2193);
uint32_t x2274, uint8_t x2275 = addcarryx_u32(x2272, x2156, x2232);
uint32_t x2277, uint8_t x2278 = addcarryx_u32(x2275, x2159, x2235);
uint32_t x2280, uint8_t x2281 = addcarryx_u32(x2278, x2162, x2238);
uint32_t x2283, uint8_t x2284 = addcarryx_u32(x2281, x2165, x2241);
uint32_t x2286, uint8_t x2287 = addcarryx_u32(x2284, x2168, x2244);
uint32_t x2289, uint8_t x2290 = addcarryx_u32(x2287, x2171, x2247);
uint32_t x2292, uint8_t x2293 = addcarryx_u32(x2290, x2174, x2250);
uint32_t x2295, uint8_t x2296 = addcarryx_u32(x2293, x2177, x2253);
uint32_t x2298, uint8_t x2299 = addcarryx_u32(x2296, x2180, x2256);
uint32_t x2301, uint8_t x2302 = addcarryx_u32(x2299, x2183, x2259);
uint32_t x2304, uint8_t x2305 = addcarryx_u32(x2302, x2186, x2262);
uint32_t x2307, uint8_t x2308 = addcarryx_u32(x2305, x2189, x2265);
uint32_t x2310, uint8_t x2311 = addcarryx_u32(x2308, x2191, x2268);
uint32_t x2313, uint32_t x2314 = mulx_u32(x2271, 0xffffffff);
uint32_t x2316, uint32_t x2317 = mulx_u32(x2271, 0xffffffff);
uint32_t x2319, uint32_t x2320 = mulx_u32(x2271, 0xffffffff);
uint32_t x2322, uint32_t x2323 = mulx_u32(x2271, 0xffffffff);
uint32_t x2325, uint32_t x2326 = mulx_u32(x2271, 0xffffffff);
uint32_t x2328, uint32_t x2329 = mulx_u32(x2271, 0xffffffff);
uint32_t x2331, uint32_t x2332 = mulx_u32(x2271, 0xfffeffff);
uint32_t x2334, uint32_t x2335 = mulx_u32(x2271, 0xffffffff);
uint32_t x2337, uint32_t x2338 = mulx_u32(x2271, 0xffffffff);
uint32_t x2340, uint32_t x2341 = mulx_u32(x2271, 0xffffffff);
uint32_t x2343, uint32_t x2344 = mulx_u32(x2271, 0xffffffff);
uint32_t x2346, uint32_t x2347 = mulx_u32(x2271, 0xffffffff);
uint32_t x2349, uint32_t x2350 = mulx_u32(x2271, 0xffffffff);
uint32_t x2352, uint8_t x2353 = addcarryx_u32(0x0, x2314, x2316);
uint32_t x2355, uint8_t x2356 = addcarryx_u32(x2353, x2317, x2319);
uint32_t x2358, uint8_t x2359 = addcarryx_u32(x2356, x2320, x2322);
uint32_t x2361, uint8_t x2362 = addcarryx_u32(x2359, x2323, x2325);
uint32_t x2364, uint8_t x2365 = addcarryx_u32(x2362, x2326, x2328);
uint32_t x2367, uint8_t x2368 = addcarryx_u32(x2365, x2329, x2331);
uint32_t x2370, uint8_t x2371 = addcarryx_u32(x2368, x2332, x2334);
uint32_t x2373, uint8_t x2374 = addcarryx_u32(x2371, x2335, x2337);
uint32_t x2376, uint8_t x2377 = addcarryx_u32(x2374, x2338, x2340);
uint32_t x2379, uint8_t x2380 = addcarryx_u32(x2377, x2341, x2343);
uint32_t x2382, uint8_t x2383 = addcarryx_u32(x2380, x2344, x2346);
uint32_t x2385, uint8_t x2386 = addcarryx_u32(x2383, x2347, x2349);
uint32_t x2388, uint8_t _ = addcarryx_u32(0x0, x2386, x2350);
uint32_t _, uint8_t x2392 = addcarryx_u32(0x0, x2271, x2313);
uint32_t x2394, uint8_t x2395 = addcarryx_u32(x2392, x2274, x2352);
uint32_t x2397, uint8_t x2398 = addcarryx_u32(x2395, x2277, x2355);
uint32_t x2400, uint8_t x2401 = addcarryx_u32(x2398, x2280, x2358);
uint32_t x2403, uint8_t x2404 = addcarryx_u32(x2401, x2283, x2361);
uint32_t x2406, uint8_t x2407 = addcarryx_u32(x2404, x2286, x2364);
uint32_t x2409, uint8_t x2410 = addcarryx_u32(x2407, x2289, x2367);
uint32_t x2412, uint8_t x2413 = addcarryx_u32(x2410, x2292, x2370);
uint32_t x2415, uint8_t x2416 = addcarryx_u32(x2413, x2295, x2373);
uint32_t x2418, uint8_t x2419 = addcarryx_u32(x2416, x2298, x2376);
uint32_t x2421, uint8_t x2422 = addcarryx_u32(x2419, x2301, x2379);
uint32_t x2424, uint8_t x2425 = addcarryx_u32(x2422, x2304, x2382);
uint32_t x2427, uint8_t x2428 = addcarryx_u32(x2425, x2307, x2385);
uint32_t x2430, uint8_t x2431 = addcarryx_u32(x2428, x2310, x2388);
uint8_t x2432 = (x2431 + x2311);
uint32_t x2434, uint32_t x2435 = mulx_u32(x23, x27);
uint32_t x2437, uint32_t x2438 = mulx_u32(x23, x29);
uint32_t x2440, uint32_t x2441 = mulx_u32(x23, x31);
uint32_t x2443, uint32_t x2444 = mulx_u32(x23, x33);
uint32_t x2446, uint32_t x2447 = mulx_u32(x23, x35);
uint32_t x2449, uint32_t x2450 = mulx_u32(x23, x37);
uint32_t x2452, uint32_t x2453 = mulx_u32(x23, x39);
uint32_t x2455, uint32_t x2456 = mulx_u32(x23, x41);
uint32_t x2458, uint32_t x2459 = mulx_u32(x23, x43);
uint32_t x2461, uint32_t x2462 = mulx_u32(x23, x45);
uint32_t x2464, uint32_t x2465 = mulx_u32(x23, x47);
uint32_t x2467, uint32_t x2468 = mulx_u32(x23, x49);
uint32_t x2470, uint32_t x2471 = mulx_u32(x23, x48);
uint32_t x2473, uint8_t x2474 = addcarryx_u32(0x0, x2435, x2437);
uint32_t x2476, uint8_t x2477 = addcarryx_u32(x2474, x2438, x2440);
uint32_t x2479, uint8_t x2480 = addcarryx_u32(x2477, x2441, x2443);
uint32_t x2482, uint8_t x2483 = addcarryx_u32(x2480, x2444, x2446);
uint32_t x2485, uint8_t x2486 = addcarryx_u32(x2483, x2447, x2449);
uint32_t x2488, uint8_t x2489 = addcarryx_u32(x2486, x2450, x2452);
uint32_t x2491, uint8_t x2492 = addcarryx_u32(x2489, x2453, x2455);
uint32_t x2494, uint8_t x2495 = addcarryx_u32(x2492, x2456, x2458);
uint32_t x2497, uint8_t x2498 = addcarryx_u32(x2495, x2459, x2461);
uint32_t x2500, uint8_t x2501 = addcarryx_u32(x2498, x2462, x2464);
uint32_t x2503, uint8_t x2504 = addcarryx_u32(x2501, x2465, x2467);
uint32_t x2506, uint8_t x2507 = addcarryx_u32(x2504, x2468, x2470);
uint32_t x2509, uint8_t _ = addcarryx_u32(0x0, x2507, x2471);
uint32_t x2512, uint8_t x2513 = addcarryx_u32(0x0, x2394, x2434);
uint32_t x2515, uint8_t x2516 = addcarryx_u32(x2513, x2397, x2473);
uint32_t x2518, uint8_t x2519 = addcarryx_u32(x2516, x2400, x2476);
uint32_t x2521, uint8_t x2522 = addcarryx_u32(x2519, x2403, x2479);
uint32_t x2524, uint8_t x2525 = addcarryx_u32(x2522, x2406, x2482);
uint32_t x2527, uint8_t x2528 = addcarryx_u32(x2525, x2409, x2485);
uint32_t x2530, uint8_t x2531 = addcarryx_u32(x2528, x2412, x2488);
uint32_t x2533, uint8_t x2534 = addcarryx_u32(x2531, x2415, x2491);
uint32_t x2536, uint8_t x2537 = addcarryx_u32(x2534, x2418, x2494);
uint32_t x2539, uint8_t x2540 = addcarryx_u32(x2537, x2421, x2497);
uint32_t x2542, uint8_t x2543 = addcarryx_u32(x2540, x2424, x2500);
uint32_t x2545, uint8_t x2546 = addcarryx_u32(x2543, x2427, x2503);
uint32_t x2548, uint8_t x2549 = addcarryx_u32(x2546, x2430, x2506);
uint32_t x2551, uint8_t x2552 = addcarryx_u32(x2549, x2432, x2509);
uint32_t x2554, uint32_t x2555 = mulx_u32(x2512, 0xffffffff);
uint32_t x2557, uint32_t x2558 = mulx_u32(x2512, 0xffffffff);
uint32_t x2560, uint32_t x2561 = mulx_u32(x2512, 0xffffffff);
uint32_t x2563, uint32_t x2564 = mulx_u32(x2512, 0xffffffff);
uint32_t x2566, uint32_t x2567 = mulx_u32(x2512, 0xffffffff);
uint32_t x2569, uint32_t x2570 = mulx_u32(x2512, 0xffffffff);
uint32_t x2572, uint32_t x2573 = mulx_u32(x2512, 0xfffeffff);
uint32_t x2575, uint32_t x2576 = mulx_u32(x2512, 0xffffffff);
uint32_t x2578, uint32_t x2579 = mulx_u32(x2512, 0xffffffff);
uint32_t x2581, uint32_t x2582 = mulx_u32(x2512, 0xffffffff);
uint32_t x2584, uint32_t x2585 = mulx_u32(x2512, 0xffffffff);
uint32_t x2587, uint32_t x2588 = mulx_u32(x2512, 0xffffffff);
uint32_t x2590, uint32_t x2591 = mulx_u32(x2512, 0xffffffff);
uint32_t x2593, uint8_t x2594 = addcarryx_u32(0x0, x2555, x2557);
uint32_t x2596, uint8_t x2597 = addcarryx_u32(x2594, x2558, x2560);
uint32_t x2599, uint8_t x2600 = addcarryx_u32(x2597, x2561, x2563);
uint32_t x2602, uint8_t x2603 = addcarryx_u32(x2600, x2564, x2566);
uint32_t x2605, uint8_t x2606 = addcarryx_u32(x2603, x2567, x2569);
uint32_t x2608, uint8_t x2609 = addcarryx_u32(x2606, x2570, x2572);
uint32_t x2611, uint8_t x2612 = addcarryx_u32(x2609, x2573, x2575);
uint32_t x2614, uint8_t x2615 = addcarryx_u32(x2612, x2576, x2578);
uint32_t x2617, uint8_t x2618 = addcarryx_u32(x2615, x2579, x2581);
uint32_t x2620, uint8_t x2621 = addcarryx_u32(x2618, x2582, x2584);
uint32_t x2623, uint8_t x2624 = addcarryx_u32(x2621, x2585, x2587);
uint32_t x2626, uint8_t x2627 = addcarryx_u32(x2624, x2588, x2590);
uint32_t x2629, uint8_t _ = addcarryx_u32(0x0, x2627, x2591);
uint32_t _, uint8_t x2633 = addcarryx_u32(0x0, x2512, x2554);
uint32_t x2635, uint8_t x2636 = addcarryx_u32(x2633, x2515, x2593);
uint32_t x2638, uint8_t x2639 = addcarryx_u32(x2636, x2518, x2596);
uint32_t x2641, uint8_t x2642 = addcarryx_u32(x2639, x2521, x2599);
uint32_t x2644, uint8_t x2645 = addcarryx_u32(x2642, x2524, x2602);
uint32_t x2647, uint8_t x2648 = addcarryx_u32(x2645, x2527, x2605);
uint32_t x2650, uint8_t x2651 = addcarryx_u32(x2648, x2530, x2608);
uint32_t x2653, uint8_t x2654 = addcarryx_u32(x2651, x2533, x2611);
uint32_t x2656, uint8_t x2657 = addcarryx_u32(x2654, x2536, x2614);
uint32_t x2659, uint8_t x2660 = addcarryx_u32(x2657, x2539, x2617);
uint32_t x2662, uint8_t x2663 = addcarryx_u32(x2660, x2542, x2620);
uint32_t x2665, uint8_t x2666 = addcarryx_u32(x2663, x2545, x2623);
uint32_t x2668, uint8_t x2669 = addcarryx_u32(x2666, x2548, x2626);
uint32_t x2671, uint8_t x2672 = addcarryx_u32(x2669, x2551, x2629);
uint8_t x2673 = (x2672 + x2552);
uint32_t x2675, uint32_t x2676 = mulx_u32(x25, x27);
uint32_t x2678, uint32_t x2679 = mulx_u32(x25, x29);
uint32_t x2681, uint32_t x2682 = mulx_u32(x25, x31);
uint32_t x2684, uint32_t x2685 = mulx_u32(x25, x33);
uint32_t x2687, uint32_t x2688 = mulx_u32(x25, x35);
uint32_t x2690, uint32_t x2691 = mulx_u32(x25, x37);
uint32_t x2693, uint32_t x2694 = mulx_u32(x25, x39);
uint32_t x2696, uint32_t x2697 = mulx_u32(x25, x41);
uint32_t x2699, uint32_t x2700 = mulx_u32(x25, x43);
uint32_t x2702, uint32_t x2703 = mulx_u32(x25, x45);
uint32_t x2705, uint32_t x2706 = mulx_u32(x25, x47);
uint32_t x2708, uint32_t x2709 = mulx_u32(x25, x49);
uint32_t x2711, uint32_t x2712 = mulx_u32(x25, x48);
uint32_t x2714, uint8_t x2715 = addcarryx_u32(0x0, x2676, x2678);
uint32_t x2717, uint8_t x2718 = addcarryx_u32(x2715, x2679, x2681);
uint32_t x2720, uint8_t x2721 = addcarryx_u32(x2718, x2682, x2684);
uint32_t x2723, uint8_t x2724 = addcarryx_u32(x2721, x2685, x2687);
uint32_t x2726, uint8_t x2727 = addcarryx_u32(x2724, x2688, x2690);
uint32_t x2729, uint8_t x2730 = addcarryx_u32(x2727, x2691, x2693);
uint32_t x2732, uint8_t x2733 = addcarryx_u32(x2730, x2694, x2696);
uint32_t x2735, uint8_t x2736 = addcarryx_u32(x2733, x2697, x2699);
uint32_t x2738, uint8_t x2739 = addcarryx_u32(x2736, x2700, x2702);
uint32_t x2741, uint8_t x2742 = addcarryx_u32(x2739, x2703, x2705);
uint32_t x2744, uint8_t x2745 = addcarryx_u32(x2742, x2706, x2708);
uint32_t x2747, uint8_t x2748 = addcarryx_u32(x2745, x2709, x2711);
uint32_t x2750, uint8_t _ = addcarryx_u32(0x0, x2748, x2712);
uint32_t x2753, uint8_t x2754 = addcarryx_u32(0x0, x2635, x2675);
uint32_t x2756, uint8_t x2757 = addcarryx_u32(x2754, x2638, x2714);
uint32_t x2759, uint8_t x2760 = addcarryx_u32(x2757, x2641, x2717);
uint32_t x2762, uint8_t x2763 = addcarryx_u32(x2760, x2644, x2720);
uint32_t x2765, uint8_t x2766 = addcarryx_u32(x2763, x2647, x2723);
uint32_t x2768, uint8_t x2769 = addcarryx_u32(x2766, x2650, x2726);
uint32_t x2771, uint8_t x2772 = addcarryx_u32(x2769, x2653, x2729);
uint32_t x2774, uint8_t x2775 = addcarryx_u32(x2772, x2656, x2732);
uint32_t x2777, uint8_t x2778 = addcarryx_u32(x2775, x2659, x2735);
uint32_t x2780, uint8_t x2781 = addcarryx_u32(x2778, x2662, x2738);
uint32_t x2783, uint8_t x2784 = addcarryx_u32(x2781, x2665, x2741);
uint32_t x2786, uint8_t x2787 = addcarryx_u32(x2784, x2668, x2744);
uint32_t x2789, uint8_t x2790 = addcarryx_u32(x2787, x2671, x2747);
uint32_t x2792, uint8_t x2793 = addcarryx_u32(x2790, x2673, x2750);
uint32_t x2795, uint32_t x2796 = mulx_u32(x2753, 0xffffffff);
uint32_t x2798, uint32_t x2799 = mulx_u32(x2753, 0xffffffff);
uint32_t x2801, uint32_t x2802 = mulx_u32(x2753, 0xffffffff);
uint32_t x2804, uint32_t x2805 = mulx_u32(x2753, 0xffffffff);
uint32_t x2807, uint32_t x2808 = mulx_u32(x2753, 0xffffffff);
uint32_t x2810, uint32_t x2811 = mulx_u32(x2753, 0xffffffff);
uint32_t x2813, uint32_t x2814 = mulx_u32(x2753, 0xfffeffff);
uint32_t x2816, uint32_t x2817 = mulx_u32(x2753, 0xffffffff);
uint32_t x2819, uint32_t x2820 = mulx_u32(x2753, 0xffffffff);
uint32_t x2822, uint32_t x2823 = mulx_u32(x2753, 0xffffffff);
uint32_t x2825, uint32_t x2826 = mulx_u32(x2753, 0xffffffff);
uint32_t x2828, uint32_t x2829 = mulx_u32(x2753, 0xffffffff);
uint32_t x2831, uint32_t x2832 = mulx_u32(x2753, 0xffffffff);
uint32_t x2834, uint8_t x2835 = addcarryx_u32(0x0, x2796, x2798);
uint32_t x2837, uint8_t x2838 = addcarryx_u32(x2835, x2799, x2801);
uint32_t x2840, uint8_t x2841 = addcarryx_u32(x2838, x2802, x2804);
uint32_t x2843, uint8_t x2844 = addcarryx_u32(x2841, x2805, x2807);
uint32_t x2846, uint8_t x2847 = addcarryx_u32(x2844, x2808, x2810);
uint32_t x2849, uint8_t x2850 = addcarryx_u32(x2847, x2811, x2813);
uint32_t x2852, uint8_t x2853 = addcarryx_u32(x2850, x2814, x2816);
uint32_t x2855, uint8_t x2856 = addcarryx_u32(x2853, x2817, x2819);
uint32_t x2858, uint8_t x2859 = addcarryx_u32(x2856, x2820, x2822);
uint32_t x2861, uint8_t x2862 = addcarryx_u32(x2859, x2823, x2825);
uint32_t x2864, uint8_t x2865 = addcarryx_u32(x2862, x2826, x2828);
uint32_t x2867, uint8_t x2868 = addcarryx_u32(x2865, x2829, x2831);
uint32_t x2870, uint8_t _ = addcarryx_u32(0x0, x2868, x2832);
uint32_t _, uint8_t x2874 = addcarryx_u32(0x0, x2753, x2795);
uint32_t x2876, uint8_t x2877 = addcarryx_u32(x2874, x2756, x2834);
uint32_t x2879, uint8_t x2880 = addcarryx_u32(x2877, x2759, x2837);
uint32_t x2882, uint8_t x2883 = addcarryx_u32(x2880, x2762, x2840);
uint32_t x2885, uint8_t x2886 = addcarryx_u32(x2883, x2765, x2843);
uint32_t x2888, uint8_t x2889 = addcarryx_u32(x2886, x2768, x2846);
uint32_t x2891, uint8_t x2892 = addcarryx_u32(x2889, x2771, x2849);
uint32_t x2894, uint8_t x2895 = addcarryx_u32(x2892, x2774, x2852);
uint32_t x2897, uint8_t x2898 = addcarryx_u32(x2895, x2777, x2855);
uint32_t x2900, uint8_t x2901 = addcarryx_u32(x2898, x2780, x2858);
uint32_t x2903, uint8_t x2904 = addcarryx_u32(x2901, x2783, x2861);
uint32_t x2906, uint8_t x2907 = addcarryx_u32(x2904, x2786, x2864);
uint32_t x2909, uint8_t x2910 = addcarryx_u32(x2907, x2789, x2867);
uint32_t x2912, uint8_t x2913 = addcarryx_u32(x2910, x2792, x2870);
uint8_t x2914 = (x2913 + x2793);
uint32_t x2916, uint32_t x2917 = mulx_u32(x24, x27);
uint32_t x2919, uint32_t x2920 = mulx_u32(x24, x29);
uint32_t x2922, uint32_t x2923 = mulx_u32(x24, x31);
uint32_t x2925, uint32_t x2926 = mulx_u32(x24, x33);
uint32_t x2928, uint32_t x2929 = mulx_u32(x24, x35);
uint32_t x2931, uint32_t x2932 = mulx_u32(x24, x37);
uint32_t x2934, uint32_t x2935 = mulx_u32(x24, x39);
uint32_t x2937, uint32_t x2938 = mulx_u32(x24, x41);
uint32_t x2940, uint32_t x2941 = mulx_u32(x24, x43);
uint32_t x2943, uint32_t x2944 = mulx_u32(x24, x45);
uint32_t x2946, uint32_t x2947 = mulx_u32(x24, x47);
uint32_t x2949, uint32_t x2950 = mulx_u32(x24, x49);
uint32_t x2952, uint32_t x2953 = mulx_u32(x24, x48);
uint32_t x2955, uint8_t x2956 = addcarryx_u32(0x0, x2917, x2919);
uint32_t x2958, uint8_t x2959 = addcarryx_u32(x2956, x2920, x2922);
uint32_t x2961, uint8_t x2962 = addcarryx_u32(x2959, x2923, x2925);
uint32_t x2964, uint8_t x2965 = addcarryx_u32(x2962, x2926, x2928);
uint32_t x2967, uint8_t x2968 = addcarryx_u32(x2965, x2929, x2931);
uint32_t x2970, uint8_t x2971 = addcarryx_u32(x2968, x2932, x2934);
uint32_t x2973, uint8_t x2974 = addcarryx_u32(x2971, x2935, x2937);
uint32_t x2976, uint8_t x2977 = addcarryx_u32(x2974, x2938, x2940);
uint32_t x2979, uint8_t x2980 = addcarryx_u32(x2977, x2941, x2943);
uint32_t x2982, uint8_t x2983 = addcarryx_u32(x2980, x2944, x2946);
uint32_t x2985, uint8_t x2986 = addcarryx_u32(x2983, x2947, x2949);
uint32_t x2988, uint8_t x2989 = addcarryx_u32(x2986, x2950, x2952);
uint32_t x2991, uint8_t _ = addcarryx_u32(0x0, x2989, x2953);
uint32_t x2994, uint8_t x2995 = addcarryx_u32(0x0, x2876, x2916);
uint32_t x2997, uint8_t x2998 = addcarryx_u32(x2995, x2879, x2955);
uint32_t x3000, uint8_t x3001 = addcarryx_u32(x2998, x2882, x2958);
uint32_t x3003, uint8_t x3004 = addcarryx_u32(x3001, x2885, x2961);
uint32_t x3006, uint8_t x3007 = addcarryx_u32(x3004, x2888, x2964);
uint32_t x3009, uint8_t x3010 = addcarryx_u32(x3007, x2891, x2967);
uint32_t x3012, uint8_t x3013 = addcarryx_u32(x3010, x2894, x2970);
uint32_t x3015, uint8_t x3016 = addcarryx_u32(x3013, x2897, x2973);
uint32_t x3018, uint8_t x3019 = addcarryx_u32(x3016, x2900, x2976);
uint32_t x3021, uint8_t x3022 = addcarryx_u32(x3019, x2903, x2979);
uint32_t x3024, uint8_t x3025 = addcarryx_u32(x3022, x2906, x2982);
uint32_t x3027, uint8_t x3028 = addcarryx_u32(x3025, x2909, x2985);
uint32_t x3030, uint8_t x3031 = addcarryx_u32(x3028, x2912, x2988);
uint32_t x3033, uint8_t x3034 = addcarryx_u32(x3031, x2914, x2991);
uint32_t x3036, uint32_t x3037 = mulx_u32(x2994, 0xffffffff);
uint32_t x3039, uint32_t x3040 = mulx_u32(x2994, 0xffffffff);
uint32_t x3042, uint32_t x3043 = mulx_u32(x2994, 0xffffffff);
uint32_t x3045, uint32_t x3046 = mulx_u32(x2994, 0xffffffff);
uint32_t x3048, uint32_t x3049 = mulx_u32(x2994, 0xffffffff);
uint32_t x3051, uint32_t x3052 = mulx_u32(x2994, 0xffffffff);
uint32_t x3054, uint32_t x3055 = mulx_u32(x2994, 0xfffeffff);
uint32_t x3057, uint32_t x3058 = mulx_u32(x2994, 0xffffffff);
uint32_t x3060, uint32_t x3061 = mulx_u32(x2994, 0xffffffff);
uint32_t x3063, uint32_t x3064 = mulx_u32(x2994, 0xffffffff);
uint32_t x3066, uint32_t x3067 = mulx_u32(x2994, 0xffffffff);
uint32_t x3069, uint32_t x3070 = mulx_u32(x2994, 0xffffffff);
uint32_t x3072, uint32_t x3073 = mulx_u32(x2994, 0xffffffff);
uint32_t x3075, uint8_t x3076 = addcarryx_u32(0x0, x3037, x3039);
uint32_t x3078, uint8_t x3079 = addcarryx_u32(x3076, x3040, x3042);
uint32_t x3081, uint8_t x3082 = addcarryx_u32(x3079, x3043, x3045);
uint32_t x3084, uint8_t x3085 = addcarryx_u32(x3082, x3046, x3048);
uint32_t x3087, uint8_t x3088 = addcarryx_u32(x3085, x3049, x3051);
uint32_t x3090, uint8_t x3091 = addcarryx_u32(x3088, x3052, x3054);
uint32_t x3093, uint8_t x3094 = addcarryx_u32(x3091, x3055, x3057);
uint32_t x3096, uint8_t x3097 = addcarryx_u32(x3094, x3058, x3060);
uint32_t x3099, uint8_t x3100 = addcarryx_u32(x3097, x3061, x3063);
uint32_t x3102, uint8_t x3103 = addcarryx_u32(x3100, x3064, x3066);
uint32_t x3105, uint8_t x3106 = addcarryx_u32(x3103, x3067, x3069);
uint32_t x3108, uint8_t x3109 = addcarryx_u32(x3106, x3070, x3072);
uint32_t x3111, uint8_t _ = addcarryx_u32(0x0, x3109, x3073);
uint32_t _, uint8_t x3115 = addcarryx_u32(0x0, x2994, x3036);
uint32_t x3117, uint8_t x3118 = addcarryx_u32(x3115, x2997, x3075);
uint32_t x3120, uint8_t x3121 = addcarryx_u32(x3118, x3000, x3078);
uint32_t x3123, uint8_t x3124 = addcarryx_u32(x3121, x3003, x3081);
uint32_t x3126, uint8_t x3127 = addcarryx_u32(x3124, x3006, x3084);
uint32_t x3129, uint8_t x3130 = addcarryx_u32(x3127, x3009, x3087);
uint32_t x3132, uint8_t x3133 = addcarryx_u32(x3130, x3012, x3090);
uint32_t x3135, uint8_t x3136 = addcarryx_u32(x3133, x3015, x3093);
uint32_t x3138, uint8_t x3139 = addcarryx_u32(x3136, x3018, x3096);
uint32_t x3141, uint8_t x3142 = addcarryx_u32(x3139, x3021, x3099);
uint32_t x3144, uint8_t x3145 = addcarryx_u32(x3142, x3024, x3102);
uint32_t x3147, uint8_t x3148 = addcarryx_u32(x3145, x3027, x3105);
uint32_t x3150, uint8_t x3151 = addcarryx_u32(x3148, x3030, x3108);
uint32_t x3153, uint8_t x3154 = addcarryx_u32(x3151, x3033, x3111);
uint8_t x3155 = (x3154 + x3034);
uint32_t x3157, uint8_t x3158 = subborrow_u32(0x0, x3117, 0xffffffff);
uint32_t x3160, uint8_t x3161 = subborrow_u32(x3158, x3120, 0xffffffff);
uint32_t x3163, uint8_t x3164 = subborrow_u32(x3161, x3123, 0xffffffff);
uint32_t x3166, uint8_t x3167 = subborrow_u32(x3164, x3126, 0xffffffff);
uint32_t x3169, uint8_t x3170 = subborrow_u32(x3167, x3129, 0xffffffff);
uint32_t x3172, uint8_t x3173 = subborrow_u32(x3170, x3132, 0xffffffff);
uint32_t x3175, uint8_t x3176 = subborrow_u32(x3173, x3135, 0xfffeffff);
uint32_t x3178, uint8_t x3179 = subborrow_u32(x3176, x3138, 0xffffffff);
uint32_t x3181, uint8_t x3182 = subborrow_u32(x3179, x3141, 0xffffffff);
uint32_t x3184, uint8_t x3185 = subborrow_u32(x3182, x3144, 0xffffffff);
uint32_t x3187, uint8_t x3188 = subborrow_u32(x3185, x3147, 0xffffffff);
uint32_t x3190, uint8_t x3191 = subborrow_u32(x3188, x3150, 0xffffffff);
uint32_t x3193, uint8_t x3194 = subborrow_u32(x3191, x3153, 0xffffffff);
uint32_t _, uint8_t x3197 = subborrow_u32(x3194, x3155, 0x0);
(cmovznz32(x3197, x3193, x3153), cmovznz32(x3197, x3190, x3150), cmovznz32(x3197, x3187, x3147), cmovznz32(x3197, x3184, x3144), cmovznz32(x3197, x3181, x3141), cmovznz32(x3197, x3178, x3138), cmovznz32(x3197, x3175, x3135), cmovznz32(x3197, x3172, x3132), cmovznz32(x3197, x3169, x3129), cmovznz32(x3197, x3166, x3126), cmovznz32(x3197, x3163, x3123), cmovznz32(x3197, x3160, x3120), cmovznz32(x3197, x3157, x3117))
     : ∀ var : Z.Syntax.base_type → Type, expr Z.Syntax.base_type Z.Syntax.op (uint32_t * uint32_t * uint32_t * uint32_t * uint32_t * uint32_t * uint32_t * uint32_t * uint32_t * uint32_t * uint32_t * uint32_t * uint32_t * (uint32_t * uint32_t * uint32_t * uint32_t * uint32_t * uint32_t * uint32_t * uint32_t * uint32_t * uint32_t * uint32_t * uint32_t * uint32_t) -> uint32_t * uint32_t * uint32_t * uint32_t * uint32_t * uint32_t * uint32_t * uint32_t * uint32_t * uint32_t * uint32_t * uint32_t * uint32_t)

Argument scope is [function_scope]
