square = λ var : Z.Syntax.base_type → Type,
λ '(x38, x39, x37, x35, x33, x31, x29, x27, x25, x23, x21, x19, x17, x15, x13, x11, x9, x7, x5, x3, x1)%core,
uint64_t x40 = (0x2 * ((uint64_t)x38 * x38));
uint64_t x41 = (((uint64_t)x39 * x38) + ((uint64_t)x38 * x39));
uint64_t x42 = ((0x2 * ((uint64_t)x37 * x38)) + (((uint64_t)x39 * x39) + (0x2 * ((uint64_t)x38 * x37))));
uint64_t x43 = (((uint64_t)x35 * x38) + (((uint64_t)x37 * x39) + (((uint64_t)x39 * x37) + ((uint64_t)x38 * x35))));
uint64_t x44 = ((0x2 * ((uint64_t)x33 * x38)) + (((uint64_t)x35 * x39) + ((0x2 * ((uint64_t)x37 * x37)) + (((uint64_t)x39 * x35) + (0x2 * ((uint64_t)x38 * x33))))));
uint64_t x45 = ((0x2 * ((uint64_t)x31 * x38)) + ((0x2 * ((uint64_t)x33 * x39)) + ((0x2 * ((uint64_t)x35 * x37)) + ((0x2 * ((uint64_t)x37 * x35)) + ((0x2 * ((uint64_t)x39 * x33)) + (0x2 * ((uint64_t)x38 * x31)))))));
uint64_t x46 = (((uint64_t)x29 * x38) + (((uint64_t)x31 * x39) + ((0x2 * ((uint64_t)x33 * x37)) + (((uint64_t)x35 * x35) + ((0x2 * ((uint64_t)x37 * x33)) + (((uint64_t)x39 * x31) + ((uint64_t)x38 * x29)))))));
uint64_t x47 = ((0x2 * ((uint64_t)x27 * x38)) + (((uint64_t)x29 * x39) + ((0x2 * ((uint64_t)x31 * x37)) + ((0x2 * ((uint64_t)x33 * x35)) + ((0x2 * ((uint64_t)x35 * x33)) + ((0x2 * ((uint64_t)x37 * x31)) + (((uint64_t)x39 * x29) + (0x2 * ((uint64_t)x38 * x27)))))))));
uint64_t x48 = (((uint64_t)x25 * x38) + (((uint64_t)x27 * x39) + (((uint64_t)x29 * x37) + (((uint64_t)x31 * x35) + ((0x2 * ((uint64_t)x33 * x33)) + (((uint64_t)x35 * x31) + (((uint64_t)x37 * x29) + (((uint64_t)x39 * x27) + ((uint64_t)x38 * x25)))))))));
uint64_t x49 = ((0x2 * ((uint64_t)x23 * x38)) + (((uint64_t)x25 * x39) + ((0x2 * ((uint64_t)x27 * x37)) + (((uint64_t)x29 * x35) + ((0x2 * ((uint64_t)x31 * x33)) + ((0x2 * ((uint64_t)x33 * x31)) + (((uint64_t)x35 * x29) + ((0x2 * ((uint64_t)x37 * x27)) + (((uint64_t)x39 * x25) + (0x2 * ((uint64_t)x38 * x23)))))))))));
uint64_t x50 = (((uint64_t)x21 * x38) + (((uint64_t)x23 * x39) + (((uint64_t)x25 * x37) + (((uint64_t)x27 * x35) + (((uint64_t)x29 * x33) + (((uint64_t)x31 * x31) + (((uint64_t)x33 * x29) + (((uint64_t)x35 * x27) + (((uint64_t)x37 * x25) + (((uint64_t)x39 * x23) + ((uint64_t)x38 * x21)))))))))));
uint64_t x51 = ((0x2 * ((uint64_t)x19 * x38)) + (((uint64_t)x21 * x39) + ((0x2 * ((uint64_t)x23 * x37)) + (((uint64_t)x25 * x35) + ((0x2 * ((uint64_t)x27 * x33)) + (((uint64_t)x29 * x31) + (((uint64_t)x31 * x29) + ((0x2 * ((uint64_t)x33 * x27)) + (((uint64_t)x35 * x25) + ((0x2 * ((uint64_t)x37 * x23)) + (((uint64_t)x39 * x21) + (0x2 * ((uint64_t)x38 * x19)))))))))))));
uint64_t x52 = ((0x2 * ((uint64_t)x17 * x38)) + ((0x2 * ((uint64_t)x19 * x39)) + ((0x2 * ((uint64_t)x21 * x37)) + ((0x2 * ((uint64_t)x23 * x35)) + ((0x2 * ((uint64_t)x25 * x33)) + ((0x2 * ((uint64_t)x27 * x31)) + (((uint64_t)x29 * x29) + ((0x2 * ((uint64_t)x31 * x27)) + ((0x2 * ((uint64_t)x33 * x25)) + ((0x2 * ((uint64_t)x35 * x23)) + ((0x2 * ((uint64_t)x37 * x21)) + ((0x2 * ((uint64_t)x39 * x19)) + (0x2 * ((uint64_t)x38 * x17))))))))))))));
uint64_t x53 = (((uint64_t)x15 * x38) + (((uint64_t)x17 * x39) + ((0x2 * ((uint64_t)x19 * x37)) + (((uint64_t)x21 * x35) + ((0x2 * ((uint64_t)x23 * x33)) + (((uint64_t)x25 * x31) + (((uint64_t)x27 * x29) + (((uint64_t)x29 * x27) + (((uint64_t)x31 * x25) + ((0x2 * ((uint64_t)x33 * x23)) + (((uint64_t)x35 * x21) + ((0x2 * ((uint64_t)x37 * x19)) + (((uint64_t)x39 * x17) + ((uint64_t)x38 * x15))))))))))))));
uint64_t x54 = ((0x2 * ((uint64_t)x13 * x38)) + (((uint64_t)x15 * x39) + ((0x2 * ((uint64_t)x17 * x37)) + ((0x2 * ((uint64_t)x19 * x35)) + ((0x2 * ((uint64_t)x21 * x33)) + ((0x2 * ((uint64_t)x23 * x31)) + (((uint64_t)x25 * x29) + ((0x2 * ((uint64_t)x27 * x27)) + (((uint64_t)x29 * x25) + ((0x2 * ((uint64_t)x31 * x23)) + ((0x2 * ((uint64_t)x33 * x21)) + ((0x2 * ((uint64_t)x35 * x19)) + ((0x2 * ((uint64_t)x37 * x17)) + (((uint64_t)x39 * x15) + (0x2 * ((uint64_t)x38 * x13))))))))))))))));
uint64_t x55 = (((uint64_t)x11 * x38) + (((uint64_t)x13 * x39) + (((uint64_t)x15 * x37) + (((uint64_t)x17 * x35) + ((0x2 * ((uint64_t)x19 * x33)) + (((uint64_t)x21 * x31) + (((uint64_t)x23 * x29) + (((uint64_t)x25 * x27) + (((uint64_t)x27 * x25) + (((uint64_t)x29 * x23) + (((uint64_t)x31 * x21) + ((0x2 * ((uint64_t)x33 * x19)) + (((uint64_t)x35 * x17) + (((uint64_t)x37 * x15) + (((uint64_t)x39 * x13) + ((uint64_t)x38 * x11))))))))))))))));
uint64_t x56 = ((0x2 * ((uint64_t)x9 * x38)) + (((uint64_t)x11 * x39) + ((0x2 * ((uint64_t)x13 * x37)) + (((uint64_t)x15 * x35) + ((0x2 * ((uint64_t)x17 * x33)) + ((0x2 * ((uint64_t)x19 * x31)) + (((uint64_t)x21 * x29) + ((0x2 * ((uint64_t)x23 * x27)) + (((uint64_t)x25 * x25) + ((0x2 * ((uint64_t)x27 * x23)) + (((uint64_t)x29 * x21) + ((0x2 * ((uint64_t)x31 * x19)) + ((0x2 * ((uint64_t)x33 * x17)) + (((uint64_t)x35 * x15) + ((0x2 * ((uint64_t)x37 * x13)) + (((uint64_t)x39 * x11) + (0x2 * ((uint64_t)x38 * x9))))))))))))))))));
uint64_t x57 = (((uint64_t)x7 * x38) + (((uint64_t)x9 * x39) + (((uint64_t)x11 * x37) + (((uint64_t)x13 * x35) + (((uint64_t)x15 * x33) + (((uint64_t)x17 * x31) + (((uint64_t)x19 * x29) + (((uint64_t)x21 * x27) + (((uint64_t)x23 * x25) + (((uint64_t)x25 * x23) + (((uint64_t)x27 * x21) + (((uint64_t)x29 * x19) + (((uint64_t)x31 * x17) + (((uint64_t)x33 * x15) + (((uint64_t)x35 * x13) + (((uint64_t)x37 * x11) + (((uint64_t)x39 * x9) + ((uint64_t)x38 * x7))))))))))))))))));
uint64_t x58 = ((0x2 * ((uint64_t)x5 * x38)) + (((uint64_t)x7 * x39) + ((0x2 * ((uint64_t)x9 * x37)) + (((uint64_t)x11 * x35) + ((0x2 * ((uint64_t)x13 * x33)) + (((uint64_t)x15 * x31) + (((uint64_t)x17 * x29) + ((0x2 * ((uint64_t)x19 * x27)) + (((uint64_t)x21 * x25) + ((0x2 * ((uint64_t)x23 * x23)) + (((uint64_t)x25 * x21) + ((0x2 * ((uint64_t)x27 * x19)) + (((uint64_t)x29 * x17) + (((uint64_t)x31 * x15) + ((0x2 * ((uint64_t)x33 * x13)) + (((uint64_t)x35 * x11) + ((0x2 * ((uint64_t)x37 * x9)) + (((uint64_t)x39 * x7) + (0x2 * ((uint64_t)x38 * x5))))))))))))))))))));
uint64_t x59 = ((0x2 * ((uint64_t)x3 * x38)) + ((0x2 * ((uint64_t)x5 * x39)) + ((0x2 * ((uint64_t)x7 * x37)) + ((0x2 * ((uint64_t)x9 * x35)) + ((0x2 * ((uint64_t)x11 * x33)) + ((0x2 * ((uint64_t)x13 * x31)) + (((uint64_t)x15 * x29) + ((0x2 * ((uint64_t)x17 * x27)) + ((0x2 * ((uint64_t)x19 * x25)) + ((0x2 * ((uint64_t)x21 * x23)) + ((0x2 * ((uint64_t)x23 * x21)) + ((0x2 * ((uint64_t)x25 * x19)) + ((0x2 * ((uint64_t)x27 * x17)) + (((uint64_t)x29 * x15) + ((0x2 * ((uint64_t)x31 * x13)) + ((0x2 * ((uint64_t)x33 * x11)) + ((0x2 * ((uint64_t)x35 * x9)) + ((0x2 * ((uint64_t)x37 * x7)) + ((0x2 * ((uint64_t)x39 * x5)) + (0x2 * ((uint64_t)x38 * x3)))))))))))))))))))));
uint64_t x60 = (((uint64_t)x1 * x38) + (((uint64_t)x3 * x39) + ((0x2 * ((uint64_t)x5 * x37)) + (((uint64_t)x7 * x35) + ((0x2 * ((uint64_t)x9 * x33)) + (((uint64_t)x11 * x31) + (((uint64_t)x13 * x29) + (((uint64_t)x15 * x27) + (((uint64_t)x17 * x25) + ((0x2 * ((uint64_t)x19 * x23)) + (((uint64_t)x21 * x21) + ((0x2 * ((uint64_t)x23 * x19)) + (((uint64_t)x25 * x17) + (((uint64_t)x27 * x15) + (((uint64_t)x29 * x13) + (((uint64_t)x31 * x11) + ((0x2 * ((uint64_t)x33 * x9)) + (((uint64_t)x35 * x7) + ((0x2 * ((uint64_t)x37 * x5)) + (((uint64_t)x39 * x3) + ((uint64_t)x38 * x1)))))))))))))))))))));
uint64_t x61 = (((uint64_t)x1 * x39) + ((0x2 * ((uint64_t)x3 * x37)) + ((0x2 * ((uint64_t)x5 * x35)) + ((0x2 * ((uint64_t)x7 * x33)) + ((0x2 * ((uint64_t)x9 * x31)) + (((uint64_t)x11 * x29) + ((0x2 * ((uint64_t)x13 * x27)) + (((uint64_t)x15 * x25) + ((0x2 * ((uint64_t)x17 * x23)) + ((0x2 * ((uint64_t)x19 * x21)) + ((0x2 * ((uint64_t)x21 * x19)) + ((0x2 * ((uint64_t)x23 * x17)) + (((uint64_t)x25 * x15) + ((0x2 * ((uint64_t)x27 * x13)) + (((uint64_t)x29 * x11) + ((0x2 * ((uint64_t)x31 * x9)) + ((0x2 * ((uint64_t)x33 * x7)) + ((0x2 * ((uint64_t)x35 * x5)) + ((0x2 * ((uint64_t)x37 * x3)) + ((uint64_t)x39 * x1))))))))))))))))))));
uint64_t x62 = (((uint64_t)x1 * x37) + (((uint64_t)x3 * x35) + ((0x2 * ((uint64_t)x5 * x33)) + (((uint64_t)x7 * x31) + (((uint64_t)x9 * x29) + (((uint64_t)x11 * x27) + (((uint64_t)x13 * x25) + (((uint64_t)x15 * x23) + (((uint64_t)x17 * x21) + ((0x2 * ((uint64_t)x19 * x19)) + (((uint64_t)x21 * x17) + (((uint64_t)x23 * x15) + (((uint64_t)x25 * x13) + (((uint64_t)x27 * x11) + (((uint64_t)x29 * x9) + (((uint64_t)x31 * x7) + ((0x2 * ((uint64_t)x33 * x5)) + (((uint64_t)x35 * x3) + ((uint64_t)x37 * x1)))))))))))))))))));
uint64_t x63 = (((uint64_t)x1 * x35) + ((0x2 * ((uint64_t)x3 * x33)) + ((0x2 * ((uint64_t)x5 * x31)) + (((uint64_t)x7 * x29) + ((0x2 * ((uint64_t)x9 * x27)) + (((uint64_t)x11 * x25) + ((0x2 * ((uint64_t)x13 * x23)) + (((uint64_t)x15 * x21) + ((0x2 * ((uint64_t)x17 * x19)) + ((0x2 * ((uint64_t)x19 * x17)) + (((uint64_t)x21 * x15) + ((0x2 * ((uint64_t)x23 * x13)) + (((uint64_t)x25 * x11) + ((0x2 * ((uint64_t)x27 * x9)) + (((uint64_t)x29 * x7) + ((0x2 * ((uint64_t)x31 * x5)) + ((0x2 * ((uint64_t)x33 * x3)) + ((uint64_t)x35 * x1))))))))))))))))));
uint64_t x64 = (((uint64_t)x1 * x33) + (((uint64_t)x3 * x31) + (((uint64_t)x5 * x29) + (((uint64_t)x7 * x27) + (((uint64_t)x9 * x25) + (((uint64_t)x11 * x23) + (((uint64_t)x13 * x21) + (((uint64_t)x15 * x19) + (((uint64_t)x17 * x17) + (((uint64_t)x19 * x15) + (((uint64_t)x21 * x13) + (((uint64_t)x23 * x11) + (((uint64_t)x25 * x9) + (((uint64_t)x27 * x7) + (((uint64_t)x29 * x5) + (((uint64_t)x31 * x3) + ((uint64_t)x33 * x1)))))))))))))))));
uint64_t x65 = (((uint64_t)x1 * x31) + (((uint64_t)x3 * x29) + ((0x2 * ((uint64_t)x5 * x27)) + (((uint64_t)x7 * x25) + ((0x2 * ((uint64_t)x9 * x23)) + (((uint64_t)x11 * x21) + ((0x2 * ((uint64_t)x13 * x19)) + (((uint64_t)x15 * x17) + (((uint64_t)x17 * x15) + ((0x2 * ((uint64_t)x19 * x13)) + (((uint64_t)x21 * x11) + ((0x2 * ((uint64_t)x23 * x9)) + (((uint64_t)x25 * x7) + ((0x2 * ((uint64_t)x27 * x5)) + (((uint64_t)x29 * x3) + ((uint64_t)x31 * x1))))))))))))))));
uint64_t x66 = (((uint64_t)x1 * x29) + ((0x2 * ((uint64_t)x3 * x27)) + ((0x2 * ((uint64_t)x5 * x25)) + ((0x2 * ((uint64_t)x7 * x23)) + ((0x2 * ((uint64_t)x9 * x21)) + ((0x2 * ((uint64_t)x11 * x19)) + ((0x2 * ((uint64_t)x13 * x17)) + (((uint64_t)x15 * x15) + ((0x2 * ((uint64_t)x17 * x13)) + ((0x2 * ((uint64_t)x19 * x11)) + ((0x2 * ((uint64_t)x21 * x9)) + ((0x2 * ((uint64_t)x23 * x7)) + ((0x2 * ((uint64_t)x25 * x5)) + ((0x2 * ((uint64_t)x27 * x3)) + ((uint64_t)x29 * x1)))))))))))))));
uint64_t x67 = (((uint64_t)x1 * x27) + (((uint64_t)x3 * x25) + ((0x2 * ((uint64_t)x5 * x23)) + (((uint64_t)x7 * x21) + ((0x2 * ((uint64_t)x9 * x19)) + (((uint64_t)x11 * x17) + (((uint64_t)x13 * x15) + (((uint64_t)x15 * x13) + (((uint64_t)x17 * x11) + ((0x2 * ((uint64_t)x19 * x9)) + (((uint64_t)x21 * x7) + ((0x2 * ((uint64_t)x23 * x5)) + (((uint64_t)x25 * x3) + ((uint64_t)x27 * x1))))))))))))));
uint64_t x68 = (((uint64_t)x1 * x25) + ((0x2 * ((uint64_t)x3 * x23)) + ((0x2 * ((uint64_t)x5 * x21)) + ((0x2 * ((uint64_t)x7 * x19)) + ((0x2 * ((uint64_t)x9 * x17)) + (((uint64_t)x11 * x15) + ((0x2 * ((uint64_t)x13 * x13)) + (((uint64_t)x15 * x11) + ((0x2 * ((uint64_t)x17 * x9)) + ((0x2 * ((uint64_t)x19 * x7)) + ((0x2 * ((uint64_t)x21 * x5)) + ((0x2 * ((uint64_t)x23 * x3)) + ((uint64_t)x25 * x1)))))))))))));
uint64_t x69 = (((uint64_t)x1 * x23) + (((uint64_t)x3 * x21) + ((0x2 * ((uint64_t)x5 * x19)) + (((uint64_t)x7 * x17) + (((uint64_t)x9 * x15) + (((uint64_t)x11 * x13) + (((uint64_t)x13 * x11) + (((uint64_t)x15 * x9) + (((uint64_t)x17 * x7) + ((0x2 * ((uint64_t)x19 * x5)) + (((uint64_t)x21 * x3) + ((uint64_t)x23 * x1))))))))))));
uint64_t x70 = (((uint64_t)x1 * x21) + ((0x2 * ((uint64_t)x3 * x19)) + ((0x2 * ((uint64_t)x5 * x17)) + (((uint64_t)x7 * x15) + ((0x2 * ((uint64_t)x9 * x13)) + (((uint64_t)x11 * x11) + ((0x2 * ((uint64_t)x13 * x9)) + (((uint64_t)x15 * x7) + ((0x2 * ((uint64_t)x17 * x5)) + ((0x2 * ((uint64_t)x19 * x3)) + ((uint64_t)x21 * x1)))))))))));
uint64_t x71 = (((uint64_t)x1 * x19) + (((uint64_t)x3 * x17) + (((uint64_t)x5 * x15) + (((uint64_t)x7 * x13) + (((uint64_t)x9 * x11) + (((uint64_t)x11 * x9) + (((uint64_t)x13 * x7) + (((uint64_t)x15 * x5) + (((uint64_t)x17 * x3) + ((uint64_t)x19 * x1))))))))));
uint64_t x72 = (((uint64_t)x1 * x17) + (((uint64_t)x3 * x15) + ((0x2 * ((uint64_t)x5 * x13)) + (((uint64_t)x7 * x11) + ((0x2 * ((uint64_t)x9 * x9)) + (((uint64_t)x11 * x7) + ((0x2 * ((uint64_t)x13 * x5)) + (((uint64_t)x15 * x3) + ((uint64_t)x17 * x1)))))))));
uint64_t x73 = (((uint64_t)x1 * x15) + ((0x2 * ((uint64_t)x3 * x13)) + ((0x2 * ((uint64_t)x5 * x11)) + ((0x2 * ((uint64_t)x7 * x9)) + ((0x2 * ((uint64_t)x9 * x7)) + ((0x2 * ((uint64_t)x11 * x5)) + ((0x2 * ((uint64_t)x13 * x3)) + ((uint64_t)x15 * x1))))))));
uint64_t x74 = (((uint64_t)x1 * x13) + (((uint64_t)x3 * x11) + ((0x2 * ((uint64_t)x5 * x9)) + (((uint64_t)x7 * x7) + ((0x2 * ((uint64_t)x9 * x5)) + (((uint64_t)x11 * x3) + ((uint64_t)x13 * x1)))))));
uint64_t x75 = (((uint64_t)x1 * x11) + ((0x2 * ((uint64_t)x3 * x9)) + ((0x2 * ((uint64_t)x5 * x7)) + ((0x2 * ((uint64_t)x7 * x5)) + ((0x2 * ((uint64_t)x9 * x3)) + ((uint64_t)x11 * x1))))));
uint64_t x76 = (((uint64_t)x1 * x9) + (((uint64_t)x3 * x7) + ((0x2 * ((uint64_t)x5 * x5)) + (((uint64_t)x7 * x3) + ((uint64_t)x9 * x1)))));
uint64_t x77 = (((uint64_t)x1 * x7) + ((0x2 * ((uint64_t)x3 * x5)) + ((0x2 * ((uint64_t)x5 * x3)) + ((uint64_t)x7 * x1))));
uint64_t x78 = (((uint64_t)x1 * x5) + (((uint64_t)x3 * x3) + ((uint64_t)x5 * x1)));
uint64_t x79 = (((uint64_t)x1 * x3) + ((uint64_t)x3 * x1));
uint64_t x80 = ((uint64_t)x1 * x1);
uint64_t x81 = (x61 + (0x1f * x40));
uint64_t x82 = (x62 + (0x1f * x41));
uint64_t x83 = (x63 + (0x1f * x42));
uint64_t x84 = (x64 + (0x1f * x43));
uint64_t x85 = (x65 + (0x1f * x44));
uint64_t x86 = (x66 + (0x1f * x45));
uint64_t x87 = (x67 + (0x1f * x46));
uint64_t x88 = (x68 + (0x1f * x47));
uint64_t x89 = (x69 + (0x1f * x48));
uint64_t x90 = (x70 + (0x1f * x49));
uint64_t x91 = (x71 + (0x1f * x50));
uint64_t x92 = (x72 + (0x1f * x51));
uint64_t x93 = (x73 + (0x1f * x52));
uint64_t x94 = (x74 + (0x1f * x53));
uint64_t x95 = (x75 + (0x1f * x54));
uint64_t x96 = (x76 + (0x1f * x55));
uint64_t x97 = (x77 + (0x1f * x56));
uint64_t x98 = (x78 + (0x1f * x57));
uint64_t x99 = (x79 + (0x1f * x58));
uint64_t x100 = (x80 + (0x1f * x59));
uint64_t x101 = (x100 >> 0x18);
uint32_t x102 = ((uint32_t)x100 & 0xffffff);
uint64_t x103 = (x101 + x99);
uint64_t x104 = (x103 >> 0x18);
uint32_t x105 = ((uint32_t)x103 & 0xffffff);
uint64_t x106 = (x104 + x98);
uint64_t x107 = (x106 >> 0x17);
uint32_t x108 = ((uint32_t)x106 & 0x7fffff);
uint64_t x109 = (x107 + x97);
uint64_t x110 = (x109 >> 0x18);
uint32_t x111 = ((uint32_t)x109 & 0xffffff);
uint64_t x112 = (x110 + x96);
uint64_t x113 = (x112 >> 0x17);
uint32_t x114 = ((uint32_t)x112 & 0x7fffff);
uint64_t x115 = (x113 + x95);
uint64_t x116 = (x115 >> 0x18);
uint32_t x117 = ((uint32_t)x115 & 0xffffff);
uint64_t x118 = (x116 + x94);
uint64_t x119 = (x118 >> 0x17);
uint32_t x120 = ((uint32_t)x118 & 0x7fffff);
uint64_t x121 = (x119 + x93);
uint64_t x122 = (x121 >> 0x18);
uint32_t x123 = ((uint32_t)x121 & 0xffffff);
uint64_t x124 = (x122 + x92);
uint64_t x125 = (x124 >> 0x18);
uint32_t x126 = ((uint32_t)x124 & 0xffffff);
uint64_t x127 = (x125 + x91);
uint64_t x128 = (x127 >> 0x17);
uint32_t x129 = ((uint32_t)x127 & 0x7fffff);
uint64_t x130 = (x128 + x90);
uint64_t x131 = (x130 >> 0x18);
uint32_t x132 = ((uint32_t)x130 & 0xffffff);
uint64_t x133 = (x131 + x89);
uint64_t x134 = (x133 >> 0x17);
uint32_t x135 = ((uint32_t)x133 & 0x7fffff);
uint64_t x136 = (x134 + x88);
uint64_t x137 = (x136 >> 0x18);
uint32_t x138 = ((uint32_t)x136 & 0xffffff);
uint64_t x139 = (x137 + x87);
uint64_t x140 = (x139 >> 0x17);
uint32_t x141 = ((uint32_t)x139 & 0x7fffff);
uint64_t x142 = (x140 + x86);
uint64_t x143 = (x142 >> 0x18);
uint32_t x144 = ((uint32_t)x142 & 0xffffff);
uint64_t x145 = (x143 + x85);
uint64_t x146 = (x145 >> 0x18);
uint32_t x147 = ((uint32_t)x145 & 0xffffff);
uint64_t x148 = (x146 + x84);
uint64_t x149 = (x148 >> 0x17);
uint32_t x150 = ((uint32_t)x148 & 0x7fffff);
uint64_t x151 = (x149 + x83);
uint64_t x152 = (x151 >> 0x18);
uint32_t x153 = ((uint32_t)x151 & 0xffffff);
uint64_t x154 = (x152 + x82);
uint64_t x155 = (x154 >> 0x17);
uint32_t x156 = ((uint32_t)x154 & 0x7fffff);
uint64_t x157 = (x155 + x81);
uint64_t x158 = (x157 >> 0x18);
uint32_t x159 = ((uint32_t)x157 & 0xffffff);
uint64_t x160 = (x158 + x60);
uint64_t x161 = (x160 >> 0x17);
uint32_t x162 = ((uint32_t)x160 & 0x7fffff);
uint64_t x163 = (x102 + (0x1f * x161));
uint32_t x164 = (uint32_t) (x163 >> 0x18);
uint32_t x165 = ((uint32_t)x163 & 0xffffff);
uint32_t x166 = (x164 + x105);
uint32_t x167 = (x166 >> 0x18);
uint32_t x168 = (x166 & 0xffffff);
return (Return x162, Return x159, Return x156, Return x153, Return x150, Return x147, Return x144, Return x141, Return x138, Return x135, Return x132, Return x129, Return x126, Return x123, Return x120, Return x117, Return x114, Return x111, (x167 + x108), Return x168, Return x165)
     : ∀ var : Z.Syntax.base_type → Type, expr Z.Syntax.base_type Z.Syntax.op (uint32_t * uint32_t * uint32_t * uint32_t * uint32_t * uint32_t * uint32_t * uint32_t * uint32_t * uint32_t * uint32_t * uint32_t * uint32_t * uint32_t * uint32_t * uint32_t * uint32_t * uint32_t * uint32_t * uint32_t * uint32_t -> uint32_t * uint32_t * uint32_t * uint32_t * uint32_t * uint32_t * uint32_t * uint32_t * uint32_t * uint32_t * uint32_t * uint32_t * uint32_t * uint32_t * uint32_t * uint32_t * uint32_t * uint32_t * uint32_t * uint32_t * uint32_t)

Argument scope is [function_scope]
