freeze = λ var : Z.Syntax.base_type → Type,
λ '(x38, x39, x37, x35, x33, x31, x29, x27, x25, x23, x21, x19, x17, x15, x13, x11, x9, x7, x5, x3, x1)%core,
uint32_t x41, uint32_t x42 = Op (Z.Syntax.SubWithGetBorrow 24 (Syntax.TWord 5) (Syntax.TWord 5) (Syntax.TWord 5) (Syntax.TWord 5) (Syntax.TWord 5)) (0x0, Return x1, 0xffffe1);
uint32_t x44, uint32_t x45 = Op (Z.Syntax.SubWithGetBorrow 24 (Syntax.TWord 5) (Syntax.TWord 5) (Syntax.TWord 5) (Syntax.TWord 5) (Syntax.TWord 5)) (Return x42, Return x3, 0xffffff);
uint32_t x47, uint32_t x48 = Op (Z.Syntax.SubWithGetBorrow 23 (Syntax.TWord 5) (Syntax.TWord 5) (Syntax.TWord 5) (Syntax.TWord 5) (Syntax.TWord 5)) (Return x45, Return x5, 0x7fffff);
uint32_t x50, uint32_t x51 = Op (Z.Syntax.SubWithGetBorrow 24 (Syntax.TWord 5) (Syntax.TWord 5) (Syntax.TWord 5) (Syntax.TWord 5) (Syntax.TWord 5)) (Return x48, Return x7, 0xffffff);
uint32_t x53, uint32_t x54 = Op (Z.Syntax.SubWithGetBorrow 23 (Syntax.TWord 5) (Syntax.TWord 5) (Syntax.TWord 5) (Syntax.TWord 5) (Syntax.TWord 5)) (Return x51, Return x9, 0x7fffff);
uint32_t x56, uint32_t x57 = Op (Z.Syntax.SubWithGetBorrow 24 (Syntax.TWord 5) (Syntax.TWord 5) (Syntax.TWord 5) (Syntax.TWord 5) (Syntax.TWord 5)) (Return x54, Return x11, 0xffffff);
uint32_t x59, uint32_t x60 = Op (Z.Syntax.SubWithGetBorrow 23 (Syntax.TWord 5) (Syntax.TWord 5) (Syntax.TWord 5) (Syntax.TWord 5) (Syntax.TWord 5)) (Return x57, Return x13, 0x7fffff);
uint32_t x62, uint32_t x63 = Op (Z.Syntax.SubWithGetBorrow 24 (Syntax.TWord 5) (Syntax.TWord 5) (Syntax.TWord 5) (Syntax.TWord 5) (Syntax.TWord 5)) (Return x60, Return x15, 0xffffff);
uint32_t x65, uint32_t x66 = Op (Z.Syntax.SubWithGetBorrow 24 (Syntax.TWord 5) (Syntax.TWord 5) (Syntax.TWord 5) (Syntax.TWord 5) (Syntax.TWord 5)) (Return x63, Return x17, 0xffffff);
uint32_t x68, uint32_t x69 = Op (Z.Syntax.SubWithGetBorrow 23 (Syntax.TWord 5) (Syntax.TWord 5) (Syntax.TWord 5) (Syntax.TWord 5) (Syntax.TWord 5)) (Return x66, Return x19, 0x7fffff);
uint32_t x71, uint32_t x72 = Op (Z.Syntax.SubWithGetBorrow 24 (Syntax.TWord 5) (Syntax.TWord 5) (Syntax.TWord 5) (Syntax.TWord 5) (Syntax.TWord 5)) (Return x69, Return x21, 0xffffff);
uint32_t x74, uint32_t x75 = Op (Z.Syntax.SubWithGetBorrow 23 (Syntax.TWord 5) (Syntax.TWord 5) (Syntax.TWord 5) (Syntax.TWord 5) (Syntax.TWord 5)) (Return x72, Return x23, 0x7fffff);
uint32_t x77, uint32_t x78 = Op (Z.Syntax.SubWithGetBorrow 24 (Syntax.TWord 5) (Syntax.TWord 5) (Syntax.TWord 5) (Syntax.TWord 5) (Syntax.TWord 5)) (Return x75, Return x25, 0xffffff);
uint32_t x80, uint32_t x81 = Op (Z.Syntax.SubWithGetBorrow 23 (Syntax.TWord 5) (Syntax.TWord 5) (Syntax.TWord 5) (Syntax.TWord 5) (Syntax.TWord 5)) (Return x78, Return x27, 0x7fffff);
uint32_t x83, uint32_t x84 = Op (Z.Syntax.SubWithGetBorrow 24 (Syntax.TWord 5) (Syntax.TWord 5) (Syntax.TWord 5) (Syntax.TWord 5) (Syntax.TWord 5)) (Return x81, Return x29, 0xffffff);
uint32_t x86, uint32_t x87 = Op (Z.Syntax.SubWithGetBorrow 24 (Syntax.TWord 5) (Syntax.TWord 5) (Syntax.TWord 5) (Syntax.TWord 5) (Syntax.TWord 5)) (Return x84, Return x31, 0xffffff);
uint32_t x89, uint32_t x90 = Op (Z.Syntax.SubWithGetBorrow 23 (Syntax.TWord 5) (Syntax.TWord 5) (Syntax.TWord 5) (Syntax.TWord 5) (Syntax.TWord 5)) (Return x87, Return x33, 0x7fffff);
uint32_t x92, uint32_t x93 = Op (Z.Syntax.SubWithGetBorrow 24 (Syntax.TWord 5) (Syntax.TWord 5) (Syntax.TWord 5) (Syntax.TWord 5) (Syntax.TWord 5)) (Return x90, Return x35, 0xffffff);
uint32_t x95, uint32_t x96 = Op (Z.Syntax.SubWithGetBorrow 23 (Syntax.TWord 5) (Syntax.TWord 5) (Syntax.TWord 5) (Syntax.TWord 5) (Syntax.TWord 5)) (Return x93, Return x37, 0x7fffff);
uint32_t x98, uint32_t x99 = Op (Z.Syntax.SubWithGetBorrow 24 (Syntax.TWord 5) (Syntax.TWord 5) (Syntax.TWord 5) (Syntax.TWord 5) (Syntax.TWord 5)) (Return x96, Return x39, 0xffffff);
uint32_t x101, uint32_t x102 = Op (Z.Syntax.SubWithGetBorrow 23 (Syntax.TWord 5) (Syntax.TWord 5) (Syntax.TWord 5) (Syntax.TWord 5) (Syntax.TWord 5)) (Return x99, Return x38, 0x7fffff);
uint32_t x103 = cmovznz32(x102, 0x0, 0xffffffff);
uint32_t x104 = (x103 & 0xffffe1);
uint32_t x106, uint32_t x107 = Op (Z.Syntax.AddWithGetCarry 24 (Syntax.TWord 5) (Syntax.TWord 5) (Syntax.TWord 5) (Syntax.TWord 5) (Syntax.TWord 5)) (0x0, Return x41, Return x104);
uint32_t x108 = (x103 & 0xffffff);
uint32_t x110, uint32_t x111 = Op (Z.Syntax.AddWithGetCarry 24 (Syntax.TWord 5) (Syntax.TWord 5) (Syntax.TWord 5) (Syntax.TWord 5) (Syntax.TWord 5)) (Return x107, Return x44, Return x108);
uint32_t x112 = (x103 & 0x7fffff);
uint32_t x114, uint32_t x115 = Op (Z.Syntax.AddWithGetCarry 23 (Syntax.TWord 5) (Syntax.TWord 5) (Syntax.TWord 5) (Syntax.TWord 5) (Syntax.TWord 5)) (Return x111, Return x47, Return x112);
uint32_t x116 = (x103 & 0xffffff);
uint32_t x118, uint32_t x119 = Op (Z.Syntax.AddWithGetCarry 24 (Syntax.TWord 5) (Syntax.TWord 5) (Syntax.TWord 5) (Syntax.TWord 5) (Syntax.TWord 5)) (Return x115, Return x50, Return x116);
uint32_t x120 = (x103 & 0x7fffff);
uint32_t x122, uint32_t x123 = Op (Z.Syntax.AddWithGetCarry 23 (Syntax.TWord 5) (Syntax.TWord 5) (Syntax.TWord 5) (Syntax.TWord 5) (Syntax.TWord 5)) (Return x119, Return x53, Return x120);
uint32_t x124 = (x103 & 0xffffff);
uint32_t x126, uint32_t x127 = Op (Z.Syntax.AddWithGetCarry 24 (Syntax.TWord 5) (Syntax.TWord 5) (Syntax.TWord 5) (Syntax.TWord 5) (Syntax.TWord 5)) (Return x123, Return x56, Return x124);
uint32_t x128 = (x103 & 0x7fffff);
uint32_t x130, uint32_t x131 = Op (Z.Syntax.AddWithGetCarry 23 (Syntax.TWord 5) (Syntax.TWord 5) (Syntax.TWord 5) (Syntax.TWord 5) (Syntax.TWord 5)) (Return x127, Return x59, Return x128);
uint32_t x132 = (x103 & 0xffffff);
uint32_t x134, uint32_t x135 = Op (Z.Syntax.AddWithGetCarry 24 (Syntax.TWord 5) (Syntax.TWord 5) (Syntax.TWord 5) (Syntax.TWord 5) (Syntax.TWord 5)) (Return x131, Return x62, Return x132);
uint32_t x136 = (x103 & 0xffffff);
uint32_t x138, uint32_t x139 = Op (Z.Syntax.AddWithGetCarry 24 (Syntax.TWord 5) (Syntax.TWord 5) (Syntax.TWord 5) (Syntax.TWord 5) (Syntax.TWord 5)) (Return x135, Return x65, Return x136);
uint32_t x140 = (x103 & 0x7fffff);
uint32_t x142, uint32_t x143 = Op (Z.Syntax.AddWithGetCarry 23 (Syntax.TWord 5) (Syntax.TWord 5) (Syntax.TWord 5) (Syntax.TWord 5) (Syntax.TWord 5)) (Return x139, Return x68, Return x140);
uint32_t x144 = (x103 & 0xffffff);
uint32_t x146, uint32_t x147 = Op (Z.Syntax.AddWithGetCarry 24 (Syntax.TWord 5) (Syntax.TWord 5) (Syntax.TWord 5) (Syntax.TWord 5) (Syntax.TWord 5)) (Return x143, Return x71, Return x144);
uint32_t x148 = (x103 & 0x7fffff);
uint32_t x150, uint32_t x151 = Op (Z.Syntax.AddWithGetCarry 23 (Syntax.TWord 5) (Syntax.TWord 5) (Syntax.TWord 5) (Syntax.TWord 5) (Syntax.TWord 5)) (Return x147, Return x74, Return x148);
uint32_t x152 = (x103 & 0xffffff);
uint32_t x154, uint32_t x155 = Op (Z.Syntax.AddWithGetCarry 24 (Syntax.TWord 5) (Syntax.TWord 5) (Syntax.TWord 5) (Syntax.TWord 5) (Syntax.TWord 5)) (Return x151, Return x77, Return x152);
uint32_t x156 = (x103 & 0x7fffff);
uint32_t x158, uint32_t x159 = Op (Z.Syntax.AddWithGetCarry 23 (Syntax.TWord 5) (Syntax.TWord 5) (Syntax.TWord 5) (Syntax.TWord 5) (Syntax.TWord 5)) (Return x155, Return x80, Return x156);
uint32_t x160 = (x103 & 0xffffff);
uint32_t x162, uint32_t x163 = Op (Z.Syntax.AddWithGetCarry 24 (Syntax.TWord 5) (Syntax.TWord 5) (Syntax.TWord 5) (Syntax.TWord 5) (Syntax.TWord 5)) (Return x159, Return x83, Return x160);
uint32_t x164 = (x103 & 0xffffff);
uint32_t x166, uint32_t x167 = Op (Z.Syntax.AddWithGetCarry 24 (Syntax.TWord 5) (Syntax.TWord 5) (Syntax.TWord 5) (Syntax.TWord 5) (Syntax.TWord 5)) (Return x163, Return x86, Return x164);
uint32_t x168 = (x103 & 0x7fffff);
uint32_t x170, uint32_t x171 = Op (Z.Syntax.AddWithGetCarry 23 (Syntax.TWord 5) (Syntax.TWord 5) (Syntax.TWord 5) (Syntax.TWord 5) (Syntax.TWord 5)) (Return x167, Return x89, Return x168);
uint32_t x172 = (x103 & 0xffffff);
uint32_t x174, uint32_t x175 = Op (Z.Syntax.AddWithGetCarry 24 (Syntax.TWord 5) (Syntax.TWord 5) (Syntax.TWord 5) (Syntax.TWord 5) (Syntax.TWord 5)) (Return x171, Return x92, Return x172);
uint32_t x176 = (x103 & 0x7fffff);
uint32_t x178, uint32_t x179 = Op (Z.Syntax.AddWithGetCarry 23 (Syntax.TWord 5) (Syntax.TWord 5) (Syntax.TWord 5) (Syntax.TWord 5) (Syntax.TWord 5)) (Return x175, Return x95, Return x176);
uint32_t x180 = (x103 & 0xffffff);
uint32_t x182, uint32_t x183 = Op (Z.Syntax.AddWithGetCarry 24 (Syntax.TWord 5) (Syntax.TWord 5) (Syntax.TWord 5) (Syntax.TWord 5) (Syntax.TWord 5)) (Return x179, Return x98, Return x180);
uint32_t x184 = (x103 & 0x7fffff);
uint32_t x186, uint32_t _ = Op (Z.Syntax.AddWithGetCarry 23 (Syntax.TWord 5) (Syntax.TWord 5) (Syntax.TWord 5) (Syntax.TWord 5) (Syntax.TWord 5)) (Return x183, Return x101, Return x184);
(Return x186, Return x182, Return x178, Return x174, Return x170, Return x166, Return x162, Return x158, Return x154, Return x150, Return x146, Return x142, Return x138, Return x134, Return x130, Return x126, Return x122, Return x118, Return x114, Return x110, Return x106)
     : ∀ var : Z.Syntax.base_type → Type, expr Z.Syntax.base_type Z.Syntax.op (uint32_t * uint32_t * uint32_t * uint32_t * uint32_t * uint32_t * uint32_t * uint32_t * uint32_t * uint32_t * uint32_t * uint32_t * uint32_t * uint32_t * uint32_t * uint32_t * uint32_t * uint32_t * uint32_t * uint32_t * uint32_t -> uint32_t * uint32_t * uint32_t * uint32_t * uint32_t * uint32_t * uint32_t * uint32_t * uint32_t * uint32_t * uint32_t * uint32_t * uint32_t * uint32_t * uint32_t * uint32_t * uint32_t * uint32_t * uint32_t * uint32_t * uint32_t)

Argument scope is [function_scope]
