mul = λ var : Z.Syntax.base_type → Type,
λ '(x8, x9, x7, x5, x3, (x16, x17, x15, x13, x11))%core,
uint64_t x18 = ((uint64_t)x8 * x16);
uint64_t x19 = ((0x2 * ((uint64_t)x9 * x16)) + (0x2 * ((uint64_t)x8 * x17)));
uint64_t x20 = (((uint64_t)x7 * x16) + ((0x2 * ((uint64_t)x9 * x17)) + ((uint64_t)x8 * x15)));
uint64_t x21 = ((0x2 * ((uint64_t)x5 * x16)) + ((0x2 * ((uint64_t)x7 * x17)) + ((0x2 * ((uint64_t)x9 * x15)) + (0x2 * ((uint64_t)x8 * x13)))));
uint64_t x22 = (((uint64_t)x3 * x16) + ((0x2 * ((uint64_t)x5 * x17)) + (((uint64_t)x7 * x15) + ((0x2 * ((uint64_t)x9 * x13)) + ((uint64_t)x8 * x11)))));
uint64_t x23 = (((uint64_t)x3 * x17) + (((uint64_t)x5 * x15) + (((uint64_t)x7 * x13) + ((uint64_t)x9 * x11))));
uint64_t x24 = (((uint64_t)x3 * x15) + ((0x2 * ((uint64_t)x5 * x13)) + ((uint64_t)x7 * x11)));
uint64_t x25 = (((uint64_t)x3 * x13) + ((uint64_t)x5 * x11));
uint64_t x26 = ((uint64_t)x3 * x11);
uint64_t x27 = (x23 + x18);
uint64_t x28 = (x24 + x19);
uint64_t x29 = (x25 + x20);
uint64_t x30 = (x26 + x21);
uint32_t x31 = (uint32_t) (x30 >> 0x1a);
uint32_t x32 = ((uint32_t)x30 & 0x3ffffff);
uint64_t x33 = (x31 + x29);
uint32_t x34 = (uint32_t) (x33 >> 0x19);
uint32_t x35 = ((uint32_t)x33 & 0x1ffffff);
uint64_t x36 = (x34 + x28);
uint32_t x37 = (uint32_t) (x36 >> 0x1a);
uint32_t x38 = ((uint32_t)x36 & 0x3ffffff);
uint64_t x39 = (x37 + x27);
uint32_t x40 = (uint32_t) (x39 >> 0x19);
uint32_t x41 = ((uint32_t)x39 & 0x1ffffff);
uint64_t x42 = (x40 + x22);
uint64_t x43 = (x42 >> 0x19);
uint32_t x44 = ((uint32_t)x42 & 0x1ffffff);
uint64_t x45 = (x32 + x43);
uint32_t x46 = (uint32_t) (x45 >> 0x1a);
uint32_t x47 = ((uint32_t)x45 & 0x3ffffff);
uint32_t x48 = (x46 + x35);
uint32_t x49 = (x48 >> 0x19);
uint32_t x50 = (x48 & 0x1ffffff);
return (Return x44, Return x41, (x49 + x38), Return x50, Return x47)
     : ∀ var : Z.Syntax.base_type → Type, expr Z.Syntax.base_type Z.Syntax.op (uint32_t * uint32_t * uint32_t * uint32_t * uint32_t * (uint32_t * uint32_t * uint32_t * uint32_t * uint32_t) -> uint32_t * uint32_t * uint32_t * uint32_t * uint32_t)

Argument scope is [function_scope]
