square = λ var : Z.Syntax.base_type → Type,
λ '(x6, x7, x5, x3, x1)%core,
uint64_t x8 = ((uint64_t)x6 * x6);
uint64_t x9 = ((0x2 * ((uint64_t)x7 * x6)) + (0x2 * ((uint64_t)x6 * x7)));
uint64_t x10 = (((uint64_t)x5 * x6) + ((0x2 * ((uint64_t)x7 * x7)) + ((uint64_t)x6 * x5)));
uint64_t x11 = ((0x2 * ((uint64_t)x3 * x6)) + ((0x2 * ((uint64_t)x5 * x7)) + ((0x2 * ((uint64_t)x7 * x5)) + (0x2 * ((uint64_t)x6 * x3)))));
uint64_t x12 = (((uint64_t)x1 * x6) + ((0x2 * ((uint64_t)x3 * x7)) + (((uint64_t)x5 * x5) + ((0x2 * ((uint64_t)x7 * x3)) + ((uint64_t)x6 * x1)))));
uint64_t x13 = (((uint64_t)x1 * x7) + (((uint64_t)x3 * x5) + (((uint64_t)x5 * x3) + ((uint64_t)x7 * x1))));
uint64_t x14 = (((uint64_t)x1 * x5) + ((0x2 * ((uint64_t)x3 * x3)) + ((uint64_t)x5 * x1)));
uint64_t x15 = (((uint64_t)x1 * x3) + ((uint64_t)x3 * x1));
uint64_t x16 = ((uint64_t)x1 * x1);
uint64_t x17 = (x13 + x8);
uint64_t x18 = (x14 + x9);
uint64_t x19 = (x15 + x10);
uint64_t x20 = (x16 + x11);
uint32_t x21 = (uint32_t) (x20 >> 0x1a);
uint32_t x22 = ((uint32_t)x20 & 0x3ffffff);
uint64_t x23 = (x21 + x19);
uint32_t x24 = (uint32_t) (x23 >> 0x19);
uint32_t x25 = ((uint32_t)x23 & 0x1ffffff);
uint64_t x26 = (x24 + x18);
uint32_t x27 = (uint32_t) (x26 >> 0x1a);
uint32_t x28 = ((uint32_t)x26 & 0x3ffffff);
uint64_t x29 = (x27 + x17);
uint32_t x30 = (uint32_t) (x29 >> 0x19);
uint32_t x31 = ((uint32_t)x29 & 0x1ffffff);
uint64_t x32 = (x30 + x12);
uint64_t x33 = (x32 >> 0x19);
uint32_t x34 = ((uint32_t)x32 & 0x1ffffff);
uint64_t x35 = (x22 + x33);
uint32_t x36 = (uint32_t) (x35 >> 0x1a);
uint32_t x37 = ((uint32_t)x35 & 0x3ffffff);
uint32_t x38 = (x36 + x25);
uint32_t x39 = (x38 >> 0x19);
uint32_t x40 = (x38 & 0x1ffffff);
return (Return x34, Return x31, (x39 + x28), Return x40, Return x37)
     : ∀ var : Z.Syntax.base_type → Type, expr Z.Syntax.base_type Z.Syntax.op (uint32_t * uint32_t * uint32_t * uint32_t * uint32_t -> uint32_t * uint32_t * uint32_t * uint32_t * uint32_t)

Argument scope is [function_scope]
