mul = λ var : Z.Syntax.base_type → Type,
λ '(x12, x13, x11, x9, x7, x5, x3, (x24, x25, x23, x21, x19, x17, x15))%core,
uint32_t x27, uint32_t x28 = mulx_u32(x3, x15);
uint32_t x30, uint32_t x31 = mulx_u32(x3, x17);
uint32_t x33, uint32_t x34 = mulx_u32(x3, x19);
uint32_t x36, uint32_t x37 = mulx_u32(x3, x21);
uint32_t x39, uint32_t x40 = mulx_u32(x3, x23);
uint32_t x42, uint32_t x43 = mulx_u32(x3, x25);
uint32_t x45, uint32_t x46 = mulx_u32(x3, x24);
uint32_t x48, uint8_t x49 = addcarryx_u32(0x0, x28, x30);
uint32_t x51, uint8_t x52 = addcarryx_u32(x49, x31, x33);
uint32_t x54, uint8_t x55 = addcarryx_u32(x52, x34, x36);
uint32_t x57, uint8_t x58 = addcarryx_u32(x55, x37, x39);
uint32_t x60, uint8_t x61 = addcarryx_u32(x58, x40, x42);
uint32_t x63, uint8_t x64 = addcarryx_u32(x61, x43, x45);
uint32_t x66, uint8_t _ = addcarryx_u32(0x0, x64, x46);
uint32_t x69, uint32_t _ = mulx_u32(x27, 0xffffffff);
uint32_t x72, uint32_t x73 = mulx_u32(x69, 0xffffffff);
uint32_t x75, uint32_t x76 = mulx_u32(x69, 0xffffffff);
uint32_t x78, uint32_t x79 = mulx_u32(x69, 0xffffffff);
uint32_t x81, uint32_t x82 = mulx_u32(x69, 0xffffffff);
uint8_t x83 = (0x0 + 0x0);
uint8_t x84 = (0x0 + 0x0);
uint32_t x86, uint8_t x87 = addcarryx_u32(0x0, x73, x75);
uint32_t x89, uint8_t x90 = addcarryx_u32(x87, x76, x78);
uint32_t x92, uint8_t x93 = addcarryx_u32(x90, x79, x81);
uint32_t x95, uint8_t _ = addcarryx_u32(0x0, x93, x82);
uint32_t _, uint8_t x99 = addcarryx_u32(0x0, x27, x69);
uint32_t x101, uint8_t x102 = addcarryx_u32(x99, x48, x83);
uint32_t x104, uint8_t x105 = addcarryx_u32(x102, x51, x84);
uint32_t x107, uint8_t x108 = addcarryx_u32(x105, x54, x72);
uint32_t x110, uint8_t x111 = addcarryx_u32(x108, x57, x86);
uint32_t x113, uint8_t x114 = addcarryx_u32(x111, x60, x89);
uint32_t x116, uint8_t x117 = addcarryx_u32(x114, x63, x92);
uint32_t x119, uint8_t x120 = addcarryx_u32(x117, x66, x95);
uint32_t x122, uint32_t x123 = mulx_u32(x5, x15);
uint32_t x125, uint32_t x126 = mulx_u32(x5, x17);
uint32_t x128, uint32_t x129 = mulx_u32(x5, x19);
uint32_t x131, uint32_t x132 = mulx_u32(x5, x21);
uint32_t x134, uint32_t x135 = mulx_u32(x5, x23);
uint32_t x137, uint32_t x138 = mulx_u32(x5, x25);
uint32_t x140, uint32_t x141 = mulx_u32(x5, x24);
uint32_t x143, uint8_t x144 = addcarryx_u32(0x0, x123, x125);
uint32_t x146, uint8_t x147 = addcarryx_u32(x144, x126, x128);
uint32_t x149, uint8_t x150 = addcarryx_u32(x147, x129, x131);
uint32_t x152, uint8_t x153 = addcarryx_u32(x150, x132, x134);
uint32_t x155, uint8_t x156 = addcarryx_u32(x153, x135, x137);
uint32_t x158, uint8_t x159 = addcarryx_u32(x156, x138, x140);
uint32_t x161, uint8_t _ = addcarryx_u32(0x0, x159, x141);
uint32_t x164, uint8_t x165 = addcarryx_u32(0x0, x101, x122);
uint32_t x167, uint8_t x168 = addcarryx_u32(x165, x104, x143);
uint32_t x170, uint8_t x171 = addcarryx_u32(x168, x107, x146);
uint32_t x173, uint8_t x174 = addcarryx_u32(x171, x110, x149);
uint32_t x176, uint8_t x177 = addcarryx_u32(x174, x113, x152);
uint32_t x179, uint8_t x180 = addcarryx_u32(x177, x116, x155);
uint32_t x182, uint8_t x183 = addcarryx_u32(x180, x119, x158);
uint32_t x185, uint8_t x186 = addcarryx_u32(x183, x120, x161);
uint32_t x188, uint32_t _ = mulx_u32(x164, 0xffffffff);
uint32_t x191, uint32_t x192 = mulx_u32(x188, 0xffffffff);
uint32_t x194, uint32_t x195 = mulx_u32(x188, 0xffffffff);
uint32_t x197, uint32_t x198 = mulx_u32(x188, 0xffffffff);
uint32_t x200, uint32_t x201 = mulx_u32(x188, 0xffffffff);
uint8_t x202 = (0x0 + 0x0);
uint8_t x203 = (0x0 + 0x0);
uint32_t x205, uint8_t x206 = addcarryx_u32(0x0, x192, x194);
uint32_t x208, uint8_t x209 = addcarryx_u32(x206, x195, x197);
uint32_t x211, uint8_t x212 = addcarryx_u32(x209, x198, x200);
uint32_t x214, uint8_t _ = addcarryx_u32(0x0, x212, x201);
uint32_t _, uint8_t x218 = addcarryx_u32(0x0, x164, x188);
uint32_t x220, uint8_t x221 = addcarryx_u32(x218, x167, x202);
uint32_t x223, uint8_t x224 = addcarryx_u32(x221, x170, x203);
uint32_t x226, uint8_t x227 = addcarryx_u32(x224, x173, x191);
uint32_t x229, uint8_t x230 = addcarryx_u32(x227, x176, x205);
uint32_t x232, uint8_t x233 = addcarryx_u32(x230, x179, x208);
uint32_t x235, uint8_t x236 = addcarryx_u32(x233, x182, x211);
uint32_t x238, uint8_t x239 = addcarryx_u32(x236, x185, x214);
uint8_t x240 = (x239 + x186);
uint32_t x242, uint32_t x243 = mulx_u32(x7, x15);
uint32_t x245, uint32_t x246 = mulx_u32(x7, x17);
uint32_t x248, uint32_t x249 = mulx_u32(x7, x19);
uint32_t x251, uint32_t x252 = mulx_u32(x7, x21);
uint32_t x254, uint32_t x255 = mulx_u32(x7, x23);
uint32_t x257, uint32_t x258 = mulx_u32(x7, x25);
uint32_t x260, uint32_t x261 = mulx_u32(x7, x24);
uint32_t x263, uint8_t x264 = addcarryx_u32(0x0, x243, x245);
uint32_t x266, uint8_t x267 = addcarryx_u32(x264, x246, x248);
uint32_t x269, uint8_t x270 = addcarryx_u32(x267, x249, x251);
uint32_t x272, uint8_t x273 = addcarryx_u32(x270, x252, x254);
uint32_t x275, uint8_t x276 = addcarryx_u32(x273, x255, x257);
uint32_t x278, uint8_t x279 = addcarryx_u32(x276, x258, x260);
uint32_t x281, uint8_t _ = addcarryx_u32(0x0, x279, x261);
uint32_t x284, uint8_t x285 = addcarryx_u32(0x0, x220, x242);
uint32_t x287, uint8_t x288 = addcarryx_u32(x285, x223, x263);
uint32_t x290, uint8_t x291 = addcarryx_u32(x288, x226, x266);
uint32_t x293, uint8_t x294 = addcarryx_u32(x291, x229, x269);
uint32_t x296, uint8_t x297 = addcarryx_u32(x294, x232, x272);
uint32_t x299, uint8_t x300 = addcarryx_u32(x297, x235, x275);
uint32_t x302, uint8_t x303 = addcarryx_u32(x300, x238, x278);
uint32_t x305, uint8_t x306 = addcarryx_u32(x303, x240, x281);
uint32_t x308, uint32_t _ = mulx_u32(x284, 0xffffffff);
uint32_t x311, uint32_t x312 = mulx_u32(x308, 0xffffffff);
uint32_t x314, uint32_t x315 = mulx_u32(x308, 0xffffffff);
uint32_t x317, uint32_t x318 = mulx_u32(x308, 0xffffffff);
uint32_t x320, uint32_t x321 = mulx_u32(x308, 0xffffffff);
uint8_t x322 = (0x0 + 0x0);
uint8_t x323 = (0x0 + 0x0);
uint32_t x325, uint8_t x326 = addcarryx_u32(0x0, x312, x314);
uint32_t x328, uint8_t x329 = addcarryx_u32(x326, x315, x317);
uint32_t x331, uint8_t x332 = addcarryx_u32(x329, x318, x320);
uint32_t x334, uint8_t _ = addcarryx_u32(0x0, x332, x321);
uint32_t _, uint8_t x338 = addcarryx_u32(0x0, x284, x308);
uint32_t x340, uint8_t x341 = addcarryx_u32(x338, x287, x322);
uint32_t x343, uint8_t x344 = addcarryx_u32(x341, x290, x323);
uint32_t x346, uint8_t x347 = addcarryx_u32(x344, x293, x311);
uint32_t x349, uint8_t x350 = addcarryx_u32(x347, x296, x325);
uint32_t x352, uint8_t x353 = addcarryx_u32(x350, x299, x328);
uint32_t x355, uint8_t x356 = addcarryx_u32(x353, x302, x331);
uint32_t x358, uint8_t x359 = addcarryx_u32(x356, x305, x334);
uint8_t x360 = (x359 + x306);
uint32_t x362, uint32_t x363 = mulx_u32(x9, x15);
uint32_t x365, uint32_t x366 = mulx_u32(x9, x17);
uint32_t x368, uint32_t x369 = mulx_u32(x9, x19);
uint32_t x371, uint32_t x372 = mulx_u32(x9, x21);
uint32_t x374, uint32_t x375 = mulx_u32(x9, x23);
uint32_t x377, uint32_t x378 = mulx_u32(x9, x25);
uint32_t x380, uint32_t x381 = mulx_u32(x9, x24);
uint32_t x383, uint8_t x384 = addcarryx_u32(0x0, x363, x365);
uint32_t x386, uint8_t x387 = addcarryx_u32(x384, x366, x368);
uint32_t x389, uint8_t x390 = addcarryx_u32(x387, x369, x371);
uint32_t x392, uint8_t x393 = addcarryx_u32(x390, x372, x374);
uint32_t x395, uint8_t x396 = addcarryx_u32(x393, x375, x377);
uint32_t x398, uint8_t x399 = addcarryx_u32(x396, x378, x380);
uint32_t x401, uint8_t _ = addcarryx_u32(0x0, x399, x381);
uint32_t x404, uint8_t x405 = addcarryx_u32(0x0, x340, x362);
uint32_t x407, uint8_t x408 = addcarryx_u32(x405, x343, x383);
uint32_t x410, uint8_t x411 = addcarryx_u32(x408, x346, x386);
uint32_t x413, uint8_t x414 = addcarryx_u32(x411, x349, x389);
uint32_t x416, uint8_t x417 = addcarryx_u32(x414, x352, x392);
uint32_t x419, uint8_t x420 = addcarryx_u32(x417, x355, x395);
uint32_t x422, uint8_t x423 = addcarryx_u32(x420, x358, x398);
uint32_t x425, uint8_t x426 = addcarryx_u32(x423, x360, x401);
uint32_t x428, uint32_t _ = mulx_u32(x404, 0xffffffff);
uint32_t x431, uint32_t x432 = mulx_u32(x428, 0xffffffff);
uint32_t x434, uint32_t x435 = mulx_u32(x428, 0xffffffff);
uint32_t x437, uint32_t x438 = mulx_u32(x428, 0xffffffff);
uint32_t x440, uint32_t x441 = mulx_u32(x428, 0xffffffff);
uint8_t x442 = (0x0 + 0x0);
uint8_t x443 = (0x0 + 0x0);
uint32_t x445, uint8_t x446 = addcarryx_u32(0x0, x432, x434);
uint32_t x448, uint8_t x449 = addcarryx_u32(x446, x435, x437);
uint32_t x451, uint8_t x452 = addcarryx_u32(x449, x438, x440);
uint32_t x454, uint8_t _ = addcarryx_u32(0x0, x452, x441);
uint32_t _, uint8_t x458 = addcarryx_u32(0x0, x404, x428);
uint32_t x460, uint8_t x461 = addcarryx_u32(x458, x407, x442);
uint32_t x463, uint8_t x464 = addcarryx_u32(x461, x410, x443);
uint32_t x466, uint8_t x467 = addcarryx_u32(x464, x413, x431);
uint32_t x469, uint8_t x470 = addcarryx_u32(x467, x416, x445);
uint32_t x472, uint8_t x473 = addcarryx_u32(x470, x419, x448);
uint32_t x475, uint8_t x476 = addcarryx_u32(x473, x422, x451);
uint32_t x478, uint8_t x479 = addcarryx_u32(x476, x425, x454);
uint8_t x480 = (x479 + x426);
uint32_t x482, uint32_t x483 = mulx_u32(x11, x15);
uint32_t x485, uint32_t x486 = mulx_u32(x11, x17);
uint32_t x488, uint32_t x489 = mulx_u32(x11, x19);
uint32_t x491, uint32_t x492 = mulx_u32(x11, x21);
uint32_t x494, uint32_t x495 = mulx_u32(x11, x23);
uint32_t x497, uint32_t x498 = mulx_u32(x11, x25);
uint32_t x500, uint32_t x501 = mulx_u32(x11, x24);
uint32_t x503, uint8_t x504 = addcarryx_u32(0x0, x483, x485);
uint32_t x506, uint8_t x507 = addcarryx_u32(x504, x486, x488);
uint32_t x509, uint8_t x510 = addcarryx_u32(x507, x489, x491);
uint32_t x512, uint8_t x513 = addcarryx_u32(x510, x492, x494);
uint32_t x515, uint8_t x516 = addcarryx_u32(x513, x495, x497);
uint32_t x518, uint8_t x519 = addcarryx_u32(x516, x498, x500);
uint32_t x521, uint8_t _ = addcarryx_u32(0x0, x519, x501);
uint32_t x524, uint8_t x525 = addcarryx_u32(0x0, x460, x482);
uint32_t x527, uint8_t x528 = addcarryx_u32(x525, x463, x503);
uint32_t x530, uint8_t x531 = addcarryx_u32(x528, x466, x506);
uint32_t x533, uint8_t x534 = addcarryx_u32(x531, x469, x509);
uint32_t x536, uint8_t x537 = addcarryx_u32(x534, x472, x512);
uint32_t x539, uint8_t x540 = addcarryx_u32(x537, x475, x515);
uint32_t x542, uint8_t x543 = addcarryx_u32(x540, x478, x518);
uint32_t x545, uint8_t x546 = addcarryx_u32(x543, x480, x521);
uint32_t x548, uint32_t _ = mulx_u32(x524, 0xffffffff);
uint32_t x551, uint32_t x552 = mulx_u32(x548, 0xffffffff);
uint32_t x554, uint32_t x555 = mulx_u32(x548, 0xffffffff);
uint32_t x557, uint32_t x558 = mulx_u32(x548, 0xffffffff);
uint32_t x560, uint32_t x561 = mulx_u32(x548, 0xffffffff);
uint8_t x562 = (0x0 + 0x0);
uint8_t x563 = (0x0 + 0x0);
uint32_t x565, uint8_t x566 = addcarryx_u32(0x0, x552, x554);
uint32_t x568, uint8_t x569 = addcarryx_u32(x566, x555, x557);
uint32_t x571, uint8_t x572 = addcarryx_u32(x569, x558, x560);
uint32_t x574, uint8_t _ = addcarryx_u32(0x0, x572, x561);
uint32_t _, uint8_t x578 = addcarryx_u32(0x0, x524, x548);
uint32_t x580, uint8_t x581 = addcarryx_u32(x578, x527, x562);
uint32_t x583, uint8_t x584 = addcarryx_u32(x581, x530, x563);
uint32_t x586, uint8_t x587 = addcarryx_u32(x584, x533, x551);
uint32_t x589, uint8_t x590 = addcarryx_u32(x587, x536, x565);
uint32_t x592, uint8_t x593 = addcarryx_u32(x590, x539, x568);
uint32_t x595, uint8_t x596 = addcarryx_u32(x593, x542, x571);
uint32_t x598, uint8_t x599 = addcarryx_u32(x596, x545, x574);
uint8_t x600 = (x599 + x546);
uint32_t x602, uint32_t x603 = mulx_u32(x13, x15);
uint32_t x605, uint32_t x606 = mulx_u32(x13, x17);
uint32_t x608, uint32_t x609 = mulx_u32(x13, x19);
uint32_t x611, uint32_t x612 = mulx_u32(x13, x21);
uint32_t x614, uint32_t x615 = mulx_u32(x13, x23);
uint32_t x617, uint32_t x618 = mulx_u32(x13, x25);
uint32_t x620, uint32_t x621 = mulx_u32(x13, x24);
uint32_t x623, uint8_t x624 = addcarryx_u32(0x0, x603, x605);
uint32_t x626, uint8_t x627 = addcarryx_u32(x624, x606, x608);
uint32_t x629, uint8_t x630 = addcarryx_u32(x627, x609, x611);
uint32_t x632, uint8_t x633 = addcarryx_u32(x630, x612, x614);
uint32_t x635, uint8_t x636 = addcarryx_u32(x633, x615, x617);
uint32_t x638, uint8_t x639 = addcarryx_u32(x636, x618, x620);
uint32_t x641, uint8_t _ = addcarryx_u32(0x0, x639, x621);
uint32_t x644, uint8_t x645 = addcarryx_u32(0x0, x580, x602);
uint32_t x647, uint8_t x648 = addcarryx_u32(x645, x583, x623);
uint32_t x650, uint8_t x651 = addcarryx_u32(x648, x586, x626);
uint32_t x653, uint8_t x654 = addcarryx_u32(x651, x589, x629);
uint32_t x656, uint8_t x657 = addcarryx_u32(x654, x592, x632);
uint32_t x659, uint8_t x660 = addcarryx_u32(x657, x595, x635);
uint32_t x662, uint8_t x663 = addcarryx_u32(x660, x598, x638);
uint32_t x665, uint8_t x666 = addcarryx_u32(x663, x600, x641);
uint32_t x668, uint32_t _ = mulx_u32(x644, 0xffffffff);
uint32_t x671, uint32_t x672 = mulx_u32(x668, 0xffffffff);
uint32_t x674, uint32_t x675 = mulx_u32(x668, 0xffffffff);
uint32_t x677, uint32_t x678 = mulx_u32(x668, 0xffffffff);
uint32_t x680, uint32_t x681 = mulx_u32(x668, 0xffffffff);
uint8_t x682 = (0x0 + 0x0);
uint8_t x683 = (0x0 + 0x0);
uint32_t x685, uint8_t x686 = addcarryx_u32(0x0, x672, x674);
uint32_t x688, uint8_t x689 = addcarryx_u32(x686, x675, x677);
uint32_t x691, uint8_t x692 = addcarryx_u32(x689, x678, x680);
uint32_t x694, uint8_t _ = addcarryx_u32(0x0, x692, x681);
uint32_t _, uint8_t x698 = addcarryx_u32(0x0, x644, x668);
uint32_t x700, uint8_t x701 = addcarryx_u32(x698, x647, x682);
uint32_t x703, uint8_t x704 = addcarryx_u32(x701, x650, x683);
uint32_t x706, uint8_t x707 = addcarryx_u32(x704, x653, x671);
uint32_t x709, uint8_t x710 = addcarryx_u32(x707, x656, x685);
uint32_t x712, uint8_t x713 = addcarryx_u32(x710, x659, x688);
uint32_t x715, uint8_t x716 = addcarryx_u32(x713, x662, x691);
uint32_t x718, uint8_t x719 = addcarryx_u32(x716, x665, x694);
uint8_t x720 = (x719 + x666);
uint32_t x722, uint32_t x723 = mulx_u32(x12, x15);
uint32_t x725, uint32_t x726 = mulx_u32(x12, x17);
uint32_t x728, uint32_t x729 = mulx_u32(x12, x19);
uint32_t x731, uint32_t x732 = mulx_u32(x12, x21);
uint32_t x734, uint32_t x735 = mulx_u32(x12, x23);
uint32_t x737, uint32_t x738 = mulx_u32(x12, x25);
uint32_t x740, uint32_t x741 = mulx_u32(x12, x24);
uint32_t x743, uint8_t x744 = addcarryx_u32(0x0, x723, x725);
uint32_t x746, uint8_t x747 = addcarryx_u32(x744, x726, x728);
uint32_t x749, uint8_t x750 = addcarryx_u32(x747, x729, x731);
uint32_t x752, uint8_t x753 = addcarryx_u32(x750, x732, x734);
uint32_t x755, uint8_t x756 = addcarryx_u32(x753, x735, x737);
uint32_t x758, uint8_t x759 = addcarryx_u32(x756, x738, x740);
uint32_t x761, uint8_t _ = addcarryx_u32(0x0, x759, x741);
uint32_t x764, uint8_t x765 = addcarryx_u32(0x0, x700, x722);
uint32_t x767, uint8_t x768 = addcarryx_u32(x765, x703, x743);
uint32_t x770, uint8_t x771 = addcarryx_u32(x768, x706, x746);
uint32_t x773, uint8_t x774 = addcarryx_u32(x771, x709, x749);
uint32_t x776, uint8_t x777 = addcarryx_u32(x774, x712, x752);
uint32_t x779, uint8_t x780 = addcarryx_u32(x777, x715, x755);
uint32_t x782, uint8_t x783 = addcarryx_u32(x780, x718, x758);
uint32_t x785, uint8_t x786 = addcarryx_u32(x783, x720, x761);
uint32_t x788, uint32_t _ = mulx_u32(x764, 0xffffffff);
uint32_t x791, uint32_t x792 = mulx_u32(x788, 0xffffffff);
uint32_t x794, uint32_t x795 = mulx_u32(x788, 0xffffffff);
uint32_t x797, uint32_t x798 = mulx_u32(x788, 0xffffffff);
uint32_t x800, uint32_t x801 = mulx_u32(x788, 0xffffffff);
uint8_t x802 = (0x0 + 0x0);
uint8_t x803 = (0x0 + 0x0);
uint32_t x805, uint8_t x806 = addcarryx_u32(0x0, x792, x794);
uint32_t x808, uint8_t x809 = addcarryx_u32(x806, x795, x797);
uint32_t x811, uint8_t x812 = addcarryx_u32(x809, x798, x800);
uint32_t x814, uint8_t _ = addcarryx_u32(0x0, x812, x801);
uint32_t _, uint8_t x818 = addcarryx_u32(0x0, x764, x788);
uint32_t x820, uint8_t x821 = addcarryx_u32(x818, x767, x802);
uint32_t x823, uint8_t x824 = addcarryx_u32(x821, x770, x803);
uint32_t x826, uint8_t x827 = addcarryx_u32(x824, x773, x791);
uint32_t x829, uint8_t x830 = addcarryx_u32(x827, x776, x805);
uint32_t x832, uint8_t x833 = addcarryx_u32(x830, x779, x808);
uint32_t x835, uint8_t x836 = addcarryx_u32(x833, x782, x811);
uint32_t x838, uint8_t x839 = addcarryx_u32(x836, x785, x814);
uint8_t x840 = (x839 + x786);
uint32_t x842, uint8_t x843 = subborrow_u32(0x0, x820, 0x1);
uint32_t x845, uint8_t x846 = subborrow_u32(x843, x823, 0x0);
uint32_t x848, uint8_t x849 = subborrow_u32(x846, x826, 0x0);
uint32_t x851, uint8_t x852 = subborrow_u32(x849, x829, 0xffffffff);
uint32_t x854, uint8_t x855 = subborrow_u32(x852, x832, 0xffffffff);
uint32_t x857, uint8_t x858 = subborrow_u32(x855, x835, 0xffffffff);
uint32_t x860, uint8_t x861 = subborrow_u32(x858, x838, 0xffffffff);
uint32_t _, uint8_t x864 = subborrow_u32(x861, x840, 0x0);
(cmovznz32(x864, x860, x838), cmovznz32(x864, x857, x835), cmovznz32(x864, x854, x832), cmovznz32(x864, x851, x829), cmovznz32(x864, x848, x826), cmovznz32(x864, x845, x823), cmovznz32(x864, x842, x820))
     : ∀ var : Z.Syntax.base_type → Type, expr Z.Syntax.base_type Z.Syntax.op (uint32_t * uint32_t * uint32_t * uint32_t * uint32_t * uint32_t * uint32_t * (uint32_t * uint32_t * uint32_t * uint32_t * uint32_t * uint32_t * uint32_t) -> uint32_t * uint32_t * uint32_t * uint32_t * uint32_t * uint32_t * uint32_t)

Argument scope is [function_scope]
