mul = λ var : Z.Syntax.base_type → Type,
λ '(x26, x27, x25, x23, x21, x19, x17, x15, x13, x11, x9, x7, x5, x3, (x52, x53, x51, x49, x47, x45, x43, x41, x39, x37, x35, x33, x31, x29))%core,
uint32_t x55, uint32_t x56 = mulx_u32(x3, x29);
uint32_t x58, uint32_t x59 = mulx_u32(x3, x31);
uint32_t x61, uint32_t x62 = mulx_u32(x3, x33);
uint32_t x64, uint32_t x65 = mulx_u32(x3, x35);
uint32_t x67, uint32_t x68 = mulx_u32(x3, x37);
uint32_t x70, uint32_t x71 = mulx_u32(x3, x39);
uint32_t x73, uint32_t x74 = mulx_u32(x3, x41);
uint32_t x76, uint32_t x77 = mulx_u32(x3, x43);
uint32_t x79, uint32_t x80 = mulx_u32(x3, x45);
uint32_t x82, uint32_t x83 = mulx_u32(x3, x47);
uint32_t x85, uint32_t x86 = mulx_u32(x3, x49);
uint32_t x88, uint32_t x89 = mulx_u32(x3, x51);
uint32_t x91, uint32_t x92 = mulx_u32(x3, x53);
uint32_t x94, uint32_t x95 = mulx_u32(x3, x52);
uint32_t x97, uint8_t x98 = addcarryx_u32(0x0, x56, x58);
uint32_t x100, uint8_t x101 = addcarryx_u32(x98, x59, x61);
uint32_t x103, uint8_t x104 = addcarryx_u32(x101, x62, x64);
uint32_t x106, uint8_t x107 = addcarryx_u32(x104, x65, x67);
uint32_t x109, uint8_t x110 = addcarryx_u32(x107, x68, x70);
uint32_t x112, uint8_t x113 = addcarryx_u32(x110, x71, x73);
uint32_t x115, uint8_t x116 = addcarryx_u32(x113, x74, x76);
uint32_t x118, uint8_t x119 = addcarryx_u32(x116, x77, x79);
uint32_t x121, uint8_t x122 = addcarryx_u32(x119, x80, x82);
uint32_t x124, uint8_t x125 = addcarryx_u32(x122, x83, x85);
uint32_t x127, uint8_t x128 = addcarryx_u32(x125, x86, x88);
uint32_t x130, uint8_t x131 = addcarryx_u32(x128, x89, x91);
uint32_t x133, uint8_t x134 = addcarryx_u32(x131, x92, x94);
uint32_t x136, uint8_t _ = addcarryx_u32(0x0, x134, x95);
uint32_t x139, uint8_t x140 = addcarryx_u32(0x0, 0x0, x121);
uint32_t x142, uint8_t x143 = addcarryx_u32(x140, 0x0, x124);
uint32_t x145, uint8_t x146 = addcarryx_u32(x143, 0x0, x127);
uint32_t x148, uint8_t x149 = addcarryx_u32(x146, 0x0, x130);
uint32_t x151, uint8_t x152 = addcarryx_u32(x149, 0x0, x133);
uint32_t x154, uint8_t x155 = addcarryx_u32(x152, 0x0, x136);
uint32_t x157, uint32_t x158 = mulx_u32(x55, 0xffffffff);
uint32_t x160, uint32_t x161 = mulx_u32(x55, 0xffffffff);
uint32_t x163, uint32_t x164 = mulx_u32(x55, 0xffffffff);
uint32_t x166, uint32_t x167 = mulx_u32(x55, 0xffffffff);
uint32_t x169, uint32_t x170 = mulx_u32(x55, 0xffffffff);
uint32_t x172, uint32_t x173 = mulx_u32(x55, 0xffffffff);
uint32_t x175, uint32_t x176 = mulx_u32(x55, 0xffffffff);
uint32_t x178, uint32_t x179 = mulx_u32(x55, 0xfffffffe);
uint32_t x181, uint32_t x182 = mulx_u32(x55, 0xffffffff);
uint32_t x184, uint32_t x185 = mulx_u32(x55, 0xffffffff);
uint32_t x187, uint32_t x188 = mulx_u32(x55, 0xffffffff);
uint32_t x190, uint32_t x191 = mulx_u32(x55, 0xffffffff);
uint32_t x193, uint32_t x194 = mulx_u32(x55, 0xffffffff);
uint32_t x196, uint32_t x197 = mulx_u32(x55, 0xffffffff);
uint32_t x199, uint8_t x200 = addcarryx_u32(0x0, x158, x160);
uint32_t x202, uint8_t x203 = addcarryx_u32(x200, x161, x163);
uint32_t x205, uint8_t x206 = addcarryx_u32(x203, x164, x166);
uint32_t x208, uint8_t x209 = addcarryx_u32(x206, x167, x169);
uint32_t x211, uint8_t x212 = addcarryx_u32(x209, x170, x172);
uint32_t x214, uint8_t x215 = addcarryx_u32(x212, x173, x175);
uint32_t x217, uint8_t x218 = addcarryx_u32(x215, x176, x178);
uint32_t x220, uint8_t x221 = addcarryx_u32(x218, x179, x181);
uint32_t x223, uint8_t x224 = addcarryx_u32(x221, x182, x184);
uint32_t x226, uint8_t x227 = addcarryx_u32(x224, x185, x187);
uint32_t x229, uint8_t x230 = addcarryx_u32(x227, x188, x190);
uint32_t x232, uint8_t x233 = addcarryx_u32(x230, x191, x193);
uint32_t x235, uint8_t x236 = addcarryx_u32(x233, x194, x196);
uint32_t x238, uint8_t _ = addcarryx_u32(0x0, x236, x197);
uint32_t _, uint8_t x242 = addcarryx_u32(0x0, x55, x157);
uint32_t x244, uint8_t x245 = addcarryx_u32(x242, x97, x199);
uint32_t x247, uint8_t x248 = addcarryx_u32(x245, x100, x202);
uint32_t x250, uint8_t x251 = addcarryx_u32(x248, x103, x205);
uint32_t x253, uint8_t x254 = addcarryx_u32(x251, x106, x208);
uint32_t x256, uint8_t x257 = addcarryx_u32(x254, x109, x211);
uint32_t x259, uint8_t x260 = addcarryx_u32(x257, x112, x214);
uint32_t x262, uint8_t x263 = addcarryx_u32(x260, x115, x217);
uint32_t x265, uint8_t x266 = addcarryx_u32(x263, x118, x220);
uint32_t x268, uint8_t x269 = addcarryx_u32(x266, x139, x223);
uint32_t x271, uint8_t x272 = addcarryx_u32(x269, x142, x226);
uint32_t x274, uint8_t x275 = addcarryx_u32(x272, x145, x229);
uint32_t x277, uint8_t x278 = addcarryx_u32(x275, x148, x232);
uint32_t x280, uint8_t x281 = addcarryx_u32(x278, x151, x235);
uint32_t x283, uint8_t x284 = addcarryx_u32(x281, x154, x238);
uint8_t x285 = (x284 + x155);
uint32_t x287, uint32_t x288 = mulx_u32(x5, x29);
uint32_t x290, uint32_t x291 = mulx_u32(x5, x31);
uint32_t x293, uint32_t x294 = mulx_u32(x5, x33);
uint32_t x296, uint32_t x297 = mulx_u32(x5, x35);
uint32_t x299, uint32_t x300 = mulx_u32(x5, x37);
uint32_t x302, uint32_t x303 = mulx_u32(x5, x39);
uint32_t x305, uint32_t x306 = mulx_u32(x5, x41);
uint32_t x308, uint32_t x309 = mulx_u32(x5, x43);
uint32_t x311, uint32_t x312 = mulx_u32(x5, x45);
uint32_t x314, uint32_t x315 = mulx_u32(x5, x47);
uint32_t x317, uint32_t x318 = mulx_u32(x5, x49);
uint32_t x320, uint32_t x321 = mulx_u32(x5, x51);
uint32_t x323, uint32_t x324 = mulx_u32(x5, x53);
uint32_t x326, uint32_t x327 = mulx_u32(x5, x52);
uint32_t x329, uint8_t x330 = addcarryx_u32(0x0, x288, x290);
uint32_t x332, uint8_t x333 = addcarryx_u32(x330, x291, x293);
uint32_t x335, uint8_t x336 = addcarryx_u32(x333, x294, x296);
uint32_t x338, uint8_t x339 = addcarryx_u32(x336, x297, x299);
uint32_t x341, uint8_t x342 = addcarryx_u32(x339, x300, x302);
uint32_t x344, uint8_t x345 = addcarryx_u32(x342, x303, x305);
uint32_t x347, uint8_t x348 = addcarryx_u32(x345, x306, x308);
uint32_t x350, uint8_t x351 = addcarryx_u32(x348, x309, x311);
uint32_t x353, uint8_t x354 = addcarryx_u32(x351, x312, x314);
uint32_t x356, uint8_t x357 = addcarryx_u32(x354, x315, x317);
uint32_t x359, uint8_t x360 = addcarryx_u32(x357, x318, x320);
uint32_t x362, uint8_t x363 = addcarryx_u32(x360, x321, x323);
uint32_t x365, uint8_t x366 = addcarryx_u32(x363, x324, x326);
uint32_t x368, uint8_t _ = addcarryx_u32(0x0, x366, x327);
uint32_t x371, uint8_t x372 = addcarryx_u32(0x0, x244, x287);
uint32_t x374, uint8_t x375 = addcarryx_u32(x372, x247, x329);
uint32_t x377, uint8_t x378 = addcarryx_u32(x375, x250, x332);
uint32_t x380, uint8_t x381 = addcarryx_u32(x378, x253, x335);
uint32_t x383, uint8_t x384 = addcarryx_u32(x381, x256, x338);
uint32_t x386, uint8_t x387 = addcarryx_u32(x384, x259, x341);
uint32_t x389, uint8_t x390 = addcarryx_u32(x387, x262, x344);
uint32_t x392, uint8_t x393 = addcarryx_u32(x390, x265, x347);
uint32_t x395, uint8_t x396 = addcarryx_u32(x393, x268, x350);
uint32_t x398, uint8_t x399 = addcarryx_u32(x396, x271, x353);
uint32_t x401, uint8_t x402 = addcarryx_u32(x399, x274, x356);
uint32_t x404, uint8_t x405 = addcarryx_u32(x402, x277, x359);
uint32_t x407, uint8_t x408 = addcarryx_u32(x405, x280, x362);
uint32_t x410, uint8_t x411 = addcarryx_u32(x408, x283, x365);
uint32_t x413, uint8_t x414 = addcarryx_u32(x411, x285, x368);
uint32_t x416, uint32_t x417 = mulx_u32(x371, 0xffffffff);
uint32_t x419, uint32_t x420 = mulx_u32(x371, 0xffffffff);
uint32_t x422, uint32_t x423 = mulx_u32(x371, 0xffffffff);
uint32_t x425, uint32_t x426 = mulx_u32(x371, 0xffffffff);
uint32_t x428, uint32_t x429 = mulx_u32(x371, 0xffffffff);
uint32_t x431, uint32_t x432 = mulx_u32(x371, 0xffffffff);
uint32_t x434, uint32_t x435 = mulx_u32(x371, 0xffffffff);
uint32_t x437, uint32_t x438 = mulx_u32(x371, 0xfffffffe);
uint32_t x440, uint32_t x441 = mulx_u32(x371, 0xffffffff);
uint32_t x443, uint32_t x444 = mulx_u32(x371, 0xffffffff);
uint32_t x446, uint32_t x447 = mulx_u32(x371, 0xffffffff);
uint32_t x449, uint32_t x450 = mulx_u32(x371, 0xffffffff);
uint32_t x452, uint32_t x453 = mulx_u32(x371, 0xffffffff);
uint32_t x455, uint32_t x456 = mulx_u32(x371, 0xffffffff);
uint32_t x458, uint8_t x459 = addcarryx_u32(0x0, x417, x419);
uint32_t x461, uint8_t x462 = addcarryx_u32(x459, x420, x422);
uint32_t x464, uint8_t x465 = addcarryx_u32(x462, x423, x425);
uint32_t x467, uint8_t x468 = addcarryx_u32(x465, x426, x428);
uint32_t x470, uint8_t x471 = addcarryx_u32(x468, x429, x431);
uint32_t x473, uint8_t x474 = addcarryx_u32(x471, x432, x434);
uint32_t x476, uint8_t x477 = addcarryx_u32(x474, x435, x437);
uint32_t x479, uint8_t x480 = addcarryx_u32(x477, x438, x440);
uint32_t x482, uint8_t x483 = addcarryx_u32(x480, x441, x443);
uint32_t x485, uint8_t x486 = addcarryx_u32(x483, x444, x446);
uint32_t x488, uint8_t x489 = addcarryx_u32(x486, x447, x449);
uint32_t x491, uint8_t x492 = addcarryx_u32(x489, x450, x452);
uint32_t x494, uint8_t x495 = addcarryx_u32(x492, x453, x455);
uint32_t x497, uint8_t _ = addcarryx_u32(0x0, x495, x456);
uint32_t _, uint8_t x501 = addcarryx_u32(0x0, x371, x416);
uint32_t x503, uint8_t x504 = addcarryx_u32(x501, x374, x458);
uint32_t x506, uint8_t x507 = addcarryx_u32(x504, x377, x461);
uint32_t x509, uint8_t x510 = addcarryx_u32(x507, x380, x464);
uint32_t x512, uint8_t x513 = addcarryx_u32(x510, x383, x467);
uint32_t x515, uint8_t x516 = addcarryx_u32(x513, x386, x470);
uint32_t x518, uint8_t x519 = addcarryx_u32(x516, x389, x473);
uint32_t x521, uint8_t x522 = addcarryx_u32(x519, x392, x476);
uint32_t x524, uint8_t x525 = addcarryx_u32(x522, x395, x479);
uint32_t x527, uint8_t x528 = addcarryx_u32(x525, x398, x482);
uint32_t x530, uint8_t x531 = addcarryx_u32(x528, x401, x485);
uint32_t x533, uint8_t x534 = addcarryx_u32(x531, x404, x488);
uint32_t x536, uint8_t x537 = addcarryx_u32(x534, x407, x491);
uint32_t x539, uint8_t x540 = addcarryx_u32(x537, x410, x494);
uint32_t x542, uint8_t x543 = addcarryx_u32(x540, x413, x497);
uint8_t x544 = (x543 + x414);
uint32_t x546, uint32_t x547 = mulx_u32(x7, x29);
uint32_t x549, uint32_t x550 = mulx_u32(x7, x31);
uint32_t x552, uint32_t x553 = mulx_u32(x7, x33);
uint32_t x555, uint32_t x556 = mulx_u32(x7, x35);
uint32_t x558, uint32_t x559 = mulx_u32(x7, x37);
uint32_t x561, uint32_t x562 = mulx_u32(x7, x39);
uint32_t x564, uint32_t x565 = mulx_u32(x7, x41);
uint32_t x567, uint32_t x568 = mulx_u32(x7, x43);
uint32_t x570, uint32_t x571 = mulx_u32(x7, x45);
uint32_t x573, uint32_t x574 = mulx_u32(x7, x47);
uint32_t x576, uint32_t x577 = mulx_u32(x7, x49);
uint32_t x579, uint32_t x580 = mulx_u32(x7, x51);
uint32_t x582, uint32_t x583 = mulx_u32(x7, x53);
uint32_t x585, uint32_t x586 = mulx_u32(x7, x52);
uint32_t x588, uint8_t x589 = addcarryx_u32(0x0, x547, x549);
uint32_t x591, uint8_t x592 = addcarryx_u32(x589, x550, x552);
uint32_t x594, uint8_t x595 = addcarryx_u32(x592, x553, x555);
uint32_t x597, uint8_t x598 = addcarryx_u32(x595, x556, x558);
uint32_t x600, uint8_t x601 = addcarryx_u32(x598, x559, x561);
uint32_t x603, uint8_t x604 = addcarryx_u32(x601, x562, x564);
uint32_t x606, uint8_t x607 = addcarryx_u32(x604, x565, x567);
uint32_t x609, uint8_t x610 = addcarryx_u32(x607, x568, x570);
uint32_t x612, uint8_t x613 = addcarryx_u32(x610, x571, x573);
uint32_t x615, uint8_t x616 = addcarryx_u32(x613, x574, x576);
uint32_t x618, uint8_t x619 = addcarryx_u32(x616, x577, x579);
uint32_t x621, uint8_t x622 = addcarryx_u32(x619, x580, x582);
uint32_t x624, uint8_t x625 = addcarryx_u32(x622, x583, x585);
uint32_t x627, uint8_t _ = addcarryx_u32(0x0, x625, x586);
uint32_t x630, uint8_t x631 = addcarryx_u32(0x0, x503, x546);
uint32_t x633, uint8_t x634 = addcarryx_u32(x631, x506, x588);
uint32_t x636, uint8_t x637 = addcarryx_u32(x634, x509, x591);
uint32_t x639, uint8_t x640 = addcarryx_u32(x637, x512, x594);
uint32_t x642, uint8_t x643 = addcarryx_u32(x640, x515, x597);
uint32_t x645, uint8_t x646 = addcarryx_u32(x643, x518, x600);
uint32_t x648, uint8_t x649 = addcarryx_u32(x646, x521, x603);
uint32_t x651, uint8_t x652 = addcarryx_u32(x649, x524, x606);
uint32_t x654, uint8_t x655 = addcarryx_u32(x652, x527, x609);
uint32_t x657, uint8_t x658 = addcarryx_u32(x655, x530, x612);
uint32_t x660, uint8_t x661 = addcarryx_u32(x658, x533, x615);
uint32_t x663, uint8_t x664 = addcarryx_u32(x661, x536, x618);
uint32_t x666, uint8_t x667 = addcarryx_u32(x664, x539, x621);
uint32_t x669, uint8_t x670 = addcarryx_u32(x667, x542, x624);
uint32_t x672, uint8_t x673 = addcarryx_u32(x670, x544, x627);
uint32_t x675, uint32_t x676 = mulx_u32(x630, 0xffffffff);
uint32_t x678, uint32_t x679 = mulx_u32(x630, 0xffffffff);
uint32_t x681, uint32_t x682 = mulx_u32(x630, 0xffffffff);
uint32_t x684, uint32_t x685 = mulx_u32(x630, 0xffffffff);
uint32_t x687, uint32_t x688 = mulx_u32(x630, 0xffffffff);
uint32_t x690, uint32_t x691 = mulx_u32(x630, 0xffffffff);
uint32_t x693, uint32_t x694 = mulx_u32(x630, 0xffffffff);
uint32_t x696, uint32_t x697 = mulx_u32(x630, 0xfffffffe);
uint32_t x699, uint32_t x700 = mulx_u32(x630, 0xffffffff);
uint32_t x702, uint32_t x703 = mulx_u32(x630, 0xffffffff);
uint32_t x705, uint32_t x706 = mulx_u32(x630, 0xffffffff);
uint32_t x708, uint32_t x709 = mulx_u32(x630, 0xffffffff);
uint32_t x711, uint32_t x712 = mulx_u32(x630, 0xffffffff);
uint32_t x714, uint32_t x715 = mulx_u32(x630, 0xffffffff);
uint32_t x717, uint8_t x718 = addcarryx_u32(0x0, x676, x678);
uint32_t x720, uint8_t x721 = addcarryx_u32(x718, x679, x681);
uint32_t x723, uint8_t x724 = addcarryx_u32(x721, x682, x684);
uint32_t x726, uint8_t x727 = addcarryx_u32(x724, x685, x687);
uint32_t x729, uint8_t x730 = addcarryx_u32(x727, x688, x690);
uint32_t x732, uint8_t x733 = addcarryx_u32(x730, x691, x693);
uint32_t x735, uint8_t x736 = addcarryx_u32(x733, x694, x696);
uint32_t x738, uint8_t x739 = addcarryx_u32(x736, x697, x699);
uint32_t x741, uint8_t x742 = addcarryx_u32(x739, x700, x702);
uint32_t x744, uint8_t x745 = addcarryx_u32(x742, x703, x705);
uint32_t x747, uint8_t x748 = addcarryx_u32(x745, x706, x708);
uint32_t x750, uint8_t x751 = addcarryx_u32(x748, x709, x711);
uint32_t x753, uint8_t x754 = addcarryx_u32(x751, x712, x714);
uint32_t x756, uint8_t _ = addcarryx_u32(0x0, x754, x715);
uint32_t _, uint8_t x760 = addcarryx_u32(0x0, x630, x675);
uint32_t x762, uint8_t x763 = addcarryx_u32(x760, x633, x717);
uint32_t x765, uint8_t x766 = addcarryx_u32(x763, x636, x720);
uint32_t x768, uint8_t x769 = addcarryx_u32(x766, x639, x723);
uint32_t x771, uint8_t x772 = addcarryx_u32(x769, x642, x726);
uint32_t x774, uint8_t x775 = addcarryx_u32(x772, x645, x729);
uint32_t x777, uint8_t x778 = addcarryx_u32(x775, x648, x732);
uint32_t x780, uint8_t x781 = addcarryx_u32(x778, x651, x735);
uint32_t x783, uint8_t x784 = addcarryx_u32(x781, x654, x738);
uint32_t x786, uint8_t x787 = addcarryx_u32(x784, x657, x741);
uint32_t x789, uint8_t x790 = addcarryx_u32(x787, x660, x744);
uint32_t x792, uint8_t x793 = addcarryx_u32(x790, x663, x747);
uint32_t x795, uint8_t x796 = addcarryx_u32(x793, x666, x750);
uint32_t x798, uint8_t x799 = addcarryx_u32(x796, x669, x753);
uint32_t x801, uint8_t x802 = addcarryx_u32(x799, x672, x756);
uint8_t x803 = (x802 + x673);
uint32_t x805, uint32_t x806 = mulx_u32(x9, x29);
uint32_t x808, uint32_t x809 = mulx_u32(x9, x31);
uint32_t x811, uint32_t x812 = mulx_u32(x9, x33);
uint32_t x814, uint32_t x815 = mulx_u32(x9, x35);
uint32_t x817, uint32_t x818 = mulx_u32(x9, x37);
uint32_t x820, uint32_t x821 = mulx_u32(x9, x39);
uint32_t x823, uint32_t x824 = mulx_u32(x9, x41);
uint32_t x826, uint32_t x827 = mulx_u32(x9, x43);
uint32_t x829, uint32_t x830 = mulx_u32(x9, x45);
uint32_t x832, uint32_t x833 = mulx_u32(x9, x47);
uint32_t x835, uint32_t x836 = mulx_u32(x9, x49);
uint32_t x838, uint32_t x839 = mulx_u32(x9, x51);
uint32_t x841, uint32_t x842 = mulx_u32(x9, x53);
uint32_t x844, uint32_t x845 = mulx_u32(x9, x52);
uint32_t x847, uint8_t x848 = addcarryx_u32(0x0, x806, x808);
uint32_t x850, uint8_t x851 = addcarryx_u32(x848, x809, x811);
uint32_t x853, uint8_t x854 = addcarryx_u32(x851, x812, x814);
uint32_t x856, uint8_t x857 = addcarryx_u32(x854, x815, x817);
uint32_t x859, uint8_t x860 = addcarryx_u32(x857, x818, x820);
uint32_t x862, uint8_t x863 = addcarryx_u32(x860, x821, x823);
uint32_t x865, uint8_t x866 = addcarryx_u32(x863, x824, x826);
uint32_t x868, uint8_t x869 = addcarryx_u32(x866, x827, x829);
uint32_t x871, uint8_t x872 = addcarryx_u32(x869, x830, x832);
uint32_t x874, uint8_t x875 = addcarryx_u32(x872, x833, x835);
uint32_t x877, uint8_t x878 = addcarryx_u32(x875, x836, x838);
uint32_t x880, uint8_t x881 = addcarryx_u32(x878, x839, x841);
uint32_t x883, uint8_t x884 = addcarryx_u32(x881, x842, x844);
uint32_t x886, uint8_t _ = addcarryx_u32(0x0, x884, x845);
uint32_t x889, uint8_t x890 = addcarryx_u32(0x0, x762, x805);
uint32_t x892, uint8_t x893 = addcarryx_u32(x890, x765, x847);
uint32_t x895, uint8_t x896 = addcarryx_u32(x893, x768, x850);
uint32_t x898, uint8_t x899 = addcarryx_u32(x896, x771, x853);
uint32_t x901, uint8_t x902 = addcarryx_u32(x899, x774, x856);
uint32_t x904, uint8_t x905 = addcarryx_u32(x902, x777, x859);
uint32_t x907, uint8_t x908 = addcarryx_u32(x905, x780, x862);
uint32_t x910, uint8_t x911 = addcarryx_u32(x908, x783, x865);
uint32_t x913, uint8_t x914 = addcarryx_u32(x911, x786, x868);
uint32_t x916, uint8_t x917 = addcarryx_u32(x914, x789, x871);
uint32_t x919, uint8_t x920 = addcarryx_u32(x917, x792, x874);
uint32_t x922, uint8_t x923 = addcarryx_u32(x920, x795, x877);
uint32_t x925, uint8_t x926 = addcarryx_u32(x923, x798, x880);
uint32_t x928, uint8_t x929 = addcarryx_u32(x926, x801, x883);
uint32_t x931, uint8_t x932 = addcarryx_u32(x929, x803, x886);
uint32_t x934, uint32_t x935 = mulx_u32(x889, 0xffffffff);
uint32_t x937, uint32_t x938 = mulx_u32(x889, 0xffffffff);
uint32_t x940, uint32_t x941 = mulx_u32(x889, 0xffffffff);
uint32_t x943, uint32_t x944 = mulx_u32(x889, 0xffffffff);
uint32_t x946, uint32_t x947 = mulx_u32(x889, 0xffffffff);
uint32_t x949, uint32_t x950 = mulx_u32(x889, 0xffffffff);
uint32_t x952, uint32_t x953 = mulx_u32(x889, 0xffffffff);
uint32_t x955, uint32_t x956 = mulx_u32(x889, 0xfffffffe);
uint32_t x958, uint32_t x959 = mulx_u32(x889, 0xffffffff);
uint32_t x961, uint32_t x962 = mulx_u32(x889, 0xffffffff);
uint32_t x964, uint32_t x965 = mulx_u32(x889, 0xffffffff);
uint32_t x967, uint32_t x968 = mulx_u32(x889, 0xffffffff);
uint32_t x970, uint32_t x971 = mulx_u32(x889, 0xffffffff);
uint32_t x973, uint32_t x974 = mulx_u32(x889, 0xffffffff);
uint32_t x976, uint8_t x977 = addcarryx_u32(0x0, x935, x937);
uint32_t x979, uint8_t x980 = addcarryx_u32(x977, x938, x940);
uint32_t x982, uint8_t x983 = addcarryx_u32(x980, x941, x943);
uint32_t x985, uint8_t x986 = addcarryx_u32(x983, x944, x946);
uint32_t x988, uint8_t x989 = addcarryx_u32(x986, x947, x949);
uint32_t x991, uint8_t x992 = addcarryx_u32(x989, x950, x952);
uint32_t x994, uint8_t x995 = addcarryx_u32(x992, x953, x955);
uint32_t x997, uint8_t x998 = addcarryx_u32(x995, x956, x958);
uint32_t x1000, uint8_t x1001 = addcarryx_u32(x998, x959, x961);
uint32_t x1003, uint8_t x1004 = addcarryx_u32(x1001, x962, x964);
uint32_t x1006, uint8_t x1007 = addcarryx_u32(x1004, x965, x967);
uint32_t x1009, uint8_t x1010 = addcarryx_u32(x1007, x968, x970);
uint32_t x1012, uint8_t x1013 = addcarryx_u32(x1010, x971, x973);
uint32_t x1015, uint8_t _ = addcarryx_u32(0x0, x1013, x974);
uint32_t _, uint8_t x1019 = addcarryx_u32(0x0, x889, x934);
uint32_t x1021, uint8_t x1022 = addcarryx_u32(x1019, x892, x976);
uint32_t x1024, uint8_t x1025 = addcarryx_u32(x1022, x895, x979);
uint32_t x1027, uint8_t x1028 = addcarryx_u32(x1025, x898, x982);
uint32_t x1030, uint8_t x1031 = addcarryx_u32(x1028, x901, x985);
uint32_t x1033, uint8_t x1034 = addcarryx_u32(x1031, x904, x988);
uint32_t x1036, uint8_t x1037 = addcarryx_u32(x1034, x907, x991);
uint32_t x1039, uint8_t x1040 = addcarryx_u32(x1037, x910, x994);
uint32_t x1042, uint8_t x1043 = addcarryx_u32(x1040, x913, x997);
uint32_t x1045, uint8_t x1046 = addcarryx_u32(x1043, x916, x1000);
uint32_t x1048, uint8_t x1049 = addcarryx_u32(x1046, x919, x1003);
uint32_t x1051, uint8_t x1052 = addcarryx_u32(x1049, x922, x1006);
uint32_t x1054, uint8_t x1055 = addcarryx_u32(x1052, x925, x1009);
uint32_t x1057, uint8_t x1058 = addcarryx_u32(x1055, x928, x1012);
uint32_t x1060, uint8_t x1061 = addcarryx_u32(x1058, x931, x1015);
uint8_t x1062 = (x1061 + x932);
uint32_t x1064, uint32_t x1065 = mulx_u32(x11, x29);
uint32_t x1067, uint32_t x1068 = mulx_u32(x11, x31);
uint32_t x1070, uint32_t x1071 = mulx_u32(x11, x33);
uint32_t x1073, uint32_t x1074 = mulx_u32(x11, x35);
uint32_t x1076, uint32_t x1077 = mulx_u32(x11, x37);
uint32_t x1079, uint32_t x1080 = mulx_u32(x11, x39);
uint32_t x1082, uint32_t x1083 = mulx_u32(x11, x41);
uint32_t x1085, uint32_t x1086 = mulx_u32(x11, x43);
uint32_t x1088, uint32_t x1089 = mulx_u32(x11, x45);
uint32_t x1091, uint32_t x1092 = mulx_u32(x11, x47);
uint32_t x1094, uint32_t x1095 = mulx_u32(x11, x49);
uint32_t x1097, uint32_t x1098 = mulx_u32(x11, x51);
uint32_t x1100, uint32_t x1101 = mulx_u32(x11, x53);
uint32_t x1103, uint32_t x1104 = mulx_u32(x11, x52);
uint32_t x1106, uint8_t x1107 = addcarryx_u32(0x0, x1065, x1067);
uint32_t x1109, uint8_t x1110 = addcarryx_u32(x1107, x1068, x1070);
uint32_t x1112, uint8_t x1113 = addcarryx_u32(x1110, x1071, x1073);
uint32_t x1115, uint8_t x1116 = addcarryx_u32(x1113, x1074, x1076);
uint32_t x1118, uint8_t x1119 = addcarryx_u32(x1116, x1077, x1079);
uint32_t x1121, uint8_t x1122 = addcarryx_u32(x1119, x1080, x1082);
uint32_t x1124, uint8_t x1125 = addcarryx_u32(x1122, x1083, x1085);
uint32_t x1127, uint8_t x1128 = addcarryx_u32(x1125, x1086, x1088);
uint32_t x1130, uint8_t x1131 = addcarryx_u32(x1128, x1089, x1091);
uint32_t x1133, uint8_t x1134 = addcarryx_u32(x1131, x1092, x1094);
uint32_t x1136, uint8_t x1137 = addcarryx_u32(x1134, x1095, x1097);
uint32_t x1139, uint8_t x1140 = addcarryx_u32(x1137, x1098, x1100);
uint32_t x1142, uint8_t x1143 = addcarryx_u32(x1140, x1101, x1103);
uint32_t x1145, uint8_t _ = addcarryx_u32(0x0, x1143, x1104);
uint32_t x1148, uint8_t x1149 = addcarryx_u32(0x0, x1021, x1064);
uint32_t x1151, uint8_t x1152 = addcarryx_u32(x1149, x1024, x1106);
uint32_t x1154, uint8_t x1155 = addcarryx_u32(x1152, x1027, x1109);
uint32_t x1157, uint8_t x1158 = addcarryx_u32(x1155, x1030, x1112);
uint32_t x1160, uint8_t x1161 = addcarryx_u32(x1158, x1033, x1115);
uint32_t x1163, uint8_t x1164 = addcarryx_u32(x1161, x1036, x1118);
uint32_t x1166, uint8_t x1167 = addcarryx_u32(x1164, x1039, x1121);
uint32_t x1169, uint8_t x1170 = addcarryx_u32(x1167, x1042, x1124);
uint32_t x1172, uint8_t x1173 = addcarryx_u32(x1170, x1045, x1127);
uint32_t x1175, uint8_t x1176 = addcarryx_u32(x1173, x1048, x1130);
uint32_t x1178, uint8_t x1179 = addcarryx_u32(x1176, x1051, x1133);
uint32_t x1181, uint8_t x1182 = addcarryx_u32(x1179, x1054, x1136);
uint32_t x1184, uint8_t x1185 = addcarryx_u32(x1182, x1057, x1139);
uint32_t x1187, uint8_t x1188 = addcarryx_u32(x1185, x1060, x1142);
uint32_t x1190, uint8_t x1191 = addcarryx_u32(x1188, x1062, x1145);
uint32_t x1193, uint32_t x1194 = mulx_u32(x1148, 0xffffffff);
uint32_t x1196, uint32_t x1197 = mulx_u32(x1148, 0xffffffff);
uint32_t x1199, uint32_t x1200 = mulx_u32(x1148, 0xffffffff);
uint32_t x1202, uint32_t x1203 = mulx_u32(x1148, 0xffffffff);
uint32_t x1205, uint32_t x1206 = mulx_u32(x1148, 0xffffffff);
uint32_t x1208, uint32_t x1209 = mulx_u32(x1148, 0xffffffff);
uint32_t x1211, uint32_t x1212 = mulx_u32(x1148, 0xffffffff);
uint32_t x1214, uint32_t x1215 = mulx_u32(x1148, 0xfffffffe);
uint32_t x1217, uint32_t x1218 = mulx_u32(x1148, 0xffffffff);
uint32_t x1220, uint32_t x1221 = mulx_u32(x1148, 0xffffffff);
uint32_t x1223, uint32_t x1224 = mulx_u32(x1148, 0xffffffff);
uint32_t x1226, uint32_t x1227 = mulx_u32(x1148, 0xffffffff);
uint32_t x1229, uint32_t x1230 = mulx_u32(x1148, 0xffffffff);
uint32_t x1232, uint32_t x1233 = mulx_u32(x1148, 0xffffffff);
uint32_t x1235, uint8_t x1236 = addcarryx_u32(0x0, x1194, x1196);
uint32_t x1238, uint8_t x1239 = addcarryx_u32(x1236, x1197, x1199);
uint32_t x1241, uint8_t x1242 = addcarryx_u32(x1239, x1200, x1202);
uint32_t x1244, uint8_t x1245 = addcarryx_u32(x1242, x1203, x1205);
uint32_t x1247, uint8_t x1248 = addcarryx_u32(x1245, x1206, x1208);
uint32_t x1250, uint8_t x1251 = addcarryx_u32(x1248, x1209, x1211);
uint32_t x1253, uint8_t x1254 = addcarryx_u32(x1251, x1212, x1214);
uint32_t x1256, uint8_t x1257 = addcarryx_u32(x1254, x1215, x1217);
uint32_t x1259, uint8_t x1260 = addcarryx_u32(x1257, x1218, x1220);
uint32_t x1262, uint8_t x1263 = addcarryx_u32(x1260, x1221, x1223);
uint32_t x1265, uint8_t x1266 = addcarryx_u32(x1263, x1224, x1226);
uint32_t x1268, uint8_t x1269 = addcarryx_u32(x1266, x1227, x1229);
uint32_t x1271, uint8_t x1272 = addcarryx_u32(x1269, x1230, x1232);
uint32_t x1274, uint8_t _ = addcarryx_u32(0x0, x1272, x1233);
uint32_t _, uint8_t x1278 = addcarryx_u32(0x0, x1148, x1193);
uint32_t x1280, uint8_t x1281 = addcarryx_u32(x1278, x1151, x1235);
uint32_t x1283, uint8_t x1284 = addcarryx_u32(x1281, x1154, x1238);
uint32_t x1286, uint8_t x1287 = addcarryx_u32(x1284, x1157, x1241);
uint32_t x1289, uint8_t x1290 = addcarryx_u32(x1287, x1160, x1244);
uint32_t x1292, uint8_t x1293 = addcarryx_u32(x1290, x1163, x1247);
uint32_t x1295, uint8_t x1296 = addcarryx_u32(x1293, x1166, x1250);
uint32_t x1298, uint8_t x1299 = addcarryx_u32(x1296, x1169, x1253);
uint32_t x1301, uint8_t x1302 = addcarryx_u32(x1299, x1172, x1256);
uint32_t x1304, uint8_t x1305 = addcarryx_u32(x1302, x1175, x1259);
uint32_t x1307, uint8_t x1308 = addcarryx_u32(x1305, x1178, x1262);
uint32_t x1310, uint8_t x1311 = addcarryx_u32(x1308, x1181, x1265);
uint32_t x1313, uint8_t x1314 = addcarryx_u32(x1311, x1184, x1268);
uint32_t x1316, uint8_t x1317 = addcarryx_u32(x1314, x1187, x1271);
uint32_t x1319, uint8_t x1320 = addcarryx_u32(x1317, x1190, x1274);
uint8_t x1321 = (x1320 + x1191);
uint32_t x1323, uint32_t x1324 = mulx_u32(x13, x29);
uint32_t x1326, uint32_t x1327 = mulx_u32(x13, x31);
uint32_t x1329, uint32_t x1330 = mulx_u32(x13, x33);
uint32_t x1332, uint32_t x1333 = mulx_u32(x13, x35);
uint32_t x1335, uint32_t x1336 = mulx_u32(x13, x37);
uint32_t x1338, uint32_t x1339 = mulx_u32(x13, x39);
uint32_t x1341, uint32_t x1342 = mulx_u32(x13, x41);
uint32_t x1344, uint32_t x1345 = mulx_u32(x13, x43);
uint32_t x1347, uint32_t x1348 = mulx_u32(x13, x45);
uint32_t x1350, uint32_t x1351 = mulx_u32(x13, x47);
uint32_t x1353, uint32_t x1354 = mulx_u32(x13, x49);
uint32_t x1356, uint32_t x1357 = mulx_u32(x13, x51);
uint32_t x1359, uint32_t x1360 = mulx_u32(x13, x53);
uint32_t x1362, uint32_t x1363 = mulx_u32(x13, x52);
uint32_t x1365, uint8_t x1366 = addcarryx_u32(0x0, x1324, x1326);
uint32_t x1368, uint8_t x1369 = addcarryx_u32(x1366, x1327, x1329);
uint32_t x1371, uint8_t x1372 = addcarryx_u32(x1369, x1330, x1332);
uint32_t x1374, uint8_t x1375 = addcarryx_u32(x1372, x1333, x1335);
uint32_t x1377, uint8_t x1378 = addcarryx_u32(x1375, x1336, x1338);
uint32_t x1380, uint8_t x1381 = addcarryx_u32(x1378, x1339, x1341);
uint32_t x1383, uint8_t x1384 = addcarryx_u32(x1381, x1342, x1344);
uint32_t x1386, uint8_t x1387 = addcarryx_u32(x1384, x1345, x1347);
uint32_t x1389, uint8_t x1390 = addcarryx_u32(x1387, x1348, x1350);
uint32_t x1392, uint8_t x1393 = addcarryx_u32(x1390, x1351, x1353);
uint32_t x1395, uint8_t x1396 = addcarryx_u32(x1393, x1354, x1356);
uint32_t x1398, uint8_t x1399 = addcarryx_u32(x1396, x1357, x1359);
uint32_t x1401, uint8_t x1402 = addcarryx_u32(x1399, x1360, x1362);
uint32_t x1404, uint8_t _ = addcarryx_u32(0x0, x1402, x1363);
uint32_t x1407, uint8_t x1408 = addcarryx_u32(0x0, x1280, x1323);
uint32_t x1410, uint8_t x1411 = addcarryx_u32(x1408, x1283, x1365);
uint32_t x1413, uint8_t x1414 = addcarryx_u32(x1411, x1286, x1368);
uint32_t x1416, uint8_t x1417 = addcarryx_u32(x1414, x1289, x1371);
uint32_t x1419, uint8_t x1420 = addcarryx_u32(x1417, x1292, x1374);
uint32_t x1422, uint8_t x1423 = addcarryx_u32(x1420, x1295, x1377);
uint32_t x1425, uint8_t x1426 = addcarryx_u32(x1423, x1298, x1380);
uint32_t x1428, uint8_t x1429 = addcarryx_u32(x1426, x1301, x1383);
uint32_t x1431, uint8_t x1432 = addcarryx_u32(x1429, x1304, x1386);
uint32_t x1434, uint8_t x1435 = addcarryx_u32(x1432, x1307, x1389);
uint32_t x1437, uint8_t x1438 = addcarryx_u32(x1435, x1310, x1392);
uint32_t x1440, uint8_t x1441 = addcarryx_u32(x1438, x1313, x1395);
uint32_t x1443, uint8_t x1444 = addcarryx_u32(x1441, x1316, x1398);
uint32_t x1446, uint8_t x1447 = addcarryx_u32(x1444, x1319, x1401);
uint32_t x1449, uint8_t x1450 = addcarryx_u32(x1447, x1321, x1404);
uint32_t x1452, uint32_t x1453 = mulx_u32(x1407, 0xffffffff);
uint32_t x1455, uint32_t x1456 = mulx_u32(x1407, 0xffffffff);
uint32_t x1458, uint32_t x1459 = mulx_u32(x1407, 0xffffffff);
uint32_t x1461, uint32_t x1462 = mulx_u32(x1407, 0xffffffff);
uint32_t x1464, uint32_t x1465 = mulx_u32(x1407, 0xffffffff);
uint32_t x1467, uint32_t x1468 = mulx_u32(x1407, 0xffffffff);
uint32_t x1470, uint32_t x1471 = mulx_u32(x1407, 0xffffffff);
uint32_t x1473, uint32_t x1474 = mulx_u32(x1407, 0xfffffffe);
uint32_t x1476, uint32_t x1477 = mulx_u32(x1407, 0xffffffff);
uint32_t x1479, uint32_t x1480 = mulx_u32(x1407, 0xffffffff);
uint32_t x1482, uint32_t x1483 = mulx_u32(x1407, 0xffffffff);
uint32_t x1485, uint32_t x1486 = mulx_u32(x1407, 0xffffffff);
uint32_t x1488, uint32_t x1489 = mulx_u32(x1407, 0xffffffff);
uint32_t x1491, uint32_t x1492 = mulx_u32(x1407, 0xffffffff);
uint32_t x1494, uint8_t x1495 = addcarryx_u32(0x0, x1453, x1455);
uint32_t x1497, uint8_t x1498 = addcarryx_u32(x1495, x1456, x1458);
uint32_t x1500, uint8_t x1501 = addcarryx_u32(x1498, x1459, x1461);
uint32_t x1503, uint8_t x1504 = addcarryx_u32(x1501, x1462, x1464);
uint32_t x1506, uint8_t x1507 = addcarryx_u32(x1504, x1465, x1467);
uint32_t x1509, uint8_t x1510 = addcarryx_u32(x1507, x1468, x1470);
uint32_t x1512, uint8_t x1513 = addcarryx_u32(x1510, x1471, x1473);
uint32_t x1515, uint8_t x1516 = addcarryx_u32(x1513, x1474, x1476);
uint32_t x1518, uint8_t x1519 = addcarryx_u32(x1516, x1477, x1479);
uint32_t x1521, uint8_t x1522 = addcarryx_u32(x1519, x1480, x1482);
uint32_t x1524, uint8_t x1525 = addcarryx_u32(x1522, x1483, x1485);
uint32_t x1527, uint8_t x1528 = addcarryx_u32(x1525, x1486, x1488);
uint32_t x1530, uint8_t x1531 = addcarryx_u32(x1528, x1489, x1491);
uint32_t x1533, uint8_t _ = addcarryx_u32(0x0, x1531, x1492);
uint32_t _, uint8_t x1537 = addcarryx_u32(0x0, x1407, x1452);
uint32_t x1539, uint8_t x1540 = addcarryx_u32(x1537, x1410, x1494);
uint32_t x1542, uint8_t x1543 = addcarryx_u32(x1540, x1413, x1497);
uint32_t x1545, uint8_t x1546 = addcarryx_u32(x1543, x1416, x1500);
uint32_t x1548, uint8_t x1549 = addcarryx_u32(x1546, x1419, x1503);
uint32_t x1551, uint8_t x1552 = addcarryx_u32(x1549, x1422, x1506);
uint32_t x1554, uint8_t x1555 = addcarryx_u32(x1552, x1425, x1509);
uint32_t x1557, uint8_t x1558 = addcarryx_u32(x1555, x1428, x1512);
uint32_t x1560, uint8_t x1561 = addcarryx_u32(x1558, x1431, x1515);
uint32_t x1563, uint8_t x1564 = addcarryx_u32(x1561, x1434, x1518);
uint32_t x1566, uint8_t x1567 = addcarryx_u32(x1564, x1437, x1521);
uint32_t x1569, uint8_t x1570 = addcarryx_u32(x1567, x1440, x1524);
uint32_t x1572, uint8_t x1573 = addcarryx_u32(x1570, x1443, x1527);
uint32_t x1575, uint8_t x1576 = addcarryx_u32(x1573, x1446, x1530);
uint32_t x1578, uint8_t x1579 = addcarryx_u32(x1576, x1449, x1533);
uint8_t x1580 = (x1579 + x1450);
uint32_t x1582, uint32_t x1583 = mulx_u32(x15, x29);
uint32_t x1585, uint32_t x1586 = mulx_u32(x15, x31);
uint32_t x1588, uint32_t x1589 = mulx_u32(x15, x33);
uint32_t x1591, uint32_t x1592 = mulx_u32(x15, x35);
uint32_t x1594, uint32_t x1595 = mulx_u32(x15, x37);
uint32_t x1597, uint32_t x1598 = mulx_u32(x15, x39);
uint32_t x1600, uint32_t x1601 = mulx_u32(x15, x41);
uint32_t x1603, uint32_t x1604 = mulx_u32(x15, x43);
uint32_t x1606, uint32_t x1607 = mulx_u32(x15, x45);
uint32_t x1609, uint32_t x1610 = mulx_u32(x15, x47);
uint32_t x1612, uint32_t x1613 = mulx_u32(x15, x49);
uint32_t x1615, uint32_t x1616 = mulx_u32(x15, x51);
uint32_t x1618, uint32_t x1619 = mulx_u32(x15, x53);
uint32_t x1621, uint32_t x1622 = mulx_u32(x15, x52);
uint32_t x1624, uint8_t x1625 = addcarryx_u32(0x0, x1583, x1585);
uint32_t x1627, uint8_t x1628 = addcarryx_u32(x1625, x1586, x1588);
uint32_t x1630, uint8_t x1631 = addcarryx_u32(x1628, x1589, x1591);
uint32_t x1633, uint8_t x1634 = addcarryx_u32(x1631, x1592, x1594);
uint32_t x1636, uint8_t x1637 = addcarryx_u32(x1634, x1595, x1597);
uint32_t x1639, uint8_t x1640 = addcarryx_u32(x1637, x1598, x1600);
uint32_t x1642, uint8_t x1643 = addcarryx_u32(x1640, x1601, x1603);
uint32_t x1645, uint8_t x1646 = addcarryx_u32(x1643, x1604, x1606);
uint32_t x1648, uint8_t x1649 = addcarryx_u32(x1646, x1607, x1609);
uint32_t x1651, uint8_t x1652 = addcarryx_u32(x1649, x1610, x1612);
uint32_t x1654, uint8_t x1655 = addcarryx_u32(x1652, x1613, x1615);
uint32_t x1657, uint8_t x1658 = addcarryx_u32(x1655, x1616, x1618);
uint32_t x1660, uint8_t x1661 = addcarryx_u32(x1658, x1619, x1621);
uint32_t x1663, uint8_t _ = addcarryx_u32(0x0, x1661, x1622);
uint32_t x1666, uint8_t x1667 = addcarryx_u32(0x0, x1539, x1582);
uint32_t x1669, uint8_t x1670 = addcarryx_u32(x1667, x1542, x1624);
uint32_t x1672, uint8_t x1673 = addcarryx_u32(x1670, x1545, x1627);
uint32_t x1675, uint8_t x1676 = addcarryx_u32(x1673, x1548, x1630);
uint32_t x1678, uint8_t x1679 = addcarryx_u32(x1676, x1551, x1633);
uint32_t x1681, uint8_t x1682 = addcarryx_u32(x1679, x1554, x1636);
uint32_t x1684, uint8_t x1685 = addcarryx_u32(x1682, x1557, x1639);
uint32_t x1687, uint8_t x1688 = addcarryx_u32(x1685, x1560, x1642);
uint32_t x1690, uint8_t x1691 = addcarryx_u32(x1688, x1563, x1645);
uint32_t x1693, uint8_t x1694 = addcarryx_u32(x1691, x1566, x1648);
uint32_t x1696, uint8_t x1697 = addcarryx_u32(x1694, x1569, x1651);
uint32_t x1699, uint8_t x1700 = addcarryx_u32(x1697, x1572, x1654);
uint32_t x1702, uint8_t x1703 = addcarryx_u32(x1700, x1575, x1657);
uint32_t x1705, uint8_t x1706 = addcarryx_u32(x1703, x1578, x1660);
uint32_t x1708, uint8_t x1709 = addcarryx_u32(x1706, x1580, x1663);
uint32_t x1711, uint32_t x1712 = mulx_u32(x1666, 0xffffffff);
uint32_t x1714, uint32_t x1715 = mulx_u32(x1666, 0xffffffff);
uint32_t x1717, uint32_t x1718 = mulx_u32(x1666, 0xffffffff);
uint32_t x1720, uint32_t x1721 = mulx_u32(x1666, 0xffffffff);
uint32_t x1723, uint32_t x1724 = mulx_u32(x1666, 0xffffffff);
uint32_t x1726, uint32_t x1727 = mulx_u32(x1666, 0xffffffff);
uint32_t x1729, uint32_t x1730 = mulx_u32(x1666, 0xffffffff);
uint32_t x1732, uint32_t x1733 = mulx_u32(x1666, 0xfffffffe);
uint32_t x1735, uint32_t x1736 = mulx_u32(x1666, 0xffffffff);
uint32_t x1738, uint32_t x1739 = mulx_u32(x1666, 0xffffffff);
uint32_t x1741, uint32_t x1742 = mulx_u32(x1666, 0xffffffff);
uint32_t x1744, uint32_t x1745 = mulx_u32(x1666, 0xffffffff);
uint32_t x1747, uint32_t x1748 = mulx_u32(x1666, 0xffffffff);
uint32_t x1750, uint32_t x1751 = mulx_u32(x1666, 0xffffffff);
uint32_t x1753, uint8_t x1754 = addcarryx_u32(0x0, x1712, x1714);
uint32_t x1756, uint8_t x1757 = addcarryx_u32(x1754, x1715, x1717);
uint32_t x1759, uint8_t x1760 = addcarryx_u32(x1757, x1718, x1720);
uint32_t x1762, uint8_t x1763 = addcarryx_u32(x1760, x1721, x1723);
uint32_t x1765, uint8_t x1766 = addcarryx_u32(x1763, x1724, x1726);
uint32_t x1768, uint8_t x1769 = addcarryx_u32(x1766, x1727, x1729);
uint32_t x1771, uint8_t x1772 = addcarryx_u32(x1769, x1730, x1732);
uint32_t x1774, uint8_t x1775 = addcarryx_u32(x1772, x1733, x1735);
uint32_t x1777, uint8_t x1778 = addcarryx_u32(x1775, x1736, x1738);
uint32_t x1780, uint8_t x1781 = addcarryx_u32(x1778, x1739, x1741);
uint32_t x1783, uint8_t x1784 = addcarryx_u32(x1781, x1742, x1744);
uint32_t x1786, uint8_t x1787 = addcarryx_u32(x1784, x1745, x1747);
uint32_t x1789, uint8_t x1790 = addcarryx_u32(x1787, x1748, x1750);
uint32_t x1792, uint8_t _ = addcarryx_u32(0x0, x1790, x1751);
uint32_t _, uint8_t x1796 = addcarryx_u32(0x0, x1666, x1711);
uint32_t x1798, uint8_t x1799 = addcarryx_u32(x1796, x1669, x1753);
uint32_t x1801, uint8_t x1802 = addcarryx_u32(x1799, x1672, x1756);
uint32_t x1804, uint8_t x1805 = addcarryx_u32(x1802, x1675, x1759);
uint32_t x1807, uint8_t x1808 = addcarryx_u32(x1805, x1678, x1762);
uint32_t x1810, uint8_t x1811 = addcarryx_u32(x1808, x1681, x1765);
uint32_t x1813, uint8_t x1814 = addcarryx_u32(x1811, x1684, x1768);
uint32_t x1816, uint8_t x1817 = addcarryx_u32(x1814, x1687, x1771);
uint32_t x1819, uint8_t x1820 = addcarryx_u32(x1817, x1690, x1774);
uint32_t x1822, uint8_t x1823 = addcarryx_u32(x1820, x1693, x1777);
uint32_t x1825, uint8_t x1826 = addcarryx_u32(x1823, x1696, x1780);
uint32_t x1828, uint8_t x1829 = addcarryx_u32(x1826, x1699, x1783);
uint32_t x1831, uint8_t x1832 = addcarryx_u32(x1829, x1702, x1786);
uint32_t x1834, uint8_t x1835 = addcarryx_u32(x1832, x1705, x1789);
uint32_t x1837, uint8_t x1838 = addcarryx_u32(x1835, x1708, x1792);
uint8_t x1839 = (x1838 + x1709);
uint32_t x1841, uint32_t x1842 = mulx_u32(x17, x29);
uint32_t x1844, uint32_t x1845 = mulx_u32(x17, x31);
uint32_t x1847, uint32_t x1848 = mulx_u32(x17, x33);
uint32_t x1850, uint32_t x1851 = mulx_u32(x17, x35);
uint32_t x1853, uint32_t x1854 = mulx_u32(x17, x37);
uint32_t x1856, uint32_t x1857 = mulx_u32(x17, x39);
uint32_t x1859, uint32_t x1860 = mulx_u32(x17, x41);
uint32_t x1862, uint32_t x1863 = mulx_u32(x17, x43);
uint32_t x1865, uint32_t x1866 = mulx_u32(x17, x45);
uint32_t x1868, uint32_t x1869 = mulx_u32(x17, x47);
uint32_t x1871, uint32_t x1872 = mulx_u32(x17, x49);
uint32_t x1874, uint32_t x1875 = mulx_u32(x17, x51);
uint32_t x1877, uint32_t x1878 = mulx_u32(x17, x53);
uint32_t x1880, uint32_t x1881 = mulx_u32(x17, x52);
uint32_t x1883, uint8_t x1884 = addcarryx_u32(0x0, x1842, x1844);
uint32_t x1886, uint8_t x1887 = addcarryx_u32(x1884, x1845, x1847);
uint32_t x1889, uint8_t x1890 = addcarryx_u32(x1887, x1848, x1850);
uint32_t x1892, uint8_t x1893 = addcarryx_u32(x1890, x1851, x1853);
uint32_t x1895, uint8_t x1896 = addcarryx_u32(x1893, x1854, x1856);
uint32_t x1898, uint8_t x1899 = addcarryx_u32(x1896, x1857, x1859);
uint32_t x1901, uint8_t x1902 = addcarryx_u32(x1899, x1860, x1862);
uint32_t x1904, uint8_t x1905 = addcarryx_u32(x1902, x1863, x1865);
uint32_t x1907, uint8_t x1908 = addcarryx_u32(x1905, x1866, x1868);
uint32_t x1910, uint8_t x1911 = addcarryx_u32(x1908, x1869, x1871);
uint32_t x1913, uint8_t x1914 = addcarryx_u32(x1911, x1872, x1874);
uint32_t x1916, uint8_t x1917 = addcarryx_u32(x1914, x1875, x1877);
uint32_t x1919, uint8_t x1920 = addcarryx_u32(x1917, x1878, x1880);
uint32_t x1922, uint8_t _ = addcarryx_u32(0x0, x1920, x1881);
uint32_t x1925, uint8_t x1926 = addcarryx_u32(0x0, x1798, x1841);
uint32_t x1928, uint8_t x1929 = addcarryx_u32(x1926, x1801, x1883);
uint32_t x1931, uint8_t x1932 = addcarryx_u32(x1929, x1804, x1886);
uint32_t x1934, uint8_t x1935 = addcarryx_u32(x1932, x1807, x1889);
uint32_t x1937, uint8_t x1938 = addcarryx_u32(x1935, x1810, x1892);
uint32_t x1940, uint8_t x1941 = addcarryx_u32(x1938, x1813, x1895);
uint32_t x1943, uint8_t x1944 = addcarryx_u32(x1941, x1816, x1898);
uint32_t x1946, uint8_t x1947 = addcarryx_u32(x1944, x1819, x1901);
uint32_t x1949, uint8_t x1950 = addcarryx_u32(x1947, x1822, x1904);
uint32_t x1952, uint8_t x1953 = addcarryx_u32(x1950, x1825, x1907);
uint32_t x1955, uint8_t x1956 = addcarryx_u32(x1953, x1828, x1910);
uint32_t x1958, uint8_t x1959 = addcarryx_u32(x1956, x1831, x1913);
uint32_t x1961, uint8_t x1962 = addcarryx_u32(x1959, x1834, x1916);
uint32_t x1964, uint8_t x1965 = addcarryx_u32(x1962, x1837, x1919);
uint32_t x1967, uint8_t x1968 = addcarryx_u32(x1965, x1839, x1922);
uint32_t x1970, uint32_t x1971 = mulx_u32(x1925, 0xffffffff);
uint32_t x1973, uint32_t x1974 = mulx_u32(x1925, 0xffffffff);
uint32_t x1976, uint32_t x1977 = mulx_u32(x1925, 0xffffffff);
uint32_t x1979, uint32_t x1980 = mulx_u32(x1925, 0xffffffff);
uint32_t x1982, uint32_t x1983 = mulx_u32(x1925, 0xffffffff);
uint32_t x1985, uint32_t x1986 = mulx_u32(x1925, 0xffffffff);
uint32_t x1988, uint32_t x1989 = mulx_u32(x1925, 0xffffffff);
uint32_t x1991, uint32_t x1992 = mulx_u32(x1925, 0xfffffffe);
uint32_t x1994, uint32_t x1995 = mulx_u32(x1925, 0xffffffff);
uint32_t x1997, uint32_t x1998 = mulx_u32(x1925, 0xffffffff);
uint32_t x2000, uint32_t x2001 = mulx_u32(x1925, 0xffffffff);
uint32_t x2003, uint32_t x2004 = mulx_u32(x1925, 0xffffffff);
uint32_t x2006, uint32_t x2007 = mulx_u32(x1925, 0xffffffff);
uint32_t x2009, uint32_t x2010 = mulx_u32(x1925, 0xffffffff);
uint32_t x2012, uint8_t x2013 = addcarryx_u32(0x0, x1971, x1973);
uint32_t x2015, uint8_t x2016 = addcarryx_u32(x2013, x1974, x1976);
uint32_t x2018, uint8_t x2019 = addcarryx_u32(x2016, x1977, x1979);
uint32_t x2021, uint8_t x2022 = addcarryx_u32(x2019, x1980, x1982);
uint32_t x2024, uint8_t x2025 = addcarryx_u32(x2022, x1983, x1985);
uint32_t x2027, uint8_t x2028 = addcarryx_u32(x2025, x1986, x1988);
uint32_t x2030, uint8_t x2031 = addcarryx_u32(x2028, x1989, x1991);
uint32_t x2033, uint8_t x2034 = addcarryx_u32(x2031, x1992, x1994);
uint32_t x2036, uint8_t x2037 = addcarryx_u32(x2034, x1995, x1997);
uint32_t x2039, uint8_t x2040 = addcarryx_u32(x2037, x1998, x2000);
uint32_t x2042, uint8_t x2043 = addcarryx_u32(x2040, x2001, x2003);
uint32_t x2045, uint8_t x2046 = addcarryx_u32(x2043, x2004, x2006);
uint32_t x2048, uint8_t x2049 = addcarryx_u32(x2046, x2007, x2009);
uint32_t x2051, uint8_t _ = addcarryx_u32(0x0, x2049, x2010);
uint32_t _, uint8_t x2055 = addcarryx_u32(0x0, x1925, x1970);
uint32_t x2057, uint8_t x2058 = addcarryx_u32(x2055, x1928, x2012);
uint32_t x2060, uint8_t x2061 = addcarryx_u32(x2058, x1931, x2015);
uint32_t x2063, uint8_t x2064 = addcarryx_u32(x2061, x1934, x2018);
uint32_t x2066, uint8_t x2067 = addcarryx_u32(x2064, x1937, x2021);
uint32_t x2069, uint8_t x2070 = addcarryx_u32(x2067, x1940, x2024);
uint32_t x2072, uint8_t x2073 = addcarryx_u32(x2070, x1943, x2027);
uint32_t x2075, uint8_t x2076 = addcarryx_u32(x2073, x1946, x2030);
uint32_t x2078, uint8_t x2079 = addcarryx_u32(x2076, x1949, x2033);
uint32_t x2081, uint8_t x2082 = addcarryx_u32(x2079, x1952, x2036);
uint32_t x2084, uint8_t x2085 = addcarryx_u32(x2082, x1955, x2039);
uint32_t x2087, uint8_t x2088 = addcarryx_u32(x2085, x1958, x2042);
uint32_t x2090, uint8_t x2091 = addcarryx_u32(x2088, x1961, x2045);
uint32_t x2093, uint8_t x2094 = addcarryx_u32(x2091, x1964, x2048);
uint32_t x2096, uint8_t x2097 = addcarryx_u32(x2094, x1967, x2051);
uint8_t x2098 = (x2097 + x1968);
uint32_t x2100, uint32_t x2101 = mulx_u32(x19, x29);
uint32_t x2103, uint32_t x2104 = mulx_u32(x19, x31);
uint32_t x2106, uint32_t x2107 = mulx_u32(x19, x33);
uint32_t x2109, uint32_t x2110 = mulx_u32(x19, x35);
uint32_t x2112, uint32_t x2113 = mulx_u32(x19, x37);
uint32_t x2115, uint32_t x2116 = mulx_u32(x19, x39);
uint32_t x2118, uint32_t x2119 = mulx_u32(x19, x41);
uint32_t x2121, uint32_t x2122 = mulx_u32(x19, x43);
uint32_t x2124, uint32_t x2125 = mulx_u32(x19, x45);
uint32_t x2127, uint32_t x2128 = mulx_u32(x19, x47);
uint32_t x2130, uint32_t x2131 = mulx_u32(x19, x49);
uint32_t x2133, uint32_t x2134 = mulx_u32(x19, x51);
uint32_t x2136, uint32_t x2137 = mulx_u32(x19, x53);
uint32_t x2139, uint32_t x2140 = mulx_u32(x19, x52);
uint32_t x2142, uint8_t x2143 = addcarryx_u32(0x0, x2101, x2103);
uint32_t x2145, uint8_t x2146 = addcarryx_u32(x2143, x2104, x2106);
uint32_t x2148, uint8_t x2149 = addcarryx_u32(x2146, x2107, x2109);
uint32_t x2151, uint8_t x2152 = addcarryx_u32(x2149, x2110, x2112);
uint32_t x2154, uint8_t x2155 = addcarryx_u32(x2152, x2113, x2115);
uint32_t x2157, uint8_t x2158 = addcarryx_u32(x2155, x2116, x2118);
uint32_t x2160, uint8_t x2161 = addcarryx_u32(x2158, x2119, x2121);
uint32_t x2163, uint8_t x2164 = addcarryx_u32(x2161, x2122, x2124);
uint32_t x2166, uint8_t x2167 = addcarryx_u32(x2164, x2125, x2127);
uint32_t x2169, uint8_t x2170 = addcarryx_u32(x2167, x2128, x2130);
uint32_t x2172, uint8_t x2173 = addcarryx_u32(x2170, x2131, x2133);
uint32_t x2175, uint8_t x2176 = addcarryx_u32(x2173, x2134, x2136);
uint32_t x2178, uint8_t x2179 = addcarryx_u32(x2176, x2137, x2139);
uint32_t x2181, uint8_t _ = addcarryx_u32(0x0, x2179, x2140);
uint32_t x2184, uint8_t x2185 = addcarryx_u32(0x0, x2057, x2100);
uint32_t x2187, uint8_t x2188 = addcarryx_u32(x2185, x2060, x2142);
uint32_t x2190, uint8_t x2191 = addcarryx_u32(x2188, x2063, x2145);
uint32_t x2193, uint8_t x2194 = addcarryx_u32(x2191, x2066, x2148);
uint32_t x2196, uint8_t x2197 = addcarryx_u32(x2194, x2069, x2151);
uint32_t x2199, uint8_t x2200 = addcarryx_u32(x2197, x2072, x2154);
uint32_t x2202, uint8_t x2203 = addcarryx_u32(x2200, x2075, x2157);
uint32_t x2205, uint8_t x2206 = addcarryx_u32(x2203, x2078, x2160);
uint32_t x2208, uint8_t x2209 = addcarryx_u32(x2206, x2081, x2163);
uint32_t x2211, uint8_t x2212 = addcarryx_u32(x2209, x2084, x2166);
uint32_t x2214, uint8_t x2215 = addcarryx_u32(x2212, x2087, x2169);
uint32_t x2217, uint8_t x2218 = addcarryx_u32(x2215, x2090, x2172);
uint32_t x2220, uint8_t x2221 = addcarryx_u32(x2218, x2093, x2175);
uint32_t x2223, uint8_t x2224 = addcarryx_u32(x2221, x2096, x2178);
uint32_t x2226, uint8_t x2227 = addcarryx_u32(x2224, x2098, x2181);
uint32_t x2229, uint32_t x2230 = mulx_u32(x2184, 0xffffffff);
uint32_t x2232, uint32_t x2233 = mulx_u32(x2184, 0xffffffff);
uint32_t x2235, uint32_t x2236 = mulx_u32(x2184, 0xffffffff);
uint32_t x2238, uint32_t x2239 = mulx_u32(x2184, 0xffffffff);
uint32_t x2241, uint32_t x2242 = mulx_u32(x2184, 0xffffffff);
uint32_t x2244, uint32_t x2245 = mulx_u32(x2184, 0xffffffff);
uint32_t x2247, uint32_t x2248 = mulx_u32(x2184, 0xffffffff);
uint32_t x2250, uint32_t x2251 = mulx_u32(x2184, 0xfffffffe);
uint32_t x2253, uint32_t x2254 = mulx_u32(x2184, 0xffffffff);
uint32_t x2256, uint32_t x2257 = mulx_u32(x2184, 0xffffffff);
uint32_t x2259, uint32_t x2260 = mulx_u32(x2184, 0xffffffff);
uint32_t x2262, uint32_t x2263 = mulx_u32(x2184, 0xffffffff);
uint32_t x2265, uint32_t x2266 = mulx_u32(x2184, 0xffffffff);
uint32_t x2268, uint32_t x2269 = mulx_u32(x2184, 0xffffffff);
uint32_t x2271, uint8_t x2272 = addcarryx_u32(0x0, x2230, x2232);
uint32_t x2274, uint8_t x2275 = addcarryx_u32(x2272, x2233, x2235);
uint32_t x2277, uint8_t x2278 = addcarryx_u32(x2275, x2236, x2238);
uint32_t x2280, uint8_t x2281 = addcarryx_u32(x2278, x2239, x2241);
uint32_t x2283, uint8_t x2284 = addcarryx_u32(x2281, x2242, x2244);
uint32_t x2286, uint8_t x2287 = addcarryx_u32(x2284, x2245, x2247);
uint32_t x2289, uint8_t x2290 = addcarryx_u32(x2287, x2248, x2250);
uint32_t x2292, uint8_t x2293 = addcarryx_u32(x2290, x2251, x2253);
uint32_t x2295, uint8_t x2296 = addcarryx_u32(x2293, x2254, x2256);
uint32_t x2298, uint8_t x2299 = addcarryx_u32(x2296, x2257, x2259);
uint32_t x2301, uint8_t x2302 = addcarryx_u32(x2299, x2260, x2262);
uint32_t x2304, uint8_t x2305 = addcarryx_u32(x2302, x2263, x2265);
uint32_t x2307, uint8_t x2308 = addcarryx_u32(x2305, x2266, x2268);
uint32_t x2310, uint8_t _ = addcarryx_u32(0x0, x2308, x2269);
uint32_t _, uint8_t x2314 = addcarryx_u32(0x0, x2184, x2229);
uint32_t x2316, uint8_t x2317 = addcarryx_u32(x2314, x2187, x2271);
uint32_t x2319, uint8_t x2320 = addcarryx_u32(x2317, x2190, x2274);
uint32_t x2322, uint8_t x2323 = addcarryx_u32(x2320, x2193, x2277);
uint32_t x2325, uint8_t x2326 = addcarryx_u32(x2323, x2196, x2280);
uint32_t x2328, uint8_t x2329 = addcarryx_u32(x2326, x2199, x2283);
uint32_t x2331, uint8_t x2332 = addcarryx_u32(x2329, x2202, x2286);
uint32_t x2334, uint8_t x2335 = addcarryx_u32(x2332, x2205, x2289);
uint32_t x2337, uint8_t x2338 = addcarryx_u32(x2335, x2208, x2292);
uint32_t x2340, uint8_t x2341 = addcarryx_u32(x2338, x2211, x2295);
uint32_t x2343, uint8_t x2344 = addcarryx_u32(x2341, x2214, x2298);
uint32_t x2346, uint8_t x2347 = addcarryx_u32(x2344, x2217, x2301);
uint32_t x2349, uint8_t x2350 = addcarryx_u32(x2347, x2220, x2304);
uint32_t x2352, uint8_t x2353 = addcarryx_u32(x2350, x2223, x2307);
uint32_t x2355, uint8_t x2356 = addcarryx_u32(x2353, x2226, x2310);
uint8_t x2357 = (x2356 + x2227);
uint32_t x2359, uint32_t x2360 = mulx_u32(x21, x29);
uint32_t x2362, uint32_t x2363 = mulx_u32(x21, x31);
uint32_t x2365, uint32_t x2366 = mulx_u32(x21, x33);
uint32_t x2368, uint32_t x2369 = mulx_u32(x21, x35);
uint32_t x2371, uint32_t x2372 = mulx_u32(x21, x37);
uint32_t x2374, uint32_t x2375 = mulx_u32(x21, x39);
uint32_t x2377, uint32_t x2378 = mulx_u32(x21, x41);
uint32_t x2380, uint32_t x2381 = mulx_u32(x21, x43);
uint32_t x2383, uint32_t x2384 = mulx_u32(x21, x45);
uint32_t x2386, uint32_t x2387 = mulx_u32(x21, x47);
uint32_t x2389, uint32_t x2390 = mulx_u32(x21, x49);
uint32_t x2392, uint32_t x2393 = mulx_u32(x21, x51);
uint32_t x2395, uint32_t x2396 = mulx_u32(x21, x53);
uint32_t x2398, uint32_t x2399 = mulx_u32(x21, x52);
uint32_t x2401, uint8_t x2402 = addcarryx_u32(0x0, x2360, x2362);
uint32_t x2404, uint8_t x2405 = addcarryx_u32(x2402, x2363, x2365);
uint32_t x2407, uint8_t x2408 = addcarryx_u32(x2405, x2366, x2368);
uint32_t x2410, uint8_t x2411 = addcarryx_u32(x2408, x2369, x2371);
uint32_t x2413, uint8_t x2414 = addcarryx_u32(x2411, x2372, x2374);
uint32_t x2416, uint8_t x2417 = addcarryx_u32(x2414, x2375, x2377);
uint32_t x2419, uint8_t x2420 = addcarryx_u32(x2417, x2378, x2380);
uint32_t x2422, uint8_t x2423 = addcarryx_u32(x2420, x2381, x2383);
uint32_t x2425, uint8_t x2426 = addcarryx_u32(x2423, x2384, x2386);
uint32_t x2428, uint8_t x2429 = addcarryx_u32(x2426, x2387, x2389);
uint32_t x2431, uint8_t x2432 = addcarryx_u32(x2429, x2390, x2392);
uint32_t x2434, uint8_t x2435 = addcarryx_u32(x2432, x2393, x2395);
uint32_t x2437, uint8_t x2438 = addcarryx_u32(x2435, x2396, x2398);
uint32_t x2440, uint8_t _ = addcarryx_u32(0x0, x2438, x2399);
uint32_t x2443, uint8_t x2444 = addcarryx_u32(0x0, x2316, x2359);
uint32_t x2446, uint8_t x2447 = addcarryx_u32(x2444, x2319, x2401);
uint32_t x2449, uint8_t x2450 = addcarryx_u32(x2447, x2322, x2404);
uint32_t x2452, uint8_t x2453 = addcarryx_u32(x2450, x2325, x2407);
uint32_t x2455, uint8_t x2456 = addcarryx_u32(x2453, x2328, x2410);
uint32_t x2458, uint8_t x2459 = addcarryx_u32(x2456, x2331, x2413);
uint32_t x2461, uint8_t x2462 = addcarryx_u32(x2459, x2334, x2416);
uint32_t x2464, uint8_t x2465 = addcarryx_u32(x2462, x2337, x2419);
uint32_t x2467, uint8_t x2468 = addcarryx_u32(x2465, x2340, x2422);
uint32_t x2470, uint8_t x2471 = addcarryx_u32(x2468, x2343, x2425);
uint32_t x2473, uint8_t x2474 = addcarryx_u32(x2471, x2346, x2428);
uint32_t x2476, uint8_t x2477 = addcarryx_u32(x2474, x2349, x2431);
uint32_t x2479, uint8_t x2480 = addcarryx_u32(x2477, x2352, x2434);
uint32_t x2482, uint8_t x2483 = addcarryx_u32(x2480, x2355, x2437);
uint32_t x2485, uint8_t x2486 = addcarryx_u32(x2483, x2357, x2440);
uint32_t x2488, uint32_t x2489 = mulx_u32(x2443, 0xffffffff);
uint32_t x2491, uint32_t x2492 = mulx_u32(x2443, 0xffffffff);
uint32_t x2494, uint32_t x2495 = mulx_u32(x2443, 0xffffffff);
uint32_t x2497, uint32_t x2498 = mulx_u32(x2443, 0xffffffff);
uint32_t x2500, uint32_t x2501 = mulx_u32(x2443, 0xffffffff);
uint32_t x2503, uint32_t x2504 = mulx_u32(x2443, 0xffffffff);
uint32_t x2506, uint32_t x2507 = mulx_u32(x2443, 0xffffffff);
uint32_t x2509, uint32_t x2510 = mulx_u32(x2443, 0xfffffffe);
uint32_t x2512, uint32_t x2513 = mulx_u32(x2443, 0xffffffff);
uint32_t x2515, uint32_t x2516 = mulx_u32(x2443, 0xffffffff);
uint32_t x2518, uint32_t x2519 = mulx_u32(x2443, 0xffffffff);
uint32_t x2521, uint32_t x2522 = mulx_u32(x2443, 0xffffffff);
uint32_t x2524, uint32_t x2525 = mulx_u32(x2443, 0xffffffff);
uint32_t x2527, uint32_t x2528 = mulx_u32(x2443, 0xffffffff);
uint32_t x2530, uint8_t x2531 = addcarryx_u32(0x0, x2489, x2491);
uint32_t x2533, uint8_t x2534 = addcarryx_u32(x2531, x2492, x2494);
uint32_t x2536, uint8_t x2537 = addcarryx_u32(x2534, x2495, x2497);
uint32_t x2539, uint8_t x2540 = addcarryx_u32(x2537, x2498, x2500);
uint32_t x2542, uint8_t x2543 = addcarryx_u32(x2540, x2501, x2503);
uint32_t x2545, uint8_t x2546 = addcarryx_u32(x2543, x2504, x2506);
uint32_t x2548, uint8_t x2549 = addcarryx_u32(x2546, x2507, x2509);
uint32_t x2551, uint8_t x2552 = addcarryx_u32(x2549, x2510, x2512);
uint32_t x2554, uint8_t x2555 = addcarryx_u32(x2552, x2513, x2515);
uint32_t x2557, uint8_t x2558 = addcarryx_u32(x2555, x2516, x2518);
uint32_t x2560, uint8_t x2561 = addcarryx_u32(x2558, x2519, x2521);
uint32_t x2563, uint8_t x2564 = addcarryx_u32(x2561, x2522, x2524);
uint32_t x2566, uint8_t x2567 = addcarryx_u32(x2564, x2525, x2527);
uint32_t x2569, uint8_t _ = addcarryx_u32(0x0, x2567, x2528);
uint32_t _, uint8_t x2573 = addcarryx_u32(0x0, x2443, x2488);
uint32_t x2575, uint8_t x2576 = addcarryx_u32(x2573, x2446, x2530);
uint32_t x2578, uint8_t x2579 = addcarryx_u32(x2576, x2449, x2533);
uint32_t x2581, uint8_t x2582 = addcarryx_u32(x2579, x2452, x2536);
uint32_t x2584, uint8_t x2585 = addcarryx_u32(x2582, x2455, x2539);
uint32_t x2587, uint8_t x2588 = addcarryx_u32(x2585, x2458, x2542);
uint32_t x2590, uint8_t x2591 = addcarryx_u32(x2588, x2461, x2545);
uint32_t x2593, uint8_t x2594 = addcarryx_u32(x2591, x2464, x2548);
uint32_t x2596, uint8_t x2597 = addcarryx_u32(x2594, x2467, x2551);
uint32_t x2599, uint8_t x2600 = addcarryx_u32(x2597, x2470, x2554);
uint32_t x2602, uint8_t x2603 = addcarryx_u32(x2600, x2473, x2557);
uint32_t x2605, uint8_t x2606 = addcarryx_u32(x2603, x2476, x2560);
uint32_t x2608, uint8_t x2609 = addcarryx_u32(x2606, x2479, x2563);
uint32_t x2611, uint8_t x2612 = addcarryx_u32(x2609, x2482, x2566);
uint32_t x2614, uint8_t x2615 = addcarryx_u32(x2612, x2485, x2569);
uint8_t x2616 = (x2615 + x2486);
uint32_t x2618, uint32_t x2619 = mulx_u32(x23, x29);
uint32_t x2621, uint32_t x2622 = mulx_u32(x23, x31);
uint32_t x2624, uint32_t x2625 = mulx_u32(x23, x33);
uint32_t x2627, uint32_t x2628 = mulx_u32(x23, x35);
uint32_t x2630, uint32_t x2631 = mulx_u32(x23, x37);
uint32_t x2633, uint32_t x2634 = mulx_u32(x23, x39);
uint32_t x2636, uint32_t x2637 = mulx_u32(x23, x41);
uint32_t x2639, uint32_t x2640 = mulx_u32(x23, x43);
uint32_t x2642, uint32_t x2643 = mulx_u32(x23, x45);
uint32_t x2645, uint32_t x2646 = mulx_u32(x23, x47);
uint32_t x2648, uint32_t x2649 = mulx_u32(x23, x49);
uint32_t x2651, uint32_t x2652 = mulx_u32(x23, x51);
uint32_t x2654, uint32_t x2655 = mulx_u32(x23, x53);
uint32_t x2657, uint32_t x2658 = mulx_u32(x23, x52);
uint32_t x2660, uint8_t x2661 = addcarryx_u32(0x0, x2619, x2621);
uint32_t x2663, uint8_t x2664 = addcarryx_u32(x2661, x2622, x2624);
uint32_t x2666, uint8_t x2667 = addcarryx_u32(x2664, x2625, x2627);
uint32_t x2669, uint8_t x2670 = addcarryx_u32(x2667, x2628, x2630);
uint32_t x2672, uint8_t x2673 = addcarryx_u32(x2670, x2631, x2633);
uint32_t x2675, uint8_t x2676 = addcarryx_u32(x2673, x2634, x2636);
uint32_t x2678, uint8_t x2679 = addcarryx_u32(x2676, x2637, x2639);
uint32_t x2681, uint8_t x2682 = addcarryx_u32(x2679, x2640, x2642);
uint32_t x2684, uint8_t x2685 = addcarryx_u32(x2682, x2643, x2645);
uint32_t x2687, uint8_t x2688 = addcarryx_u32(x2685, x2646, x2648);
uint32_t x2690, uint8_t x2691 = addcarryx_u32(x2688, x2649, x2651);
uint32_t x2693, uint8_t x2694 = addcarryx_u32(x2691, x2652, x2654);
uint32_t x2696, uint8_t x2697 = addcarryx_u32(x2694, x2655, x2657);
uint32_t x2699, uint8_t _ = addcarryx_u32(0x0, x2697, x2658);
uint32_t x2702, uint8_t x2703 = addcarryx_u32(0x0, x2575, x2618);
uint32_t x2705, uint8_t x2706 = addcarryx_u32(x2703, x2578, x2660);
uint32_t x2708, uint8_t x2709 = addcarryx_u32(x2706, x2581, x2663);
uint32_t x2711, uint8_t x2712 = addcarryx_u32(x2709, x2584, x2666);
uint32_t x2714, uint8_t x2715 = addcarryx_u32(x2712, x2587, x2669);
uint32_t x2717, uint8_t x2718 = addcarryx_u32(x2715, x2590, x2672);
uint32_t x2720, uint8_t x2721 = addcarryx_u32(x2718, x2593, x2675);
uint32_t x2723, uint8_t x2724 = addcarryx_u32(x2721, x2596, x2678);
uint32_t x2726, uint8_t x2727 = addcarryx_u32(x2724, x2599, x2681);
uint32_t x2729, uint8_t x2730 = addcarryx_u32(x2727, x2602, x2684);
uint32_t x2732, uint8_t x2733 = addcarryx_u32(x2730, x2605, x2687);
uint32_t x2735, uint8_t x2736 = addcarryx_u32(x2733, x2608, x2690);
uint32_t x2738, uint8_t x2739 = addcarryx_u32(x2736, x2611, x2693);
uint32_t x2741, uint8_t x2742 = addcarryx_u32(x2739, x2614, x2696);
uint32_t x2744, uint8_t x2745 = addcarryx_u32(x2742, x2616, x2699);
uint32_t x2747, uint32_t x2748 = mulx_u32(x2702, 0xffffffff);
uint32_t x2750, uint32_t x2751 = mulx_u32(x2702, 0xffffffff);
uint32_t x2753, uint32_t x2754 = mulx_u32(x2702, 0xffffffff);
uint32_t x2756, uint32_t x2757 = mulx_u32(x2702, 0xffffffff);
uint32_t x2759, uint32_t x2760 = mulx_u32(x2702, 0xffffffff);
uint32_t x2762, uint32_t x2763 = mulx_u32(x2702, 0xffffffff);
uint32_t x2765, uint32_t x2766 = mulx_u32(x2702, 0xffffffff);
uint32_t x2768, uint32_t x2769 = mulx_u32(x2702, 0xfffffffe);
uint32_t x2771, uint32_t x2772 = mulx_u32(x2702, 0xffffffff);
uint32_t x2774, uint32_t x2775 = mulx_u32(x2702, 0xffffffff);
uint32_t x2777, uint32_t x2778 = mulx_u32(x2702, 0xffffffff);
uint32_t x2780, uint32_t x2781 = mulx_u32(x2702, 0xffffffff);
uint32_t x2783, uint32_t x2784 = mulx_u32(x2702, 0xffffffff);
uint32_t x2786, uint32_t x2787 = mulx_u32(x2702, 0xffffffff);
uint32_t x2789, uint8_t x2790 = addcarryx_u32(0x0, x2748, x2750);
uint32_t x2792, uint8_t x2793 = addcarryx_u32(x2790, x2751, x2753);
uint32_t x2795, uint8_t x2796 = addcarryx_u32(x2793, x2754, x2756);
uint32_t x2798, uint8_t x2799 = addcarryx_u32(x2796, x2757, x2759);
uint32_t x2801, uint8_t x2802 = addcarryx_u32(x2799, x2760, x2762);
uint32_t x2804, uint8_t x2805 = addcarryx_u32(x2802, x2763, x2765);
uint32_t x2807, uint8_t x2808 = addcarryx_u32(x2805, x2766, x2768);
uint32_t x2810, uint8_t x2811 = addcarryx_u32(x2808, x2769, x2771);
uint32_t x2813, uint8_t x2814 = addcarryx_u32(x2811, x2772, x2774);
uint32_t x2816, uint8_t x2817 = addcarryx_u32(x2814, x2775, x2777);
uint32_t x2819, uint8_t x2820 = addcarryx_u32(x2817, x2778, x2780);
uint32_t x2822, uint8_t x2823 = addcarryx_u32(x2820, x2781, x2783);
uint32_t x2825, uint8_t x2826 = addcarryx_u32(x2823, x2784, x2786);
uint32_t x2828, uint8_t _ = addcarryx_u32(0x0, x2826, x2787);
uint32_t _, uint8_t x2832 = addcarryx_u32(0x0, x2702, x2747);
uint32_t x2834, uint8_t x2835 = addcarryx_u32(x2832, x2705, x2789);
uint32_t x2837, uint8_t x2838 = addcarryx_u32(x2835, x2708, x2792);
uint32_t x2840, uint8_t x2841 = addcarryx_u32(x2838, x2711, x2795);
uint32_t x2843, uint8_t x2844 = addcarryx_u32(x2841, x2714, x2798);
uint32_t x2846, uint8_t x2847 = addcarryx_u32(x2844, x2717, x2801);
uint32_t x2849, uint8_t x2850 = addcarryx_u32(x2847, x2720, x2804);
uint32_t x2852, uint8_t x2853 = addcarryx_u32(x2850, x2723, x2807);
uint32_t x2855, uint8_t x2856 = addcarryx_u32(x2853, x2726, x2810);
uint32_t x2858, uint8_t x2859 = addcarryx_u32(x2856, x2729, x2813);
uint32_t x2861, uint8_t x2862 = addcarryx_u32(x2859, x2732, x2816);
uint32_t x2864, uint8_t x2865 = addcarryx_u32(x2862, x2735, x2819);
uint32_t x2867, uint8_t x2868 = addcarryx_u32(x2865, x2738, x2822);
uint32_t x2870, uint8_t x2871 = addcarryx_u32(x2868, x2741, x2825);
uint32_t x2873, uint8_t x2874 = addcarryx_u32(x2871, x2744, x2828);
uint8_t x2875 = (x2874 + x2745);
uint32_t x2877, uint32_t x2878 = mulx_u32(x25, x29);
uint32_t x2880, uint32_t x2881 = mulx_u32(x25, x31);
uint32_t x2883, uint32_t x2884 = mulx_u32(x25, x33);
uint32_t x2886, uint32_t x2887 = mulx_u32(x25, x35);
uint32_t x2889, uint32_t x2890 = mulx_u32(x25, x37);
uint32_t x2892, uint32_t x2893 = mulx_u32(x25, x39);
uint32_t x2895, uint32_t x2896 = mulx_u32(x25, x41);
uint32_t x2898, uint32_t x2899 = mulx_u32(x25, x43);
uint32_t x2901, uint32_t x2902 = mulx_u32(x25, x45);
uint32_t x2904, uint32_t x2905 = mulx_u32(x25, x47);
uint32_t x2907, uint32_t x2908 = mulx_u32(x25, x49);
uint32_t x2910, uint32_t x2911 = mulx_u32(x25, x51);
uint32_t x2913, uint32_t x2914 = mulx_u32(x25, x53);
uint32_t x2916, uint32_t x2917 = mulx_u32(x25, x52);
uint32_t x2919, uint8_t x2920 = addcarryx_u32(0x0, x2878, x2880);
uint32_t x2922, uint8_t x2923 = addcarryx_u32(x2920, x2881, x2883);
uint32_t x2925, uint8_t x2926 = addcarryx_u32(x2923, x2884, x2886);
uint32_t x2928, uint8_t x2929 = addcarryx_u32(x2926, x2887, x2889);
uint32_t x2931, uint8_t x2932 = addcarryx_u32(x2929, x2890, x2892);
uint32_t x2934, uint8_t x2935 = addcarryx_u32(x2932, x2893, x2895);
uint32_t x2937, uint8_t x2938 = addcarryx_u32(x2935, x2896, x2898);
uint32_t x2940, uint8_t x2941 = addcarryx_u32(x2938, x2899, x2901);
uint32_t x2943, uint8_t x2944 = addcarryx_u32(x2941, x2902, x2904);
uint32_t x2946, uint8_t x2947 = addcarryx_u32(x2944, x2905, x2907);
uint32_t x2949, uint8_t x2950 = addcarryx_u32(x2947, x2908, x2910);
uint32_t x2952, uint8_t x2953 = addcarryx_u32(x2950, x2911, x2913);
uint32_t x2955, uint8_t x2956 = addcarryx_u32(x2953, x2914, x2916);
uint32_t x2958, uint8_t _ = addcarryx_u32(0x0, x2956, x2917);
uint32_t x2961, uint8_t x2962 = addcarryx_u32(0x0, x2834, x2877);
uint32_t x2964, uint8_t x2965 = addcarryx_u32(x2962, x2837, x2919);
uint32_t x2967, uint8_t x2968 = addcarryx_u32(x2965, x2840, x2922);
uint32_t x2970, uint8_t x2971 = addcarryx_u32(x2968, x2843, x2925);
uint32_t x2973, uint8_t x2974 = addcarryx_u32(x2971, x2846, x2928);
uint32_t x2976, uint8_t x2977 = addcarryx_u32(x2974, x2849, x2931);
uint32_t x2979, uint8_t x2980 = addcarryx_u32(x2977, x2852, x2934);
uint32_t x2982, uint8_t x2983 = addcarryx_u32(x2980, x2855, x2937);
uint32_t x2985, uint8_t x2986 = addcarryx_u32(x2983, x2858, x2940);
uint32_t x2988, uint8_t x2989 = addcarryx_u32(x2986, x2861, x2943);
uint32_t x2991, uint8_t x2992 = addcarryx_u32(x2989, x2864, x2946);
uint32_t x2994, uint8_t x2995 = addcarryx_u32(x2992, x2867, x2949);
uint32_t x2997, uint8_t x2998 = addcarryx_u32(x2995, x2870, x2952);
uint32_t x3000, uint8_t x3001 = addcarryx_u32(x2998, x2873, x2955);
uint32_t x3003, uint8_t x3004 = addcarryx_u32(x3001, x2875, x2958);
uint32_t x3006, uint32_t x3007 = mulx_u32(x2961, 0xffffffff);
uint32_t x3009, uint32_t x3010 = mulx_u32(x2961, 0xffffffff);
uint32_t x3012, uint32_t x3013 = mulx_u32(x2961, 0xffffffff);
uint32_t x3015, uint32_t x3016 = mulx_u32(x2961, 0xffffffff);
uint32_t x3018, uint32_t x3019 = mulx_u32(x2961, 0xffffffff);
uint32_t x3021, uint32_t x3022 = mulx_u32(x2961, 0xffffffff);
uint32_t x3024, uint32_t x3025 = mulx_u32(x2961, 0xffffffff);
uint32_t x3027, uint32_t x3028 = mulx_u32(x2961, 0xfffffffe);
uint32_t x3030, uint32_t x3031 = mulx_u32(x2961, 0xffffffff);
uint32_t x3033, uint32_t x3034 = mulx_u32(x2961, 0xffffffff);
uint32_t x3036, uint32_t x3037 = mulx_u32(x2961, 0xffffffff);
uint32_t x3039, uint32_t x3040 = mulx_u32(x2961, 0xffffffff);
uint32_t x3042, uint32_t x3043 = mulx_u32(x2961, 0xffffffff);
uint32_t x3045, uint32_t x3046 = mulx_u32(x2961, 0xffffffff);
uint32_t x3048, uint8_t x3049 = addcarryx_u32(0x0, x3007, x3009);
uint32_t x3051, uint8_t x3052 = addcarryx_u32(x3049, x3010, x3012);
uint32_t x3054, uint8_t x3055 = addcarryx_u32(x3052, x3013, x3015);
uint32_t x3057, uint8_t x3058 = addcarryx_u32(x3055, x3016, x3018);
uint32_t x3060, uint8_t x3061 = addcarryx_u32(x3058, x3019, x3021);
uint32_t x3063, uint8_t x3064 = addcarryx_u32(x3061, x3022, x3024);
uint32_t x3066, uint8_t x3067 = addcarryx_u32(x3064, x3025, x3027);
uint32_t x3069, uint8_t x3070 = addcarryx_u32(x3067, x3028, x3030);
uint32_t x3072, uint8_t x3073 = addcarryx_u32(x3070, x3031, x3033);
uint32_t x3075, uint8_t x3076 = addcarryx_u32(x3073, x3034, x3036);
uint32_t x3078, uint8_t x3079 = addcarryx_u32(x3076, x3037, x3039);
uint32_t x3081, uint8_t x3082 = addcarryx_u32(x3079, x3040, x3042);
uint32_t x3084, uint8_t x3085 = addcarryx_u32(x3082, x3043, x3045);
uint32_t x3087, uint8_t _ = addcarryx_u32(0x0, x3085, x3046);
uint32_t _, uint8_t x3091 = addcarryx_u32(0x0, x2961, x3006);
uint32_t x3093, uint8_t x3094 = addcarryx_u32(x3091, x2964, x3048);
uint32_t x3096, uint8_t x3097 = addcarryx_u32(x3094, x2967, x3051);
uint32_t x3099, uint8_t x3100 = addcarryx_u32(x3097, x2970, x3054);
uint32_t x3102, uint8_t x3103 = addcarryx_u32(x3100, x2973, x3057);
uint32_t x3105, uint8_t x3106 = addcarryx_u32(x3103, x2976, x3060);
uint32_t x3108, uint8_t x3109 = addcarryx_u32(x3106, x2979, x3063);
uint32_t x3111, uint8_t x3112 = addcarryx_u32(x3109, x2982, x3066);
uint32_t x3114, uint8_t x3115 = addcarryx_u32(x3112, x2985, x3069);
uint32_t x3117, uint8_t x3118 = addcarryx_u32(x3115, x2988, x3072);
uint32_t x3120, uint8_t x3121 = addcarryx_u32(x3118, x2991, x3075);
uint32_t x3123, uint8_t x3124 = addcarryx_u32(x3121, x2994, x3078);
uint32_t x3126, uint8_t x3127 = addcarryx_u32(x3124, x2997, x3081);
uint32_t x3129, uint8_t x3130 = addcarryx_u32(x3127, x3000, x3084);
uint32_t x3132, uint8_t x3133 = addcarryx_u32(x3130, x3003, x3087);
uint8_t x3134 = (x3133 + x3004);
uint32_t x3136, uint32_t x3137 = mulx_u32(x27, x29);
uint32_t x3139, uint32_t x3140 = mulx_u32(x27, x31);
uint32_t x3142, uint32_t x3143 = mulx_u32(x27, x33);
uint32_t x3145, uint32_t x3146 = mulx_u32(x27, x35);
uint32_t x3148, uint32_t x3149 = mulx_u32(x27, x37);
uint32_t x3151, uint32_t x3152 = mulx_u32(x27, x39);
uint32_t x3154, uint32_t x3155 = mulx_u32(x27, x41);
uint32_t x3157, uint32_t x3158 = mulx_u32(x27, x43);
uint32_t x3160, uint32_t x3161 = mulx_u32(x27, x45);
uint32_t x3163, uint32_t x3164 = mulx_u32(x27, x47);
uint32_t x3166, uint32_t x3167 = mulx_u32(x27, x49);
uint32_t x3169, uint32_t x3170 = mulx_u32(x27, x51);
uint32_t x3172, uint32_t x3173 = mulx_u32(x27, x53);
uint32_t x3175, uint32_t x3176 = mulx_u32(x27, x52);
uint32_t x3178, uint8_t x3179 = addcarryx_u32(0x0, x3137, x3139);
uint32_t x3181, uint8_t x3182 = addcarryx_u32(x3179, x3140, x3142);
uint32_t x3184, uint8_t x3185 = addcarryx_u32(x3182, x3143, x3145);
uint32_t x3187, uint8_t x3188 = addcarryx_u32(x3185, x3146, x3148);
uint32_t x3190, uint8_t x3191 = addcarryx_u32(x3188, x3149, x3151);
uint32_t x3193, uint8_t x3194 = addcarryx_u32(x3191, x3152, x3154);
uint32_t x3196, uint8_t x3197 = addcarryx_u32(x3194, x3155, x3157);
uint32_t x3199, uint8_t x3200 = addcarryx_u32(x3197, x3158, x3160);
uint32_t x3202, uint8_t x3203 = addcarryx_u32(x3200, x3161, x3163);
uint32_t x3205, uint8_t x3206 = addcarryx_u32(x3203, x3164, x3166);
uint32_t x3208, uint8_t x3209 = addcarryx_u32(x3206, x3167, x3169);
uint32_t x3211, uint8_t x3212 = addcarryx_u32(x3209, x3170, x3172);
uint32_t x3214, uint8_t x3215 = addcarryx_u32(x3212, x3173, x3175);
uint32_t x3217, uint8_t _ = addcarryx_u32(0x0, x3215, x3176);
uint32_t x3220, uint8_t x3221 = addcarryx_u32(0x0, x3093, x3136);
uint32_t x3223, uint8_t x3224 = addcarryx_u32(x3221, x3096, x3178);
uint32_t x3226, uint8_t x3227 = addcarryx_u32(x3224, x3099, x3181);
uint32_t x3229, uint8_t x3230 = addcarryx_u32(x3227, x3102, x3184);
uint32_t x3232, uint8_t x3233 = addcarryx_u32(x3230, x3105, x3187);
uint32_t x3235, uint8_t x3236 = addcarryx_u32(x3233, x3108, x3190);
uint32_t x3238, uint8_t x3239 = addcarryx_u32(x3236, x3111, x3193);
uint32_t x3241, uint8_t x3242 = addcarryx_u32(x3239, x3114, x3196);
uint32_t x3244, uint8_t x3245 = addcarryx_u32(x3242, x3117, x3199);
uint32_t x3247, uint8_t x3248 = addcarryx_u32(x3245, x3120, x3202);
uint32_t x3250, uint8_t x3251 = addcarryx_u32(x3248, x3123, x3205);
uint32_t x3253, uint8_t x3254 = addcarryx_u32(x3251, x3126, x3208);
uint32_t x3256, uint8_t x3257 = addcarryx_u32(x3254, x3129, x3211);
uint32_t x3259, uint8_t x3260 = addcarryx_u32(x3257, x3132, x3214);
uint32_t x3262, uint8_t x3263 = addcarryx_u32(x3260, x3134, x3217);
uint32_t x3265, uint32_t x3266 = mulx_u32(x3220, 0xffffffff);
uint32_t x3268, uint32_t x3269 = mulx_u32(x3220, 0xffffffff);
uint32_t x3271, uint32_t x3272 = mulx_u32(x3220, 0xffffffff);
uint32_t x3274, uint32_t x3275 = mulx_u32(x3220, 0xffffffff);
uint32_t x3277, uint32_t x3278 = mulx_u32(x3220, 0xffffffff);
uint32_t x3280, uint32_t x3281 = mulx_u32(x3220, 0xffffffff);
uint32_t x3283, uint32_t x3284 = mulx_u32(x3220, 0xffffffff);
uint32_t x3286, uint32_t x3287 = mulx_u32(x3220, 0xfffffffe);
uint32_t x3289, uint32_t x3290 = mulx_u32(x3220, 0xffffffff);
uint32_t x3292, uint32_t x3293 = mulx_u32(x3220, 0xffffffff);
uint32_t x3295, uint32_t x3296 = mulx_u32(x3220, 0xffffffff);
uint32_t x3298, uint32_t x3299 = mulx_u32(x3220, 0xffffffff);
uint32_t x3301, uint32_t x3302 = mulx_u32(x3220, 0xffffffff);
uint32_t x3304, uint32_t x3305 = mulx_u32(x3220, 0xffffffff);
uint32_t x3307, uint8_t x3308 = addcarryx_u32(0x0, x3266, x3268);
uint32_t x3310, uint8_t x3311 = addcarryx_u32(x3308, x3269, x3271);
uint32_t x3313, uint8_t x3314 = addcarryx_u32(x3311, x3272, x3274);
uint32_t x3316, uint8_t x3317 = addcarryx_u32(x3314, x3275, x3277);
uint32_t x3319, uint8_t x3320 = addcarryx_u32(x3317, x3278, x3280);
uint32_t x3322, uint8_t x3323 = addcarryx_u32(x3320, x3281, x3283);
uint32_t x3325, uint8_t x3326 = addcarryx_u32(x3323, x3284, x3286);
uint32_t x3328, uint8_t x3329 = addcarryx_u32(x3326, x3287, x3289);
uint32_t x3331, uint8_t x3332 = addcarryx_u32(x3329, x3290, x3292);
uint32_t x3334, uint8_t x3335 = addcarryx_u32(x3332, x3293, x3295);
uint32_t x3337, uint8_t x3338 = addcarryx_u32(x3335, x3296, x3298);
uint32_t x3340, uint8_t x3341 = addcarryx_u32(x3338, x3299, x3301);
uint32_t x3343, uint8_t x3344 = addcarryx_u32(x3341, x3302, x3304);
uint32_t x3346, uint8_t _ = addcarryx_u32(0x0, x3344, x3305);
uint32_t _, uint8_t x3350 = addcarryx_u32(0x0, x3220, x3265);
uint32_t x3352, uint8_t x3353 = addcarryx_u32(x3350, x3223, x3307);
uint32_t x3355, uint8_t x3356 = addcarryx_u32(x3353, x3226, x3310);
uint32_t x3358, uint8_t x3359 = addcarryx_u32(x3356, x3229, x3313);
uint32_t x3361, uint8_t x3362 = addcarryx_u32(x3359, x3232, x3316);
uint32_t x3364, uint8_t x3365 = addcarryx_u32(x3362, x3235, x3319);
uint32_t x3367, uint8_t x3368 = addcarryx_u32(x3365, x3238, x3322);
uint32_t x3370, uint8_t x3371 = addcarryx_u32(x3368, x3241, x3325);
uint32_t x3373, uint8_t x3374 = addcarryx_u32(x3371, x3244, x3328);
uint32_t x3376, uint8_t x3377 = addcarryx_u32(x3374, x3247, x3331);
uint32_t x3379, uint8_t x3380 = addcarryx_u32(x3377, x3250, x3334);
uint32_t x3382, uint8_t x3383 = addcarryx_u32(x3380, x3253, x3337);
uint32_t x3385, uint8_t x3386 = addcarryx_u32(x3383, x3256, x3340);
uint32_t x3388, uint8_t x3389 = addcarryx_u32(x3386, x3259, x3343);
uint32_t x3391, uint8_t x3392 = addcarryx_u32(x3389, x3262, x3346);
uint8_t x3393 = (x3392 + x3263);
uint32_t x3395, uint32_t x3396 = mulx_u32(x26, x29);
uint32_t x3398, uint32_t x3399 = mulx_u32(x26, x31);
uint32_t x3401, uint32_t x3402 = mulx_u32(x26, x33);
uint32_t x3404, uint32_t x3405 = mulx_u32(x26, x35);
uint32_t x3407, uint32_t x3408 = mulx_u32(x26, x37);
uint32_t x3410, uint32_t x3411 = mulx_u32(x26, x39);
uint32_t x3413, uint32_t x3414 = mulx_u32(x26, x41);
uint32_t x3416, uint32_t x3417 = mulx_u32(x26, x43);
uint32_t x3419, uint32_t x3420 = mulx_u32(x26, x45);
uint32_t x3422, uint32_t x3423 = mulx_u32(x26, x47);
uint32_t x3425, uint32_t x3426 = mulx_u32(x26, x49);
uint32_t x3428, uint32_t x3429 = mulx_u32(x26, x51);
uint32_t x3431, uint32_t x3432 = mulx_u32(x26, x53);
uint32_t x3434, uint32_t x3435 = mulx_u32(x26, x52);
uint32_t x3437, uint8_t x3438 = addcarryx_u32(0x0, x3396, x3398);
uint32_t x3440, uint8_t x3441 = addcarryx_u32(x3438, x3399, x3401);
uint32_t x3443, uint8_t x3444 = addcarryx_u32(x3441, x3402, x3404);
uint32_t x3446, uint8_t x3447 = addcarryx_u32(x3444, x3405, x3407);
uint32_t x3449, uint8_t x3450 = addcarryx_u32(x3447, x3408, x3410);
uint32_t x3452, uint8_t x3453 = addcarryx_u32(x3450, x3411, x3413);
uint32_t x3455, uint8_t x3456 = addcarryx_u32(x3453, x3414, x3416);
uint32_t x3458, uint8_t x3459 = addcarryx_u32(x3456, x3417, x3419);
uint32_t x3461, uint8_t x3462 = addcarryx_u32(x3459, x3420, x3422);
uint32_t x3464, uint8_t x3465 = addcarryx_u32(x3462, x3423, x3425);
uint32_t x3467, uint8_t x3468 = addcarryx_u32(x3465, x3426, x3428);
uint32_t x3470, uint8_t x3471 = addcarryx_u32(x3468, x3429, x3431);
uint32_t x3473, uint8_t x3474 = addcarryx_u32(x3471, x3432, x3434);
uint32_t x3476, uint8_t _ = addcarryx_u32(0x0, x3474, x3435);
uint32_t x3479, uint8_t x3480 = addcarryx_u32(0x0, x3352, x3395);
uint32_t x3482, uint8_t x3483 = addcarryx_u32(x3480, x3355, x3437);
uint32_t x3485, uint8_t x3486 = addcarryx_u32(x3483, x3358, x3440);
uint32_t x3488, uint8_t x3489 = addcarryx_u32(x3486, x3361, x3443);
uint32_t x3491, uint8_t x3492 = addcarryx_u32(x3489, x3364, x3446);
uint32_t x3494, uint8_t x3495 = addcarryx_u32(x3492, x3367, x3449);
uint32_t x3497, uint8_t x3498 = addcarryx_u32(x3495, x3370, x3452);
uint32_t x3500, uint8_t x3501 = addcarryx_u32(x3498, x3373, x3455);
uint32_t x3503, uint8_t x3504 = addcarryx_u32(x3501, x3376, x3458);
uint32_t x3506, uint8_t x3507 = addcarryx_u32(x3504, x3379, x3461);
uint32_t x3509, uint8_t x3510 = addcarryx_u32(x3507, x3382, x3464);
uint32_t x3512, uint8_t x3513 = addcarryx_u32(x3510, x3385, x3467);
uint32_t x3515, uint8_t x3516 = addcarryx_u32(x3513, x3388, x3470);
uint32_t x3518, uint8_t x3519 = addcarryx_u32(x3516, x3391, x3473);
uint32_t x3521, uint8_t x3522 = addcarryx_u32(x3519, x3393, x3476);
uint32_t x3524, uint32_t x3525 = mulx_u32(x3479, 0xffffffff);
uint32_t x3527, uint32_t x3528 = mulx_u32(x3479, 0xffffffff);
uint32_t x3530, uint32_t x3531 = mulx_u32(x3479, 0xffffffff);
uint32_t x3533, uint32_t x3534 = mulx_u32(x3479, 0xffffffff);
uint32_t x3536, uint32_t x3537 = mulx_u32(x3479, 0xffffffff);
uint32_t x3539, uint32_t x3540 = mulx_u32(x3479, 0xffffffff);
uint32_t x3542, uint32_t x3543 = mulx_u32(x3479, 0xffffffff);
uint32_t x3545, uint32_t x3546 = mulx_u32(x3479, 0xfffffffe);
uint32_t x3548, uint32_t x3549 = mulx_u32(x3479, 0xffffffff);
uint32_t x3551, uint32_t x3552 = mulx_u32(x3479, 0xffffffff);
uint32_t x3554, uint32_t x3555 = mulx_u32(x3479, 0xffffffff);
uint32_t x3557, uint32_t x3558 = mulx_u32(x3479, 0xffffffff);
uint32_t x3560, uint32_t x3561 = mulx_u32(x3479, 0xffffffff);
uint32_t x3563, uint32_t x3564 = mulx_u32(x3479, 0xffffffff);
uint32_t x3566, uint8_t x3567 = addcarryx_u32(0x0, x3525, x3527);
uint32_t x3569, uint8_t x3570 = addcarryx_u32(x3567, x3528, x3530);
uint32_t x3572, uint8_t x3573 = addcarryx_u32(x3570, x3531, x3533);
uint32_t x3575, uint8_t x3576 = addcarryx_u32(x3573, x3534, x3536);
uint32_t x3578, uint8_t x3579 = addcarryx_u32(x3576, x3537, x3539);
uint32_t x3581, uint8_t x3582 = addcarryx_u32(x3579, x3540, x3542);
uint32_t x3584, uint8_t x3585 = addcarryx_u32(x3582, x3543, x3545);
uint32_t x3587, uint8_t x3588 = addcarryx_u32(x3585, x3546, x3548);
uint32_t x3590, uint8_t x3591 = addcarryx_u32(x3588, x3549, x3551);
uint32_t x3593, uint8_t x3594 = addcarryx_u32(x3591, x3552, x3554);
uint32_t x3596, uint8_t x3597 = addcarryx_u32(x3594, x3555, x3557);
uint32_t x3599, uint8_t x3600 = addcarryx_u32(x3597, x3558, x3560);
uint32_t x3602, uint8_t x3603 = addcarryx_u32(x3600, x3561, x3563);
uint32_t x3605, uint8_t _ = addcarryx_u32(0x0, x3603, x3564);
uint32_t _, uint8_t x3609 = addcarryx_u32(0x0, x3479, x3524);
uint32_t x3611, uint8_t x3612 = addcarryx_u32(x3609, x3482, x3566);
uint32_t x3614, uint8_t x3615 = addcarryx_u32(x3612, x3485, x3569);
uint32_t x3617, uint8_t x3618 = addcarryx_u32(x3615, x3488, x3572);
uint32_t x3620, uint8_t x3621 = addcarryx_u32(x3618, x3491, x3575);
uint32_t x3623, uint8_t x3624 = addcarryx_u32(x3621, x3494, x3578);
uint32_t x3626, uint8_t x3627 = addcarryx_u32(x3624, x3497, x3581);
uint32_t x3629, uint8_t x3630 = addcarryx_u32(x3627, x3500, x3584);
uint32_t x3632, uint8_t x3633 = addcarryx_u32(x3630, x3503, x3587);
uint32_t x3635, uint8_t x3636 = addcarryx_u32(x3633, x3506, x3590);
uint32_t x3638, uint8_t x3639 = addcarryx_u32(x3636, x3509, x3593);
uint32_t x3641, uint8_t x3642 = addcarryx_u32(x3639, x3512, x3596);
uint32_t x3644, uint8_t x3645 = addcarryx_u32(x3642, x3515, x3599);
uint32_t x3647, uint8_t x3648 = addcarryx_u32(x3645, x3518, x3602);
uint32_t x3650, uint8_t x3651 = addcarryx_u32(x3648, x3521, x3605);
uint8_t x3652 = (x3651 + x3522);
uint32_t x3654, uint8_t x3655 = subborrow_u32(0x0, x3611, 0xffffffff);
uint32_t x3657, uint8_t x3658 = subborrow_u32(x3655, x3614, 0xffffffff);
uint32_t x3660, uint8_t x3661 = subborrow_u32(x3658, x3617, 0xffffffff);
uint32_t x3663, uint8_t x3664 = subborrow_u32(x3661, x3620, 0xffffffff);
uint32_t x3666, uint8_t x3667 = subborrow_u32(x3664, x3623, 0xffffffff);
uint32_t x3669, uint8_t x3670 = subborrow_u32(x3667, x3626, 0xffffffff);
uint32_t x3672, uint8_t x3673 = subborrow_u32(x3670, x3629, 0xffffffff);
uint32_t x3675, uint8_t x3676 = subborrow_u32(x3673, x3632, 0xfffffffe);
uint32_t x3678, uint8_t x3679 = subborrow_u32(x3676, x3635, 0xffffffff);
uint32_t x3681, uint8_t x3682 = subborrow_u32(x3679, x3638, 0xffffffff);
uint32_t x3684, uint8_t x3685 = subborrow_u32(x3682, x3641, 0xffffffff);
uint32_t x3687, uint8_t x3688 = subborrow_u32(x3685, x3644, 0xffffffff);
uint32_t x3690, uint8_t x3691 = subborrow_u32(x3688, x3647, 0xffffffff);
uint32_t x3693, uint8_t x3694 = subborrow_u32(x3691, x3650, 0xffffffff);
uint32_t _, uint8_t x3697 = subborrow_u32(x3694, x3652, 0x0);
(cmovznz32(x3697, x3693, x3650), cmovznz32(x3697, x3690, x3647), cmovznz32(x3697, x3687, x3644), cmovznz32(x3697, x3684, x3641), cmovznz32(x3697, x3681, x3638), cmovznz32(x3697, x3678, x3635), cmovznz32(x3697, x3675, x3632), cmovznz32(x3697, x3672, x3629), cmovznz32(x3697, x3669, x3626), cmovznz32(x3697, x3666, x3623), cmovznz32(x3697, x3663, x3620), cmovznz32(x3697, x3660, x3617), cmovznz32(x3697, x3657, x3614), cmovznz32(x3697, x3654, x3611))
     : ∀ var : Z.Syntax.base_type → Type, expr Z.Syntax.base_type Z.Syntax.op (uint32_t * uint32_t * uint32_t * uint32_t * uint32_t * uint32_t * uint32_t * uint32_t * uint32_t * uint32_t * uint32_t * uint32_t * uint32_t * uint32_t * (uint32_t * uint32_t * uint32_t * uint32_t * uint32_t * uint32_t * uint32_t * uint32_t * uint32_t * uint32_t * uint32_t * uint32_t * uint32_t * uint32_t) -> uint32_t * uint32_t * uint32_t * uint32_t * uint32_t * uint32_t * uint32_t * uint32_t * uint32_t * uint32_t * uint32_t * uint32_t * uint32_t * uint32_t)

Argument scope is [function_scope]
