rmulW = 
fun var : base_type -> Type =>
λ
x x0 x1 x2 x3 x4 x5 x6 x7 x8 x9 x10 x11 x12 x13 x14 x15 x16 x17 x18 x19 x20
 x21 x22 x23 x24 x25 x26 x27 x28 x29 x30 x31 x32 x33 x34 : 
 var (TWord 5),
uint64_t x35 = ((uint64_t) x16) * x34;
uint64_t x36 = ((uint64_t) x) * x33;
uint64_t x37 = ((uint64_t) x0) * x32;
uint64_t x38 = ((uint64_t) x1) * x31;
uint64_t x39 = ((uint64_t) x2) * x30;
uint64_t x40 = ((uint64_t) x3) * x29;
uint64_t x41 = ((uint64_t) x4) * x28;
uint64_t x42 = ((uint64_t) x5) * x27;
uint64_t x43 = ((uint64_t) x6) * x26;
uint64_t x44 = ((uint64_t) x7) * x25;
uint64_t x45 = ((uint64_t) x8) * x24;
uint64_t x46 = ((uint64_t) x9) * x23;
uint64_t x47 = ((uint64_t) x10) * x22;
uint64_t x48 = ((uint64_t) x11) * x21;
uint64_t x49 = ((uint64_t) x12) * x20;
uint64_t x50 = ((uint64_t) x13) * x19;
uint64_t x51 = ((uint64_t) x14) * x18;
uint64_t x52 = ((uint64_t) x15) * x17;
uint64_t x53 = x51 + x52;
uint64_t x54 = x50 + x53;
uint64_t x55 = x49 + x54;
uint64_t x56 = x48 + x55;
uint64_t x57 = x47 + x56;
uint64_t x58 = x46 + x57;
uint64_t x59 = x45 + x58;
uint64_t x60 = x44 + x59;
uint64_t x61 = x43 + x60;
uint64_t x62 = x42 + x61;
uint64_t x63 = x41 + x62;
uint64_t x64 = x40 + x63;
uint64_t x65 = x39 + x64;
uint64_t x66 = x38 + x65;
uint64_t x67 = x37 + x66;
uint64_t x68 = x36 + x67;
uint64_t x69 = Const
                 (Word.WS true
                    (Word.WS false
                       (Word.WS false
                          (Word.WS false
                             (Word.WS true
                                (Word.WS false
                                   (Word.WS false (Word.WS false Word.WO)))))))) *
               x68;
uint64_t x70 = x35 + x69;
uint32_t x71 = (uint32_t) (x70 >>
                           Const
                             (Word.WS true
                                (Word.WS true
                                   (Word.WS true
                                      (Word.WS false
                                         (Word.WS true
                                            (Word.WS false
                                               (Word.WS false
                                                 (Word.WS false Word.WO)))))))));
uint64_t x72 = ((uint64_t) x15) * x34;
uint64_t x73 = ((uint64_t) x16) * x33;
uint64_t x74 = x72 + x73;
uint64_t x75 = ((uint64_t) x) * x32;
uint64_t x76 = ((uint64_t) x0) * x31;
uint64_t x77 = ((uint64_t) x1) * x30;
uint64_t x78 = ((uint64_t) x2) * x29;
uint64_t x79 = ((uint64_t) x3) * x28;
uint64_t x80 = ((uint64_t) x4) * x27;
uint64_t x81 = ((uint64_t) x5) * x26;
uint64_t x82 = ((uint64_t) x6) * x25;
uint64_t x83 = ((uint64_t) x7) * x24;
uint64_t x84 = ((uint64_t) x8) * x23;
uint64_t x85 = ((uint64_t) x9) * x22;
uint64_t x86 = ((uint64_t) x10) * x21;
uint64_t x87 = ((uint64_t) x11) * x20;
uint64_t x88 = ((uint64_t) x12) * x19;
uint64_t x89 = ((uint64_t) x13) * x18;
uint64_t x90 = ((uint64_t) x14) * x17;
uint64_t x91 = x89 + x90;
uint64_t x92 = x88 + x91;
uint64_t x93 = x87 + x92;
uint64_t x94 = x86 + x93;
uint64_t x95 = x85 + x94;
uint64_t x96 = x84 + x95;
uint64_t x97 = x83 + x96;
uint64_t x98 = x82 + x97;
uint64_t x99 = x81 + x98;
uint64_t x100 = x80 + x99;
uint64_t x101 = x79 + x100;
uint64_t x102 = x78 + x101;
uint64_t x103 = x77 + x102;
uint64_t x104 = x76 + x103;
uint64_t x105 = x75 + x104;
uint64_t x106 = Const
                  (Word.WS true
                     (Word.WS false
                        (Word.WS false
                           (Word.WS false
                              (Word.WS true
                                 (Word.WS false
                                    (Word.WS false (Word.WS false Word.WO)))))))) *
                x105;
uint64_t x107 = x74 + x106;
uint64_t x108 = x71 + x107;
uint32_t x109 = (uint32_t) (x108 >>
                            Const
                              (Word.WS true
                                 (Word.WS true
                                    (Word.WS true
                                       (Word.WS false
                                          (Word.WS true
                                             (Word.WS false
                                                (Word.WS false
                                                 (Word.WS false Word.WO)))))))));
uint64_t x110 = ((uint64_t) x14) * x34;
uint64_t x111 = ((uint64_t) x15) * x33;
uint64_t x112 = ((uint64_t) x16) * x32;
uint64_t x113 = x111 + x112;
uint64_t x114 = x110 + x113;
uint64_t x115 = ((uint64_t) x) * x31;
uint64_t x116 = ((uint64_t) x0) * x30;
uint64_t x117 = ((uint64_t) x1) * x29;
uint64_t x118 = ((uint64_t) x2) * x28;
uint64_t x119 = ((uint64_t) x3) * x27;
uint64_t x120 = ((uint64_t) x4) * x26;
uint64_t x121 = ((uint64_t) x5) * x25;
uint64_t x122 = ((uint64_t) x6) * x24;
uint64_t x123 = ((uint64_t) x7) * x23;
uint64_t x124 = ((uint64_t) x8) * x22;
uint64_t x125 = ((uint64_t) x9) * x21;
uint64_t x126 = ((uint64_t) x10) * x20;
uint64_t x127 = ((uint64_t) x11) * x19;
uint64_t x128 = ((uint64_t) x12) * x18;
uint64_t x129 = ((uint64_t) x13) * x17;
uint64_t x130 = x128 + x129;
uint64_t x131 = x127 + x130;
uint64_t x132 = x126 + x131;
uint64_t x133 = x125 + x132;
uint64_t x134 = x124 + x133;
uint64_t x135 = x123 + x134;
uint64_t x136 = x122 + x135;
uint64_t x137 = x121 + x136;
uint64_t x138 = x120 + x137;
uint64_t x139 = x119 + x138;
uint64_t x140 = x118 + x139;
uint64_t x141 = x117 + x140;
uint64_t x142 = x116 + x141;
uint64_t x143 = x115 + x142;
uint64_t x144 = Const
                  (Word.WS true
                     (Word.WS false
                        (Word.WS false
                           (Word.WS false
                              (Word.WS true
                                 (Word.WS false
                                    (Word.WS false (Word.WS false Word.WO)))))))) *
                x143;
uint64_t x145 = x114 + x144;
uint64_t x146 = x109 + x145;
uint32_t x147 = (uint32_t) (x146 >>
                            Const
                              (Word.WS true
                                 (Word.WS true
                                    (Word.WS true
                                       (Word.WS false
                                          (Word.WS true
                                             (Word.WS false
                                                (Word.WS false
                                                 (Word.WS false Word.WO)))))))));
uint64_t x148 = ((uint64_t) x13) * x34;
uint64_t x149 = ((uint64_t) x14) * x33;
uint64_t x150 = ((uint64_t) x15) * x32;
uint64_t x151 = ((uint64_t) x16) * x31;
uint64_t x152 = x150 + x151;
uint64_t x153 = x149 + x152;
uint64_t x154 = x148 + x153;
uint64_t x155 = ((uint64_t) x) * x30;
uint64_t x156 = ((uint64_t) x0) * x29;
uint64_t x157 = ((uint64_t) x1) * x28;
uint64_t x158 = ((uint64_t) x2) * x27;
uint64_t x159 = ((uint64_t) x3) * x26;
uint64_t x160 = ((uint64_t) x4) * x25;
uint64_t x161 = ((uint64_t) x5) * x24;
uint64_t x162 = ((uint64_t) x6) * x23;
uint64_t x163 = ((uint64_t) x7) * x22;
uint64_t x164 = ((uint64_t) x8) * x21;
uint64_t x165 = ((uint64_t) x9) * x20;
uint64_t x166 = ((uint64_t) x10) * x19;
uint64_t x167 = ((uint64_t) x11) * x18;
uint64_t x168 = ((uint64_t) x12) * x17;
uint64_t x169 = x167 + x168;
uint64_t x170 = x166 + x169;
uint64_t x171 = x165 + x170;
uint64_t x172 = x164 + x171;
uint64_t x173 = x163 + x172;
uint64_t x174 = x162 + x173;
uint64_t x175 = x161 + x174;
uint64_t x176 = x160 + x175;
uint64_t x177 = x159 + x176;
uint64_t x178 = x158 + x177;
uint64_t x179 = x157 + x178;
uint64_t x180 = x156 + x179;
uint64_t x181 = x155 + x180;
uint64_t x182 = Const
                  (Word.WS true
                     (Word.WS false
                        (Word.WS false
                           (Word.WS false
                              (Word.WS true
                                 (Word.WS false
                                    (Word.WS false (Word.WS false Word.WO)))))))) *
                x181;
uint64_t x183 = x154 + x182;
uint64_t x184 = x147 + x183;
uint32_t x185 = (uint32_t) (x184 >>
                            Const
                              (Word.WS true
                                 (Word.WS true
                                    (Word.WS true
                                       (Word.WS false
                                          (Word.WS true
                                             (Word.WS false
                                                (Word.WS false
                                                 (Word.WS false Word.WO)))))))));
uint64_t x186 = ((uint64_t) x12) * x34;
uint64_t x187 = ((uint64_t) x13) * x33;
uint64_t x188 = ((uint64_t) x14) * x32;
uint64_t x189 = ((uint64_t) x15) * x31;
uint64_t x190 = ((uint64_t) x16) * x30;
uint64_t x191 = x189 + x190;
uint64_t x192 = x188 + x191;
uint64_t x193 = x187 + x192;
uint64_t x194 = x186 + x193;
uint64_t x195 = ((uint64_t) x) * x29;
uint64_t x196 = ((uint64_t) x0) * x28;
uint64_t x197 = ((uint64_t) x1) * x27;
uint64_t x198 = ((uint64_t) x2) * x26;
uint64_t x199 = ((uint64_t) x3) * x25;
uint64_t x200 = ((uint64_t) x4) * x24;
uint64_t x201 = ((uint64_t) x5) * x23;
uint64_t x202 = ((uint64_t) x6) * x22;
uint64_t x203 = ((uint64_t) x7) * x21;
uint64_t x204 = ((uint64_t) x8) * x20;
uint64_t x205 = ((uint64_t) x9) * x19;
uint64_t x206 = ((uint64_t) x10) * x18;
uint64_t x207 = ((uint64_t) x11) * x17;
uint64_t x208 = x206 + x207;
uint64_t x209 = x205 + x208;
uint64_t x210 = x204 + x209;
uint64_t x211 = x203 + x210;
uint64_t x212 = x202 + x211;
uint64_t x213 = x201 + x212;
uint64_t x214 = x200 + x213;
uint64_t x215 = x199 + x214;
uint64_t x216 = x198 + x215;
uint64_t x217 = x197 + x216;
uint64_t x218 = x196 + x217;
uint64_t x219 = x195 + x218;
uint64_t x220 = Const
                  (Word.WS true
                     (Word.WS false
                        (Word.WS false
                           (Word.WS false
                              (Word.WS true
                                 (Word.WS false
                                    (Word.WS false (Word.WS false Word.WO)))))))) *
                x219;
uint64_t x221 = x194 + x220;
uint64_t x222 = x185 + x221;
uint32_t x223 = (uint32_t) (x222 >>
                            Const
                              (Word.WS true
                                 (Word.WS true
                                    (Word.WS true
                                       (Word.WS false
                                          (Word.WS true
                                             (Word.WS false
                                                (Word.WS false
                                                 (Word.WS false Word.WO)))))))));
uint64_t x224 = ((uint64_t) x11) * x34;
uint64_t x225 = ((uint64_t) x12) * x33;
uint64_t x226 = ((uint64_t) x13) * x32;
uint64_t x227 = ((uint64_t) x14) * x31;
uint64_t x228 = ((uint64_t) x15) * x30;
uint64_t x229 = ((uint64_t) x16) * x29;
uint64_t x230 = x228 + x229;
uint64_t x231 = x227 + x230;
uint64_t x232 = x226 + x231;
uint64_t x233 = x225 + x232;
uint64_t x234 = x224 + x233;
uint64_t x235 = ((uint64_t) x) * x28;
uint64_t x236 = ((uint64_t) x0) * x27;
uint64_t x237 = ((uint64_t) x1) * x26;
uint64_t x238 = ((uint64_t) x2) * x25;
uint64_t x239 = ((uint64_t) x3) * x24;
uint64_t x240 = ((uint64_t) x4) * x23;
uint64_t x241 = ((uint64_t) x5) * x22;
uint64_t x242 = ((uint64_t) x6) * x21;
uint64_t x243 = ((uint64_t) x7) * x20;
uint64_t x244 = ((uint64_t) x8) * x19;
uint64_t x245 = ((uint64_t) x9) * x18;
uint64_t x246 = ((uint64_t) x10) * x17;
uint64_t x247 = x245 + x246;
uint64_t x248 = x244 + x247;
uint64_t x249 = x243 + x248;
uint64_t x250 = x242 + x249;
uint64_t x251 = x241 + x250;
uint64_t x252 = x240 + x251;
uint64_t x253 = x239 + x252;
uint64_t x254 = x238 + x253;
uint64_t x255 = x237 + x254;
uint64_t x256 = x236 + x255;
uint64_t x257 = x235 + x256;
uint64_t x258 = Const
                  (Word.WS true
                     (Word.WS false
                        (Word.WS false
                           (Word.WS false
                              (Word.WS true
                                 (Word.WS false
                                    (Word.WS false (Word.WS false Word.WO)))))))) *
                x257;
uint64_t x259 = x234 + x258;
uint64_t x260 = x223 + x259;
uint32_t x261 = (uint32_t) (x260 >>
                            Const
                              (Word.WS true
                                 (Word.WS true
                                    (Word.WS true
                                       (Word.WS false
                                          (Word.WS true
                                             (Word.WS false
                                                (Word.WS false
                                                 (Word.WS false Word.WO)))))))));
uint64_t x262 = ((uint64_t) x10) * x34;
uint64_t x263 = ((uint64_t) x11) * x33;
uint64_t x264 = ((uint64_t) x12) * x32;
uint64_t x265 = ((uint64_t) x13) * x31;
uint64_t x266 = ((uint64_t) x14) * x30;
uint64_t x267 = ((uint64_t) x15) * x29;
uint64_t x268 = ((uint64_t) x16) * x28;
uint64_t x269 = x267 + x268;
uint64_t x270 = x266 + x269;
uint64_t x271 = x265 + x270;
uint64_t x272 = x264 + x271;
uint64_t x273 = x263 + x272;
uint64_t x274 = x262 + x273;
uint64_t x275 = ((uint64_t) x) * x27;
uint64_t x276 = ((uint64_t) x0) * x26;
uint64_t x277 = ((uint64_t) x1) * x25;
uint64_t x278 = ((uint64_t) x2) * x24;
uint64_t x279 = ((uint64_t) x3) * x23;
uint64_t x280 = ((uint64_t) x4) * x22;
uint64_t x281 = ((uint64_t) x5) * x21;
uint64_t x282 = ((uint64_t) x6) * x20;
uint64_t x283 = ((uint64_t) x7) * x19;
uint64_t x284 = ((uint64_t) x8) * x18;
uint64_t x285 = ((uint64_t) x9) * x17;
uint64_t x286 = x284 + x285;
uint64_t x287 = x283 + x286;
uint64_t x288 = x282 + x287;
uint64_t x289 = x281 + x288;
uint64_t x290 = x280 + x289;
uint64_t x291 = x279 + x290;
uint64_t x292 = x278 + x291;
uint64_t x293 = x277 + x292;
uint64_t x294 = x276 + x293;
uint64_t x295 = x275 + x294;
uint64_t x296 = Const
                  (Word.WS true
                     (Word.WS false
                        (Word.WS false
                           (Word.WS false
                              (Word.WS true
                                 (Word.WS false
                                    (Word.WS false (Word.WS false Word.WO)))))))) *
                x295;
uint64_t x297 = x274 + x296;
uint64_t x298 = x261 + x297;
uint32_t x299 = (uint32_t) (x298 >>
                            Const
                              (Word.WS true
                                 (Word.WS true
                                    (Word.WS true
                                       (Word.WS false
                                          (Word.WS true
                                             (Word.WS false
                                                (Word.WS false
                                                 (Word.WS false Word.WO)))))))));
uint64_t x300 = ((uint64_t) x9) * x34;
uint64_t x301 = ((uint64_t) x10) * x33;
uint64_t x302 = ((uint64_t) x11) * x32;
uint64_t x303 = ((uint64_t) x12) * x31;
uint64_t x304 = ((uint64_t) x13) * x30;
uint64_t x305 = ((uint64_t) x14) * x29;
uint64_t x306 = ((uint64_t) x15) * x28;
uint64_t x307 = ((uint64_t) x16) * x27;
uint64_t x308 = x306 + x307;
uint64_t x309 = x305 + x308;
uint64_t x310 = x304 + x309;
uint64_t x311 = x303 + x310;
uint64_t x312 = x302 + x311;
uint64_t x313 = x301 + x312;
uint64_t x314 = x300 + x313;
uint64_t x315 = ((uint64_t) x) * x26;
uint64_t x316 = ((uint64_t) x0) * x25;
uint64_t x317 = ((uint64_t) x1) * x24;
uint64_t x318 = ((uint64_t) x2) * x23;
uint64_t x319 = ((uint64_t) x3) * x22;
uint64_t x320 = ((uint64_t) x4) * x21;
uint64_t x321 = ((uint64_t) x5) * x20;
uint64_t x322 = ((uint64_t) x6) * x19;
uint64_t x323 = ((uint64_t) x7) * x18;
uint64_t x324 = ((uint64_t) x8) * x17;
uint64_t x325 = x323 + x324;
uint64_t x326 = x322 + x325;
uint64_t x327 = x321 + x326;
uint64_t x328 = x320 + x327;
uint64_t x329 = x319 + x328;
uint64_t x330 = x318 + x329;
uint64_t x331 = x317 + x330;
uint64_t x332 = x316 + x331;
uint64_t x333 = x315 + x332;
uint64_t x334 = Const
                  (Word.WS true
                     (Word.WS false
                        (Word.WS false
                           (Word.WS false
                              (Word.WS true
                                 (Word.WS false
                                    (Word.WS false (Word.WS false Word.WO)))))))) *
                x333;
uint64_t x335 = x314 + x334;
uint64_t x336 = x299 + x335;
uint32_t x337 = (uint32_t) (x336 >>
                            Const
                              (Word.WS true
                                 (Word.WS true
                                    (Word.WS true
                                       (Word.WS false
                                          (Word.WS true
                                             (Word.WS false
                                                (Word.WS false
                                                 (Word.WS false Word.WO)))))))));
uint64_t x338 = ((uint64_t) x8) * x34;
uint64_t x339 = ((uint64_t) x9) * x33;
uint64_t x340 = ((uint64_t) x10) * x32;
uint64_t x341 = ((uint64_t) x11) * x31;
uint64_t x342 = ((uint64_t) x12) * x30;
uint64_t x343 = ((uint64_t) x13) * x29;
uint64_t x344 = ((uint64_t) x14) * x28;
uint64_t x345 = ((uint64_t) x15) * x27;
uint64_t x346 = ((uint64_t) x16) * x26;
uint64_t x347 = x345 + x346;
uint64_t x348 = x344 + x347;
uint64_t x349 = x343 + x348;
uint64_t x350 = x342 + x349;
uint64_t x351 = x341 + x350;
uint64_t x352 = x340 + x351;
uint64_t x353 = x339 + x352;
uint64_t x354 = x338 + x353;
uint64_t x355 = ((uint64_t) x) * x25;
uint64_t x356 = ((uint64_t) x0) * x24;
uint64_t x357 = ((uint64_t) x1) * x23;
uint64_t x358 = ((uint64_t) x2) * x22;
uint64_t x359 = ((uint64_t) x3) * x21;
uint64_t x360 = ((uint64_t) x4) * x20;
uint64_t x361 = ((uint64_t) x5) * x19;
uint64_t x362 = ((uint64_t) x6) * x18;
uint64_t x363 = ((uint64_t) x7) * x17;
uint64_t x364 = x362 + x363;
uint64_t x365 = x361 + x364;
uint64_t x366 = x360 + x365;
uint64_t x367 = x359 + x366;
uint64_t x368 = x358 + x367;
uint64_t x369 = x357 + x368;
uint64_t x370 = x356 + x369;
uint64_t x371 = x355 + x370;
uint64_t x372 = Const
                  (Word.WS true
                     (Word.WS false
                        (Word.WS false
                           (Word.WS false
                              (Word.WS true
                                 (Word.WS false
                                    (Word.WS false (Word.WS false Word.WO)))))))) *
                x371;
uint64_t x373 = x354 + x372;
uint64_t x374 = x337 + x373;
uint32_t x375 = (uint32_t) (x374 >>
                            Const
                              (Word.WS true
                                 (Word.WS true
                                    (Word.WS true
                                       (Word.WS false
                                          (Word.WS true
                                             (Word.WS false
                                                (Word.WS false
                                                 (Word.WS false Word.WO)))))))));
uint64_t x376 = ((uint64_t) x7) * x34;
uint64_t x377 = ((uint64_t) x8) * x33;
uint64_t x378 = ((uint64_t) x9) * x32;
uint64_t x379 = ((uint64_t) x10) * x31;
uint64_t x380 = ((uint64_t) x11) * x30;
uint64_t x381 = ((uint64_t) x12) * x29;
uint64_t x382 = ((uint64_t) x13) * x28;
uint64_t x383 = ((uint64_t) x14) * x27;
uint64_t x384 = ((uint64_t) x15) * x26;
uint64_t x385 = ((uint64_t) x16) * x25;
uint64_t x386 = x384 + x385;
uint64_t x387 = x383 + x386;
uint64_t x388 = x382 + x387;
uint64_t x389 = x381 + x388;
uint64_t x390 = x380 + x389;
uint64_t x391 = x379 + x390;
uint64_t x392 = x378 + x391;
uint64_t x393 = x377 + x392;
uint64_t x394 = x376 + x393;
uint64_t x395 = ((uint64_t) x) * x24;
uint64_t x396 = ((uint64_t) x0) * x23;
uint64_t x397 = ((uint64_t) x1) * x22;
uint64_t x398 = ((uint64_t) x2) * x21;
uint64_t x399 = ((uint64_t) x3) * x20;
uint64_t x400 = ((uint64_t) x4) * x19;
uint64_t x401 = ((uint64_t) x5) * x18;
uint64_t x402 = ((uint64_t) x6) * x17;
uint64_t x403 = x401 + x402;
uint64_t x404 = x400 + x403;
uint64_t x405 = x399 + x404;
uint64_t x406 = x398 + x405;
uint64_t x407 = x397 + x406;
uint64_t x408 = x396 + x407;
uint64_t x409 = x395 + x408;
uint64_t x410 = Const
                  (Word.WS true
                     (Word.WS false
                        (Word.WS false
                           (Word.WS false
                              (Word.WS true
                                 (Word.WS false
                                    (Word.WS false (Word.WS false Word.WO)))))))) *
                x409;
uint64_t x411 = x394 + x410;
uint64_t x412 = x375 + x411;
uint32_t x413 = (uint32_t) (x412 >>
                            Const
                              (Word.WS true
                                 (Word.WS true
                                    (Word.WS true
                                       (Word.WS false
                                          (Word.WS true
                                             (Word.WS false
                                                (Word.WS false
                                                 (Word.WS false Word.WO)))))))));
uint64_t x414 = ((uint64_t) x6) * x34;
uint64_t x415 = ((uint64_t) x7) * x33;
uint64_t x416 = ((uint64_t) x8) * x32;
uint64_t x417 = ((uint64_t) x9) * x31;
uint64_t x418 = ((uint64_t) x10) * x30;
uint64_t x419 = ((uint64_t) x11) * x29;
uint64_t x420 = ((uint64_t) x12) * x28;
uint64_t x421 = ((uint64_t) x13) * x27;
uint64_t x422 = ((uint64_t) x14) * x26;
uint64_t x423 = ((uint64_t) x15) * x25;
uint64_t x424 = ((uint64_t) x16) * x24;
uint64_t x425 = x423 + x424;
uint64_t x426 = x422 + x425;
uint64_t x427 = x421 + x426;
uint64_t x428 = x420 + x427;
uint64_t x429 = x419 + x428;
uint64_t x430 = x418 + x429;
uint64_t x431 = x417 + x430;
uint64_t x432 = x416 + x431;
uint64_t x433 = x415 + x432;
uint64_t x434 = x414 + x433;
uint64_t x435 = ((uint64_t) x) * x23;
uint64_t x436 = ((uint64_t) x0) * x22;
uint64_t x437 = ((uint64_t) x1) * x21;
uint64_t x438 = ((uint64_t) x2) * x20;
uint64_t x439 = ((uint64_t) x3) * x19;
uint64_t x440 = ((uint64_t) x4) * x18;
uint64_t x441 = ((uint64_t) x5) * x17;
uint64_t x442 = x440 + x441;
uint64_t x443 = x439 + x442;
uint64_t x444 = x438 + x443;
uint64_t x445 = x437 + x444;
uint64_t x446 = x436 + x445;
uint64_t x447 = x435 + x446;
uint64_t x448 = Const
                  (Word.WS true
                     (Word.WS false
                        (Word.WS false
                           (Word.WS false
                              (Word.WS true
                                 (Word.WS false
                                    (Word.WS false (Word.WS false Word.WO)))))))) *
                x447;
uint64_t x449 = x434 + x448;
uint64_t x450 = x413 + x449;
uint32_t x451 = (uint32_t) (x450 >>
                            Const
                              (Word.WS true
                                 (Word.WS true
                                    (Word.WS true
                                       (Word.WS false
                                          (Word.WS true
                                             (Word.WS false
                                                (Word.WS false
                                                 (Word.WS false Word.WO)))))))));
uint64_t x452 = ((uint64_t) x5) * x34;
uint64_t x453 = ((uint64_t) x6) * x33;
uint64_t x454 = ((uint64_t) x7) * x32;
uint64_t x455 = ((uint64_t) x8) * x31;
uint64_t x456 = ((uint64_t) x9) * x30;
uint64_t x457 = ((uint64_t) x10) * x29;
uint64_t x458 = ((uint64_t) x11) * x28;
uint64_t x459 = ((uint64_t) x12) * x27;
uint64_t x460 = ((uint64_t) x13) * x26;
uint64_t x461 = ((uint64_t) x14) * x25;
uint64_t x462 = ((uint64_t) x15) * x24;
uint64_t x463 = ((uint64_t) x16) * x23;
uint64_t x464 = x462 + x463;
uint64_t x465 = x461 + x464;
uint64_t x466 = x460 + x465;
uint64_t x467 = x459 + x466;
uint64_t x468 = x458 + x467;
uint64_t x469 = x457 + x468;
uint64_t x470 = x456 + x469;
uint64_t x471 = x455 + x470;
uint64_t x472 = x454 + x471;
uint64_t x473 = x453 + x472;
uint64_t x474 = x452 + x473;
uint64_t x475 = ((uint64_t) x) * x22;
uint64_t x476 = ((uint64_t) x0) * x21;
uint64_t x477 = ((uint64_t) x1) * x20;
uint64_t x478 = ((uint64_t) x2) * x19;
uint64_t x479 = ((uint64_t) x3) * x18;
uint64_t x480 = ((uint64_t) x4) * x17;
uint64_t x481 = x479 + x480;
uint64_t x482 = x478 + x481;
uint64_t x483 = x477 + x482;
uint64_t x484 = x476 + x483;
uint64_t x485 = x475 + x484;
uint64_t x486 = Const
                  (Word.WS true
                     (Word.WS false
                        (Word.WS false
                           (Word.WS false
                              (Word.WS true
                                 (Word.WS false
                                    (Word.WS false (Word.WS false Word.WO)))))))) *
                x485;
uint64_t x487 = x474 + x486;
uint64_t x488 = x451 + x487;
uint32_t x489 = (uint32_t) (x488 >>
                            Const
                              (Word.WS true
                                 (Word.WS true
                                    (Word.WS true
                                       (Word.WS false
                                          (Word.WS true
                                             (Word.WS false
                                                (Word.WS false
                                                 (Word.WS false Word.WO)))))))));
uint64_t x490 = ((uint64_t) x4) * x34;
uint64_t x491 = ((uint64_t) x5) * x33;
uint64_t x492 = ((uint64_t) x6) * x32;
uint64_t x493 = ((uint64_t) x7) * x31;
uint64_t x494 = ((uint64_t) x8) * x30;
uint64_t x495 = ((uint64_t) x9) * x29;
uint64_t x496 = ((uint64_t) x10) * x28;
uint64_t x497 = ((uint64_t) x11) * x27;
uint64_t x498 = ((uint64_t) x12) * x26;
uint64_t x499 = ((uint64_t) x13) * x25;
uint64_t x500 = ((uint64_t) x14) * x24;
uint64_t x501 = ((uint64_t) x15) * x23;
uint64_t x502 = ((uint64_t) x16) * x22;
uint64_t x503 = x501 + x502;
uint64_t x504 = x500 + x503;
uint64_t x505 = x499 + x504;
uint64_t x506 = x498 + x505;
uint64_t x507 = x497 + x506;
uint64_t x508 = x496 + x507;
uint64_t x509 = x495 + x508;
uint64_t x510 = x494 + x509;
uint64_t x511 = x493 + x510;
uint64_t x512 = x492 + x511;
uint64_t x513 = x491 + x512;
uint64_t x514 = x490 + x513;
uint64_t x515 = ((uint64_t) x) * x21;
uint64_t x516 = ((uint64_t) x0) * x20;
uint64_t x517 = ((uint64_t) x1) * x19;
uint64_t x518 = ((uint64_t) x2) * x18;
uint64_t x519 = ((uint64_t) x3) * x17;
uint64_t x520 = x518 + x519;
uint64_t x521 = x517 + x520;
uint64_t x522 = x516 + x521;
uint64_t x523 = x515 + x522;
uint64_t x524 = Const
                  (Word.WS true
                     (Word.WS false
                        (Word.WS false
                           (Word.WS false
                              (Word.WS true
                                 (Word.WS false
                                    (Word.WS false (Word.WS false Word.WO)))))))) *
                x523;
uint64_t x525 = x514 + x524;
uint64_t x526 = x489 + x525;
uint32_t x527 = (uint32_t) (x526 >>
                            Const
                              (Word.WS true
                                 (Word.WS true
                                    (Word.WS true
                                       (Word.WS false
                                          (Word.WS true
                                             (Word.WS false
                                                (Word.WS false
                                                 (Word.WS false Word.WO)))))))));
uint64_t x528 = ((uint64_t) x3) * x34;
uint64_t x529 = ((uint64_t) x4) * x33;
uint64_t x530 = ((uint64_t) x5) * x32;
uint64_t x531 = ((uint64_t) x6) * x31;
uint64_t x532 = ((uint64_t) x7) * x30;
uint64_t x533 = ((uint64_t) x8) * x29;
uint64_t x534 = ((uint64_t) x9) * x28;
uint64_t x535 = ((uint64_t) x10) * x27;
uint64_t x536 = ((uint64_t) x11) * x26;
uint64_t x537 = ((uint64_t) x12) * x25;
uint64_t x538 = ((uint64_t) x13) * x24;
uint64_t x539 = ((uint64_t) x14) * x23;
uint64_t x540 = ((uint64_t) x15) * x22;
uint64_t x541 = ((uint64_t) x16) * x21;
uint64_t x542 = x540 + x541;
uint64_t x543 = x539 + x542;
uint64_t x544 = x538 + x543;
uint64_t x545 = x537 + x544;
uint64_t x546 = x536 + x545;
uint64_t x547 = x535 + x546;
uint64_t x548 = x534 + x547;
uint64_t x549 = x533 + x548;
uint64_t x550 = x532 + x549;
uint64_t x551 = x531 + x550;
uint64_t x552 = x530 + x551;
uint64_t x553 = x529 + x552;
uint64_t x554 = x528 + x553;
uint64_t x555 = ((uint64_t) x) * x20;
uint64_t x556 = ((uint64_t) x0) * x19;
uint64_t x557 = ((uint64_t) x1) * x18;
uint64_t x558 = ((uint64_t) x2) * x17;
uint64_t x559 = x557 + x558;
uint64_t x560 = x556 + x559;
uint64_t x561 = x555 + x560;
uint64_t x562 = Const
                  (Word.WS true
                     (Word.WS false
                        (Word.WS false
                           (Word.WS false
                              (Word.WS true
                                 (Word.WS false
                                    (Word.WS false (Word.WS false Word.WO)))))))) *
                x561;
uint64_t x563 = x554 + x562;
uint64_t x564 = x527 + x563;
uint32_t x565 = (uint32_t) (x564 >>
                            Const
                              (Word.WS true
                                 (Word.WS true
                                    (Word.WS true
                                       (Word.WS false
                                          (Word.WS true
                                             (Word.WS false
                                                (Word.WS false
                                                 (Word.WS false Word.WO)))))))));
uint64_t x566 = ((uint64_t) x2) * x34;
uint64_t x567 = ((uint64_t) x3) * x33;
uint64_t x568 = ((uint64_t) x4) * x32;
uint64_t x569 = ((uint64_t) x5) * x31;
uint64_t x570 = ((uint64_t) x6) * x30;
uint64_t x571 = ((uint64_t) x7) * x29;
uint64_t x572 = ((uint64_t) x8) * x28;
uint64_t x573 = ((uint64_t) x9) * x27;
uint64_t x574 = ((uint64_t) x10) * x26;
uint64_t x575 = ((uint64_t) x11) * x25;
uint64_t x576 = ((uint64_t) x12) * x24;
uint64_t x577 = ((uint64_t) x13) * x23;
uint64_t x578 = ((uint64_t) x14) * x22;
uint64_t x579 = ((uint64_t) x15) * x21;
uint64_t x580 = ((uint64_t) x16) * x20;
uint64_t x581 = x579 + x580;
uint64_t x582 = x578 + x581;
uint64_t x583 = x577 + x582;
uint64_t x584 = x576 + x583;
uint64_t x585 = x575 + x584;
uint64_t x586 = x574 + x585;
uint64_t x587 = x573 + x586;
uint64_t x588 = x572 + x587;
uint64_t x589 = x571 + x588;
uint64_t x590 = x570 + x589;
uint64_t x591 = x569 + x590;
uint64_t x592 = x568 + x591;
uint64_t x593 = x567 + x592;
uint64_t x594 = x566 + x593;
uint64_t x595 = ((uint64_t) x) * x19;
uint64_t x596 = ((uint64_t) x0) * x18;
uint64_t x597 = ((uint64_t) x1) * x17;
uint64_t x598 = x596 + x597;
uint64_t x599 = x595 + x598;
uint64_t x600 = Const
                  (Word.WS true
                     (Word.WS false
                        (Word.WS false
                           (Word.WS false
                              (Word.WS true
                                 (Word.WS false
                                    (Word.WS false (Word.WS false Word.WO)))))))) *
                x599;
uint64_t x601 = x594 + x600;
uint64_t x602 = x565 + x601;
uint32_t x603 = (uint32_t) (x602 >>
                            Const
                              (Word.WS true
                                 (Word.WS true
                                    (Word.WS true
                                       (Word.WS false
                                          (Word.WS true
                                             (Word.WS false
                                                (Word.WS false
                                                 (Word.WS false Word.WO)))))))));
uint64_t x604 = ((uint64_t) x1) * x34;
uint64_t x605 = ((uint64_t) x2) * x33;
uint64_t x606 = ((uint64_t) x3) * x32;
uint64_t x607 = ((uint64_t) x4) * x31;
uint64_t x608 = ((uint64_t) x5) * x30;
uint64_t x609 = ((uint64_t) x6) * x29;
uint64_t x610 = ((uint64_t) x7) * x28;
uint64_t x611 = ((uint64_t) x8) * x27;
uint64_t x612 = ((uint64_t) x9) * x26;
uint64_t x613 = ((uint64_t) x10) * x25;
uint64_t x614 = ((uint64_t) x11) * x24;
uint64_t x615 = ((uint64_t) x12) * x23;
uint64_t x616 = ((uint64_t) x13) * x22;
uint64_t x617 = ((uint64_t) x14) * x21;
uint64_t x618 = ((uint64_t) x15) * x20;
uint64_t x619 = ((uint64_t) x16) * x19;
uint64_t x620 = x618 + x619;
uint64_t x621 = x617 + x620;
uint64_t x622 = x616 + x621;
uint64_t x623 = x615 + x622;
uint64_t x624 = x614 + x623;
uint64_t x625 = x613 + x624;
uint64_t x626 = x612 + x625;
uint64_t x627 = x611 + x626;
uint64_t x628 = x610 + x627;
uint64_t x629 = x609 + x628;
uint64_t x630 = x608 + x629;
uint64_t x631 = x607 + x630;
uint64_t x632 = x606 + x631;
uint64_t x633 = x605 + x632;
uint64_t x634 = x604 + x633;
uint64_t x635 = ((uint64_t) x) * x18;
uint64_t x636 = ((uint64_t) x0) * x17;
uint64_t x637 = x635 + x636;
uint64_t x638 = Const
                  (Word.WS true
                     (Word.WS false
                        (Word.WS false
                           (Word.WS false
                              (Word.WS true
                                 (Word.WS false
                                    (Word.WS false (Word.WS false Word.WO)))))))) *
                x637;
uint64_t x639 = x634 + x638;
uint64_t x640 = x603 + x639;
uint32_t x641 = (uint32_t) (x640 >>
                            Const
                              (Word.WS true
                                 (Word.WS true
                                    (Word.WS true
                                       (Word.WS false
                                          (Word.WS true
                                             (Word.WS false
                                                (Word.WS false
                                                 (Word.WS false Word.WO)))))))));
uint64_t x642 = ((uint64_t) x0) * x34;
uint64_t x643 = ((uint64_t) x1) * x33;
uint64_t x644 = ((uint64_t) x2) * x32;
uint64_t x645 = ((uint64_t) x3) * x31;
uint64_t x646 = ((uint64_t) x4) * x30;
uint64_t x647 = ((uint64_t) x5) * x29;
uint64_t x648 = ((uint64_t) x6) * x28;
uint64_t x649 = ((uint64_t) x7) * x27;
uint64_t x650 = ((uint64_t) x8) * x26;
uint64_t x651 = ((uint64_t) x9) * x25;
uint64_t x652 = ((uint64_t) x10) * x24;
uint64_t x653 = ((uint64_t) x11) * x23;
uint64_t x654 = ((uint64_t) x12) * x22;
uint64_t x655 = ((uint64_t) x13) * x21;
uint64_t x656 = ((uint64_t) x14) * x20;
uint64_t x657 = ((uint64_t) x15) * x19;
uint64_t x658 = ((uint64_t) x16) * x18;
uint64_t x659 = x657 + x658;
uint64_t x660 = x656 + x659;
uint64_t x661 = x655 + x660;
uint64_t x662 = x654 + x661;
uint64_t x663 = x653 + x662;
uint64_t x664 = x652 + x663;
uint64_t x665 = x651 + x664;
uint64_t x666 = x650 + x665;
uint64_t x667 = x649 + x666;
uint64_t x668 = x648 + x667;
uint64_t x669 = x647 + x668;
uint64_t x670 = x646 + x669;
uint64_t x671 = x645 + x670;
uint64_t x672 = x644 + x671;
uint64_t x673 = x643 + x672;
uint64_t x674 = x642 + x673;
uint64_t x675 = ((uint64_t) x) * x17;
uint64_t x676 = Const
                  (Word.WS true
                     (Word.WS false
                        (Word.WS false
                           (Word.WS false
                              (Word.WS true
                                 (Word.WS false
                                    (Word.WS false (Word.WS false Word.WO)))))))) *
                x675;
uint64_t x677 = x674 + x676;
uint64_t x678 = x641 + x677;
uint32_t x679 = (uint32_t) (x678 >>
                            Const
                              (Word.WS true
                                 (Word.WS true
                                    (Word.WS true
                                       (Word.WS false
                                          (Word.WS true
                                             (Word.WS false
                                                (Word.WS false
                                                 (Word.WS false Word.WO)))))))));
uint64_t x680 = ((uint64_t) x) * x34;
uint64_t x681 = ((uint64_t) x0) * x33;
uint64_t x682 = ((uint64_t) x1) * x32;
uint64_t x683 = ((uint64_t) x2) * x31;
uint64_t x684 = ((uint64_t) x3) * x30;
uint64_t x685 = ((uint64_t) x4) * x29;
uint64_t x686 = ((uint64_t) x5) * x28;
uint64_t x687 = ((uint64_t) x6) * x27;
uint64_t x688 = ((uint64_t) x7) * x26;
uint64_t x689 = ((uint64_t) x8) * x25;
uint64_t x690 = ((uint64_t) x9) * x24;
uint64_t x691 = ((uint64_t) x10) * x23;
uint64_t x692 = ((uint64_t) x11) * x22;
uint64_t x693 = ((uint64_t) x12) * x21;
uint64_t x694 = ((uint64_t) x13) * x20;
uint64_t x695 = ((uint64_t) x14) * x19;
uint64_t x696 = ((uint64_t) x15) * x18;
uint64_t x697 = ((uint64_t) x16) * x17;
uint64_t x698 = x696 + x697;
uint64_t x699 = x695 + x698;
uint64_t x700 = x694 + x699;
uint64_t x701 = x693 + x700;
uint64_t x702 = x692 + x701;
uint64_t x703 = x691 + x702;
uint64_t x704 = x690 + x703;
uint64_t x705 = x689 + x704;
uint64_t x706 = x688 + x705;
uint64_t x707 = x687 + x706;
uint64_t x708 = x686 + x707;
uint64_t x709 = x685 + x708;
uint64_t x710 = x684 + x709;
uint64_t x711 = x683 + x710;
uint64_t x712 = x682 + x711;
uint64_t x713 = x681 + x712;
uint64_t x714 = x680 + x713;
uint64_t x715 = x679 + x714;
uint32_t x716 = (uint32_t) (x715 >>
                            Const
                              (Word.WS true
                                 (Word.WS true
                                    (Word.WS true
                                       (Word.WS false
                                          (Word.WS true
                                             (Word.WS false
                                                (Word.WS false
                                                 (Word.WS false Word.WO)))))))));
uint32_t x717 = Const
                  (Word.WS true
                     (Word.WS false
                        (Word.WS false
                           (Word.WS false
                              (Word.WS true
                                 (Word.WS false
                                    (Word.WS false (Word.WS false Word.WO)))))))) *
                x716;
uint32_t x718 = x70 &
                Const
                  (Word.WS true
                     (Word.WS true
                        (Word.WS true
                           (Word.WS true
                              (Word.WS true
                                 (Word.WS true
                                    (Word.WS true
                                       (Word.WS true
                                          (Word.WS true
                                             (Word.WS true
                                                (Word.WS true
                                                 (Word.WS true
                                                 (Word.WS true
                                                 (Word.WS true
                                                 (Word.WS true
                                                 (Word.WS true
                                                 (Word.WS true
                                                 (Word.WS true
                                                 (Word.WS true
                                                 (Word.WS true
                                                 (Word.WS true (...))))))))))))))))))))));
uint32_t x719 = x717 + x718;
uint16_t x720 = (uint16_t) (x719 >>
                            Const
                              (Word.WS true
                                 (Word.WS true
                                    (Word.WS true
                                       (Word.WS false
                                          (Word.WS true
                                             (Word.WS false
                                                (Word.WS false
                                                 (Word.WS false Word.WO)))))))));
uint32_t x721 = x108 &
                Const
                  (Word.WS true
                     (Word.WS true
                        (Word.WS true
                           (Word.WS true
                              (Word.WS true
                                 (Word.WS true
                                    (Word.WS true
                                       (Word.WS true
                                          (Word.WS true
                                             (Word.WS true
                                                (Word.WS true
                                                 (Word.WS true
                                                 (Word.WS true
                                                 (Word.WS true
                                                 (Word.WS true
                                                 (Word.WS true
                                                 (Word.WS true
                                                 (Word.WS true
                                                 (Word.WS true
                                                 (Word.WS true
                                                 (Word.WS true (...))))))))))))))))))))));
uint32_t x722 = x720 + x721;
uint32_t x723 = x715 &
                Const
                  (Word.WS true
                     (Word.WS true
                        (Word.WS true
                           (Word.WS true
                              (Word.WS true
                                 (Word.WS true
                                    (Word.WS true
                                       (Word.WS true
                                          (Word.WS true
                                             (Word.WS true
                                                (Word.WS true
                                                 (Word.WS true
                                                 (Word.WS true
                                                 (Word.WS true
                                                 (Word.WS true
                                                 (Word.WS true
                                                 (Word.WS true
                                                 (Word.WS true
                                                 (Word.WS true
                                                 (Word.WS true
                                                 (Word.WS true (...))))))))))))))))))))));
uint32_t x724 = x678 &
                Const
                  (Word.WS true
                     (Word.WS true
                        (Word.WS true
                           (Word.WS true
                              (Word.WS true
                                 (Word.WS true
                                    (Word.WS true
                                       (Word.WS true
                                          (Word.WS true
                                             (Word.WS true
                                                (Word.WS true
                                                 (Word.WS true
                                                 (Word.WS true
                                                 (Word.WS true
                                                 (Word.WS true
                                                 (Word.WS true
                                                 (Word.WS true
                                                 (Word.WS true
                                                 (Word.WS true
                                                 (Word.WS true
                                                 (Word.WS true (...))))))))))))))))))))));
uint32_t x725 = x640 &
                Const
                  (Word.WS true
                     (Word.WS true
                        (Word.WS true
                           (Word.WS true
                              (Word.WS true
                                 (Word.WS true
                                    (Word.WS true
                                       (Word.WS true
                                          (Word.WS true
                                             (Word.WS true
                                                (Word.WS true
                                                 (Word.WS true
                                                 (Word.WS true
                                                 (Word.WS true
                                                 (Word.WS true
                                                 (Word.WS true
                                                 (Word.WS true
                                                 (Word.WS true
                                                 (Word.WS true
                                                 (Word.WS true
                                                 (Word.WS true (...))))))))))))))))))))));
uint32_t x726 = x602 &
                Const
                  (Word.WS true
                     (Word.WS true
                        (Word.WS true
                           (Word.WS true
                              (Word.WS true
                                 (Word.WS true
                                    (Word.WS true
                                       (Word.WS true
                                          (Word.WS true
                                             (Word.WS true
                                                (Word.WS true
                                                 (Word.WS true
                                                 (Word.WS true
                                                 (Word.WS true
                                                 (Word.WS true
                                                 (Word.WS true
                                                 (Word.WS true
                                                 (Word.WS true
                                                 (Word.WS true
                                                 (Word.WS true
                                                 (Word.WS true (...))))))))))))))))))))));
uint32_t x727 = x564 &
                Const
                  (Word.WS true
                     (Word.WS true
                        (Word.WS true
                           (Word.WS true
                              (Word.WS true
                                 (Word.WS true
                                    (Word.WS true
                                       (Word.WS true
                                          (Word.WS true
                                             (Word.WS true
                                                (Word.WS true
                                                 (Word.WS true
                                                 (Word.WS true
                                                 (Word.WS true
                                                 (Word.WS true
                                                 (Word.WS true
                                                 (Word.WS true
                                                 (Word.WS true
                                                 (Word.WS true
                                                 (Word.WS true
                                                 (Word.WS true (...))))))))))))))))))))));
uint32_t x728 = x526 &
                Const
                  (Word.WS true
                     (Word.WS true
                        (Word.WS true
                           (Word.WS true
                              (Word.WS true
                                 (Word.WS true
                                    (Word.WS true
                                       (Word.WS true
                                          (Word.WS true
                                             (Word.WS true
                                                (Word.WS true
                                                 (Word.WS true
                                                 (Word.WS true
                                                 (Word.WS true
                                                 (Word.WS true
                                                 (Word.WS true
                                                 (Word.WS true
                                                 (Word.WS true
                                                 (Word.WS true
                                                 (Word.WS true
                                                 (Word.WS true (...))))))))))))))))))))));
uint32_t x729 = x488 &
                Const
                  (Word.WS true
                     (Word.WS true
                        (Word.WS true
                           (Word.WS true
                              (Word.WS true
                                 (Word.WS true
                                    (Word.WS true
                                       (Word.WS true
                                          (Word.WS true
                                             (Word.WS true
                                                (Word.WS true
                                                 (Word.WS true
                                                 (Word.WS true
                                                 (Word.WS true
                                                 (Word.WS true
                                                 (Word.WS true
                                                 (Word.WS true
                                                 (Word.WS true
                                                 (Word.WS true
                                                 (Word.WS true
                                                 (Word.WS true (...))))))))))))))))))))));
uint32_t x730 = x450 &
                Const
                  (Word.WS true
                     (Word.WS true
                        (Word.WS true
                           (Word.WS true
                              (Word.WS true
                                 (Word.WS true
                                    (Word.WS true
                                       (Word.WS true
                                          (Word.WS true
                                             (Word.WS true
                                                (Word.WS true
                                                 (Word.WS true
                                                 (Word.WS true
                                                 (Word.WS true
                                                 (Word.WS true
                                                 (Word.WS true
                                                 (Word.WS true
                                                 (Word.WS true
                                                 (Word.WS true
                                                 (Word.WS true
                                                 (Word.WS true (...))))))))))))))))))))));
uint32_t x731 = x412 &
                Const
                  (Word.WS true
                     (Word.WS true
                        (Word.WS true
                           (Word.WS true
                              (Word.WS true
                                 (Word.WS true
                                    (Word.WS true
                                       (Word.WS true
                                          (Word.WS true
                                             (Word.WS true
                                                (Word.WS true
                                                 (Word.WS true
                                                 (Word.WS true
                                                 (Word.WS true
                                                 (Word.WS true
                                                 (Word.WS true
                                                 (Word.WS true
                                                 (Word.WS true
                                                 (Word.WS true
                                                 (Word.WS true
                                                 (Word.WS true (...))))))))))))))))))))));
uint32_t x732 = x374 &
                Const
                  (Word.WS true
                     (Word.WS true
                        (Word.WS true
                           (Word.WS true
                              (Word.WS true
                                 (Word.WS true
                                    (Word.WS true
                                       (Word.WS true
                                          (Word.WS true
                                             (Word.WS true
                                                (Word.WS true
                                                 (Word.WS true
                                                 (Word.WS true
                                                 (Word.WS true
                                                 (Word.WS true
                                                 (Word.WS true
                                                 (Word.WS true
                                                 (Word.WS true
                                                 (Word.WS true
                                                 (Word.WS true
                                                 (Word.WS true (...))))))))))))))))))))));
uint32_t x733 = x336 &
                Const
                  (Word.WS true
                     (Word.WS true
                        (Word.WS true
                           (Word.WS true
                              (Word.WS true
                                 (Word.WS true
                                    (Word.WS true
                                       (Word.WS true
                                          (Word.WS true
                                             (Word.WS true
                                                (Word.WS true
                                                 (Word.WS true
                                                 (Word.WS true
                                                 (Word.WS true
                                                 (Word.WS true
                                                 (Word.WS true
                                                 (Word.WS true
                                                 (Word.WS true
                                                 (Word.WS true
                                                 (Word.WS true
                                                 (Word.WS true (...))))))))))))))))))))));
uint32_t x734 = x298 &
                Const
                  (Word.WS true
                     (Word.WS true
                        (Word.WS true
                           (Word.WS true
                              (Word.WS true
                                 (Word.WS true
                                    (Word.WS true
                                       (Word.WS true
                                          (Word.WS true
                                             (Word.WS true
                                                (Word.WS true
                                                 (Word.WS true
                                                 (Word.WS true
                                                 (Word.WS true
                                                 (Word.WS true
                                                 (Word.WS true
                                                 (Word.WS true
                                                 (Word.WS true
                                                 (Word.WS true
                                                 (Word.WS true
                                                 (Word.WS true (...))))))))))))))))))))));
uint32_t x735 = x260 &
                Const
                  (Word.WS true
                     (Word.WS true
                        (Word.WS true
                           (Word.WS true
                              (Word.WS true
                                 (Word.WS true
                                    (Word.WS true
                                       (Word.WS true
                                          (Word.WS true
                                             (Word.WS true
                                                (Word.WS true
                                                 (Word.WS true
                                                 (Word.WS true
                                                 (Word.WS true
                                                 (Word.WS true
                                                 (Word.WS true
                                                 (Word.WS true
                                                 (Word.WS true
                                                 (Word.WS true
                                                 (Word.WS true
                                                 (Word.WS true (...))))))))))))))))))))));
uint32_t x736 = x222 &
                Const
                  (Word.WS true
                     (Word.WS true
                        (Word.WS true
                           (Word.WS true
                              (Word.WS true
                                 (Word.WS true
                                    (Word.WS true
                                       (Word.WS true
                                          (Word.WS true
                                             (Word.WS true
                                                (Word.WS true
                                                 (Word.WS true
                                                 (Word.WS true
                                                 (Word.WS true
                                                 (Word.WS true
                                                 (Word.WS true
                                                 (Word.WS true
                                                 (Word.WS true
                                                 (Word.WS true
                                                 (Word.WS true
                                                 (Word.WS true (...))))))))))))))))))))));
uint32_t x737 = x184 &
                Const
                  (Word.WS true
                     (Word.WS true
                        (Word.WS true
                           (Word.WS true
                              (Word.WS true
                                 (Word.WS true
                                    (Word.WS true
                                       (Word.WS true
                                          (Word.WS true
                                             (Word.WS true
                                                (Word.WS true
                                                 (Word.WS true
                                                 (Word.WS true
                                                 (Word.WS true
                                                 (Word.WS true
                                                 (Word.WS true
                                                 (Word.WS true
                                                 (Word.WS true
                                                 (Word.WS true
                                                 (Word.WS true
                                                 (Word.WS true (...))))))))))))))))))))));
bool x738 = (bool) (x722 >>
                    Const
                      (Word.WS true
                         (Word.WS true
                            (Word.WS true
                               (Word.WS false
                                  (Word.WS true
                                     (Word.WS false
                                        (Word.WS false
                                           (Word.WS false Word.WO)))))))));
uint32_t x739 = x146 &
                Const
                  (Word.WS true
                     (Word.WS true
                        (Word.WS true
                           (Word.WS true
                              (Word.WS true
                                 (Word.WS true
                                    (Word.WS true
                                       (Word.WS true
                                          (Word.WS true
                                             (Word.WS true
                                                (Word.WS true
                                                 (Word.WS true
                                                 (Word.WS true
                                                 (Word.WS true
                                                 (Word.WS true
                                                 (Word.WS true
                                                 (Word.WS true
                                                 (Word.WS true
                                                 (Word.WS true
                                                 (Word.WS true
                                                 (Word.WS true (...))))))))))))))))))))));
uint32_t x740 = x738 + x739;
uint32_t x741 = x722 &
                Const
                  (Word.WS true
                     (Word.WS true
                        (Word.WS true
                           (Word.WS true
                              (Word.WS true
                                 (Word.WS true
                                    (Word.WS true
                                       (Word.WS true
                                          (Word.WS true
                                             (Word.WS true
                                                (Word.WS true
                                                 (Word.WS true
                                                 (Word.WS true
                                                 (Word.WS true
                                                 (Word.WS true
                                                 (Word.WS true
                                                 (Word.WS true
                                                 (Word.WS true
                                                 (Word.WS true
                                                 (Word.WS true
                                                 (Word.WS true (...))))))))))))))))))))));
uint32_t x742 = x719 &
                Const
                  (Word.WS true
                     (Word.WS true
                        (Word.WS true
                           (Word.WS true
                              (Word.WS true
                                 (Word.WS true
                                    (Word.WS true
                                       (Word.WS true
                                          (Word.WS true
                                             (Word.WS true
                                                (Word.WS true
                                                 (Word.WS true
                                                 (Word.WS true
                                                 (Word.WS true
                                                 (Word.WS true
                                                 (Word.WS true
                                                 (Word.WS true
                                                 (Word.WS true
                                                 (Word.WS true
                                                 (Word.WS true
                                                 (Word.WS true (...))))))))))))))))))))));
(Return x723, Return x724, Return x725, Return x726, 
Return x727, Return x728, Return x729, Return x730, 
Return x731, Return x732, Return x733, Return x734, 
Return x735, Return x736, Return x737, Return x740, 
Return x741, Return x742)
     : C_like
