square = λ var : Z.Syntax.base_type → Type,
λ '(x10, x11, x9, x7, x5, x3, x1)%core,
uint128_t x12 = ((uint128_t)x10 * x10);
uint128_t x13 = (((uint128_t)x11 * x10) + ((uint128_t)x10 * x11));
uint128_t x14 = (((uint128_t)x9 * x10) + (((uint128_t)x11 * x11) + ((uint128_t)x10 * x9)));
uint128_t x15 = (((uint128_t)x7 * x10) + (((uint128_t)x9 * x11) + (((uint128_t)x11 * x9) + ((uint128_t)x10 * x7))));
uint128_t x16 = (((uint128_t)x5 * x10) + (((uint128_t)x7 * x11) + (((uint128_t)x9 * x9) + (((uint128_t)x11 * x7) + ((uint128_t)x10 * x5)))));
uint128_t x17 = (((uint128_t)x3 * x10) + (((uint128_t)x5 * x11) + (((uint128_t)x7 * x9) + (((uint128_t)x9 * x7) + (((uint128_t)x11 * x5) + ((uint128_t)x10 * x3))))));
uint128_t x18 = (((uint128_t)x1 * x10) + (((uint128_t)x3 * x11) + (((uint128_t)x5 * x9) + (((uint128_t)x7 * x7) + (((uint128_t)x9 * x5) + (((uint128_t)x11 * x3) + ((uint128_t)x10 * x1)))))));
uint128_t x19 = (((uint128_t)x1 * x11) + (((uint128_t)x3 * x9) + (((uint128_t)x5 * x7) + (((uint128_t)x7 * x5) + (((uint128_t)x9 * x3) + ((uint128_t)x11 * x1))))));
uint128_t x20 = (((uint128_t)x1 * x9) + (((uint128_t)x3 * x7) + (((uint128_t)x5 * x5) + (((uint128_t)x7 * x3) + ((uint128_t)x9 * x1)))));
uint128_t x21 = (((uint128_t)x1 * x7) + (((uint128_t)x3 * x5) + (((uint128_t)x5 * x3) + ((uint128_t)x7 * x1))));
uint128_t x22 = (((uint128_t)x1 * x5) + (((uint128_t)x3 * x3) + ((uint128_t)x5 * x1)));
uint128_t x23 = (((uint128_t)x1 * x3) + ((uint128_t)x3 * x1));
uint128_t x24 = ((uint128_t)x1 * x1);
uint128_t x25 = (x19 + (0x3 * x12));
uint128_t x26 = (x20 + (0x3 * x13));
uint128_t x27 = (x21 + (0x3 * x14));
uint128_t x28 = (x22 + (0x3 * x15));
uint128_t x29 = (x23 + (0x3 * x16));
uint128_t x30 = (x24 + (0x3 * x17));
uint64_t x31 = (uint64_t) (x30 >> 0x30);
uint64_t x32 = ((uint64_t)x30 & 0xffffffffffff);
uint128_t x33 = (x31 + x29);
uint64_t x34 = (uint64_t) (x33 >> 0x30);
uint64_t x35 = ((uint64_t)x33 & 0xffffffffffff);
uint128_t x36 = (x34 + x28);
uint64_t x37 = (uint64_t) (x36 >> 0x30);
uint64_t x38 = ((uint64_t)x36 & 0xffffffffffff);
uint128_t x39 = (x37 + x27);
uint64_t x40 = (uint64_t) (x39 >> 0x30);
uint64_t x41 = ((uint64_t)x39 & 0xffffffffffff);
uint128_t x42 = (x40 + x26);
uint64_t x43 = (uint64_t) (x42 >> 0x30);
uint64_t x44 = ((uint64_t)x42 & 0xffffffffffff);
uint128_t x45 = (x43 + x25);
uint64_t x46 = (uint64_t) (x45 >> 0x30);
uint64_t x47 = ((uint64_t)x45 & 0xffffffffffff);
uint128_t x48 = (x46 + x18);
uint64_t x49 = (uint64_t) (x48 >> 0x30);
uint64_t x50 = ((uint64_t)x48 & 0xffffffffffff);
uint64_t x51 = (x32 + (0x3 * x49));
uint64_t x52 = (x51 >> 0x30);
uint64_t x53 = (x51 & 0xffffffffffff);
uint64_t x54 = (x52 + x35);
uint64_t x55 = (x54 >> 0x30);
uint64_t x56 = (x54 & 0xffffffffffff);
return (Return x50, Return x47, Return x44, Return x41, (x55 + x38), Return x56, Return x53)
     : ∀ var : Z.Syntax.base_type → Type, expr Z.Syntax.base_type Z.Syntax.op (uint64_t * uint64_t * uint64_t * uint64_t * uint64_t * uint64_t * uint64_t -> uint64_t * uint64_t * uint64_t * uint64_t * uint64_t * uint64_t * uint64_t)

Argument scope is [function_scope]
