mul = λ var : Z.Syntax.base_type → Type,
λ '(x46, x47, x45, x43, x41, x39, x37, x35, x33, x31, x29, x27, x25, x23, x21, x19, x17, x15, x13, x11, x9, x7, x5, x3, (x92, x93, x91, x89, x87, x85, x83, x81, x79, x77, x75, x73, x71, x69, x67, x65, x63, x61, x59, x57, x55, x53, x51, x49))%core,
uint64_t x94 = ((uint64_t)x46 * x92);
uint64_t x95 = ((0x2 * ((uint64_t)x47 * x92)) + (0x2 * ((uint64_t)x46 * x93)));
uint64_t x96 = (((uint64_t)x45 * x92) + ((0x2 * ((uint64_t)x47 * x93)) + ((uint64_t)x46 * x91)));
uint64_t x97 = (((uint64_t)x43 * x92) + (((uint64_t)x45 * x93) + (((uint64_t)x47 * x91) + ((uint64_t)x46 * x89))));
uint64_t x98 = ((0x2 * ((uint64_t)x41 * x92)) + ((0x2 * ((uint64_t)x43 * x93)) + (((uint64_t)x45 * x91) + ((0x2 * ((uint64_t)x47 * x89)) + (0x2 * ((uint64_t)x46 * x87))))));
uint64_t x99 = (((uint64_t)x39 * x92) + ((0x2 * ((uint64_t)x41 * x93)) + (((uint64_t)x43 * x91) + (((uint64_t)x45 * x89) + ((0x2 * ((uint64_t)x47 * x87)) + ((uint64_t)x46 * x85))))));
uint64_t x100 = (((uint64_t)x37 * x92) + (((uint64_t)x39 * x93) + (((uint64_t)x41 * x91) + (((uint64_t)x43 * x89) + (((uint64_t)x45 * x87) + (((uint64_t)x47 * x85) + ((uint64_t)x46 * x83)))))));
uint64_t x101 = ((0x2 * ((uint64_t)x35 * x92)) + ((0x2 * ((uint64_t)x37 * x93)) + (((uint64_t)x39 * x91) + ((0x2 * ((uint64_t)x41 * x89)) + ((0x2 * ((uint64_t)x43 * x87)) + (((uint64_t)x45 * x85) + ((0x2 * ((uint64_t)x47 * x83)) + (0x2 * ((uint64_t)x46 * x81)))))))));
uint64_t x102 = (((uint64_t)x33 * x92) + ((0x2 * ((uint64_t)x35 * x93)) + (((uint64_t)x37 * x91) + (((uint64_t)x39 * x89) + ((0x2 * ((uint64_t)x41 * x87)) + (((uint64_t)x43 * x85) + (((uint64_t)x45 * x83) + ((0x2 * ((uint64_t)x47 * x81)) + ((uint64_t)x46 * x79)))))))));
uint64_t x103 = (((uint64_t)x31 * x92) + (((uint64_t)x33 * x93) + (((uint64_t)x35 * x91) + (((uint64_t)x37 * x89) + (((uint64_t)x39 * x87) + (((uint64_t)x41 * x85) + (((uint64_t)x43 * x83) + (((uint64_t)x45 * x81) + (((uint64_t)x47 * x79) + ((uint64_t)x46 * x77))))))))));
uint64_t x104 = ((0x2 * ((uint64_t)x29 * x92)) + ((0x2 * ((uint64_t)x31 * x93)) + (((uint64_t)x33 * x91) + ((0x2 * ((uint64_t)x35 * x89)) + ((0x2 * ((uint64_t)x37 * x87)) + (((uint64_t)x39 * x85) + ((0x2 * ((uint64_t)x41 * x83)) + ((0x2 * ((uint64_t)x43 * x81)) + (((uint64_t)x45 * x79) + ((0x2 * ((uint64_t)x47 * x77)) + (0x2 * ((uint64_t)x46 * x75))))))))))));
uint64_t x105 = (((uint64_t)x27 * x92) + ((0x2 * ((uint64_t)x29 * x93)) + (((uint64_t)x31 * x91) + (((uint64_t)x33 * x89) + ((0x2 * ((uint64_t)x35 * x87)) + (((uint64_t)x37 * x85) + (((uint64_t)x39 * x83) + ((0x2 * ((uint64_t)x41 * x81)) + (((uint64_t)x43 * x79) + (((uint64_t)x45 * x77) + ((0x2 * ((uint64_t)x47 * x75)) + ((uint64_t)x46 * x73))))))))))));
uint64_t x106 = (((uint64_t)x25 * x92) + (((uint64_t)x27 * x93) + (((uint64_t)x29 * x91) + (((uint64_t)x31 * x89) + (((uint64_t)x33 * x87) + (((uint64_t)x35 * x85) + (((uint64_t)x37 * x83) + (((uint64_t)x39 * x81) + (((uint64_t)x41 * x79) + (((uint64_t)x43 * x77) + (((uint64_t)x45 * x75) + (((uint64_t)x47 * x73) + ((uint64_t)x46 * x71)))))))))))));
uint64_t x107 = ((0x2 * ((uint64_t)x23 * x92)) + ((0x2 * ((uint64_t)x25 * x93)) + (((uint64_t)x27 * x91) + ((0x2 * ((uint64_t)x29 * x89)) + ((0x2 * ((uint64_t)x31 * x87)) + (((uint64_t)x33 * x85) + ((0x2 * ((uint64_t)x35 * x83)) + ((0x2 * ((uint64_t)x37 * x81)) + (((uint64_t)x39 * x79) + ((0x2 * ((uint64_t)x41 * x77)) + ((0x2 * ((uint64_t)x43 * x75)) + (((uint64_t)x45 * x73) + ((0x2 * ((uint64_t)x47 * x71)) + (0x2 * ((uint64_t)x46 * x69)))))))))))))));
uint64_t x108 = (((uint64_t)x21 * x92) + ((0x2 * ((uint64_t)x23 * x93)) + (((uint64_t)x25 * x91) + (((uint64_t)x27 * x89) + ((0x2 * ((uint64_t)x29 * x87)) + (((uint64_t)x31 * x85) + (((uint64_t)x33 * x83) + ((0x2 * ((uint64_t)x35 * x81)) + (((uint64_t)x37 * x79) + (((uint64_t)x39 * x77) + ((0x2 * ((uint64_t)x41 * x75)) + (((uint64_t)x43 * x73) + (((uint64_t)x45 * x71) + ((0x2 * ((uint64_t)x47 * x69)) + ((uint64_t)x46 * x67)))))))))))))));
uint64_t x109 = (((uint64_t)x19 * x92) + (((uint64_t)x21 * x93) + (((uint64_t)x23 * x91) + (((uint64_t)x25 * x89) + (((uint64_t)x27 * x87) + (((uint64_t)x29 * x85) + (((uint64_t)x31 * x83) + (((uint64_t)x33 * x81) + (((uint64_t)x35 * x79) + (((uint64_t)x37 * x77) + (((uint64_t)x39 * x75) + (((uint64_t)x41 * x73) + (((uint64_t)x43 * x71) + (((uint64_t)x45 * x69) + (((uint64_t)x47 * x67) + ((uint64_t)x46 * x65))))))))))))))));
uint64_t x110 = ((0x2 * ((uint64_t)x17 * x92)) + ((0x2 * ((uint64_t)x19 * x93)) + (((uint64_t)x21 * x91) + ((0x2 * ((uint64_t)x23 * x89)) + ((0x2 * ((uint64_t)x25 * x87)) + (((uint64_t)x27 * x85) + ((0x2 * ((uint64_t)x29 * x83)) + ((0x2 * ((uint64_t)x31 * x81)) + (((uint64_t)x33 * x79) + ((0x2 * ((uint64_t)x35 * x77)) + ((0x2 * ((uint64_t)x37 * x75)) + (((uint64_t)x39 * x73) + ((0x2 * ((uint64_t)x41 * x71)) + ((0x2 * ((uint64_t)x43 * x69)) + (((uint64_t)x45 * x67) + ((0x2 * ((uint64_t)x47 * x65)) + (0x2 * ((uint64_t)x46 * x63))))))))))))))))));
uint64_t x111 = (((uint64_t)x15 * x92) + ((0x2 * ((uint64_t)x17 * x93)) + (((uint64_t)x19 * x91) + (((uint64_t)x21 * x89) + ((0x2 * ((uint64_t)x23 * x87)) + (((uint64_t)x25 * x85) + (((uint64_t)x27 * x83) + ((0x2 * ((uint64_t)x29 * x81)) + (((uint64_t)x31 * x79) + (((uint64_t)x33 * x77) + ((0x2 * ((uint64_t)x35 * x75)) + (((uint64_t)x37 * x73) + (((uint64_t)x39 * x71) + ((0x2 * ((uint64_t)x41 * x69)) + (((uint64_t)x43 * x67) + (((uint64_t)x45 * x65) + ((0x2 * ((uint64_t)x47 * x63)) + ((uint64_t)x46 * x61))))))))))))))))));
uint64_t x112 = (((uint64_t)x13 * x92) + (((uint64_t)x15 * x93) + (((uint64_t)x17 * x91) + (((uint64_t)x19 * x89) + (((uint64_t)x21 * x87) + (((uint64_t)x23 * x85) + (((uint64_t)x25 * x83) + (((uint64_t)x27 * x81) + (((uint64_t)x29 * x79) + (((uint64_t)x31 * x77) + (((uint64_t)x33 * x75) + (((uint64_t)x35 * x73) + (((uint64_t)x37 * x71) + (((uint64_t)x39 * x69) + (((uint64_t)x41 * x67) + (((uint64_t)x43 * x65) + (((uint64_t)x45 * x63) + (((uint64_t)x47 * x61) + ((uint64_t)x46 * x59)))))))))))))))))));
uint64_t x113 = ((0x2 * ((uint64_t)x11 * x92)) + ((0x2 * ((uint64_t)x13 * x93)) + (((uint64_t)x15 * x91) + ((0x2 * ((uint64_t)x17 * x89)) + ((0x2 * ((uint64_t)x19 * x87)) + (((uint64_t)x21 * x85) + ((0x2 * ((uint64_t)x23 * x83)) + ((0x2 * ((uint64_t)x25 * x81)) + (((uint64_t)x27 * x79) + ((0x2 * ((uint64_t)x29 * x77)) + ((0x2 * ((uint64_t)x31 * x75)) + (((uint64_t)x33 * x73) + ((0x2 * ((uint64_t)x35 * x71)) + ((0x2 * ((uint64_t)x37 * x69)) + (((uint64_t)x39 * x67) + ((0x2 * ((uint64_t)x41 * x65)) + ((0x2 * ((uint64_t)x43 * x63)) + (((uint64_t)x45 * x61) + ((0x2 * ((uint64_t)x47 * x59)) + (0x2 * ((uint64_t)x46 * x57)))))))))))))))))))));
uint64_t x114 = (((uint64_t)x9 * x92) + ((0x2 * ((uint64_t)x11 * x93)) + (((uint64_t)x13 * x91) + (((uint64_t)x15 * x89) + ((0x2 * ((uint64_t)x17 * x87)) + (((uint64_t)x19 * x85) + (((uint64_t)x21 * x83) + ((0x2 * ((uint64_t)x23 * x81)) + (((uint64_t)x25 * x79) + (((uint64_t)x27 * x77) + ((0x2 * ((uint64_t)x29 * x75)) + (((uint64_t)x31 * x73) + (((uint64_t)x33 * x71) + ((0x2 * ((uint64_t)x35 * x69)) + (((uint64_t)x37 * x67) + (((uint64_t)x39 * x65) + ((0x2 * ((uint64_t)x41 * x63)) + (((uint64_t)x43 * x61) + (((uint64_t)x45 * x59) + ((0x2 * ((uint64_t)x47 * x57)) + ((uint64_t)x46 * x55)))))))))))))))))))));
uint64_t x115 = (((uint64_t)x7 * x92) + (((uint64_t)x9 * x93) + (((uint64_t)x11 * x91) + (((uint64_t)x13 * x89) + (((uint64_t)x15 * x87) + (((uint64_t)x17 * x85) + (((uint64_t)x19 * x83) + (((uint64_t)x21 * x81) + (((uint64_t)x23 * x79) + (((uint64_t)x25 * x77) + (((uint64_t)x27 * x75) + (((uint64_t)x29 * x73) + (((uint64_t)x31 * x71) + (((uint64_t)x33 * x69) + (((uint64_t)x35 * x67) + (((uint64_t)x37 * x65) + (((uint64_t)x39 * x63) + (((uint64_t)x41 * x61) + (((uint64_t)x43 * x59) + (((uint64_t)x45 * x57) + (((uint64_t)x47 * x55) + ((uint64_t)x46 * x53))))))))))))))))))))));
uint64_t x116 = ((0x2 * ((uint64_t)x5 * x92)) + ((0x2 * ((uint64_t)x7 * x93)) + (((uint64_t)x9 * x91) + ((0x2 * ((uint64_t)x11 * x89)) + ((0x2 * ((uint64_t)x13 * x87)) + (((uint64_t)x15 * x85) + ((0x2 * ((uint64_t)x17 * x83)) + ((0x2 * ((uint64_t)x19 * x81)) + (((uint64_t)x21 * x79) + ((0x2 * ((uint64_t)x23 * x77)) + ((0x2 * ((uint64_t)x25 * x75)) + (((uint64_t)x27 * x73) + ((0x2 * ((uint64_t)x29 * x71)) + ((0x2 * ((uint64_t)x31 * x69)) + (((uint64_t)x33 * x67) + ((0x2 * ((uint64_t)x35 * x65)) + ((0x2 * ((uint64_t)x37 * x63)) + (((uint64_t)x39 * x61) + ((0x2 * ((uint64_t)x41 * x59)) + ((0x2 * ((uint64_t)x43 * x57)) + (((uint64_t)x45 * x55) + ((0x2 * ((uint64_t)x47 * x53)) + (0x2 * ((uint64_t)x46 * x51))))))))))))))))))))))));
uint64_t x117 = (((uint64_t)x3 * x92) + ((0x2 * ((uint64_t)x5 * x93)) + (((uint64_t)x7 * x91) + (((uint64_t)x9 * x89) + ((0x2 * ((uint64_t)x11 * x87)) + (((uint64_t)x13 * x85) + (((uint64_t)x15 * x83) + ((0x2 * ((uint64_t)x17 * x81)) + (((uint64_t)x19 * x79) + (((uint64_t)x21 * x77) + ((0x2 * ((uint64_t)x23 * x75)) + (((uint64_t)x25 * x73) + (((uint64_t)x27 * x71) + ((0x2 * ((uint64_t)x29 * x69)) + (((uint64_t)x31 * x67) + (((uint64_t)x33 * x65) + ((0x2 * ((uint64_t)x35 * x63)) + (((uint64_t)x37 * x61) + (((uint64_t)x39 * x59) + ((0x2 * ((uint64_t)x41 * x57)) + (((uint64_t)x43 * x55) + (((uint64_t)x45 * x53) + ((0x2 * ((uint64_t)x47 * x51)) + ((uint64_t)x46 * x49))))))))))))))))))))))));
uint64_t x118 = (((uint64_t)x3 * x93) + (((uint64_t)x5 * x91) + (((uint64_t)x7 * x89) + (((uint64_t)x9 * x87) + (((uint64_t)x11 * x85) + (((uint64_t)x13 * x83) + (((uint64_t)x15 * x81) + (((uint64_t)x17 * x79) + (((uint64_t)x19 * x77) + (((uint64_t)x21 * x75) + (((uint64_t)x23 * x73) + (((uint64_t)x25 * x71) + (((uint64_t)x27 * x69) + (((uint64_t)x29 * x67) + (((uint64_t)x31 * x65) + (((uint64_t)x33 * x63) + (((uint64_t)x35 * x61) + (((uint64_t)x37 * x59) + (((uint64_t)x39 * x57) + (((uint64_t)x41 * x55) + (((uint64_t)x43 * x53) + (((uint64_t)x45 * x51) + ((uint64_t)x47 * x49)))))))))))))))))))))));
uint64_t x119 = (((uint64_t)x3 * x91) + ((0x2 * ((uint64_t)x5 * x89)) + ((0x2 * ((uint64_t)x7 * x87)) + (((uint64_t)x9 * x85) + ((0x2 * ((uint64_t)x11 * x83)) + ((0x2 * ((uint64_t)x13 * x81)) + (((uint64_t)x15 * x79) + ((0x2 * ((uint64_t)x17 * x77)) + ((0x2 * ((uint64_t)x19 * x75)) + (((uint64_t)x21 * x73) + ((0x2 * ((uint64_t)x23 * x71)) + ((0x2 * ((uint64_t)x25 * x69)) + (((uint64_t)x27 * x67) + ((0x2 * ((uint64_t)x29 * x65)) + ((0x2 * ((uint64_t)x31 * x63)) + (((uint64_t)x33 * x61) + ((0x2 * ((uint64_t)x35 * x59)) + ((0x2 * ((uint64_t)x37 * x57)) + (((uint64_t)x39 * x55) + ((0x2 * ((uint64_t)x41 * x53)) + ((0x2 * ((uint64_t)x43 * x51)) + ((uint64_t)x45 * x49))))))))))))))))))))));
uint64_t x120 = (((uint64_t)x3 * x89) + ((0x2 * ((uint64_t)x5 * x87)) + (((uint64_t)x7 * x85) + (((uint64_t)x9 * x83) + ((0x2 * ((uint64_t)x11 * x81)) + (((uint64_t)x13 * x79) + (((uint64_t)x15 * x77) + ((0x2 * ((uint64_t)x17 * x75)) + (((uint64_t)x19 * x73) + (((uint64_t)x21 * x71) + ((0x2 * ((uint64_t)x23 * x69)) + (((uint64_t)x25 * x67) + (((uint64_t)x27 * x65) + ((0x2 * ((uint64_t)x29 * x63)) + (((uint64_t)x31 * x61) + (((uint64_t)x33 * x59) + ((0x2 * ((uint64_t)x35 * x57)) + (((uint64_t)x37 * x55) + (((uint64_t)x39 * x53) + ((0x2 * ((uint64_t)x41 * x51)) + ((uint64_t)x43 * x49)))))))))))))))))))));
uint64_t x121 = (((uint64_t)x3 * x87) + (((uint64_t)x5 * x85) + (((uint64_t)x7 * x83) + (((uint64_t)x9 * x81) + (((uint64_t)x11 * x79) + (((uint64_t)x13 * x77) + (((uint64_t)x15 * x75) + (((uint64_t)x17 * x73) + (((uint64_t)x19 * x71) + (((uint64_t)x21 * x69) + (((uint64_t)x23 * x67) + (((uint64_t)x25 * x65) + (((uint64_t)x27 * x63) + (((uint64_t)x29 * x61) + (((uint64_t)x31 * x59) + (((uint64_t)x33 * x57) + (((uint64_t)x35 * x55) + (((uint64_t)x37 * x53) + (((uint64_t)x39 * x51) + ((uint64_t)x41 * x49))))))))))))))))))));
uint64_t x122 = (((uint64_t)x3 * x85) + ((0x2 * ((uint64_t)x5 * x83)) + ((0x2 * ((uint64_t)x7 * x81)) + (((uint64_t)x9 * x79) + ((0x2 * ((uint64_t)x11 * x77)) + ((0x2 * ((uint64_t)x13 * x75)) + (((uint64_t)x15 * x73) + ((0x2 * ((uint64_t)x17 * x71)) + ((0x2 * ((uint64_t)x19 * x69)) + (((uint64_t)x21 * x67) + ((0x2 * ((uint64_t)x23 * x65)) + ((0x2 * ((uint64_t)x25 * x63)) + (((uint64_t)x27 * x61) + ((0x2 * ((uint64_t)x29 * x59)) + ((0x2 * ((uint64_t)x31 * x57)) + (((uint64_t)x33 * x55) + ((0x2 * ((uint64_t)x35 * x53)) + ((0x2 * ((uint64_t)x37 * x51)) + ((uint64_t)x39 * x49)))))))))))))))))));
uint64_t x123 = (((uint64_t)x3 * x83) + ((0x2 * ((uint64_t)x5 * x81)) + (((uint64_t)x7 * x79) + (((uint64_t)x9 * x77) + ((0x2 * ((uint64_t)x11 * x75)) + (((uint64_t)x13 * x73) + (((uint64_t)x15 * x71) + ((0x2 * ((uint64_t)x17 * x69)) + (((uint64_t)x19 * x67) + (((uint64_t)x21 * x65) + ((0x2 * ((uint64_t)x23 * x63)) + (((uint64_t)x25 * x61) + (((uint64_t)x27 * x59) + ((0x2 * ((uint64_t)x29 * x57)) + (((uint64_t)x31 * x55) + (((uint64_t)x33 * x53) + ((0x2 * ((uint64_t)x35 * x51)) + ((uint64_t)x37 * x49))))))))))))))))));
uint64_t x124 = (((uint64_t)x3 * x81) + (((uint64_t)x5 * x79) + (((uint64_t)x7 * x77) + (((uint64_t)x9 * x75) + (((uint64_t)x11 * x73) + (((uint64_t)x13 * x71) + (((uint64_t)x15 * x69) + (((uint64_t)x17 * x67) + (((uint64_t)x19 * x65) + (((uint64_t)x21 * x63) + (((uint64_t)x23 * x61) + (((uint64_t)x25 * x59) + (((uint64_t)x27 * x57) + (((uint64_t)x29 * x55) + (((uint64_t)x31 * x53) + (((uint64_t)x33 * x51) + ((uint64_t)x35 * x49)))))))))))))))));
uint64_t x125 = (((uint64_t)x3 * x79) + ((0x2 * ((uint64_t)x5 * x77)) + ((0x2 * ((uint64_t)x7 * x75)) + (((uint64_t)x9 * x73) + ((0x2 * ((uint64_t)x11 * x71)) + ((0x2 * ((uint64_t)x13 * x69)) + (((uint64_t)x15 * x67) + ((0x2 * ((uint64_t)x17 * x65)) + ((0x2 * ((uint64_t)x19 * x63)) + (((uint64_t)x21 * x61) + ((0x2 * ((uint64_t)x23 * x59)) + ((0x2 * ((uint64_t)x25 * x57)) + (((uint64_t)x27 * x55) + ((0x2 * ((uint64_t)x29 * x53)) + ((0x2 * ((uint64_t)x31 * x51)) + ((uint64_t)x33 * x49))))))))))))))));
uint64_t x126 = (((uint64_t)x3 * x77) + ((0x2 * ((uint64_t)x5 * x75)) + (((uint64_t)x7 * x73) + (((uint64_t)x9 * x71) + ((0x2 * ((uint64_t)x11 * x69)) + (((uint64_t)x13 * x67) + (((uint64_t)x15 * x65) + ((0x2 * ((uint64_t)x17 * x63)) + (((uint64_t)x19 * x61) + (((uint64_t)x21 * x59) + ((0x2 * ((uint64_t)x23 * x57)) + (((uint64_t)x25 * x55) + (((uint64_t)x27 * x53) + ((0x2 * ((uint64_t)x29 * x51)) + ((uint64_t)x31 * x49)))))))))))))));
uint64_t x127 = (((uint64_t)x3 * x75) + (((uint64_t)x5 * x73) + (((uint64_t)x7 * x71) + (((uint64_t)x9 * x69) + (((uint64_t)x11 * x67) + (((uint64_t)x13 * x65) + (((uint64_t)x15 * x63) + (((uint64_t)x17 * x61) + (((uint64_t)x19 * x59) + (((uint64_t)x21 * x57) + (((uint64_t)x23 * x55) + (((uint64_t)x25 * x53) + (((uint64_t)x27 * x51) + ((uint64_t)x29 * x49))))))))))))));
uint64_t x128 = (((uint64_t)x3 * x73) + ((0x2 * ((uint64_t)x5 * x71)) + ((0x2 * ((uint64_t)x7 * x69)) + (((uint64_t)x9 * x67) + ((0x2 * ((uint64_t)x11 * x65)) + ((0x2 * ((uint64_t)x13 * x63)) + (((uint64_t)x15 * x61) + ((0x2 * ((uint64_t)x17 * x59)) + ((0x2 * ((uint64_t)x19 * x57)) + (((uint64_t)x21 * x55) + ((0x2 * ((uint64_t)x23 * x53)) + ((0x2 * ((uint64_t)x25 * x51)) + ((uint64_t)x27 * x49)))))))))))));
uint64_t x129 = (((uint64_t)x3 * x71) + ((0x2 * ((uint64_t)x5 * x69)) + (((uint64_t)x7 * x67) + (((uint64_t)x9 * x65) + ((0x2 * ((uint64_t)x11 * x63)) + (((uint64_t)x13 * x61) + (((uint64_t)x15 * x59) + ((0x2 * ((uint64_t)x17 * x57)) + (((uint64_t)x19 * x55) + (((uint64_t)x21 * x53) + ((0x2 * ((uint64_t)x23 * x51)) + ((uint64_t)x25 * x49))))))))))));
uint64_t x130 = (((uint64_t)x3 * x69) + (((uint64_t)x5 * x67) + (((uint64_t)x7 * x65) + (((uint64_t)x9 * x63) + (((uint64_t)x11 * x61) + (((uint64_t)x13 * x59) + (((uint64_t)x15 * x57) + (((uint64_t)x17 * x55) + (((uint64_t)x19 * x53) + (((uint64_t)x21 * x51) + ((uint64_t)x23 * x49)))))))))));
uint64_t x131 = (((uint64_t)x3 * x67) + ((0x2 * ((uint64_t)x5 * x65)) + ((0x2 * ((uint64_t)x7 * x63)) + (((uint64_t)x9 * x61) + ((0x2 * ((uint64_t)x11 * x59)) + ((0x2 * ((uint64_t)x13 * x57)) + (((uint64_t)x15 * x55) + ((0x2 * ((uint64_t)x17 * x53)) + ((0x2 * ((uint64_t)x19 * x51)) + ((uint64_t)x21 * x49))))))))));
uint64_t x132 = (((uint64_t)x3 * x65) + ((0x2 * ((uint64_t)x5 * x63)) + (((uint64_t)x7 * x61) + (((uint64_t)x9 * x59) + ((0x2 * ((uint64_t)x11 * x57)) + (((uint64_t)x13 * x55) + (((uint64_t)x15 * x53) + ((0x2 * ((uint64_t)x17 * x51)) + ((uint64_t)x19 * x49)))))))));
uint64_t x133 = (((uint64_t)x3 * x63) + (((uint64_t)x5 * x61) + (((uint64_t)x7 * x59) + (((uint64_t)x9 * x57) + (((uint64_t)x11 * x55) + (((uint64_t)x13 * x53) + (((uint64_t)x15 * x51) + ((uint64_t)x17 * x49))))))));
uint64_t x134 = (((uint64_t)x3 * x61) + ((0x2 * ((uint64_t)x5 * x59)) + ((0x2 * ((uint64_t)x7 * x57)) + (((uint64_t)x9 * x55) + ((0x2 * ((uint64_t)x11 * x53)) + ((0x2 * ((uint64_t)x13 * x51)) + ((uint64_t)x15 * x49)))))));
uint64_t x135 = (((uint64_t)x3 * x59) + ((0x2 * ((uint64_t)x5 * x57)) + (((uint64_t)x7 * x55) + (((uint64_t)x9 * x53) + ((0x2 * ((uint64_t)x11 * x51)) + ((uint64_t)x13 * x49))))));
uint64_t x136 = (((uint64_t)x3 * x57) + (((uint64_t)x5 * x55) + (((uint64_t)x7 * x53) + (((uint64_t)x9 * x51) + ((uint64_t)x11 * x49)))));
uint64_t x137 = (((uint64_t)x3 * x55) + ((0x2 * ((uint64_t)x5 * x53)) + ((0x2 * ((uint64_t)x7 * x51)) + ((uint64_t)x9 * x49))));
uint64_t x138 = (((uint64_t)x3 * x53) + ((0x2 * ((uint64_t)x5 * x51)) + ((uint64_t)x7 * x49)));
uint64_t x139 = (((uint64_t)x3 * x51) + ((uint64_t)x5 * x49));
uint64_t x140 = ((uint64_t)x3 * x49);
uint64_t x141 = (x118 + (0x239 * x94));
uint64_t x142 = (x119 + (0x239 * x95));
uint64_t x143 = (x120 + (0x239 * x96));
uint64_t x144 = (x121 + (0x239 * x97));
uint64_t x145 = (x122 + (0x239 * x98));
uint64_t x146 = (x123 + (0x239 * x99));
uint64_t x147 = (x124 + (0x239 * x100));
uint64_t x148 = (x125 + (0x239 * x101));
uint64_t x149 = (x126 + (0x239 * x102));
uint64_t x150 = (x127 + (0x239 * x103));
uint64_t x151 = (x128 + (0x239 * x104));
uint64_t x152 = (x129 + (0x239 * x105));
uint64_t x153 = (x130 + (0x239 * x106));
uint64_t x154 = (x131 + (0x239 * x107));
uint64_t x155 = (x132 + (0x239 * x108));
uint64_t x156 = (x133 + (0x239 * x109));
uint64_t x157 = (x134 + (0x239 * x110));
uint64_t x158 = (x135 + (0x239 * x111));
uint64_t x159 = (x136 + (0x239 * x112));
uint64_t x160 = (x137 + (0x239 * x113));
uint64_t x161 = (x138 + (0x239 * x114));
uint64_t x162 = (x139 + (0x239 * x115));
uint64_t x163 = (x140 + (0x239 * x116));
uint64_t x164 = (x163 >> 0x16);
uint32_t x165 = ((uint32_t)x163 & 0x3fffff);
uint64_t x166 = (x164 + x162);
uint64_t x167 = (x166 >> 0x15);
uint32_t x168 = ((uint32_t)x166 & 0x1fffff);
uint64_t x169 = (x167 + x161);
uint64_t x170 = (x169 >> 0x15);
uint32_t x171 = ((uint32_t)x169 & 0x1fffff);
uint64_t x172 = (x170 + x160);
uint64_t x173 = (x172 >> 0x16);
uint32_t x174 = ((uint32_t)x172 & 0x3fffff);
uint64_t x175 = (x173 + x159);
uint64_t x176 = (x175 >> 0x15);
uint32_t x177 = ((uint32_t)x175 & 0x1fffff);
uint64_t x178 = (x176 + x158);
uint64_t x179 = (x178 >> 0x15);
uint32_t x180 = ((uint32_t)x178 & 0x1fffff);
uint64_t x181 = (x179 + x157);
uint64_t x182 = (x181 >> 0x16);
uint32_t x183 = ((uint32_t)x181 & 0x3fffff);
uint64_t x184 = (x182 + x156);
uint64_t x185 = (x184 >> 0x15);
uint32_t x186 = ((uint32_t)x184 & 0x1fffff);
uint64_t x187 = (x185 + x155);
uint64_t x188 = (x187 >> 0x15);
uint32_t x189 = ((uint32_t)x187 & 0x1fffff);
uint64_t x190 = (x188 + x154);
uint64_t x191 = (x190 >> 0x16);
uint32_t x192 = ((uint32_t)x190 & 0x3fffff);
uint64_t x193 = (x191 + x153);
uint64_t x194 = (x193 >> 0x15);
uint32_t x195 = ((uint32_t)x193 & 0x1fffff);
uint64_t x196 = (x194 + x152);
uint64_t x197 = (x196 >> 0x15);
uint32_t x198 = ((uint32_t)x196 & 0x1fffff);
uint64_t x199 = (x197 + x151);
uint64_t x200 = (x199 >> 0x16);
uint32_t x201 = ((uint32_t)x199 & 0x3fffff);
uint64_t x202 = (x200 + x150);
uint64_t x203 = (x202 >> 0x15);
uint32_t x204 = ((uint32_t)x202 & 0x1fffff);
uint64_t x205 = (x203 + x149);
uint64_t x206 = (x205 >> 0x15);
uint32_t x207 = ((uint32_t)x205 & 0x1fffff);
uint64_t x208 = (x206 + x148);
uint64_t x209 = (x208 >> 0x16);
uint32_t x210 = ((uint32_t)x208 & 0x3fffff);
uint64_t x211 = (x209 + x147);
uint64_t x212 = (x211 >> 0x15);
uint32_t x213 = ((uint32_t)x211 & 0x1fffff);
uint64_t x214 = (x212 + x146);
uint64_t x215 = (x214 >> 0x15);
uint32_t x216 = ((uint32_t)x214 & 0x1fffff);
uint64_t x217 = (x215 + x145);
uint64_t x218 = (x217 >> 0x16);
uint32_t x219 = ((uint32_t)x217 & 0x3fffff);
uint64_t x220 = (x218 + x144);
uint64_t x221 = (x220 >> 0x15);
uint32_t x222 = ((uint32_t)x220 & 0x1fffff);
uint64_t x223 = (x221 + x143);
uint64_t x224 = (x223 >> 0x15);
uint32_t x225 = ((uint32_t)x223 & 0x1fffff);
uint64_t x226 = (x224 + x142);
uint64_t x227 = (x226 >> 0x16);
uint32_t x228 = ((uint32_t)x226 & 0x3fffff);
uint64_t x229 = (x227 + x141);
uint64_t x230 = (x229 >> 0x15);
uint32_t x231 = ((uint32_t)x229 & 0x1fffff);
uint64_t x232 = (x230 + x117);
uint32_t x233 = (uint32_t) (x232 >> 0x15);
uint32_t x234 = ((uint32_t)x232 & 0x1fffff);
uint64_t x235 = (x165 + ((uint64_t)0x239 * x233));
uint32_t x236 = (uint32_t) (x235 >> 0x16);
uint32_t x237 = ((uint32_t)x235 & 0x3fffff);
uint32_t x238 = (x236 + x168);
uint32_t x239 = (x238 >> 0x15);
uint32_t x240 = (x238 & 0x1fffff);
return (Return x234, Return x231, Return x228, Return x225, Return x222, Return x219, Return x216, Return x213, Return x210, Return x207, Return x204, Return x201, Return x198, Return x195, Return x192, Return x189, Return x186, Return x183, Return x180, Return x177, Return x174, (x239 + x171), Return x240, Return x237)
     : ∀ var : Z.Syntax.base_type → Type, expr Z.Syntax.base_type Z.Syntax.op (uint32_t * uint32_t * uint32_t * uint32_t * uint32_t * uint32_t * uint32_t * uint32_t * uint32_t * uint32_t * uint32_t * uint32_t * uint32_t * uint32_t * uint32_t * uint32_t * uint32_t * uint32_t * uint32_t * uint32_t * uint32_t * uint32_t * uint32_t * uint32_t * (uint32_t * uint32_t * uint32_t * uint32_t * uint32_t * uint32_t * uint32_t * uint32_t * uint32_t * uint32_t * uint32_t * uint32_t * uint32_t * uint32_t * uint32_t * uint32_t * uint32_t * uint32_t * uint32_t * uint32_t * uint32_t * uint32_t * uint32_t * uint32_t) -> uint32_t * uint32_t * uint32_t * uint32_t * uint32_t * uint32_t * uint32_t * uint32_t * uint32_t * uint32_t * uint32_t * uint32_t * uint32_t * uint32_t * uint32_t * uint32_t * uint32_t * uint32_t * uint32_t * uint32_t * uint32_t * uint32_t * uint32_t * uint32_t)

Argument scope is [function_scope]
