freeze = λ var : Z.Syntax.base_type → Type,
λ '(x14, x15, x13, x11, x9, x7, x5, x3, x1)%core,
uint32_t x17, uint32_t x18 = Op (Z.Syntax.SubWithGetBorrow 27 (Syntax.TWord 5) (Syntax.TWord 5) (Syntax.TWord 5) (Syntax.TWord 5) (Syntax.TWord 5)) (0x0, Return x1, 0x7fffff7);
uint32_t x20, uint32_t x21 = Op (Z.Syntax.SubWithGetBorrow 27 (Syntax.TWord 5) (Syntax.TWord 5) (Syntax.TWord 5) (Syntax.TWord 5) (Syntax.TWord 5)) (Return x18, Return x3, 0x7ffffff);
uint32_t x23, uint32_t x24 = Op (Z.Syntax.SubWithGetBorrow 27 (Syntax.TWord 5) (Syntax.TWord 5) (Syntax.TWord 5) (Syntax.TWord 5) (Syntax.TWord 5)) (Return x21, Return x5, 0x7ffffff);
uint32_t x26, uint32_t x27 = Op (Z.Syntax.SubWithGetBorrow 27 (Syntax.TWord 5) (Syntax.TWord 5) (Syntax.TWord 5) (Syntax.TWord 5) (Syntax.TWord 5)) (Return x24, Return x7, 0x7ffffff);
uint32_t x29, uint32_t x30 = Op (Z.Syntax.SubWithGetBorrow 27 (Syntax.TWord 5) (Syntax.TWord 5) (Syntax.TWord 5) (Syntax.TWord 5) (Syntax.TWord 5)) (Return x27, Return x9, 0x7ffffff);
uint32_t x32, uint32_t x33 = Op (Z.Syntax.SubWithGetBorrow 27 (Syntax.TWord 5) (Syntax.TWord 5) (Syntax.TWord 5) (Syntax.TWord 5) (Syntax.TWord 5)) (Return x30, Return x11, 0x7ffffff);
uint32_t x35, uint32_t x36 = Op (Z.Syntax.SubWithGetBorrow 27 (Syntax.TWord 5) (Syntax.TWord 5) (Syntax.TWord 5) (Syntax.TWord 5) (Syntax.TWord 5)) (Return x33, Return x13, 0x7ffffff);
uint32_t x38, uint32_t x39 = Op (Z.Syntax.SubWithGetBorrow 27 (Syntax.TWord 5) (Syntax.TWord 5) (Syntax.TWord 5) (Syntax.TWord 5) (Syntax.TWord 5)) (Return x36, Return x15, 0x7ffffff);
uint32_t x41, uint32_t x42 = Op (Z.Syntax.SubWithGetBorrow 27 (Syntax.TWord 5) (Syntax.TWord 5) (Syntax.TWord 5) (Syntax.TWord 5) (Syntax.TWord 5)) (Return x39, Return x14, 0x7ffffff);
uint32_t x43 = cmovznz32(x42, 0x0, 0xffffffff);
uint32_t x44 = (x43 & 0x7fffff7);
uint32_t x46, uint32_t x47 = Op (Z.Syntax.AddWithGetCarry 27 (Syntax.TWord 5) (Syntax.TWord 5) (Syntax.TWord 5) (Syntax.TWord 5) (Syntax.TWord 5)) (0x0, Return x17, Return x44);
uint32_t x48 = (x43 & 0x7ffffff);
uint32_t x50, uint32_t x51 = Op (Z.Syntax.AddWithGetCarry 27 (Syntax.TWord 5) (Syntax.TWord 5) (Syntax.TWord 5) (Syntax.TWord 5) (Syntax.TWord 5)) (Return x47, Return x20, Return x48);
uint32_t x52 = (x43 & 0x7ffffff);
uint32_t x54, uint32_t x55 = Op (Z.Syntax.AddWithGetCarry 27 (Syntax.TWord 5) (Syntax.TWord 5) (Syntax.TWord 5) (Syntax.TWord 5) (Syntax.TWord 5)) (Return x51, Return x23, Return x52);
uint32_t x56 = (x43 & 0x7ffffff);
uint32_t x58, uint32_t x59 = Op (Z.Syntax.AddWithGetCarry 27 (Syntax.TWord 5) (Syntax.TWord 5) (Syntax.TWord 5) (Syntax.TWord 5) (Syntax.TWord 5)) (Return x55, Return x26, Return x56);
uint32_t x60 = (x43 & 0x7ffffff);
uint32_t x62, uint32_t x63 = Op (Z.Syntax.AddWithGetCarry 27 (Syntax.TWord 5) (Syntax.TWord 5) (Syntax.TWord 5) (Syntax.TWord 5) (Syntax.TWord 5)) (Return x59, Return x29, Return x60);
uint32_t x64 = (x43 & 0x7ffffff);
uint32_t x66, uint32_t x67 = Op (Z.Syntax.AddWithGetCarry 27 (Syntax.TWord 5) (Syntax.TWord 5) (Syntax.TWord 5) (Syntax.TWord 5) (Syntax.TWord 5)) (Return x63, Return x32, Return x64);
uint32_t x68 = (x43 & 0x7ffffff);
uint32_t x70, uint32_t x71 = Op (Z.Syntax.AddWithGetCarry 27 (Syntax.TWord 5) (Syntax.TWord 5) (Syntax.TWord 5) (Syntax.TWord 5) (Syntax.TWord 5)) (Return x67, Return x35, Return x68);
uint32_t x72 = (x43 & 0x7ffffff);
uint32_t x74, uint32_t x75 = Op (Z.Syntax.AddWithGetCarry 27 (Syntax.TWord 5) (Syntax.TWord 5) (Syntax.TWord 5) (Syntax.TWord 5) (Syntax.TWord 5)) (Return x71, Return x38, Return x72);
uint32_t x76 = (x43 & 0x7ffffff);
uint32_t x78, uint32_t _ = Op (Z.Syntax.AddWithGetCarry 27 (Syntax.TWord 5) (Syntax.TWord 5) (Syntax.TWord 5) (Syntax.TWord 5) (Syntax.TWord 5)) (Return x75, Return x41, Return x76);
(Return x78, Return x74, Return x70, Return x66, Return x62, Return x58, Return x54, Return x50, Return x46)
     : ∀ var : Z.Syntax.base_type → Type, expr Z.Syntax.base_type Z.Syntax.op (uint32_t * uint32_t * uint32_t * uint32_t * uint32_t * uint32_t * uint32_t * uint32_t * uint32_t -> uint32_t * uint32_t * uint32_t * uint32_t * uint32_t * uint32_t * uint32_t * uint32_t * uint32_t)

Argument scope is [function_scope]
