mul = λ var : Z.Syntax.base_type → Type,
λ '(x24, x25, x23, x21, x19, x17, x15, x13, x11, x9, x7, x5, x3, (x48, x49, x47, x45, x43, x41, x39, x37, x35, x33, x31, x29, x27))%core,
uint64_t x50 = (0x2 * ((uint64_t)x24 * x48));
uint64_t x51 = ((0x2 * ((uint64_t)x25 * x48)) + (0x2 * ((uint64_t)x24 * x49)));
uint64_t x52 = ((0x2 * ((uint64_t)x23 * x48)) + ((0x2 * ((uint64_t)x25 * x49)) + (0x2 * ((uint64_t)x24 * x47))));
uint64_t x53 = ((0x2 * ((uint64_t)x21 * x48)) + ((0x2 * ((uint64_t)x23 * x49)) + ((0x2 * ((uint64_t)x25 * x47)) + (0x2 * ((uint64_t)x24 * x45)))));
uint64_t x54 = ((0x2 * ((uint64_t)x19 * x48)) + ((0x2 * ((uint64_t)x21 * x49)) + ((0x2 * ((uint64_t)x23 * x47)) + ((0x2 * ((uint64_t)x25 * x45)) + (0x2 * ((uint64_t)x24 * x43))))));
uint64_t x55 = (((uint64_t)x17 * x48) + (((uint64_t)x19 * x49) + (((uint64_t)x21 * x47) + (((uint64_t)x23 * x45) + (((uint64_t)x25 * x43) + ((uint64_t)x24 * x41))))));
uint64_t x56 = ((0x2 * ((uint64_t)x15 * x48)) + (((uint64_t)x17 * x49) + (((uint64_t)x19 * x47) + (((uint64_t)x21 * x45) + (((uint64_t)x23 * x43) + (((uint64_t)x25 * x41) + (0x2 * ((uint64_t)x24 * x39))))))));
uint64_t x57 = ((0x2 * ((uint64_t)x13 * x48)) + ((0x2 * ((uint64_t)x15 * x49)) + (((uint64_t)x17 * x47) + (((uint64_t)x19 * x45) + (((uint64_t)x21 * x43) + (((uint64_t)x23 * x41) + ((0x2 * ((uint64_t)x25 * x39)) + (0x2 * ((uint64_t)x24 * x37)))))))));
uint64_t x58 = ((0x2 * ((uint64_t)x11 * x48)) + ((0x2 * ((uint64_t)x13 * x49)) + ((0x2 * ((uint64_t)x15 * x47)) + (((uint64_t)x17 * x45) + (((uint64_t)x19 * x43) + (((uint64_t)x21 * x41) + ((0x2 * ((uint64_t)x23 * x39)) + ((0x2 * ((uint64_t)x25 * x37)) + (0x2 * ((uint64_t)x24 * x35))))))))));
uint64_t x59 = ((0x2 * ((uint64_t)x9 * x48)) + ((0x2 * ((uint64_t)x11 * x49)) + ((0x2 * ((uint64_t)x13 * x47)) + ((0x2 * ((uint64_t)x15 * x45)) + (((uint64_t)x17 * x43) + (((uint64_t)x19 * x41) + ((0x2 * ((uint64_t)x21 * x39)) + ((0x2 * ((uint64_t)x23 * x37)) + ((0x2 * ((uint64_t)x25 * x35)) + (0x2 * ((uint64_t)x24 * x33)))))))))));
uint64_t x60 = ((0x2 * ((uint64_t)x7 * x48)) + ((0x2 * ((uint64_t)x9 * x49)) + ((0x2 * ((uint64_t)x11 * x47)) + ((0x2 * ((uint64_t)x13 * x45)) + ((0x2 * ((uint64_t)x15 * x43)) + (((uint64_t)x17 * x41) + ((0x2 * ((uint64_t)x19 * x39)) + ((0x2 * ((uint64_t)x21 * x37)) + ((0x2 * ((uint64_t)x23 * x35)) + ((0x2 * ((uint64_t)x25 * x33)) + (0x2 * ((uint64_t)x24 * x31))))))))))));
uint64_t x61 = ((0x2 * ((uint64_t)x5 * x48)) + ((0x2 * ((uint64_t)x7 * x49)) + ((0x2 * ((uint64_t)x9 * x47)) + ((0x2 * ((uint64_t)x11 * x45)) + ((0x2 * ((uint64_t)x13 * x43)) + ((0x2 * ((uint64_t)x15 * x41)) + ((0x2 * ((uint64_t)x17 * x39)) + ((0x2 * ((uint64_t)x19 * x37)) + ((0x2 * ((uint64_t)x21 * x35)) + ((0x2 * ((uint64_t)x23 * x33)) + ((0x2 * ((uint64_t)x25 * x31)) + (0x2 * ((uint64_t)x24 * x29)))))))))))));
uint64_t x62 = (((uint64_t)x3 * x48) + (((uint64_t)x5 * x49) + (((uint64_t)x7 * x47) + (((uint64_t)x9 * x45) + (((uint64_t)x11 * x43) + (((uint64_t)x13 * x41) + ((0x2 * ((uint64_t)x15 * x39)) + (((uint64_t)x17 * x37) + (((uint64_t)x19 * x35) + (((uint64_t)x21 * x33) + (((uint64_t)x23 * x31) + (((uint64_t)x25 * x29) + ((uint64_t)x24 * x27)))))))))))));
uint64_t x63 = (((uint64_t)x3 * x49) + (((uint64_t)x5 * x47) + (((uint64_t)x7 * x45) + (((uint64_t)x9 * x43) + (((uint64_t)x11 * x41) + ((0x2 * ((uint64_t)x13 * x39)) + ((0x2 * ((uint64_t)x15 * x37)) + (((uint64_t)x17 * x35) + (((uint64_t)x19 * x33) + (((uint64_t)x21 * x31) + (((uint64_t)x23 * x29) + ((uint64_t)x25 * x27))))))))))));
uint64_t x64 = (((uint64_t)x3 * x47) + (((uint64_t)x5 * x45) + (((uint64_t)x7 * x43) + (((uint64_t)x9 * x41) + ((0x2 * ((uint64_t)x11 * x39)) + ((0x2 * ((uint64_t)x13 * x37)) + ((0x2 * ((uint64_t)x15 * x35)) + (((uint64_t)x17 * x33) + (((uint64_t)x19 * x31) + (((uint64_t)x21 * x29) + ((uint64_t)x23 * x27)))))))))));
uint64_t x65 = (((uint64_t)x3 * x45) + (((uint64_t)x5 * x43) + (((uint64_t)x7 * x41) + ((0x2 * ((uint64_t)x9 * x39)) + ((0x2 * ((uint64_t)x11 * x37)) + ((0x2 * ((uint64_t)x13 * x35)) + ((0x2 * ((uint64_t)x15 * x33)) + (((uint64_t)x17 * x31) + (((uint64_t)x19 * x29) + ((uint64_t)x21 * x27))))))))));
uint64_t x66 = (((uint64_t)x3 * x43) + (((uint64_t)x5 * x41) + ((0x2 * ((uint64_t)x7 * x39)) + ((0x2 * ((uint64_t)x9 * x37)) + ((0x2 * ((uint64_t)x11 * x35)) + ((0x2 * ((uint64_t)x13 * x33)) + ((0x2 * ((uint64_t)x15 * x31)) + (((uint64_t)x17 * x29) + ((uint64_t)x19 * x27)))))))));
uint64_t x67 = (((uint64_t)x3 * x41) + ((0x2 * ((uint64_t)x5 * x39)) + ((0x2 * ((uint64_t)x7 * x37)) + ((0x2 * ((uint64_t)x9 * x35)) + ((0x2 * ((uint64_t)x11 * x33)) + ((0x2 * ((uint64_t)x13 * x31)) + ((0x2 * ((uint64_t)x15 * x29)) + ((uint64_t)x17 * x27))))))));
uint64_t x68 = (((uint64_t)x3 * x39) + (((uint64_t)x5 * x37) + (((uint64_t)x7 * x35) + (((uint64_t)x9 * x33) + (((uint64_t)x11 * x31) + (((uint64_t)x13 * x29) + ((uint64_t)x15 * x27)))))));
uint64_t x69 = (((uint64_t)x3 * x37) + (((uint64_t)x5 * x35) + (((uint64_t)x7 * x33) + (((uint64_t)x9 * x31) + (((uint64_t)x11 * x29) + ((uint64_t)x13 * x27))))));
uint64_t x70 = (((uint64_t)x3 * x35) + (((uint64_t)x5 * x33) + (((uint64_t)x7 * x31) + (((uint64_t)x9 * x29) + ((uint64_t)x11 * x27)))));
uint64_t x71 = (((uint64_t)x3 * x33) + (((uint64_t)x5 * x31) + (((uint64_t)x7 * x29) + ((uint64_t)x9 * x27))));
uint64_t x72 = (((uint64_t)x3 * x31) + (((uint64_t)x5 * x29) + ((uint64_t)x7 * x27)));
uint64_t x73 = (((uint64_t)x3 * x29) + ((uint64_t)x5 * x27));
uint64_t x74 = ((uint64_t)x3 * x27);
uint64_t x75 = (x63 + (0x11 * x50));
uint64_t x76 = (x64 + (0x11 * x51));
uint64_t x77 = (x65 + (0x11 * x52));
uint64_t x78 = (x66 + (0x11 * x53));
uint64_t x79 = (x67 + (0x11 * x54));
uint64_t x80 = (x68 + (0x11 * x55));
uint64_t x81 = (x69 + (0x11 * x56));
uint64_t x82 = (x70 + (0x11 * x57));
uint64_t x83 = (x71 + (0x11 * x58));
uint64_t x84 = (x72 + (0x11 * x59));
uint64_t x85 = (x73 + (0x11 * x60));
uint64_t x86 = (x74 + (0x11 * x61));
uint64_t x87 = (x86 >> 0x1a);
uint32_t x88 = ((uint32_t)x86 & 0x3ffffff);
uint64_t x89 = (x87 + x85);
uint64_t x90 = (x89 >> 0x1a);
uint32_t x91 = ((uint32_t)x89 & 0x3ffffff);
uint64_t x92 = (x90 + x84);
uint64_t x93 = (x92 >> 0x1a);
uint32_t x94 = ((uint32_t)x92 & 0x3ffffff);
uint64_t x95 = (x93 + x83);
uint64_t x96 = (x95 >> 0x1a);
uint32_t x97 = ((uint32_t)x95 & 0x3ffffff);
uint64_t x98 = (x96 + x82);
uint64_t x99 = (x98 >> 0x1a);
uint32_t x100 = ((uint32_t)x98 & 0x3ffffff);
uint64_t x101 = (x99 + x81);
uint64_t x102 = (x101 >> 0x1a);
uint32_t x103 = ((uint32_t)x101 & 0x3ffffff);
uint64_t x104 = (x102 + x80);
uint64_t x105 = (x104 >> 0x19);
uint32_t x106 = ((uint32_t)x104 & 0x1ffffff);
uint64_t x107 = (x105 + x79);
uint64_t x108 = (x107 >> 0x1a);
uint32_t x109 = ((uint32_t)x107 & 0x3ffffff);
uint64_t x110 = (x108 + x78);
uint64_t x111 = (x110 >> 0x1a);
uint32_t x112 = ((uint32_t)x110 & 0x3ffffff);
uint64_t x113 = (x111 + x77);
uint64_t x114 = (x113 >> 0x1a);
uint32_t x115 = ((uint32_t)x113 & 0x3ffffff);
uint64_t x116 = (x114 + x76);
uint64_t x117 = (x116 >> 0x1a);
uint32_t x118 = ((uint32_t)x116 & 0x3ffffff);
uint64_t x119 = (x117 + x75);
uint64_t x120 = (x119 >> 0x1a);
uint32_t x121 = ((uint32_t)x119 & 0x3ffffff);
uint64_t x122 = (x120 + x62);
uint64_t x123 = (x122 >> 0x19);
uint32_t x124 = ((uint32_t)x122 & 0x1ffffff);
uint64_t x125 = (x88 + (0x11 * x123));
uint32_t x126 = (uint32_t) (x125 >> 0x1a);
uint32_t x127 = ((uint32_t)x125 & 0x3ffffff);
uint32_t x128 = (x126 + x91);
uint32_t x129 = (x128 >> 0x1a);
uint32_t x130 = (x128 & 0x3ffffff);
return (Return x124, Return x121, Return x118, Return x115, Return x112, Return x109, Return x106, Return x103, Return x100, Return x97, (x129 + x94), Return x130, Return x127)
     : ∀ var : Z.Syntax.base_type → Type, expr Z.Syntax.base_type Z.Syntax.op (uint32_t * uint32_t * uint32_t * uint32_t * uint32_t * uint32_t * uint32_t * uint32_t * uint32_t * uint32_t * uint32_t * uint32_t * uint32_t * (uint32_t * uint32_t * uint32_t * uint32_t * uint32_t * uint32_t * uint32_t * uint32_t * uint32_t * uint32_t * uint32_t * uint32_t * uint32_t) -> uint32_t * uint32_t * uint32_t * uint32_t * uint32_t * uint32_t * uint32_t * uint32_t * uint32_t * uint32_t * uint32_t * uint32_t * uint32_t)

Argument scope is [function_scope]
