mul = λ var : Z.Syntax.base_type → Type,
λ '(x14, x15, x13, x11, x9, x7, x5, x3, (x28, x29, x27, x25, x23, x21, x19, x17))%core,
uint64_t x30 = (((uint64_t)(x9 + x14) * (x23 + x28)) - ((uint64_t)x9 * x23));
uint64_t x31 = ((((uint64_t)(x7 + x15) * (x23 + x28)) + ((uint64_t)(x9 + x14) * (x21 + x29))) - (((uint64_t)x7 * x23) + ((uint64_t)x9 * x21)));
uint64_t x32 = ((((uint64_t)(x5 + x13) * (x23 + x28)) + (((uint64_t)(x7 + x15) * (x21 + x29)) + ((uint64_t)(x9 + x14) * (x19 + x27)))) - (((uint64_t)x5 * x23) + (((uint64_t)x7 * x21) + ((uint64_t)x9 * x19))));
uint64_t x33 = ((((uint64_t)(x3 + x11) * (x23 + x28)) + (((uint64_t)(x5 + x13) * (x21 + x29)) + (((uint64_t)(x7 + x15) * (x19 + x27)) + ((uint64_t)(x9 + x14) * (x17 + x25))))) - (((uint64_t)x3 * x23) + (((uint64_t)x5 * x21) + (((uint64_t)x7 * x19) + ((uint64_t)x9 * x17)))));
uint64_t x34 = ((((uint64_t)x9 * x23) + ((uint64_t)x14 * x28)) + ((((uint64_t)(x3 + x11) * (x21 + x29)) + (((uint64_t)(x5 + x13) * (x19 + x27)) + ((uint64_t)(x7 + x15) * (x17 + x25)))) - (((uint64_t)x3 * x21) + (((uint64_t)x5 * x19) + ((uint64_t)x7 * x17)))));
uint64_t x35 = (((((uint64_t)x7 * x23) + ((uint64_t)x9 * x21)) + (((uint64_t)x15 * x28) + ((uint64_t)x14 * x29))) + ((((uint64_t)(x3 + x11) * (x19 + x27)) + ((uint64_t)(x5 + x13) * (x17 + x25))) - (((uint64_t)x3 * x19) + ((uint64_t)x5 * x17))));
uint64_t x36 = (((((uint64_t)x5 * x23) + (((uint64_t)x7 * x21) + ((uint64_t)x9 * x19))) + (((uint64_t)x13 * x28) + (((uint64_t)x15 * x29) + ((uint64_t)x14 * x27)))) + (((uint64_t)(x3 + x11) * (x17 + x25)) - ((uint64_t)x3 * x17)));
uint64_t x37 = ((((uint64_t)x3 * x23) + (((uint64_t)x5 * x21) + (((uint64_t)x7 * x19) + ((uint64_t)x9 * x17)))) + (((uint64_t)x11 * x28) + (((uint64_t)x13 * x29) + (((uint64_t)x15 * x27) + ((uint64_t)x14 * x25)))));
uint64_t x38 = ((((uint64_t)x3 * x21) + (((uint64_t)x5 * x19) + ((uint64_t)x7 * x17))) + (((uint64_t)x11 * x29) + (((uint64_t)x13 * x27) + ((uint64_t)x15 * x25))));
uint64_t x39 = ((((uint64_t)x3 * x19) + ((uint64_t)x5 * x17)) + (((uint64_t)x11 * x27) + ((uint64_t)x13 * x25)));
uint64_t x40 = (((uint64_t)x3 * x17) + ((uint64_t)x11 * x25));
uint64_t x41 = (x34 + x30);
uint64_t x42 = (x35 + x31);
uint64_t x43 = (x36 + x32);
uint64_t x44 = (x38 + x30);
uint64_t x45 = (x39 + x31);
uint64_t x46 = (x40 + x32);
uint64_t x47 = (x37 >> 0x1b);
uint32_t x48 = ((uint32_t)x37 & 0x7ffffff);
uint64_t x49 = (x33 >> 0x1b);
uint32_t x50 = ((uint32_t)x33 & 0x7ffffff);
uint64_t x51 = ((0x8000000 * x49) + x50);
uint64_t x52 = (x51 >> 0x1b);
uint32_t x53 = ((uint32_t)x51 & 0x7ffffff);
uint64_t x54 = ((x47 + x43) + x52);
uint64_t x55 = (x54 >> 0x1b);
uint32_t x56 = ((uint32_t)x54 & 0x7ffffff);
uint64_t x57 = (x46 + x52);
uint64_t x58 = (x57 >> 0x1b);
uint32_t x59 = ((uint32_t)x57 & 0x7ffffff);
uint64_t x60 = (x55 + x42);
uint64_t x61 = (x60 >> 0x1b);
uint32_t x62 = ((uint32_t)x60 & 0x7ffffff);
uint64_t x63 = (x58 + x45);
uint64_t x64 = (x63 >> 0x1b);
uint32_t x65 = ((uint32_t)x63 & 0x7ffffff);
uint64_t x66 = (x61 + x41);
uint64_t x67 = (x66 >> 0x1b);
uint32_t x68 = ((uint32_t)x66 & 0x7ffffff);
uint64_t x69 = (x64 + x44);
uint64_t x70 = (x69 >> 0x1b);
uint32_t x71 = ((uint32_t)x69 & 0x7ffffff);
uint64_t x72 = (x67 + x53);
uint32_t x73 = (uint32_t) (x72 >> 0x1b);
uint32_t x74 = ((uint32_t)x72 & 0x7ffffff);
uint64_t x75 = (x70 + x48);
uint32_t x76 = (uint32_t) (x75 >> 0x1b);
uint32_t x77 = ((uint32_t)x75 & 0x7ffffff);
uint64_t x78 = (((uint64_t)0x8000000 * x73) + x74);
uint32_t x79 = (uint32_t) (x78 >> 0x1b);
uint32_t x80 = ((uint32_t)x78 & 0x7ffffff);
uint32_t x81 = ((x76 + x56) + x79);
uint32_t x82 = (x81 >> 0x1b);
uint32_t x83 = (x81 & 0x7ffffff);
uint32_t x84 = (x59 + x79);
uint32_t x85 = (x84 >> 0x1b);
uint32_t x86 = (x84 & 0x7ffffff);
return (Return x80, Return x68, (x82 + x62), Return x83, Return x77, Return x71, (x85 + x65), Return x86)
     : ∀ var : Z.Syntax.base_type → Type, expr Z.Syntax.base_type Z.Syntax.op (uint32_t * uint32_t * uint32_t * uint32_t * uint32_t * uint32_t * uint32_t * uint32_t * (uint32_t * uint32_t * uint32_t * uint32_t * uint32_t * uint32_t * uint32_t * uint32_t) -> uint32_t * uint32_t * uint32_t * uint32_t * uint32_t * uint32_t * uint32_t * uint32_t)

Argument scope is [function_scope]
