square = λ var : Z.Syntax.base_type → Type,
λ '(x12, x13, x11, x9, x7, x5, x3, x1)%core,
uint64_t x14 = (((uint64_t)(x7 + x12) * (x7 + x12)) - ((uint64_t)x7 * x7));
uint64_t x15 = ((((uint64_t)(x5 + x13) * (x7 + x12)) + ((uint64_t)(x7 + x12) * (x5 + x13))) - (((uint64_t)x5 * x7) + ((uint64_t)x7 * x5)));
uint64_t x16 = ((((uint64_t)(x3 + x11) * (x7 + x12)) + (((uint64_t)(x5 + x13) * (x5 + x13)) + ((uint64_t)(x7 + x12) * (x3 + x11)))) - (((uint64_t)x3 * x7) + (((uint64_t)x5 * x5) + ((uint64_t)x7 * x3))));
uint64_t x17 = ((((uint64_t)(x1 + x9) * (x7 + x12)) + (((uint64_t)(x3 + x11) * (x5 + x13)) + (((uint64_t)(x5 + x13) * (x3 + x11)) + ((uint64_t)(x7 + x12) * (x1 + x9))))) - (((uint64_t)x1 * x7) + (((uint64_t)x3 * x5) + (((uint64_t)x5 * x3) + ((uint64_t)x7 * x1)))));
uint64_t x18 = ((((uint64_t)x7 * x7) + ((uint64_t)x12 * x12)) + ((((uint64_t)(x1 + x9) * (x5 + x13)) + (((uint64_t)(x3 + x11) * (x3 + x11)) + ((uint64_t)(x5 + x13) * (x1 + x9)))) - (((uint64_t)x1 * x5) + (((uint64_t)x3 * x3) + ((uint64_t)x5 * x1)))));
uint64_t x19 = (((((uint64_t)x5 * x7) + ((uint64_t)x7 * x5)) + (((uint64_t)x13 * x12) + ((uint64_t)x12 * x13))) + ((((uint64_t)(x1 + x9) * (x3 + x11)) + ((uint64_t)(x3 + x11) * (x1 + x9))) - (((uint64_t)x1 * x3) + ((uint64_t)x3 * x1))));
uint64_t x20 = (((((uint64_t)x3 * x7) + (((uint64_t)x5 * x5) + ((uint64_t)x7 * x3))) + (((uint64_t)x11 * x12) + (((uint64_t)x13 * x13) + ((uint64_t)x12 * x11)))) + (((uint64_t)(x1 + x9) * (x1 + x9)) - ((uint64_t)x1 * x1)));
uint64_t x21 = ((((uint64_t)x1 * x7) + (((uint64_t)x3 * x5) + (((uint64_t)x5 * x3) + ((uint64_t)x7 * x1)))) + (((uint64_t)x9 * x12) + (((uint64_t)x11 * x13) + (((uint64_t)x13 * x11) + ((uint64_t)x12 * x9)))));
uint64_t x22 = ((((uint64_t)x1 * x5) + (((uint64_t)x3 * x3) + ((uint64_t)x5 * x1))) + (((uint64_t)x9 * x13) + (((uint64_t)x11 * x11) + ((uint64_t)x13 * x9))));
uint64_t x23 = ((((uint64_t)x1 * x3) + ((uint64_t)x3 * x1)) + (((uint64_t)x9 * x11) + ((uint64_t)x11 * x9)));
uint64_t x24 = (((uint64_t)x1 * x1) + ((uint64_t)x9 * x9));
uint64_t x25 = (x18 + x14);
uint64_t x26 = (x19 + x15);
uint64_t x27 = (x20 + x16);
uint64_t x28 = (x22 + x14);
uint64_t x29 = (x23 + x15);
uint64_t x30 = (x24 + x16);
uint64_t x31 = (x21 >> 0x1b);
uint32_t x32 = ((uint32_t)x21 & 0x7ffffff);
uint64_t x33 = (x17 >> 0x1b);
uint32_t x34 = ((uint32_t)x17 & 0x7ffffff);
uint64_t x35 = ((0x8000000 * x33) + x34);
uint64_t x36 = (x35 >> 0x1b);
uint32_t x37 = ((uint32_t)x35 & 0x7ffffff);
uint64_t x38 = ((x31 + x27) + x36);
uint64_t x39 = (x38 >> 0x1b);
uint32_t x40 = ((uint32_t)x38 & 0x7ffffff);
uint64_t x41 = (x30 + x36);
uint64_t x42 = (x41 >> 0x1b);
uint32_t x43 = ((uint32_t)x41 & 0x7ffffff);
uint64_t x44 = (x39 + x26);
uint64_t x45 = (x44 >> 0x1b);
uint32_t x46 = ((uint32_t)x44 & 0x7ffffff);
uint64_t x47 = (x42 + x29);
uint64_t x48 = (x47 >> 0x1b);
uint32_t x49 = ((uint32_t)x47 & 0x7ffffff);
uint64_t x50 = (x45 + x25);
uint64_t x51 = (x50 >> 0x1b);
uint32_t x52 = ((uint32_t)x50 & 0x7ffffff);
uint64_t x53 = (x48 + x28);
uint64_t x54 = (x53 >> 0x1b);
uint32_t x55 = ((uint32_t)x53 & 0x7ffffff);
uint64_t x56 = (x51 + x37);
uint32_t x57 = (uint32_t) (x56 >> 0x1b);
uint32_t x58 = ((uint32_t)x56 & 0x7ffffff);
uint64_t x59 = (x54 + x32);
uint32_t x60 = (uint32_t) (x59 >> 0x1b);
uint32_t x61 = ((uint32_t)x59 & 0x7ffffff);
uint64_t x62 = (((uint64_t)0x8000000 * x57) + x58);
uint32_t x63 = (uint32_t) (x62 >> 0x1b);
uint32_t x64 = ((uint32_t)x62 & 0x7ffffff);
uint32_t x65 = ((x60 + x40) + x63);
uint32_t x66 = (x65 >> 0x1b);
uint32_t x67 = (x65 & 0x7ffffff);
uint32_t x68 = (x43 + x63);
uint32_t x69 = (x68 >> 0x1b);
uint32_t x70 = (x68 & 0x7ffffff);
return (Return x64, Return x52, (x66 + x46), Return x67, Return x61, Return x55, (x69 + x49), Return x70)
     : ∀ var : Z.Syntax.base_type → Type, expr Z.Syntax.base_type Z.Syntax.op (uint32_t * uint32_t * uint32_t * uint32_t * uint32_t * uint32_t * uint32_t * uint32_t -> uint32_t * uint32_t * uint32_t * uint32_t * uint32_t * uint32_t * uint32_t * uint32_t)

Argument scope is [function_scope]
