square = λ var : Z.Syntax.base_type → Type,
λ '(x12, x13, x11, x9, x7, x5, x3, x1)%core,
uint128_t x14 = (0x2 * ((uint128_t)x12 * x12));
uint128_t x15 = ((0x2 * ((uint128_t)x13 * x12)) + (0x2 * ((uint128_t)x12 * x13)));
uint128_t x16 = ((0x2 * ((uint128_t)x11 * x12)) + ((0x2 * ((uint128_t)x13 * x13)) + (0x2 * ((uint128_t)x12 * x11))));
uint128_t x17 = (((uint128_t)x9 * x12) + (((uint128_t)x11 * x13) + (((uint128_t)x13 * x11) + ((uint128_t)x12 * x9))));
uint128_t x18 = ((0x2 * ((uint128_t)x7 * x12)) + (((uint128_t)x9 * x13) + (((uint128_t)x11 * x11) + (((uint128_t)x13 * x9) + (0x2 * ((uint128_t)x12 * x7))))));
uint128_t x19 = ((0x2 * ((uint128_t)x5 * x12)) + ((0x2 * ((uint128_t)x7 * x13)) + (((uint128_t)x9 * x11) + (((uint128_t)x11 * x9) + ((0x2 * ((uint128_t)x13 * x7)) + (0x2 * ((uint128_t)x12 * x5)))))));
uint128_t x20 = ((0x2 * ((uint128_t)x3 * x12)) + ((0x2 * ((uint128_t)x5 * x13)) + ((0x2 * ((uint128_t)x7 * x11)) + (((uint128_t)x9 * x9) + ((0x2 * ((uint128_t)x11 * x7)) + ((0x2 * ((uint128_t)x13 * x5)) + (0x2 * ((uint128_t)x12 * x3))))))));
uint128_t x21 = (((uint128_t)x1 * x12) + (((uint128_t)x3 * x13) + (((uint128_t)x5 * x11) + (((uint128_t)x7 * x9) + (((uint128_t)x9 * x7) + (((uint128_t)x11 * x5) + (((uint128_t)x13 * x3) + ((uint128_t)x12 * x1))))))));
uint128_t x22 = (((uint128_t)x1 * x13) + (((uint128_t)x3 * x11) + (((uint128_t)x5 * x9) + ((0x2 * ((uint128_t)x7 * x7)) + (((uint128_t)x9 * x5) + (((uint128_t)x11 * x3) + ((uint128_t)x13 * x1)))))));
uint128_t x23 = (((uint128_t)x1 * x11) + (((uint128_t)x3 * x9) + ((0x2 * ((uint128_t)x5 * x7)) + ((0x2 * ((uint128_t)x7 * x5)) + (((uint128_t)x9 * x3) + ((uint128_t)x11 * x1))))));
uint128_t x24 = (((uint128_t)x1 * x9) + ((0x2 * ((uint128_t)x3 * x7)) + ((0x2 * ((uint128_t)x5 * x5)) + ((0x2 * ((uint128_t)x7 * x3)) + ((uint128_t)x9 * x1)))));
uint128_t x25 = (((uint128_t)x1 * x7) + (((uint128_t)x3 * x5) + (((uint128_t)x5 * x3) + ((uint128_t)x7 * x1))));
uint128_t x26 = (((uint128_t)x1 * x5) + (((uint128_t)x3 * x3) + ((uint128_t)x5 * x1)));
uint128_t x27 = (((uint128_t)x1 * x3) + ((uint128_t)x3 * x1));
uint128_t x28 = ((uint128_t)x1 * x1);
uint128_t x29 = (x22 + (0x11 * x14));
uint128_t x30 = (x23 + (0x11 * x15));
uint128_t x31 = (x24 + (0x11 * x16));
uint128_t x32 = (x25 + (0x11 * x17));
uint128_t x33 = (x26 + (0x11 * x18));
uint128_t x34 = (x27 + (0x11 * x19));
uint128_t x35 = (x28 + (0x11 * x20));
uint64_t x36 = (uint64_t) (x35 >> 0x34);
uint64_t x37 = ((uint64_t)x35 & 0xfffffffffffff);
uint128_t x38 = (x36 + x34);
uint64_t x39 = (uint64_t) (x38 >> 0x34);
uint64_t x40 = ((uint64_t)x38 & 0xfffffffffffff);
uint128_t x41 = (x39 + x33);
uint64_t x42 = (uint64_t) (x41 >> 0x34);
uint64_t x43 = ((uint64_t)x41 & 0xfffffffffffff);
uint128_t x44 = (x42 + x32);
uint64_t x45 = (uint64_t) (x44 >> 0x33);
uint64_t x46 = ((uint64_t)x44 & 0x7ffffffffffff);
uint128_t x47 = (x45 + x31);
uint64_t x48 = (uint64_t) (x47 >> 0x34);
uint64_t x49 = ((uint64_t)x47 & 0xfffffffffffff);
uint128_t x50 = (x48 + x30);
uint64_t x51 = (uint64_t) (x50 >> 0x34);
uint64_t x52 = ((uint64_t)x50 & 0xfffffffffffff);
uint128_t x53 = (x51 + x29);
uint64_t x54 = (uint64_t) (x53 >> 0x34);
uint64_t x55 = ((uint64_t)x53 & 0xfffffffffffff);
uint128_t x56 = (x54 + x21);
uint64_t x57 = (uint64_t) (x56 >> 0x33);
uint64_t x58 = ((uint64_t)x56 & 0x7ffffffffffff);
uint64_t x59 = (x37 + (0x11 * x57));
uint64_t x60 = (x59 >> 0x34);
uint64_t x61 = (x59 & 0xfffffffffffff);
uint64_t x62 = (x60 + x40);
uint64_t x63 = (x62 >> 0x34);
uint64_t x64 = (x62 & 0xfffffffffffff);
return (Return x58, Return x55, Return x52, Return x49, Return x46, (x63 + x43), Return x64, Return x61)
     : ∀ var : Z.Syntax.base_type → Type, expr Z.Syntax.base_type Z.Syntax.op (uint64_t * uint64_t * uint64_t * uint64_t * uint64_t * uint64_t * uint64_t * uint64_t -> uint64_t * uint64_t * uint64_t * uint64_t * uint64_t * uint64_t * uint64_t * uint64_t)

Argument scope is [function_scope]
