square = λ var : Z.Syntax.base_type → Type,
λ '(x26, x27, x25, x23, x21, x19, x17, x15, x13, x11, x9, x7, x5, x3, x1)%core,
uint64_t x28 = (0x2 * ((uint64_t)x26 * x26));
uint64_t x29 = ((0x2 * ((uint64_t)x27 * x26)) + (0x2 * ((uint64_t)x26 * x27)));
uint64_t x30 = ((0x2 * ((uint64_t)x25 * x26)) + ((0x2 * ((uint64_t)x27 * x27)) + (0x2 * ((uint64_t)x26 * x25))));
uint64_t x31 = ((0x2 * ((uint64_t)x23 * x26)) + ((0x2 * ((uint64_t)x25 * x27)) + ((0x2 * ((uint64_t)x27 * x25)) + (0x2 * ((uint64_t)x26 * x23)))));
uint64_t x32 = ((0x2 * ((uint64_t)x21 * x26)) + ((0x2 * ((uint64_t)x23 * x27)) + ((0x2 * ((uint64_t)x25 * x25)) + ((0x2 * ((uint64_t)x27 * x23)) + (0x2 * ((uint64_t)x26 * x21))))));
uint64_t x33 = ((0x2 * ((uint64_t)x19 * x26)) + ((0x2 * ((uint64_t)x21 * x27)) + ((0x2 * ((uint64_t)x23 * x25)) + ((0x2 * ((uint64_t)x25 * x23)) + ((0x2 * ((uint64_t)x27 * x21)) + (0x2 * ((uint64_t)x26 * x19)))))));
uint64_t x34 = ((0x2 * ((uint64_t)x17 * x26)) + ((0x2 * ((uint64_t)x19 * x27)) + ((0x2 * ((uint64_t)x21 * x25)) + ((0x2 * ((uint64_t)x23 * x23)) + ((0x2 * ((uint64_t)x25 * x21)) + ((0x2 * ((uint64_t)x27 * x19)) + (0x2 * ((uint64_t)x26 * x17))))))));
uint64_t x35 = ((0x2 * ((uint64_t)x15 * x26)) + ((0x2 * ((uint64_t)x17 * x27)) + ((0x2 * ((uint64_t)x19 * x25)) + ((0x2 * ((uint64_t)x21 * x23)) + ((0x2 * ((uint64_t)x23 * x21)) + ((0x2 * ((uint64_t)x25 * x19)) + ((0x2 * ((uint64_t)x27 * x17)) + (0x2 * ((uint64_t)x26 * x15)))))))));
uint64_t x36 = ((0x2 * ((uint64_t)x13 * x26)) + ((0x2 * ((uint64_t)x15 * x27)) + ((0x2 * ((uint64_t)x17 * x25)) + ((0x2 * ((uint64_t)x19 * x23)) + ((0x2 * ((uint64_t)x21 * x21)) + ((0x2 * ((uint64_t)x23 * x19)) + ((0x2 * ((uint64_t)x25 * x17)) + ((0x2 * ((uint64_t)x27 * x15)) + (0x2 * ((uint64_t)x26 * x13))))))))));
uint64_t x37 = ((0x2 * ((uint64_t)x11 * x26)) + ((0x2 * ((uint64_t)x13 * x27)) + ((0x2 * ((uint64_t)x15 * x25)) + ((0x2 * ((uint64_t)x17 * x23)) + ((0x2 * ((uint64_t)x19 * x21)) + ((0x2 * ((uint64_t)x21 * x19)) + ((0x2 * ((uint64_t)x23 * x17)) + ((0x2 * ((uint64_t)x25 * x15)) + ((0x2 * ((uint64_t)x27 * x13)) + (0x2 * ((uint64_t)x26 * x11)))))))))));
uint64_t x38 = ((0x2 * ((uint64_t)x9 * x26)) + ((0x2 * ((uint64_t)x11 * x27)) + ((0x2 * ((uint64_t)x13 * x25)) + ((0x2 * ((uint64_t)x15 * x23)) + ((0x2 * ((uint64_t)x17 * x21)) + ((0x2 * ((uint64_t)x19 * x19)) + ((0x2 * ((uint64_t)x21 * x17)) + ((0x2 * ((uint64_t)x23 * x15)) + ((0x2 * ((uint64_t)x25 * x13)) + ((0x2 * ((uint64_t)x27 * x11)) + (0x2 * ((uint64_t)x26 * x9))))))))))));
uint64_t x39 = ((0x2 * ((uint64_t)x7 * x26)) + ((0x2 * ((uint64_t)x9 * x27)) + ((0x2 * ((uint64_t)x11 * x25)) + ((0x2 * ((uint64_t)x13 * x23)) + ((0x2 * ((uint64_t)x15 * x21)) + ((0x2 * ((uint64_t)x17 * x19)) + ((0x2 * ((uint64_t)x19 * x17)) + ((0x2 * ((uint64_t)x21 * x15)) + ((0x2 * ((uint64_t)x23 * x13)) + ((0x2 * ((uint64_t)x25 * x11)) + ((0x2 * ((uint64_t)x27 * x9)) + (0x2 * ((uint64_t)x26 * x7)))))))))))));
uint64_t x40 = ((0x2 * ((uint64_t)x5 * x26)) + ((0x2 * ((uint64_t)x7 * x27)) + ((0x2 * ((uint64_t)x9 * x25)) + ((0x2 * ((uint64_t)x11 * x23)) + ((0x2 * ((uint64_t)x13 * x21)) + ((0x2 * ((uint64_t)x15 * x19)) + ((0x2 * ((uint64_t)x17 * x17)) + ((0x2 * ((uint64_t)x19 * x15)) + ((0x2 * ((uint64_t)x21 * x13)) + ((0x2 * ((uint64_t)x23 * x11)) + ((0x2 * ((uint64_t)x25 * x9)) + ((0x2 * ((uint64_t)x27 * x7)) + (0x2 * ((uint64_t)x26 * x5))))))))))))));
uint64_t x41 = ((0x2 * ((uint64_t)x3 * x26)) + ((0x2 * ((uint64_t)x5 * x27)) + ((0x2 * ((uint64_t)x7 * x25)) + ((0x2 * ((uint64_t)x9 * x23)) + ((0x2 * ((uint64_t)x11 * x21)) + ((0x2 * ((uint64_t)x13 * x19)) + ((0x2 * ((uint64_t)x15 * x17)) + ((0x2 * ((uint64_t)x17 * x15)) + ((0x2 * ((uint64_t)x19 * x13)) + ((0x2 * ((uint64_t)x21 * x11)) + ((0x2 * ((uint64_t)x23 * x9)) + ((0x2 * ((uint64_t)x25 * x7)) + ((0x2 * ((uint64_t)x27 * x5)) + (0x2 * ((uint64_t)x26 * x3)))))))))))))));
uint64_t x42 = (((uint64_t)x1 * x26) + (((uint64_t)x3 * x27) + (((uint64_t)x5 * x25) + (((uint64_t)x7 * x23) + (((uint64_t)x9 * x21) + (((uint64_t)x11 * x19) + (((uint64_t)x13 * x17) + (((uint64_t)x15 * x15) + (((uint64_t)x17 * x13) + (((uint64_t)x19 * x11) + (((uint64_t)x21 * x9) + (((uint64_t)x23 * x7) + (((uint64_t)x25 * x5) + (((uint64_t)x27 * x3) + ((uint64_t)x26 * x1)))))))))))))));
uint64_t x43 = (((uint64_t)x1 * x27) + (((uint64_t)x3 * x25) + (((uint64_t)x5 * x23) + (((uint64_t)x7 * x21) + (((uint64_t)x9 * x19) + (((uint64_t)x11 * x17) + (((uint64_t)x13 * x15) + (((uint64_t)x15 * x13) + (((uint64_t)x17 * x11) + (((uint64_t)x19 * x9) + (((uint64_t)x21 * x7) + (((uint64_t)x23 * x5) + (((uint64_t)x25 * x3) + ((uint64_t)x27 * x1))))))))))))));
uint64_t x44 = (((uint64_t)x1 * x25) + (((uint64_t)x3 * x23) + (((uint64_t)x5 * x21) + (((uint64_t)x7 * x19) + (((uint64_t)x9 * x17) + (((uint64_t)x11 * x15) + (((uint64_t)x13 * x13) + (((uint64_t)x15 * x11) + (((uint64_t)x17 * x9) + (((uint64_t)x19 * x7) + (((uint64_t)x21 * x5) + (((uint64_t)x23 * x3) + ((uint64_t)x25 * x1)))))))))))));
uint64_t x45 = (((uint64_t)x1 * x23) + (((uint64_t)x3 * x21) + (((uint64_t)x5 * x19) + (((uint64_t)x7 * x17) + (((uint64_t)x9 * x15) + (((uint64_t)x11 * x13) + (((uint64_t)x13 * x11) + (((uint64_t)x15 * x9) + (((uint64_t)x17 * x7) + (((uint64_t)x19 * x5) + (((uint64_t)x21 * x3) + ((uint64_t)x23 * x1))))))))))));
uint64_t x46 = (((uint64_t)x1 * x21) + (((uint64_t)x3 * x19) + (((uint64_t)x5 * x17) + (((uint64_t)x7 * x15) + (((uint64_t)x9 * x13) + (((uint64_t)x11 * x11) + (((uint64_t)x13 * x9) + (((uint64_t)x15 * x7) + (((uint64_t)x17 * x5) + (((uint64_t)x19 * x3) + ((uint64_t)x21 * x1)))))))))));
uint64_t x47 = (((uint64_t)x1 * x19) + (((uint64_t)x3 * x17) + (((uint64_t)x5 * x15) + (((uint64_t)x7 * x13) + (((uint64_t)x9 * x11) + (((uint64_t)x11 * x9) + (((uint64_t)x13 * x7) + (((uint64_t)x15 * x5) + (((uint64_t)x17 * x3) + ((uint64_t)x19 * x1))))))))));
uint64_t x48 = (((uint64_t)x1 * x17) + (((uint64_t)x3 * x15) + (((uint64_t)x5 * x13) + (((uint64_t)x7 * x11) + (((uint64_t)x9 * x9) + (((uint64_t)x11 * x7) + (((uint64_t)x13 * x5) + (((uint64_t)x15 * x3) + ((uint64_t)x17 * x1)))))))));
uint64_t x49 = (((uint64_t)x1 * x15) + (((uint64_t)x3 * x13) + (((uint64_t)x5 * x11) + (((uint64_t)x7 * x9) + (((uint64_t)x9 * x7) + (((uint64_t)x11 * x5) + (((uint64_t)x13 * x3) + ((uint64_t)x15 * x1))))))));
uint64_t x50 = (((uint64_t)x1 * x13) + (((uint64_t)x3 * x11) + (((uint64_t)x5 * x9) + (((uint64_t)x7 * x7) + (((uint64_t)x9 * x5) + (((uint64_t)x11 * x3) + ((uint64_t)x13 * x1)))))));
uint64_t x51 = (((uint64_t)x1 * x11) + (((uint64_t)x3 * x9) + (((uint64_t)x5 * x7) + (((uint64_t)x7 * x5) + (((uint64_t)x9 * x3) + ((uint64_t)x11 * x1))))));
uint64_t x52 = (((uint64_t)x1 * x9) + (((uint64_t)x3 * x7) + (((uint64_t)x5 * x5) + (((uint64_t)x7 * x3) + ((uint64_t)x9 * x1)))));
uint64_t x53 = (((uint64_t)x1 * x7) + (((uint64_t)x3 * x5) + (((uint64_t)x5 * x3) + ((uint64_t)x7 * x1))));
uint64_t x54 = (((uint64_t)x1 * x5) + (((uint64_t)x3 * x3) + ((uint64_t)x5 * x1)));
uint64_t x55 = (((uint64_t)x1 * x3) + ((uint64_t)x3 * x1));
uint64_t x56 = ((uint64_t)x1 * x1);
uint64_t x57 = (x43 + (0x15 * x28));
uint64_t x58 = (x44 + (0x15 * x29));
uint64_t x59 = (x45 + (0x15 * x30));
uint64_t x60 = (x46 + (0x15 * x31));
uint64_t x61 = (x47 + (0x15 * x32));
uint64_t x62 = (x48 + (0x15 * x33));
uint64_t x63 = (x49 + (0x15 * x34));
uint64_t x64 = (x50 + (0x15 * x35));
uint64_t x65 = (x51 + (0x15 * x36));
ℤ x66 = (x52 +ℤ (0x15 *ℤ x37));
ℤ x67 = (x53 +ℤ (0x15 *ℤ x38));
ℤ x68 = (x54 +ℤ (0x15 *ℤ x39));
ℤ x69 = (x55 +ℤ (0x15 *ℤ x40));
ℤ x70 = (x56 +ℤ (0x15 *ℤ x41));
uint64_t x71 = (x70 >> 0x1a);
uint32_t x72 = (x70 & 0x3ffffff);
ℤ x73 = (x71 +ℤ x69);
uint64_t x74 = (x73 >> 0x1a);
uint32_t x75 = (x73 & 0x3ffffff);
ℤ x76 = (x74 +ℤ x68);
uint64_t x77 = (x76 >> 0x1a);
uint32_t x78 = (x76 & 0x3ffffff);
ℤ x79 = (x77 +ℤ x67);
uint64_t x80 = (x79 >> 0x1a);
uint32_t x81 = (x79 & 0x3ffffff);
ℤ x82 = (x80 +ℤ x66);
uint64_t x83 = (x82 >> 0x1a);
uint32_t x84 = (x82 & 0x3ffffff);
uint64_t x85 = (x83 + x65);
uint64_t x86 = (x85 >> 0x1a);
uint32_t x87 = ((uint32_t)x85 & 0x3ffffff);
uint64_t x88 = (x86 + x64);
uint64_t x89 = (x88 >> 0x1a);
uint32_t x90 = ((uint32_t)x88 & 0x3ffffff);
uint64_t x91 = (x89 + x63);
uint64_t x92 = (x91 >> 0x1a);
uint32_t x93 = ((uint32_t)x91 & 0x3ffffff);
uint64_t x94 = (x92 + x62);
uint64_t x95 = (x94 >> 0x1a);
uint32_t x96 = ((uint32_t)x94 & 0x3ffffff);
uint64_t x97 = (x95 + x61);
uint64_t x98 = (x97 >> 0x1a);
uint32_t x99 = ((uint32_t)x97 & 0x3ffffff);
uint64_t x100 = (x98 + x60);
uint64_t x101 = (x100 >> 0x1a);
uint32_t x102 = ((uint32_t)x100 & 0x3ffffff);
uint64_t x103 = (x101 + x59);
uint64_t x104 = (x103 >> 0x1a);
uint32_t x105 = ((uint32_t)x103 & 0x3ffffff);
uint64_t x106 = (x104 + x58);
uint64_t x107 = (x106 >> 0x1a);
uint32_t x108 = ((uint32_t)x106 & 0x3ffffff);
uint64_t x109 = (x107 + x57);
uint64_t x110 = (x109 >> 0x1a);
uint32_t x111 = ((uint32_t)x109 & 0x3ffffff);
uint64_t x112 = (x110 + x42);
uint64_t x113 = (x112 >> 0x19);
uint32_t x114 = ((uint32_t)x112 & 0x1ffffff);
uint64_t x115 = (x72 + (0x15 * x113));
uint32_t x116 = (uint32_t) (x115 >> 0x1a);
uint32_t x117 = ((uint32_t)x115 & 0x3ffffff);
uint32_t x118 = (x116 + x75);
uint32_t x119 = (x118 >> 0x1a);
uint32_t x120 = (x118 & 0x3ffffff);
return (Return x114, Return x111, Return x108, Return x105, Return x102, Return x99, Return x96, Return x93, Return x90, Return x87, Return x84, Return x81, (x119 + x78), Return x120, Return x117)
     : ∀ var : Z.Syntax.base_type → Type, expr Z.Syntax.base_type Z.Syntax.op (uint32_t * uint32_t * uint32_t * uint32_t * uint32_t * uint32_t * uint32_t * uint32_t * uint32_t * uint32_t * uint32_t * uint32_t * uint32_t * uint32_t * uint32_t -> uint32_t * uint32_t * uint32_t * uint32_t * uint32_t * uint32_t * uint32_t * uint32_t * uint32_t * uint32_t * uint32_t * uint32_t * uint32_t * uint32_t * uint32_t)

Argument scope is [function_scope]
