mul = λ var : Z.Syntax.base_type → Type,
λ '(x28, x29, x27, x25, x23, x21, x19, x17, x15, x13, x11, x9, x7, x5, x3, (x56, x57, x55, x53, x51, x49, x47, x45, x43, x41, x39, x37, x35, x33, x31))%core,
uint32_t x59, uint32_t x60 = mulx_u32(x3, x31);
uint32_t x62, uint32_t x63 = mulx_u32(x3, x33);
uint32_t x65, uint32_t x66 = mulx_u32(x3, x35);
uint32_t x68, uint32_t x69 = mulx_u32(x3, x37);
uint32_t x71, uint32_t x72 = mulx_u32(x3, x39);
uint32_t x74, uint32_t x75 = mulx_u32(x3, x41);
uint32_t x77, uint32_t x78 = mulx_u32(x3, x43);
uint32_t x80, uint32_t x81 = mulx_u32(x3, x45);
uint32_t x83, uint32_t x84 = mulx_u32(x3, x47);
uint32_t x86, uint32_t x87 = mulx_u32(x3, x49);
uint32_t x89, uint32_t x90 = mulx_u32(x3, x51);
uint32_t x92, uint32_t x93 = mulx_u32(x3, x53);
uint32_t x95, uint32_t x96 = mulx_u32(x3, x55);
uint32_t x98, uint32_t x99 = mulx_u32(x3, x57);
uint32_t x101, uint32_t x102 = mulx_u32(x3, x56);
uint32_t x104, uint8_t x105 = addcarryx_u32(0x0, x60, x62);
uint32_t x107, uint8_t x108 = addcarryx_u32(x105, x63, x65);
uint32_t x110, uint8_t x111 = addcarryx_u32(x108, x66, x68);
uint32_t x113, uint8_t x114 = addcarryx_u32(x111, x69, x71);
uint32_t x116, uint8_t x117 = addcarryx_u32(x114, x72, x74);
uint32_t x119, uint8_t x120 = addcarryx_u32(x117, x75, x77);
uint32_t x122, uint8_t x123 = addcarryx_u32(x120, x78, x80);
uint32_t x125, uint8_t x126 = addcarryx_u32(x123, x81, x83);
uint32_t x128, uint8_t x129 = addcarryx_u32(x126, x84, x86);
uint32_t x131, uint8_t x132 = addcarryx_u32(x129, x87, x89);
uint32_t x134, uint8_t x135 = addcarryx_u32(x132, x90, x92);
uint32_t x137, uint8_t x138 = addcarryx_u32(x135, x93, x95);
uint32_t x140, uint8_t x141 = addcarryx_u32(x138, x96, x98);
uint32_t x143, uint8_t x144 = addcarryx_u32(x141, x99, x101);
uint32_t x146, uint8_t _ = addcarryx_u32(0x0, x144, x102);
uint32_t x149, uint8_t x150 = addcarryx_u32(0x0, 0x0, x128);
uint32_t x152, uint8_t x153 = addcarryx_u32(x150, 0x0, x131);
uint32_t x155, uint8_t x156 = addcarryx_u32(x153, 0x0, x134);
uint32_t x158, uint8_t x159 = addcarryx_u32(x156, 0x0, x137);
uint32_t x161, uint8_t x162 = addcarryx_u32(x159, 0x0, x140);
uint32_t x164, uint8_t x165 = addcarryx_u32(x162, 0x0, x143);
uint32_t x167, uint8_t x168 = addcarryx_u32(x165, 0x0, x146);
uint32_t x170, uint32_t _ = mulx_u32(x59, 0xaaaaaaab);
uint32_t x173, uint32_t x174 = mulx_u32(x170, 0xfffffffd);
uint32_t x176, uint32_t x177 = mulx_u32(x170, 0xffffffff);
uint32_t x179, uint32_t x180 = mulx_u32(x170, 0xffffffff);
uint32_t x182, uint32_t x183 = mulx_u32(x170, 0xffffffff);
uint32_t x185, uint32_t x186 = mulx_u32(x170, 0xffffffff);
uint32_t x188, uint32_t x189 = mulx_u32(x170, 0xffffffff);
uint32_t x191, uint32_t x192 = mulx_u32(x170, 0xffffffff);
uint32_t x194, uint32_t x195 = mulx_u32(x170, 0xffffffff);
uint32_t x197, uint32_t x198 = mulx_u32(x170, 0xffffffff);
uint32_t x200, uint32_t x201 = mulx_u32(x170, 0xffffffff);
uint32_t x203, uint32_t x204 = mulx_u32(x170, 0xffffffff);
uint32_t x206, uint32_t x207 = mulx_u32(x170, 0xffffffff);
uint32_t x209, uint32_t x210 = mulx_u32(x170, 0xffffffff);
uint32_t x212, uint32_t x213 = mulx_u32(x170, 0xffffffff);
uint32_t x215, uint8_t x216 = mulx_u32_out_u8(x170, 0xf);
uint32_t x218, uint8_t x219 = addcarryx_u32(0x0, x174, x176);
uint32_t x221, uint8_t x222 = addcarryx_u32(x219, x177, x179);
uint32_t x224, uint8_t x225 = addcarryx_u32(x222, x180, x182);
uint32_t x227, uint8_t x228 = addcarryx_u32(x225, x183, x185);
uint32_t x230, uint8_t x231 = addcarryx_u32(x228, x186, x188);
uint32_t x233, uint8_t x234 = addcarryx_u32(x231, x189, x191);
uint32_t x236, uint8_t x237 = addcarryx_u32(x234, x192, x194);
uint32_t x239, uint8_t x240 = addcarryx_u32(x237, x195, x197);
uint32_t x242, uint8_t x243 = addcarryx_u32(x240, x198, x200);
uint32_t x245, uint8_t x246 = addcarryx_u32(x243, x201, x203);
uint32_t x248, uint8_t x249 = addcarryx_u32(x246, x204, x206);
uint32_t x251, uint8_t x252 = addcarryx_u32(x249, x207, x209);
uint32_t x254, uint8_t x255 = addcarryx_u32(x252, x210, x212);
uint32_t x257, uint8_t x258 = addcarryx_u32(x255, x213, x215);
uint8_t x259 = (x258 + x216);
uint32_t _, uint8_t x262 = addcarryx_u32(0x0, x59, x173);
uint32_t x264, uint8_t x265 = addcarryx_u32(x262, x104, x218);
uint32_t x267, uint8_t x268 = addcarryx_u32(x265, x107, x221);
uint32_t x270, uint8_t x271 = addcarryx_u32(x268, x110, x224);
uint32_t x273, uint8_t x274 = addcarryx_u32(x271, x113, x227);
uint32_t x276, uint8_t x277 = addcarryx_u32(x274, x116, x230);
uint32_t x279, uint8_t x280 = addcarryx_u32(x277, x119, x233);
uint32_t x282, uint8_t x283 = addcarryx_u32(x280, x122, x236);
uint32_t x285, uint8_t x286 = addcarryx_u32(x283, x125, x239);
uint32_t x288, uint8_t x289 = addcarryx_u32(x286, x149, x242);
uint32_t x291, uint8_t x292 = addcarryx_u32(x289, x152, x245);
uint32_t x294, uint8_t x295 = addcarryx_u32(x292, x155, x248);
uint32_t x297, uint8_t x298 = addcarryx_u32(x295, x158, x251);
uint32_t x300, uint8_t x301 = addcarryx_u32(x298, x161, x254);
uint32_t x303, uint8_t x304 = addcarryx_u32(x301, x164, x257);
uint32_t x306, uint8_t x307 = addcarryx_u32(x304, x167, x259);
uint8_t x308 = (x307 + x168);
uint32_t x310, uint32_t x311 = mulx_u32(x5, x31);
uint32_t x313, uint32_t x314 = mulx_u32(x5, x33);
uint32_t x316, uint32_t x317 = mulx_u32(x5, x35);
uint32_t x319, uint32_t x320 = mulx_u32(x5, x37);
uint32_t x322, uint32_t x323 = mulx_u32(x5, x39);
uint32_t x325, uint32_t x326 = mulx_u32(x5, x41);
uint32_t x328, uint32_t x329 = mulx_u32(x5, x43);
uint32_t x331, uint32_t x332 = mulx_u32(x5, x45);
uint32_t x334, uint32_t x335 = mulx_u32(x5, x47);
uint32_t x337, uint32_t x338 = mulx_u32(x5, x49);
uint32_t x340, uint32_t x341 = mulx_u32(x5, x51);
uint32_t x343, uint32_t x344 = mulx_u32(x5, x53);
uint32_t x346, uint32_t x347 = mulx_u32(x5, x55);
uint32_t x349, uint32_t x350 = mulx_u32(x5, x57);
uint32_t x352, uint32_t x353 = mulx_u32(x5, x56);
uint32_t x355, uint8_t x356 = addcarryx_u32(0x0, x311, x313);
uint32_t x358, uint8_t x359 = addcarryx_u32(x356, x314, x316);
uint32_t x361, uint8_t x362 = addcarryx_u32(x359, x317, x319);
uint32_t x364, uint8_t x365 = addcarryx_u32(x362, x320, x322);
uint32_t x367, uint8_t x368 = addcarryx_u32(x365, x323, x325);
uint32_t x370, uint8_t x371 = addcarryx_u32(x368, x326, x328);
uint32_t x373, uint8_t x374 = addcarryx_u32(x371, x329, x331);
uint32_t x376, uint8_t x377 = addcarryx_u32(x374, x332, x334);
uint32_t x379, uint8_t x380 = addcarryx_u32(x377, x335, x337);
uint32_t x382, uint8_t x383 = addcarryx_u32(x380, x338, x340);
uint32_t x385, uint8_t x386 = addcarryx_u32(x383, x341, x343);
uint32_t x388, uint8_t x389 = addcarryx_u32(x386, x344, x346);
uint32_t x391, uint8_t x392 = addcarryx_u32(x389, x347, x349);
uint32_t x394, uint8_t x395 = addcarryx_u32(x392, x350, x352);
uint32_t x397, uint8_t _ = addcarryx_u32(0x0, x395, x353);
uint32_t x400, uint8_t x401 = addcarryx_u32(0x0, x264, x310);
uint32_t x403, uint8_t x404 = addcarryx_u32(x401, x267, x355);
uint32_t x406, uint8_t x407 = addcarryx_u32(x404, x270, x358);
uint32_t x409, uint8_t x410 = addcarryx_u32(x407, x273, x361);
uint32_t x412, uint8_t x413 = addcarryx_u32(x410, x276, x364);
uint32_t x415, uint8_t x416 = addcarryx_u32(x413, x279, x367);
uint32_t x418, uint8_t x419 = addcarryx_u32(x416, x282, x370);
uint32_t x421, uint8_t x422 = addcarryx_u32(x419, x285, x373);
uint32_t x424, uint8_t x425 = addcarryx_u32(x422, x288, x376);
uint32_t x427, uint8_t x428 = addcarryx_u32(x425, x291, x379);
uint32_t x430, uint8_t x431 = addcarryx_u32(x428, x294, x382);
uint32_t x433, uint8_t x434 = addcarryx_u32(x431, x297, x385);
uint32_t x436, uint8_t x437 = addcarryx_u32(x434, x300, x388);
uint32_t x439, uint8_t x440 = addcarryx_u32(x437, x303, x391);
uint32_t x442, uint8_t x443 = addcarryx_u32(x440, x306, x394);
uint32_t x445, uint8_t x446 = addcarryx_u32(x443, x308, x397);
uint32_t x448, uint32_t _ = mulx_u32(x400, 0xaaaaaaab);
uint32_t x451, uint32_t x452 = mulx_u32(x448, 0xfffffffd);
uint32_t x454, uint32_t x455 = mulx_u32(x448, 0xffffffff);
uint32_t x457, uint32_t x458 = mulx_u32(x448, 0xffffffff);
uint32_t x460, uint32_t x461 = mulx_u32(x448, 0xffffffff);
uint32_t x463, uint32_t x464 = mulx_u32(x448, 0xffffffff);
uint32_t x466, uint32_t x467 = mulx_u32(x448, 0xffffffff);
uint32_t x469, uint32_t x470 = mulx_u32(x448, 0xffffffff);
uint32_t x472, uint32_t x473 = mulx_u32(x448, 0xffffffff);
uint32_t x475, uint32_t x476 = mulx_u32(x448, 0xffffffff);
uint32_t x478, uint32_t x479 = mulx_u32(x448, 0xffffffff);
uint32_t x481, uint32_t x482 = mulx_u32(x448, 0xffffffff);
uint32_t x484, uint32_t x485 = mulx_u32(x448, 0xffffffff);
uint32_t x487, uint32_t x488 = mulx_u32(x448, 0xffffffff);
uint32_t x490, uint32_t x491 = mulx_u32(x448, 0xffffffff);
uint32_t x493, uint8_t x494 = mulx_u32_out_u8(x448, 0xf);
uint32_t x496, uint8_t x497 = addcarryx_u32(0x0, x452, x454);
uint32_t x499, uint8_t x500 = addcarryx_u32(x497, x455, x457);
uint32_t x502, uint8_t x503 = addcarryx_u32(x500, x458, x460);
uint32_t x505, uint8_t x506 = addcarryx_u32(x503, x461, x463);
uint32_t x508, uint8_t x509 = addcarryx_u32(x506, x464, x466);
uint32_t x511, uint8_t x512 = addcarryx_u32(x509, x467, x469);
uint32_t x514, uint8_t x515 = addcarryx_u32(x512, x470, x472);
uint32_t x517, uint8_t x518 = addcarryx_u32(x515, x473, x475);
uint32_t x520, uint8_t x521 = addcarryx_u32(x518, x476, x478);
uint32_t x523, uint8_t x524 = addcarryx_u32(x521, x479, x481);
uint32_t x526, uint8_t x527 = addcarryx_u32(x524, x482, x484);
uint32_t x529, uint8_t x530 = addcarryx_u32(x527, x485, x487);
uint32_t x532, uint8_t x533 = addcarryx_u32(x530, x488, x490);
uint32_t x535, uint8_t x536 = addcarryx_u32(x533, x491, x493);
uint8_t x537 = (x536 + x494);
uint32_t _, uint8_t x540 = addcarryx_u32(0x0, x400, x451);
uint32_t x542, uint8_t x543 = addcarryx_u32(x540, x403, x496);
uint32_t x545, uint8_t x546 = addcarryx_u32(x543, x406, x499);
uint32_t x548, uint8_t x549 = addcarryx_u32(x546, x409, x502);
uint32_t x551, uint8_t x552 = addcarryx_u32(x549, x412, x505);
uint32_t x554, uint8_t x555 = addcarryx_u32(x552, x415, x508);
uint32_t x557, uint8_t x558 = addcarryx_u32(x555, x418, x511);
uint32_t x560, uint8_t x561 = addcarryx_u32(x558, x421, x514);
uint32_t x563, uint8_t x564 = addcarryx_u32(x561, x424, x517);
uint32_t x566, uint8_t x567 = addcarryx_u32(x564, x427, x520);
uint32_t x569, uint8_t x570 = addcarryx_u32(x567, x430, x523);
uint32_t x572, uint8_t x573 = addcarryx_u32(x570, x433, x526);
uint32_t x575, uint8_t x576 = addcarryx_u32(x573, x436, x529);
uint32_t x578, uint8_t x579 = addcarryx_u32(x576, x439, x532);
uint32_t x581, uint8_t x582 = addcarryx_u32(x579, x442, x535);
uint32_t x584, uint8_t x585 = addcarryx_u32(x582, x445, x537);
uint8_t x586 = (x585 + x446);
uint32_t x588, uint32_t x589 = mulx_u32(x7, x31);
uint32_t x591, uint32_t x592 = mulx_u32(x7, x33);
uint32_t x594, uint32_t x595 = mulx_u32(x7, x35);
uint32_t x597, uint32_t x598 = mulx_u32(x7, x37);
uint32_t x600, uint32_t x601 = mulx_u32(x7, x39);
uint32_t x603, uint32_t x604 = mulx_u32(x7, x41);
uint32_t x606, uint32_t x607 = mulx_u32(x7, x43);
uint32_t x609, uint32_t x610 = mulx_u32(x7, x45);
uint32_t x612, uint32_t x613 = mulx_u32(x7, x47);
uint32_t x615, uint32_t x616 = mulx_u32(x7, x49);
uint32_t x618, uint32_t x619 = mulx_u32(x7, x51);
uint32_t x621, uint32_t x622 = mulx_u32(x7, x53);
uint32_t x624, uint32_t x625 = mulx_u32(x7, x55);
uint32_t x627, uint32_t x628 = mulx_u32(x7, x57);
uint32_t x630, uint32_t x631 = mulx_u32(x7, x56);
uint32_t x633, uint8_t x634 = addcarryx_u32(0x0, x589, x591);
uint32_t x636, uint8_t x637 = addcarryx_u32(x634, x592, x594);
uint32_t x639, uint8_t x640 = addcarryx_u32(x637, x595, x597);
uint32_t x642, uint8_t x643 = addcarryx_u32(x640, x598, x600);
uint32_t x645, uint8_t x646 = addcarryx_u32(x643, x601, x603);
uint32_t x648, uint8_t x649 = addcarryx_u32(x646, x604, x606);
uint32_t x651, uint8_t x652 = addcarryx_u32(x649, x607, x609);
uint32_t x654, uint8_t x655 = addcarryx_u32(x652, x610, x612);
uint32_t x657, uint8_t x658 = addcarryx_u32(x655, x613, x615);
uint32_t x660, uint8_t x661 = addcarryx_u32(x658, x616, x618);
uint32_t x663, uint8_t x664 = addcarryx_u32(x661, x619, x621);
uint32_t x666, uint8_t x667 = addcarryx_u32(x664, x622, x624);
uint32_t x669, uint8_t x670 = addcarryx_u32(x667, x625, x627);
uint32_t x672, uint8_t x673 = addcarryx_u32(x670, x628, x630);
uint32_t x675, uint8_t _ = addcarryx_u32(0x0, x673, x631);
uint32_t x678, uint8_t x679 = addcarryx_u32(0x0, x542, x588);
uint32_t x681, uint8_t x682 = addcarryx_u32(x679, x545, x633);
uint32_t x684, uint8_t x685 = addcarryx_u32(x682, x548, x636);
uint32_t x687, uint8_t x688 = addcarryx_u32(x685, x551, x639);
uint32_t x690, uint8_t x691 = addcarryx_u32(x688, x554, x642);
uint32_t x693, uint8_t x694 = addcarryx_u32(x691, x557, x645);
uint32_t x696, uint8_t x697 = addcarryx_u32(x694, x560, x648);
uint32_t x699, uint8_t x700 = addcarryx_u32(x697, x563, x651);
uint32_t x702, uint8_t x703 = addcarryx_u32(x700, x566, x654);
uint32_t x705, uint8_t x706 = addcarryx_u32(x703, x569, x657);
uint32_t x708, uint8_t x709 = addcarryx_u32(x706, x572, x660);
uint32_t x711, uint8_t x712 = addcarryx_u32(x709, x575, x663);
uint32_t x714, uint8_t x715 = addcarryx_u32(x712, x578, x666);
uint32_t x717, uint8_t x718 = addcarryx_u32(x715, x581, x669);
uint32_t x720, uint8_t x721 = addcarryx_u32(x718, x584, x672);
uint32_t x723, uint8_t x724 = addcarryx_u32(x721, x586, x675);
uint32_t x726, uint32_t _ = mulx_u32(x678, 0xaaaaaaab);
uint32_t x729, uint32_t x730 = mulx_u32(x726, 0xfffffffd);
uint32_t x732, uint32_t x733 = mulx_u32(x726, 0xffffffff);
uint32_t x735, uint32_t x736 = mulx_u32(x726, 0xffffffff);
uint32_t x738, uint32_t x739 = mulx_u32(x726, 0xffffffff);
uint32_t x741, uint32_t x742 = mulx_u32(x726, 0xffffffff);
uint32_t x744, uint32_t x745 = mulx_u32(x726, 0xffffffff);
uint32_t x747, uint32_t x748 = mulx_u32(x726, 0xffffffff);
uint32_t x750, uint32_t x751 = mulx_u32(x726, 0xffffffff);
uint32_t x753, uint32_t x754 = mulx_u32(x726, 0xffffffff);
uint32_t x756, uint32_t x757 = mulx_u32(x726, 0xffffffff);
uint32_t x759, uint32_t x760 = mulx_u32(x726, 0xffffffff);
uint32_t x762, uint32_t x763 = mulx_u32(x726, 0xffffffff);
uint32_t x765, uint32_t x766 = mulx_u32(x726, 0xffffffff);
uint32_t x768, uint32_t x769 = mulx_u32(x726, 0xffffffff);
uint32_t x771, uint8_t x772 = mulx_u32_out_u8(x726, 0xf);
uint32_t x774, uint8_t x775 = addcarryx_u32(0x0, x730, x732);
uint32_t x777, uint8_t x778 = addcarryx_u32(x775, x733, x735);
uint32_t x780, uint8_t x781 = addcarryx_u32(x778, x736, x738);
uint32_t x783, uint8_t x784 = addcarryx_u32(x781, x739, x741);
uint32_t x786, uint8_t x787 = addcarryx_u32(x784, x742, x744);
uint32_t x789, uint8_t x790 = addcarryx_u32(x787, x745, x747);
uint32_t x792, uint8_t x793 = addcarryx_u32(x790, x748, x750);
uint32_t x795, uint8_t x796 = addcarryx_u32(x793, x751, x753);
uint32_t x798, uint8_t x799 = addcarryx_u32(x796, x754, x756);
uint32_t x801, uint8_t x802 = addcarryx_u32(x799, x757, x759);
uint32_t x804, uint8_t x805 = addcarryx_u32(x802, x760, x762);
uint32_t x807, uint8_t x808 = addcarryx_u32(x805, x763, x765);
uint32_t x810, uint8_t x811 = addcarryx_u32(x808, x766, x768);
uint32_t x813, uint8_t x814 = addcarryx_u32(x811, x769, x771);
uint8_t x815 = (x814 + x772);
uint32_t _, uint8_t x818 = addcarryx_u32(0x0, x678, x729);
uint32_t x820, uint8_t x821 = addcarryx_u32(x818, x681, x774);
uint32_t x823, uint8_t x824 = addcarryx_u32(x821, x684, x777);
uint32_t x826, uint8_t x827 = addcarryx_u32(x824, x687, x780);
uint32_t x829, uint8_t x830 = addcarryx_u32(x827, x690, x783);
uint32_t x832, uint8_t x833 = addcarryx_u32(x830, x693, x786);
uint32_t x835, uint8_t x836 = addcarryx_u32(x833, x696, x789);
uint32_t x838, uint8_t x839 = addcarryx_u32(x836, x699, x792);
uint32_t x841, uint8_t x842 = addcarryx_u32(x839, x702, x795);
uint32_t x844, uint8_t x845 = addcarryx_u32(x842, x705, x798);
uint32_t x847, uint8_t x848 = addcarryx_u32(x845, x708, x801);
uint32_t x850, uint8_t x851 = addcarryx_u32(x848, x711, x804);
uint32_t x853, uint8_t x854 = addcarryx_u32(x851, x714, x807);
uint32_t x856, uint8_t x857 = addcarryx_u32(x854, x717, x810);
uint32_t x859, uint8_t x860 = addcarryx_u32(x857, x720, x813);
uint32_t x862, uint8_t x863 = addcarryx_u32(x860, x723, x815);
uint8_t x864 = (x863 + x724);
uint32_t x866, uint32_t x867 = mulx_u32(x9, x31);
uint32_t x869, uint32_t x870 = mulx_u32(x9, x33);
uint32_t x872, uint32_t x873 = mulx_u32(x9, x35);
uint32_t x875, uint32_t x876 = mulx_u32(x9, x37);
uint32_t x878, uint32_t x879 = mulx_u32(x9, x39);
uint32_t x881, uint32_t x882 = mulx_u32(x9, x41);
uint32_t x884, uint32_t x885 = mulx_u32(x9, x43);
uint32_t x887, uint32_t x888 = mulx_u32(x9, x45);
uint32_t x890, uint32_t x891 = mulx_u32(x9, x47);
uint32_t x893, uint32_t x894 = mulx_u32(x9, x49);
uint32_t x896, uint32_t x897 = mulx_u32(x9, x51);
uint32_t x899, uint32_t x900 = mulx_u32(x9, x53);
uint32_t x902, uint32_t x903 = mulx_u32(x9, x55);
uint32_t x905, uint32_t x906 = mulx_u32(x9, x57);
uint32_t x908, uint32_t x909 = mulx_u32(x9, x56);
uint32_t x911, uint8_t x912 = addcarryx_u32(0x0, x867, x869);
uint32_t x914, uint8_t x915 = addcarryx_u32(x912, x870, x872);
uint32_t x917, uint8_t x918 = addcarryx_u32(x915, x873, x875);
uint32_t x920, uint8_t x921 = addcarryx_u32(x918, x876, x878);
uint32_t x923, uint8_t x924 = addcarryx_u32(x921, x879, x881);
uint32_t x926, uint8_t x927 = addcarryx_u32(x924, x882, x884);
uint32_t x929, uint8_t x930 = addcarryx_u32(x927, x885, x887);
uint32_t x932, uint8_t x933 = addcarryx_u32(x930, x888, x890);
uint32_t x935, uint8_t x936 = addcarryx_u32(x933, x891, x893);
uint32_t x938, uint8_t x939 = addcarryx_u32(x936, x894, x896);
uint32_t x941, uint8_t x942 = addcarryx_u32(x939, x897, x899);
uint32_t x944, uint8_t x945 = addcarryx_u32(x942, x900, x902);
uint32_t x947, uint8_t x948 = addcarryx_u32(x945, x903, x905);
uint32_t x950, uint8_t x951 = addcarryx_u32(x948, x906, x908);
uint32_t x953, uint8_t _ = addcarryx_u32(0x0, x951, x909);
uint32_t x956, uint8_t x957 = addcarryx_u32(0x0, x820, x866);
uint32_t x959, uint8_t x960 = addcarryx_u32(x957, x823, x911);
uint32_t x962, uint8_t x963 = addcarryx_u32(x960, x826, x914);
uint32_t x965, uint8_t x966 = addcarryx_u32(x963, x829, x917);
uint32_t x968, uint8_t x969 = addcarryx_u32(x966, x832, x920);
uint32_t x971, uint8_t x972 = addcarryx_u32(x969, x835, x923);
uint32_t x974, uint8_t x975 = addcarryx_u32(x972, x838, x926);
uint32_t x977, uint8_t x978 = addcarryx_u32(x975, x841, x929);
uint32_t x980, uint8_t x981 = addcarryx_u32(x978, x844, x932);
uint32_t x983, uint8_t x984 = addcarryx_u32(x981, x847, x935);
uint32_t x986, uint8_t x987 = addcarryx_u32(x984, x850, x938);
uint32_t x989, uint8_t x990 = addcarryx_u32(x987, x853, x941);
uint32_t x992, uint8_t x993 = addcarryx_u32(x990, x856, x944);
uint32_t x995, uint8_t x996 = addcarryx_u32(x993, x859, x947);
uint32_t x998, uint8_t x999 = addcarryx_u32(x996, x862, x950);
uint32_t x1001, uint8_t x1002 = addcarryx_u32(x999, x864, x953);
uint32_t x1004, uint32_t _ = mulx_u32(x956, 0xaaaaaaab);
uint32_t x1007, uint32_t x1008 = mulx_u32(x1004, 0xfffffffd);
uint32_t x1010, uint32_t x1011 = mulx_u32(x1004, 0xffffffff);
uint32_t x1013, uint32_t x1014 = mulx_u32(x1004, 0xffffffff);
uint32_t x1016, uint32_t x1017 = mulx_u32(x1004, 0xffffffff);
uint32_t x1019, uint32_t x1020 = mulx_u32(x1004, 0xffffffff);
uint32_t x1022, uint32_t x1023 = mulx_u32(x1004, 0xffffffff);
uint32_t x1025, uint32_t x1026 = mulx_u32(x1004, 0xffffffff);
uint32_t x1028, uint32_t x1029 = mulx_u32(x1004, 0xffffffff);
uint32_t x1031, uint32_t x1032 = mulx_u32(x1004, 0xffffffff);
uint32_t x1034, uint32_t x1035 = mulx_u32(x1004, 0xffffffff);
uint32_t x1037, uint32_t x1038 = mulx_u32(x1004, 0xffffffff);
uint32_t x1040, uint32_t x1041 = mulx_u32(x1004, 0xffffffff);
uint32_t x1043, uint32_t x1044 = mulx_u32(x1004, 0xffffffff);
uint32_t x1046, uint32_t x1047 = mulx_u32(x1004, 0xffffffff);
uint32_t x1049, uint8_t x1050 = mulx_u32_out_u8(x1004, 0xf);
uint32_t x1052, uint8_t x1053 = addcarryx_u32(0x0, x1008, x1010);
uint32_t x1055, uint8_t x1056 = addcarryx_u32(x1053, x1011, x1013);
uint32_t x1058, uint8_t x1059 = addcarryx_u32(x1056, x1014, x1016);
uint32_t x1061, uint8_t x1062 = addcarryx_u32(x1059, x1017, x1019);
uint32_t x1064, uint8_t x1065 = addcarryx_u32(x1062, x1020, x1022);
uint32_t x1067, uint8_t x1068 = addcarryx_u32(x1065, x1023, x1025);
uint32_t x1070, uint8_t x1071 = addcarryx_u32(x1068, x1026, x1028);
uint32_t x1073, uint8_t x1074 = addcarryx_u32(x1071, x1029, x1031);
uint32_t x1076, uint8_t x1077 = addcarryx_u32(x1074, x1032, x1034);
uint32_t x1079, uint8_t x1080 = addcarryx_u32(x1077, x1035, x1037);
uint32_t x1082, uint8_t x1083 = addcarryx_u32(x1080, x1038, x1040);
uint32_t x1085, uint8_t x1086 = addcarryx_u32(x1083, x1041, x1043);
uint32_t x1088, uint8_t x1089 = addcarryx_u32(x1086, x1044, x1046);
uint32_t x1091, uint8_t x1092 = addcarryx_u32(x1089, x1047, x1049);
uint8_t x1093 = (x1092 + x1050);
uint32_t _, uint8_t x1096 = addcarryx_u32(0x0, x956, x1007);
uint32_t x1098, uint8_t x1099 = addcarryx_u32(x1096, x959, x1052);
uint32_t x1101, uint8_t x1102 = addcarryx_u32(x1099, x962, x1055);
uint32_t x1104, uint8_t x1105 = addcarryx_u32(x1102, x965, x1058);
uint32_t x1107, uint8_t x1108 = addcarryx_u32(x1105, x968, x1061);
uint32_t x1110, uint8_t x1111 = addcarryx_u32(x1108, x971, x1064);
uint32_t x1113, uint8_t x1114 = addcarryx_u32(x1111, x974, x1067);
uint32_t x1116, uint8_t x1117 = addcarryx_u32(x1114, x977, x1070);
uint32_t x1119, uint8_t x1120 = addcarryx_u32(x1117, x980, x1073);
uint32_t x1122, uint8_t x1123 = addcarryx_u32(x1120, x983, x1076);
uint32_t x1125, uint8_t x1126 = addcarryx_u32(x1123, x986, x1079);
uint32_t x1128, uint8_t x1129 = addcarryx_u32(x1126, x989, x1082);
uint32_t x1131, uint8_t x1132 = addcarryx_u32(x1129, x992, x1085);
uint32_t x1134, uint8_t x1135 = addcarryx_u32(x1132, x995, x1088);
uint32_t x1137, uint8_t x1138 = addcarryx_u32(x1135, x998, x1091);
uint32_t x1140, uint8_t x1141 = addcarryx_u32(x1138, x1001, x1093);
uint8_t x1142 = (x1141 + x1002);
uint32_t x1144, uint32_t x1145 = mulx_u32(x11, x31);
uint32_t x1147, uint32_t x1148 = mulx_u32(x11, x33);
uint32_t x1150, uint32_t x1151 = mulx_u32(x11, x35);
uint32_t x1153, uint32_t x1154 = mulx_u32(x11, x37);
uint32_t x1156, uint32_t x1157 = mulx_u32(x11, x39);
uint32_t x1159, uint32_t x1160 = mulx_u32(x11, x41);
uint32_t x1162, uint32_t x1163 = mulx_u32(x11, x43);
uint32_t x1165, uint32_t x1166 = mulx_u32(x11, x45);
uint32_t x1168, uint32_t x1169 = mulx_u32(x11, x47);
uint32_t x1171, uint32_t x1172 = mulx_u32(x11, x49);
uint32_t x1174, uint32_t x1175 = mulx_u32(x11, x51);
uint32_t x1177, uint32_t x1178 = mulx_u32(x11, x53);
uint32_t x1180, uint32_t x1181 = mulx_u32(x11, x55);
uint32_t x1183, uint32_t x1184 = mulx_u32(x11, x57);
uint32_t x1186, uint32_t x1187 = mulx_u32(x11, x56);
uint32_t x1189, uint8_t x1190 = addcarryx_u32(0x0, x1145, x1147);
uint32_t x1192, uint8_t x1193 = addcarryx_u32(x1190, x1148, x1150);
uint32_t x1195, uint8_t x1196 = addcarryx_u32(x1193, x1151, x1153);
uint32_t x1198, uint8_t x1199 = addcarryx_u32(x1196, x1154, x1156);
uint32_t x1201, uint8_t x1202 = addcarryx_u32(x1199, x1157, x1159);
uint32_t x1204, uint8_t x1205 = addcarryx_u32(x1202, x1160, x1162);
uint32_t x1207, uint8_t x1208 = addcarryx_u32(x1205, x1163, x1165);
uint32_t x1210, uint8_t x1211 = addcarryx_u32(x1208, x1166, x1168);
uint32_t x1213, uint8_t x1214 = addcarryx_u32(x1211, x1169, x1171);
uint32_t x1216, uint8_t x1217 = addcarryx_u32(x1214, x1172, x1174);
uint32_t x1219, uint8_t x1220 = addcarryx_u32(x1217, x1175, x1177);
uint32_t x1222, uint8_t x1223 = addcarryx_u32(x1220, x1178, x1180);
uint32_t x1225, uint8_t x1226 = addcarryx_u32(x1223, x1181, x1183);
uint32_t x1228, uint8_t x1229 = addcarryx_u32(x1226, x1184, x1186);
uint32_t x1231, uint8_t _ = addcarryx_u32(0x0, x1229, x1187);
uint32_t x1234, uint8_t x1235 = addcarryx_u32(0x0, x1098, x1144);
uint32_t x1237, uint8_t x1238 = addcarryx_u32(x1235, x1101, x1189);
uint32_t x1240, uint8_t x1241 = addcarryx_u32(x1238, x1104, x1192);
uint32_t x1243, uint8_t x1244 = addcarryx_u32(x1241, x1107, x1195);
uint32_t x1246, uint8_t x1247 = addcarryx_u32(x1244, x1110, x1198);
uint32_t x1249, uint8_t x1250 = addcarryx_u32(x1247, x1113, x1201);
uint32_t x1252, uint8_t x1253 = addcarryx_u32(x1250, x1116, x1204);
uint32_t x1255, uint8_t x1256 = addcarryx_u32(x1253, x1119, x1207);
uint32_t x1258, uint8_t x1259 = addcarryx_u32(x1256, x1122, x1210);
uint32_t x1261, uint8_t x1262 = addcarryx_u32(x1259, x1125, x1213);
uint32_t x1264, uint8_t x1265 = addcarryx_u32(x1262, x1128, x1216);
uint32_t x1267, uint8_t x1268 = addcarryx_u32(x1265, x1131, x1219);
uint32_t x1270, uint8_t x1271 = addcarryx_u32(x1268, x1134, x1222);
uint32_t x1273, uint8_t x1274 = addcarryx_u32(x1271, x1137, x1225);
uint32_t x1276, uint8_t x1277 = addcarryx_u32(x1274, x1140, x1228);
uint32_t x1279, uint8_t x1280 = addcarryx_u32(x1277, x1142, x1231);
uint32_t x1282, uint32_t _ = mulx_u32(x1234, 0xaaaaaaab);
uint32_t x1285, uint32_t x1286 = mulx_u32(x1282, 0xfffffffd);
uint32_t x1288, uint32_t x1289 = mulx_u32(x1282, 0xffffffff);
uint32_t x1291, uint32_t x1292 = mulx_u32(x1282, 0xffffffff);
uint32_t x1294, uint32_t x1295 = mulx_u32(x1282, 0xffffffff);
uint32_t x1297, uint32_t x1298 = mulx_u32(x1282, 0xffffffff);
uint32_t x1300, uint32_t x1301 = mulx_u32(x1282, 0xffffffff);
uint32_t x1303, uint32_t x1304 = mulx_u32(x1282, 0xffffffff);
uint32_t x1306, uint32_t x1307 = mulx_u32(x1282, 0xffffffff);
uint32_t x1309, uint32_t x1310 = mulx_u32(x1282, 0xffffffff);
uint32_t x1312, uint32_t x1313 = mulx_u32(x1282, 0xffffffff);
uint32_t x1315, uint32_t x1316 = mulx_u32(x1282, 0xffffffff);
uint32_t x1318, uint32_t x1319 = mulx_u32(x1282, 0xffffffff);
uint32_t x1321, uint32_t x1322 = mulx_u32(x1282, 0xffffffff);
uint32_t x1324, uint32_t x1325 = mulx_u32(x1282, 0xffffffff);
uint32_t x1327, uint8_t x1328 = mulx_u32_out_u8(x1282, 0xf);
uint32_t x1330, uint8_t x1331 = addcarryx_u32(0x0, x1286, x1288);
uint32_t x1333, uint8_t x1334 = addcarryx_u32(x1331, x1289, x1291);
uint32_t x1336, uint8_t x1337 = addcarryx_u32(x1334, x1292, x1294);
uint32_t x1339, uint8_t x1340 = addcarryx_u32(x1337, x1295, x1297);
uint32_t x1342, uint8_t x1343 = addcarryx_u32(x1340, x1298, x1300);
uint32_t x1345, uint8_t x1346 = addcarryx_u32(x1343, x1301, x1303);
uint32_t x1348, uint8_t x1349 = addcarryx_u32(x1346, x1304, x1306);
uint32_t x1351, uint8_t x1352 = addcarryx_u32(x1349, x1307, x1309);
uint32_t x1354, uint8_t x1355 = addcarryx_u32(x1352, x1310, x1312);
uint32_t x1357, uint8_t x1358 = addcarryx_u32(x1355, x1313, x1315);
uint32_t x1360, uint8_t x1361 = addcarryx_u32(x1358, x1316, x1318);
uint32_t x1363, uint8_t x1364 = addcarryx_u32(x1361, x1319, x1321);
uint32_t x1366, uint8_t x1367 = addcarryx_u32(x1364, x1322, x1324);
uint32_t x1369, uint8_t x1370 = addcarryx_u32(x1367, x1325, x1327);
uint8_t x1371 = (x1370 + x1328);
uint32_t _, uint8_t x1374 = addcarryx_u32(0x0, x1234, x1285);
uint32_t x1376, uint8_t x1377 = addcarryx_u32(x1374, x1237, x1330);
uint32_t x1379, uint8_t x1380 = addcarryx_u32(x1377, x1240, x1333);
uint32_t x1382, uint8_t x1383 = addcarryx_u32(x1380, x1243, x1336);
uint32_t x1385, uint8_t x1386 = addcarryx_u32(x1383, x1246, x1339);
uint32_t x1388, uint8_t x1389 = addcarryx_u32(x1386, x1249, x1342);
uint32_t x1391, uint8_t x1392 = addcarryx_u32(x1389, x1252, x1345);
uint32_t x1394, uint8_t x1395 = addcarryx_u32(x1392, x1255, x1348);
uint32_t x1397, uint8_t x1398 = addcarryx_u32(x1395, x1258, x1351);
uint32_t x1400, uint8_t x1401 = addcarryx_u32(x1398, x1261, x1354);
uint32_t x1403, uint8_t x1404 = addcarryx_u32(x1401, x1264, x1357);
uint32_t x1406, uint8_t x1407 = addcarryx_u32(x1404, x1267, x1360);
uint32_t x1409, uint8_t x1410 = addcarryx_u32(x1407, x1270, x1363);
uint32_t x1412, uint8_t x1413 = addcarryx_u32(x1410, x1273, x1366);
uint32_t x1415, uint8_t x1416 = addcarryx_u32(x1413, x1276, x1369);
uint32_t x1418, uint8_t x1419 = addcarryx_u32(x1416, x1279, x1371);
uint8_t x1420 = (x1419 + x1280);
uint32_t x1422, uint32_t x1423 = mulx_u32(x13, x31);
uint32_t x1425, uint32_t x1426 = mulx_u32(x13, x33);
uint32_t x1428, uint32_t x1429 = mulx_u32(x13, x35);
uint32_t x1431, uint32_t x1432 = mulx_u32(x13, x37);
uint32_t x1434, uint32_t x1435 = mulx_u32(x13, x39);
uint32_t x1437, uint32_t x1438 = mulx_u32(x13, x41);
uint32_t x1440, uint32_t x1441 = mulx_u32(x13, x43);
uint32_t x1443, uint32_t x1444 = mulx_u32(x13, x45);
uint32_t x1446, uint32_t x1447 = mulx_u32(x13, x47);
uint32_t x1449, uint32_t x1450 = mulx_u32(x13, x49);
uint32_t x1452, uint32_t x1453 = mulx_u32(x13, x51);
uint32_t x1455, uint32_t x1456 = mulx_u32(x13, x53);
uint32_t x1458, uint32_t x1459 = mulx_u32(x13, x55);
uint32_t x1461, uint32_t x1462 = mulx_u32(x13, x57);
uint32_t x1464, uint32_t x1465 = mulx_u32(x13, x56);
uint32_t x1467, uint8_t x1468 = addcarryx_u32(0x0, x1423, x1425);
uint32_t x1470, uint8_t x1471 = addcarryx_u32(x1468, x1426, x1428);
uint32_t x1473, uint8_t x1474 = addcarryx_u32(x1471, x1429, x1431);
uint32_t x1476, uint8_t x1477 = addcarryx_u32(x1474, x1432, x1434);
uint32_t x1479, uint8_t x1480 = addcarryx_u32(x1477, x1435, x1437);
uint32_t x1482, uint8_t x1483 = addcarryx_u32(x1480, x1438, x1440);
uint32_t x1485, uint8_t x1486 = addcarryx_u32(x1483, x1441, x1443);
uint32_t x1488, uint8_t x1489 = addcarryx_u32(x1486, x1444, x1446);
uint32_t x1491, uint8_t x1492 = addcarryx_u32(x1489, x1447, x1449);
uint32_t x1494, uint8_t x1495 = addcarryx_u32(x1492, x1450, x1452);
uint32_t x1497, uint8_t x1498 = addcarryx_u32(x1495, x1453, x1455);
uint32_t x1500, uint8_t x1501 = addcarryx_u32(x1498, x1456, x1458);
uint32_t x1503, uint8_t x1504 = addcarryx_u32(x1501, x1459, x1461);
uint32_t x1506, uint8_t x1507 = addcarryx_u32(x1504, x1462, x1464);
uint32_t x1509, uint8_t _ = addcarryx_u32(0x0, x1507, x1465);
uint32_t x1512, uint8_t x1513 = addcarryx_u32(0x0, x1376, x1422);
uint32_t x1515, uint8_t x1516 = addcarryx_u32(x1513, x1379, x1467);
uint32_t x1518, uint8_t x1519 = addcarryx_u32(x1516, x1382, x1470);
uint32_t x1521, uint8_t x1522 = addcarryx_u32(x1519, x1385, x1473);
uint32_t x1524, uint8_t x1525 = addcarryx_u32(x1522, x1388, x1476);
uint32_t x1527, uint8_t x1528 = addcarryx_u32(x1525, x1391, x1479);
uint32_t x1530, uint8_t x1531 = addcarryx_u32(x1528, x1394, x1482);
uint32_t x1533, uint8_t x1534 = addcarryx_u32(x1531, x1397, x1485);
uint32_t x1536, uint8_t x1537 = addcarryx_u32(x1534, x1400, x1488);
uint32_t x1539, uint8_t x1540 = addcarryx_u32(x1537, x1403, x1491);
uint32_t x1542, uint8_t x1543 = addcarryx_u32(x1540, x1406, x1494);
uint32_t x1545, uint8_t x1546 = addcarryx_u32(x1543, x1409, x1497);
uint32_t x1548, uint8_t x1549 = addcarryx_u32(x1546, x1412, x1500);
uint32_t x1551, uint8_t x1552 = addcarryx_u32(x1549, x1415, x1503);
uint32_t x1554, uint8_t x1555 = addcarryx_u32(x1552, x1418, x1506);
uint32_t x1557, uint8_t x1558 = addcarryx_u32(x1555, x1420, x1509);
uint32_t x1560, uint32_t _ = mulx_u32(x1512, 0xaaaaaaab);
uint32_t x1563, uint32_t x1564 = mulx_u32(x1560, 0xfffffffd);
uint32_t x1566, uint32_t x1567 = mulx_u32(x1560, 0xffffffff);
uint32_t x1569, uint32_t x1570 = mulx_u32(x1560, 0xffffffff);
uint32_t x1572, uint32_t x1573 = mulx_u32(x1560, 0xffffffff);
uint32_t x1575, uint32_t x1576 = mulx_u32(x1560, 0xffffffff);
uint32_t x1578, uint32_t x1579 = mulx_u32(x1560, 0xffffffff);
uint32_t x1581, uint32_t x1582 = mulx_u32(x1560, 0xffffffff);
uint32_t x1584, uint32_t x1585 = mulx_u32(x1560, 0xffffffff);
uint32_t x1587, uint32_t x1588 = mulx_u32(x1560, 0xffffffff);
uint32_t x1590, uint32_t x1591 = mulx_u32(x1560, 0xffffffff);
uint32_t x1593, uint32_t x1594 = mulx_u32(x1560, 0xffffffff);
uint32_t x1596, uint32_t x1597 = mulx_u32(x1560, 0xffffffff);
uint32_t x1599, uint32_t x1600 = mulx_u32(x1560, 0xffffffff);
uint32_t x1602, uint32_t x1603 = mulx_u32(x1560, 0xffffffff);
uint32_t x1605, uint8_t x1606 = mulx_u32_out_u8(x1560, 0xf);
uint32_t x1608, uint8_t x1609 = addcarryx_u32(0x0, x1564, x1566);
uint32_t x1611, uint8_t x1612 = addcarryx_u32(x1609, x1567, x1569);
uint32_t x1614, uint8_t x1615 = addcarryx_u32(x1612, x1570, x1572);
uint32_t x1617, uint8_t x1618 = addcarryx_u32(x1615, x1573, x1575);
uint32_t x1620, uint8_t x1621 = addcarryx_u32(x1618, x1576, x1578);
uint32_t x1623, uint8_t x1624 = addcarryx_u32(x1621, x1579, x1581);
uint32_t x1626, uint8_t x1627 = addcarryx_u32(x1624, x1582, x1584);
uint32_t x1629, uint8_t x1630 = addcarryx_u32(x1627, x1585, x1587);
uint32_t x1632, uint8_t x1633 = addcarryx_u32(x1630, x1588, x1590);
uint32_t x1635, uint8_t x1636 = addcarryx_u32(x1633, x1591, x1593);
uint32_t x1638, uint8_t x1639 = addcarryx_u32(x1636, x1594, x1596);
uint32_t x1641, uint8_t x1642 = addcarryx_u32(x1639, x1597, x1599);
uint32_t x1644, uint8_t x1645 = addcarryx_u32(x1642, x1600, x1602);
uint32_t x1647, uint8_t x1648 = addcarryx_u32(x1645, x1603, x1605);
uint8_t x1649 = (x1648 + x1606);
uint32_t _, uint8_t x1652 = addcarryx_u32(0x0, x1512, x1563);
uint32_t x1654, uint8_t x1655 = addcarryx_u32(x1652, x1515, x1608);
uint32_t x1657, uint8_t x1658 = addcarryx_u32(x1655, x1518, x1611);
uint32_t x1660, uint8_t x1661 = addcarryx_u32(x1658, x1521, x1614);
uint32_t x1663, uint8_t x1664 = addcarryx_u32(x1661, x1524, x1617);
uint32_t x1666, uint8_t x1667 = addcarryx_u32(x1664, x1527, x1620);
uint32_t x1669, uint8_t x1670 = addcarryx_u32(x1667, x1530, x1623);
uint32_t x1672, uint8_t x1673 = addcarryx_u32(x1670, x1533, x1626);
uint32_t x1675, uint8_t x1676 = addcarryx_u32(x1673, x1536, x1629);
uint32_t x1678, uint8_t x1679 = addcarryx_u32(x1676, x1539, x1632);
uint32_t x1681, uint8_t x1682 = addcarryx_u32(x1679, x1542, x1635);
uint32_t x1684, uint8_t x1685 = addcarryx_u32(x1682, x1545, x1638);
uint32_t x1687, uint8_t x1688 = addcarryx_u32(x1685, x1548, x1641);
uint32_t x1690, uint8_t x1691 = addcarryx_u32(x1688, x1551, x1644);
uint32_t x1693, uint8_t x1694 = addcarryx_u32(x1691, x1554, x1647);
uint32_t x1696, uint8_t x1697 = addcarryx_u32(x1694, x1557, x1649);
uint8_t x1698 = (x1697 + x1558);
uint32_t x1700, uint32_t x1701 = mulx_u32(x15, x31);
uint32_t x1703, uint32_t x1704 = mulx_u32(x15, x33);
uint32_t x1706, uint32_t x1707 = mulx_u32(x15, x35);
uint32_t x1709, uint32_t x1710 = mulx_u32(x15, x37);
uint32_t x1712, uint32_t x1713 = mulx_u32(x15, x39);
uint32_t x1715, uint32_t x1716 = mulx_u32(x15, x41);
uint32_t x1718, uint32_t x1719 = mulx_u32(x15, x43);
uint32_t x1721, uint32_t x1722 = mulx_u32(x15, x45);
uint32_t x1724, uint32_t x1725 = mulx_u32(x15, x47);
uint32_t x1727, uint32_t x1728 = mulx_u32(x15, x49);
uint32_t x1730, uint32_t x1731 = mulx_u32(x15, x51);
uint32_t x1733, uint32_t x1734 = mulx_u32(x15, x53);
uint32_t x1736, uint32_t x1737 = mulx_u32(x15, x55);
uint32_t x1739, uint32_t x1740 = mulx_u32(x15, x57);
uint32_t x1742, uint32_t x1743 = mulx_u32(x15, x56);
uint32_t x1745, uint8_t x1746 = addcarryx_u32(0x0, x1701, x1703);
uint32_t x1748, uint8_t x1749 = addcarryx_u32(x1746, x1704, x1706);
uint32_t x1751, uint8_t x1752 = addcarryx_u32(x1749, x1707, x1709);
uint32_t x1754, uint8_t x1755 = addcarryx_u32(x1752, x1710, x1712);
uint32_t x1757, uint8_t x1758 = addcarryx_u32(x1755, x1713, x1715);
uint32_t x1760, uint8_t x1761 = addcarryx_u32(x1758, x1716, x1718);
uint32_t x1763, uint8_t x1764 = addcarryx_u32(x1761, x1719, x1721);
uint32_t x1766, uint8_t x1767 = addcarryx_u32(x1764, x1722, x1724);
uint32_t x1769, uint8_t x1770 = addcarryx_u32(x1767, x1725, x1727);
uint32_t x1772, uint8_t x1773 = addcarryx_u32(x1770, x1728, x1730);
uint32_t x1775, uint8_t x1776 = addcarryx_u32(x1773, x1731, x1733);
uint32_t x1778, uint8_t x1779 = addcarryx_u32(x1776, x1734, x1736);
uint32_t x1781, uint8_t x1782 = addcarryx_u32(x1779, x1737, x1739);
uint32_t x1784, uint8_t x1785 = addcarryx_u32(x1782, x1740, x1742);
uint32_t x1787, uint8_t _ = addcarryx_u32(0x0, x1785, x1743);
uint32_t x1790, uint8_t x1791 = addcarryx_u32(0x0, x1654, x1700);
uint32_t x1793, uint8_t x1794 = addcarryx_u32(x1791, x1657, x1745);
uint32_t x1796, uint8_t x1797 = addcarryx_u32(x1794, x1660, x1748);
uint32_t x1799, uint8_t x1800 = addcarryx_u32(x1797, x1663, x1751);
uint32_t x1802, uint8_t x1803 = addcarryx_u32(x1800, x1666, x1754);
uint32_t x1805, uint8_t x1806 = addcarryx_u32(x1803, x1669, x1757);
uint32_t x1808, uint8_t x1809 = addcarryx_u32(x1806, x1672, x1760);
uint32_t x1811, uint8_t x1812 = addcarryx_u32(x1809, x1675, x1763);
uint32_t x1814, uint8_t x1815 = addcarryx_u32(x1812, x1678, x1766);
uint32_t x1817, uint8_t x1818 = addcarryx_u32(x1815, x1681, x1769);
uint32_t x1820, uint8_t x1821 = addcarryx_u32(x1818, x1684, x1772);
uint32_t x1823, uint8_t x1824 = addcarryx_u32(x1821, x1687, x1775);
uint32_t x1826, uint8_t x1827 = addcarryx_u32(x1824, x1690, x1778);
uint32_t x1829, uint8_t x1830 = addcarryx_u32(x1827, x1693, x1781);
uint32_t x1832, uint8_t x1833 = addcarryx_u32(x1830, x1696, x1784);
uint32_t x1835, uint8_t x1836 = addcarryx_u32(x1833, x1698, x1787);
uint32_t x1838, uint32_t _ = mulx_u32(x1790, 0xaaaaaaab);
uint32_t x1841, uint32_t x1842 = mulx_u32(x1838, 0xfffffffd);
uint32_t x1844, uint32_t x1845 = mulx_u32(x1838, 0xffffffff);
uint32_t x1847, uint32_t x1848 = mulx_u32(x1838, 0xffffffff);
uint32_t x1850, uint32_t x1851 = mulx_u32(x1838, 0xffffffff);
uint32_t x1853, uint32_t x1854 = mulx_u32(x1838, 0xffffffff);
uint32_t x1856, uint32_t x1857 = mulx_u32(x1838, 0xffffffff);
uint32_t x1859, uint32_t x1860 = mulx_u32(x1838, 0xffffffff);
uint32_t x1862, uint32_t x1863 = mulx_u32(x1838, 0xffffffff);
uint32_t x1865, uint32_t x1866 = mulx_u32(x1838, 0xffffffff);
uint32_t x1868, uint32_t x1869 = mulx_u32(x1838, 0xffffffff);
uint32_t x1871, uint32_t x1872 = mulx_u32(x1838, 0xffffffff);
uint32_t x1874, uint32_t x1875 = mulx_u32(x1838, 0xffffffff);
uint32_t x1877, uint32_t x1878 = mulx_u32(x1838, 0xffffffff);
uint32_t x1880, uint32_t x1881 = mulx_u32(x1838, 0xffffffff);
uint32_t x1883, uint8_t x1884 = mulx_u32_out_u8(x1838, 0xf);
uint32_t x1886, uint8_t x1887 = addcarryx_u32(0x0, x1842, x1844);
uint32_t x1889, uint8_t x1890 = addcarryx_u32(x1887, x1845, x1847);
uint32_t x1892, uint8_t x1893 = addcarryx_u32(x1890, x1848, x1850);
uint32_t x1895, uint8_t x1896 = addcarryx_u32(x1893, x1851, x1853);
uint32_t x1898, uint8_t x1899 = addcarryx_u32(x1896, x1854, x1856);
uint32_t x1901, uint8_t x1902 = addcarryx_u32(x1899, x1857, x1859);
uint32_t x1904, uint8_t x1905 = addcarryx_u32(x1902, x1860, x1862);
uint32_t x1907, uint8_t x1908 = addcarryx_u32(x1905, x1863, x1865);
uint32_t x1910, uint8_t x1911 = addcarryx_u32(x1908, x1866, x1868);
uint32_t x1913, uint8_t x1914 = addcarryx_u32(x1911, x1869, x1871);
uint32_t x1916, uint8_t x1917 = addcarryx_u32(x1914, x1872, x1874);
uint32_t x1919, uint8_t x1920 = addcarryx_u32(x1917, x1875, x1877);
uint32_t x1922, uint8_t x1923 = addcarryx_u32(x1920, x1878, x1880);
uint32_t x1925, uint8_t x1926 = addcarryx_u32(x1923, x1881, x1883);
uint8_t x1927 = (x1926 + x1884);
uint32_t _, uint8_t x1930 = addcarryx_u32(0x0, x1790, x1841);
uint32_t x1932, uint8_t x1933 = addcarryx_u32(x1930, x1793, x1886);
uint32_t x1935, uint8_t x1936 = addcarryx_u32(x1933, x1796, x1889);
uint32_t x1938, uint8_t x1939 = addcarryx_u32(x1936, x1799, x1892);
uint32_t x1941, uint8_t x1942 = addcarryx_u32(x1939, x1802, x1895);
uint32_t x1944, uint8_t x1945 = addcarryx_u32(x1942, x1805, x1898);
uint32_t x1947, uint8_t x1948 = addcarryx_u32(x1945, x1808, x1901);
uint32_t x1950, uint8_t x1951 = addcarryx_u32(x1948, x1811, x1904);
uint32_t x1953, uint8_t x1954 = addcarryx_u32(x1951, x1814, x1907);
uint32_t x1956, uint8_t x1957 = addcarryx_u32(x1954, x1817, x1910);
uint32_t x1959, uint8_t x1960 = addcarryx_u32(x1957, x1820, x1913);
uint32_t x1962, uint8_t x1963 = addcarryx_u32(x1960, x1823, x1916);
uint32_t x1965, uint8_t x1966 = addcarryx_u32(x1963, x1826, x1919);
uint32_t x1968, uint8_t x1969 = addcarryx_u32(x1966, x1829, x1922);
uint32_t x1971, uint8_t x1972 = addcarryx_u32(x1969, x1832, x1925);
uint32_t x1974, uint8_t x1975 = addcarryx_u32(x1972, x1835, x1927);
uint8_t x1976 = (x1975 + x1836);
uint32_t x1978, uint32_t x1979 = mulx_u32(x17, x31);
uint32_t x1981, uint32_t x1982 = mulx_u32(x17, x33);
uint32_t x1984, uint32_t x1985 = mulx_u32(x17, x35);
uint32_t x1987, uint32_t x1988 = mulx_u32(x17, x37);
uint32_t x1990, uint32_t x1991 = mulx_u32(x17, x39);
uint32_t x1993, uint32_t x1994 = mulx_u32(x17, x41);
uint32_t x1996, uint32_t x1997 = mulx_u32(x17, x43);
uint32_t x1999, uint32_t x2000 = mulx_u32(x17, x45);
uint32_t x2002, uint32_t x2003 = mulx_u32(x17, x47);
uint32_t x2005, uint32_t x2006 = mulx_u32(x17, x49);
uint32_t x2008, uint32_t x2009 = mulx_u32(x17, x51);
uint32_t x2011, uint32_t x2012 = mulx_u32(x17, x53);
uint32_t x2014, uint32_t x2015 = mulx_u32(x17, x55);
uint32_t x2017, uint32_t x2018 = mulx_u32(x17, x57);
uint32_t x2020, uint32_t x2021 = mulx_u32(x17, x56);
uint32_t x2023, uint8_t x2024 = addcarryx_u32(0x0, x1979, x1981);
uint32_t x2026, uint8_t x2027 = addcarryx_u32(x2024, x1982, x1984);
uint32_t x2029, uint8_t x2030 = addcarryx_u32(x2027, x1985, x1987);
uint32_t x2032, uint8_t x2033 = addcarryx_u32(x2030, x1988, x1990);
uint32_t x2035, uint8_t x2036 = addcarryx_u32(x2033, x1991, x1993);
uint32_t x2038, uint8_t x2039 = addcarryx_u32(x2036, x1994, x1996);
uint32_t x2041, uint8_t x2042 = addcarryx_u32(x2039, x1997, x1999);
uint32_t x2044, uint8_t x2045 = addcarryx_u32(x2042, x2000, x2002);
uint32_t x2047, uint8_t x2048 = addcarryx_u32(x2045, x2003, x2005);
uint32_t x2050, uint8_t x2051 = addcarryx_u32(x2048, x2006, x2008);
uint32_t x2053, uint8_t x2054 = addcarryx_u32(x2051, x2009, x2011);
uint32_t x2056, uint8_t x2057 = addcarryx_u32(x2054, x2012, x2014);
uint32_t x2059, uint8_t x2060 = addcarryx_u32(x2057, x2015, x2017);
uint32_t x2062, uint8_t x2063 = addcarryx_u32(x2060, x2018, x2020);
uint32_t x2065, uint8_t _ = addcarryx_u32(0x0, x2063, x2021);
uint32_t x2068, uint8_t x2069 = addcarryx_u32(0x0, x1932, x1978);
uint32_t x2071, uint8_t x2072 = addcarryx_u32(x2069, x1935, x2023);
uint32_t x2074, uint8_t x2075 = addcarryx_u32(x2072, x1938, x2026);
uint32_t x2077, uint8_t x2078 = addcarryx_u32(x2075, x1941, x2029);
uint32_t x2080, uint8_t x2081 = addcarryx_u32(x2078, x1944, x2032);
uint32_t x2083, uint8_t x2084 = addcarryx_u32(x2081, x1947, x2035);
uint32_t x2086, uint8_t x2087 = addcarryx_u32(x2084, x1950, x2038);
uint32_t x2089, uint8_t x2090 = addcarryx_u32(x2087, x1953, x2041);
uint32_t x2092, uint8_t x2093 = addcarryx_u32(x2090, x1956, x2044);
uint32_t x2095, uint8_t x2096 = addcarryx_u32(x2093, x1959, x2047);
uint32_t x2098, uint8_t x2099 = addcarryx_u32(x2096, x1962, x2050);
uint32_t x2101, uint8_t x2102 = addcarryx_u32(x2099, x1965, x2053);
uint32_t x2104, uint8_t x2105 = addcarryx_u32(x2102, x1968, x2056);
uint32_t x2107, uint8_t x2108 = addcarryx_u32(x2105, x1971, x2059);
uint32_t x2110, uint8_t x2111 = addcarryx_u32(x2108, x1974, x2062);
uint32_t x2113, uint8_t x2114 = addcarryx_u32(x2111, x1976, x2065);
uint32_t x2116, uint32_t _ = mulx_u32(x2068, 0xaaaaaaab);
uint32_t x2119, uint32_t x2120 = mulx_u32(x2116, 0xfffffffd);
uint32_t x2122, uint32_t x2123 = mulx_u32(x2116, 0xffffffff);
uint32_t x2125, uint32_t x2126 = mulx_u32(x2116, 0xffffffff);
uint32_t x2128, uint32_t x2129 = mulx_u32(x2116, 0xffffffff);
uint32_t x2131, uint32_t x2132 = mulx_u32(x2116, 0xffffffff);
uint32_t x2134, uint32_t x2135 = mulx_u32(x2116, 0xffffffff);
uint32_t x2137, uint32_t x2138 = mulx_u32(x2116, 0xffffffff);
uint32_t x2140, uint32_t x2141 = mulx_u32(x2116, 0xffffffff);
uint32_t x2143, uint32_t x2144 = mulx_u32(x2116, 0xffffffff);
uint32_t x2146, uint32_t x2147 = mulx_u32(x2116, 0xffffffff);
uint32_t x2149, uint32_t x2150 = mulx_u32(x2116, 0xffffffff);
uint32_t x2152, uint32_t x2153 = mulx_u32(x2116, 0xffffffff);
uint32_t x2155, uint32_t x2156 = mulx_u32(x2116, 0xffffffff);
uint32_t x2158, uint32_t x2159 = mulx_u32(x2116, 0xffffffff);
uint32_t x2161, uint8_t x2162 = mulx_u32_out_u8(x2116, 0xf);
uint32_t x2164, uint8_t x2165 = addcarryx_u32(0x0, x2120, x2122);
uint32_t x2167, uint8_t x2168 = addcarryx_u32(x2165, x2123, x2125);
uint32_t x2170, uint8_t x2171 = addcarryx_u32(x2168, x2126, x2128);
uint32_t x2173, uint8_t x2174 = addcarryx_u32(x2171, x2129, x2131);
uint32_t x2176, uint8_t x2177 = addcarryx_u32(x2174, x2132, x2134);
uint32_t x2179, uint8_t x2180 = addcarryx_u32(x2177, x2135, x2137);
uint32_t x2182, uint8_t x2183 = addcarryx_u32(x2180, x2138, x2140);
uint32_t x2185, uint8_t x2186 = addcarryx_u32(x2183, x2141, x2143);
uint32_t x2188, uint8_t x2189 = addcarryx_u32(x2186, x2144, x2146);
uint32_t x2191, uint8_t x2192 = addcarryx_u32(x2189, x2147, x2149);
uint32_t x2194, uint8_t x2195 = addcarryx_u32(x2192, x2150, x2152);
uint32_t x2197, uint8_t x2198 = addcarryx_u32(x2195, x2153, x2155);
uint32_t x2200, uint8_t x2201 = addcarryx_u32(x2198, x2156, x2158);
uint32_t x2203, uint8_t x2204 = addcarryx_u32(x2201, x2159, x2161);
uint8_t x2205 = (x2204 + x2162);
uint32_t _, uint8_t x2208 = addcarryx_u32(0x0, x2068, x2119);
uint32_t x2210, uint8_t x2211 = addcarryx_u32(x2208, x2071, x2164);
uint32_t x2213, uint8_t x2214 = addcarryx_u32(x2211, x2074, x2167);
uint32_t x2216, uint8_t x2217 = addcarryx_u32(x2214, x2077, x2170);
uint32_t x2219, uint8_t x2220 = addcarryx_u32(x2217, x2080, x2173);
uint32_t x2222, uint8_t x2223 = addcarryx_u32(x2220, x2083, x2176);
uint32_t x2225, uint8_t x2226 = addcarryx_u32(x2223, x2086, x2179);
uint32_t x2228, uint8_t x2229 = addcarryx_u32(x2226, x2089, x2182);
uint32_t x2231, uint8_t x2232 = addcarryx_u32(x2229, x2092, x2185);
uint32_t x2234, uint8_t x2235 = addcarryx_u32(x2232, x2095, x2188);
uint32_t x2237, uint8_t x2238 = addcarryx_u32(x2235, x2098, x2191);
uint32_t x2240, uint8_t x2241 = addcarryx_u32(x2238, x2101, x2194);
uint32_t x2243, uint8_t x2244 = addcarryx_u32(x2241, x2104, x2197);
uint32_t x2246, uint8_t x2247 = addcarryx_u32(x2244, x2107, x2200);
uint32_t x2249, uint8_t x2250 = addcarryx_u32(x2247, x2110, x2203);
uint32_t x2252, uint8_t x2253 = addcarryx_u32(x2250, x2113, x2205);
uint8_t x2254 = (x2253 + x2114);
uint32_t x2256, uint32_t x2257 = mulx_u32(x19, x31);
uint32_t x2259, uint32_t x2260 = mulx_u32(x19, x33);
uint32_t x2262, uint32_t x2263 = mulx_u32(x19, x35);
uint32_t x2265, uint32_t x2266 = mulx_u32(x19, x37);
uint32_t x2268, uint32_t x2269 = mulx_u32(x19, x39);
uint32_t x2271, uint32_t x2272 = mulx_u32(x19, x41);
uint32_t x2274, uint32_t x2275 = mulx_u32(x19, x43);
uint32_t x2277, uint32_t x2278 = mulx_u32(x19, x45);
uint32_t x2280, uint32_t x2281 = mulx_u32(x19, x47);
uint32_t x2283, uint32_t x2284 = mulx_u32(x19, x49);
uint32_t x2286, uint32_t x2287 = mulx_u32(x19, x51);
uint32_t x2289, uint32_t x2290 = mulx_u32(x19, x53);
uint32_t x2292, uint32_t x2293 = mulx_u32(x19, x55);
uint32_t x2295, uint32_t x2296 = mulx_u32(x19, x57);
uint32_t x2298, uint32_t x2299 = mulx_u32(x19, x56);
uint32_t x2301, uint8_t x2302 = addcarryx_u32(0x0, x2257, x2259);
uint32_t x2304, uint8_t x2305 = addcarryx_u32(x2302, x2260, x2262);
uint32_t x2307, uint8_t x2308 = addcarryx_u32(x2305, x2263, x2265);
uint32_t x2310, uint8_t x2311 = addcarryx_u32(x2308, x2266, x2268);
uint32_t x2313, uint8_t x2314 = addcarryx_u32(x2311, x2269, x2271);
uint32_t x2316, uint8_t x2317 = addcarryx_u32(x2314, x2272, x2274);
uint32_t x2319, uint8_t x2320 = addcarryx_u32(x2317, x2275, x2277);
uint32_t x2322, uint8_t x2323 = addcarryx_u32(x2320, x2278, x2280);
uint32_t x2325, uint8_t x2326 = addcarryx_u32(x2323, x2281, x2283);
uint32_t x2328, uint8_t x2329 = addcarryx_u32(x2326, x2284, x2286);
uint32_t x2331, uint8_t x2332 = addcarryx_u32(x2329, x2287, x2289);
uint32_t x2334, uint8_t x2335 = addcarryx_u32(x2332, x2290, x2292);
uint32_t x2337, uint8_t x2338 = addcarryx_u32(x2335, x2293, x2295);
uint32_t x2340, uint8_t x2341 = addcarryx_u32(x2338, x2296, x2298);
uint32_t x2343, uint8_t _ = addcarryx_u32(0x0, x2341, x2299);
uint32_t x2346, uint8_t x2347 = addcarryx_u32(0x0, x2210, x2256);
uint32_t x2349, uint8_t x2350 = addcarryx_u32(x2347, x2213, x2301);
uint32_t x2352, uint8_t x2353 = addcarryx_u32(x2350, x2216, x2304);
uint32_t x2355, uint8_t x2356 = addcarryx_u32(x2353, x2219, x2307);
uint32_t x2358, uint8_t x2359 = addcarryx_u32(x2356, x2222, x2310);
uint32_t x2361, uint8_t x2362 = addcarryx_u32(x2359, x2225, x2313);
uint32_t x2364, uint8_t x2365 = addcarryx_u32(x2362, x2228, x2316);
uint32_t x2367, uint8_t x2368 = addcarryx_u32(x2365, x2231, x2319);
uint32_t x2370, uint8_t x2371 = addcarryx_u32(x2368, x2234, x2322);
uint32_t x2373, uint8_t x2374 = addcarryx_u32(x2371, x2237, x2325);
uint32_t x2376, uint8_t x2377 = addcarryx_u32(x2374, x2240, x2328);
uint32_t x2379, uint8_t x2380 = addcarryx_u32(x2377, x2243, x2331);
uint32_t x2382, uint8_t x2383 = addcarryx_u32(x2380, x2246, x2334);
uint32_t x2385, uint8_t x2386 = addcarryx_u32(x2383, x2249, x2337);
uint32_t x2388, uint8_t x2389 = addcarryx_u32(x2386, x2252, x2340);
uint32_t x2391, uint8_t x2392 = addcarryx_u32(x2389, x2254, x2343);
uint32_t x2394, uint32_t _ = mulx_u32(x2346, 0xaaaaaaab);
uint32_t x2397, uint32_t x2398 = mulx_u32(x2394, 0xfffffffd);
uint32_t x2400, uint32_t x2401 = mulx_u32(x2394, 0xffffffff);
uint32_t x2403, uint32_t x2404 = mulx_u32(x2394, 0xffffffff);
uint32_t x2406, uint32_t x2407 = mulx_u32(x2394, 0xffffffff);
uint32_t x2409, uint32_t x2410 = mulx_u32(x2394, 0xffffffff);
uint32_t x2412, uint32_t x2413 = mulx_u32(x2394, 0xffffffff);
uint32_t x2415, uint32_t x2416 = mulx_u32(x2394, 0xffffffff);
uint32_t x2418, uint32_t x2419 = mulx_u32(x2394, 0xffffffff);
uint32_t x2421, uint32_t x2422 = mulx_u32(x2394, 0xffffffff);
uint32_t x2424, uint32_t x2425 = mulx_u32(x2394, 0xffffffff);
uint32_t x2427, uint32_t x2428 = mulx_u32(x2394, 0xffffffff);
uint32_t x2430, uint32_t x2431 = mulx_u32(x2394, 0xffffffff);
uint32_t x2433, uint32_t x2434 = mulx_u32(x2394, 0xffffffff);
uint32_t x2436, uint32_t x2437 = mulx_u32(x2394, 0xffffffff);
uint32_t x2439, uint8_t x2440 = mulx_u32_out_u8(x2394, 0xf);
uint32_t x2442, uint8_t x2443 = addcarryx_u32(0x0, x2398, x2400);
uint32_t x2445, uint8_t x2446 = addcarryx_u32(x2443, x2401, x2403);
uint32_t x2448, uint8_t x2449 = addcarryx_u32(x2446, x2404, x2406);
uint32_t x2451, uint8_t x2452 = addcarryx_u32(x2449, x2407, x2409);
uint32_t x2454, uint8_t x2455 = addcarryx_u32(x2452, x2410, x2412);
uint32_t x2457, uint8_t x2458 = addcarryx_u32(x2455, x2413, x2415);
uint32_t x2460, uint8_t x2461 = addcarryx_u32(x2458, x2416, x2418);
uint32_t x2463, uint8_t x2464 = addcarryx_u32(x2461, x2419, x2421);
uint32_t x2466, uint8_t x2467 = addcarryx_u32(x2464, x2422, x2424);
uint32_t x2469, uint8_t x2470 = addcarryx_u32(x2467, x2425, x2427);
uint32_t x2472, uint8_t x2473 = addcarryx_u32(x2470, x2428, x2430);
uint32_t x2475, uint8_t x2476 = addcarryx_u32(x2473, x2431, x2433);
uint32_t x2478, uint8_t x2479 = addcarryx_u32(x2476, x2434, x2436);
uint32_t x2481, uint8_t x2482 = addcarryx_u32(x2479, x2437, x2439);
uint8_t x2483 = (x2482 + x2440);
uint32_t _, uint8_t x2486 = addcarryx_u32(0x0, x2346, x2397);
uint32_t x2488, uint8_t x2489 = addcarryx_u32(x2486, x2349, x2442);
uint32_t x2491, uint8_t x2492 = addcarryx_u32(x2489, x2352, x2445);
uint32_t x2494, uint8_t x2495 = addcarryx_u32(x2492, x2355, x2448);
uint32_t x2497, uint8_t x2498 = addcarryx_u32(x2495, x2358, x2451);
uint32_t x2500, uint8_t x2501 = addcarryx_u32(x2498, x2361, x2454);
uint32_t x2503, uint8_t x2504 = addcarryx_u32(x2501, x2364, x2457);
uint32_t x2506, uint8_t x2507 = addcarryx_u32(x2504, x2367, x2460);
uint32_t x2509, uint8_t x2510 = addcarryx_u32(x2507, x2370, x2463);
uint32_t x2512, uint8_t x2513 = addcarryx_u32(x2510, x2373, x2466);
uint32_t x2515, uint8_t x2516 = addcarryx_u32(x2513, x2376, x2469);
uint32_t x2518, uint8_t x2519 = addcarryx_u32(x2516, x2379, x2472);
uint32_t x2521, uint8_t x2522 = addcarryx_u32(x2519, x2382, x2475);
uint32_t x2524, uint8_t x2525 = addcarryx_u32(x2522, x2385, x2478);
uint32_t x2527, uint8_t x2528 = addcarryx_u32(x2525, x2388, x2481);
uint32_t x2530, uint8_t x2531 = addcarryx_u32(x2528, x2391, x2483);
uint8_t x2532 = (x2531 + x2392);
uint32_t x2534, uint32_t x2535 = mulx_u32(x21, x31);
uint32_t x2537, uint32_t x2538 = mulx_u32(x21, x33);
uint32_t x2540, uint32_t x2541 = mulx_u32(x21, x35);
uint32_t x2543, uint32_t x2544 = mulx_u32(x21, x37);
uint32_t x2546, uint32_t x2547 = mulx_u32(x21, x39);
uint32_t x2549, uint32_t x2550 = mulx_u32(x21, x41);
uint32_t x2552, uint32_t x2553 = mulx_u32(x21, x43);
uint32_t x2555, uint32_t x2556 = mulx_u32(x21, x45);
uint32_t x2558, uint32_t x2559 = mulx_u32(x21, x47);
uint32_t x2561, uint32_t x2562 = mulx_u32(x21, x49);
uint32_t x2564, uint32_t x2565 = mulx_u32(x21, x51);
uint32_t x2567, uint32_t x2568 = mulx_u32(x21, x53);
uint32_t x2570, uint32_t x2571 = mulx_u32(x21, x55);
uint32_t x2573, uint32_t x2574 = mulx_u32(x21, x57);
uint32_t x2576, uint32_t x2577 = mulx_u32(x21, x56);
uint32_t x2579, uint8_t x2580 = addcarryx_u32(0x0, x2535, x2537);
uint32_t x2582, uint8_t x2583 = addcarryx_u32(x2580, x2538, x2540);
uint32_t x2585, uint8_t x2586 = addcarryx_u32(x2583, x2541, x2543);
uint32_t x2588, uint8_t x2589 = addcarryx_u32(x2586, x2544, x2546);
uint32_t x2591, uint8_t x2592 = addcarryx_u32(x2589, x2547, x2549);
uint32_t x2594, uint8_t x2595 = addcarryx_u32(x2592, x2550, x2552);
uint32_t x2597, uint8_t x2598 = addcarryx_u32(x2595, x2553, x2555);
uint32_t x2600, uint8_t x2601 = addcarryx_u32(x2598, x2556, x2558);
uint32_t x2603, uint8_t x2604 = addcarryx_u32(x2601, x2559, x2561);
uint32_t x2606, uint8_t x2607 = addcarryx_u32(x2604, x2562, x2564);
uint32_t x2609, uint8_t x2610 = addcarryx_u32(x2607, x2565, x2567);
uint32_t x2612, uint8_t x2613 = addcarryx_u32(x2610, x2568, x2570);
uint32_t x2615, uint8_t x2616 = addcarryx_u32(x2613, x2571, x2573);
uint32_t x2618, uint8_t x2619 = addcarryx_u32(x2616, x2574, x2576);
uint32_t x2621, uint8_t _ = addcarryx_u32(0x0, x2619, x2577);
uint32_t x2624, uint8_t x2625 = addcarryx_u32(0x0, x2488, x2534);
uint32_t x2627, uint8_t x2628 = addcarryx_u32(x2625, x2491, x2579);
uint32_t x2630, uint8_t x2631 = addcarryx_u32(x2628, x2494, x2582);
uint32_t x2633, uint8_t x2634 = addcarryx_u32(x2631, x2497, x2585);
uint32_t x2636, uint8_t x2637 = addcarryx_u32(x2634, x2500, x2588);
uint32_t x2639, uint8_t x2640 = addcarryx_u32(x2637, x2503, x2591);
uint32_t x2642, uint8_t x2643 = addcarryx_u32(x2640, x2506, x2594);
uint32_t x2645, uint8_t x2646 = addcarryx_u32(x2643, x2509, x2597);
uint32_t x2648, uint8_t x2649 = addcarryx_u32(x2646, x2512, x2600);
uint32_t x2651, uint8_t x2652 = addcarryx_u32(x2649, x2515, x2603);
uint32_t x2654, uint8_t x2655 = addcarryx_u32(x2652, x2518, x2606);
uint32_t x2657, uint8_t x2658 = addcarryx_u32(x2655, x2521, x2609);
uint32_t x2660, uint8_t x2661 = addcarryx_u32(x2658, x2524, x2612);
uint32_t x2663, uint8_t x2664 = addcarryx_u32(x2661, x2527, x2615);
uint32_t x2666, uint8_t x2667 = addcarryx_u32(x2664, x2530, x2618);
uint32_t x2669, uint8_t x2670 = addcarryx_u32(x2667, x2532, x2621);
uint32_t x2672, uint32_t _ = mulx_u32(x2624, 0xaaaaaaab);
uint32_t x2675, uint32_t x2676 = mulx_u32(x2672, 0xfffffffd);
uint32_t x2678, uint32_t x2679 = mulx_u32(x2672, 0xffffffff);
uint32_t x2681, uint32_t x2682 = mulx_u32(x2672, 0xffffffff);
uint32_t x2684, uint32_t x2685 = mulx_u32(x2672, 0xffffffff);
uint32_t x2687, uint32_t x2688 = mulx_u32(x2672, 0xffffffff);
uint32_t x2690, uint32_t x2691 = mulx_u32(x2672, 0xffffffff);
uint32_t x2693, uint32_t x2694 = mulx_u32(x2672, 0xffffffff);
uint32_t x2696, uint32_t x2697 = mulx_u32(x2672, 0xffffffff);
uint32_t x2699, uint32_t x2700 = mulx_u32(x2672, 0xffffffff);
uint32_t x2702, uint32_t x2703 = mulx_u32(x2672, 0xffffffff);
uint32_t x2705, uint32_t x2706 = mulx_u32(x2672, 0xffffffff);
uint32_t x2708, uint32_t x2709 = mulx_u32(x2672, 0xffffffff);
uint32_t x2711, uint32_t x2712 = mulx_u32(x2672, 0xffffffff);
uint32_t x2714, uint32_t x2715 = mulx_u32(x2672, 0xffffffff);
uint32_t x2717, uint8_t x2718 = mulx_u32_out_u8(x2672, 0xf);
uint32_t x2720, uint8_t x2721 = addcarryx_u32(0x0, x2676, x2678);
uint32_t x2723, uint8_t x2724 = addcarryx_u32(x2721, x2679, x2681);
uint32_t x2726, uint8_t x2727 = addcarryx_u32(x2724, x2682, x2684);
uint32_t x2729, uint8_t x2730 = addcarryx_u32(x2727, x2685, x2687);
uint32_t x2732, uint8_t x2733 = addcarryx_u32(x2730, x2688, x2690);
uint32_t x2735, uint8_t x2736 = addcarryx_u32(x2733, x2691, x2693);
uint32_t x2738, uint8_t x2739 = addcarryx_u32(x2736, x2694, x2696);
uint32_t x2741, uint8_t x2742 = addcarryx_u32(x2739, x2697, x2699);
uint32_t x2744, uint8_t x2745 = addcarryx_u32(x2742, x2700, x2702);
uint32_t x2747, uint8_t x2748 = addcarryx_u32(x2745, x2703, x2705);
uint32_t x2750, uint8_t x2751 = addcarryx_u32(x2748, x2706, x2708);
uint32_t x2753, uint8_t x2754 = addcarryx_u32(x2751, x2709, x2711);
uint32_t x2756, uint8_t x2757 = addcarryx_u32(x2754, x2712, x2714);
uint32_t x2759, uint8_t x2760 = addcarryx_u32(x2757, x2715, x2717);
uint8_t x2761 = (x2760 + x2718);
uint32_t _, uint8_t x2764 = addcarryx_u32(0x0, x2624, x2675);
uint32_t x2766, uint8_t x2767 = addcarryx_u32(x2764, x2627, x2720);
uint32_t x2769, uint8_t x2770 = addcarryx_u32(x2767, x2630, x2723);
uint32_t x2772, uint8_t x2773 = addcarryx_u32(x2770, x2633, x2726);
uint32_t x2775, uint8_t x2776 = addcarryx_u32(x2773, x2636, x2729);
uint32_t x2778, uint8_t x2779 = addcarryx_u32(x2776, x2639, x2732);
uint32_t x2781, uint8_t x2782 = addcarryx_u32(x2779, x2642, x2735);
uint32_t x2784, uint8_t x2785 = addcarryx_u32(x2782, x2645, x2738);
uint32_t x2787, uint8_t x2788 = addcarryx_u32(x2785, x2648, x2741);
uint32_t x2790, uint8_t x2791 = addcarryx_u32(x2788, x2651, x2744);
uint32_t x2793, uint8_t x2794 = addcarryx_u32(x2791, x2654, x2747);
uint32_t x2796, uint8_t x2797 = addcarryx_u32(x2794, x2657, x2750);
uint32_t x2799, uint8_t x2800 = addcarryx_u32(x2797, x2660, x2753);
uint32_t x2802, uint8_t x2803 = addcarryx_u32(x2800, x2663, x2756);
uint32_t x2805, uint8_t x2806 = addcarryx_u32(x2803, x2666, x2759);
uint32_t x2808, uint8_t x2809 = addcarryx_u32(x2806, x2669, x2761);
uint8_t x2810 = (x2809 + x2670);
uint32_t x2812, uint32_t x2813 = mulx_u32(x23, x31);
uint32_t x2815, uint32_t x2816 = mulx_u32(x23, x33);
uint32_t x2818, uint32_t x2819 = mulx_u32(x23, x35);
uint32_t x2821, uint32_t x2822 = mulx_u32(x23, x37);
uint32_t x2824, uint32_t x2825 = mulx_u32(x23, x39);
uint32_t x2827, uint32_t x2828 = mulx_u32(x23, x41);
uint32_t x2830, uint32_t x2831 = mulx_u32(x23, x43);
uint32_t x2833, uint32_t x2834 = mulx_u32(x23, x45);
uint32_t x2836, uint32_t x2837 = mulx_u32(x23, x47);
uint32_t x2839, uint32_t x2840 = mulx_u32(x23, x49);
uint32_t x2842, uint32_t x2843 = mulx_u32(x23, x51);
uint32_t x2845, uint32_t x2846 = mulx_u32(x23, x53);
uint32_t x2848, uint32_t x2849 = mulx_u32(x23, x55);
uint32_t x2851, uint32_t x2852 = mulx_u32(x23, x57);
uint32_t x2854, uint32_t x2855 = mulx_u32(x23, x56);
uint32_t x2857, uint8_t x2858 = addcarryx_u32(0x0, x2813, x2815);
uint32_t x2860, uint8_t x2861 = addcarryx_u32(x2858, x2816, x2818);
uint32_t x2863, uint8_t x2864 = addcarryx_u32(x2861, x2819, x2821);
uint32_t x2866, uint8_t x2867 = addcarryx_u32(x2864, x2822, x2824);
uint32_t x2869, uint8_t x2870 = addcarryx_u32(x2867, x2825, x2827);
uint32_t x2872, uint8_t x2873 = addcarryx_u32(x2870, x2828, x2830);
uint32_t x2875, uint8_t x2876 = addcarryx_u32(x2873, x2831, x2833);
uint32_t x2878, uint8_t x2879 = addcarryx_u32(x2876, x2834, x2836);
uint32_t x2881, uint8_t x2882 = addcarryx_u32(x2879, x2837, x2839);
uint32_t x2884, uint8_t x2885 = addcarryx_u32(x2882, x2840, x2842);
uint32_t x2887, uint8_t x2888 = addcarryx_u32(x2885, x2843, x2845);
uint32_t x2890, uint8_t x2891 = addcarryx_u32(x2888, x2846, x2848);
uint32_t x2893, uint8_t x2894 = addcarryx_u32(x2891, x2849, x2851);
uint32_t x2896, uint8_t x2897 = addcarryx_u32(x2894, x2852, x2854);
uint32_t x2899, uint8_t _ = addcarryx_u32(0x0, x2897, x2855);
uint32_t x2902, uint8_t x2903 = addcarryx_u32(0x0, x2766, x2812);
uint32_t x2905, uint8_t x2906 = addcarryx_u32(x2903, x2769, x2857);
uint32_t x2908, uint8_t x2909 = addcarryx_u32(x2906, x2772, x2860);
uint32_t x2911, uint8_t x2912 = addcarryx_u32(x2909, x2775, x2863);
uint32_t x2914, uint8_t x2915 = addcarryx_u32(x2912, x2778, x2866);
uint32_t x2917, uint8_t x2918 = addcarryx_u32(x2915, x2781, x2869);
uint32_t x2920, uint8_t x2921 = addcarryx_u32(x2918, x2784, x2872);
uint32_t x2923, uint8_t x2924 = addcarryx_u32(x2921, x2787, x2875);
uint32_t x2926, uint8_t x2927 = addcarryx_u32(x2924, x2790, x2878);
uint32_t x2929, uint8_t x2930 = addcarryx_u32(x2927, x2793, x2881);
uint32_t x2932, uint8_t x2933 = addcarryx_u32(x2930, x2796, x2884);
uint32_t x2935, uint8_t x2936 = addcarryx_u32(x2933, x2799, x2887);
uint32_t x2938, uint8_t x2939 = addcarryx_u32(x2936, x2802, x2890);
uint32_t x2941, uint8_t x2942 = addcarryx_u32(x2939, x2805, x2893);
uint32_t x2944, uint8_t x2945 = addcarryx_u32(x2942, x2808, x2896);
uint32_t x2947, uint8_t x2948 = addcarryx_u32(x2945, x2810, x2899);
uint32_t x2950, uint32_t _ = mulx_u32(x2902, 0xaaaaaaab);
uint32_t x2953, uint32_t x2954 = mulx_u32(x2950, 0xfffffffd);
uint32_t x2956, uint32_t x2957 = mulx_u32(x2950, 0xffffffff);
uint32_t x2959, uint32_t x2960 = mulx_u32(x2950, 0xffffffff);
uint32_t x2962, uint32_t x2963 = mulx_u32(x2950, 0xffffffff);
uint32_t x2965, uint32_t x2966 = mulx_u32(x2950, 0xffffffff);
uint32_t x2968, uint32_t x2969 = mulx_u32(x2950, 0xffffffff);
uint32_t x2971, uint32_t x2972 = mulx_u32(x2950, 0xffffffff);
uint32_t x2974, uint32_t x2975 = mulx_u32(x2950, 0xffffffff);
uint32_t x2977, uint32_t x2978 = mulx_u32(x2950, 0xffffffff);
uint32_t x2980, uint32_t x2981 = mulx_u32(x2950, 0xffffffff);
uint32_t x2983, uint32_t x2984 = mulx_u32(x2950, 0xffffffff);
uint32_t x2986, uint32_t x2987 = mulx_u32(x2950, 0xffffffff);
uint32_t x2989, uint32_t x2990 = mulx_u32(x2950, 0xffffffff);
uint32_t x2992, uint32_t x2993 = mulx_u32(x2950, 0xffffffff);
uint32_t x2995, uint8_t x2996 = mulx_u32_out_u8(x2950, 0xf);
uint32_t x2998, uint8_t x2999 = addcarryx_u32(0x0, x2954, x2956);
uint32_t x3001, uint8_t x3002 = addcarryx_u32(x2999, x2957, x2959);
uint32_t x3004, uint8_t x3005 = addcarryx_u32(x3002, x2960, x2962);
uint32_t x3007, uint8_t x3008 = addcarryx_u32(x3005, x2963, x2965);
uint32_t x3010, uint8_t x3011 = addcarryx_u32(x3008, x2966, x2968);
uint32_t x3013, uint8_t x3014 = addcarryx_u32(x3011, x2969, x2971);
uint32_t x3016, uint8_t x3017 = addcarryx_u32(x3014, x2972, x2974);
uint32_t x3019, uint8_t x3020 = addcarryx_u32(x3017, x2975, x2977);
uint32_t x3022, uint8_t x3023 = addcarryx_u32(x3020, x2978, x2980);
uint32_t x3025, uint8_t x3026 = addcarryx_u32(x3023, x2981, x2983);
uint32_t x3028, uint8_t x3029 = addcarryx_u32(x3026, x2984, x2986);
uint32_t x3031, uint8_t x3032 = addcarryx_u32(x3029, x2987, x2989);
uint32_t x3034, uint8_t x3035 = addcarryx_u32(x3032, x2990, x2992);
uint32_t x3037, uint8_t x3038 = addcarryx_u32(x3035, x2993, x2995);
uint8_t x3039 = (x3038 + x2996);
uint32_t _, uint8_t x3042 = addcarryx_u32(0x0, x2902, x2953);
uint32_t x3044, uint8_t x3045 = addcarryx_u32(x3042, x2905, x2998);
uint32_t x3047, uint8_t x3048 = addcarryx_u32(x3045, x2908, x3001);
uint32_t x3050, uint8_t x3051 = addcarryx_u32(x3048, x2911, x3004);
uint32_t x3053, uint8_t x3054 = addcarryx_u32(x3051, x2914, x3007);
uint32_t x3056, uint8_t x3057 = addcarryx_u32(x3054, x2917, x3010);
uint32_t x3059, uint8_t x3060 = addcarryx_u32(x3057, x2920, x3013);
uint32_t x3062, uint8_t x3063 = addcarryx_u32(x3060, x2923, x3016);
uint32_t x3065, uint8_t x3066 = addcarryx_u32(x3063, x2926, x3019);
uint32_t x3068, uint8_t x3069 = addcarryx_u32(x3066, x2929, x3022);
uint32_t x3071, uint8_t x3072 = addcarryx_u32(x3069, x2932, x3025);
uint32_t x3074, uint8_t x3075 = addcarryx_u32(x3072, x2935, x3028);
uint32_t x3077, uint8_t x3078 = addcarryx_u32(x3075, x2938, x3031);
uint32_t x3080, uint8_t x3081 = addcarryx_u32(x3078, x2941, x3034);
uint32_t x3083, uint8_t x3084 = addcarryx_u32(x3081, x2944, x3037);
uint32_t x3086, uint8_t x3087 = addcarryx_u32(x3084, x2947, x3039);
uint8_t x3088 = (x3087 + x2948);
uint32_t x3090, uint32_t x3091 = mulx_u32(x25, x31);
uint32_t x3093, uint32_t x3094 = mulx_u32(x25, x33);
uint32_t x3096, uint32_t x3097 = mulx_u32(x25, x35);
uint32_t x3099, uint32_t x3100 = mulx_u32(x25, x37);
uint32_t x3102, uint32_t x3103 = mulx_u32(x25, x39);
uint32_t x3105, uint32_t x3106 = mulx_u32(x25, x41);
uint32_t x3108, uint32_t x3109 = mulx_u32(x25, x43);
uint32_t x3111, uint32_t x3112 = mulx_u32(x25, x45);
uint32_t x3114, uint32_t x3115 = mulx_u32(x25, x47);
uint32_t x3117, uint32_t x3118 = mulx_u32(x25, x49);
uint32_t x3120, uint32_t x3121 = mulx_u32(x25, x51);
uint32_t x3123, uint32_t x3124 = mulx_u32(x25, x53);
uint32_t x3126, uint32_t x3127 = mulx_u32(x25, x55);
uint32_t x3129, uint32_t x3130 = mulx_u32(x25, x57);
uint32_t x3132, uint32_t x3133 = mulx_u32(x25, x56);
uint32_t x3135, uint8_t x3136 = addcarryx_u32(0x0, x3091, x3093);
uint32_t x3138, uint8_t x3139 = addcarryx_u32(x3136, x3094, x3096);
uint32_t x3141, uint8_t x3142 = addcarryx_u32(x3139, x3097, x3099);
uint32_t x3144, uint8_t x3145 = addcarryx_u32(x3142, x3100, x3102);
uint32_t x3147, uint8_t x3148 = addcarryx_u32(x3145, x3103, x3105);
uint32_t x3150, uint8_t x3151 = addcarryx_u32(x3148, x3106, x3108);
uint32_t x3153, uint8_t x3154 = addcarryx_u32(x3151, x3109, x3111);
uint32_t x3156, uint8_t x3157 = addcarryx_u32(x3154, x3112, x3114);
uint32_t x3159, uint8_t x3160 = addcarryx_u32(x3157, x3115, x3117);
uint32_t x3162, uint8_t x3163 = addcarryx_u32(x3160, x3118, x3120);
uint32_t x3165, uint8_t x3166 = addcarryx_u32(x3163, x3121, x3123);
uint32_t x3168, uint8_t x3169 = addcarryx_u32(x3166, x3124, x3126);
uint32_t x3171, uint8_t x3172 = addcarryx_u32(x3169, x3127, x3129);
uint32_t x3174, uint8_t x3175 = addcarryx_u32(x3172, x3130, x3132);
uint32_t x3177, uint8_t _ = addcarryx_u32(0x0, x3175, x3133);
uint32_t x3180, uint8_t x3181 = addcarryx_u32(0x0, x3044, x3090);
uint32_t x3183, uint8_t x3184 = addcarryx_u32(x3181, x3047, x3135);
uint32_t x3186, uint8_t x3187 = addcarryx_u32(x3184, x3050, x3138);
uint32_t x3189, uint8_t x3190 = addcarryx_u32(x3187, x3053, x3141);
uint32_t x3192, uint8_t x3193 = addcarryx_u32(x3190, x3056, x3144);
uint32_t x3195, uint8_t x3196 = addcarryx_u32(x3193, x3059, x3147);
uint32_t x3198, uint8_t x3199 = addcarryx_u32(x3196, x3062, x3150);
uint32_t x3201, uint8_t x3202 = addcarryx_u32(x3199, x3065, x3153);
uint32_t x3204, uint8_t x3205 = addcarryx_u32(x3202, x3068, x3156);
uint32_t x3207, uint8_t x3208 = addcarryx_u32(x3205, x3071, x3159);
uint32_t x3210, uint8_t x3211 = addcarryx_u32(x3208, x3074, x3162);
uint32_t x3213, uint8_t x3214 = addcarryx_u32(x3211, x3077, x3165);
uint32_t x3216, uint8_t x3217 = addcarryx_u32(x3214, x3080, x3168);
uint32_t x3219, uint8_t x3220 = addcarryx_u32(x3217, x3083, x3171);
uint32_t x3222, uint8_t x3223 = addcarryx_u32(x3220, x3086, x3174);
uint32_t x3225, uint8_t x3226 = addcarryx_u32(x3223, x3088, x3177);
uint32_t x3228, uint32_t _ = mulx_u32(x3180, 0xaaaaaaab);
uint32_t x3231, uint32_t x3232 = mulx_u32(x3228, 0xfffffffd);
uint32_t x3234, uint32_t x3235 = mulx_u32(x3228, 0xffffffff);
uint32_t x3237, uint32_t x3238 = mulx_u32(x3228, 0xffffffff);
uint32_t x3240, uint32_t x3241 = mulx_u32(x3228, 0xffffffff);
uint32_t x3243, uint32_t x3244 = mulx_u32(x3228, 0xffffffff);
uint32_t x3246, uint32_t x3247 = mulx_u32(x3228, 0xffffffff);
uint32_t x3249, uint32_t x3250 = mulx_u32(x3228, 0xffffffff);
uint32_t x3252, uint32_t x3253 = mulx_u32(x3228, 0xffffffff);
uint32_t x3255, uint32_t x3256 = mulx_u32(x3228, 0xffffffff);
uint32_t x3258, uint32_t x3259 = mulx_u32(x3228, 0xffffffff);
uint32_t x3261, uint32_t x3262 = mulx_u32(x3228, 0xffffffff);
uint32_t x3264, uint32_t x3265 = mulx_u32(x3228, 0xffffffff);
uint32_t x3267, uint32_t x3268 = mulx_u32(x3228, 0xffffffff);
uint32_t x3270, uint32_t x3271 = mulx_u32(x3228, 0xffffffff);
uint32_t x3273, uint8_t x3274 = mulx_u32_out_u8(x3228, 0xf);
uint32_t x3276, uint8_t x3277 = addcarryx_u32(0x0, x3232, x3234);
uint32_t x3279, uint8_t x3280 = addcarryx_u32(x3277, x3235, x3237);
uint32_t x3282, uint8_t x3283 = addcarryx_u32(x3280, x3238, x3240);
uint32_t x3285, uint8_t x3286 = addcarryx_u32(x3283, x3241, x3243);
uint32_t x3288, uint8_t x3289 = addcarryx_u32(x3286, x3244, x3246);
uint32_t x3291, uint8_t x3292 = addcarryx_u32(x3289, x3247, x3249);
uint32_t x3294, uint8_t x3295 = addcarryx_u32(x3292, x3250, x3252);
uint32_t x3297, uint8_t x3298 = addcarryx_u32(x3295, x3253, x3255);
uint32_t x3300, uint8_t x3301 = addcarryx_u32(x3298, x3256, x3258);
uint32_t x3303, uint8_t x3304 = addcarryx_u32(x3301, x3259, x3261);
uint32_t x3306, uint8_t x3307 = addcarryx_u32(x3304, x3262, x3264);
uint32_t x3309, uint8_t x3310 = addcarryx_u32(x3307, x3265, x3267);
uint32_t x3312, uint8_t x3313 = addcarryx_u32(x3310, x3268, x3270);
uint32_t x3315, uint8_t x3316 = addcarryx_u32(x3313, x3271, x3273);
uint8_t x3317 = (x3316 + x3274);
uint32_t _, uint8_t x3320 = addcarryx_u32(0x0, x3180, x3231);
uint32_t x3322, uint8_t x3323 = addcarryx_u32(x3320, x3183, x3276);
uint32_t x3325, uint8_t x3326 = addcarryx_u32(x3323, x3186, x3279);
uint32_t x3328, uint8_t x3329 = addcarryx_u32(x3326, x3189, x3282);
uint32_t x3331, uint8_t x3332 = addcarryx_u32(x3329, x3192, x3285);
uint32_t x3334, uint8_t x3335 = addcarryx_u32(x3332, x3195, x3288);
uint32_t x3337, uint8_t x3338 = addcarryx_u32(x3335, x3198, x3291);
uint32_t x3340, uint8_t x3341 = addcarryx_u32(x3338, x3201, x3294);
uint32_t x3343, uint8_t x3344 = addcarryx_u32(x3341, x3204, x3297);
uint32_t x3346, uint8_t x3347 = addcarryx_u32(x3344, x3207, x3300);
uint32_t x3349, uint8_t x3350 = addcarryx_u32(x3347, x3210, x3303);
uint32_t x3352, uint8_t x3353 = addcarryx_u32(x3350, x3213, x3306);
uint32_t x3355, uint8_t x3356 = addcarryx_u32(x3353, x3216, x3309);
uint32_t x3358, uint8_t x3359 = addcarryx_u32(x3356, x3219, x3312);
uint32_t x3361, uint8_t x3362 = addcarryx_u32(x3359, x3222, x3315);
uint32_t x3364, uint8_t x3365 = addcarryx_u32(x3362, x3225, x3317);
uint8_t x3366 = (x3365 + x3226);
uint32_t x3368, uint32_t x3369 = mulx_u32(x27, x31);
uint32_t x3371, uint32_t x3372 = mulx_u32(x27, x33);
uint32_t x3374, uint32_t x3375 = mulx_u32(x27, x35);
uint32_t x3377, uint32_t x3378 = mulx_u32(x27, x37);
uint32_t x3380, uint32_t x3381 = mulx_u32(x27, x39);
uint32_t x3383, uint32_t x3384 = mulx_u32(x27, x41);
uint32_t x3386, uint32_t x3387 = mulx_u32(x27, x43);
uint32_t x3389, uint32_t x3390 = mulx_u32(x27, x45);
uint32_t x3392, uint32_t x3393 = mulx_u32(x27, x47);
uint32_t x3395, uint32_t x3396 = mulx_u32(x27, x49);
uint32_t x3398, uint32_t x3399 = mulx_u32(x27, x51);
uint32_t x3401, uint32_t x3402 = mulx_u32(x27, x53);
uint32_t x3404, uint32_t x3405 = mulx_u32(x27, x55);
uint32_t x3407, uint32_t x3408 = mulx_u32(x27, x57);
uint32_t x3410, uint32_t x3411 = mulx_u32(x27, x56);
uint32_t x3413, uint8_t x3414 = addcarryx_u32(0x0, x3369, x3371);
uint32_t x3416, uint8_t x3417 = addcarryx_u32(x3414, x3372, x3374);
uint32_t x3419, uint8_t x3420 = addcarryx_u32(x3417, x3375, x3377);
uint32_t x3422, uint8_t x3423 = addcarryx_u32(x3420, x3378, x3380);
uint32_t x3425, uint8_t x3426 = addcarryx_u32(x3423, x3381, x3383);
uint32_t x3428, uint8_t x3429 = addcarryx_u32(x3426, x3384, x3386);
uint32_t x3431, uint8_t x3432 = addcarryx_u32(x3429, x3387, x3389);
uint32_t x3434, uint8_t x3435 = addcarryx_u32(x3432, x3390, x3392);
uint32_t x3437, uint8_t x3438 = addcarryx_u32(x3435, x3393, x3395);
uint32_t x3440, uint8_t x3441 = addcarryx_u32(x3438, x3396, x3398);
uint32_t x3443, uint8_t x3444 = addcarryx_u32(x3441, x3399, x3401);
uint32_t x3446, uint8_t x3447 = addcarryx_u32(x3444, x3402, x3404);
uint32_t x3449, uint8_t x3450 = addcarryx_u32(x3447, x3405, x3407);
uint32_t x3452, uint8_t x3453 = addcarryx_u32(x3450, x3408, x3410);
uint32_t x3455, uint8_t _ = addcarryx_u32(0x0, x3453, x3411);
uint32_t x3458, uint8_t x3459 = addcarryx_u32(0x0, x3322, x3368);
uint32_t x3461, uint8_t x3462 = addcarryx_u32(x3459, x3325, x3413);
uint32_t x3464, uint8_t x3465 = addcarryx_u32(x3462, x3328, x3416);
uint32_t x3467, uint8_t x3468 = addcarryx_u32(x3465, x3331, x3419);
uint32_t x3470, uint8_t x3471 = addcarryx_u32(x3468, x3334, x3422);
uint32_t x3473, uint8_t x3474 = addcarryx_u32(x3471, x3337, x3425);
uint32_t x3476, uint8_t x3477 = addcarryx_u32(x3474, x3340, x3428);
uint32_t x3479, uint8_t x3480 = addcarryx_u32(x3477, x3343, x3431);
uint32_t x3482, uint8_t x3483 = addcarryx_u32(x3480, x3346, x3434);
uint32_t x3485, uint8_t x3486 = addcarryx_u32(x3483, x3349, x3437);
uint32_t x3488, uint8_t x3489 = addcarryx_u32(x3486, x3352, x3440);
uint32_t x3491, uint8_t x3492 = addcarryx_u32(x3489, x3355, x3443);
uint32_t x3494, uint8_t x3495 = addcarryx_u32(x3492, x3358, x3446);
uint32_t x3497, uint8_t x3498 = addcarryx_u32(x3495, x3361, x3449);
uint32_t x3500, uint8_t x3501 = addcarryx_u32(x3498, x3364, x3452);
uint32_t x3503, uint8_t x3504 = addcarryx_u32(x3501, x3366, x3455);
uint32_t x3506, uint32_t _ = mulx_u32(x3458, 0xaaaaaaab);
uint32_t x3509, uint32_t x3510 = mulx_u32(x3506, 0xfffffffd);
uint32_t x3512, uint32_t x3513 = mulx_u32(x3506, 0xffffffff);
uint32_t x3515, uint32_t x3516 = mulx_u32(x3506, 0xffffffff);
uint32_t x3518, uint32_t x3519 = mulx_u32(x3506, 0xffffffff);
uint32_t x3521, uint32_t x3522 = mulx_u32(x3506, 0xffffffff);
uint32_t x3524, uint32_t x3525 = mulx_u32(x3506, 0xffffffff);
uint32_t x3527, uint32_t x3528 = mulx_u32(x3506, 0xffffffff);
uint32_t x3530, uint32_t x3531 = mulx_u32(x3506, 0xffffffff);
uint32_t x3533, uint32_t x3534 = mulx_u32(x3506, 0xffffffff);
uint32_t x3536, uint32_t x3537 = mulx_u32(x3506, 0xffffffff);
uint32_t x3539, uint32_t x3540 = mulx_u32(x3506, 0xffffffff);
uint32_t x3542, uint32_t x3543 = mulx_u32(x3506, 0xffffffff);
uint32_t x3545, uint32_t x3546 = mulx_u32(x3506, 0xffffffff);
uint32_t x3548, uint32_t x3549 = mulx_u32(x3506, 0xffffffff);
uint32_t x3551, uint8_t x3552 = mulx_u32_out_u8(x3506, 0xf);
uint32_t x3554, uint8_t x3555 = addcarryx_u32(0x0, x3510, x3512);
uint32_t x3557, uint8_t x3558 = addcarryx_u32(x3555, x3513, x3515);
uint32_t x3560, uint8_t x3561 = addcarryx_u32(x3558, x3516, x3518);
uint32_t x3563, uint8_t x3564 = addcarryx_u32(x3561, x3519, x3521);
uint32_t x3566, uint8_t x3567 = addcarryx_u32(x3564, x3522, x3524);
uint32_t x3569, uint8_t x3570 = addcarryx_u32(x3567, x3525, x3527);
uint32_t x3572, uint8_t x3573 = addcarryx_u32(x3570, x3528, x3530);
uint32_t x3575, uint8_t x3576 = addcarryx_u32(x3573, x3531, x3533);
uint32_t x3578, uint8_t x3579 = addcarryx_u32(x3576, x3534, x3536);
uint32_t x3581, uint8_t x3582 = addcarryx_u32(x3579, x3537, x3539);
uint32_t x3584, uint8_t x3585 = addcarryx_u32(x3582, x3540, x3542);
uint32_t x3587, uint8_t x3588 = addcarryx_u32(x3585, x3543, x3545);
uint32_t x3590, uint8_t x3591 = addcarryx_u32(x3588, x3546, x3548);
uint32_t x3593, uint8_t x3594 = addcarryx_u32(x3591, x3549, x3551);
uint8_t x3595 = (x3594 + x3552);
uint32_t _, uint8_t x3598 = addcarryx_u32(0x0, x3458, x3509);
uint32_t x3600, uint8_t x3601 = addcarryx_u32(x3598, x3461, x3554);
uint32_t x3603, uint8_t x3604 = addcarryx_u32(x3601, x3464, x3557);
uint32_t x3606, uint8_t x3607 = addcarryx_u32(x3604, x3467, x3560);
uint32_t x3609, uint8_t x3610 = addcarryx_u32(x3607, x3470, x3563);
uint32_t x3612, uint8_t x3613 = addcarryx_u32(x3610, x3473, x3566);
uint32_t x3615, uint8_t x3616 = addcarryx_u32(x3613, x3476, x3569);
uint32_t x3618, uint8_t x3619 = addcarryx_u32(x3616, x3479, x3572);
uint32_t x3621, uint8_t x3622 = addcarryx_u32(x3619, x3482, x3575);
uint32_t x3624, uint8_t x3625 = addcarryx_u32(x3622, x3485, x3578);
uint32_t x3627, uint8_t x3628 = addcarryx_u32(x3625, x3488, x3581);
uint32_t x3630, uint8_t x3631 = addcarryx_u32(x3628, x3491, x3584);
uint32_t x3633, uint8_t x3634 = addcarryx_u32(x3631, x3494, x3587);
uint32_t x3636, uint8_t x3637 = addcarryx_u32(x3634, x3497, x3590);
uint32_t x3639, uint8_t x3640 = addcarryx_u32(x3637, x3500, x3593);
uint32_t x3642, uint8_t x3643 = addcarryx_u32(x3640, x3503, x3595);
uint8_t x3644 = (x3643 + x3504);
uint32_t x3646, uint32_t x3647 = mulx_u32(x29, x31);
uint32_t x3649, uint32_t x3650 = mulx_u32(x29, x33);
uint32_t x3652, uint32_t x3653 = mulx_u32(x29, x35);
uint32_t x3655, uint32_t x3656 = mulx_u32(x29, x37);
uint32_t x3658, uint32_t x3659 = mulx_u32(x29, x39);
uint32_t x3661, uint32_t x3662 = mulx_u32(x29, x41);
uint32_t x3664, uint32_t x3665 = mulx_u32(x29, x43);
uint32_t x3667, uint32_t x3668 = mulx_u32(x29, x45);
uint32_t x3670, uint32_t x3671 = mulx_u32(x29, x47);
uint32_t x3673, uint32_t x3674 = mulx_u32(x29, x49);
uint32_t x3676, uint32_t x3677 = mulx_u32(x29, x51);
uint32_t x3679, uint32_t x3680 = mulx_u32(x29, x53);
uint32_t x3682, uint32_t x3683 = mulx_u32(x29, x55);
uint32_t x3685, uint32_t x3686 = mulx_u32(x29, x57);
uint32_t x3688, uint32_t x3689 = mulx_u32(x29, x56);
uint32_t x3691, uint8_t x3692 = addcarryx_u32(0x0, x3647, x3649);
uint32_t x3694, uint8_t x3695 = addcarryx_u32(x3692, x3650, x3652);
uint32_t x3697, uint8_t x3698 = addcarryx_u32(x3695, x3653, x3655);
uint32_t x3700, uint8_t x3701 = addcarryx_u32(x3698, x3656, x3658);
uint32_t x3703, uint8_t x3704 = addcarryx_u32(x3701, x3659, x3661);
uint32_t x3706, uint8_t x3707 = addcarryx_u32(x3704, x3662, x3664);
uint32_t x3709, uint8_t x3710 = addcarryx_u32(x3707, x3665, x3667);
uint32_t x3712, uint8_t x3713 = addcarryx_u32(x3710, x3668, x3670);
uint32_t x3715, uint8_t x3716 = addcarryx_u32(x3713, x3671, x3673);
uint32_t x3718, uint8_t x3719 = addcarryx_u32(x3716, x3674, x3676);
uint32_t x3721, uint8_t x3722 = addcarryx_u32(x3719, x3677, x3679);
uint32_t x3724, uint8_t x3725 = addcarryx_u32(x3722, x3680, x3682);
uint32_t x3727, uint8_t x3728 = addcarryx_u32(x3725, x3683, x3685);
uint32_t x3730, uint8_t x3731 = addcarryx_u32(x3728, x3686, x3688);
uint32_t x3733, uint8_t _ = addcarryx_u32(0x0, x3731, x3689);
uint32_t x3736, uint8_t x3737 = addcarryx_u32(0x0, x3600, x3646);
uint32_t x3739, uint8_t x3740 = addcarryx_u32(x3737, x3603, x3691);
uint32_t x3742, uint8_t x3743 = addcarryx_u32(x3740, x3606, x3694);
uint32_t x3745, uint8_t x3746 = addcarryx_u32(x3743, x3609, x3697);
uint32_t x3748, uint8_t x3749 = addcarryx_u32(x3746, x3612, x3700);
uint32_t x3751, uint8_t x3752 = addcarryx_u32(x3749, x3615, x3703);
uint32_t x3754, uint8_t x3755 = addcarryx_u32(x3752, x3618, x3706);
uint32_t x3757, uint8_t x3758 = addcarryx_u32(x3755, x3621, x3709);
uint32_t x3760, uint8_t x3761 = addcarryx_u32(x3758, x3624, x3712);
uint32_t x3763, uint8_t x3764 = addcarryx_u32(x3761, x3627, x3715);
uint32_t x3766, uint8_t x3767 = addcarryx_u32(x3764, x3630, x3718);
uint32_t x3769, uint8_t x3770 = addcarryx_u32(x3767, x3633, x3721);
uint32_t x3772, uint8_t x3773 = addcarryx_u32(x3770, x3636, x3724);
uint32_t x3775, uint8_t x3776 = addcarryx_u32(x3773, x3639, x3727);
uint32_t x3778, uint8_t x3779 = addcarryx_u32(x3776, x3642, x3730);
uint32_t x3781, uint8_t x3782 = addcarryx_u32(x3779, x3644, x3733);
uint32_t x3784, uint32_t _ = mulx_u32(x3736, 0xaaaaaaab);
uint32_t x3787, uint32_t x3788 = mulx_u32(x3784, 0xfffffffd);
uint32_t x3790, uint32_t x3791 = mulx_u32(x3784, 0xffffffff);
uint32_t x3793, uint32_t x3794 = mulx_u32(x3784, 0xffffffff);
uint32_t x3796, uint32_t x3797 = mulx_u32(x3784, 0xffffffff);
uint32_t x3799, uint32_t x3800 = mulx_u32(x3784, 0xffffffff);
uint32_t x3802, uint32_t x3803 = mulx_u32(x3784, 0xffffffff);
uint32_t x3805, uint32_t x3806 = mulx_u32(x3784, 0xffffffff);
uint32_t x3808, uint32_t x3809 = mulx_u32(x3784, 0xffffffff);
uint32_t x3811, uint32_t x3812 = mulx_u32(x3784, 0xffffffff);
uint32_t x3814, uint32_t x3815 = mulx_u32(x3784, 0xffffffff);
uint32_t x3817, uint32_t x3818 = mulx_u32(x3784, 0xffffffff);
uint32_t x3820, uint32_t x3821 = mulx_u32(x3784, 0xffffffff);
uint32_t x3823, uint32_t x3824 = mulx_u32(x3784, 0xffffffff);
uint32_t x3826, uint32_t x3827 = mulx_u32(x3784, 0xffffffff);
uint32_t x3829, uint8_t x3830 = mulx_u32_out_u8(x3784, 0xf);
uint32_t x3832, uint8_t x3833 = addcarryx_u32(0x0, x3788, x3790);
uint32_t x3835, uint8_t x3836 = addcarryx_u32(x3833, x3791, x3793);
uint32_t x3838, uint8_t x3839 = addcarryx_u32(x3836, x3794, x3796);
uint32_t x3841, uint8_t x3842 = addcarryx_u32(x3839, x3797, x3799);
uint32_t x3844, uint8_t x3845 = addcarryx_u32(x3842, x3800, x3802);
uint32_t x3847, uint8_t x3848 = addcarryx_u32(x3845, x3803, x3805);
uint32_t x3850, uint8_t x3851 = addcarryx_u32(x3848, x3806, x3808);
uint32_t x3853, uint8_t x3854 = addcarryx_u32(x3851, x3809, x3811);
uint32_t x3856, uint8_t x3857 = addcarryx_u32(x3854, x3812, x3814);
uint32_t x3859, uint8_t x3860 = addcarryx_u32(x3857, x3815, x3817);
uint32_t x3862, uint8_t x3863 = addcarryx_u32(x3860, x3818, x3820);
uint32_t x3865, uint8_t x3866 = addcarryx_u32(x3863, x3821, x3823);
uint32_t x3868, uint8_t x3869 = addcarryx_u32(x3866, x3824, x3826);
uint32_t x3871, uint8_t x3872 = addcarryx_u32(x3869, x3827, x3829);
uint8_t x3873 = (x3872 + x3830);
uint32_t _, uint8_t x3876 = addcarryx_u32(0x0, x3736, x3787);
uint32_t x3878, uint8_t x3879 = addcarryx_u32(x3876, x3739, x3832);
uint32_t x3881, uint8_t x3882 = addcarryx_u32(x3879, x3742, x3835);
uint32_t x3884, uint8_t x3885 = addcarryx_u32(x3882, x3745, x3838);
uint32_t x3887, uint8_t x3888 = addcarryx_u32(x3885, x3748, x3841);
uint32_t x3890, uint8_t x3891 = addcarryx_u32(x3888, x3751, x3844);
uint32_t x3893, uint8_t x3894 = addcarryx_u32(x3891, x3754, x3847);
uint32_t x3896, uint8_t x3897 = addcarryx_u32(x3894, x3757, x3850);
uint32_t x3899, uint8_t x3900 = addcarryx_u32(x3897, x3760, x3853);
uint32_t x3902, uint8_t x3903 = addcarryx_u32(x3900, x3763, x3856);
uint32_t x3905, uint8_t x3906 = addcarryx_u32(x3903, x3766, x3859);
uint32_t x3908, uint8_t x3909 = addcarryx_u32(x3906, x3769, x3862);
uint32_t x3911, uint8_t x3912 = addcarryx_u32(x3909, x3772, x3865);
uint32_t x3914, uint8_t x3915 = addcarryx_u32(x3912, x3775, x3868);
uint32_t x3917, uint8_t x3918 = addcarryx_u32(x3915, x3778, x3871);
uint32_t x3920, uint8_t x3921 = addcarryx_u32(x3918, x3781, x3873);
uint8_t x3922 = (x3921 + x3782);
uint32_t x3924, uint32_t x3925 = mulx_u32(x28, x31);
uint32_t x3927, uint32_t x3928 = mulx_u32(x28, x33);
uint32_t x3930, uint32_t x3931 = mulx_u32(x28, x35);
uint32_t x3933, uint32_t x3934 = mulx_u32(x28, x37);
uint32_t x3936, uint32_t x3937 = mulx_u32(x28, x39);
uint32_t x3939, uint32_t x3940 = mulx_u32(x28, x41);
uint32_t x3942, uint32_t x3943 = mulx_u32(x28, x43);
uint32_t x3945, uint32_t x3946 = mulx_u32(x28, x45);
uint32_t x3948, uint32_t x3949 = mulx_u32(x28, x47);
uint32_t x3951, uint32_t x3952 = mulx_u32(x28, x49);
uint32_t x3954, uint32_t x3955 = mulx_u32(x28, x51);
uint32_t x3957, uint32_t x3958 = mulx_u32(x28, x53);
uint32_t x3960, uint32_t x3961 = mulx_u32(x28, x55);
uint32_t x3963, uint32_t x3964 = mulx_u32(x28, x57);
uint32_t x3966, uint32_t x3967 = mulx_u32(x28, x56);
uint32_t x3969, uint8_t x3970 = addcarryx_u32(0x0, x3925, x3927);
uint32_t x3972, uint8_t x3973 = addcarryx_u32(x3970, x3928, x3930);
uint32_t x3975, uint8_t x3976 = addcarryx_u32(x3973, x3931, x3933);
uint32_t x3978, uint8_t x3979 = addcarryx_u32(x3976, x3934, x3936);
uint32_t x3981, uint8_t x3982 = addcarryx_u32(x3979, x3937, x3939);
uint32_t x3984, uint8_t x3985 = addcarryx_u32(x3982, x3940, x3942);
uint32_t x3987, uint8_t x3988 = addcarryx_u32(x3985, x3943, x3945);
uint32_t x3990, uint8_t x3991 = addcarryx_u32(x3988, x3946, x3948);
uint32_t x3993, uint8_t x3994 = addcarryx_u32(x3991, x3949, x3951);
uint32_t x3996, uint8_t x3997 = addcarryx_u32(x3994, x3952, x3954);
uint32_t x3999, uint8_t x4000 = addcarryx_u32(x3997, x3955, x3957);
uint32_t x4002, uint8_t x4003 = addcarryx_u32(x4000, x3958, x3960);
uint32_t x4005, uint8_t x4006 = addcarryx_u32(x4003, x3961, x3963);
uint32_t x4008, uint8_t x4009 = addcarryx_u32(x4006, x3964, x3966);
uint32_t x4011, uint8_t _ = addcarryx_u32(0x0, x4009, x3967);
uint32_t x4014, uint8_t x4015 = addcarryx_u32(0x0, x3878, x3924);
uint32_t x4017, uint8_t x4018 = addcarryx_u32(x4015, x3881, x3969);
uint32_t x4020, uint8_t x4021 = addcarryx_u32(x4018, x3884, x3972);
uint32_t x4023, uint8_t x4024 = addcarryx_u32(x4021, x3887, x3975);
uint32_t x4026, uint8_t x4027 = addcarryx_u32(x4024, x3890, x3978);
uint32_t x4029, uint8_t x4030 = addcarryx_u32(x4027, x3893, x3981);
uint32_t x4032, uint8_t x4033 = addcarryx_u32(x4030, x3896, x3984);
uint32_t x4035, uint8_t x4036 = addcarryx_u32(x4033, x3899, x3987);
uint32_t x4038, uint8_t x4039 = addcarryx_u32(x4036, x3902, x3990);
uint32_t x4041, uint8_t x4042 = addcarryx_u32(x4039, x3905, x3993);
uint32_t x4044, uint8_t x4045 = addcarryx_u32(x4042, x3908, x3996);
uint32_t x4047, uint8_t x4048 = addcarryx_u32(x4045, x3911, x3999);
uint32_t x4050, uint8_t x4051 = addcarryx_u32(x4048, x3914, x4002);
uint32_t x4053, uint8_t x4054 = addcarryx_u32(x4051, x3917, x4005);
uint32_t x4056, uint8_t x4057 = addcarryx_u32(x4054, x3920, x4008);
uint32_t x4059, uint8_t x4060 = addcarryx_u32(x4057, x3922, x4011);
uint32_t x4062, uint32_t _ = mulx_u32(x4014, 0xaaaaaaab);
uint32_t x4065, uint32_t x4066 = mulx_u32(x4062, 0xfffffffd);
uint32_t x4068, uint32_t x4069 = mulx_u32(x4062, 0xffffffff);
uint32_t x4071, uint32_t x4072 = mulx_u32(x4062, 0xffffffff);
uint32_t x4074, uint32_t x4075 = mulx_u32(x4062, 0xffffffff);
uint32_t x4077, uint32_t x4078 = mulx_u32(x4062, 0xffffffff);
uint32_t x4080, uint32_t x4081 = mulx_u32(x4062, 0xffffffff);
uint32_t x4083, uint32_t x4084 = mulx_u32(x4062, 0xffffffff);
uint32_t x4086, uint32_t x4087 = mulx_u32(x4062, 0xffffffff);
uint32_t x4089, uint32_t x4090 = mulx_u32(x4062, 0xffffffff);
uint32_t x4092, uint32_t x4093 = mulx_u32(x4062, 0xffffffff);
uint32_t x4095, uint32_t x4096 = mulx_u32(x4062, 0xffffffff);
uint32_t x4098, uint32_t x4099 = mulx_u32(x4062, 0xffffffff);
uint32_t x4101, uint32_t x4102 = mulx_u32(x4062, 0xffffffff);
uint32_t x4104, uint32_t x4105 = mulx_u32(x4062, 0xffffffff);
uint32_t x4107, uint8_t x4108 = mulx_u32_out_u8(x4062, 0xf);
uint32_t x4110, uint8_t x4111 = addcarryx_u32(0x0, x4066, x4068);
uint32_t x4113, uint8_t x4114 = addcarryx_u32(x4111, x4069, x4071);
uint32_t x4116, uint8_t x4117 = addcarryx_u32(x4114, x4072, x4074);
uint32_t x4119, uint8_t x4120 = addcarryx_u32(x4117, x4075, x4077);
uint32_t x4122, uint8_t x4123 = addcarryx_u32(x4120, x4078, x4080);
uint32_t x4125, uint8_t x4126 = addcarryx_u32(x4123, x4081, x4083);
uint32_t x4128, uint8_t x4129 = addcarryx_u32(x4126, x4084, x4086);
uint32_t x4131, uint8_t x4132 = addcarryx_u32(x4129, x4087, x4089);
uint32_t x4134, uint8_t x4135 = addcarryx_u32(x4132, x4090, x4092);
uint32_t x4137, uint8_t x4138 = addcarryx_u32(x4135, x4093, x4095);
uint32_t x4140, uint8_t x4141 = addcarryx_u32(x4138, x4096, x4098);
uint32_t x4143, uint8_t x4144 = addcarryx_u32(x4141, x4099, x4101);
uint32_t x4146, uint8_t x4147 = addcarryx_u32(x4144, x4102, x4104);
uint32_t x4149, uint8_t x4150 = addcarryx_u32(x4147, x4105, x4107);
uint8_t x4151 = (x4150 + x4108);
uint32_t _, uint8_t x4154 = addcarryx_u32(0x0, x4014, x4065);
uint32_t x4156, uint8_t x4157 = addcarryx_u32(x4154, x4017, x4110);
uint32_t x4159, uint8_t x4160 = addcarryx_u32(x4157, x4020, x4113);
uint32_t x4162, uint8_t x4163 = addcarryx_u32(x4160, x4023, x4116);
uint32_t x4165, uint8_t x4166 = addcarryx_u32(x4163, x4026, x4119);
uint32_t x4168, uint8_t x4169 = addcarryx_u32(x4166, x4029, x4122);
uint32_t x4171, uint8_t x4172 = addcarryx_u32(x4169, x4032, x4125);
uint32_t x4174, uint8_t x4175 = addcarryx_u32(x4172, x4035, x4128);
uint32_t x4177, uint8_t x4178 = addcarryx_u32(x4175, x4038, x4131);
uint32_t x4180, uint8_t x4181 = addcarryx_u32(x4178, x4041, x4134);
uint32_t x4183, uint8_t x4184 = addcarryx_u32(x4181, x4044, x4137);
uint32_t x4186, uint8_t x4187 = addcarryx_u32(x4184, x4047, x4140);
uint32_t x4189, uint8_t x4190 = addcarryx_u32(x4187, x4050, x4143);
uint32_t x4192, uint8_t x4193 = addcarryx_u32(x4190, x4053, x4146);
uint32_t x4195, uint8_t x4196 = addcarryx_u32(x4193, x4056, x4149);
uint32_t x4198, uint8_t x4199 = addcarryx_u32(x4196, x4059, x4151);
uint8_t x4200 = (x4199 + x4060);
uint32_t x4202, uint8_t x4203 = subborrow_u32(0x0, x4156, 0xfffffffd);
uint32_t x4205, uint8_t x4206 = subborrow_u32(x4203, x4159, 0xffffffff);
uint32_t x4208, uint8_t x4209 = subborrow_u32(x4206, x4162, 0xffffffff);
uint32_t x4211, uint8_t x4212 = subborrow_u32(x4209, x4165, 0xffffffff);
uint32_t x4214, uint8_t x4215 = subborrow_u32(x4212, x4168, 0xffffffff);
uint32_t x4217, uint8_t x4218 = subborrow_u32(x4215, x4171, 0xffffffff);
uint32_t x4220, uint8_t x4221 = subborrow_u32(x4218, x4174, 0xffffffff);
uint32_t x4223, uint8_t x4224 = subborrow_u32(x4221, x4177, 0xffffffff);
uint32_t x4226, uint8_t x4227 = subborrow_u32(x4224, x4180, 0xffffffff);
uint32_t x4229, uint8_t x4230 = subborrow_u32(x4227, x4183, 0xffffffff);
uint32_t x4232, uint8_t x4233 = subborrow_u32(x4230, x4186, 0xffffffff);
uint32_t x4235, uint8_t x4236 = subborrow_u32(x4233, x4189, 0xffffffff);
uint32_t x4238, uint8_t x4239 = subborrow_u32(x4236, x4192, 0xffffffff);
uint32_t x4241, uint8_t x4242 = subborrow_u32(x4239, x4195, 0xffffffff);
uint32_t x4244, uint8_t x4245 = subborrow_u32(x4242, x4198, 0xf);
uint32_t _, uint8_t x4248 = subborrow_u32(x4245, x4200, 0x0);
(cmovznz32(x4248, x4244, x4198), cmovznz32(x4248, x4241, x4195), cmovznz32(x4248, x4238, x4192), cmovznz32(x4248, x4235, x4189), cmovznz32(x4248, x4232, x4186), cmovznz32(x4248, x4229, x4183), cmovznz32(x4248, x4226, x4180), cmovznz32(x4248, x4223, x4177), cmovznz32(x4248, x4220, x4174), cmovznz32(x4248, x4217, x4171), cmovznz32(x4248, x4214, x4168), cmovznz32(x4248, x4211, x4165), cmovznz32(x4248, x4208, x4162), cmovznz32(x4248, x4205, x4159), cmovznz32(x4248, x4202, x4156))
     : ∀ var : Z.Syntax.base_type → Type, expr Z.Syntax.base_type Z.Syntax.op (uint32_t * uint32_t * uint32_t * uint32_t * uint32_t * uint32_t * uint32_t * uint32_t * uint32_t * uint32_t * uint32_t * uint32_t * uint32_t * uint32_t * uint32_t * (uint32_t * uint32_t * uint32_t * uint32_t * uint32_t * uint32_t * uint32_t * uint32_t * uint32_t * uint32_t * uint32_t * uint32_t * uint32_t * uint32_t * uint32_t) -> uint32_t * uint32_t * uint32_t * uint32_t * uint32_t * uint32_t * uint32_t * uint32_t * uint32_t * uint32_t * uint32_t * uint32_t * uint32_t * uint32_t * uint32_t)

Argument scope is [function_scope]
