mul = λ var : Z.Syntax.base_type → Type,
λ '(x14, x15, x13, x11, x9, x7, x5, x3, (x28, x29, x27, x25, x23, x21, x19, x17))%core,
uint32_t x31, uint32_t x32 = mulx_u32(x3, x17);
uint32_t x34, uint32_t x35 = mulx_u32(x3, x19);
uint32_t x37, uint32_t x38 = mulx_u32(x3, x21);
uint32_t x40, uint32_t x41 = mulx_u32(x3, x23);
uint32_t x43, uint32_t x44 = mulx_u32(x3, x25);
uint32_t x46, uint32_t x47 = mulx_u32(x3, x27);
uint32_t x49, uint32_t x50 = mulx_u32(x3, x29);
uint32_t x52, uint32_t x53 = mulx_u32(x3, x28);
uint32_t x55, uint8_t x56 = addcarryx_u32(0x0, x32, x34);
uint32_t x58, uint8_t x59 = addcarryx_u32(x56, x35, x37);
uint32_t x61, uint8_t x62 = addcarryx_u32(x59, x38, x40);
uint32_t x64, uint8_t x65 = addcarryx_u32(x62, x41, x43);
uint32_t x67, uint8_t x68 = addcarryx_u32(x65, x44, x46);
uint32_t x70, uint8_t x71 = addcarryx_u32(x68, x47, x49);
uint32_t x73, uint8_t x74 = addcarryx_u32(x71, x50, x52);
uint32_t x76, uint8_t _ = addcarryx_u32(0x0, x74, x53);
uint32_t x79, uint32_t x80 = mulx_u32(x31, 0xffffffff);
uint32_t x82, uint32_t x83 = mulx_u32(x31, 0xffffffff);
uint32_t x85, uint32_t x86 = mulx_u32(x31, 0xffffffff);
uint32_t x88, uint32_t x89 = mulx_u32(x31, 0xffffffff);
uint32_t x91, uint8_t x92 = addcarryx_u32(0x0, x80, x82);
uint32_t x94, uint8_t x95 = addcarryx_u32(x92, x83, x85);
uint32_t x97, uint8_t x98 = addcarryx_u32(x95, x86, 0x0);
uint8_t x99 = (0x0 + 0x0);
uint32_t _, uint8_t x102 = addcarryx_u32(0x0, x31, x79);
uint32_t x104, uint8_t x105 = addcarryx_u32(x102, x55, x91);
uint32_t x107, uint8_t x108 = addcarryx_u32(x105, x58, x94);
uint32_t x110, uint8_t x111 = addcarryx_u32(x108, x61, x97);
uint32_t x113, uint8_t x114 = addcarryx_u32(x111, x64, x98);
uint32_t x116, uint8_t x117 = addcarryx_u32(x114, x67, x99);
uint32_t x119, uint8_t x120 = addcarryx_u32(x117, x70, x31);
uint32_t x122, uint8_t x123 = addcarryx_u32(x120, x73, x88);
uint32_t x125, uint8_t x126 = addcarryx_u32(x123, x76, x89);
uint8_t x127 = (x126 + 0x0);
uint32_t x129, uint32_t x130 = mulx_u32(x5, x17);
uint32_t x132, uint32_t x133 = mulx_u32(x5, x19);
uint32_t x135, uint32_t x136 = mulx_u32(x5, x21);
uint32_t x138, uint32_t x139 = mulx_u32(x5, x23);
uint32_t x141, uint32_t x142 = mulx_u32(x5, x25);
uint32_t x144, uint32_t x145 = mulx_u32(x5, x27);
uint32_t x147, uint32_t x148 = mulx_u32(x5, x29);
uint32_t x150, uint32_t x151 = mulx_u32(x5, x28);
uint32_t x153, uint8_t x154 = addcarryx_u32(0x0, x130, x132);
uint32_t x156, uint8_t x157 = addcarryx_u32(x154, x133, x135);
uint32_t x159, uint8_t x160 = addcarryx_u32(x157, x136, x138);
uint32_t x162, uint8_t x163 = addcarryx_u32(x160, x139, x141);
uint32_t x165, uint8_t x166 = addcarryx_u32(x163, x142, x144);
uint32_t x168, uint8_t x169 = addcarryx_u32(x166, x145, x147);
uint32_t x171, uint8_t x172 = addcarryx_u32(x169, x148, x150);
uint32_t x174, uint8_t _ = addcarryx_u32(0x0, x172, x151);
uint32_t x177, uint8_t x178 = addcarryx_u32(0x0, x104, x129);
uint32_t x180, uint8_t x181 = addcarryx_u32(x178, x107, x153);
uint32_t x183, uint8_t x184 = addcarryx_u32(x181, x110, x156);
uint32_t x186, uint8_t x187 = addcarryx_u32(x184, x113, x159);
uint32_t x189, uint8_t x190 = addcarryx_u32(x187, x116, x162);
uint32_t x192, uint8_t x193 = addcarryx_u32(x190, x119, x165);
uint32_t x195, uint8_t x196 = addcarryx_u32(x193, x122, x168);
uint32_t x198, uint8_t x199 = addcarryx_u32(x196, x125, x171);
uint32_t x201, uint8_t x202 = addcarryx_u32(x199, x127, x174);
uint32_t x204, uint32_t x205 = mulx_u32(x177, 0xffffffff);
uint32_t x207, uint32_t x208 = mulx_u32(x177, 0xffffffff);
uint32_t x210, uint32_t x211 = mulx_u32(x177, 0xffffffff);
uint32_t x213, uint32_t x214 = mulx_u32(x177, 0xffffffff);
uint32_t x216, uint8_t x217 = addcarryx_u32(0x0, x205, x207);
uint32_t x219, uint8_t x220 = addcarryx_u32(x217, x208, x210);
uint32_t x222, uint8_t x223 = addcarryx_u32(x220, x211, 0x0);
uint8_t x224 = (0x0 + 0x0);
uint32_t _, uint8_t x227 = addcarryx_u32(0x0, x177, x204);
uint32_t x229, uint8_t x230 = addcarryx_u32(x227, x180, x216);
uint32_t x232, uint8_t x233 = addcarryx_u32(x230, x183, x219);
uint32_t x235, uint8_t x236 = addcarryx_u32(x233, x186, x222);
uint32_t x238, uint8_t x239 = addcarryx_u32(x236, x189, x223);
uint32_t x241, uint8_t x242 = addcarryx_u32(x239, x192, x224);
uint32_t x244, uint8_t x245 = addcarryx_u32(x242, x195, x177);
uint32_t x247, uint8_t x248 = addcarryx_u32(x245, x198, x213);
uint32_t x250, uint8_t x251 = addcarryx_u32(x248, x201, x214);
uint8_t x252 = (x251 + x202);
uint32_t x254, uint32_t x255 = mulx_u32(x7, x17);
uint32_t x257, uint32_t x258 = mulx_u32(x7, x19);
uint32_t x260, uint32_t x261 = mulx_u32(x7, x21);
uint32_t x263, uint32_t x264 = mulx_u32(x7, x23);
uint32_t x266, uint32_t x267 = mulx_u32(x7, x25);
uint32_t x269, uint32_t x270 = mulx_u32(x7, x27);
uint32_t x272, uint32_t x273 = mulx_u32(x7, x29);
uint32_t x275, uint32_t x276 = mulx_u32(x7, x28);
uint32_t x278, uint8_t x279 = addcarryx_u32(0x0, x255, x257);
uint32_t x281, uint8_t x282 = addcarryx_u32(x279, x258, x260);
uint32_t x284, uint8_t x285 = addcarryx_u32(x282, x261, x263);
uint32_t x287, uint8_t x288 = addcarryx_u32(x285, x264, x266);
uint32_t x290, uint8_t x291 = addcarryx_u32(x288, x267, x269);
uint32_t x293, uint8_t x294 = addcarryx_u32(x291, x270, x272);
uint32_t x296, uint8_t x297 = addcarryx_u32(x294, x273, x275);
uint32_t x299, uint8_t _ = addcarryx_u32(0x0, x297, x276);
uint32_t x302, uint8_t x303 = addcarryx_u32(0x0, x229, x254);
uint32_t x305, uint8_t x306 = addcarryx_u32(x303, x232, x278);
uint32_t x308, uint8_t x309 = addcarryx_u32(x306, x235, x281);
uint32_t x311, uint8_t x312 = addcarryx_u32(x309, x238, x284);
uint32_t x314, uint8_t x315 = addcarryx_u32(x312, x241, x287);
uint32_t x317, uint8_t x318 = addcarryx_u32(x315, x244, x290);
uint32_t x320, uint8_t x321 = addcarryx_u32(x318, x247, x293);
uint32_t x323, uint8_t x324 = addcarryx_u32(x321, x250, x296);
uint32_t x326, uint8_t x327 = addcarryx_u32(x324, x252, x299);
uint32_t x329, uint32_t x330 = mulx_u32(x302, 0xffffffff);
uint32_t x332, uint32_t x333 = mulx_u32(x302, 0xffffffff);
uint32_t x335, uint32_t x336 = mulx_u32(x302, 0xffffffff);
uint32_t x338, uint32_t x339 = mulx_u32(x302, 0xffffffff);
uint32_t x341, uint8_t x342 = addcarryx_u32(0x0, x330, x332);
uint32_t x344, uint8_t x345 = addcarryx_u32(x342, x333, x335);
uint32_t x347, uint8_t x348 = addcarryx_u32(x345, x336, 0x0);
uint8_t x349 = (0x0 + 0x0);
uint32_t _, uint8_t x352 = addcarryx_u32(0x0, x302, x329);
uint32_t x354, uint8_t x355 = addcarryx_u32(x352, x305, x341);
uint32_t x357, uint8_t x358 = addcarryx_u32(x355, x308, x344);
uint32_t x360, uint8_t x361 = addcarryx_u32(x358, x311, x347);
uint32_t x363, uint8_t x364 = addcarryx_u32(x361, x314, x348);
uint32_t x366, uint8_t x367 = addcarryx_u32(x364, x317, x349);
uint32_t x369, uint8_t x370 = addcarryx_u32(x367, x320, x302);
uint32_t x372, uint8_t x373 = addcarryx_u32(x370, x323, x338);
uint32_t x375, uint8_t x376 = addcarryx_u32(x373, x326, x339);
uint8_t x377 = (x376 + x327);
uint32_t x379, uint32_t x380 = mulx_u32(x9, x17);
uint32_t x382, uint32_t x383 = mulx_u32(x9, x19);
uint32_t x385, uint32_t x386 = mulx_u32(x9, x21);
uint32_t x388, uint32_t x389 = mulx_u32(x9, x23);
uint32_t x391, uint32_t x392 = mulx_u32(x9, x25);
uint32_t x394, uint32_t x395 = mulx_u32(x9, x27);
uint32_t x397, uint32_t x398 = mulx_u32(x9, x29);
uint32_t x400, uint32_t x401 = mulx_u32(x9, x28);
uint32_t x403, uint8_t x404 = addcarryx_u32(0x0, x380, x382);
uint32_t x406, uint8_t x407 = addcarryx_u32(x404, x383, x385);
uint32_t x409, uint8_t x410 = addcarryx_u32(x407, x386, x388);
uint32_t x412, uint8_t x413 = addcarryx_u32(x410, x389, x391);
uint32_t x415, uint8_t x416 = addcarryx_u32(x413, x392, x394);
uint32_t x418, uint8_t x419 = addcarryx_u32(x416, x395, x397);
uint32_t x421, uint8_t x422 = addcarryx_u32(x419, x398, x400);
uint32_t x424, uint8_t _ = addcarryx_u32(0x0, x422, x401);
uint32_t x427, uint8_t x428 = addcarryx_u32(0x0, x354, x379);
uint32_t x430, uint8_t x431 = addcarryx_u32(x428, x357, x403);
uint32_t x433, uint8_t x434 = addcarryx_u32(x431, x360, x406);
uint32_t x436, uint8_t x437 = addcarryx_u32(x434, x363, x409);
uint32_t x439, uint8_t x440 = addcarryx_u32(x437, x366, x412);
uint32_t x442, uint8_t x443 = addcarryx_u32(x440, x369, x415);
uint32_t x445, uint8_t x446 = addcarryx_u32(x443, x372, x418);
uint32_t x448, uint8_t x449 = addcarryx_u32(x446, x375, x421);
uint32_t x451, uint8_t x452 = addcarryx_u32(x449, x377, x424);
uint32_t x454, uint32_t x455 = mulx_u32(x427, 0xffffffff);
uint32_t x457, uint32_t x458 = mulx_u32(x427, 0xffffffff);
uint32_t x460, uint32_t x461 = mulx_u32(x427, 0xffffffff);
uint32_t x463, uint32_t x464 = mulx_u32(x427, 0xffffffff);
uint32_t x466, uint8_t x467 = addcarryx_u32(0x0, x455, x457);
uint32_t x469, uint8_t x470 = addcarryx_u32(x467, x458, x460);
uint32_t x472, uint8_t x473 = addcarryx_u32(x470, x461, 0x0);
uint8_t x474 = (0x0 + 0x0);
uint32_t _, uint8_t x477 = addcarryx_u32(0x0, x427, x454);
uint32_t x479, uint8_t x480 = addcarryx_u32(x477, x430, x466);
uint32_t x482, uint8_t x483 = addcarryx_u32(x480, x433, x469);
uint32_t x485, uint8_t x486 = addcarryx_u32(x483, x436, x472);
uint32_t x488, uint8_t x489 = addcarryx_u32(x486, x439, x473);
uint32_t x491, uint8_t x492 = addcarryx_u32(x489, x442, x474);
uint32_t x494, uint8_t x495 = addcarryx_u32(x492, x445, x427);
uint32_t x497, uint8_t x498 = addcarryx_u32(x495, x448, x463);
uint32_t x500, uint8_t x501 = addcarryx_u32(x498, x451, x464);
uint8_t x502 = (x501 + x452);
uint32_t x504, uint32_t x505 = mulx_u32(x11, x17);
uint32_t x507, uint32_t x508 = mulx_u32(x11, x19);
uint32_t x510, uint32_t x511 = mulx_u32(x11, x21);
uint32_t x513, uint32_t x514 = mulx_u32(x11, x23);
uint32_t x516, uint32_t x517 = mulx_u32(x11, x25);
uint32_t x519, uint32_t x520 = mulx_u32(x11, x27);
uint32_t x522, uint32_t x523 = mulx_u32(x11, x29);
uint32_t x525, uint32_t x526 = mulx_u32(x11, x28);
uint32_t x528, uint8_t x529 = addcarryx_u32(0x0, x505, x507);
uint32_t x531, uint8_t x532 = addcarryx_u32(x529, x508, x510);
uint32_t x534, uint8_t x535 = addcarryx_u32(x532, x511, x513);
uint32_t x537, uint8_t x538 = addcarryx_u32(x535, x514, x516);
uint32_t x540, uint8_t x541 = addcarryx_u32(x538, x517, x519);
uint32_t x543, uint8_t x544 = addcarryx_u32(x541, x520, x522);
uint32_t x546, uint8_t x547 = addcarryx_u32(x544, x523, x525);
uint32_t x549, uint8_t _ = addcarryx_u32(0x0, x547, x526);
uint32_t x552, uint8_t x553 = addcarryx_u32(0x0, x479, x504);
uint32_t x555, uint8_t x556 = addcarryx_u32(x553, x482, x528);
uint32_t x558, uint8_t x559 = addcarryx_u32(x556, x485, x531);
uint32_t x561, uint8_t x562 = addcarryx_u32(x559, x488, x534);
uint32_t x564, uint8_t x565 = addcarryx_u32(x562, x491, x537);
uint32_t x567, uint8_t x568 = addcarryx_u32(x565, x494, x540);
uint32_t x570, uint8_t x571 = addcarryx_u32(x568, x497, x543);
uint32_t x573, uint8_t x574 = addcarryx_u32(x571, x500, x546);
uint32_t x576, uint8_t x577 = addcarryx_u32(x574, x502, x549);
uint32_t x579, uint32_t x580 = mulx_u32(x552, 0xffffffff);
uint32_t x582, uint32_t x583 = mulx_u32(x552, 0xffffffff);
uint32_t x585, uint32_t x586 = mulx_u32(x552, 0xffffffff);
uint32_t x588, uint32_t x589 = mulx_u32(x552, 0xffffffff);
uint32_t x591, uint8_t x592 = addcarryx_u32(0x0, x580, x582);
uint32_t x594, uint8_t x595 = addcarryx_u32(x592, x583, x585);
uint32_t x597, uint8_t x598 = addcarryx_u32(x595, x586, 0x0);
uint8_t x599 = (0x0 + 0x0);
uint32_t _, uint8_t x602 = addcarryx_u32(0x0, x552, x579);
uint32_t x604, uint8_t x605 = addcarryx_u32(x602, x555, x591);
uint32_t x607, uint8_t x608 = addcarryx_u32(x605, x558, x594);
uint32_t x610, uint8_t x611 = addcarryx_u32(x608, x561, x597);
uint32_t x613, uint8_t x614 = addcarryx_u32(x611, x564, x598);
uint32_t x616, uint8_t x617 = addcarryx_u32(x614, x567, x599);
uint32_t x619, uint8_t x620 = addcarryx_u32(x617, x570, x552);
uint32_t x622, uint8_t x623 = addcarryx_u32(x620, x573, x588);
uint32_t x625, uint8_t x626 = addcarryx_u32(x623, x576, x589);
uint8_t x627 = (x626 + x577);
uint32_t x629, uint32_t x630 = mulx_u32(x13, x17);
uint32_t x632, uint32_t x633 = mulx_u32(x13, x19);
uint32_t x635, uint32_t x636 = mulx_u32(x13, x21);
uint32_t x638, uint32_t x639 = mulx_u32(x13, x23);
uint32_t x641, uint32_t x642 = mulx_u32(x13, x25);
uint32_t x644, uint32_t x645 = mulx_u32(x13, x27);
uint32_t x647, uint32_t x648 = mulx_u32(x13, x29);
uint32_t x650, uint32_t x651 = mulx_u32(x13, x28);
uint32_t x653, uint8_t x654 = addcarryx_u32(0x0, x630, x632);
uint32_t x656, uint8_t x657 = addcarryx_u32(x654, x633, x635);
uint32_t x659, uint8_t x660 = addcarryx_u32(x657, x636, x638);
uint32_t x662, uint8_t x663 = addcarryx_u32(x660, x639, x641);
uint32_t x665, uint8_t x666 = addcarryx_u32(x663, x642, x644);
uint32_t x668, uint8_t x669 = addcarryx_u32(x666, x645, x647);
uint32_t x671, uint8_t x672 = addcarryx_u32(x669, x648, x650);
uint32_t x674, uint8_t _ = addcarryx_u32(0x0, x672, x651);
uint32_t x677, uint8_t x678 = addcarryx_u32(0x0, x604, x629);
uint32_t x680, uint8_t x681 = addcarryx_u32(x678, x607, x653);
uint32_t x683, uint8_t x684 = addcarryx_u32(x681, x610, x656);
uint32_t x686, uint8_t x687 = addcarryx_u32(x684, x613, x659);
uint32_t x689, uint8_t x690 = addcarryx_u32(x687, x616, x662);
uint32_t x692, uint8_t x693 = addcarryx_u32(x690, x619, x665);
uint32_t x695, uint8_t x696 = addcarryx_u32(x693, x622, x668);
uint32_t x698, uint8_t x699 = addcarryx_u32(x696, x625, x671);
uint32_t x701, uint8_t x702 = addcarryx_u32(x699, x627, x674);
uint32_t x704, uint32_t x705 = mulx_u32(x677, 0xffffffff);
uint32_t x707, uint32_t x708 = mulx_u32(x677, 0xffffffff);
uint32_t x710, uint32_t x711 = mulx_u32(x677, 0xffffffff);
uint32_t x713, uint32_t x714 = mulx_u32(x677, 0xffffffff);
uint32_t x716, uint8_t x717 = addcarryx_u32(0x0, x705, x707);
uint32_t x719, uint8_t x720 = addcarryx_u32(x717, x708, x710);
uint32_t x722, uint8_t x723 = addcarryx_u32(x720, x711, 0x0);
uint8_t x724 = (0x0 + 0x0);
uint32_t _, uint8_t x727 = addcarryx_u32(0x0, x677, x704);
uint32_t x729, uint8_t x730 = addcarryx_u32(x727, x680, x716);
uint32_t x732, uint8_t x733 = addcarryx_u32(x730, x683, x719);
uint32_t x735, uint8_t x736 = addcarryx_u32(x733, x686, x722);
uint32_t x738, uint8_t x739 = addcarryx_u32(x736, x689, x723);
uint32_t x741, uint8_t x742 = addcarryx_u32(x739, x692, x724);
uint32_t x744, uint8_t x745 = addcarryx_u32(x742, x695, x677);
uint32_t x747, uint8_t x748 = addcarryx_u32(x745, x698, x713);
uint32_t x750, uint8_t x751 = addcarryx_u32(x748, x701, x714);
uint8_t x752 = (x751 + x702);
uint32_t x754, uint32_t x755 = mulx_u32(x15, x17);
uint32_t x757, uint32_t x758 = mulx_u32(x15, x19);
uint32_t x760, uint32_t x761 = mulx_u32(x15, x21);
uint32_t x763, uint32_t x764 = mulx_u32(x15, x23);
uint32_t x766, uint32_t x767 = mulx_u32(x15, x25);
uint32_t x769, uint32_t x770 = mulx_u32(x15, x27);
uint32_t x772, uint32_t x773 = mulx_u32(x15, x29);
uint32_t x775, uint32_t x776 = mulx_u32(x15, x28);
uint32_t x778, uint8_t x779 = addcarryx_u32(0x0, x755, x757);
uint32_t x781, uint8_t x782 = addcarryx_u32(x779, x758, x760);
uint32_t x784, uint8_t x785 = addcarryx_u32(x782, x761, x763);
uint32_t x787, uint8_t x788 = addcarryx_u32(x785, x764, x766);
uint32_t x790, uint8_t x791 = addcarryx_u32(x788, x767, x769);
uint32_t x793, uint8_t x794 = addcarryx_u32(x791, x770, x772);
uint32_t x796, uint8_t x797 = addcarryx_u32(x794, x773, x775);
uint32_t x799, uint8_t _ = addcarryx_u32(0x0, x797, x776);
uint32_t x802, uint8_t x803 = addcarryx_u32(0x0, x729, x754);
uint32_t x805, uint8_t x806 = addcarryx_u32(x803, x732, x778);
uint32_t x808, uint8_t x809 = addcarryx_u32(x806, x735, x781);
uint32_t x811, uint8_t x812 = addcarryx_u32(x809, x738, x784);
uint32_t x814, uint8_t x815 = addcarryx_u32(x812, x741, x787);
uint32_t x817, uint8_t x818 = addcarryx_u32(x815, x744, x790);
uint32_t x820, uint8_t x821 = addcarryx_u32(x818, x747, x793);
uint32_t x823, uint8_t x824 = addcarryx_u32(x821, x750, x796);
uint32_t x826, uint8_t x827 = addcarryx_u32(x824, x752, x799);
uint32_t x829, uint32_t x830 = mulx_u32(x802, 0xffffffff);
uint32_t x832, uint32_t x833 = mulx_u32(x802, 0xffffffff);
uint32_t x835, uint32_t x836 = mulx_u32(x802, 0xffffffff);
uint32_t x838, uint32_t x839 = mulx_u32(x802, 0xffffffff);
uint32_t x841, uint8_t x842 = addcarryx_u32(0x0, x830, x832);
uint32_t x844, uint8_t x845 = addcarryx_u32(x842, x833, x835);
uint32_t x847, uint8_t x848 = addcarryx_u32(x845, x836, 0x0);
uint8_t x849 = (0x0 + 0x0);
uint32_t _, uint8_t x852 = addcarryx_u32(0x0, x802, x829);
uint32_t x854, uint8_t x855 = addcarryx_u32(x852, x805, x841);
uint32_t x857, uint8_t x858 = addcarryx_u32(x855, x808, x844);
uint32_t x860, uint8_t x861 = addcarryx_u32(x858, x811, x847);
uint32_t x863, uint8_t x864 = addcarryx_u32(x861, x814, x848);
uint32_t x866, uint8_t x867 = addcarryx_u32(x864, x817, x849);
uint32_t x869, uint8_t x870 = addcarryx_u32(x867, x820, x802);
uint32_t x872, uint8_t x873 = addcarryx_u32(x870, x823, x838);
uint32_t x875, uint8_t x876 = addcarryx_u32(x873, x826, x839);
uint8_t x877 = (x876 + x827);
uint32_t x879, uint32_t x880 = mulx_u32(x14, x17);
uint32_t x882, uint32_t x883 = mulx_u32(x14, x19);
uint32_t x885, uint32_t x886 = mulx_u32(x14, x21);
uint32_t x888, uint32_t x889 = mulx_u32(x14, x23);
uint32_t x891, uint32_t x892 = mulx_u32(x14, x25);
uint32_t x894, uint32_t x895 = mulx_u32(x14, x27);
uint32_t x897, uint32_t x898 = mulx_u32(x14, x29);
uint32_t x900, uint32_t x901 = mulx_u32(x14, x28);
uint32_t x903, uint8_t x904 = addcarryx_u32(0x0, x880, x882);
uint32_t x906, uint8_t x907 = addcarryx_u32(x904, x883, x885);
uint32_t x909, uint8_t x910 = addcarryx_u32(x907, x886, x888);
uint32_t x912, uint8_t x913 = addcarryx_u32(x910, x889, x891);
uint32_t x915, uint8_t x916 = addcarryx_u32(x913, x892, x894);
uint32_t x918, uint8_t x919 = addcarryx_u32(x916, x895, x897);
uint32_t x921, uint8_t x922 = addcarryx_u32(x919, x898, x900);
uint32_t x924, uint8_t _ = addcarryx_u32(0x0, x922, x901);
uint32_t x927, uint8_t x928 = addcarryx_u32(0x0, x854, x879);
uint32_t x930, uint8_t x931 = addcarryx_u32(x928, x857, x903);
uint32_t x933, uint8_t x934 = addcarryx_u32(x931, x860, x906);
uint32_t x936, uint8_t x937 = addcarryx_u32(x934, x863, x909);
uint32_t x939, uint8_t x940 = addcarryx_u32(x937, x866, x912);
uint32_t x942, uint8_t x943 = addcarryx_u32(x940, x869, x915);
uint32_t x945, uint8_t x946 = addcarryx_u32(x943, x872, x918);
uint32_t x948, uint8_t x949 = addcarryx_u32(x946, x875, x921);
uint32_t x951, uint8_t x952 = addcarryx_u32(x949, x877, x924);
uint32_t x954, uint32_t x955 = mulx_u32(x927, 0xffffffff);
uint32_t x957, uint32_t x958 = mulx_u32(x927, 0xffffffff);
uint32_t x960, uint32_t x961 = mulx_u32(x927, 0xffffffff);
uint32_t x963, uint32_t x964 = mulx_u32(x927, 0xffffffff);
uint32_t x966, uint8_t x967 = addcarryx_u32(0x0, x955, x957);
uint32_t x969, uint8_t x970 = addcarryx_u32(x967, x958, x960);
uint32_t x972, uint8_t x973 = addcarryx_u32(x970, x961, 0x0);
uint8_t x974 = (0x0 + 0x0);
uint32_t _, uint8_t x977 = addcarryx_u32(0x0, x927, x954);
uint32_t x979, uint8_t x980 = addcarryx_u32(x977, x930, x966);
uint32_t x982, uint8_t x983 = addcarryx_u32(x980, x933, x969);
uint32_t x985, uint8_t x986 = addcarryx_u32(x983, x936, x972);
uint32_t x988, uint8_t x989 = addcarryx_u32(x986, x939, x973);
uint32_t x991, uint8_t x992 = addcarryx_u32(x989, x942, x974);
uint32_t x994, uint8_t x995 = addcarryx_u32(x992, x945, x927);
uint32_t x997, uint8_t x998 = addcarryx_u32(x995, x948, x963);
uint32_t x1000, uint8_t x1001 = addcarryx_u32(x998, x951, x964);
uint8_t x1002 = (x1001 + x952);
uint32_t x1004, uint8_t x1005 = subborrow_u32(0x0, x979, 0xffffffff);
uint32_t x1007, uint8_t x1008 = subborrow_u32(x1005, x982, 0xffffffff);
uint32_t x1010, uint8_t x1011 = subborrow_u32(x1008, x985, 0xffffffff);
uint32_t x1013, uint8_t x1014 = subborrow_u32(x1011, x988, 0x0);
uint32_t x1016, uint8_t x1017 = subborrow_u32(x1014, x991, 0x0);
uint32_t x1019, uint8_t x1020 = subborrow_u32(x1017, x994, 0x0);
uint32_t x1022, uint8_t x1023 = subborrow_u32(x1020, x997, 0x1);
uint32_t x1025, uint8_t x1026 = subborrow_u32(x1023, x1000, 0xffffffff);
uint32_t _, uint8_t x1029 = subborrow_u32(x1026, x1002, 0x0);
(cmovznz32(x1029, x1025, x1000), cmovznz32(x1029, x1022, x997), cmovznz32(x1029, x1019, x994), cmovznz32(x1029, x1016, x991), cmovznz32(x1029, x1013, x988), cmovznz32(x1029, x1010, x985), cmovznz32(x1029, x1007, x982), cmovznz32(x1029, x1004, x979))
     : ∀ var : Z.Syntax.base_type → Type, expr Z.Syntax.base_type Z.Syntax.op (uint32_t * uint32_t * uint32_t * uint32_t * uint32_t * uint32_t * uint32_t * uint32_t * (uint32_t * uint32_t * uint32_t * uint32_t * uint32_t * uint32_t * uint32_t * uint32_t) -> uint32_t * uint32_t * uint32_t * uint32_t * uint32_t * uint32_t * uint32_t * uint32_t)

Argument scope is [function_scope]
