rladderstepW = 
fun var : base_type -> Type =>
λ
_ _ _ _ _ _ _ _ _ _ _ _ _ _ _ _ _ _ _ _ _ _ _ _ x23 x24 x25 x26 x27 x28 x29
 x30 x31 x32 x33 x34 x35 x36 x37 x38 x39 x40 x41 x42 x43 x44 x45 x46 x47 x48
 x49 x50 x51 x52 x53 x54 x55 x56 x57 x58 x59 x60 x61 x62 x63 x64 x65 x66 x67
 x68 x69 x70 : var (TWord 5),
uint32_t x71 = x39 + x47;
uint32_t x72 = x40 + x48;
uint32_t x73 = x41 + x49;
uint32_t x74 = x42 + x50;
uint32_t x75 = x43 + x51;
uint32_t x76 = x44 + x52;
uint32_t x77 = x45 + x53;
uint32_t x78 = x46 + x54;
uint64_t x79 = ((uint64_t) x78) * x78;
uint8_t x80 = 0b10;
uint32_t x81 = x77 * x80;
uint64_t x82 = ((uint64_t) x71) * x81;
uint8_t x83 = 0b10;
uint32_t x84 = x76 * x83;
uint64_t x85 = ((uint64_t) x72) * x84;
uint8_t x86 = 0b10;
uint32_t x87 = x75 * x86;
uint64_t x88 = ((uint64_t) x73) * x87;
uint8_t x89 = 0b10;
uint32_t x90 = x74 * x89;
uint64_t x91 = ((uint64_t) x74) * x90;
uint8_t x92 = 0b10;
uint32_t x93 = x73 * x92;
uint64_t x94 = ((uint64_t) x75) * x93;
uint8_t x95 = 0b10;
uint32_t x96 = x72 * x95;
uint64_t x97 = ((uint64_t) x76) * x96;
uint8_t x98 = 0b10;
uint32_t x99 = x71 * x98;
uint64_t x100 = ((uint64_t) x77) * x99;
uint64_t x101 = x97 + x100;
uint64_t x102 = x94 + x101;
uint64_t x103 = x91 + x102;
uint64_t x104 = x88 + x103;
uint64_t x105 = x85 + x104;
uint64_t x106 = x82 + x105;
uint8_t x107 = 0b11;
uint64_t x108 = x107 * x106;
uint64_t x109 = x79 + x108;
uint8_t x110 = 0b00011100;
uint64_t x111 = x109 >> x110;
uint64_t x112 = ((uint64_t) x77) * x78;
uint64_t x113 = ((uint64_t) x78) * x77;
uint64_t x114 = x112 + x113;
uint8_t x115 = 0b10;
uint32_t x116 = x76 * x115;
uint64_t x117 = ((uint64_t) x71) * x116;
uint64_t x118 = ((uint64_t) x72) * x75;
uint8_t x119 = 0b10;
uint32_t x120 = x74 * x119;
uint64_t x121 = ((uint64_t) x73) * x120;
uint8_t x122 = 0b10;
uint32_t x123 = x73 * x122;
uint64_t x124 = ((uint64_t) x74) * x123;
uint64_t x125 = ((uint64_t) x75) * x72;
uint8_t x126 = 0b10;
uint32_t x127 = x71 * x126;
uint64_t x128 = ((uint64_t) x76) * x127;
uint64_t x129 = x125 + x128;
uint64_t x130 = x124 + x129;
uint64_t x131 = x121 + x130;
uint64_t x132 = x118 + x131;
uint64_t x133 = x117 + x132;
uint8_t x134 = 0b11;
uint64_t x135 = x134 * x133;
uint64_t x136 = x114 + x135;
uint64_t x137 = x111 + x136;
uint8_t x138 = 0b00011100;
uint64_t x139 = x137 >> x138;
uint64_t x140 = ((uint64_t) x76) * x78;
uint64_t x141 = ((uint64_t) x77) * x77;
uint64_t x142 = ((uint64_t) x78) * x76;
uint64_t x143 = x141 + x142;
uint64_t x144 = x140 + x143;
uint64_t x145 = ((uint64_t) x71) * x75;
uint64_t x146 = ((uint64_t) x72) * x74;
uint8_t x147 = 0b10;
uint32_t x148 = x73 * x147;
uint64_t x149 = ((uint64_t) x73) * x148;
uint64_t x150 = ((uint64_t) x74) * x72;
uint64_t x151 = ((uint64_t) x75) * x71;
uint64_t x152 = x150 + x151;
uint64_t x153 = x149 + x152;
uint64_t x154 = x146 + x153;
uint64_t x155 = x145 + x154;
uint8_t x156 = 0b11;
uint64_t x157 = x156 * x155;
uint64_t x158 = x144 + x157;
uint64_t x159 = x139 + x158;
uint8_t x160 = 0b00011011;
uint64_t x161 = x159 >> x160;
uint64_t x162 = ((uint64_t) x75) * x78;
uint8_t x163 = 0b10;
uint32_t x164 = x77 * x163;
uint64_t x165 = ((uint64_t) x76) * x164;
uint8_t x166 = 0b10;
uint32_t x167 = x76 * x166;
uint64_t x168 = ((uint64_t) x77) * x167;
uint64_t x169 = ((uint64_t) x78) * x75;
uint64_t x170 = x168 + x169;
uint64_t x171 = x165 + x170;
uint64_t x172 = x162 + x171;
uint8_t x173 = 0b10;
uint32_t x174 = x74 * x173;
uint64_t x175 = ((uint64_t) x71) * x174;
uint8_t x176 = 0b10;
uint32_t x177 = x73 * x176;
uint64_t x178 = ((uint64_t) x72) * x177;
uint8_t x179 = 0b10;
uint32_t x180 = x72 * x179;
uint64_t x181 = ((uint64_t) x73) * x180;
uint8_t x182 = 0b10;
uint32_t x183 = x71 * x182;
uint64_t x184 = ((uint64_t) x74) * x183;
uint64_t x185 = x181 + x184;
uint64_t x186 = x178 + x185;
uint64_t x187 = x175 + x186;
uint8_t x188 = 0b11;
uint64_t x189 = x188 * x187;
uint64_t x190 = x172 + x189;
uint64_t x191 = x161 + x190;
uint8_t x192 = 0b00011100;
uint64_t x193 = x191 >> x192;
uint64_t x194 = ((uint64_t) x74) * x78;
uint64_t x195 = ((uint64_t) x75) * x77;
uint8_t x196 = 0b10;
uint32_t x197 = x76 * x196;
uint64_t x198 = ((uint64_t) x76) * x197;
uint64_t x199 = ((uint64_t) x77) * x75;
uint64_t x200 = ((uint64_t) x78) * x74;
uint64_t x201 = x199 + x200;
uint64_t x202 = x198 + x201;
uint64_t x203 = x195 + x202;
uint64_t x204 = x194 + x203;
uint8_t x205 = 0b10;
uint32_t x206 = x73 * x205;
uint64_t x207 = ((uint64_t) x71) * x206;
uint64_t x208 = ((uint64_t) x72) * x72;
uint8_t x209 = 0b10;
uint32_t x210 = x71 * x209;
uint64_t x211 = ((uint64_t) x73) * x210;
uint64_t x212 = x208 + x211;
uint64_t x213 = x207 + x212;
uint8_t x214 = 0b11;
uint64_t x215 = x214 * x213;
uint64_t x216 = x204 + x215;
uint64_t x217 = x193 + x216;
uint8_t x218 = 0b00011100;
uint64_t x219 = x217 >> x218;
uint64_t x220 = ((uint64_t) x73) * x78;
uint64_t x221 = ((uint64_t) x74) * x77;
uint64_t x222 = ((uint64_t) x75) * x76;
uint64_t x223 = ((uint64_t) x76) * x75;
uint64_t x224 = ((uint64_t) x77) * x74;
uint64_t x225 = ((uint64_t) x78) * x73;
uint64_t x226 = x224 + x225;
uint64_t x227 = x223 + x226;
uint64_t x228 = x222 + x227;
uint64_t x229 = x221 + x228;
uint64_t x230 = x220 + x229;
uint64_t x231 = ((uint64_t) x71) * x72;
uint64_t x232 = ((uint64_t) x72) * x71;
uint64_t x233 = x231 + x232;
uint8_t x234 = 0b11;
uint64_t x235 = x234 * x233;
uint64_t x236 = x230 + x235;
uint64_t x237 = x219 + x236;
uint8_t x238 = 0b00011011;
uint64_t x239 = x237 >> x238;
uint64_t x240 = ((uint64_t) x72) * x78;
uint8_t x241 = 0b10;
uint32_t x242 = x77 * x241;
uint64_t x243 = ((uint64_t) x73) * x242;
uint8_t x244 = 0b10;
uint32_t x245 = x76 * x244;
uint64_t x246 = ((uint64_t) x74) * x245;
uint64_t x247 = ((uint64_t) x75) * x75;
uint8_t x248 = 0b10;
uint32_t x249 = x74 * x248;
uint64_t x250 = ((uint64_t) x76) * x249;
uint8_t x251 = 0b10;
uint32_t x252 = x73 * x251;
uint64_t x253 = ((uint64_t) x77) * x252;
uint64_t x254 = ((uint64_t) x78) * x72;
uint64_t x255 = x253 + x254;
uint64_t x256 = x250 + x255;
uint64_t x257 = x247 + x256;
uint64_t x258 = x246 + x257;
uint64_t x259 = x243 + x258;
uint64_t x260 = x240 + x259;
uint8_t x261 = 0b10;
uint32_t x262 = x71 * x261;
uint64_t x263 = ((uint64_t) x71) * x262;
uint8_t x264 = 0b11;
uint64_t x265 = x264 * x263;
uint64_t x266 = x260 + x265;
uint64_t x267 = x239 + x266;
uint8_t x268 = 0b00011100;
uint64_t x269 = x267 >> x268;
uint64_t x270 = ((uint64_t) x71) * x78;
uint64_t x271 = ((uint64_t) x72) * x77;
uint8_t x272 = 0b10;
uint32_t x273 = x76 * x272;
uint64_t x274 = ((uint64_t) x73) * x273;
uint64_t x275 = ((uint64_t) x74) * x75;
uint64_t x276 = ((uint64_t) x75) * x74;
uint8_t x277 = 0b10;
uint32_t x278 = x73 * x277;
uint64_t x279 = ((uint64_t) x76) * x278;
uint64_t x280 = ((uint64_t) x77) * x72;
uint64_t x281 = ((uint64_t) x78) * x71;
uint64_t x282 = x280 + x281;
uint64_t x283 = x279 + x282;
uint64_t x284 = x276 + x283;
uint64_t x285 = x275 + x284;
uint64_t x286 = x274 + x285;
uint64_t x287 = x271 + x286;
uint64_t x288 = x270 + x287;
uint64_t x289 = x269 + x288;
uint8_t x290 = 0b00011011;
uint64_t x291 = x289 >> x290;
uint8_t x292 = 0b11;
uint64_t x293 = x292 * x291;
uint32_t x294 = 0b00001111111111111111111111111111;
uint32_t x295 = x109 & x294;
uint64_t x296 = x293 + x295;
uint8_t x297 = 0b00011100;
uint8_t x298 = (uint8_t) (x296 >> x297);
uint32_t x299 = 0b00001111111111111111111111111111;
uint32_t x300 = x137 & x299;
uint32_t x301 = x298 + x300;
uint32_t x302 = 0b00000111111111111111111111111111;
uint32_t x303 = x289 & x302;
uint32_t x304 = 0b00001111111111111111111111111111;
uint32_t x305 = x267 & x304;
uint32_t x306 = 0b00000111111111111111111111111111;
uint32_t x307 = x237 & x306;
uint32_t x308 = 0b00001111111111111111111111111111;
uint32_t x309 = x217 & x308;
uint32_t x310 = 0b00001111111111111111111111111111;
uint32_t x311 = x191 & x310;
uint8_t x312 = 0b00011100;
bool x313 = (bool) (x301 >> x312);
uint32_t x314 = 0b00000111111111111111111111111111;
uint32_t x315 = x159 & x314;
uint32_t x316 = x313 + x315;
uint32_t x317 = 0b00001111111111111111111111111111;
uint32_t x318 = x301 & x317;
uint32_t x319 = 0b00001111111111111111111111111111;
uint32_t x320 = x296 & x319;
uint32_t x321 = 0b00001111111111111111111111111110;
uint32_t x322 = x321 + x39;
uint32_t x323 = x322 - x47;
uint32_t x324 = 0b00011111111111111111111111111110;
uint32_t x325 = x324 + x40;
uint32_t x326 = x325 - x48;
uint32_t x327 = 0b00001111111111111111111111111110;
uint32_t x328 = x327 + x41;
uint32_t x329 = x328 - x49;
uint32_t x330 = 0b00011111111111111111111111111110;
uint32_t x331 = x330 + x42;
uint32_t x332 = x331 - x50;
uint32_t x333 = 0b00011111111111111111111111111110;
uint32_t x334 = x333 + x43;
uint32_t x335 = x334 - x51;
uint32_t x336 = 0b00001111111111111111111111111110;
uint32_t x337 = x336 + x44;
uint32_t x338 = x337 - x52;
uint32_t x339 = 0b00011111111111111111111111111110;
uint32_t x340 = x339 + x45;
uint32_t x341 = x340 - x53;
uint32_t x342 = 0b00011111111111111111111111111010;
uint32_t x343 = x342 + x46;
uint32_t x344 = x343 - x54;
uint64_t x345 = ((uint64_t) x344) * x344;
uint8_t x346 = 0b10;
uint32_t x347 = x341 * x346;
uint64_t x348 = ((uint64_t) x323) * x347;
uint8_t x349 = 0b10;
uint32_t x350 = x338 * x349;
uint64_t x351 = ((uint64_t) x326) * x350;
uint8_t x352 = 0b10;
uint32_t x353 = x335 * x352;
uint64_t x354 = ((uint64_t) x329) * x353;
uint8_t x355 = 0b10;
uint32_t x356 = x332 * x355;
uint64_t x357 = ((uint64_t) x332) * x356;
uint8_t x358 = 0b10;
uint32_t x359 = x329 * x358;
uint64_t x360 = ((uint64_t) x335) * x359;
uint8_t x361 = 0b10;
uint32_t x362 = x326 * x361;
uint64_t x363 = ((uint64_t) x338) * x362;
uint8_t x364 = 0b10;
uint32_t x365 = x323 * x364;
uint64_t x366 = ((uint64_t) x341) * x365;
uint64_t x367 = x363 + x366;
uint64_t x368 = x360 + x367;
uint64_t x369 = x357 + x368;
uint64_t x370 = x354 + x369;
uint64_t x371 = x351 + x370;
uint64_t x372 = x348 + x371;
uint8_t x373 = 0b11;
uint64_t x374 = x373 * x372;
uint64_t x375 = x345 + x374;
uint8_t x376 = 0b00011100;
uint64_t x377 = x375 >> x376;
uint64_t x378 = ((uint64_t) x341) * x344;
uint64_t x379 = ((uint64_t) x344) * x341;
uint64_t x380 = x378 + x379;
uint8_t x381 = 0b10;
uint32_t x382 = x338 * x381;
uint64_t x383 = ((uint64_t) x323) * x382;
uint64_t x384 = ((uint64_t) x326) * x335;
uint8_t x385 = 0b10;
uint32_t x386 = x332 * x385;
uint64_t x387 = ((uint64_t) x329) * x386;
uint8_t x388 = 0b10;
uint32_t x389 = x329 * x388;
uint64_t x390 = ((uint64_t) x332) * x389;
uint64_t x391 = ((uint64_t) x335) * x326;
uint8_t x392 = 0b10;
uint32_t x393 = x323 * x392;
uint64_t x394 = ((uint64_t) x338) * x393;
uint64_t x395 = x391 + x394;
uint64_t x396 = x390 + x395;
uint64_t x397 = x387 + x396;
uint64_t x398 = x384 + x397;
uint64_t x399 = x383 + x398;
uint8_t x400 = 0b11;
uint64_t x401 = x400 * x399;
uint64_t x402 = x380 + x401;
uint64_t x403 = x377 + x402;
uint8_t x404 = 0b00011100;
uint64_t x405 = x403 >> x404;
uint64_t x406 = ((uint64_t) x338) * x344;
uint64_t x407 = ((uint64_t) x341) * x341;
uint64_t x408 = ((uint64_t) x344) * x338;
uint64_t x409 = x407 + x408;
uint64_t x410 = x406 + x409;
uint64_t x411 = ((uint64_t) x323) * x335;
uint64_t x412 = ((uint64_t) x326) * x332;
uint8_t x413 = 0b10;
uint32_t x414 = x329 * x413;
uint64_t x415 = ((uint64_t) x329) * x414;
uint64_t x416 = ((uint64_t) x332) * x326;
uint64_t x417 = ((uint64_t) x335) * x323;
uint64_t x418 = x416 + x417;
uint64_t x419 = x415 + x418;
uint64_t x420 = x412 + x419;
uint64_t x421 = x411 + x420;
uint8_t x422 = 0b11;
uint64_t x423 = x422 * x421;
uint64_t x424 = x410 + x423;
uint64_t x425 = x405 + x424;
uint8_t x426 = 0b00011011;
uint64_t x427 = x425 >> x426;
uint64_t x428 = ((uint64_t) x335) * x344;
uint8_t x429 = 0b10;
uint32_t x430 = x341 * x429;
uint64_t x431 = ((uint64_t) x338) * x430;
uint8_t x432 = 0b10;
uint32_t x433 = x338 * x432;
uint64_t x434 = ((uint64_t) x341) * x433;
uint64_t x435 = ((uint64_t) x344) * x335;
uint64_t x436 = x434 + x435;
uint64_t x437 = x431 + x436;
uint64_t x438 = x428 + x437;
uint8_t x439 = 0b10;
uint32_t x440 = x332 * x439;
uint64_t x441 = ((uint64_t) x323) * x440;
uint8_t x442 = 0b10;
uint32_t x443 = x329 * x442;
uint64_t x444 = ((uint64_t) x326) * x443;
uint8_t x445 = 0b10;
uint32_t x446 = x326 * x445;
uint64_t x447 = ((uint64_t) x329) * x446;
uint8_t x448 = 0b10;
uint32_t x449 = x323 * x448;
uint64_t x450 = ((uint64_t) x332) * x449;
uint64_t x451 = x447 + x450;
uint64_t x452 = x444 + x451;
uint64_t x453 = x441 + x452;
uint8_t x454 = 0b11;
uint64_t x455 = x454 * x453;
uint64_t x456 = x438 + x455;
uint64_t x457 = x427 + x456;
uint8_t x458 = 0b00011100;
uint64_t x459 = x457 >> x458;
uint64_t x460 = ((uint64_t) x332) * x344;
uint64_t x461 = ((uint64_t) x335) * x341;
uint8_t x462 = 0b10;
uint32_t x463 = x338 * x462;
uint64_t x464 = ((uint64_t) x338) * x463;
uint64_t x465 = ((uint64_t) x341) * x335;
uint64_t x466 = ((uint64_t) x344) * x332;
uint64_t x467 = x465 + x466;
uint64_t x468 = x464 + x467;
uint64_t x469 = x461 + x468;
uint64_t x470 = x460 + x469;
uint8_t x471 = 0b10;
uint32_t x472 = x329 * x471;
uint64_t x473 = ((uint64_t) x323) * x472;
uint64_t x474 = ((uint64_t) x326) * x326;
uint8_t x475 = 0b10;
uint32_t x476 = x323 * x475;
uint64_t x477 = ((uint64_t) x329) * x476;
uint64_t x478 = x474 + x477;
uint64_t x479 = x473 + x478;
uint8_t x480 = 0b11;
uint64_t x481 = x480 * x479;
uint64_t x482 = x470 + x481;
uint64_t x483 = x459 + x482;
uint8_t x484 = 0b00011100;
uint64_t x485 = x483 >> x484;
uint64_t x486 = ((uint64_t) x329) * x344;
uint64_t x487 = ((uint64_t) x332) * x341;
uint64_t x488 = ((uint64_t) x335) * x338;
uint64_t x489 = ((uint64_t) x338) * x335;
uint64_t x490 = ((uint64_t) x341) * x332;
uint64_t x491 = ((uint64_t) x344) * x329;
uint64_t x492 = x490 + x491;
uint64_t x493 = x489 + x492;
uint64_t x494 = x488 + x493;
uint64_t x495 = x487 + x494;
uint64_t x496 = x486 + x495;
uint64_t x497 = ((uint64_t) x323) * x326;
uint64_t x498 = ((uint64_t) x326) * x323;
uint64_t x499 = x497 + x498;
uint8_t x500 = 0b11;
uint64_t x501 = x500 * x499;
uint64_t x502 = x496 + x501;
uint64_t x503 = x485 + x502;
uint8_t x504 = 0b00011011;
uint64_t x505 = x503 >> x504;
uint64_t x506 = ((uint64_t) x326) * x344;
uint8_t x507 = 0b10;
uint32_t x508 = x341 * x507;
uint64_t x509 = ((uint64_t) x329) * x508;
uint8_t x510 = 0b10;
uint32_t x511 = x338 * x510;
uint64_t x512 = ((uint64_t) x332) * x511;
uint64_t x513 = ((uint64_t) x335) * x335;
uint8_t x514 = 0b10;
uint32_t x515 = x332 * x514;
uint64_t x516 = ((uint64_t) x338) * x515;
uint8_t x517 = 0b10;
uint32_t x518 = x329 * x517;
uint64_t x519 = ((uint64_t) x341) * x518;
uint64_t x520 = ((uint64_t) x344) * x326;
uint64_t x521 = x519 + x520;
uint64_t x522 = x516 + x521;
uint64_t x523 = x513 + x522;
uint64_t x524 = x512 + x523;
uint64_t x525 = x509 + x524;
uint64_t x526 = x506 + x525;
uint8_t x527 = 0b10;
uint32_t x528 = x323 * x527;
uint64_t x529 = ((uint64_t) x323) * x528;
uint8_t x530 = 0b11;
uint64_t x531 = x530 * x529;
uint64_t x532 = x526 + x531;
uint64_t x533 = x505 + x532;
uint8_t x534 = 0b00011100;
uint64_t x535 = x533 >> x534;
uint64_t x536 = ((uint64_t) x323) * x344;
uint64_t x537 = ((uint64_t) x326) * x341;
uint8_t x538 = 0b10;
uint32_t x539 = x338 * x538;
uint64_t x540 = ((uint64_t) x329) * x539;
uint64_t x541 = ((uint64_t) x332) * x335;
uint64_t x542 = ((uint64_t) x335) * x332;
uint8_t x543 = 0b10;
uint32_t x544 = x329 * x543;
uint64_t x545 = ((uint64_t) x338) * x544;
uint64_t x546 = ((uint64_t) x341) * x326;
uint64_t x547 = ((uint64_t) x344) * x323;
uint64_t x548 = x546 + x547;
uint64_t x549 = x545 + x548;
uint64_t x550 = x542 + x549;
uint64_t x551 = x541 + x550;
uint64_t x552 = x540 + x551;
uint64_t x553 = x537 + x552;
uint64_t x554 = x536 + x553;
uint64_t x555 = x535 + x554;
uint8_t x556 = 0b00011011;
uint64_t x557 = x555 >> x556;
uint8_t x558 = 0b11;
uint64_t x559 = x558 * x557;
uint32_t x560 = 0b00001111111111111111111111111111;
uint32_t x561 = x375 & x560;
uint64_t x562 = x559 + x561;
uint8_t x563 = 0b00011100;
uint16_t x564 = (uint16_t) (x562 >> x563);
uint32_t x565 = 0b00001111111111111111111111111111;
uint32_t x566 = x403 & x565;
uint32_t x567 = x564 + x566;
uint32_t x568 = 0b00000111111111111111111111111111;
uint32_t x569 = x555 & x568;
uint32_t x570 = 0b00001111111111111111111111111111;
uint32_t x571 = x533 & x570;
uint32_t x572 = 0b00000111111111111111111111111111;
uint32_t x573 = x503 & x572;
uint32_t x574 = 0b00001111111111111111111111111111;
uint32_t x575 = x483 & x574;
uint32_t x576 = 0b00001111111111111111111111111111;
uint32_t x577 = x457 & x576;
uint8_t x578 = 0b00011100;
bool x579 = (bool) (x567 >> x578);
uint32_t x580 = 0b00000111111111111111111111111111;
uint32_t x581 = x425 & x580;
uint32_t x582 = x579 + x581;
uint32_t x583 = 0b00001111111111111111111111111111;
uint32_t x584 = x567 & x583;
uint32_t x585 = 0b00001111111111111111111111111111;
uint32_t x586 = x562 & x585;
uint32_t x587 = 0b00001111111111111111111111111110;
uint32_t x588 = x587 + x303;
uint32_t x589 = x588 - x569;
uint32_t x590 = 0b00011111111111111111111111111110;
uint32_t x591 = x590 + x305;
uint32_t x592 = x591 - x571;
uint32_t x593 = 0b00001111111111111111111111111110;
uint32_t x594 = x593 + x307;
uint32_t x595 = x594 - x573;
uint32_t x596 = 0b00011111111111111111111111111110;
uint32_t x597 = x596 + x309;
uint32_t x598 = x597 - x575;
uint32_t x599 = 0b00011111111111111111111111111110;
uint32_t x600 = x599 + x311;
uint32_t x601 = x600 - x577;
uint32_t x602 = 0b00001111111111111111111111111110;
uint32_t x603 = x602 + x316;
uint32_t x604 = x603 - x582;
uint32_t x605 = 0b00011111111111111111111111111110;
uint32_t x606 = x605 + x318;
uint32_t x607 = x606 - x584;
uint32_t x608 = 0b00011111111111111111111111111010;
uint32_t x609 = x608 + x320;
uint32_t x610 = x609 - x586;
uint32_t x611 = x55 + x63;
uint32_t x612 = x56 + x64;
uint32_t x613 = x57 + x65;
uint32_t x614 = x58 + x66;
uint32_t x615 = x59 + x67;
uint32_t x616 = x60 + x68;
uint32_t x617 = x61 + x69;
uint32_t x618 = x62 + x70;
uint32_t x619 = 0b00001111111111111111111111111110;
uint32_t x620 = x619 + x55;
uint32_t x621 = x620 - x63;
uint32_t x622 = 0b00011111111111111111111111111110;
uint32_t x623 = x622 + x56;
uint32_t x624 = x623 - x64;
uint32_t x625 = 0b00001111111111111111111111111110;
uint32_t x626 = x625 + x57;
uint32_t x627 = x626 - x65;
uint32_t x628 = 0b00011111111111111111111111111110;
uint32_t x629 = x628 + x58;
uint32_t x630 = x629 - x66;
uint32_t x631 = 0b00011111111111111111111111111110;
uint32_t x632 = x631 + x59;
uint32_t x633 = x632 - x67;
uint32_t x634 = 0b00001111111111111111111111111110;
uint32_t x635 = x634 + x60;
uint32_t x636 = x635 - x68;
uint32_t x637 = 0b00011111111111111111111111111110;
uint32_t x638 = x637 + x61;
uint32_t x639 = x638 - x69;
uint32_t x640 = 0b00011111111111111111111111111010;
uint32_t x641 = x640 + x62;
uint32_t x642 = x641 - x70;
uint64_t x643 = ((uint64_t) x642) * x78;
uint8_t x644 = 0b10;
uint32_t x645 = x77 * x644;
uint64_t x646 = ((uint64_t) x621) * x645;
uint8_t x647 = 0b10;
uint32_t x648 = x76 * x647;
uint64_t x649 = ((uint64_t) x624) * x648;
uint8_t x650 = 0b10;
uint32_t x651 = x75 * x650;
uint64_t x652 = ((uint64_t) x627) * x651;
uint8_t x653 = 0b10;
uint32_t x654 = x74 * x653;
uint64_t x655 = ((uint64_t) x630) * x654;
uint8_t x656 = 0b10;
uint32_t x657 = x73 * x656;
uint64_t x658 = ((uint64_t) x633) * x657;
uint8_t x659 = 0b10;
uint32_t x660 = x72 * x659;
uint64_t x661 = ((uint64_t) x636) * x660;
uint8_t x662 = 0b10;
uint32_t x663 = x71 * x662;
uint64_t x664 = ((uint64_t) x639) * x663;
uint64_t x665 = x661 + x664;
uint64_t x666 = x658 + x665;
uint64_t x667 = x655 + x666;
uint64_t x668 = x652 + x667;
uint64_t x669 = x649 + x668;
uint64_t x670 = x646 + x669;
uint8_t x671 = 0b11;
uint64_t x672 = x671 * x670;
uint64_t x673 = x643 + x672;
uint8_t x674 = 0b00011100;
uint64_t x675 = x673 >> x674;
uint64_t x676 = ((uint64_t) x639) * x78;
uint64_t x677 = ((uint64_t) x642) * x77;
uint64_t x678 = x676 + x677;
uint8_t x679 = 0b10;
uint32_t x680 = x76 * x679;
uint64_t x681 = ((uint64_t) x621) * x680;
uint64_t x682 = ((uint64_t) x624) * x75;
uint8_t x683 = 0b10;
uint32_t x684 = x74 * x683;
uint64_t x685 = ((uint64_t) x627) * x684;
uint8_t x686 = 0b10;
uint32_t x687 = x73 * x686;
uint64_t x688 = ((uint64_t) x630) * x687;
uint64_t x689 = ((uint64_t) x633) * x72;
uint8_t x690 = 0b10;
uint32_t x691 = x71 * x690;
uint64_t x692 = ((uint64_t) x636) * x691;
uint64_t x693 = x689 + x692;
uint64_t x694 = x688 + x693;
uint64_t x695 = x685 + x694;
uint64_t x696 = x682 + x695;
uint64_t x697 = x681 + x696;
uint8_t x698 = 0b11;
uint64_t x699 = x698 * x697;
uint64_t x700 = x678 + x699;
uint64_t x701 = x675 + x700;
uint8_t x702 = 0b00011100;
uint64_t x703 = x701 >> x702;
uint64_t x704 = ((uint64_t) x636) * x78;
uint64_t x705 = ((uint64_t) x639) * x77;
uint64_t x706 = ((uint64_t) x642) * x76;
uint64_t x707 = x705 + x706;
uint64_t x708 = x704 + x707;
uint64_t x709 = ((uint64_t) x621) * x75;
uint64_t x710 = ((uint64_t) x624) * x74;
uint8_t x711 = 0b10;
uint32_t x712 = x73 * x711;
uint64_t x713 = ((uint64_t) x627) * x712;
uint64_t x714 = ((uint64_t) x630) * x72;
uint64_t x715 = ((uint64_t) x633) * x71;
uint64_t x716 = x714 + x715;
uint64_t x717 = x713 + x716;
uint64_t x718 = x710 + x717;
uint64_t x719 = x709 + x718;
uint8_t x720 = 0b11;
uint64_t x721 = x720 * x719;
uint64_t x722 = x708 + x721;
uint64_t x723 = x703 + x722;
uint8_t x724 = 0b00011011;
uint64_t x725 = x723 >> x724;
uint64_t x726 = ((uint64_t) x633) * x78;
uint8_t x727 = 0b10;
uint32_t x728 = x77 * x727;
uint64_t x729 = ((uint64_t) x636) * x728;
uint8_t x730 = 0b10;
uint32_t x731 = x76 * x730;
uint64_t x732 = ((uint64_t) x639) * x731;
uint64_t x733 = ((uint64_t) x642) * x75;
uint64_t x734 = x732 + x733;
uint64_t x735 = x729 + x734;
uint64_t x736 = x726 + x735;
uint8_t x737 = 0b10;
uint32_t x738 = x74 * x737;
uint64_t x739 = ((uint64_t) x621) * x738;
uint8_t x740 = 0b10;
uint32_t x741 = x73 * x740;
uint64_t x742 = ((uint64_t) x624) * x741;
uint8_t x743 = 0b10;
uint32_t x744 = x72 * x743;
uint64_t x745 = ((uint64_t) x627) * x744;
uint8_t x746 = 0b10;
uint32_t x747 = x71 * x746;
uint64_t x748 = ((uint64_t) x630) * x747;
uint64_t x749 = x745 + x748;
uint64_t x750 = x742 + x749;
uint64_t x751 = x739 + x750;
uint8_t x752 = 0b11;
uint64_t x753 = x752 * x751;
uint64_t x754 = x736 + x753;
uint64_t x755 = x725 + x754;
uint8_t x756 = 0b00011100;
uint64_t x757 = x755 >> x756;
uint64_t x758 = ((uint64_t) x630) * x78;
uint64_t x759 = ((uint64_t) x633) * x77;
uint8_t x760 = 0b10;
uint32_t x761 = x76 * x760;
uint64_t x762 = ((uint64_t) x636) * x761;
uint64_t x763 = ((uint64_t) x639) * x75;
uint64_t x764 = ((uint64_t) x642) * x74;
uint64_t x765 = x763 + x764;
uint64_t x766 = x762 + x765;
uint64_t x767 = x759 + x766;
uint64_t x768 = x758 + x767;
uint8_t x769 = 0b10;
uint32_t x770 = x73 * x769;
uint64_t x771 = ((uint64_t) x621) * x770;
uint64_t x772 = ((uint64_t) x624) * x72;
uint8_t x773 = 0b10;
uint32_t x774 = x71 * x773;
uint64_t x775 = ((uint64_t) x627) * x774;
uint64_t x776 = x772 + x775;
uint64_t x777 = x771 + x776;
uint8_t x778 = 0b11;
uint64_t x779 = x778 * x777;
uint64_t x780 = x768 + x779;
uint64_t x781 = x757 + x780;
uint8_t x782 = 0b00011100;
uint64_t x783 = x781 >> x782;
uint64_t x784 = ((uint64_t) x627) * x78;
uint64_t x785 = ((uint64_t) x630) * x77;
uint64_t x786 = ((uint64_t) x633) * x76;
uint64_t x787 = ((uint64_t) x636) * x75;
uint64_t x788 = ((uint64_t) x639) * x74;
uint64_t x789 = ((uint64_t) x642) * x73;
uint64_t x790 = x788 + x789;
uint64_t x791 = x787 + x790;
uint64_t x792 = x786 + x791;
uint64_t x793 = x785 + x792;
uint64_t x794 = x784 + x793;
uint64_t x795 = ((uint64_t) x621) * x72;
uint64_t x796 = ((uint64_t) x624) * x71;
uint64_t x797 = x795 + x796;
uint8_t x798 = 0b11;
uint64_t x799 = x798 * x797;
uint64_t x800 = x794 + x799;
uint64_t x801 = x783 + x800;
uint8_t x802 = 0b00011011;
uint64_t x803 = x801 >> x802;
uint64_t x804 = ((uint64_t) x624) * x78;
uint8_t x805 = 0b10;
uint32_t x806 = x77 * x805;
uint64_t x807 = ((uint64_t) x627) * x806;
uint8_t x808 = 0b10;
uint32_t x809 = x76 * x808;
uint64_t x810 = ((uint64_t) x630) * x809;
uint64_t x811 = ((uint64_t) x633) * x75;
uint8_t x812 = 0b10;
uint32_t x813 = x74 * x812;
uint64_t x814 = ((uint64_t) x636) * x813;
uint8_t x815 = 0b10;
uint32_t x816 = x73 * x815;
uint64_t x817 = ((uint64_t) x639) * x816;
uint64_t x818 = ((uint64_t) x642) * x72;
uint64_t x819 = x817 + x818;
uint64_t x820 = x814 + x819;
uint64_t x821 = x811 + x820;
uint64_t x822 = x810 + x821;
uint64_t x823 = x807 + x822;
uint64_t x824 = x804 + x823;
uint8_t x825 = 0b10;
uint32_t x826 = x71 * x825;
uint64_t x827 = ((uint64_t) x621) * x826;
uint8_t x828 = 0b11;
uint64_t x829 = x828 * x827;
uint64_t x830 = x824 + x829;
uint64_t x831 = x803 + x830;
uint8_t x832 = 0b00011100;
uint64_t x833 = x831 >> x832;
uint64_t x834 = ((uint64_t) x621) * x78;
uint64_t x835 = ((uint64_t) x624) * x77;
uint8_t x836 = 0b10;
uint32_t x837 = x76 * x836;
uint64_t x838 = ((uint64_t) x627) * x837;
uint64_t x839 = ((uint64_t) x630) * x75;
uint64_t x840 = ((uint64_t) x633) * x74;
uint8_t x841 = 0b10;
uint32_t x842 = x73 * x841;
uint64_t x843 = ((uint64_t) x636) * x842;
uint64_t x844 = ((uint64_t) x639) * x72;
uint64_t x845 = ((uint64_t) x642) * x71;
uint64_t x846 = x844 + x845;
uint64_t x847 = x843 + x846;
uint64_t x848 = x840 + x847;
uint64_t x849 = x839 + x848;
uint64_t x850 = x838 + x849;
uint64_t x851 = x835 + x850;
uint64_t x852 = x834 + x851;
uint64_t x853 = x833 + x852;
uint8_t x854 = 0b00011011;
uint64_t x855 = x853 >> x854;
uint8_t x856 = 0b11;
uint64_t x857 = x856 * x855;
uint32_t x858 = 0b00001111111111111111111111111111;
uint32_t x859 = x673 & x858;
uint64_t x860 = x857 + x859;
uint8_t x861 = 0b00011100;
uint8_t x862 = (uint8_t) (x860 >> x861);
uint32_t x863 = 0b00001111111111111111111111111111;
uint32_t x864 = x701 & x863;
uint32_t x865 = x862 + x864;
uint32_t x866 = 0b00000111111111111111111111111111;
uint32_t x867 = x853 & x866;
uint32_t x868 = 0b00001111111111111111111111111111;
uint32_t x869 = x831 & x868;
uint32_t x870 = 0b00000111111111111111111111111111;
uint32_t x871 = x801 & x870;
uint32_t x872 = 0b00001111111111111111111111111111;
uint32_t x873 = x781 & x872;
uint32_t x874 = 0b00001111111111111111111111111111;
uint32_t x875 = x755 & x874;
uint8_t x876 = 0b00011100;
bool x877 = (bool) (x865 >> x876);
uint32_t x878 = 0b00000111111111111111111111111111;
uint32_t x879 = x723 & x878;
uint32_t x880 = x877 + x879;
uint32_t x881 = 0b00001111111111111111111111111111;
uint32_t x882 = x865 & x881;
uint32_t x883 = 0b00001111111111111111111111111111;
uint32_t x884 = x860 & x883;
uint64_t x885 = ((uint64_t) x618) * x344;
uint8_t x886 = 0b10;
uint32_t x887 = x341 * x886;
uint64_t x888 = ((uint64_t) x611) * x887;
uint8_t x889 = 0b10;
uint32_t x890 = x338 * x889;
uint64_t x891 = ((uint64_t) x612) * x890;
uint8_t x892 = 0b10;
uint32_t x893 = x335 * x892;
uint64_t x894 = ((uint64_t) x613) * x893;
uint8_t x895 = 0b10;
uint32_t x896 = x332 * x895;
uint64_t x897 = ((uint64_t) x614) * x896;
uint8_t x898 = 0b10;
uint32_t x899 = x329 * x898;
uint64_t x900 = ((uint64_t) x615) * x899;
uint8_t x901 = 0b10;
uint32_t x902 = x326 * x901;
uint64_t x903 = ((uint64_t) x616) * x902;
uint8_t x904 = 0b10;
uint32_t x905 = x323 * x904;
uint64_t x906 = ((uint64_t) x617) * x905;
uint64_t x907 = x903 + x906;
uint64_t x908 = x900 + x907;
uint64_t x909 = x897 + x908;
uint64_t x910 = x894 + x909;
uint64_t x911 = x891 + x910;
uint64_t x912 = x888 + x911;
uint8_t x913 = 0b11;
uint64_t x914 = x913 * x912;
uint64_t x915 = x885 + x914;
uint8_t x916 = 0b00011100;
uint64_t x917 = x915 >> x916;
uint64_t x918 = ((uint64_t) x617) * x344;
uint64_t x919 = ((uint64_t) x618) * x341;
uint64_t x920 = x918 + x919;
uint8_t x921 = 0b10;
uint32_t x922 = x338 * x921;
uint64_t x923 = ((uint64_t) x611) * x922;
uint64_t x924 = ((uint64_t) x612) * x335;
uint8_t x925 = 0b10;
uint32_t x926 = x332 * x925;
uint64_t x927 = ((uint64_t) x613) * x926;
uint8_t x928 = 0b10;
uint32_t x929 = x329 * x928;
uint64_t x930 = ((uint64_t) x614) * x929;
uint64_t x931 = ((uint64_t) x615) * x326;
uint8_t x932 = 0b10;
uint32_t x933 = x323 * x932;
uint64_t x934 = ((uint64_t) x616) * x933;
uint64_t x935 = x931 + x934;
uint64_t x936 = x930 + x935;
uint64_t x937 = x927 + x936;
uint64_t x938 = x924 + x937;
uint64_t x939 = x923 + x938;
uint8_t x940 = 0b11;
uint64_t x941 = x940 * x939;
uint64_t x942 = x920 + x941;
uint64_t x943 = x917 + x942;
uint8_t x944 = 0b00011100;
uint64_t x945 = x943 >> x944;
uint64_t x946 = ((uint64_t) x616) * x344;
uint64_t x947 = ((uint64_t) x617) * x341;
uint64_t x948 = ((uint64_t) x618) * x338;
uint64_t x949 = x947 + x948;
uint64_t x950 = x946 + x949;
uint64_t x951 = ((uint64_t) x611) * x335;
uint64_t x952 = ((uint64_t) x612) * x332;
uint8_t x953 = 0b10;
uint32_t x954 = x329 * x953;
uint64_t x955 = ((uint64_t) x613) * x954;
uint64_t x956 = ((uint64_t) x614) * x326;
uint64_t x957 = ((uint64_t) x615) * x323;
uint64_t x958 = x956 + x957;
uint64_t x959 = x955 + x958;
uint64_t x960 = x952 + x959;
uint64_t x961 = x951 + x960;
uint8_t x962 = 0b11;
uint64_t x963 = x962 * x961;
uint64_t x964 = x950 + x963;
uint64_t x965 = x945 + x964;
uint8_t x966 = 0b00011011;
uint64_t x967 = x965 >> x966;
uint64_t x968 = ((uint64_t) x615) * x344;
uint8_t x969 = 0b10;
uint32_t x970 = x341 * x969;
uint64_t x971 = ((uint64_t) x616) * x970;
uint8_t x972 = 0b10;
uint32_t x973 = x338 * x972;
uint64_t x974 = ((uint64_t) x617) * x973;
uint64_t x975 = ((uint64_t) x618) * x335;
uint64_t x976 = x974 + x975;
uint64_t x977 = x971 + x976;
uint64_t x978 = x968 + x977;
uint8_t x979 = 0b10;
uint32_t x980 = x332 * x979;
uint64_t x981 = ((uint64_t) x611) * x980;
uint8_t x982 = 0b10;
uint32_t x983 = x329 * x982;
uint64_t x984 = ((uint64_t) x612) * x983;
uint8_t x985 = 0b10;
uint32_t x986 = x326 * x985;
uint64_t x987 = ((uint64_t) x613) * x986;
uint8_t x988 = 0b10;
uint32_t x989 = x323 * x988;
uint64_t x990 = ((uint64_t) x614) * x989;
uint64_t x991 = x987 + x990;
uint64_t x992 = x984 + x991;
uint64_t x993 = x981 + x992;
uint8_t x994 = 0b11;
uint64_t x995 = x994 * x993;
uint64_t x996 = x978 + x995;
uint64_t x997 = x967 + x996;
uint8_t x998 = 0b00011100;
uint64_t x999 = x997 >> x998;
uint64_t x1000 = ((uint64_t) x614) * x344;
uint64_t x1001 = ((uint64_t) x615) * x341;
uint8_t x1002 = 0b10;
uint32_t x1003 = x338 * x1002;
uint64_t x1004 = ((uint64_t) x616) * x1003;
uint64_t x1005 = ((uint64_t) x617) * x335;
uint64_t x1006 = ((uint64_t) x618) * x332;
uint64_t x1007 = x1005 + x1006;
uint64_t x1008 = x1004 + x1007;
uint64_t x1009 = x1001 + x1008;
uint64_t x1010 = x1000 + x1009;
uint8_t x1011 = 0b10;
uint32_t x1012 = x329 * x1011;
uint64_t x1013 = ((uint64_t) x611) * x1012;
uint64_t x1014 = ((uint64_t) x612) * x326;
uint8_t x1015 = 0b10;
uint32_t x1016 = x323 * x1015;
uint64_t x1017 = ((uint64_t) x613) * x1016;
uint64_t x1018 = x1014 + x1017;
uint64_t x1019 = x1013 + x1018;
uint8_t x1020 = 0b11;
uint64_t x1021 = x1020 * x1019;
uint64_t x1022 = x1010 + x1021;
uint64_t x1023 = x999 + x1022;
uint8_t x1024 = 0b00011100;
uint64_t x1025 = x1023 >> x1024;
uint64_t x1026 = ((uint64_t) x613) * x344;
uint64_t x1027 = ((uint64_t) x614) * x341;
uint64_t x1028 = ((uint64_t) x615) * x338;
uint64_t x1029 = ((uint64_t) x616) * x335;
uint64_t x1030 = ((uint64_t) x617) * x332;
uint64_t x1031 = ((uint64_t) x618) * x329;
uint64_t x1032 = x1030 + x1031;
uint64_t x1033 = x1029 + x1032;
uint64_t x1034 = x1028 + x1033;
uint64_t x1035 = x1027 + x1034;
uint64_t x1036 = x1026 + x1035;
uint64_t x1037 = ((uint64_t) x611) * x326;
uint64_t x1038 = ((uint64_t) x612) * x323;
uint64_t x1039 = x1037 + x1038;
uint8_t x1040 = 0b11;
uint64_t x1041 = x1040 * x1039;
uint64_t x1042 = x1036 + x1041;
uint64_t x1043 = x1025 + x1042;
uint8_t x1044 = 0b00011011;
uint64_t x1045 = x1043 >> x1044;
uint64_t x1046 = ((uint64_t) x612) * x344;
uint8_t x1047 = 0b10;
uint32_t x1048 = x341 * x1047;
uint64_t x1049 = ((uint64_t) x613) * x1048;
uint8_t x1050 = 0b10;
uint32_t x1051 = x338 * x1050;
uint64_t x1052 = ((uint64_t) x614) * x1051;
uint64_t x1053 = ((uint64_t) x615) * x335;
uint8_t x1054 = 0b10;
uint32_t x1055 = x332 * x1054;
uint64_t x1056 = ((uint64_t) x616) * x1055;
uint8_t x1057 = 0b10;
uint32_t x1058 = x329 * x1057;
uint64_t x1059 = ((uint64_t) x617) * x1058;
uint64_t x1060 = ((uint64_t) x618) * x326;
uint64_t x1061 = x1059 + x1060;
uint64_t x1062 = x1056 + x1061;
uint64_t x1063 = x1053 + x1062;
uint64_t x1064 = x1052 + x1063;
uint64_t x1065 = x1049 + x1064;
uint64_t x1066 = x1046 + x1065;
uint8_t x1067 = 0b10;
uint32_t x1068 = x323 * x1067;
uint64_t x1069 = ((uint64_t) x611) * x1068;
uint8_t x1070 = 0b11;
uint64_t x1071 = x1070 * x1069;
uint64_t x1072 = x1066 + x1071;
uint64_t x1073 = x1045 + x1072;
uint8_t x1074 = 0b00011100;
uint64_t x1075 = x1073 >> x1074;
uint64_t x1076 = ((uint64_t) x611) * x344;
uint64_t x1077 = ((uint64_t) x612) * x341;
uint8_t x1078 = 0b10;
uint32_t x1079 = x338 * x1078;
uint64_t x1080 = ((uint64_t) x613) * x1079;
uint64_t x1081 = ((uint64_t) x614) * x335;
uint64_t x1082 = ((uint64_t) x615) * x332;
uint8_t x1083 = 0b10;
uint32_t x1084 = x329 * x1083;
uint64_t x1085 = ((uint64_t) x616) * x1084;
uint64_t x1086 = ((uint64_t) x617) * x326;
uint64_t x1087 = ((uint64_t) x618) * x323;
uint64_t x1088 = x1086 + x1087;
uint64_t x1089 = x1085 + x1088;
uint64_t x1090 = x1082 + x1089;
uint64_t x1091 = x1081 + x1090;
uint64_t x1092 = x1080 + x1091;
uint64_t x1093 = x1077 + x1092;
uint64_t x1094 = x1076 + x1093;
uint64_t x1095 = x1075 + x1094;
uint8_t x1096 = 0b00011011;
uint64_t x1097 = x1095 >> x1096;
uint8_t x1098 = 0b11;
uint64_t x1099 = x1098 * x1097;
uint32_t x1100 = 0b00001111111111111111111111111111;
uint32_t x1101 = x915 & x1100;
uint64_t x1102 = x1099 + x1101;
uint8_t x1103 = 0b00011100;
uint8_t x1104 = (uint8_t) (x1102 >> x1103);
uint32_t x1105 = 0b00001111111111111111111111111111;
uint32_t x1106 = x943 & x1105;
uint32_t x1107 = x1104 + x1106;
uint32_t x1108 = 0b00000111111111111111111111111111;
uint32_t x1109 = x1095 & x1108;
uint32_t x1110 = 0b00001111111111111111111111111111;
uint32_t x1111 = x1073 & x1110;
uint32_t x1112 = 0b00000111111111111111111111111111;
uint32_t x1113 = x1043 & x1112;
uint32_t x1114 = 0b00001111111111111111111111111111;
uint32_t x1115 = x1023 & x1114;
uint32_t x1116 = 0b00001111111111111111111111111111;
uint32_t x1117 = x997 & x1116;
uint8_t x1118 = 0b00011100;
bool x1119 = (bool) (x1107 >> x1118);
uint32_t x1120 = 0b00000111111111111111111111111111;
uint32_t x1121 = x965 & x1120;
uint32_t x1122 = x1119 + x1121;
uint32_t x1123 = 0b00001111111111111111111111111111;
uint32_t x1124 = x1107 & x1123;
uint32_t x1125 = 0b00001111111111111111111111111111;
uint32_t x1126 = x1102 & x1125;
uint32_t x1127 = x867 + x1109;
uint32_t x1128 = x869 + x1111;
uint32_t x1129 = x871 + x1113;
uint32_t x1130 = x873 + x1115;
uint32_t x1131 = x875 + x1117;
uint32_t x1132 = x880 + x1122;
uint32_t x1133 = x882 + x1124;
uint32_t x1134 = x884 + x1126;
uint32_t x1135 = x867 + x1109;
uint32_t x1136 = x869 + x1111;
uint32_t x1137 = x871 + x1113;
uint32_t x1138 = x873 + x1115;
uint32_t x1139 = x875 + x1117;
uint32_t x1140 = x880 + x1122;
uint32_t x1141 = x882 + x1124;
uint32_t x1142 = x884 + x1126;
uint64_t x1143 = ((uint64_t) x1134) * x1142;
uint8_t x1144 = 0b10;
uint32_t x1145 = x1141 * x1144;
uint64_t x1146 = ((uint64_t) x1127) * x1145;
uint8_t x1147 = 0b10;
uint32_t x1148 = x1140 * x1147;
uint64_t x1149 = ((uint64_t) x1128) * x1148;
uint8_t x1150 = 0b10;
uint32_t x1151 = x1139 * x1150;
uint64_t x1152 = ((uint64_t) x1129) * x1151;
uint8_t x1153 = 0b10;
uint32_t x1154 = x1138 * x1153;
uint64_t x1155 = ((uint64_t) x1130) * x1154;
uint8_t x1156 = 0b10;
uint32_t x1157 = x1137 * x1156;
uint64_t x1158 = ((uint64_t) x1131) * x1157;
uint8_t x1159 = 0b10;
uint32_t x1160 = x1136 * x1159;
uint64_t x1161 = ((uint64_t) x1132) * x1160;
uint8_t x1162 = 0b10;
uint32_t x1163 = x1135 * x1162;
uint64_t x1164 = ((uint64_t) x1133) * x1163;
uint64_t x1165 = x1161 + x1164;
uint64_t x1166 = x1158 + x1165;
uint64_t x1167 = x1155 + x1166;
uint64_t x1168 = x1152 + x1167;
uint64_t x1169 = x1149 + x1168;
uint64_t x1170 = x1146 + x1169;
uint8_t x1171 = 0b11;
uint64_t x1172 = x1171 * x1170;
uint64_t x1173 = x1143 + x1172;
uint8_t x1174 = 0b00011100;
uint64_t x1175 = x1173 >> x1174;
uint64_t x1176 = ((uint64_t) x1133) * x1142;
uint64_t x1177 = ((uint64_t) x1134) * x1141;
uint64_t x1178 = x1176 + x1177;
uint8_t x1179 = 0b10;
uint32_t x1180 = x1140 * x1179;
uint64_t x1181 = ((uint64_t) x1127) * x1180;
uint64_t x1182 = ((uint64_t) x1128) * x1139;
uint8_t x1183 = 0b10;
uint32_t x1184 = x1138 * x1183;
uint64_t x1185 = ((uint64_t) x1129) * x1184;
uint8_t x1186 = 0b10;
uint32_t x1187 = x1137 * x1186;
uint64_t x1188 = ((uint64_t) x1130) * x1187;
uint64_t x1189 = ((uint64_t) x1131) * x1136;
uint8_t x1190 = 0b10;
uint32_t x1191 = x1135 * x1190;
uint64_t x1192 = ((uint64_t) x1132) * x1191;
uint64_t x1193 = x1189 + x1192;
uint64_t x1194 = x1188 + x1193;
uint64_t x1195 = x1185 + x1194;
uint64_t x1196 = x1182 + x1195;
uint64_t x1197 = x1181 + x1196;
uint8_t x1198 = 0b11;
uint64_t x1199 = x1198 * x1197;
uint64_t x1200 = x1178 + x1199;
uint64_t x1201 = x1175 + x1200;
uint8_t x1202 = 0b00011100;
uint64_t x1203 = x1201 >> x1202;
uint64_t x1204 = ((uint64_t) x1132) * x1142;
uint64_t x1205 = ((uint64_t) x1133) * x1141;
uint64_t x1206 = ((uint64_t) x1134) * x1140;
uint64_t x1207 = x1205 + x1206;
uint64_t x1208 = x1204 + x1207;
uint64_t x1209 = ((uint64_t) x1127) * x1139;
uint64_t x1210 = ((uint64_t) x1128) * x1138;
uint8_t x1211 = 0b10;
uint32_t x1212 = x1137 * x1211;
uint64_t x1213 = ((uint64_t) x1129) * x1212;
uint64_t x1214 = ((uint64_t) x1130) * x1136;
uint64_t x1215 = ((uint64_t) x1131) * x1135;
uint64_t x1216 = x1214 + x1215;
uint64_t x1217 = x1213 + x1216;
uint64_t x1218 = x1210 + x1217;
uint64_t x1219 = x1209 + x1218;
uint8_t x1220 = 0b11;
uint64_t x1221 = x1220 * x1219;
uint64_t x1222 = x1208 + x1221;
uint64_t x1223 = x1203 + x1222;
uint8_t x1224 = 0b00011011;
uint64_t x1225 = x1223 >> x1224;
uint64_t x1226 = ((uint64_t) x1131) * x1142;
uint8_t x1227 = 0b10;
uint32_t x1228 = x1141 * x1227;
uint64_t x1229 = ((uint64_t) x1132) * x1228;
uint8_t x1230 = 0b10;
uint32_t x1231 = x1140 * x1230;
uint64_t x1232 = ((uint64_t) x1133) * x1231;
uint64_t x1233 = ((uint64_t) x1134) * x1139;
uint64_t x1234 = x1232 + x1233;
uint64_t x1235 = x1229 + x1234;
uint64_t x1236 = x1226 + x1235;
uint8_t x1237 = 0b10;
uint32_t x1238 = x1138 * x1237;
uint64_t x1239 = ((uint64_t) x1127) * x1238;
uint8_t x1240 = 0b10;
uint32_t x1241 = x1137 * x1240;
uint64_t x1242 = ((uint64_t) x1128) * x1241;
uint8_t x1243 = 0b10;
uint32_t x1244 = x1136 * x1243;
uint64_t x1245 = ((uint64_t) x1129) * x1244;
uint8_t x1246 = 0b10;
uint32_t x1247 = x1135 * x1246;
uint64_t x1248 = ((uint64_t) x1130) * x1247;
uint64_t x1249 = x1245 + x1248;
uint64_t x1250 = x1242 + x1249;
uint64_t x1251 = x1239 + x1250;
uint8_t x1252 = 0b11;
uint64_t x1253 = x1252 * x1251;
uint64_t x1254 = x1236 + x1253;
uint64_t x1255 = x1225 + x1254;
uint8_t x1256 = 0b00011100;
uint64_t x1257 = x1255 >> x1256;
uint64_t x1258 = ((uint64_t) x1130) * x1142;
uint64_t x1259 = ((uint64_t) x1131) * x1141;
uint8_t x1260 = 0b10;
uint32_t x1261 = x1140 * x1260;
uint64_t x1262 = ((uint64_t) x1132) * x1261;
uint64_t x1263 = ((uint64_t) x1133) * x1139;
uint64_t x1264 = ((uint64_t) x1134) * x1138;
uint64_t x1265 = x1263 + x1264;
uint64_t x1266 = x1262 + x1265;
uint64_t x1267 = x1259 + x1266;
uint64_t x1268 = x1258 + x1267;
uint8_t x1269 = 0b10;
uint32_t x1270 = x1137 * x1269;
uint64_t x1271 = ((uint64_t) x1127) * x1270;
uint64_t x1272 = ((uint64_t) x1128) * x1136;
uint8_t x1273 = 0b10;
uint32_t x1274 = x1135 * x1273;
uint64_t x1275 = ((uint64_t) x1129) * x1274;
uint64_t x1276 = x1272 + x1275;
uint64_t x1277 = x1271 + x1276;
uint8_t x1278 = 0b11;
uint64_t x1279 = x1278 * x1277;
uint64_t x1280 = x1268 + x1279;
uint64_t x1281 = x1257 + x1280;
uint8_t x1282 = 0b00011100;
uint64_t x1283 = x1281 >> x1282;
uint64_t x1284 = ((uint64_t) x1129) * x1142;
uint64_t x1285 = ((uint64_t) x1130) * x1141;
uint64_t x1286 = ((uint64_t) x1131) * x1140;
uint64_t x1287 = ((uint64_t) x1132) * x1139;
uint64_t x1288 = ((uint64_t) x1133) * x1138;
uint64_t x1289 = ((uint64_t) x1134) * x1137;
uint64_t x1290 = x1288 + x1289;
uint64_t x1291 = x1287 + x1290;
uint64_t x1292 = x1286 + x1291;
uint64_t x1293 = x1285 + x1292;
uint64_t x1294 = x1284 + x1293;
uint64_t x1295 = ((uint64_t) x1127) * x1136;
uint64_t x1296 = ((uint64_t) x1128) * x1135;
uint64_t x1297 = x1295 + x1296;
uint8_t x1298 = 0b11;
uint64_t x1299 = x1298 * x1297;
uint64_t x1300 = x1294 + x1299;
uint64_t x1301 = x1283 + x1300;
uint8_t x1302 = 0b00011011;
uint64_t x1303 = x1301 >> x1302;
uint64_t x1304 = ((uint64_t) x1128) * x1142;
uint8_t x1305 = 0b10;
uint32_t x1306 = x1141 * x1305;
uint64_t x1307 = ((uint64_t) x1129) * x1306;
uint8_t x1308 = 0b10;
uint32_t x1309 = x1140 * x1308;
uint64_t x1310 = ((uint64_t) x1130) * x1309;
uint64_t x1311 = ((uint64_t) x1131) * x1139;
uint8_t x1312 = 0b10;
uint32_t x1313 = x1138 * x1312;
uint64_t x1314 = ((uint64_t) x1132) * x1313;
uint8_t x1315 = 0b10;
uint32_t x1316 = x1137 * x1315;
uint64_t x1317 = ((uint64_t) x1133) * x1316;
uint64_t x1318 = ((uint64_t) x1134) * x1136;
uint64_t x1319 = x1317 + x1318;
uint64_t x1320 = x1314 + x1319;
uint64_t x1321 = x1311 + x1320;
uint64_t x1322 = x1310 + x1321;
uint64_t x1323 = x1307 + x1322;
uint64_t x1324 = x1304 + x1323;
uint8_t x1325 = 0b10;
uint32_t x1326 = x1135 * x1325;
uint64_t x1327 = ((uint64_t) x1127) * x1326;
uint8_t x1328 = 0b11;
uint64_t x1329 = x1328 * x1327;
uint64_t x1330 = x1324 + x1329;
uint64_t x1331 = x1303 + x1330;
uint8_t x1332 = 0b00011100;
uint64_t x1333 = x1331 >> x1332;
uint64_t x1334 = ((uint64_t) x1127) * x1142;
uint64_t x1335 = ((uint64_t) x1128) * x1141;
uint8_t x1336 = 0b10;
uint32_t x1337 = x1140 * x1336;
uint64_t x1338 = ((uint64_t) x1129) * x1337;
uint64_t x1339 = ((uint64_t) x1130) * x1139;
uint64_t x1340 = ((uint64_t) x1131) * x1138;
uint8_t x1341 = 0b10;
uint32_t x1342 = x1137 * x1341;
uint64_t x1343 = ((uint64_t) x1132) * x1342;
uint64_t x1344 = ((uint64_t) x1133) * x1136;
uint64_t x1345 = ((uint64_t) x1134) * x1135;
uint64_t x1346 = x1344 + x1345;
uint64_t x1347 = x1343 + x1346;
uint64_t x1348 = x1340 + x1347;
uint64_t x1349 = x1339 + x1348;
uint64_t x1350 = x1338 + x1349;
uint64_t x1351 = x1335 + x1350;
uint64_t x1352 = x1334 + x1351;
uint64_t x1353 = x1333 + x1352;
uint8_t x1354 = 0b00011011;
uint64_t x1355 = x1353 >> x1354;
uint8_t x1356 = 0b11;
uint64_t x1357 = x1356 * x1355;
uint32_t x1358 = 0b00001111111111111111111111111111;
uint32_t x1359 = x1173 & x1358;
uint64_t x1360 = x1357 + x1359;
uint8_t x1361 = 0b00011100;
uint8_t x1362 = (uint8_t) (x1360 >> x1361);
uint32_t x1363 = 0b00001111111111111111111111111111;
uint32_t x1364 = x1201 & x1363;
uint32_t x1365 = x1362 + x1364;
uint32_t x1366 = 0b00000111111111111111111111111111;
uint32_t x1367 = x1353 & x1366;
uint32_t x1368 = 0b00001111111111111111111111111111;
uint32_t x1369 = x1331 & x1368;
uint32_t x1370 = 0b00000111111111111111111111111111;
uint32_t x1371 = x1301 & x1370;
uint32_t x1372 = 0b00001111111111111111111111111111;
uint32_t x1373 = x1281 & x1372;
uint32_t x1374 = 0b00001111111111111111111111111111;
uint32_t x1375 = x1255 & x1374;
uint8_t x1376 = 0b00011100;
bool x1377 = (bool) (x1365 >> x1376);
uint32_t x1378 = 0b00000111111111111111111111111111;
uint32_t x1379 = x1223 & x1378;
uint32_t x1380 = x1377 + x1379;
uint32_t x1381 = 0b00001111111111111111111111111111;
uint32_t x1382 = x1365 & x1381;
uint32_t x1383 = 0b00001111111111111111111111111111;
uint32_t x1384 = x1360 & x1383;
uint32_t x1385 = 0b00001111111111111111111111111110;
uint32_t x1386 = x1385 + x867;
uint32_t x1387 = x1386 - x1109;
uint32_t x1388 = 0b00011111111111111111111111111110;
uint32_t x1389 = x1388 + x869;
uint32_t x1390 = x1389 - x1111;
uint32_t x1391 = 0b00001111111111111111111111111110;
uint32_t x1392 = x1391 + x871;
uint32_t x1393 = x1392 - x1113;
uint32_t x1394 = 0b00011111111111111111111111111110;
uint32_t x1395 = x1394 + x873;
uint32_t x1396 = x1395 - x1115;
uint32_t x1397 = 0b00011111111111111111111111111110;
uint32_t x1398 = x1397 + x875;
uint32_t x1399 = x1398 - x1117;
uint32_t x1400 = 0b00001111111111111111111111111110;
uint32_t x1401 = x1400 + x880;
uint32_t x1402 = x1401 - x1122;
uint32_t x1403 = 0b00011111111111111111111111111110;
uint32_t x1404 = x1403 + x882;
uint32_t x1405 = x1404 - x1124;
uint32_t x1406 = 0b00011111111111111111111111111010;
uint32_t x1407 = x1406 + x884;
uint32_t x1408 = x1407 - x1126;
uint32_t x1409 = 0b00001111111111111111111111111110;
uint32_t x1410 = x1409 + x867;
uint32_t x1411 = x1410 - x1109;
uint32_t x1412 = 0b00011111111111111111111111111110;
uint32_t x1413 = x1412 + x869;
uint32_t x1414 = x1413 - x1111;
uint32_t x1415 = 0b00001111111111111111111111111110;
uint32_t x1416 = x1415 + x871;
uint32_t x1417 = x1416 - x1113;
uint32_t x1418 = 0b00011111111111111111111111111110;
uint32_t x1419 = x1418 + x873;
uint32_t x1420 = x1419 - x1115;
uint32_t x1421 = 0b00011111111111111111111111111110;
uint32_t x1422 = x1421 + x875;
uint32_t x1423 = x1422 - x1117;
uint32_t x1424 = 0b00001111111111111111111111111110;
uint32_t x1425 = x1424 + x880;
uint32_t x1426 = x1425 - x1122;
uint32_t x1427 = 0b00011111111111111111111111111110;
uint32_t x1428 = x1427 + x882;
uint32_t x1429 = x1428 - x1124;
uint32_t x1430 = 0b00011111111111111111111111111010;
uint32_t x1431 = x1430 + x884;
uint32_t x1432 = x1431 - x1126;
uint64_t x1433 = ((uint64_t) x1408) * x1432;
uint8_t x1434 = 0b10;
uint32_t x1435 = x1429 * x1434;
uint64_t x1436 = ((uint64_t) x1387) * x1435;
uint8_t x1437 = 0b10;
uint32_t x1438 = x1426 * x1437;
uint64_t x1439 = ((uint64_t) x1390) * x1438;
uint8_t x1440 = 0b10;
uint32_t x1441 = x1423 * x1440;
uint64_t x1442 = ((uint64_t) x1393) * x1441;
uint8_t x1443 = 0b10;
uint32_t x1444 = x1420 * x1443;
uint64_t x1445 = ((uint64_t) x1396) * x1444;
uint8_t x1446 = 0b10;
uint32_t x1447 = x1417 * x1446;
uint64_t x1448 = ((uint64_t) x1399) * x1447;
uint8_t x1449 = 0b10;
uint32_t x1450 = x1414 * x1449;
uint64_t x1451 = ((uint64_t) x1402) * x1450;
uint8_t x1452 = 0b10;
uint32_t x1453 = x1411 * x1452;
uint64_t x1454 = ((uint64_t) x1405) * x1453;
uint64_t x1455 = x1451 + x1454;
uint64_t x1456 = x1448 + x1455;
uint64_t x1457 = x1445 + x1456;
uint64_t x1458 = x1442 + x1457;
uint64_t x1459 = x1439 + x1458;
uint64_t x1460 = x1436 + x1459;
uint8_t x1461 = 0b11;
uint64_t x1462 = x1461 * x1460;
uint64_t x1463 = x1433 + x1462;
uint8_t x1464 = 0b00011100;
uint64_t x1465 = x1463 >> x1464;
uint64_t x1466 = ((uint64_t) x1405) * x1432;
uint64_t x1467 = ((uint64_t) x1408) * x1429;
uint64_t x1468 = x1466 + x1467;
uint8_t x1469 = 0b10;
uint32_t x1470 = x1426 * x1469;
uint64_t x1471 = ((uint64_t) x1387) * x1470;
uint64_t x1472 = ((uint64_t) x1390) * x1423;
uint8_t x1473 = 0b10;
uint32_t x1474 = x1420 * x1473;
uint64_t x1475 = ((uint64_t) x1393) * x1474;
uint8_t x1476 = 0b10;
uint32_t x1477 = x1417 * x1476;
uint64_t x1478 = ((uint64_t) x1396) * x1477;
uint64_t x1479 = ((uint64_t) x1399) * x1414;
uint8_t x1480 = 0b10;
uint32_t x1481 = x1411 * x1480;
uint64_t x1482 = ((uint64_t) x1402) * x1481;
uint64_t x1483 = x1479 + x1482;
uint64_t x1484 = x1478 + x1483;
uint64_t x1485 = x1475 + x1484;
uint64_t x1486 = x1472 + x1485;
uint64_t x1487 = x1471 + x1486;
uint8_t x1488 = 0b11;
uint64_t x1489 = x1488 * x1487;
uint64_t x1490 = x1468 + x1489;
uint64_t x1491 = x1465 + x1490;
uint8_t x1492 = 0b00011100;
uint64_t x1493 = x1491 >> x1492;
uint64_t x1494 = ((uint64_t) x1402) * x1432;
uint64_t x1495 = ((uint64_t) x1405) * x1429;
uint64_t x1496 = ((uint64_t) x1408) * x1426;
uint64_t x1497 = x1495 + x1496;
uint64_t x1498 = x1494 + x1497;
uint64_t x1499 = ((uint64_t) x1387) * x1423;
uint64_t x1500 = ((uint64_t) x1390) * x1420;
uint8_t x1501 = 0b10;
uint32_t x1502 = x1417 * x1501;
uint64_t x1503 = ((uint64_t) x1393) * x1502;
uint64_t x1504 = ((uint64_t) x1396) * x1414;
uint64_t x1505 = ((uint64_t) x1399) * x1411;
uint64_t x1506 = x1504 + x1505;
uint64_t x1507 = x1503 + x1506;
uint64_t x1508 = x1500 + x1507;
uint64_t x1509 = x1499 + x1508;
uint8_t x1510 = 0b11;
uint64_t x1511 = x1510 * x1509;
uint64_t x1512 = x1498 + x1511;
uint64_t x1513 = x1493 + x1512;
uint8_t x1514 = 0b00011011;
uint64_t x1515 = x1513 >> x1514;
uint64_t x1516 = ((uint64_t) x1399) * x1432;
uint8_t x1517 = 0b10;
uint32_t x1518 = x1429 * x1517;
uint64_t x1519 = ((uint64_t) x1402) * x1518;
uint8_t x1520 = 0b10;
uint32_t x1521 = x1426 * x1520;
uint64_t x1522 = ((uint64_t) x1405) * x1521;
uint64_t x1523 = ((uint64_t) x1408) * x1423;
uint64_t x1524 = x1522 + x1523;
uint64_t x1525 = x1519 + x1524;
uint64_t x1526 = x1516 + x1525;
uint8_t x1527 = 0b10;
uint32_t x1528 = x1420 * x1527;
uint64_t x1529 = ((uint64_t) x1387) * x1528;
uint8_t x1530 = 0b10;
uint32_t x1531 = x1417 * x1530;
uint64_t x1532 = ((uint64_t) x1390) * x1531;
uint8_t x1533 = 0b10;
uint32_t x1534 = x1414 * x1533;
uint64_t x1535 = ((uint64_t) x1393) * x1534;
uint8_t x1536 = 0b10;
uint32_t x1537 = x1411 * x1536;
uint64_t x1538 = ((uint64_t) x1396) * x1537;
uint64_t x1539 = x1535 + x1538;
uint64_t x1540 = x1532 + x1539;
uint64_t x1541 = x1529 + x1540;
uint8_t x1542 = 0b11;
uint64_t x1543 = x1542 * x1541;
uint64_t x1544 = x1526 + x1543;
uint64_t x1545 = x1515 + x1544;
uint8_t x1546 = 0b00011100;
uint64_t x1547 = x1545 >> x1546;
uint64_t x1548 = ((uint64_t) x1396) * x1432;
uint64_t x1549 = ((uint64_t) x1399) * x1429;
uint8_t x1550 = 0b10;
uint32_t x1551 = x1426 * x1550;
uint64_t x1552 = ((uint64_t) x1402) * x1551;
uint64_t x1553 = ((uint64_t) x1405) * x1423;
uint64_t x1554 = ((uint64_t) x1408) * x1420;
uint64_t x1555 = x1553 + x1554;
uint64_t x1556 = x1552 + x1555;
uint64_t x1557 = x1549 + x1556;
uint64_t x1558 = x1548 + x1557;
uint8_t x1559 = 0b10;
uint32_t x1560 = x1417 * x1559;
uint64_t x1561 = ((uint64_t) x1387) * x1560;
uint64_t x1562 = ((uint64_t) x1390) * x1414;
uint8_t x1563 = 0b10;
uint32_t x1564 = x1411 * x1563;
uint64_t x1565 = ((uint64_t) x1393) * x1564;
uint64_t x1566 = x1562 + x1565;
uint64_t x1567 = x1561 + x1566;
uint8_t x1568 = 0b11;
uint64_t x1569 = x1568 * x1567;
uint64_t x1570 = x1558 + x1569;
uint64_t x1571 = x1547 + x1570;
uint8_t x1572 = 0b00011100;
uint64_t x1573 = x1571 >> x1572;
uint64_t x1574 = ((uint64_t) x1393) * x1432;
uint64_t x1575 = ((uint64_t) x1396) * x1429;
uint64_t x1576 = ((uint64_t) x1399) * x1426;
uint64_t x1577 = ((uint64_t) x1402) * x1423;
uint64_t x1578 = ((uint64_t) x1405) * x1420;
uint64_t x1579 = ((uint64_t) x1408) * x1417;
uint64_t x1580 = x1578 + x1579;
uint64_t x1581 = x1577 + x1580;
uint64_t x1582 = x1576 + x1581;
uint64_t x1583 = x1575 + x1582;
uint64_t x1584 = x1574 + x1583;
uint64_t x1585 = ((uint64_t) x1387) * x1414;
uint64_t x1586 = ((uint64_t) x1390) * x1411;
uint64_t x1587 = x1585 + x1586;
uint8_t x1588 = 0b11;
uint64_t x1589 = x1588 * x1587;
uint64_t x1590 = x1584 + x1589;
uint64_t x1591 = x1573 + x1590;
uint8_t x1592 = 0b00011011;
uint64_t x1593 = x1591 >> x1592;
uint64_t x1594 = ((uint64_t) x1390) * x1432;
uint8_t x1595 = 0b10;
uint32_t x1596 = x1429 * x1595;
uint64_t x1597 = ((uint64_t) x1393) * x1596;
uint8_t x1598 = 0b10;
uint32_t x1599 = x1426 * x1598;
uint64_t x1600 = ((uint64_t) x1396) * x1599;
uint64_t x1601 = ((uint64_t) x1399) * x1423;
uint8_t x1602 = 0b10;
uint32_t x1603 = x1420 * x1602;
uint64_t x1604 = ((uint64_t) x1402) * x1603;
uint8_t x1605 = 0b10;
uint32_t x1606 = x1417 * x1605;
uint64_t x1607 = ((uint64_t) x1405) * x1606;
uint64_t x1608 = ((uint64_t) x1408) * x1414;
uint64_t x1609 = x1607 + x1608;
uint64_t x1610 = x1604 + x1609;
uint64_t x1611 = x1601 + x1610;
uint64_t x1612 = x1600 + x1611;
uint64_t x1613 = x1597 + x1612;
uint64_t x1614 = x1594 + x1613;
uint8_t x1615 = 0b10;
uint32_t x1616 = x1411 * x1615;
uint64_t x1617 = ((uint64_t) x1387) * x1616;
uint8_t x1618 = 0b11;
uint64_t x1619 = x1618 * x1617;
uint64_t x1620 = x1614 + x1619;
uint64_t x1621 = x1593 + x1620;
uint8_t x1622 = 0b00011100;
uint64_t x1623 = x1621 >> x1622;
uint64_t x1624 = ((uint64_t) x1387) * x1432;
uint64_t x1625 = ((uint64_t) x1390) * x1429;
uint8_t x1626 = 0b10;
uint32_t x1627 = x1426 * x1626;
uint64_t x1628 = ((uint64_t) x1393) * x1627;
uint64_t x1629 = ((uint64_t) x1396) * x1423;
uint64_t x1630 = ((uint64_t) x1399) * x1420;
uint8_t x1631 = 0b10;
uint32_t x1632 = x1417 * x1631;
uint64_t x1633 = ((uint64_t) x1402) * x1632;
uint64_t x1634 = ((uint64_t) x1405) * x1414;
uint64_t x1635 = ((uint64_t) x1408) * x1411;
uint64_t x1636 = x1634 + x1635;
uint64_t x1637 = x1633 + x1636;
uint64_t x1638 = x1630 + x1637;
uint64_t x1639 = x1629 + x1638;
uint64_t x1640 = x1628 + x1639;
uint64_t x1641 = x1625 + x1640;
uint64_t x1642 = x1624 + x1641;
uint64_t x1643 = x1623 + x1642;
uint8_t x1644 = 0b00011011;
uint64_t x1645 = x1643 >> x1644;
uint8_t x1646 = 0b11;
uint64_t x1647 = x1646 * x1645;
uint32_t x1648 = 0b00001111111111111111111111111111;
uint32_t x1649 = x1463 & x1648;
uint64_t x1650 = x1647 + x1649;
uint8_t x1651 = 0b00011100;
uint16_t x1652 = (uint16_t) (x1650 >> x1651);
uint32_t x1653 = 0b00001111111111111111111111111111;
uint32_t x1654 = x1491 & x1653;
uint32_t x1655 = x1652 + x1654;
uint32_t x1656 = 0b00000111111111111111111111111111;
uint32_t x1657 = x1643 & x1656;
uint32_t x1658 = 0b00001111111111111111111111111111;
uint32_t x1659 = x1621 & x1658;
uint32_t x1660 = 0b00000111111111111111111111111111;
uint32_t x1661 = x1591 & x1660;
uint32_t x1662 = 0b00001111111111111111111111111111;
uint32_t x1663 = x1571 & x1662;
uint32_t x1664 = 0b00001111111111111111111111111111;
uint32_t x1665 = x1545 & x1664;
uint8_t x1666 = 0b00011100;
bool x1667 = (bool) (x1655 >> x1666);
uint32_t x1668 = 0b00000111111111111111111111111111;
uint32_t x1669 = x1513 & x1668;
uint32_t x1670 = x1667 + x1669;
uint32_t x1671 = 0b00001111111111111111111111111111;
uint32_t x1672 = x1655 & x1671;
uint32_t x1673 = 0b00001111111111111111111111111111;
uint32_t x1674 = x1650 & x1673;
uint64_t x1675 = ((uint64_t) x38) * x1674;
uint8_t x1676 = 0b10;
uint32_t x1677 = x1672 * x1676;
uint64_t x1678 = ((uint64_t) x31) * x1677;
uint8_t x1679 = 0b10;
uint32_t x1680 = x1670 * x1679;
uint64_t x1681 = ((uint64_t) x32) * x1680;
uint8_t x1682 = 0b10;
uint32_t x1683 = x1665 * x1682;
uint64_t x1684 = ((uint64_t) x33) * x1683;
uint8_t x1685 = 0b10;
uint32_t x1686 = x1663 * x1685;
uint64_t x1687 = ((uint64_t) x34) * x1686;
uint8_t x1688 = 0b10;
uint32_t x1689 = x1661 * x1688;
uint64_t x1690 = ((uint64_t) x35) * x1689;
uint8_t x1691 = 0b10;
uint32_t x1692 = x1659 * x1691;
uint64_t x1693 = ((uint64_t) x36) * x1692;
uint8_t x1694 = 0b10;
uint32_t x1695 = x1657 * x1694;
uint64_t x1696 = ((uint64_t) x37) * x1695;
uint64_t x1697 = x1693 + x1696;
uint64_t x1698 = x1690 + x1697;
uint64_t x1699 = x1687 + x1698;
uint64_t x1700 = x1684 + x1699;
uint64_t x1701 = x1681 + x1700;
uint64_t x1702 = x1678 + x1701;
uint8_t x1703 = 0b11;
uint64_t x1704 = x1703 * x1702;
uint64_t x1705 = x1675 + x1704;
uint8_t x1706 = 0b00011100;
uint64_t x1707 = x1705 >> x1706;
uint64_t x1708 = ((uint64_t) x37) * x1674;
uint64_t x1709 = ((uint64_t) x38) * x1672;
uint64_t x1710 = x1708 + x1709;
uint8_t x1711 = 0b10;
uint32_t x1712 = x1670 * x1711;
uint64_t x1713 = ((uint64_t) x31) * x1712;
uint64_t x1714 = ((uint64_t) x32) * x1665;
uint8_t x1715 = 0b10;
uint32_t x1716 = x1663 * x1715;
uint64_t x1717 = ((uint64_t) x33) * x1716;
uint8_t x1718 = 0b10;
uint32_t x1719 = x1661 * x1718;
uint64_t x1720 = ((uint64_t) x34) * x1719;
uint64_t x1721 = ((uint64_t) x35) * x1659;
uint8_t x1722 = 0b10;
uint32_t x1723 = x1657 * x1722;
uint64_t x1724 = ((uint64_t) x36) * x1723;
uint64_t x1725 = x1721 + x1724;
uint64_t x1726 = x1720 + x1725;
uint64_t x1727 = x1717 + x1726;
uint64_t x1728 = x1714 + x1727;
uint64_t x1729 = x1713 + x1728;
uint8_t x1730 = 0b11;
uint64_t x1731 = x1730 * x1729;
uint64_t x1732 = x1710 + x1731;
uint64_t x1733 = x1707 + x1732;
uint8_t x1734 = 0b00011100;
uint64_t x1735 = x1733 >> x1734;
uint64_t x1736 = ((uint64_t) x36) * x1674;
uint64_t x1737 = ((uint64_t) x37) * x1672;
uint64_t x1738 = ((uint64_t) x38) * x1670;
uint64_t x1739 = x1737 + x1738;
uint64_t x1740 = x1736 + x1739;
uint64_t x1741 = ((uint64_t) x31) * x1665;
uint64_t x1742 = ((uint64_t) x32) * x1663;
uint8_t x1743 = 0b10;
uint32_t x1744 = x1661 * x1743;
uint64_t x1745 = ((uint64_t) x33) * x1744;
uint64_t x1746 = ((uint64_t) x34) * x1659;
uint64_t x1747 = ((uint64_t) x35) * x1657;
uint64_t x1748 = x1746 + x1747;
uint64_t x1749 = x1745 + x1748;
uint64_t x1750 = x1742 + x1749;
uint64_t x1751 = x1741 + x1750;
uint8_t x1752 = 0b11;
uint64_t x1753 = x1752 * x1751;
uint64_t x1754 = x1740 + x1753;
uint64_t x1755 = x1735 + x1754;
uint8_t x1756 = 0b00011011;
uint64_t x1757 = x1755 >> x1756;
uint64_t x1758 = ((uint64_t) x35) * x1674;
uint8_t x1759 = 0b10;
uint32_t x1760 = x1672 * x1759;
uint64_t x1761 = ((uint64_t) x36) * x1760;
uint8_t x1762 = 0b10;
uint32_t x1763 = x1670 * x1762;
uint64_t x1764 = ((uint64_t) x37) * x1763;
uint64_t x1765 = ((uint64_t) x38) * x1665;
uint64_t x1766 = x1764 + x1765;
uint64_t x1767 = x1761 + x1766;
uint64_t x1768 = x1758 + x1767;
uint8_t x1769 = 0b10;
uint32_t x1770 = x1663 * x1769;
uint64_t x1771 = ((uint64_t) x31) * x1770;
uint8_t x1772 = 0b10;
uint32_t x1773 = x1661 * x1772;
uint64_t x1774 = ((uint64_t) x32) * x1773;
uint8_t x1775 = 0b10;
uint32_t x1776 = x1659 * x1775;
uint64_t x1777 = ((uint64_t) x33) * x1776;
uint8_t x1778 = 0b10;
uint32_t x1779 = x1657 * x1778;
uint64_t x1780 = ((uint64_t) x34) * x1779;
uint64_t x1781 = x1777 + x1780;
uint64_t x1782 = x1774 + x1781;
uint64_t x1783 = x1771 + x1782;
uint8_t x1784 = 0b11;
uint64_t x1785 = x1784 * x1783;
uint64_t x1786 = x1768 + x1785;
uint64_t x1787 = x1757 + x1786;
uint8_t x1788 = 0b00011100;
uint64_t x1789 = x1787 >> x1788;
uint64_t x1790 = ((uint64_t) x34) * x1674;
uint64_t x1791 = ((uint64_t) x35) * x1672;
uint8_t x1792 = 0b10;
uint32_t x1793 = x1670 * x1792;
uint64_t x1794 = ((uint64_t) x36) * x1793;
uint64_t x1795 = ((uint64_t) x37) * x1665;
uint64_t x1796 = ((uint64_t) x38) * x1663;
uint64_t x1797 = x1795 + x1796;
uint64_t x1798 = x1794 + x1797;
uint64_t x1799 = x1791 + x1798;
uint64_t x1800 = x1790 + x1799;
uint8_t x1801 = 0b10;
uint32_t x1802 = x1661 * x1801;
uint64_t x1803 = ((uint64_t) x31) * x1802;
uint64_t x1804 = ((uint64_t) x32) * x1659;
uint8_t x1805 = 0b10;
uint32_t x1806 = x1657 * x1805;
uint64_t x1807 = ((uint64_t) x33) * x1806;
uint64_t x1808 = x1804 + x1807;
uint64_t x1809 = x1803 + x1808;
uint8_t x1810 = 0b11;
uint64_t x1811 = x1810 * x1809;
uint64_t x1812 = x1800 + x1811;
uint64_t x1813 = x1789 + x1812;
uint8_t x1814 = 0b00011100;
uint32_t x1815 = (uint32_t) (x1813 >> x1814);
uint64_t x1816 = ((uint64_t) x33) * x1674;
uint64_t x1817 = ((uint64_t) x34) * x1672;
uint64_t x1818 = ((uint64_t) x35) * x1670;
uint64_t x1819 = ((uint64_t) x36) * x1665;
uint64_t x1820 = ((uint64_t) x37) * x1663;
uint64_t x1821 = ((uint64_t) x38) * x1661;
uint64_t x1822 = x1820 + x1821;
uint64_t x1823 = x1819 + x1822;
uint64_t x1824 = x1818 + x1823;
uint64_t x1825 = x1817 + x1824;
uint64_t x1826 = x1816 + x1825;
uint64_t x1827 = ((uint64_t) x31) * x1659;
uint64_t x1828 = ((uint64_t) x32) * x1657;
uint64_t x1829 = x1827 + x1828;
uint8_t x1830 = 0b11;
uint64_t x1831 = x1830 * x1829;
uint64_t x1832 = x1826 + x1831;
uint64_t x1833 = x1815 + x1832;
uint8_t x1834 = 0b00011011;
uint32_t x1835 = (uint32_t) (x1833 >> x1834);
uint64_t x1836 = ((uint64_t) x32) * x1674;
uint8_t x1837 = 0b10;
uint32_t x1838 = x1672 * x1837;
uint64_t x1839 = ((uint64_t) x33) * x1838;
uint8_t x1840 = 0b10;
uint32_t x1841 = x1670 * x1840;
uint64_t x1842 = ((uint64_t) x34) * x1841;
uint64_t x1843 = ((uint64_t) x35) * x1665;
uint8_t x1844 = 0b10;
uint32_t x1845 = x1663 * x1844;
uint64_t x1846 = ((uint64_t) x36) * x1845;
uint8_t x1847 = 0b10;
uint32_t x1848 = x1661 * x1847;
uint64_t x1849 = ((uint64_t) x37) * x1848;
uint64_t x1850 = ((uint64_t) x38) * x1659;
uint64_t x1851 = x1849 + x1850;
uint64_t x1852 = x1846 + x1851;
uint64_t x1853 = x1843 + x1852;
uint64_t x1854 = x1842 + x1853;
uint64_t x1855 = x1839 + x1854;
uint64_t x1856 = x1836 + x1855;
uint8_t x1857 = 0b10;
uint32_t x1858 = x1657 * x1857;
uint64_t x1859 = ((uint64_t) x31) * x1858;
uint8_t x1860 = 0b11;
uint64_t x1861 = x1860 * x1859;
uint64_t x1862 = x1856 + x1861;
uint64_t x1863 = x1835 + x1862;
uint8_t x1864 = 0b00011100;
uint32_t x1865 = (uint32_t) (x1863 >> x1864);
uint64_t x1866 = ((uint64_t) x31) * x1674;
uint64_t x1867 = ((uint64_t) x32) * x1672;
uint8_t x1868 = 0b10;
uint32_t x1869 = x1670 * x1868;
uint64_t x1870 = ((uint64_t) x33) * x1869;
uint64_t x1871 = ((uint64_t) x34) * x1665;
uint64_t x1872 = ((uint64_t) x35) * x1663;
uint8_t x1873 = 0b10;
uint32_t x1874 = x1661 * x1873;
uint64_t x1875 = ((uint64_t) x36) * x1874;
uint64_t x1876 = ((uint64_t) x37) * x1659;
uint64_t x1877 = ((uint64_t) x38) * x1657;
uint64_t x1878 = x1876 + x1877;
uint64_t x1879 = x1875 + x1878;
uint64_t x1880 = x1872 + x1879;
uint64_t x1881 = x1871 + x1880;
uint64_t x1882 = x1870 + x1881;
uint64_t x1883 = x1867 + x1882;
uint64_t x1884 = x1866 + x1883;
uint64_t x1885 = x1865 + x1884;
uint8_t x1886 = 0b00011011;
uint32_t x1887 = (uint32_t) (x1885 >> x1886);
uint8_t x1888 = 0b11;
uint64_t x1889 = ((uint64_t) x1888) * x1887;
uint32_t x1890 = 0b00001111111111111111111111111111;
uint32_t x1891 = x1705 & x1890;
uint64_t x1892 = x1889 + x1891;
uint8_t x1893 = 0b00011100;
uint8_t x1894 = (uint8_t) (x1892 >> x1893);
uint32_t x1895 = 0b00001111111111111111111111111111;
uint32_t x1896 = x1733 & x1895;
uint32_t x1897 = x1894 + x1896;
uint32_t x1898 = 0b00000111111111111111111111111111;
uint32_t x1899 = x1885 & x1898;
uint32_t x1900 = 0b00001111111111111111111111111111;
uint32_t x1901 = x1863 & x1900;
uint32_t x1902 = 0b00000111111111111111111111111111;
uint32_t x1903 = x1833 & x1902;
uint32_t x1904 = 0b00001111111111111111111111111111;
uint32_t x1905 = x1813 & x1904;
uint32_t x1906 = 0b00001111111111111111111111111111;
uint32_t x1907 = x1787 & x1906;
uint8_t x1908 = 0b00011100;
bool x1909 = (bool) (x1897 >> x1908);
uint32_t x1910 = 0b00000111111111111111111111111111;
uint32_t x1911 = x1755 & x1910;
uint32_t x1912 = x1909 + x1911;
uint32_t x1913 = 0b00001111111111111111111111111111;
uint32_t x1914 = x1897 & x1913;
uint32_t x1915 = 0b00001111111111111111111111111111;
uint32_t x1916 = x1892 & x1915;
uint64_t x1917 = ((uint64_t) x320) * x586;
uint8_t x1918 = 0b10;
uint32_t x1919 = x584 * x1918;
uint64_t x1920 = ((uint64_t) x303) * x1919;
uint8_t x1921 = 0b10;
uint32_t x1922 = x582 * x1921;
uint64_t x1923 = ((uint64_t) x305) * x1922;
uint8_t x1924 = 0b10;
uint32_t x1925 = x577 * x1924;
uint64_t x1926 = ((uint64_t) x307) * x1925;
uint8_t x1927 = 0b10;
uint32_t x1928 = x575 * x1927;
uint64_t x1929 = ((uint64_t) x309) * x1928;
uint8_t x1930 = 0b10;
uint32_t x1931 = x573 * x1930;
uint64_t x1932 = ((uint64_t) x311) * x1931;
uint8_t x1933 = 0b10;
uint32_t x1934 = x571 * x1933;
uint64_t x1935 = ((uint64_t) x316) * x1934;
uint8_t x1936 = 0b10;
uint32_t x1937 = x569 * x1936;
uint64_t x1938 = ((uint64_t) x318) * x1937;
uint64_t x1939 = x1935 + x1938;
uint64_t x1940 = x1932 + x1939;
uint64_t x1941 = x1929 + x1940;
uint64_t x1942 = x1926 + x1941;
uint64_t x1943 = x1923 + x1942;
uint64_t x1944 = x1920 + x1943;
uint8_t x1945 = 0b11;
uint64_t x1946 = x1945 * x1944;
uint64_t x1947 = x1917 + x1946;
uint8_t x1948 = 0b00011100;
uint64_t x1949 = x1947 >> x1948;
uint64_t x1950 = ((uint64_t) x318) * x586;
uint64_t x1951 = ((uint64_t) x320) * x584;
uint64_t x1952 = x1950 + x1951;
uint8_t x1953 = 0b10;
uint32_t x1954 = x582 * x1953;
uint64_t x1955 = ((uint64_t) x303) * x1954;
uint64_t x1956 = ((uint64_t) x305) * x577;
uint8_t x1957 = 0b10;
uint32_t x1958 = x575 * x1957;
uint64_t x1959 = ((uint64_t) x307) * x1958;
uint8_t x1960 = 0b10;
uint32_t x1961 = x573 * x1960;
uint64_t x1962 = ((uint64_t) x309) * x1961;
uint64_t x1963 = ((uint64_t) x311) * x571;
uint8_t x1964 = 0b10;
uint32_t x1965 = x569 * x1964;
uint64_t x1966 = ((uint64_t) x316) * x1965;
uint64_t x1967 = x1963 + x1966;
uint64_t x1968 = x1962 + x1967;
uint64_t x1969 = x1959 + x1968;
uint64_t x1970 = x1956 + x1969;
uint64_t x1971 = x1955 + x1970;
uint8_t x1972 = 0b11;
uint64_t x1973 = x1972 * x1971;
uint64_t x1974 = x1952 + x1973;
uint64_t x1975 = x1949 + x1974;
uint8_t x1976 = 0b00011100;
uint64_t x1977 = x1975 >> x1976;
uint64_t x1978 = ((uint64_t) x316) * x586;
uint64_t x1979 = ((uint64_t) x318) * x584;
uint64_t x1980 = ((uint64_t) x320) * x582;
uint64_t x1981 = x1979 + x1980;
uint64_t x1982 = x1978 + x1981;
uint64_t x1983 = ((uint64_t) x303) * x577;
uint64_t x1984 = ((uint64_t) x305) * x575;
uint8_t x1985 = 0b10;
uint32_t x1986 = x573 * x1985;
uint64_t x1987 = ((uint64_t) x307) * x1986;
uint64_t x1988 = ((uint64_t) x309) * x571;
uint64_t x1989 = ((uint64_t) x311) * x569;
uint64_t x1990 = x1988 + x1989;
uint64_t x1991 = x1987 + x1990;
uint64_t x1992 = x1984 + x1991;
uint64_t x1993 = x1983 + x1992;
uint8_t x1994 = 0b11;
uint64_t x1995 = x1994 * x1993;
uint64_t x1996 = x1982 + x1995;
uint64_t x1997 = x1977 + x1996;
uint8_t x1998 = 0b00011011;
uint64_t x1999 = x1997 >> x1998;
uint64_t x2000 = ((uint64_t) x311) * x586;
uint8_t x2001 = 0b10;
uint32_t x2002 = x584 * x2001;
uint64_t x2003 = ((uint64_t) x316) * x2002;
uint8_t x2004 = 0b10;
uint32_t x2005 = x582 * x2004;
uint64_t x2006 = ((uint64_t) x318) * x2005;
uint64_t x2007 = ((uint64_t) x320) * x577;
uint64_t x2008 = x2006 + x2007;
uint64_t x2009 = x2003 + x2008;
uint64_t x2010 = x2000 + x2009;
uint8_t x2011 = 0b10;
uint32_t x2012 = x575 * x2011;
uint64_t x2013 = ((uint64_t) x303) * x2012;
uint8_t x2014 = 0b10;
uint32_t x2015 = x573 * x2014;
uint64_t x2016 = ((uint64_t) x305) * x2015;
uint8_t x2017 = 0b10;
uint32_t x2018 = x571 * x2017;
uint64_t x2019 = ((uint64_t) x307) * x2018;
uint8_t x2020 = 0b10;
uint32_t x2021 = x569 * x2020;
uint64_t x2022 = ((uint64_t) x309) * x2021;
uint64_t x2023 = x2019 + x2022;
uint64_t x2024 = x2016 + x2023;
uint64_t x2025 = x2013 + x2024;
uint8_t x2026 = 0b11;
uint64_t x2027 = x2026 * x2025;
uint64_t x2028 = x2010 + x2027;
uint64_t x2029 = x1999 + x2028;
uint8_t x2030 = 0b00011100;
uint32_t x2031 = (uint32_t) (x2029 >> x2030);
uint64_t x2032 = ((uint64_t) x309) * x586;
uint64_t x2033 = ((uint64_t) x311) * x584;
uint8_t x2034 = 0b10;
uint32_t x2035 = x582 * x2034;
uint64_t x2036 = ((uint64_t) x316) * x2035;
uint64_t x2037 = ((uint64_t) x318) * x577;
uint64_t x2038 = ((uint64_t) x320) * x575;
uint64_t x2039 = x2037 + x2038;
uint64_t x2040 = x2036 + x2039;
uint64_t x2041 = x2033 + x2040;
uint64_t x2042 = x2032 + x2041;
uint8_t x2043 = 0b10;
uint32_t x2044 = x573 * x2043;
uint64_t x2045 = ((uint64_t) x303) * x2044;
uint64_t x2046 = ((uint64_t) x305) * x571;
uint8_t x2047 = 0b10;
uint32_t x2048 = x569 * x2047;
uint64_t x2049 = ((uint64_t) x307) * x2048;
uint64_t x2050 = x2046 + x2049;
uint64_t x2051 = x2045 + x2050;
uint8_t x2052 = 0b11;
uint64_t x2053 = x2052 * x2051;
uint64_t x2054 = x2042 + x2053;
uint64_t x2055 = x2031 + x2054;
uint8_t x2056 = 0b00011100;
uint32_t x2057 = (uint32_t) (x2055 >> x2056);
uint64_t x2058 = ((uint64_t) x307) * x586;
uint64_t x2059 = ((uint64_t) x309) * x584;
uint64_t x2060 = ((uint64_t) x311) * x582;
uint64_t x2061 = ((uint64_t) x316) * x577;
uint64_t x2062 = ((uint64_t) x318) * x575;
uint64_t x2063 = ((uint64_t) x320) * x573;
uint64_t x2064 = x2062 + x2063;
uint64_t x2065 = x2061 + x2064;
uint64_t x2066 = x2060 + x2065;
uint64_t x2067 = x2059 + x2066;
uint64_t x2068 = x2058 + x2067;
uint64_t x2069 = ((uint64_t) x303) * x571;
uint64_t x2070 = ((uint64_t) x305) * x569;
uint64_t x2071 = x2069 + x2070;
uint8_t x2072 = 0b11;
uint64_t x2073 = x2072 * x2071;
uint64_t x2074 = x2068 + x2073;
uint64_t x2075 = x2057 + x2074;
uint8_t x2076 = 0b00011011;
uint32_t x2077 = (uint32_t) (x2075 >> x2076);
uint64_t x2078 = ((uint64_t) x305) * x586;
uint8_t x2079 = 0b10;
uint32_t x2080 = x584 * x2079;
uint64_t x2081 = ((uint64_t) x307) * x2080;
uint8_t x2082 = 0b10;
uint32_t x2083 = x582 * x2082;
uint64_t x2084 = ((uint64_t) x309) * x2083;
uint64_t x2085 = ((uint64_t) x311) * x577;
uint8_t x2086 = 0b10;
uint32_t x2087 = x575 * x2086;
uint64_t x2088 = ((uint64_t) x316) * x2087;
uint8_t x2089 = 0b10;
uint32_t x2090 = x573 * x2089;
uint64_t x2091 = ((uint64_t) x318) * x2090;
uint64_t x2092 = ((uint64_t) x320) * x571;
uint64_t x2093 = x2091 + x2092;
uint64_t x2094 = x2088 + x2093;
uint64_t x2095 = x2085 + x2094;
uint64_t x2096 = x2084 + x2095;
uint64_t x2097 = x2081 + x2096;
uint64_t x2098 = x2078 + x2097;
uint8_t x2099 = 0b10;
uint32_t x2100 = x569 * x2099;
uint64_t x2101 = ((uint64_t) x303) * x2100;
uint8_t x2102 = 0b11;
uint64_t x2103 = x2102 * x2101;
uint64_t x2104 = x2098 + x2103;
uint64_t x2105 = x2077 + x2104;
uint8_t x2106 = 0b00011100;
uint32_t x2107 = (uint32_t) (x2105 >> x2106);
uint64_t x2108 = ((uint64_t) x303) * x586;
uint64_t x2109 = ((uint64_t) x305) * x584;
uint8_t x2110 = 0b10;
uint32_t x2111 = x582 * x2110;
uint64_t x2112 = ((uint64_t) x307) * x2111;
uint64_t x2113 = ((uint64_t) x309) * x577;
uint64_t x2114 = ((uint64_t) x311) * x575;
uint8_t x2115 = 0b10;
uint32_t x2116 = x573 * x2115;
uint64_t x2117 = ((uint64_t) x316) * x2116;
uint64_t x2118 = ((uint64_t) x318) * x571;
uint64_t x2119 = ((uint64_t) x320) * x569;
uint64_t x2120 = x2118 + x2119;
uint64_t x2121 = x2117 + x2120;
uint64_t x2122 = x2114 + x2121;
uint64_t x2123 = x2113 + x2122;
uint64_t x2124 = x2112 + x2123;
uint64_t x2125 = x2109 + x2124;
uint64_t x2126 = x2108 + x2125;
uint64_t x2127 = x2107 + x2126;
uint8_t x2128 = 0b00011011;
uint32_t x2129 = (uint32_t) (x2127 >> x2128);
uint8_t x2130 = 0b11;
uint64_t x2131 = ((uint64_t) x2130) * x2129;
uint32_t x2132 = 0b00001111111111111111111111111111;
uint32_t x2133 = x1947 & x2132;
uint64_t x2134 = x2131 + x2133;
uint8_t x2135 = 0b00011100;
uint8_t x2136 = (uint8_t) (x2134 >> x2135);
uint32_t x2137 = 0b00001111111111111111111111111111;
uint32_t x2138 = x1975 & x2137;
uint32_t x2139 = x2136 + x2138;
uint32_t x2140 = 0b00000111111111111111111111111111;
uint32_t x2141 = x2127 & x2140;
uint32_t x2142 = 0b00001111111111111111111111111111;
uint32_t x2143 = x2105 & x2142;
uint32_t x2144 = 0b00000111111111111111111111111111;
uint32_t x2145 = x2075 & x2144;
uint32_t x2146 = 0b00001111111111111111111111111111;
uint32_t x2147 = x2055 & x2146;
uint32_t x2148 = 0b00001111111111111111111111111111;
uint32_t x2149 = x2029 & x2148;
uint8_t x2150 = 0b00011100;
bool x2151 = (bool) (x2139 >> x2150);
uint32_t x2152 = 0b00000111111111111111111111111111;
uint32_t x2153 = x1997 & x2152;
uint32_t x2154 = x2151 + x2153;
uint32_t x2155 = 0b00001111111111111111111111111111;
uint32_t x2156 = x2139 & x2155;
uint32_t x2157 = 0b00001111111111111111111111111111;
uint32_t x2158 = x2134 & x2157;
uint64_t x2159 = ((uint64_t) x30) * x610;
uint8_t x2160 = 0b10;
uint32_t x2161 = x607 * x2160;
uint64_t x2162 = ((uint64_t) x23) * x2161;
uint8_t x2163 = 0b10;
uint32_t x2164 = x604 * x2163;
uint64_t x2165 = ((uint64_t) x24) * x2164;
uint8_t x2166 = 0b10;
uint32_t x2167 = x601 * x2166;
uint64_t x2168 = ((uint64_t) x25) * x2167;
uint8_t x2169 = 0b10;
uint32_t x2170 = x598 * x2169;
uint64_t x2171 = ((uint64_t) x26) * x2170;
uint8_t x2172 = 0b10;
uint32_t x2173 = x595 * x2172;
uint64_t x2174 = ((uint64_t) x27) * x2173;
uint8_t x2175 = 0b10;
uint32_t x2176 = x592 * x2175;
uint64_t x2177 = ((uint64_t) x28) * x2176;
uint8_t x2178 = 0b10;
uint32_t x2179 = x589 * x2178;
uint64_t x2180 = ((uint64_t) x29) * x2179;
uint64_t x2181 = x2177 + x2180;
uint64_t x2182 = x2174 + x2181;
uint64_t x2183 = x2171 + x2182;
uint64_t x2184 = x2168 + x2183;
uint64_t x2185 = x2165 + x2184;
uint64_t x2186 = x2162 + x2185;
uint8_t x2187 = 0b11;
uint64_t x2188 = x2187 * x2186;
uint64_t x2189 = x2159 + x2188;
uint8_t x2190 = 0b00011100;
uint64_t x2191 = x2189 >> x2190;
uint64_t x2192 = ((uint64_t) x29) * x610;
uint64_t x2193 = ((uint64_t) x30) * x607;
uint64_t x2194 = x2192 + x2193;
uint8_t x2195 = 0b10;
uint32_t x2196 = x604 * x2195;
uint64_t x2197 = ((uint64_t) x23) * x2196;
uint64_t x2198 = ((uint64_t) x24) * x601;
uint8_t x2199 = 0b10;
uint32_t x2200 = x598 * x2199;
uint64_t x2201 = ((uint64_t) x25) * x2200;
uint8_t x2202 = 0b10;
uint32_t x2203 = x595 * x2202;
uint64_t x2204 = ((uint64_t) x26) * x2203;
uint64_t x2205 = ((uint64_t) x27) * x592;
uint8_t x2206 = 0b10;
uint32_t x2207 = x589 * x2206;
uint64_t x2208 = ((uint64_t) x28) * x2207;
uint64_t x2209 = x2205 + x2208;
uint64_t x2210 = x2204 + x2209;
uint64_t x2211 = x2201 + x2210;
uint64_t x2212 = x2198 + x2211;
uint64_t x2213 = x2197 + x2212;
uint8_t x2214 = 0b11;
uint64_t x2215 = x2214 * x2213;
uint64_t x2216 = x2194 + x2215;
uint64_t x2217 = x2191 + x2216;
uint8_t x2218 = 0b00011100;
uint64_t x2219 = x2217 >> x2218;
uint64_t x2220 = ((uint64_t) x28) * x610;
uint64_t x2221 = ((uint64_t) x29) * x607;
uint64_t x2222 = ((uint64_t) x30) * x604;
uint64_t x2223 = x2221 + x2222;
uint64_t x2224 = x2220 + x2223;
uint64_t x2225 = ((uint64_t) x23) * x601;
uint64_t x2226 = ((uint64_t) x24) * x598;
uint8_t x2227 = 0b10;
uint32_t x2228 = x595 * x2227;
uint64_t x2229 = ((uint64_t) x25) * x2228;
uint64_t x2230 = ((uint64_t) x26) * x592;
uint64_t x2231 = ((uint64_t) x27) * x589;
uint64_t x2232 = x2230 + x2231;
uint64_t x2233 = x2229 + x2232;
uint64_t x2234 = x2226 + x2233;
uint64_t x2235 = x2225 + x2234;
uint8_t x2236 = 0b11;
uint64_t x2237 = x2236 * x2235;
uint64_t x2238 = x2224 + x2237;
uint64_t x2239 = x2219 + x2238;
uint8_t x2240 = 0b00011011;
uint64_t x2241 = x2239 >> x2240;
uint64_t x2242 = ((uint64_t) x27) * x610;
uint8_t x2243 = 0b10;
uint32_t x2244 = x607 * x2243;
uint64_t x2245 = ((uint64_t) x28) * x2244;
uint8_t x2246 = 0b10;
uint32_t x2247 = x604 * x2246;
uint64_t x2248 = ((uint64_t) x29) * x2247;
uint64_t x2249 = ((uint64_t) x30) * x601;
uint64_t x2250 = x2248 + x2249;
uint64_t x2251 = x2245 + x2250;
uint64_t x2252 = x2242 + x2251;
uint8_t x2253 = 0b10;
uint32_t x2254 = x598 * x2253;
uint64_t x2255 = ((uint64_t) x23) * x2254;
uint8_t x2256 = 0b10;
uint32_t x2257 = x595 * x2256;
uint64_t x2258 = ((uint64_t) x24) * x2257;
uint8_t x2259 = 0b10;
uint32_t x2260 = x592 * x2259;
uint64_t x2261 = ((uint64_t) x25) * x2260;
uint8_t x2262 = 0b10;
uint32_t x2263 = x589 * x2262;
uint64_t x2264 = ((uint64_t) x26) * x2263;
uint64_t x2265 = x2261 + x2264;
uint64_t x2266 = x2258 + x2265;
uint64_t x2267 = x2255 + x2266;
uint8_t x2268 = 0b11;
uint64_t x2269 = x2268 * x2267;
uint64_t x2270 = x2252 + x2269;
uint64_t x2271 = x2241 + x2270;
uint8_t x2272 = 0b00011100;
uint64_t x2273 = x2271 >> x2272;
uint64_t x2274 = ((uint64_t) x26) * x610;
uint64_t x2275 = ((uint64_t) x27) * x607;
uint8_t x2276 = 0b10;
uint32_t x2277 = x604 * x2276;
uint64_t x2278 = ((uint64_t) x28) * x2277;
uint64_t x2279 = ((uint64_t) x29) * x601;
uint64_t x2280 = ((uint64_t) x30) * x598;
uint64_t x2281 = x2279 + x2280;
uint64_t x2282 = x2278 + x2281;
uint64_t x2283 = x2275 + x2282;
uint64_t x2284 = x2274 + x2283;
uint8_t x2285 = 0b10;
uint32_t x2286 = x595 * x2285;
uint64_t x2287 = ((uint64_t) x23) * x2286;
uint64_t x2288 = ((uint64_t) x24) * x592;
uint8_t x2289 = 0b10;
uint32_t x2290 = x589 * x2289;
uint64_t x2291 = ((uint64_t) x25) * x2290;
uint64_t x2292 = x2288 + x2291;
uint64_t x2293 = x2287 + x2292;
uint8_t x2294 = 0b11;
uint64_t x2295 = x2294 * x2293;
uint64_t x2296 = x2284 + x2295;
uint64_t x2297 = x2273 + x2296;
uint8_t x2298 = 0b00011100;
uint64_t x2299 = x2297 >> x2298;
uint64_t x2300 = ((uint64_t) x25) * x610;
uint64_t x2301 = ((uint64_t) x26) * x607;
uint64_t x2302 = ((uint64_t) x27) * x604;
uint64_t x2303 = ((uint64_t) x28) * x601;
uint64_t x2304 = ((uint64_t) x29) * x598;
uint64_t x2305 = ((uint64_t) x30) * x595;
uint64_t x2306 = x2304 + x2305;
uint64_t x2307 = x2303 + x2306;
uint64_t x2308 = x2302 + x2307;
uint64_t x2309 = x2301 + x2308;
uint64_t x2310 = x2300 + x2309;
uint64_t x2311 = ((uint64_t) x23) * x592;
uint64_t x2312 = ((uint64_t) x24) * x589;
uint64_t x2313 = x2311 + x2312;
uint8_t x2314 = 0b11;
uint64_t x2315 = x2314 * x2313;
uint64_t x2316 = x2310 + x2315;
uint64_t x2317 = x2299 + x2316;
uint8_t x2318 = 0b00011011;
uint64_t x2319 = x2317 >> x2318;
uint64_t x2320 = ((uint64_t) x24) * x610;
uint8_t x2321 = 0b10;
uint32_t x2322 = x607 * x2321;
uint64_t x2323 = ((uint64_t) x25) * x2322;
uint8_t x2324 = 0b10;
uint32_t x2325 = x604 * x2324;
uint64_t x2326 = ((uint64_t) x26) * x2325;
uint64_t x2327 = ((uint64_t) x27) * x601;
uint8_t x2328 = 0b10;
uint32_t x2329 = x598 * x2328;
uint64_t x2330 = ((uint64_t) x28) * x2329;
uint8_t x2331 = 0b10;
uint32_t x2332 = x595 * x2331;
uint64_t x2333 = ((uint64_t) x29) * x2332;
uint64_t x2334 = ((uint64_t) x30) * x592;
uint64_t x2335 = x2333 + x2334;
uint64_t x2336 = x2330 + x2335;
uint64_t x2337 = x2327 + x2336;
uint64_t x2338 = x2326 + x2337;
uint64_t x2339 = x2323 + x2338;
uint64_t x2340 = x2320 + x2339;
uint8_t x2341 = 0b10;
uint32_t x2342 = x589 * x2341;
uint64_t x2343 = ((uint64_t) x23) * x2342;
uint8_t x2344 = 0b11;
uint64_t x2345 = x2344 * x2343;
uint64_t x2346 = x2340 + x2345;
uint64_t x2347 = x2319 + x2346;
uint8_t x2348 = 0b00011100;
uint64_t x2349 = x2347 >> x2348;
uint64_t x2350 = ((uint64_t) x23) * x610;
uint64_t x2351 = ((uint64_t) x24) * x607;
uint8_t x2352 = 0b10;
uint32_t x2353 = x604 * x2352;
uint64_t x2354 = ((uint64_t) x25) * x2353;
uint64_t x2355 = ((uint64_t) x26) * x601;
uint64_t x2356 = ((uint64_t) x27) * x598;
uint8_t x2357 = 0b10;
uint32_t x2358 = x595 * x2357;
uint64_t x2359 = ((uint64_t) x28) * x2358;
uint64_t x2360 = ((uint64_t) x29) * x592;
uint64_t x2361 = ((uint64_t) x30) * x589;
uint64_t x2362 = x2360 + x2361;
uint64_t x2363 = x2359 + x2362;
uint64_t x2364 = x2356 + x2363;
uint64_t x2365 = x2355 + x2364;
uint64_t x2366 = x2354 + x2365;
uint64_t x2367 = x2351 + x2366;
uint64_t x2368 = x2350 + x2367;
uint64_t x2369 = x2349 + x2368;
uint8_t x2370 = 0b00011011;
uint64_t x2371 = x2369 >> x2370;
uint8_t x2372 = 0b11;
uint64_t x2373 = x2372 * x2371;
uint32_t x2374 = 0b00001111111111111111111111111111;
uint32_t x2375 = x2189 & x2374;
uint64_t x2376 = x2373 + x2375;
uint8_t x2377 = 0b00011100;
uint8_t x2378 = (uint8_t) (x2376 >> x2377);
uint32_t x2379 = 0b00001111111111111111111111111111;
uint32_t x2380 = x2217 & x2379;
uint32_t x2381 = x2378 + x2380;
uint32_t x2382 = 0b00000111111111111111111111111111;
uint32_t x2383 = x2369 & x2382;
uint32_t x2384 = 0b00001111111111111111111111111111;
uint32_t x2385 = x2347 & x2384;
uint32_t x2386 = 0b00000111111111111111111111111111;
uint32_t x2387 = x2317 & x2386;
uint32_t x2388 = 0b00001111111111111111111111111111;
uint32_t x2389 = x2297 & x2388;
uint32_t x2390 = 0b00001111111111111111111111111111;
uint32_t x2391 = x2271 & x2390;
uint8_t x2392 = 0b00011100;
bool x2393 = (bool) (x2381 >> x2392);
uint32_t x2394 = 0b00000111111111111111111111111111;
uint32_t x2395 = x2239 & x2394;
uint32_t x2396 = x2393 + x2395;
uint32_t x2397 = 0b00001111111111111111111111111111;
uint32_t x2398 = x2381 & x2397;
uint32_t x2399 = 0b00001111111111111111111111111111;
uint32_t x2400 = x2376 & x2399;
uint32_t x2401 = x303 + x2383;
uint32_t x2402 = x305 + x2385;
uint32_t x2403 = x307 + x2387;
uint32_t x2404 = x309 + x2389;
uint32_t x2405 = x311 + x2391;
uint32_t x2406 = x316 + x2396;
uint32_t x2407 = x318 + x2398;
uint32_t x2408 = x320 + x2400;
uint64_t x2409 = ((uint64_t) x610) * x2408;
uint8_t x2410 = 0b10;
uint32_t x2411 = x2407 * x2410;
uint64_t x2412 = ((uint64_t) x589) * x2411;
uint8_t x2413 = 0b10;
uint32_t x2414 = x2406 * x2413;
uint64_t x2415 = ((uint64_t) x592) * x2414;
uint8_t x2416 = 0b10;
uint32_t x2417 = x2405 * x2416;
uint64_t x2418 = ((uint64_t) x595) * x2417;
uint8_t x2419 = 0b10;
uint32_t x2420 = x2404 * x2419;
uint64_t x2421 = ((uint64_t) x598) * x2420;
uint8_t x2422 = 0b10;
uint32_t x2423 = x2403 * x2422;
uint64_t x2424 = ((uint64_t) x601) * x2423;
uint8_t x2425 = 0b10;
uint32_t x2426 = x2402 * x2425;
uint64_t x2427 = ((uint64_t) x604) * x2426;
uint8_t x2428 = 0b10;
uint32_t x2429 = x2401 * x2428;
uint64_t x2430 = ((uint64_t) x607) * x2429;
uint64_t x2431 = x2427 + x2430;
uint64_t x2432 = x2424 + x2431;
uint64_t x2433 = x2421 + x2432;
uint64_t x2434 = x2418 + x2433;
uint64_t x2435 = x2415 + x2434;
uint64_t x2436 = x2412 + x2435;
uint8_t x2437 = 0b11;
uint64_t x2438 = x2437 * x2436;
uint64_t x2439 = x2409 + x2438;
uint8_t x2440 = 0b00011100;
uint64_t x2441 = x2439 >> x2440;
uint64_t x2442 = ((uint64_t) x607) * x2408;
uint64_t x2443 = ((uint64_t) x610) * x2407;
uint64_t x2444 = x2442 + x2443;
uint8_t x2445 = 0b10;
uint32_t x2446 = x2406 * x2445;
uint64_t x2447 = ((uint64_t) x589) * x2446;
uint64_t x2448 = ((uint64_t) x592) * x2405;
uint8_t x2449 = 0b10;
uint32_t x2450 = x2404 * x2449;
uint64_t x2451 = ((uint64_t) x595) * x2450;
uint8_t x2452 = 0b10;
uint32_t x2453 = x2403 * x2452;
uint64_t x2454 = ((uint64_t) x598) * x2453;
uint64_t x2455 = ((uint64_t) x601) * x2402;
uint8_t x2456 = 0b10;
uint32_t x2457 = x2401 * x2456;
uint64_t x2458 = ((uint64_t) x604) * x2457;
uint64_t x2459 = x2455 + x2458;
uint64_t x2460 = x2454 + x2459;
uint64_t x2461 = x2451 + x2460;
uint64_t x2462 = x2448 + x2461;
uint64_t x2463 = x2447 + x2462;
uint8_t x2464 = 0b11;
uint64_t x2465 = x2464 * x2463;
uint64_t x2466 = x2444 + x2465;
uint64_t x2467 = x2441 + x2466;
uint8_t x2468 = 0b00011100;
uint64_t x2469 = x2467 >> x2468;
uint64_t x2470 = ((uint64_t) x604) * x2408;
uint64_t x2471 = ((uint64_t) x607) * x2407;
uint64_t x2472 = ((uint64_t) x610) * x2406;
uint64_t x2473 = x2471 + x2472;
uint64_t x2474 = x2470 + x2473;
uint64_t x2475 = ((uint64_t) x589) * x2405;
uint64_t x2476 = ((uint64_t) x592) * x2404;
uint8_t x2477 = 0b10;
uint32_t x2478 = x2403 * x2477;
uint64_t x2479 = ((uint64_t) x595) * x2478;
uint64_t x2480 = ((uint64_t) x598) * x2402;
uint64_t x2481 = ((uint64_t) x601) * x2401;
uint64_t x2482 = x2480 + x2481;
uint64_t x2483 = x2479 + x2482;
uint64_t x2484 = x2476 + x2483;
uint64_t x2485 = x2475 + x2484;
uint8_t x2486 = 0b11;
uint64_t x2487 = x2486 * x2485;
uint64_t x2488 = x2474 + x2487;
uint64_t x2489 = x2469 + x2488;
uint8_t x2490 = 0b00011011;
uint64_t x2491 = x2489 >> x2490;
uint64_t x2492 = ((uint64_t) x601) * x2408;
uint8_t x2493 = 0b10;
uint32_t x2494 = x2407 * x2493;
uint64_t x2495 = ((uint64_t) x604) * x2494;
uint8_t x2496 = 0b10;
uint32_t x2497 = x2406 * x2496;
uint64_t x2498 = ((uint64_t) x607) * x2497;
uint64_t x2499 = ((uint64_t) x610) * x2405;
uint64_t x2500 = x2498 + x2499;
uint64_t x2501 = x2495 + x2500;
uint64_t x2502 = x2492 + x2501;
uint8_t x2503 = 0b10;
uint32_t x2504 = x2404 * x2503;
uint64_t x2505 = ((uint64_t) x589) * x2504;
uint8_t x2506 = 0b10;
uint32_t x2507 = x2403 * x2506;
uint64_t x2508 = ((uint64_t) x592) * x2507;
uint8_t x2509 = 0b10;
uint32_t x2510 = x2402 * x2509;
uint64_t x2511 = ((uint64_t) x595) * x2510;
uint8_t x2512 = 0b10;
uint32_t x2513 = x2401 * x2512;
uint64_t x2514 = ((uint64_t) x598) * x2513;
uint64_t x2515 = x2511 + x2514;
uint64_t x2516 = x2508 + x2515;
uint64_t x2517 = x2505 + x2516;
uint8_t x2518 = 0b11;
uint64_t x2519 = x2518 * x2517;
uint64_t x2520 = x2502 + x2519;
uint64_t x2521 = x2491 + x2520;
uint8_t x2522 = 0b00011100;
uint64_t x2523 = x2521 >> x2522;
uint64_t x2524 = ((uint64_t) x598) * x2408;
uint64_t x2525 = ((uint64_t) x601) * x2407;
uint8_t x2526 = 0b10;
uint32_t x2527 = x2406 * x2526;
uint64_t x2528 = ((uint64_t) x604) * x2527;
uint64_t x2529 = ((uint64_t) x607) * x2405;
uint64_t x2530 = ((uint64_t) x610) * x2404;
uint64_t x2531 = x2529 + x2530;
uint64_t x2532 = x2528 + x2531;
uint64_t x2533 = x2525 + x2532;
uint64_t x2534 = x2524 + x2533;
uint8_t x2535 = 0b10;
uint32_t x2536 = x2403 * x2535;
uint64_t x2537 = ((uint64_t) x589) * x2536;
uint64_t x2538 = ((uint64_t) x592) * x2402;
uint8_t x2539 = 0b10;
uint32_t x2540 = x2401 * x2539;
uint64_t x2541 = ((uint64_t) x595) * x2540;
uint64_t x2542 = x2538 + x2541;
uint64_t x2543 = x2537 + x2542;
uint8_t x2544 = 0b11;
uint64_t x2545 = x2544 * x2543;
uint64_t x2546 = x2534 + x2545;
uint64_t x2547 = x2523 + x2546;
uint8_t x2548 = 0b00011100;
uint64_t x2549 = x2547 >> x2548;
uint64_t x2550 = ((uint64_t) x595) * x2408;
uint64_t x2551 = ((uint64_t) x598) * x2407;
uint64_t x2552 = ((uint64_t) x601) * x2406;
uint64_t x2553 = ((uint64_t) x604) * x2405;
uint64_t x2554 = ((uint64_t) x607) * x2404;
uint64_t x2555 = ((uint64_t) x610) * x2403;
uint64_t x2556 = x2554 + x2555;
uint64_t x2557 = x2553 + x2556;
uint64_t x2558 = x2552 + x2557;
uint64_t x2559 = x2551 + x2558;
uint64_t x2560 = x2550 + x2559;
uint64_t x2561 = ((uint64_t) x589) * x2402;
uint64_t x2562 = ((uint64_t) x592) * x2401;
uint64_t x2563 = x2561 + x2562;
uint8_t x2564 = 0b11;
uint64_t x2565 = x2564 * x2563;
uint64_t x2566 = x2560 + x2565;
uint64_t x2567 = x2549 + x2566;
uint8_t x2568 = 0b00011011;
uint64_t x2569 = x2567 >> x2568;
uint64_t x2570 = ((uint64_t) x592) * x2408;
uint8_t x2571 = 0b10;
uint32_t x2572 = x2407 * x2571;
uint64_t x2573 = ((uint64_t) x595) * x2572;
uint8_t x2574 = 0b10;
uint32_t x2575 = x2406 * x2574;
uint64_t x2576 = ((uint64_t) x598) * x2575;
uint64_t x2577 = ((uint64_t) x601) * x2405;
uint8_t x2578 = 0b10;
uint32_t x2579 = x2404 * x2578;
uint64_t x2580 = ((uint64_t) x604) * x2579;
uint8_t x2581 = 0b10;
uint32_t x2582 = x2403 * x2581;
uint64_t x2583 = ((uint64_t) x607) * x2582;
uint64_t x2584 = ((uint64_t) x610) * x2402;
uint64_t x2585 = x2583 + x2584;
uint64_t x2586 = x2580 + x2585;
uint64_t x2587 = x2577 + x2586;
uint64_t x2588 = x2576 + x2587;
uint64_t x2589 = x2573 + x2588;
uint64_t x2590 = x2570 + x2589;
uint8_t x2591 = 0b10;
uint32_t x2592 = x2401 * x2591;
uint64_t x2593 = ((uint64_t) x589) * x2592;
uint8_t x2594 = 0b11;
uint64_t x2595 = x2594 * x2593;
uint64_t x2596 = x2590 + x2595;
uint64_t x2597 = x2569 + x2596;
uint8_t x2598 = 0b00011100;
uint64_t x2599 = x2597 >> x2598;
uint64_t x2600 = ((uint64_t) x589) * x2408;
uint64_t x2601 = ((uint64_t) x592) * x2407;
uint8_t x2602 = 0b10;
uint32_t x2603 = x2406 * x2602;
uint64_t x2604 = ((uint64_t) x595) * x2603;
uint64_t x2605 = ((uint64_t) x598) * x2405;
uint64_t x2606 = ((uint64_t) x601) * x2404;
uint8_t x2607 = 0b10;
uint32_t x2608 = x2403 * x2607;
uint64_t x2609 = ((uint64_t) x604) * x2608;
uint64_t x2610 = ((uint64_t) x607) * x2402;
uint64_t x2611 = ((uint64_t) x610) * x2401;
uint64_t x2612 = x2610 + x2611;
uint64_t x2613 = x2609 + x2612;
uint64_t x2614 = x2606 + x2613;
uint64_t x2615 = x2605 + x2614;
uint64_t x2616 = x2604 + x2615;
uint64_t x2617 = x2601 + x2616;
uint64_t x2618 = x2600 + x2617;
uint64_t x2619 = x2599 + x2618;
uint8_t x2620 = 0b00011011;
uint64_t x2621 = x2619 >> x2620;
uint8_t x2622 = 0b11;
uint64_t x2623 = x2622 * x2621;
uint32_t x2624 = 0b00001111111111111111111111111111;
uint32_t x2625 = x2439 & x2624;
uint64_t x2626 = x2623 + x2625;
uint8_t x2627 = 0b00011100;
uint8_t x2628 = (uint8_t) (x2626 >> x2627);
uint32_t x2629 = 0b00001111111111111111111111111111;
uint32_t x2630 = x2467 & x2629;
uint32_t x2631 = x2628 + x2630;
uint32_t x2632 = 0b00000111111111111111111111111111;
uint32_t x2633 = x2619 & x2632;
uint32_t x2634 = 0b00001111111111111111111111111111;
uint32_t x2635 = x2597 & x2634;
uint32_t x2636 = 0b00000111111111111111111111111111;
uint32_t x2637 = x2567 & x2636;
uint32_t x2638 = 0b00001111111111111111111111111111;
uint32_t x2639 = x2547 & x2638;
uint32_t x2640 = 0b00001111111111111111111111111111;
uint32_t x2641 = x2521 & x2640;
uint8_t x2642 = 0b00011100;
bool x2643 = (bool) (x2631 >> x2642);
uint32_t x2644 = 0b00000111111111111111111111111111;
uint32_t x2645 = x2489 & x2644;
uint32_t x2646 = x2643 + x2645;
uint32_t x2647 = 0b00001111111111111111111111111111;
uint32_t x2648 = x2631 & x2647;
uint32_t x2649 = 0b00001111111111111111111111111111;
uint32_t x2650 = x2626 & x2649;
(Return x2141, Return x2143, Return x2145, Return x2147, 
Return x2149, Return x2154, Return x2156, Return x2158,
(Return x2633, Return x2635, Return x2637, Return x2639, 
Return x2641, Return x2646, Return x2648, Return x2650),
(Return x1367, Return x1369, Return x1371, Return x1373, 
Return x1375, Return x1380, Return x1382, Return x1384),
(Return x1899, Return x1901, Return x1903, Return x1905, 
Return x1907, Return x1912, Return x1914, Return x1916))
     : C_like
