rladderstepW = 
fun var : base_type -> Type =>
λ
_ _ _ _ _ _ _ _ _ _ _ _ _ _ _ _ _ _ _ _ _ _ _ _ x23 x24 x25 x26 x27 x28 x29
 x30 x31 x32 x33 x34 x35 x36 x37 x38 x39 x40 x41 x42 x43 x44 x45 x46 x47 x48
 x49 x50 x51 x52 x53 x54 x55 x56 x57 x58 x59 x60 x61 x62 x63 x64 x65 x66 x67
 x68 x69 x70 : var (TWord 5),
int x71 = x39 + x47;
int x72 = x40 + x48;
int x73 = x41 + x49;
int x74 = x42 + x50;
int x75 = x43 + x51;
int x76 = x44 + x52;
int x77 = x45 + x53;
int x78 = x46 + x54;
long x79 = (M32 & x78) * x78;
int x80 = 0b10;
int x81 = x77 * x80;
long x82 = (M32 & x71) * x81;
int x83 = 0b10;
int x84 = x76 * x83;
long x85 = (M32 & x72) * x84;
int x86 = 0b10;
int x87 = x75 * x86;
long x88 = (M32 & x73) * x87;
int x89 = 0b10;
int x90 = x74 * x89;
long x91 = (M32 & x74) * x90;
int x92 = 0b10;
int x93 = x73 * x92;
long x94 = (M32 & x75) * x93;
int x95 = 0b10;
int x96 = x72 * x95;
long x97 = (M32 & x76) * x96;
int x98 = 0b10;
int x99 = x71 * x98;
long x100 = (M32 & x77) * x99;
long x101 = x97 + x100;
long x102 = x94 + x101;
long x103 = x91 + x102;
long x104 = x88 + x103;
long x105 = x85 + x104;
long x106 = x82 + x105;
int x107 = 0b11;
long x108 = x107 * x106;
long x109 = x79 + x108;
int x110 = 0b00011100;
long x111 = x109 >>> x110;
long x112 = (M32 & x77) * x78;
long x113 = (M32 & x78) * x77;
long x114 = x112 + x113;
int x115 = 0b10;
int x116 = x76 * x115;
long x117 = (M32 & x71) * x116;
long x118 = (M32 & x72) * x75;
int x119 = 0b10;
int x120 = x74 * x119;
long x121 = (M32 & x73) * x120;
int x122 = 0b10;
int x123 = x73 * x122;
long x124 = (M32 & x74) * x123;
long x125 = (M32 & x75) * x72;
int x126 = 0b10;
int x127 = x71 * x126;
long x128 = (M32 & x76) * x127;
long x129 = x125 + x128;
long x130 = x124 + x129;
long x131 = x121 + x130;
long x132 = x118 + x131;
long x133 = x117 + x132;
int x134 = 0b11;
long x135 = x134 * x133;
long x136 = x114 + x135;
long x137 = x111 + x136;
int x138 = 0b00011100;
long x139 = x137 >>> x138;
long x140 = (M32 & x76) * x78;
long x141 = (M32 & x77) * x77;
long x142 = (M32 & x78) * x76;
long x143 = x141 + x142;
long x144 = x140 + x143;
long x145 = (M32 & x71) * x75;
long x146 = (M32 & x72) * x74;
int x147 = 0b10;
int x148 = x73 * x147;
long x149 = (M32 & x73) * x148;
long x150 = (M32 & x74) * x72;
long x151 = (M32 & x75) * x71;
long x152 = x150 + x151;
long x153 = x149 + x152;
long x154 = x146 + x153;
long x155 = x145 + x154;
int x156 = 0b11;
long x157 = x156 * x155;
long x158 = x144 + x157;
long x159 = x139 + x158;
int x160 = 0b00011011;
long x161 = x159 >>> x160;
long x162 = (M32 & x75) * x78;
int x163 = 0b10;
int x164 = x77 * x163;
long x165 = (M32 & x76) * x164;
int x166 = 0b10;
int x167 = x76 * x166;
long x168 = (M32 & x77) * x167;
long x169 = (M32 & x78) * x75;
long x170 = x168 + x169;
long x171 = x165 + x170;
long x172 = x162 + x171;
int x173 = 0b10;
int x174 = x74 * x173;
long x175 = (M32 & x71) * x174;
int x176 = 0b10;
int x177 = x73 * x176;
long x178 = (M32 & x72) * x177;
int x179 = 0b10;
int x180 = x72 * x179;
long x181 = (M32 & x73) * x180;
int x182 = 0b10;
int x183 = x71 * x182;
long x184 = (M32 & x74) * x183;
long x185 = x181 + x184;
long x186 = x178 + x185;
long x187 = x175 + x186;
int x188 = 0b11;
long x189 = x188 * x187;
long x190 = x172 + x189;
long x191 = x161 + x190;
int x192 = 0b00011100;
long x193 = x191 >>> x192;
long x194 = (M32 & x74) * x78;
long x195 = (M32 & x75) * x77;
int x196 = 0b10;
int x197 = x76 * x196;
long x198 = (M32 & x76) * x197;
long x199 = (M32 & x77) * x75;
long x200 = (M32 & x78) * x74;
long x201 = x199 + x200;
long x202 = x198 + x201;
long x203 = x195 + x202;
long x204 = x194 + x203;
int x205 = 0b10;
int x206 = x73 * x205;
long x207 = (M32 & x71) * x206;
long x208 = (M32 & x72) * x72;
int x209 = 0b10;
int x210 = x71 * x209;
long x211 = (M32 & x73) * x210;
long x212 = x208 + x211;
long x213 = x207 + x212;
int x214 = 0b11;
long x215 = x214 * x213;
long x216 = x204 + x215;
long x217 = x193 + x216;
int x218 = 0b00011100;
long x219 = x217 >>> x218;
long x220 = (M32 & x73) * x78;
long x221 = (M32 & x74) * x77;
long x222 = (M32 & x75) * x76;
long x223 = (M32 & x76) * x75;
long x224 = (M32 & x77) * x74;
long x225 = (M32 & x78) * x73;
long x226 = x224 + x225;
long x227 = x223 + x226;
long x228 = x222 + x227;
long x229 = x221 + x228;
long x230 = x220 + x229;
long x231 = (M32 & x71) * x72;
long x232 = (M32 & x72) * x71;
long x233 = x231 + x232;
int x234 = 0b11;
long x235 = x234 * x233;
long x236 = x230 + x235;
long x237 = x219 + x236;
int x238 = 0b00011011;
long x239 = x237 >>> x238;
long x240 = (M32 & x72) * x78;
int x241 = 0b10;
int x242 = x77 * x241;
long x243 = (M32 & x73) * x242;
int x244 = 0b10;
int x245 = x76 * x244;
long x246 = (M32 & x74) * x245;
long x247 = (M32 & x75) * x75;
int x248 = 0b10;
int x249 = x74 * x248;
long x250 = (M32 & x76) * x249;
int x251 = 0b10;
int x252 = x73 * x251;
long x253 = (M32 & x77) * x252;
long x254 = (M32 & x78) * x72;
long x255 = x253 + x254;
long x256 = x250 + x255;
long x257 = x247 + x256;
long x258 = x246 + x257;
long x259 = x243 + x258;
long x260 = x240 + x259;
int x261 = 0b10;
int x262 = x71 * x261;
long x263 = (M32 & x71) * x262;
int x264 = 0b11;
long x265 = x264 * x263;
long x266 = x260 + x265;
long x267 = x239 + x266;
int x268 = 0b00011100;
long x269 = x267 >>> x268;
long x270 = (M32 & x71) * x78;
long x271 = (M32 & x72) * x77;
int x272 = 0b10;
int x273 = x76 * x272;
long x274 = (M32 & x73) * x273;
long x275 = (M32 & x74) * x75;
long x276 = (M32 & x75) * x74;
int x277 = 0b10;
int x278 = x73 * x277;
long x279 = (M32 & x76) * x278;
long x280 = (M32 & x77) * x72;
long x281 = (M32 & x78) * x71;
long x282 = x280 + x281;
long x283 = x279 + x282;
long x284 = x276 + x283;
long x285 = x275 + x284;
long x286 = x274 + x285;
long x287 = x271 + x286;
long x288 = x270 + x287;
long x289 = x269 + x288;
int x290 = 0b00011011;
long x291 = x289 >>> x290;
int x292 = 0b11;
long x293 = x292 * x291;
int x294 = 0b00001111111111111111111111111111;
int x295 = ((int) x109) & x294;
long x296 = x293 + x295;
int x297 = 0b00011100;
int x298 = (int) (x296 >>> x297);
int x299 = 0b00001111111111111111111111111111;
int x300 = ((int) x137) & x299;
int x301 = x298 + x300;
int x302 = 0b00000111111111111111111111111111;
int x303 = ((int) x289) & x302;
int x304 = 0b00001111111111111111111111111111;
int x305 = ((int) x267) & x304;
int x306 = 0b00000111111111111111111111111111;
int x307 = ((int) x237) & x306;
int x308 = 0b00001111111111111111111111111111;
int x309 = ((int) x217) & x308;
int x310 = 0b00001111111111111111111111111111;
int x311 = ((int) x191) & x310;
int x312 = 0b00011100;
int x313 = (int) (x301 >>> x312);
int x314 = 0b00000111111111111111111111111111;
int x315 = ((int) x159) & x314;
int x316 = x313 + x315;
int x317 = 0b00001111111111111111111111111111;
int x318 = x301 & x317;
int x319 = 0b00001111111111111111111111111111;
int x320 = ((int) x296) & x319;
int x321 = 0b00001111111111111111111111111110;
int x322 = x321 + x39;
int x323 = x322 - x47;
int x324 = 0b00011111111111111111111111111110;
int x325 = x324 + x40;
int x326 = x325 - x48;
int x327 = 0b00001111111111111111111111111110;
int x328 = x327 + x41;
int x329 = x328 - x49;
int x330 = 0b00011111111111111111111111111110;
int x331 = x330 + x42;
int x332 = x331 - x50;
int x333 = 0b00011111111111111111111111111110;
int x334 = x333 + x43;
int x335 = x334 - x51;
int x336 = 0b00001111111111111111111111111110;
int x337 = x336 + x44;
int x338 = x337 - x52;
int x339 = 0b00011111111111111111111111111110;
int x340 = x339 + x45;
int x341 = x340 - x53;
int x342 = 0b00011111111111111111111111111010;
int x343 = x342 + x46;
int x344 = x343 - x54;
long x345 = (M32 & x344) * x344;
int x346 = 0b10;
int x347 = x341 * x346;
long x348 = (M32 & x323) * x347;
int x349 = 0b10;
int x350 = x338 * x349;
long x351 = (M32 & x326) * x350;
int x352 = 0b10;
int x353 = x335 * x352;
long x354 = (M32 & x329) * x353;
int x355 = 0b10;
int x356 = x332 * x355;
long x357 = (M32 & x332) * x356;
int x358 = 0b10;
int x359 = x329 * x358;
long x360 = (M32 & x335) * x359;
int x361 = 0b10;
int x362 = x326 * x361;
long x363 = (M32 & x338) * x362;
int x364 = 0b10;
int x365 = x323 * x364;
long x366 = (M32 & x341) * x365;
long x367 = x363 + x366;
long x368 = x360 + x367;
long x369 = x357 + x368;
long x370 = x354 + x369;
long x371 = x351 + x370;
long x372 = x348 + x371;
int x373 = 0b11;
long x374 = x373 * x372;
long x375 = x345 + x374;
int x376 = 0b00011100;
long x377 = x375 >>> x376;
long x378 = (M32 & x341) * x344;
long x379 = (M32 & x344) * x341;
long x380 = x378 + x379;
int x381 = 0b10;
int x382 = x338 * x381;
long x383 = (M32 & x323) * x382;
long x384 = (M32 & x326) * x335;
int x385 = 0b10;
int x386 = x332 * x385;
long x387 = (M32 & x329) * x386;
int x388 = 0b10;
int x389 = x329 * x388;
long x390 = (M32 & x332) * x389;
long x391 = (M32 & x335) * x326;
int x392 = 0b10;
int x393 = x323 * x392;
long x394 = (M32 & x338) * x393;
long x395 = x391 + x394;
long x396 = x390 + x395;
long x397 = x387 + x396;
long x398 = x384 + x397;
long x399 = x383 + x398;
int x400 = 0b11;
long x401 = x400 * x399;
long x402 = x380 + x401;
long x403 = x377 + x402;
int x404 = 0b00011100;
long x405 = x403 >>> x404;
long x406 = (M32 & x338) * x344;
long x407 = (M32 & x341) * x341;
long x408 = (M32 & x344) * x338;
long x409 = x407 + x408;
long x410 = x406 + x409;
long x411 = (M32 & x323) * x335;
long x412 = (M32 & x326) * x332;
int x413 = 0b10;
int x414 = x329 * x413;
long x415 = (M32 & x329) * x414;
long x416 = (M32 & x332) * x326;
long x417 = (M32 & x335) * x323;
long x418 = x416 + x417;
long x419 = x415 + x418;
long x420 = x412 + x419;
long x421 = x411 + x420;
int x422 = 0b11;
long x423 = x422 * x421;
long x424 = x410 + x423;
long x425 = x405 + x424;
int x426 = 0b00011011;
long x427 = x425 >>> x426;
long x428 = (M32 & x335) * x344;
int x429 = 0b10;
int x430 = x341 * x429;
long x431 = (M32 & x338) * x430;
int x432 = 0b10;
int x433 = x338 * x432;
long x434 = (M32 & x341) * x433;
long x435 = (M32 & x344) * x335;
long x436 = x434 + x435;
long x437 = x431 + x436;
long x438 = x428 + x437;
int x439 = 0b10;
int x440 = x332 * x439;
long x441 = (M32 & x323) * x440;
int x442 = 0b10;
int x443 = x329 * x442;
long x444 = (M32 & x326) * x443;
int x445 = 0b10;
int x446 = x326 * x445;
long x447 = (M32 & x329) * x446;
int x448 = 0b10;
int x449 = x323 * x448;
long x450 = (M32 & x332) * x449;
long x451 = x447 + x450;
long x452 = x444 + x451;
long x453 = x441 + x452;
int x454 = 0b11;
long x455 = x454 * x453;
long x456 = x438 + x455;
long x457 = x427 + x456;
int x458 = 0b00011100;
long x459 = x457 >>> x458;
long x460 = (M32 & x332) * x344;
long x461 = (M32 & x335) * x341;
int x462 = 0b10;
int x463 = x338 * x462;
long x464 = (M32 & x338) * x463;
long x465 = (M32 & x341) * x335;
long x466 = (M32 & x344) * x332;
long x467 = x465 + x466;
long x468 = x464 + x467;
long x469 = x461 + x468;
long x470 = x460 + x469;
int x471 = 0b10;
int x472 = x329 * x471;
long x473 = (M32 & x323) * x472;
long x474 = (M32 & x326) * x326;
int x475 = 0b10;
int x476 = x323 * x475;
long x477 = (M32 & x329) * x476;
long x478 = x474 + x477;
long x479 = x473 + x478;
int x480 = 0b11;
long x481 = x480 * x479;
long x482 = x470 + x481;
long x483 = x459 + x482;
int x484 = 0b00011100;
long x485 = x483 >>> x484;
long x486 = (M32 & x329) * x344;
long x487 = (M32 & x332) * x341;
long x488 = (M32 & x335) * x338;
long x489 = (M32 & x338) * x335;
long x490 = (M32 & x341) * x332;
long x491 = (M32 & x344) * x329;
long x492 = x490 + x491;
long x493 = x489 + x492;
long x494 = x488 + x493;
long x495 = x487 + x494;
long x496 = x486 + x495;
long x497 = (M32 & x323) * x326;
long x498 = (M32 & x326) * x323;
long x499 = x497 + x498;
int x500 = 0b11;
long x501 = x500 * x499;
long x502 = x496 + x501;
long x503 = x485 + x502;
int x504 = 0b00011011;
long x505 = x503 >>> x504;
long x506 = (M32 & x326) * x344;
int x507 = 0b10;
int x508 = x341 * x507;
long x509 = (M32 & x329) * x508;
int x510 = 0b10;
int x511 = x338 * x510;
long x512 = (M32 & x332) * x511;
long x513 = (M32 & x335) * x335;
int x514 = 0b10;
int x515 = x332 * x514;
long x516 = (M32 & x338) * x515;
int x517 = 0b10;
int x518 = x329 * x517;
long x519 = (M32 & x341) * x518;
long x520 = (M32 & x344) * x326;
long x521 = x519 + x520;
long x522 = x516 + x521;
long x523 = x513 + x522;
long x524 = x512 + x523;
long x525 = x509 + x524;
long x526 = x506 + x525;
int x527 = 0b10;
int x528 = x323 * x527;
long x529 = (M32 & x323) * x528;
int x530 = 0b11;
long x531 = x530 * x529;
long x532 = x526 + x531;
long x533 = x505 + x532;
int x534 = 0b00011100;
long x535 = x533 >>> x534;
long x536 = (M32 & x323) * x344;
long x537 = (M32 & x326) * x341;
int x538 = 0b10;
int x539 = x338 * x538;
long x540 = (M32 & x329) * x539;
long x541 = (M32 & x332) * x335;
long x542 = (M32 & x335) * x332;
int x543 = 0b10;
int x544 = x329 * x543;
long x545 = (M32 & x338) * x544;
long x546 = (M32 & x341) * x326;
long x547 = (M32 & x344) * x323;
long x548 = x546 + x547;
long x549 = x545 + x548;
long x550 = x542 + x549;
long x551 = x541 + x550;
long x552 = x540 + x551;
long x553 = x537 + x552;
long x554 = x536 + x553;
long x555 = x535 + x554;
int x556 = 0b00011011;
long x557 = x555 >>> x556;
int x558 = 0b11;
long x559 = x558 * x557;
int x560 = 0b00001111111111111111111111111111;
int x561 = ((int) x375) & x560;
long x562 = x559 + x561;
int x563 = 0b00011100;
int x564 = (int) (x562 >>> x563);
int x565 = 0b00001111111111111111111111111111;
int x566 = ((int) x403) & x565;
int x567 = x564 + x566;
int x568 = 0b00000111111111111111111111111111;
int x569 = ((int) x555) & x568;
int x570 = 0b00001111111111111111111111111111;
int x571 = ((int) x533) & x570;
int x572 = 0b00000111111111111111111111111111;
int x573 = ((int) x503) & x572;
int x574 = 0b00001111111111111111111111111111;
int x575 = ((int) x483) & x574;
int x576 = 0b00001111111111111111111111111111;
int x577 = ((int) x457) & x576;
int x578 = 0b00011100;
int x579 = (int) (x567 >>> x578);
int x580 = 0b00000111111111111111111111111111;
int x581 = ((int) x425) & x580;
int x582 = x579 + x581;
int x583 = 0b00001111111111111111111111111111;
int x584 = x567 & x583;
int x585 = 0b00001111111111111111111111111111;
int x586 = ((int) x562) & x585;
int x587 = 0b00001111111111111111111111111110;
int x588 = x587 + x303;
int x589 = x588 - x569;
int x590 = 0b00011111111111111111111111111110;
int x591 = x590 + x305;
int x592 = x591 - x571;
int x593 = 0b00001111111111111111111111111110;
int x594 = x593 + x307;
int x595 = x594 - x573;
int x596 = 0b00011111111111111111111111111110;
int x597 = x596 + x309;
int x598 = x597 - x575;
int x599 = 0b00011111111111111111111111111110;
int x600 = x599 + x311;
int x601 = x600 - x577;
int x602 = 0b00001111111111111111111111111110;
int x603 = x602 + x316;
int x604 = x603 - x582;
int x605 = 0b00011111111111111111111111111110;
int x606 = x605 + x318;
int x607 = x606 - x584;
int x608 = 0b00011111111111111111111111111010;
int x609 = x608 + x320;
int x610 = x609 - x586;
int x611 = x55 + x63;
int x612 = x56 + x64;
int x613 = x57 + x65;
int x614 = x58 + x66;
int x615 = x59 + x67;
int x616 = x60 + x68;
int x617 = x61 + x69;
int x618 = x62 + x70;
int x619 = 0b00001111111111111111111111111110;
int x620 = x619 + x55;
int x621 = x620 - x63;
int x622 = 0b00011111111111111111111111111110;
int x623 = x622 + x56;
int x624 = x623 - x64;
int x625 = 0b00001111111111111111111111111110;
int x626 = x625 + x57;
int x627 = x626 - x65;
int x628 = 0b00011111111111111111111111111110;
int x629 = x628 + x58;
int x630 = x629 - x66;
int x631 = 0b00011111111111111111111111111110;
int x632 = x631 + x59;
int x633 = x632 - x67;
int x634 = 0b00001111111111111111111111111110;
int x635 = x634 + x60;
int x636 = x635 - x68;
int x637 = 0b00011111111111111111111111111110;
int x638 = x637 + x61;
int x639 = x638 - x69;
int x640 = 0b00011111111111111111111111111010;
int x641 = x640 + x62;
int x642 = x641 - x70;
long x643 = (M32 & x642) * x78;
int x644 = 0b10;
int x645 = x77 * x644;
long x646 = (M32 & x621) * x645;
int x647 = 0b10;
int x648 = x76 * x647;
long x649 = (M32 & x624) * x648;
int x650 = 0b10;
int x651 = x75 * x650;
long x652 = (M32 & x627) * x651;
int x653 = 0b10;
int x654 = x74 * x653;
long x655 = (M32 & x630) * x654;
int x656 = 0b10;
int x657 = x73 * x656;
long x658 = (M32 & x633) * x657;
int x659 = 0b10;
int x660 = x72 * x659;
long x661 = (M32 & x636) * x660;
int x662 = 0b10;
int x663 = x71 * x662;
long x664 = (M32 & x639) * x663;
long x665 = x661 + x664;
long x666 = x658 + x665;
long x667 = x655 + x666;
long x668 = x652 + x667;
long x669 = x649 + x668;
long x670 = x646 + x669;
int x671 = 0b11;
long x672 = x671 * x670;
long x673 = x643 + x672;
int x674 = 0b00011100;
long x675 = x673 >>> x674;
long x676 = (M32 & x639) * x78;
long x677 = (M32 & x642) * x77;
long x678 = x676 + x677;
int x679 = 0b10;
int x680 = x76 * x679;
long x681 = (M32 & x621) * x680;
long x682 = (M32 & x624) * x75;
int x683 = 0b10;
int x684 = x74 * x683;
long x685 = (M32 & x627) * x684;
int x686 = 0b10;
int x687 = x73 * x686;
long x688 = (M32 & x630) * x687;
long x689 = (M32 & x633) * x72;
int x690 = 0b10;
int x691 = x71 * x690;
long x692 = (M32 & x636) * x691;
long x693 = x689 + x692;
long x694 = x688 + x693;
long x695 = x685 + x694;
long x696 = x682 + x695;
long x697 = x681 + x696;
int x698 = 0b11;
long x699 = x698 * x697;
long x700 = x678 + x699;
long x701 = x675 + x700;
int x702 = 0b00011100;
long x703 = x701 >>> x702;
long x704 = (M32 & x636) * x78;
long x705 = (M32 & x639) * x77;
long x706 = (M32 & x642) * x76;
long x707 = x705 + x706;
long x708 = x704 + x707;
long x709 = (M32 & x621) * x75;
long x710 = (M32 & x624) * x74;
int x711 = 0b10;
int x712 = x73 * x711;
long x713 = (M32 & x627) * x712;
long x714 = (M32 & x630) * x72;
long x715 = (M32 & x633) * x71;
long x716 = x714 + x715;
long x717 = x713 + x716;
long x718 = x710 + x717;
long x719 = x709 + x718;
int x720 = 0b11;
long x721 = x720 * x719;
long x722 = x708 + x721;
long x723 = x703 + x722;
int x724 = 0b00011011;
long x725 = x723 >>> x724;
long x726 = (M32 & x633) * x78;
int x727 = 0b10;
int x728 = x77 * x727;
long x729 = (M32 & x636) * x728;
int x730 = 0b10;
int x731 = x76 * x730;
long x732 = (M32 & x639) * x731;
long x733 = (M32 & x642) * x75;
long x734 = x732 + x733;
long x735 = x729 + x734;
long x736 = x726 + x735;
int x737 = 0b10;
int x738 = x74 * x737;
long x739 = (M32 & x621) * x738;
int x740 = 0b10;
int x741 = x73 * x740;
long x742 = (M32 & x624) * x741;
int x743 = 0b10;
int x744 = x72 * x743;
long x745 = (M32 & x627) * x744;
int x746 = 0b10;
int x747 = x71 * x746;
long x748 = (M32 & x630) * x747;
long x749 = x745 + x748;
long x750 = x742 + x749;
long x751 = x739 + x750;
int x752 = 0b11;
long x753 = x752 * x751;
long x754 = x736 + x753;
long x755 = x725 + x754;
int x756 = 0b00011100;
long x757 = x755 >>> x756;
long x758 = (M32 & x630) * x78;
long x759 = (M32 & x633) * x77;
int x760 = 0b10;
int x761 = x76 * x760;
long x762 = (M32 & x636) * x761;
long x763 = (M32 & x639) * x75;
long x764 = (M32 & x642) * x74;
long x765 = x763 + x764;
long x766 = x762 + x765;
long x767 = x759 + x766;
long x768 = x758 + x767;
int x769 = 0b10;
int x770 = x73 * x769;
long x771 = (M32 & x621) * x770;
long x772 = (M32 & x624) * x72;
int x773 = 0b10;
int x774 = x71 * x773;
long x775 = (M32 & x627) * x774;
long x776 = x772 + x775;
long x777 = x771 + x776;
int x778 = 0b11;
long x779 = x778 * x777;
long x780 = x768 + x779;
long x781 = x757 + x780;
int x782 = 0b00011100;
long x783 = x781 >>> x782;
long x784 = (M32 & x627) * x78;
long x785 = (M32 & x630) * x77;
long x786 = (M32 & x633) * x76;
long x787 = (M32 & x636) * x75;
long x788 = (M32 & x639) * x74;
long x789 = (M32 & x642) * x73;
long x790 = x788 + x789;
long x791 = x787 + x790;
long x792 = x786 + x791;
long x793 = x785 + x792;
long x794 = x784 + x793;
long x795 = (M32 & x621) * x72;
long x796 = (M32 & x624) * x71;
long x797 = x795 + x796;
int x798 = 0b11;
long x799 = x798 * x797;
long x800 = x794 + x799;
long x801 = x783 + x800;
int x802 = 0b00011011;
long x803 = x801 >>> x802;
long x804 = (M32 & x624) * x78;
int x805 = 0b10;
int x806 = x77 * x805;
long x807 = (M32 & x627) * x806;
int x808 = 0b10;
int x809 = x76 * x808;
long x810 = (M32 & x630) * x809;
long x811 = (M32 & x633) * x75;
int x812 = 0b10;
int x813 = x74 * x812;
long x814 = (M32 & x636) * x813;
int x815 = 0b10;
int x816 = x73 * x815;
long x817 = (M32 & x639) * x816;
long x818 = (M32 & x642) * x72;
long x819 = x817 + x818;
long x820 = x814 + x819;
long x821 = x811 + x820;
long x822 = x810 + x821;
long x823 = x807 + x822;
long x824 = x804 + x823;
int x825 = 0b10;
int x826 = x71 * x825;
long x827 = (M32 & x621) * x826;
int x828 = 0b11;
long x829 = x828 * x827;
long x830 = x824 + x829;
long x831 = x803 + x830;
int x832 = 0b00011100;
long x833 = x831 >>> x832;
long x834 = (M32 & x621) * x78;
long x835 = (M32 & x624) * x77;
int x836 = 0b10;
int x837 = x76 * x836;
long x838 = (M32 & x627) * x837;
long x839 = (M32 & x630) * x75;
long x840 = (M32 & x633) * x74;
int x841 = 0b10;
int x842 = x73 * x841;
long x843 = (M32 & x636) * x842;
long x844 = (M32 & x639) * x72;
long x845 = (M32 & x642) * x71;
long x846 = x844 + x845;
long x847 = x843 + x846;
long x848 = x840 + x847;
long x849 = x839 + x848;
long x850 = x838 + x849;
long x851 = x835 + x850;
long x852 = x834 + x851;
long x853 = x833 + x852;
int x854 = 0b00011011;
long x855 = x853 >>> x854;
int x856 = 0b11;
long x857 = x856 * x855;
int x858 = 0b00001111111111111111111111111111;
int x859 = ((int) x673) & x858;
long x860 = x857 + x859;
int x861 = 0b00011100;
int x862 = (int) (x860 >>> x861);
int x863 = 0b00001111111111111111111111111111;
int x864 = ((int) x701) & x863;
int x865 = x862 + x864;
int x866 = 0b00000111111111111111111111111111;
int x867 = ((int) x853) & x866;
int x868 = 0b00001111111111111111111111111111;
int x869 = ((int) x831) & x868;
int x870 = 0b00000111111111111111111111111111;
int x871 = ((int) x801) & x870;
int x872 = 0b00001111111111111111111111111111;
int x873 = ((int) x781) & x872;
int x874 = 0b00001111111111111111111111111111;
int x875 = ((int) x755) & x874;
int x876 = 0b00011100;
int x877 = (int) (x865 >>> x876);
int x878 = 0b00000111111111111111111111111111;
int x879 = ((int) x723) & x878;
int x880 = x877 + x879;
int x881 = 0b00001111111111111111111111111111;
int x882 = x865 & x881;
int x883 = 0b00001111111111111111111111111111;
int x884 = ((int) x860) & x883;
long x885 = (M32 & x618) * x344;
int x886 = 0b10;
int x887 = x341 * x886;
long x888 = (M32 & x611) * x887;
int x889 = 0b10;
int x890 = x338 * x889;
long x891 = (M32 & x612) * x890;
int x892 = 0b10;
int x893 = x335 * x892;
long x894 = (M32 & x613) * x893;
int x895 = 0b10;
int x896 = x332 * x895;
long x897 = (M32 & x614) * x896;
int x898 = 0b10;
int x899 = x329 * x898;
long x900 = (M32 & x615) * x899;
int x901 = 0b10;
int x902 = x326 * x901;
long x903 = (M32 & x616) * x902;
int x904 = 0b10;
int x905 = x323 * x904;
long x906 = (M32 & x617) * x905;
long x907 = x903 + x906;
long x908 = x900 + x907;
long x909 = x897 + x908;
long x910 = x894 + x909;
long x911 = x891 + x910;
long x912 = x888 + x911;
int x913 = 0b11;
long x914 = x913 * x912;
long x915 = x885 + x914;
int x916 = 0b00011100;
long x917 = x915 >>> x916;
long x918 = (M32 & x617) * x344;
long x919 = (M32 & x618) * x341;
long x920 = x918 + x919;
int x921 = 0b10;
int x922 = x338 * x921;
long x923 = (M32 & x611) * x922;
long x924 = (M32 & x612) * x335;
int x925 = 0b10;
int x926 = x332 * x925;
long x927 = (M32 & x613) * x926;
int x928 = 0b10;
int x929 = x329 * x928;
long x930 = (M32 & x614) * x929;
long x931 = (M32 & x615) * x326;
int x932 = 0b10;
int x933 = x323 * x932;
long x934 = (M32 & x616) * x933;
long x935 = x931 + x934;
long x936 = x930 + x935;
long x937 = x927 + x936;
long x938 = x924 + x937;
long x939 = x923 + x938;
int x940 = 0b11;
long x941 = x940 * x939;
long x942 = x920 + x941;
long x943 = x917 + x942;
int x944 = 0b00011100;
long x945 = x943 >>> x944;
long x946 = (M32 & x616) * x344;
long x947 = (M32 & x617) * x341;
long x948 = (M32 & x618) * x338;
long x949 = x947 + x948;
long x950 = x946 + x949;
long x951 = (M32 & x611) * x335;
long x952 = (M32 & x612) * x332;
int x953 = 0b10;
int x954 = x329 * x953;
long x955 = (M32 & x613) * x954;
long x956 = (M32 & x614) * x326;
long x957 = (M32 & x615) * x323;
long x958 = x956 + x957;
long x959 = x955 + x958;
long x960 = x952 + x959;
long x961 = x951 + x960;
int x962 = 0b11;
long x963 = x962 * x961;
long x964 = x950 + x963;
long x965 = x945 + x964;
int x966 = 0b00011011;
long x967 = x965 >>> x966;
long x968 = (M32 & x615) * x344;
int x969 = 0b10;
int x970 = x341 * x969;
long x971 = (M32 & x616) * x970;
int x972 = 0b10;
int x973 = x338 * x972;
long x974 = (M32 & x617) * x973;
long x975 = (M32 & x618) * x335;
long x976 = x974 + x975;
long x977 = x971 + x976;
long x978 = x968 + x977;
int x979 = 0b10;
int x980 = x332 * x979;
long x981 = (M32 & x611) * x980;
int x982 = 0b10;
int x983 = x329 * x982;
long x984 = (M32 & x612) * x983;
int x985 = 0b10;
int x986 = x326 * x985;
long x987 = (M32 & x613) * x986;
int x988 = 0b10;
int x989 = x323 * x988;
long x990 = (M32 & x614) * x989;
long x991 = x987 + x990;
long x992 = x984 + x991;
long x993 = x981 + x992;
int x994 = 0b11;
long x995 = x994 * x993;
long x996 = x978 + x995;
long x997 = x967 + x996;
int x998 = 0b00011100;
long x999 = x997 >>> x998;
long x1000 = (M32 & x614) * x344;
long x1001 = (M32 & x615) * x341;
int x1002 = 0b10;
int x1003 = x338 * x1002;
long x1004 = (M32 & x616) * x1003;
long x1005 = (M32 & x617) * x335;
long x1006 = (M32 & x618) * x332;
long x1007 = x1005 + x1006;
long x1008 = x1004 + x1007;
long x1009 = x1001 + x1008;
long x1010 = x1000 + x1009;
int x1011 = 0b10;
int x1012 = x329 * x1011;
long x1013 = (M32 & x611) * x1012;
long x1014 = (M32 & x612) * x326;
int x1015 = 0b10;
int x1016 = x323 * x1015;
long x1017 = (M32 & x613) * x1016;
long x1018 = x1014 + x1017;
long x1019 = x1013 + x1018;
int x1020 = 0b11;
long x1021 = x1020 * x1019;
long x1022 = x1010 + x1021;
long x1023 = x999 + x1022;
int x1024 = 0b00011100;
long x1025 = x1023 >>> x1024;
long x1026 = (M32 & x613) * x344;
long x1027 = (M32 & x614) * x341;
long x1028 = (M32 & x615) * x338;
long x1029 = (M32 & x616) * x335;
long x1030 = (M32 & x617) * x332;
long x1031 = (M32 & x618) * x329;
long x1032 = x1030 + x1031;
long x1033 = x1029 + x1032;
long x1034 = x1028 + x1033;
long x1035 = x1027 + x1034;
long x1036 = x1026 + x1035;
long x1037 = (M32 & x611) * x326;
long x1038 = (M32 & x612) * x323;
long x1039 = x1037 + x1038;
int x1040 = 0b11;
long x1041 = x1040 * x1039;
long x1042 = x1036 + x1041;
long x1043 = x1025 + x1042;
int x1044 = 0b00011011;
long x1045 = x1043 >>> x1044;
long x1046 = (M32 & x612) * x344;
int x1047 = 0b10;
int x1048 = x341 * x1047;
long x1049 = (M32 & x613) * x1048;
int x1050 = 0b10;
int x1051 = x338 * x1050;
long x1052 = (M32 & x614) * x1051;
long x1053 = (M32 & x615) * x335;
int x1054 = 0b10;
int x1055 = x332 * x1054;
long x1056 = (M32 & x616) * x1055;
int x1057 = 0b10;
int x1058 = x329 * x1057;
long x1059 = (M32 & x617) * x1058;
long x1060 = (M32 & x618) * x326;
long x1061 = x1059 + x1060;
long x1062 = x1056 + x1061;
long x1063 = x1053 + x1062;
long x1064 = x1052 + x1063;
long x1065 = x1049 + x1064;
long x1066 = x1046 + x1065;
int x1067 = 0b10;
int x1068 = x323 * x1067;
long x1069 = (M32 & x611) * x1068;
int x1070 = 0b11;
long x1071 = x1070 * x1069;
long x1072 = x1066 + x1071;
long x1073 = x1045 + x1072;
int x1074 = 0b00011100;
long x1075 = x1073 >>> x1074;
long x1076 = (M32 & x611) * x344;
long x1077 = (M32 & x612) * x341;
int x1078 = 0b10;
int x1079 = x338 * x1078;
long x1080 = (M32 & x613) * x1079;
long x1081 = (M32 & x614) * x335;
long x1082 = (M32 & x615) * x332;
int x1083 = 0b10;
int x1084 = x329 * x1083;
long x1085 = (M32 & x616) * x1084;
long x1086 = (M32 & x617) * x326;
long x1087 = (M32 & x618) * x323;
long x1088 = x1086 + x1087;
long x1089 = x1085 + x1088;
long x1090 = x1082 + x1089;
long x1091 = x1081 + x1090;
long x1092 = x1080 + x1091;
long x1093 = x1077 + x1092;
long x1094 = x1076 + x1093;
long x1095 = x1075 + x1094;
int x1096 = 0b00011011;
long x1097 = x1095 >>> x1096;
int x1098 = 0b11;
long x1099 = x1098 * x1097;
int x1100 = 0b00001111111111111111111111111111;
int x1101 = ((int) x915) & x1100;
long x1102 = x1099 + x1101;
int x1103 = 0b00011100;
int x1104 = (int) (x1102 >>> x1103);
int x1105 = 0b00001111111111111111111111111111;
int x1106 = ((int) x943) & x1105;
int x1107 = x1104 + x1106;
int x1108 = 0b00000111111111111111111111111111;
int x1109 = ((int) x1095) & x1108;
int x1110 = 0b00001111111111111111111111111111;
int x1111 = ((int) x1073) & x1110;
int x1112 = 0b00000111111111111111111111111111;
int x1113 = ((int) x1043) & x1112;
int x1114 = 0b00001111111111111111111111111111;
int x1115 = ((int) x1023) & x1114;
int x1116 = 0b00001111111111111111111111111111;
int x1117 = ((int) x997) & x1116;
int x1118 = 0b00011100;
int x1119 = (int) (x1107 >>> x1118);
int x1120 = 0b00000111111111111111111111111111;
int x1121 = ((int) x965) & x1120;
int x1122 = x1119 + x1121;
int x1123 = 0b00001111111111111111111111111111;
int x1124 = x1107 & x1123;
int x1125 = 0b00001111111111111111111111111111;
int x1126 = ((int) x1102) & x1125;
int x1127 = x867 + x1109;
int x1128 = x869 + x1111;
int x1129 = x871 + x1113;
int x1130 = x873 + x1115;
int x1131 = x875 + x1117;
int x1132 = x880 + x1122;
int x1133 = x882 + x1124;
int x1134 = x884 + x1126;
int x1135 = x867 + x1109;
int x1136 = x869 + x1111;
int x1137 = x871 + x1113;
int x1138 = x873 + x1115;
int x1139 = x875 + x1117;
int x1140 = x880 + x1122;
int x1141 = x882 + x1124;
int x1142 = x884 + x1126;
long x1143 = (M32 & x1134) * x1142;
int x1144 = 0b10;
int x1145 = x1141 * x1144;
long x1146 = (M32 & x1127) * x1145;
int x1147 = 0b10;
int x1148 = x1140 * x1147;
long x1149 = (M32 & x1128) * x1148;
int x1150 = 0b10;
int x1151 = x1139 * x1150;
long x1152 = (M32 & x1129) * x1151;
int x1153 = 0b10;
int x1154 = x1138 * x1153;
long x1155 = (M32 & x1130) * x1154;
int x1156 = 0b10;
int x1157 = x1137 * x1156;
long x1158 = (M32 & x1131) * x1157;
int x1159 = 0b10;
int x1160 = x1136 * x1159;
long x1161 = (M32 & x1132) * x1160;
int x1162 = 0b10;
int x1163 = x1135 * x1162;
long x1164 = (M32 & x1133) * x1163;
long x1165 = x1161 + x1164;
long x1166 = x1158 + x1165;
long x1167 = x1155 + x1166;
long x1168 = x1152 + x1167;
long x1169 = x1149 + x1168;
long x1170 = x1146 + x1169;
int x1171 = 0b11;
long x1172 = x1171 * x1170;
long x1173 = x1143 + x1172;
int x1174 = 0b00011100;
long x1175 = x1173 >>> x1174;
long x1176 = (M32 & x1133) * x1142;
long x1177 = (M32 & x1134) * x1141;
long x1178 = x1176 + x1177;
int x1179 = 0b10;
int x1180 = x1140 * x1179;
long x1181 = (M32 & x1127) * x1180;
long x1182 = (M32 & x1128) * x1139;
int x1183 = 0b10;
int x1184 = x1138 * x1183;
long x1185 = (M32 & x1129) * x1184;
int x1186 = 0b10;
int x1187 = x1137 * x1186;
long x1188 = (M32 & x1130) * x1187;
long x1189 = (M32 & x1131) * x1136;
int x1190 = 0b10;
int x1191 = x1135 * x1190;
long x1192 = (M32 & x1132) * x1191;
long x1193 = x1189 + x1192;
long x1194 = x1188 + x1193;
long x1195 = x1185 + x1194;
long x1196 = x1182 + x1195;
long x1197 = x1181 + x1196;
int x1198 = 0b11;
long x1199 = x1198 * x1197;
long x1200 = x1178 + x1199;
long x1201 = x1175 + x1200;
int x1202 = 0b00011100;
long x1203 = x1201 >>> x1202;
long x1204 = (M32 & x1132) * x1142;
long x1205 = (M32 & x1133) * x1141;
long x1206 = (M32 & x1134) * x1140;
long x1207 = x1205 + x1206;
long x1208 = x1204 + x1207;
long x1209 = (M32 & x1127) * x1139;
long x1210 = (M32 & x1128) * x1138;
int x1211 = 0b10;
int x1212 = x1137 * x1211;
long x1213 = (M32 & x1129) * x1212;
long x1214 = (M32 & x1130) * x1136;
long x1215 = (M32 & x1131) * x1135;
long x1216 = x1214 + x1215;
long x1217 = x1213 + x1216;
long x1218 = x1210 + x1217;
long x1219 = x1209 + x1218;
int x1220 = 0b11;
long x1221 = x1220 * x1219;
long x1222 = x1208 + x1221;
long x1223 = x1203 + x1222;
int x1224 = 0b00011011;
long x1225 = x1223 >>> x1224;
long x1226 = (M32 & x1131) * x1142;
int x1227 = 0b10;
int x1228 = x1141 * x1227;
long x1229 = (M32 & x1132) * x1228;
int x1230 = 0b10;
int x1231 = x1140 * x1230;
long x1232 = (M32 & x1133) * x1231;
long x1233 = (M32 & x1134) * x1139;
long x1234 = x1232 + x1233;
long x1235 = x1229 + x1234;
long x1236 = x1226 + x1235;
int x1237 = 0b10;
int x1238 = x1138 * x1237;
long x1239 = (M32 & x1127) * x1238;
int x1240 = 0b10;
int x1241 = x1137 * x1240;
long x1242 = (M32 & x1128) * x1241;
int x1243 = 0b10;
int x1244 = x1136 * x1243;
long x1245 = (M32 & x1129) * x1244;
int x1246 = 0b10;
int x1247 = x1135 * x1246;
long x1248 = (M32 & x1130) * x1247;
long x1249 = x1245 + x1248;
long x1250 = x1242 + x1249;
long x1251 = x1239 + x1250;
int x1252 = 0b11;
long x1253 = x1252 * x1251;
long x1254 = x1236 + x1253;
long x1255 = x1225 + x1254;
int x1256 = 0b00011100;
long x1257 = x1255 >>> x1256;
long x1258 = (M32 & x1130) * x1142;
long x1259 = (M32 & x1131) * x1141;
int x1260 = 0b10;
int x1261 = x1140 * x1260;
long x1262 = (M32 & x1132) * x1261;
long x1263 = (M32 & x1133) * x1139;
long x1264 = (M32 & x1134) * x1138;
long x1265 = x1263 + x1264;
long x1266 = x1262 + x1265;
long x1267 = x1259 + x1266;
long x1268 = x1258 + x1267;
int x1269 = 0b10;
int x1270 = x1137 * x1269;
long x1271 = (M32 & x1127) * x1270;
long x1272 = (M32 & x1128) * x1136;
int x1273 = 0b10;
int x1274 = x1135 * x1273;
long x1275 = (M32 & x1129) * x1274;
long x1276 = x1272 + x1275;
long x1277 = x1271 + x1276;
int x1278 = 0b11;
long x1279 = x1278 * x1277;
long x1280 = x1268 + x1279;
long x1281 = x1257 + x1280;
int x1282 = 0b00011100;
long x1283 = x1281 >>> x1282;
long x1284 = (M32 & x1129) * x1142;
long x1285 = (M32 & x1130) * x1141;
long x1286 = (M32 & x1131) * x1140;
long x1287 = (M32 & x1132) * x1139;
long x1288 = (M32 & x1133) * x1138;
long x1289 = (M32 & x1134) * x1137;
long x1290 = x1288 + x1289;
long x1291 = x1287 + x1290;
long x1292 = x1286 + x1291;
long x1293 = x1285 + x1292;
long x1294 = x1284 + x1293;
long x1295 = (M32 & x1127) * x1136;
long x1296 = (M32 & x1128) * x1135;
long x1297 = x1295 + x1296;
int x1298 = 0b11;
long x1299 = x1298 * x1297;
long x1300 = x1294 + x1299;
long x1301 = x1283 + x1300;
int x1302 = 0b00011011;
long x1303 = x1301 >>> x1302;
long x1304 = (M32 & x1128) * x1142;
int x1305 = 0b10;
int x1306 = x1141 * x1305;
long x1307 = (M32 & x1129) * x1306;
int x1308 = 0b10;
int x1309 = x1140 * x1308;
long x1310 = (M32 & x1130) * x1309;
long x1311 = (M32 & x1131) * x1139;
int x1312 = 0b10;
int x1313 = x1138 * x1312;
long x1314 = (M32 & x1132) * x1313;
int x1315 = 0b10;
int x1316 = x1137 * x1315;
long x1317 = (M32 & x1133) * x1316;
long x1318 = (M32 & x1134) * x1136;
long x1319 = x1317 + x1318;
long x1320 = x1314 + x1319;
long x1321 = x1311 + x1320;
long x1322 = x1310 + x1321;
long x1323 = x1307 + x1322;
long x1324 = x1304 + x1323;
int x1325 = 0b10;
int x1326 = x1135 * x1325;
long x1327 = (M32 & x1127) * x1326;
int x1328 = 0b11;
long x1329 = x1328 * x1327;
long x1330 = x1324 + x1329;
long x1331 = x1303 + x1330;
int x1332 = 0b00011100;
long x1333 = x1331 >>> x1332;
long x1334 = (M32 & x1127) * x1142;
long x1335 = (M32 & x1128) * x1141;
int x1336 = 0b10;
int x1337 = x1140 * x1336;
long x1338 = (M32 & x1129) * x1337;
long x1339 = (M32 & x1130) * x1139;
long x1340 = (M32 & x1131) * x1138;
int x1341 = 0b10;
int x1342 = x1137 * x1341;
long x1343 = (M32 & x1132) * x1342;
long x1344 = (M32 & x1133) * x1136;
long x1345 = (M32 & x1134) * x1135;
long x1346 = x1344 + x1345;
long x1347 = x1343 + x1346;
long x1348 = x1340 + x1347;
long x1349 = x1339 + x1348;
long x1350 = x1338 + x1349;
long x1351 = x1335 + x1350;
long x1352 = x1334 + x1351;
long x1353 = x1333 + x1352;
int x1354 = 0b00011011;
long x1355 = x1353 >>> x1354;
int x1356 = 0b11;
long x1357 = x1356 * x1355;
int x1358 = 0b00001111111111111111111111111111;
int x1359 = ((int) x1173) & x1358;
long x1360 = x1357 + x1359;
int x1361 = 0b00011100;
int x1362 = (int) (x1360 >>> x1361);
int x1363 = 0b00001111111111111111111111111111;
int x1364 = ((int) x1201) & x1363;
int x1365 = x1362 + x1364;
int x1366 = 0b00000111111111111111111111111111;
int x1367 = ((int) x1353) & x1366;
int x1368 = 0b00001111111111111111111111111111;
int x1369 = ((int) x1331) & x1368;
int x1370 = 0b00000111111111111111111111111111;
int x1371 = ((int) x1301) & x1370;
int x1372 = 0b00001111111111111111111111111111;
int x1373 = ((int) x1281) & x1372;
int x1374 = 0b00001111111111111111111111111111;
int x1375 = ((int) x1255) & x1374;
int x1376 = 0b00011100;
int x1377 = (int) (x1365 >>> x1376);
int x1378 = 0b00000111111111111111111111111111;
int x1379 = ((int) x1223) & x1378;
int x1380 = x1377 + x1379;
int x1381 = 0b00001111111111111111111111111111;
int x1382 = x1365 & x1381;
int x1383 = 0b00001111111111111111111111111111;
int x1384 = ((int) x1360) & x1383;
int x1385 = 0b00001111111111111111111111111110;
int x1386 = x1385 + x867;
int x1387 = x1386 - x1109;
int x1388 = 0b00011111111111111111111111111110;
int x1389 = x1388 + x869;
int x1390 = x1389 - x1111;
int x1391 = 0b00001111111111111111111111111110;
int x1392 = x1391 + x871;
int x1393 = x1392 - x1113;
int x1394 = 0b00011111111111111111111111111110;
int x1395 = x1394 + x873;
int x1396 = x1395 - x1115;
int x1397 = 0b00011111111111111111111111111110;
int x1398 = x1397 + x875;
int x1399 = x1398 - x1117;
int x1400 = 0b00001111111111111111111111111110;
int x1401 = x1400 + x880;
int x1402 = x1401 - x1122;
int x1403 = 0b00011111111111111111111111111110;
int x1404 = x1403 + x882;
int x1405 = x1404 - x1124;
int x1406 = 0b00011111111111111111111111111010;
int x1407 = x1406 + x884;
int x1408 = x1407 - x1126;
int x1409 = 0b00001111111111111111111111111110;
int x1410 = x1409 + x867;
int x1411 = x1410 - x1109;
int x1412 = 0b00011111111111111111111111111110;
int x1413 = x1412 + x869;
int x1414 = x1413 - x1111;
int x1415 = 0b00001111111111111111111111111110;
int x1416 = x1415 + x871;
int x1417 = x1416 - x1113;
int x1418 = 0b00011111111111111111111111111110;
int x1419 = x1418 + x873;
int x1420 = x1419 - x1115;
int x1421 = 0b00011111111111111111111111111110;
int x1422 = x1421 + x875;
int x1423 = x1422 - x1117;
int x1424 = 0b00001111111111111111111111111110;
int x1425 = x1424 + x880;
int x1426 = x1425 - x1122;
int x1427 = 0b00011111111111111111111111111110;
int x1428 = x1427 + x882;
int x1429 = x1428 - x1124;
int x1430 = 0b00011111111111111111111111111010;
int x1431 = x1430 + x884;
int x1432 = x1431 - x1126;
long x1433 = (M32 & x1408) * x1432;
int x1434 = 0b10;
int x1435 = x1429 * x1434;
long x1436 = (M32 & x1387) * x1435;
int x1437 = 0b10;
int x1438 = x1426 * x1437;
long x1439 = (M32 & x1390) * x1438;
int x1440 = 0b10;
int x1441 = x1423 * x1440;
long x1442 = (M32 & x1393) * x1441;
int x1443 = 0b10;
int x1444 = x1420 * x1443;
long x1445 = (M32 & x1396) * x1444;
int x1446 = 0b10;
int x1447 = x1417 * x1446;
long x1448 = (M32 & x1399) * x1447;
int x1449 = 0b10;
int x1450 = x1414 * x1449;
long x1451 = (M32 & x1402) * x1450;
int x1452 = 0b10;
int x1453 = x1411 * x1452;
long x1454 = (M32 & x1405) * x1453;
long x1455 = x1451 + x1454;
long x1456 = x1448 + x1455;
long x1457 = x1445 + x1456;
long x1458 = x1442 + x1457;
long x1459 = x1439 + x1458;
long x1460 = x1436 + x1459;
int x1461 = 0b11;
long x1462 = x1461 * x1460;
long x1463 = x1433 + x1462;
int x1464 = 0b00011100;
long x1465 = x1463 >>> x1464;
long x1466 = (M32 & x1405) * x1432;
long x1467 = (M32 & x1408) * x1429;
long x1468 = x1466 + x1467;
int x1469 = 0b10;
int x1470 = x1426 * x1469;
long x1471 = (M32 & x1387) * x1470;
long x1472 = (M32 & x1390) * x1423;
int x1473 = 0b10;
int x1474 = x1420 * x1473;
long x1475 = (M32 & x1393) * x1474;
int x1476 = 0b10;
int x1477 = x1417 * x1476;
long x1478 = (M32 & x1396) * x1477;
long x1479 = (M32 & x1399) * x1414;
int x1480 = 0b10;
int x1481 = x1411 * x1480;
long x1482 = (M32 & x1402) * x1481;
long x1483 = x1479 + x1482;
long x1484 = x1478 + x1483;
long x1485 = x1475 + x1484;
long x1486 = x1472 + x1485;
long x1487 = x1471 + x1486;
int x1488 = 0b11;
long x1489 = x1488 * x1487;
long x1490 = x1468 + x1489;
long x1491 = x1465 + x1490;
int x1492 = 0b00011100;
long x1493 = x1491 >>> x1492;
long x1494 = (M32 & x1402) * x1432;
long x1495 = (M32 & x1405) * x1429;
long x1496 = (M32 & x1408) * x1426;
long x1497 = x1495 + x1496;
long x1498 = x1494 + x1497;
long x1499 = (M32 & x1387) * x1423;
long x1500 = (M32 & x1390) * x1420;
int x1501 = 0b10;
int x1502 = x1417 * x1501;
long x1503 = (M32 & x1393) * x1502;
long x1504 = (M32 & x1396) * x1414;
long x1505 = (M32 & x1399) * x1411;
long x1506 = x1504 + x1505;
long x1507 = x1503 + x1506;
long x1508 = x1500 + x1507;
long x1509 = x1499 + x1508;
int x1510 = 0b11;
long x1511 = x1510 * x1509;
long x1512 = x1498 + x1511;
long x1513 = x1493 + x1512;
int x1514 = 0b00011011;
long x1515 = x1513 >>> x1514;
long x1516 = (M32 & x1399) * x1432;
int x1517 = 0b10;
int x1518 = x1429 * x1517;
long x1519 = (M32 & x1402) * x1518;
int x1520 = 0b10;
int x1521 = x1426 * x1520;
long x1522 = (M32 & x1405) * x1521;
long x1523 = (M32 & x1408) * x1423;
long x1524 = x1522 + x1523;
long x1525 = x1519 + x1524;
long x1526 = x1516 + x1525;
int x1527 = 0b10;
int x1528 = x1420 * x1527;
long x1529 = (M32 & x1387) * x1528;
int x1530 = 0b10;
int x1531 = x1417 * x1530;
long x1532 = (M32 & x1390) * x1531;
int x1533 = 0b10;
int x1534 = x1414 * x1533;
long x1535 = (M32 & x1393) * x1534;
int x1536 = 0b10;
int x1537 = x1411 * x1536;
long x1538 = (M32 & x1396) * x1537;
long x1539 = x1535 + x1538;
long x1540 = x1532 + x1539;
long x1541 = x1529 + x1540;
int x1542 = 0b11;
long x1543 = x1542 * x1541;
long x1544 = x1526 + x1543;
long x1545 = x1515 + x1544;
int x1546 = 0b00011100;
long x1547 = x1545 >>> x1546;
long x1548 = (M32 & x1396) * x1432;
long x1549 = (M32 & x1399) * x1429;
int x1550 = 0b10;
int x1551 = x1426 * x1550;
long x1552 = (M32 & x1402) * x1551;
long x1553 = (M32 & x1405) * x1423;
long x1554 = (M32 & x1408) * x1420;
long x1555 = x1553 + x1554;
long x1556 = x1552 + x1555;
long x1557 = x1549 + x1556;
long x1558 = x1548 + x1557;
int x1559 = 0b10;
int x1560 = x1417 * x1559;
long x1561 = (M32 & x1387) * x1560;
long x1562 = (M32 & x1390) * x1414;
int x1563 = 0b10;
int x1564 = x1411 * x1563;
long x1565 = (M32 & x1393) * x1564;
long x1566 = x1562 + x1565;
long x1567 = x1561 + x1566;
int x1568 = 0b11;
long x1569 = x1568 * x1567;
long x1570 = x1558 + x1569;
long x1571 = x1547 + x1570;
int x1572 = 0b00011100;
long x1573 = x1571 >>> x1572;
long x1574 = (M32 & x1393) * x1432;
long x1575 = (M32 & x1396) * x1429;
long x1576 = (M32 & x1399) * x1426;
long x1577 = (M32 & x1402) * x1423;
long x1578 = (M32 & x1405) * x1420;
long x1579 = (M32 & x1408) * x1417;
long x1580 = x1578 + x1579;
long x1581 = x1577 + x1580;
long x1582 = x1576 + x1581;
long x1583 = x1575 + x1582;
long x1584 = x1574 + x1583;
long x1585 = (M32 & x1387) * x1414;
long x1586 = (M32 & x1390) * x1411;
long x1587 = x1585 + x1586;
int x1588 = 0b11;
long x1589 = x1588 * x1587;
long x1590 = x1584 + x1589;
long x1591 = x1573 + x1590;
int x1592 = 0b00011011;
long x1593 = x1591 >>> x1592;
long x1594 = (M32 & x1390) * x1432;
int x1595 = 0b10;
int x1596 = x1429 * x1595;
long x1597 = (M32 & x1393) * x1596;
int x1598 = 0b10;
int x1599 = x1426 * x1598;
long x1600 = (M32 & x1396) * x1599;
long x1601 = (M32 & x1399) * x1423;
int x1602 = 0b10;
int x1603 = x1420 * x1602;
long x1604 = (M32 & x1402) * x1603;
int x1605 = 0b10;
int x1606 = x1417 * x1605;
long x1607 = (M32 & x1405) * x1606;
long x1608 = (M32 & x1408) * x1414;
long x1609 = x1607 + x1608;
long x1610 = x1604 + x1609;
long x1611 = x1601 + x1610;
long x1612 = x1600 + x1611;
long x1613 = x1597 + x1612;
long x1614 = x1594 + x1613;
int x1615 = 0b10;
int x1616 = x1411 * x1615;
long x1617 = (M32 & x1387) * x1616;
int x1618 = 0b11;
long x1619 = x1618 * x1617;
long x1620 = x1614 + x1619;
long x1621 = x1593 + x1620;
int x1622 = 0b00011100;
long x1623 = x1621 >>> x1622;
long x1624 = (M32 & x1387) * x1432;
long x1625 = (M32 & x1390) * x1429;
int x1626 = 0b10;
int x1627 = x1426 * x1626;
long x1628 = (M32 & x1393) * x1627;
long x1629 = (M32 & x1396) * x1423;
long x1630 = (M32 & x1399) * x1420;
int x1631 = 0b10;
int x1632 = x1417 * x1631;
long x1633 = (M32 & x1402) * x1632;
long x1634 = (M32 & x1405) * x1414;
long x1635 = (M32 & x1408) * x1411;
long x1636 = x1634 + x1635;
long x1637 = x1633 + x1636;
long x1638 = x1630 + x1637;
long x1639 = x1629 + x1638;
long x1640 = x1628 + x1639;
long x1641 = x1625 + x1640;
long x1642 = x1624 + x1641;
long x1643 = x1623 + x1642;
int x1644 = 0b00011011;
long x1645 = x1643 >>> x1644;
int x1646 = 0b11;
long x1647 = x1646 * x1645;
int x1648 = 0b00001111111111111111111111111111;
int x1649 = ((int) x1463) & x1648;
long x1650 = x1647 + x1649;
int x1651 = 0b00011100;
int x1652 = (int) (x1650 >>> x1651);
int x1653 = 0b00001111111111111111111111111111;
int x1654 = ((int) x1491) & x1653;
int x1655 = x1652 + x1654;
int x1656 = 0b00000111111111111111111111111111;
int x1657 = ((int) x1643) & x1656;
int x1658 = 0b00001111111111111111111111111111;
int x1659 = ((int) x1621) & x1658;
int x1660 = 0b00000111111111111111111111111111;
int x1661 = ((int) x1591) & x1660;
int x1662 = 0b00001111111111111111111111111111;
int x1663 = ((int) x1571) & x1662;
int x1664 = 0b00001111111111111111111111111111;
int x1665 = ((int) x1545) & x1664;
int x1666 = 0b00011100;
int x1667 = (int) (x1655 >>> x1666);
int x1668 = 0b00000111111111111111111111111111;
int x1669 = ((int) x1513) & x1668;
int x1670 = x1667 + x1669;
int x1671 = 0b00001111111111111111111111111111;
int x1672 = x1655 & x1671;
int x1673 = 0b00001111111111111111111111111111;
int x1674 = ((int) x1650) & x1673;
long x1675 = (M32 & x38) * x1674;
int x1676 = 0b10;
int x1677 = x1672 * x1676;
long x1678 = (M32 & x31) * x1677;
int x1679 = 0b10;
int x1680 = x1670 * x1679;
long x1681 = (M32 & x32) * x1680;
int x1682 = 0b10;
int x1683 = x1665 * x1682;
long x1684 = (M32 & x33) * x1683;
int x1685 = 0b10;
int x1686 = x1663 * x1685;
long x1687 = (M32 & x34) * x1686;
int x1688 = 0b10;
int x1689 = x1661 * x1688;
long x1690 = (M32 & x35) * x1689;
int x1691 = 0b10;
int x1692 = x1659 * x1691;
long x1693 = (M32 & x36) * x1692;
int x1694 = 0b10;
int x1695 = x1657 * x1694;
long x1696 = (M32 & x37) * x1695;
long x1697 = x1693 + x1696;
long x1698 = x1690 + x1697;
long x1699 = x1687 + x1698;
long x1700 = x1684 + x1699;
long x1701 = x1681 + x1700;
long x1702 = x1678 + x1701;
int x1703 = 0b11;
long x1704 = x1703 * x1702;
long x1705 = x1675 + x1704;
int x1706 = 0b00011100;
long x1707 = x1705 >>> x1706;
long x1708 = (M32 & x37) * x1674;
long x1709 = (M32 & x38) * x1672;
long x1710 = x1708 + x1709;
int x1711 = 0b10;
int x1712 = x1670 * x1711;
long x1713 = (M32 & x31) * x1712;
long x1714 = (M32 & x32) * x1665;
int x1715 = 0b10;
int x1716 = x1663 * x1715;
long x1717 = (M32 & x33) * x1716;
int x1718 = 0b10;
int x1719 = x1661 * x1718;
long x1720 = (M32 & x34) * x1719;
long x1721 = (M32 & x35) * x1659;
int x1722 = 0b10;
int x1723 = x1657 * x1722;
long x1724 = (M32 & x36) * x1723;
long x1725 = x1721 + x1724;
long x1726 = x1720 + x1725;
long x1727 = x1717 + x1726;
long x1728 = x1714 + x1727;
long x1729 = x1713 + x1728;
int x1730 = 0b11;
long x1731 = x1730 * x1729;
long x1732 = x1710 + x1731;
long x1733 = x1707 + x1732;
int x1734 = 0b00011100;
long x1735 = x1733 >>> x1734;
long x1736 = (M32 & x36) * x1674;
long x1737 = (M32 & x37) * x1672;
long x1738 = (M32 & x38) * x1670;
long x1739 = x1737 + x1738;
long x1740 = x1736 + x1739;
long x1741 = (M32 & x31) * x1665;
long x1742 = (M32 & x32) * x1663;
int x1743 = 0b10;
int x1744 = x1661 * x1743;
long x1745 = (M32 & x33) * x1744;
long x1746 = (M32 & x34) * x1659;
long x1747 = (M32 & x35) * x1657;
long x1748 = x1746 + x1747;
long x1749 = x1745 + x1748;
long x1750 = x1742 + x1749;
long x1751 = x1741 + x1750;
int x1752 = 0b11;
long x1753 = x1752 * x1751;
long x1754 = x1740 + x1753;
long x1755 = x1735 + x1754;
int x1756 = 0b00011011;
long x1757 = x1755 >>> x1756;
long x1758 = (M32 & x35) * x1674;
int x1759 = 0b10;
int x1760 = x1672 * x1759;
long x1761 = (M32 & x36) * x1760;
int x1762 = 0b10;
int x1763 = x1670 * x1762;
long x1764 = (M32 & x37) * x1763;
long x1765 = (M32 & x38) * x1665;
long x1766 = x1764 + x1765;
long x1767 = x1761 + x1766;
long x1768 = x1758 + x1767;
int x1769 = 0b10;
int x1770 = x1663 * x1769;
long x1771 = (M32 & x31) * x1770;
int x1772 = 0b10;
int x1773 = x1661 * x1772;
long x1774 = (M32 & x32) * x1773;
int x1775 = 0b10;
int x1776 = x1659 * x1775;
long x1777 = (M32 & x33) * x1776;
int x1778 = 0b10;
int x1779 = x1657 * x1778;
long x1780 = (M32 & x34) * x1779;
long x1781 = x1777 + x1780;
long x1782 = x1774 + x1781;
long x1783 = x1771 + x1782;
int x1784 = 0b11;
long x1785 = x1784 * x1783;
long x1786 = x1768 + x1785;
long x1787 = x1757 + x1786;
int x1788 = 0b00011100;
long x1789 = x1787 >>> x1788;
long x1790 = (M32 & x34) * x1674;
long x1791 = (M32 & x35) * x1672;
int x1792 = 0b10;
int x1793 = x1670 * x1792;
long x1794 = (M32 & x36) * x1793;
long x1795 = (M32 & x37) * x1665;
long x1796 = (M32 & x38) * x1663;
long x1797 = x1795 + x1796;
long x1798 = x1794 + x1797;
long x1799 = x1791 + x1798;
long x1800 = x1790 + x1799;
int x1801 = 0b10;
int x1802 = x1661 * x1801;
long x1803 = (M32 & x31) * x1802;
long x1804 = (M32 & x32) * x1659;
int x1805 = 0b10;
int x1806 = x1657 * x1805;
long x1807 = (M32 & x33) * x1806;
long x1808 = x1804 + x1807;
long x1809 = x1803 + x1808;
int x1810 = 0b11;
long x1811 = x1810 * x1809;
long x1812 = x1800 + x1811;
long x1813 = x1789 + x1812;
int x1814 = 0b00011100;
int x1815 = (int) (x1813 >>> x1814);
long x1816 = (M32 & x33) * x1674;
long x1817 = (M32 & x34) * x1672;
long x1818 = (M32 & x35) * x1670;
long x1819 = (M32 & x36) * x1665;
long x1820 = (M32 & x37) * x1663;
long x1821 = (M32 & x38) * x1661;
long x1822 = x1820 + x1821;
long x1823 = x1819 + x1822;
long x1824 = x1818 + x1823;
long x1825 = x1817 + x1824;
long x1826 = x1816 + x1825;
long x1827 = (M32 & x31) * x1659;
long x1828 = (M32 & x32) * x1657;
long x1829 = x1827 + x1828;
int x1830 = 0b11;
long x1831 = x1830 * x1829;
long x1832 = x1826 + x1831;
long x1833 = x1815 + x1832;
int x1834 = 0b00011011;
int x1835 = (int) (x1833 >>> x1834);
long x1836 = (M32 & x32) * x1674;
int x1837 = 0b10;
int x1838 = x1672 * x1837;
long x1839 = (M32 & x33) * x1838;
int x1840 = 0b10;
int x1841 = x1670 * x1840;
long x1842 = (M32 & x34) * x1841;
long x1843 = (M32 & x35) * x1665;
int x1844 = 0b10;
int x1845 = x1663 * x1844;
long x1846 = (M32 & x36) * x1845;
int x1847 = 0b10;
int x1848 = x1661 * x1847;
long x1849 = (M32 & x37) * x1848;
long x1850 = (M32 & x38) * x1659;
long x1851 = x1849 + x1850;
long x1852 = x1846 + x1851;
long x1853 = x1843 + x1852;
long x1854 = x1842 + x1853;
long x1855 = x1839 + x1854;
long x1856 = x1836 + x1855;
int x1857 = 0b10;
int x1858 = x1657 * x1857;
long x1859 = (M32 & x31) * x1858;
int x1860 = 0b11;
long x1861 = x1860 * x1859;
long x1862 = x1856 + x1861;
long x1863 = x1835 + x1862;
int x1864 = 0b00011100;
int x1865 = (int) (x1863 >>> x1864);
long x1866 = (M32 & x31) * x1674;
long x1867 = (M32 & x32) * x1672;
int x1868 = 0b10;
int x1869 = x1670 * x1868;
long x1870 = (M32 & x33) * x1869;
long x1871 = (M32 & x34) * x1665;
long x1872 = (M32 & x35) * x1663;
int x1873 = 0b10;
int x1874 = x1661 * x1873;
long x1875 = (M32 & x36) * x1874;
long x1876 = (M32 & x37) * x1659;
long x1877 = (M32 & x38) * x1657;
long x1878 = x1876 + x1877;
long x1879 = x1875 + x1878;
long x1880 = x1872 + x1879;
long x1881 = x1871 + x1880;
long x1882 = x1870 + x1881;
long x1883 = x1867 + x1882;
long x1884 = x1866 + x1883;
long x1885 = x1865 + x1884;
int x1886 = 0b00011011;
int x1887 = (int) (x1885 >>> x1886);
int x1888 = 0b11;
long x1889 = (M32 & x1888) * x1887;
int x1890 = 0b00001111111111111111111111111111;
int x1891 = ((int) x1705) & x1890;
long x1892 = x1889 + x1891;
int x1893 = 0b00011100;
int x1894 = (int) (x1892 >>> x1893);
int x1895 = 0b00001111111111111111111111111111;
int x1896 = ((int) x1733) & x1895;
int x1897 = x1894 + x1896;
int x1898 = 0b00000111111111111111111111111111;
int x1899 = ((int) x1885) & x1898;
int x1900 = 0b00001111111111111111111111111111;
int x1901 = ((int) x1863) & x1900;
int x1902 = 0b00000111111111111111111111111111;
int x1903 = ((int) x1833) & x1902;
int x1904 = 0b00001111111111111111111111111111;
int x1905 = ((int) x1813) & x1904;
int x1906 = 0b00001111111111111111111111111111;
int x1907 = ((int) x1787) & x1906;
int x1908 = 0b00011100;
int x1909 = (int) (x1897 >>> x1908);
int x1910 = 0b00000111111111111111111111111111;
int x1911 = ((int) x1755) & x1910;
int x1912 = x1909 + x1911;
int x1913 = 0b00001111111111111111111111111111;
int x1914 = x1897 & x1913;
int x1915 = 0b00001111111111111111111111111111;
int x1916 = ((int) x1892) & x1915;
long x1917 = (M32 & x320) * x586;
int x1918 = 0b10;
int x1919 = x584 * x1918;
long x1920 = (M32 & x303) * x1919;
int x1921 = 0b10;
int x1922 = x582 * x1921;
long x1923 = (M32 & x305) * x1922;
int x1924 = 0b10;
int x1925 = x577 * x1924;
long x1926 = (M32 & x307) * x1925;
int x1927 = 0b10;
int x1928 = x575 * x1927;
long x1929 = (M32 & x309) * x1928;
int x1930 = 0b10;
int x1931 = x573 * x1930;
long x1932 = (M32 & x311) * x1931;
int x1933 = 0b10;
int x1934 = x571 * x1933;
long x1935 = (M32 & x316) * x1934;
int x1936 = 0b10;
int x1937 = x569 * x1936;
long x1938 = (M32 & x318) * x1937;
long x1939 = x1935 + x1938;
long x1940 = x1932 + x1939;
long x1941 = x1929 + x1940;
long x1942 = x1926 + x1941;
long x1943 = x1923 + x1942;
long x1944 = x1920 + x1943;
int x1945 = 0b11;
long x1946 = x1945 * x1944;
long x1947 = x1917 + x1946;
int x1948 = 0b00011100;
long x1949 = x1947 >>> x1948;
long x1950 = (M32 & x318) * x586;
long x1951 = (M32 & x320) * x584;
long x1952 = x1950 + x1951;
int x1953 = 0b10;
int x1954 = x582 * x1953;
long x1955 = (M32 & x303) * x1954;
long x1956 = (M32 & x305) * x577;
int x1957 = 0b10;
int x1958 = x575 * x1957;
long x1959 = (M32 & x307) * x1958;
int x1960 = 0b10;
int x1961 = x573 * x1960;
long x1962 = (M32 & x309) * x1961;
long x1963 = (M32 & x311) * x571;
int x1964 = 0b10;
int x1965 = x569 * x1964;
long x1966 = (M32 & x316) * x1965;
long x1967 = x1963 + x1966;
long x1968 = x1962 + x1967;
long x1969 = x1959 + x1968;
long x1970 = x1956 + x1969;
long x1971 = x1955 + x1970;
int x1972 = 0b11;
long x1973 = x1972 * x1971;
long x1974 = x1952 + x1973;
long x1975 = x1949 + x1974;
int x1976 = 0b00011100;
long x1977 = x1975 >>> x1976;
long x1978 = (M32 & x316) * x586;
long x1979 = (M32 & x318) * x584;
long x1980 = (M32 & x320) * x582;
long x1981 = x1979 + x1980;
long x1982 = x1978 + x1981;
long x1983 = (M32 & x303) * x577;
long x1984 = (M32 & x305) * x575;
int x1985 = 0b10;
int x1986 = x573 * x1985;
long x1987 = (M32 & x307) * x1986;
long x1988 = (M32 & x309) * x571;
long x1989 = (M32 & x311) * x569;
long x1990 = x1988 + x1989;
long x1991 = x1987 + x1990;
long x1992 = x1984 + x1991;
long x1993 = x1983 + x1992;
int x1994 = 0b11;
long x1995 = x1994 * x1993;
long x1996 = x1982 + x1995;
long x1997 = x1977 + x1996;
int x1998 = 0b00011011;
long x1999 = x1997 >>> x1998;
long x2000 = (M32 & x311) * x586;
int x2001 = 0b10;
int x2002 = x584 * x2001;
long x2003 = (M32 & x316) * x2002;
int x2004 = 0b10;
int x2005 = x582 * x2004;
long x2006 = (M32 & x318) * x2005;
long x2007 = (M32 & x320) * x577;
long x2008 = x2006 + x2007;
long x2009 = x2003 + x2008;
long x2010 = x2000 + x2009;
int x2011 = 0b10;
int x2012 = x575 * x2011;
long x2013 = (M32 & x303) * x2012;
int x2014 = 0b10;
int x2015 = x573 * x2014;
long x2016 = (M32 & x305) * x2015;
int x2017 = 0b10;
int x2018 = x571 * x2017;
long x2019 = (M32 & x307) * x2018;
int x2020 = 0b10;
int x2021 = x569 * x2020;
long x2022 = (M32 & x309) * x2021;
long x2023 = x2019 + x2022;
long x2024 = x2016 + x2023;
long x2025 = x2013 + x2024;
int x2026 = 0b11;
long x2027 = x2026 * x2025;
long x2028 = x2010 + x2027;
long x2029 = x1999 + x2028;
int x2030 = 0b00011100;
int x2031 = (int) (x2029 >>> x2030);
long x2032 = (M32 & x309) * x586;
long x2033 = (M32 & x311) * x584;
int x2034 = 0b10;
int x2035 = x582 * x2034;
long x2036 = (M32 & x316) * x2035;
long x2037 = (M32 & x318) * x577;
long x2038 = (M32 & x320) * x575;
long x2039 = x2037 + x2038;
long x2040 = x2036 + x2039;
long x2041 = x2033 + x2040;
long x2042 = x2032 + x2041;
int x2043 = 0b10;
int x2044 = x573 * x2043;
long x2045 = (M32 & x303) * x2044;
long x2046 = (M32 & x305) * x571;
int x2047 = 0b10;
int x2048 = x569 * x2047;
long x2049 = (M32 & x307) * x2048;
long x2050 = x2046 + x2049;
long x2051 = x2045 + x2050;
int x2052 = 0b11;
long x2053 = x2052 * x2051;
long x2054 = x2042 + x2053;
long x2055 = x2031 + x2054;
int x2056 = 0b00011100;
int x2057 = (int) (x2055 >>> x2056);
long x2058 = (M32 & x307) * x586;
long x2059 = (M32 & x309) * x584;
long x2060 = (M32 & x311) * x582;
long x2061 = (M32 & x316) * x577;
long x2062 = (M32 & x318) * x575;
long x2063 = (M32 & x320) * x573;
long x2064 = x2062 + x2063;
long x2065 = x2061 + x2064;
long x2066 = x2060 + x2065;
long x2067 = x2059 + x2066;
long x2068 = x2058 + x2067;
long x2069 = (M32 & x303) * x571;
long x2070 = (M32 & x305) * x569;
long x2071 = x2069 + x2070;
int x2072 = 0b11;
long x2073 = x2072 * x2071;
long x2074 = x2068 + x2073;
long x2075 = x2057 + x2074;
int x2076 = 0b00011011;
int x2077 = (int) (x2075 >>> x2076);
long x2078 = (M32 & x305) * x586;
int x2079 = 0b10;
int x2080 = x584 * x2079;
long x2081 = (M32 & x307) * x2080;
int x2082 = 0b10;
int x2083 = x582 * x2082;
long x2084 = (M32 & x309) * x2083;
long x2085 = (M32 & x311) * x577;
int x2086 = 0b10;
int x2087 = x575 * x2086;
long x2088 = (M32 & x316) * x2087;
int x2089 = 0b10;
int x2090 = x573 * x2089;
long x2091 = (M32 & x318) * x2090;
long x2092 = (M32 & x320) * x571;
long x2093 = x2091 + x2092;
long x2094 = x2088 + x2093;
long x2095 = x2085 + x2094;
long x2096 = x2084 + x2095;
long x2097 = x2081 + x2096;
long x2098 = x2078 + x2097;
int x2099 = 0b10;
int x2100 = x569 * x2099;
long x2101 = (M32 & x303) * x2100;
int x2102 = 0b11;
long x2103 = x2102 * x2101;
long x2104 = x2098 + x2103;
long x2105 = x2077 + x2104;
int x2106 = 0b00011100;
int x2107 = (int) (x2105 >>> x2106);
long x2108 = (M32 & x303) * x586;
long x2109 = (M32 & x305) * x584;
int x2110 = 0b10;
int x2111 = x582 * x2110;
long x2112 = (M32 & x307) * x2111;
long x2113 = (M32 & x309) * x577;
long x2114 = (M32 & x311) * x575;
int x2115 = 0b10;
int x2116 = x573 * x2115;
long x2117 = (M32 & x316) * x2116;
long x2118 = (M32 & x318) * x571;
long x2119 = (M32 & x320) * x569;
long x2120 = x2118 + x2119;
long x2121 = x2117 + x2120;
long x2122 = x2114 + x2121;
long x2123 = x2113 + x2122;
long x2124 = x2112 + x2123;
long x2125 = x2109 + x2124;
long x2126 = x2108 + x2125;
long x2127 = x2107 + x2126;
int x2128 = 0b00011011;
int x2129 = (int) (x2127 >>> x2128);
int x2130 = 0b11;
long x2131 = (M32 & x2130) * x2129;
int x2132 = 0b00001111111111111111111111111111;
int x2133 = ((int) x1947) & x2132;
long x2134 = x2131 + x2133;
int x2135 = 0b00011100;
int x2136 = (int) (x2134 >>> x2135);
int x2137 = 0b00001111111111111111111111111111;
int x2138 = ((int) x1975) & x2137;
int x2139 = x2136 + x2138;
int x2140 = 0b00000111111111111111111111111111;
int x2141 = ((int) x2127) & x2140;
int x2142 = 0b00001111111111111111111111111111;
int x2143 = ((int) x2105) & x2142;
int x2144 = 0b00000111111111111111111111111111;
int x2145 = ((int) x2075) & x2144;
int x2146 = 0b00001111111111111111111111111111;
int x2147 = ((int) x2055) & x2146;
int x2148 = 0b00001111111111111111111111111111;
int x2149 = ((int) x2029) & x2148;
int x2150 = 0b00011100;
int x2151 = (int) (x2139 >>> x2150);
int x2152 = 0b00000111111111111111111111111111;
int x2153 = ((int) x1997) & x2152;
int x2154 = x2151 + x2153;
int x2155 = 0b00001111111111111111111111111111;
int x2156 = x2139 & x2155;
int x2157 = 0b00001111111111111111111111111111;
int x2158 = ((int) x2134) & x2157;
long x2159 = (M32 & x30) * x610;
int x2160 = 0b10;
int x2161 = x607 * x2160;
long x2162 = (M32 & x23) * x2161;
int x2163 = 0b10;
int x2164 = x604 * x2163;
long x2165 = (M32 & x24) * x2164;
int x2166 = 0b10;
int x2167 = x601 * x2166;
long x2168 = (M32 & x25) * x2167;
int x2169 = 0b10;
int x2170 = x598 * x2169;
long x2171 = (M32 & x26) * x2170;
int x2172 = 0b10;
int x2173 = x595 * x2172;
long x2174 = (M32 & x27) * x2173;
int x2175 = 0b10;
int x2176 = x592 * x2175;
long x2177 = (M32 & x28) * x2176;
int x2178 = 0b10;
int x2179 = x589 * x2178;
long x2180 = (M32 & x29) * x2179;
long x2181 = x2177 + x2180;
long x2182 = x2174 + x2181;
long x2183 = x2171 + x2182;
long x2184 = x2168 + x2183;
long x2185 = x2165 + x2184;
long x2186 = x2162 + x2185;
int x2187 = 0b11;
long x2188 = x2187 * x2186;
long x2189 = x2159 + x2188;
int x2190 = 0b00011100;
long x2191 = x2189 >>> x2190;
long x2192 = (M32 & x29) * x610;
long x2193 = (M32 & x30) * x607;
long x2194 = x2192 + x2193;
int x2195 = 0b10;
int x2196 = x604 * x2195;
long x2197 = (M32 & x23) * x2196;
long x2198 = (M32 & x24) * x601;
int x2199 = 0b10;
int x2200 = x598 * x2199;
long x2201 = (M32 & x25) * x2200;
int x2202 = 0b10;
int x2203 = x595 * x2202;
long x2204 = (M32 & x26) * x2203;
long x2205 = (M32 & x27) * x592;
int x2206 = 0b10;
int x2207 = x589 * x2206;
long x2208 = (M32 & x28) * x2207;
long x2209 = x2205 + x2208;
long x2210 = x2204 + x2209;
long x2211 = x2201 + x2210;
long x2212 = x2198 + x2211;
long x2213 = x2197 + x2212;
int x2214 = 0b11;
long x2215 = x2214 * x2213;
long x2216 = x2194 + x2215;
long x2217 = x2191 + x2216;
int x2218 = 0b00011100;
long x2219 = x2217 >>> x2218;
long x2220 = (M32 & x28) * x610;
long x2221 = (M32 & x29) * x607;
long x2222 = (M32 & x30) * x604;
long x2223 = x2221 + x2222;
long x2224 = x2220 + x2223;
long x2225 = (M32 & x23) * x601;
long x2226 = (M32 & x24) * x598;
int x2227 = 0b10;
int x2228 = x595 * x2227;
long x2229 = (M32 & x25) * x2228;
long x2230 = (M32 & x26) * x592;
long x2231 = (M32 & x27) * x589;
long x2232 = x2230 + x2231;
long x2233 = x2229 + x2232;
long x2234 = x2226 + x2233;
long x2235 = x2225 + x2234;
int x2236 = 0b11;
long x2237 = x2236 * x2235;
long x2238 = x2224 + x2237;
long x2239 = x2219 + x2238;
int x2240 = 0b00011011;
long x2241 = x2239 >>> x2240;
long x2242 = (M32 & x27) * x610;
int x2243 = 0b10;
int x2244 = x607 * x2243;
long x2245 = (M32 & x28) * x2244;
int x2246 = 0b10;
int x2247 = x604 * x2246;
long x2248 = (M32 & x29) * x2247;
long x2249 = (M32 & x30) * x601;
long x2250 = x2248 + x2249;
long x2251 = x2245 + x2250;
long x2252 = x2242 + x2251;
int x2253 = 0b10;
int x2254 = x598 * x2253;
long x2255 = (M32 & x23) * x2254;
int x2256 = 0b10;
int x2257 = x595 * x2256;
long x2258 = (M32 & x24) * x2257;
int x2259 = 0b10;
int x2260 = x592 * x2259;
long x2261 = (M32 & x25) * x2260;
int x2262 = 0b10;
int x2263 = x589 * x2262;
long x2264 = (M32 & x26) * x2263;
long x2265 = x2261 + x2264;
long x2266 = x2258 + x2265;
long x2267 = x2255 + x2266;
int x2268 = 0b11;
long x2269 = x2268 * x2267;
long x2270 = x2252 + x2269;
long x2271 = x2241 + x2270;
int x2272 = 0b00011100;
long x2273 = x2271 >>> x2272;
long x2274 = (M32 & x26) * x610;
long x2275 = (M32 & x27) * x607;
int x2276 = 0b10;
int x2277 = x604 * x2276;
long x2278 = (M32 & x28) * x2277;
long x2279 = (M32 & x29) * x601;
long x2280 = (M32 & x30) * x598;
long x2281 = x2279 + x2280;
long x2282 = x2278 + x2281;
long x2283 = x2275 + x2282;
long x2284 = x2274 + x2283;
int x2285 = 0b10;
int x2286 = x595 * x2285;
long x2287 = (M32 & x23) * x2286;
long x2288 = (M32 & x24) * x592;
int x2289 = 0b10;
int x2290 = x589 * x2289;
long x2291 = (M32 & x25) * x2290;
long x2292 = x2288 + x2291;
long x2293 = x2287 + x2292;
int x2294 = 0b11;
long x2295 = x2294 * x2293;
long x2296 = x2284 + x2295;
long x2297 = x2273 + x2296;
int x2298 = 0b00011100;
long x2299 = x2297 >>> x2298;
long x2300 = (M32 & x25) * x610;
long x2301 = (M32 & x26) * x607;
long x2302 = (M32 & x27) * x604;
long x2303 = (M32 & x28) * x601;
long x2304 = (M32 & x29) * x598;
long x2305 = (M32 & x30) * x595;
long x2306 = x2304 + x2305;
long x2307 = x2303 + x2306;
long x2308 = x2302 + x2307;
long x2309 = x2301 + x2308;
long x2310 = x2300 + x2309;
long x2311 = (M32 & x23) * x592;
long x2312 = (M32 & x24) * x589;
long x2313 = x2311 + x2312;
int x2314 = 0b11;
long x2315 = x2314 * x2313;
long x2316 = x2310 + x2315;
long x2317 = x2299 + x2316;
int x2318 = 0b00011011;
long x2319 = x2317 >>> x2318;
long x2320 = (M32 & x24) * x610;
int x2321 = 0b10;
int x2322 = x607 * x2321;
long x2323 = (M32 & x25) * x2322;
int x2324 = 0b10;
int x2325 = x604 * x2324;
long x2326 = (M32 & x26) * x2325;
long x2327 = (M32 & x27) * x601;
int x2328 = 0b10;
int x2329 = x598 * x2328;
long x2330 = (M32 & x28) * x2329;
int x2331 = 0b10;
int x2332 = x595 * x2331;
long x2333 = (M32 & x29) * x2332;
long x2334 = (M32 & x30) * x592;
long x2335 = x2333 + x2334;
long x2336 = x2330 + x2335;
long x2337 = x2327 + x2336;
long x2338 = x2326 + x2337;
long x2339 = x2323 + x2338;
long x2340 = x2320 + x2339;
int x2341 = 0b10;
int x2342 = x589 * x2341;
long x2343 = (M32 & x23) * x2342;
int x2344 = 0b11;
long x2345 = x2344 * x2343;
long x2346 = x2340 + x2345;
long x2347 = x2319 + x2346;
int x2348 = 0b00011100;
long x2349 = x2347 >>> x2348;
long x2350 = (M32 & x23) * x610;
long x2351 = (M32 & x24) * x607;
int x2352 = 0b10;
int x2353 = x604 * x2352;
long x2354 = (M32 & x25) * x2353;
long x2355 = (M32 & x26) * x601;
long x2356 = (M32 & x27) * x598;
int x2357 = 0b10;
int x2358 = x595 * x2357;
long x2359 = (M32 & x28) * x2358;
long x2360 = (M32 & x29) * x592;
long x2361 = (M32 & x30) * x589;
long x2362 = x2360 + x2361;
long x2363 = x2359 + x2362;
long x2364 = x2356 + x2363;
long x2365 = x2355 + x2364;
long x2366 = x2354 + x2365;
long x2367 = x2351 + x2366;
long x2368 = x2350 + x2367;
long x2369 = x2349 + x2368;
int x2370 = 0b00011011;
long x2371 = x2369 >>> x2370;
int x2372 = 0b11;
long x2373 = x2372 * x2371;
int x2374 = 0b00001111111111111111111111111111;
int x2375 = ((int) x2189) & x2374;
long x2376 = x2373 + x2375;
int x2377 = 0b00011100;
int x2378 = (int) (x2376 >>> x2377);
int x2379 = 0b00001111111111111111111111111111;
int x2380 = ((int) x2217) & x2379;
int x2381 = x2378 + x2380;
int x2382 = 0b00000111111111111111111111111111;
int x2383 = ((int) x2369) & x2382;
int x2384 = 0b00001111111111111111111111111111;
int x2385 = ((int) x2347) & x2384;
int x2386 = 0b00000111111111111111111111111111;
int x2387 = ((int) x2317) & x2386;
int x2388 = 0b00001111111111111111111111111111;
int x2389 = ((int) x2297) & x2388;
int x2390 = 0b00001111111111111111111111111111;
int x2391 = ((int) x2271) & x2390;
int x2392 = 0b00011100;
int x2393 = (int) (x2381 >>> x2392);
int x2394 = 0b00000111111111111111111111111111;
int x2395 = ((int) x2239) & x2394;
int x2396 = x2393 + x2395;
int x2397 = 0b00001111111111111111111111111111;
int x2398 = x2381 & x2397;
int x2399 = 0b00001111111111111111111111111111;
int x2400 = ((int) x2376) & x2399;
int x2401 = x303 + x2383;
int x2402 = x305 + x2385;
int x2403 = x307 + x2387;
int x2404 = x309 + x2389;
int x2405 = x311 + x2391;
int x2406 = x316 + x2396;
int x2407 = x318 + x2398;
int x2408 = x320 + x2400;
long x2409 = (M32 & x610) * x2408;
int x2410 = 0b10;
int x2411 = x2407 * x2410;
long x2412 = (M32 & x589) * x2411;
int x2413 = 0b10;
int x2414 = x2406 * x2413;
long x2415 = (M32 & x592) * x2414;
int x2416 = 0b10;
int x2417 = x2405 * x2416;
long x2418 = (M32 & x595) * x2417;
int x2419 = 0b10;
int x2420 = x2404 * x2419;
long x2421 = (M32 & x598) * x2420;
int x2422 = 0b10;
int x2423 = x2403 * x2422;
long x2424 = (M32 & x601) * x2423;
int x2425 = 0b10;
int x2426 = x2402 * x2425;
long x2427 = (M32 & x604) * x2426;
int x2428 = 0b10;
int x2429 = x2401 * x2428;
long x2430 = (M32 & x607) * x2429;
long x2431 = x2427 + x2430;
long x2432 = x2424 + x2431;
long x2433 = x2421 + x2432;
long x2434 = x2418 + x2433;
long x2435 = x2415 + x2434;
long x2436 = x2412 + x2435;
int x2437 = 0b11;
long x2438 = x2437 * x2436;
long x2439 = x2409 + x2438;
int x2440 = 0b00011100;
long x2441 = x2439 >>> x2440;
long x2442 = (M32 & x607) * x2408;
long x2443 = (M32 & x610) * x2407;
long x2444 = x2442 + x2443;
int x2445 = 0b10;
int x2446 = x2406 * x2445;
long x2447 = (M32 & x589) * x2446;
long x2448 = (M32 & x592) * x2405;
int x2449 = 0b10;
int x2450 = x2404 * x2449;
long x2451 = (M32 & x595) * x2450;
int x2452 = 0b10;
int x2453 = x2403 * x2452;
long x2454 = (M32 & x598) * x2453;
long x2455 = (M32 & x601) * x2402;
int x2456 = 0b10;
int x2457 = x2401 * x2456;
long x2458 = (M32 & x604) * x2457;
long x2459 = x2455 + x2458;
long x2460 = x2454 + x2459;
long x2461 = x2451 + x2460;
long x2462 = x2448 + x2461;
long x2463 = x2447 + x2462;
int x2464 = 0b11;
long x2465 = x2464 * x2463;
long x2466 = x2444 + x2465;
long x2467 = x2441 + x2466;
int x2468 = 0b00011100;
long x2469 = x2467 >>> x2468;
long x2470 = (M32 & x604) * x2408;
long x2471 = (M32 & x607) * x2407;
long x2472 = (M32 & x610) * x2406;
long x2473 = x2471 + x2472;
long x2474 = x2470 + x2473;
long x2475 = (M32 & x589) * x2405;
long x2476 = (M32 & x592) * x2404;
int x2477 = 0b10;
int x2478 = x2403 * x2477;
long x2479 = (M32 & x595) * x2478;
long x2480 = (M32 & x598) * x2402;
long x2481 = (M32 & x601) * x2401;
long x2482 = x2480 + x2481;
long x2483 = x2479 + x2482;
long x2484 = x2476 + x2483;
long x2485 = x2475 + x2484;
int x2486 = 0b11;
long x2487 = x2486 * x2485;
long x2488 = x2474 + x2487;
long x2489 = x2469 + x2488;
int x2490 = 0b00011011;
long x2491 = x2489 >>> x2490;
long x2492 = (M32 & x601) * x2408;
int x2493 = 0b10;
int x2494 = x2407 * x2493;
long x2495 = (M32 & x604) * x2494;
int x2496 = 0b10;
int x2497 = x2406 * x2496;
long x2498 = (M32 & x607) * x2497;
long x2499 = (M32 & x610) * x2405;
long x2500 = x2498 + x2499;
long x2501 = x2495 + x2500;
long x2502 = x2492 + x2501;
int x2503 = 0b10;
int x2504 = x2404 * x2503;
long x2505 = (M32 & x589) * x2504;
int x2506 = 0b10;
int x2507 = x2403 * x2506;
long x2508 = (M32 & x592) * x2507;
int x2509 = 0b10;
int x2510 = x2402 * x2509;
long x2511 = (M32 & x595) * x2510;
int x2512 = 0b10;
int x2513 = x2401 * x2512;
long x2514 = (M32 & x598) * x2513;
long x2515 = x2511 + x2514;
long x2516 = x2508 + x2515;
long x2517 = x2505 + x2516;
int x2518 = 0b11;
long x2519 = x2518 * x2517;
long x2520 = x2502 + x2519;
long x2521 = x2491 + x2520;
int x2522 = 0b00011100;
long x2523 = x2521 >>> x2522;
long x2524 = (M32 & x598) * x2408;
long x2525 = (M32 & x601) * x2407;
int x2526 = 0b10;
int x2527 = x2406 * x2526;
long x2528 = (M32 & x604) * x2527;
long x2529 = (M32 & x607) * x2405;
long x2530 = (M32 & x610) * x2404;
long x2531 = x2529 + x2530;
long x2532 = x2528 + x2531;
long x2533 = x2525 + x2532;
long x2534 = x2524 + x2533;
int x2535 = 0b10;
int x2536 = x2403 * x2535;
long x2537 = (M32 & x589) * x2536;
long x2538 = (M32 & x592) * x2402;
int x2539 = 0b10;
int x2540 = x2401 * x2539;
long x2541 = (M32 & x595) * x2540;
long x2542 = x2538 + x2541;
long x2543 = x2537 + x2542;
int x2544 = 0b11;
long x2545 = x2544 * x2543;
long x2546 = x2534 + x2545;
long x2547 = x2523 + x2546;
int x2548 = 0b00011100;
long x2549 = x2547 >>> x2548;
long x2550 = (M32 & x595) * x2408;
long x2551 = (M32 & x598) * x2407;
long x2552 = (M32 & x601) * x2406;
long x2553 = (M32 & x604) * x2405;
long x2554 = (M32 & x607) * x2404;
long x2555 = (M32 & x610) * x2403;
long x2556 = x2554 + x2555;
long x2557 = x2553 + x2556;
long x2558 = x2552 + x2557;
long x2559 = x2551 + x2558;
long x2560 = x2550 + x2559;
long x2561 = (M32 & x589) * x2402;
long x2562 = (M32 & x592) * x2401;
long x2563 = x2561 + x2562;
int x2564 = 0b11;
long x2565 = x2564 * x2563;
long x2566 = x2560 + x2565;
long x2567 = x2549 + x2566;
int x2568 = 0b00011011;
long x2569 = x2567 >>> x2568;
long x2570 = (M32 & x592) * x2408;
int x2571 = 0b10;
int x2572 = x2407 * x2571;
long x2573 = (M32 & x595) * x2572;
int x2574 = 0b10;
int x2575 = x2406 * x2574;
long x2576 = (M32 & x598) * x2575;
long x2577 = (M32 & x601) * x2405;
int x2578 = 0b10;
int x2579 = x2404 * x2578;
long x2580 = (M32 & x604) * x2579;
int x2581 = 0b10;
int x2582 = x2403 * x2581;
long x2583 = (M32 & x607) * x2582;
long x2584 = (M32 & x610) * x2402;
long x2585 = x2583 + x2584;
long x2586 = x2580 + x2585;
long x2587 = x2577 + x2586;
long x2588 = x2576 + x2587;
long x2589 = x2573 + x2588;
long x2590 = x2570 + x2589;
int x2591 = 0b10;
int x2592 = x2401 * x2591;
long x2593 = (M32 & x589) * x2592;
int x2594 = 0b11;
long x2595 = x2594 * x2593;
long x2596 = x2590 + x2595;
long x2597 = x2569 + x2596;
int x2598 = 0b00011100;
long x2599 = x2597 >>> x2598;
long x2600 = (M32 & x589) * x2408;
long x2601 = (M32 & x592) * x2407;
int x2602 = 0b10;
int x2603 = x2406 * x2602;
long x2604 = (M32 & x595) * x2603;
long x2605 = (M32 & x598) * x2405;
long x2606 = (M32 & x601) * x2404;
int x2607 = 0b10;
int x2608 = x2403 * x2607;
long x2609 = (M32 & x604) * x2608;
long x2610 = (M32 & x607) * x2402;
long x2611 = (M32 & x610) * x2401;
long x2612 = x2610 + x2611;
long x2613 = x2609 + x2612;
long x2614 = x2606 + x2613;
long x2615 = x2605 + x2614;
long x2616 = x2604 + x2615;
long x2617 = x2601 + x2616;
long x2618 = x2600 + x2617;
long x2619 = x2599 + x2618;
int x2620 = 0b00011011;
long x2621 = x2619 >>> x2620;
int x2622 = 0b11;
long x2623 = x2622 * x2621;
int x2624 = 0b00001111111111111111111111111111;
int x2625 = ((int) x2439) & x2624;
long x2626 = x2623 + x2625;
int x2627 = 0b00011100;
int x2628 = (int) (x2626 >>> x2627);
int x2629 = 0b00001111111111111111111111111111;
int x2630 = ((int) x2467) & x2629;
int x2631 = x2628 + x2630;
int x2632 = 0b00000111111111111111111111111111;
int x2633 = ((int) x2619) & x2632;
int x2634 = 0b00001111111111111111111111111111;
int x2635 = ((int) x2597) & x2634;
int x2636 = 0b00000111111111111111111111111111;
int x2637 = ((int) x2567) & x2636;
int x2638 = 0b00001111111111111111111111111111;
int x2639 = ((int) x2547) & x2638;
int x2640 = 0b00001111111111111111111111111111;
int x2641 = ((int) x2521) & x2640;
int x2642 = 0b00011100;
int x2643 = (int) (x2631 >>> x2642);
int x2644 = 0b00000111111111111111111111111111;
int x2645 = ((int) x2489) & x2644;
int x2646 = x2643 + x2645;
int x2647 = 0b00001111111111111111111111111111;
int x2648 = x2631 & x2647;
int x2649 = 0b00001111111111111111111111111111;
int x2650 = ((int) x2626) & x2649;
(Return x2141, Return x2143, Return x2145, Return x2147, 
Return x2149, Return x2154, Return x2156, Return x2158,
(Return x2633, Return x2635, Return x2637, Return x2639, 
Return x2641, Return x2646, Return x2648, Return x2650),
(Return x1367, Return x1369, Return x1371, Return x1373, 
Return x1375, Return x1380, Return x1382, Return x1384),
(Return x1899, Return x1901, Return x1903, Return x1905, 
Return x1907, Return x1912, Return x1914, Return x1916))
     : Java_like
