rmulW = 
fun var : base_type -> Type =>
λ x x0 x1 x2 x3 x4 x5 x6 x7 x8 x9 x10 x11 x12 x13 x14 : var (TWord 5),
uint64_t x15 = ((uint64_t) x6) * x14;
uint32_t x16 = x13 * 0b10;
uint64_t x17 = ((uint64_t) x) * x16;
uint32_t x18 = x12 * 0b10;
uint64_t x19 = ((uint64_t) x0) * x18;
uint32_t x20 = x11 * 0b10;
uint64_t x21 = ((uint64_t) x1) * x20;
uint32_t x22 = x10 * 0b10;
uint64_t x23 = ((uint64_t) x2) * x22;
uint32_t x24 = x9 * 0b10;
uint64_t x25 = ((uint64_t) x3) * x24;
uint32_t x26 = x8 * 0b10;
uint64_t x27 = ((uint64_t) x4) * x26;
uint32_t x28 = x7 * 0b10;
uint64_t x29 = ((uint64_t) x5) * x28;
uint64_t x30 = x27 + x29;
uint64_t x31 = x25 + x30;
uint64_t x32 = x23 + x31;
uint64_t x33 = x21 + x32;
uint64_t x34 = x19 + x33;
uint64_t x35 = x17 + x34;
uint64_t x36 = Const WO~1~1 * x35;
uint64_t x37 = x15 + x36;
uint64_t x38 = x37 >> Const WO~0~0~0~1~1~1~0~0;
uint64_t x39 = ((uint64_t) x5) * x14;
uint64_t x40 = ((uint64_t) x6) * x13;
uint64_t x41 = x39 + x40;
uint32_t x42 = x12 * 0b10;
uint64_t x43 = ((uint64_t) x) * x42;
uint64_t x44 = ((uint64_t) x0) * x11;
uint32_t x45 = x10 * 0b10;
uint64_t x46 = ((uint64_t) x1) * x45;
uint32_t x47 = x9 * 0b10;
uint64_t x48 = ((uint64_t) x2) * x47;
uint64_t x49 = ((uint64_t) x3) * x8;
uint32_t x50 = x7 * 0b10;
uint64_t x51 = ((uint64_t) x4) * x50;
uint64_t x52 = x49 + x51;
uint64_t x53 = x48 + x52;
uint64_t x54 = x46 + x53;
uint64_t x55 = x44 + x54;
uint64_t x56 = x43 + x55;
uint64_t x57 = Const WO~1~1 * x56;
uint64_t x58 = x41 + x57;
uint64_t x59 = x38 + x58;
uint64_t x60 = x59 >> Const WO~0~0~0~1~1~1~0~0;
uint64_t x61 = ((uint64_t) x4) * x14;
uint64_t x62 = ((uint64_t) x5) * x13;
uint64_t x63 = ((uint64_t) x6) * x12;
uint64_t x64 = x62 + x63;
uint64_t x65 = x61 + x64;
uint64_t x66 = ((uint64_t) x) * x11;
uint64_t x67 = ((uint64_t) x0) * x10;
uint32_t x68 = x9 * 0b10;
uint64_t x69 = ((uint64_t) x1) * x68;
uint64_t x70 = ((uint64_t) x2) * x8;
uint64_t x71 = ((uint64_t) x3) * x7;
uint64_t x72 = x70 + x71;
uint64_t x73 = x69 + x72;
uint64_t x74 = x67 + x73;
uint64_t x75 = x66 + x74;
uint64_t x76 = Const WO~1~1 * x75;
uint64_t x77 = x65 + x76;
uint64_t x78 = x60 + x77;
uint64_t x79 = x78 >> Const WO~0~0~0~1~1~0~1~1;
uint64_t x80 = ((uint64_t) x3) * x14;
uint32_t x81 = x13 * 0b10;
uint64_t x82 = ((uint64_t) x4) * x81;
uint32_t x83 = x12 * 0b10;
uint64_t x84 = ((uint64_t) x5) * x83;
uint64_t x85 = ((uint64_t) x6) * x11;
uint64_t x86 = x84 + x85;
uint64_t x87 = x82 + x86;
uint64_t x88 = x80 + x87;
uint32_t x89 = x10 * 0b10;
uint64_t x90 = ((uint64_t) x) * x89;
uint32_t x91 = x9 * 0b10;
uint64_t x92 = ((uint64_t) x0) * x91;
uint32_t x93 = x8 * 0b10;
uint64_t x94 = ((uint64_t) x1) * x93;
uint32_t x95 = x7 * 0b10;
uint64_t x96 = ((uint64_t) x2) * x95;
uint64_t x97 = x94 + x96;
uint64_t x98 = x92 + x97;
uint64_t x99 = x90 + x98;
uint64_t x100 = Const WO~1~1 * x99;
uint64_t x101 = x88 + x100;
uint64_t x102 = x79 + x101;
uint64_t x103 = x102 >> Const WO~0~0~0~1~1~1~0~0;
uint64_t x104 = ((uint64_t) x2) * x14;
uint64_t x105 = ((uint64_t) x3) * x13;
uint32_t x106 = x12 * 0b10;
uint64_t x107 = ((uint64_t) x4) * x106;
uint64_t x108 = ((uint64_t) x5) * x11;
uint64_t x109 = ((uint64_t) x6) * x10;
uint64_t x110 = x108 + x109;
uint64_t x111 = x107 + x110;
uint64_t x112 = x105 + x111;
uint64_t x113 = x104 + x112;
uint32_t x114 = x9 * 0b10;
uint64_t x115 = ((uint64_t) x) * x114;
uint64_t x116 = ((uint64_t) x0) * x8;
uint32_t x117 = x7 * 0b10;
uint64_t x118 = ((uint64_t) x1) * x117;
uint64_t x119 = x116 + x118;
uint64_t x120 = x115 + x119;
uint64_t x121 = Const WO~1~1 * x120;
uint64_t x122 = x113 + x121;
uint64_t x123 = x103 + x122;
uint32_t x124 = (uint32_t) (x123 >> Const WO~0~0~0~1~1~1~0~0);
uint64_t x125 = ((uint64_t) x1) * x14;
uint64_t x126 = ((uint64_t) x2) * x13;
uint64_t x127 = ((uint64_t) x3) * x12;
uint64_t x128 = ((uint64_t) x4) * x11;
uint64_t x129 = ((uint64_t) x5) * x10;
uint64_t x130 = ((uint64_t) x6) * x9;
uint64_t x131 = x129 + x130;
uint64_t x132 = x128 + x131;
uint64_t x133 = x127 + x132;
uint64_t x134 = x126 + x133;
uint64_t x135 = x125 + x134;
uint64_t x136 = ((uint64_t) x) * x8;
uint64_t x137 = ((uint64_t) x0) * x7;
uint64_t x138 = x136 + x137;
uint64_t x139 = Const WO~1~1 * x138;
uint64_t x140 = x135 + x139;
uint64_t x141 = x124 + x140;
uint64_t x142 = x141 >> Const WO~0~0~0~1~1~0~1~1;
uint64_t x143 = ((uint64_t) x0) * x14;
uint32_t x144 = x13 * 0b10;
uint64_t x145 = ((uint64_t) x1) * x144;
uint32_t x146 = x12 * 0b10;
uint64_t x147 = ((uint64_t) x2) * x146;
uint64_t x148 = ((uint64_t) x3) * x11;
uint32_t x149 = x10 * 0b10;
uint64_t x150 = ((uint64_t) x4) * x149;
uint32_t x151 = x9 * 0b10;
uint64_t x152 = ((uint64_t) x5) * x151;
uint64_t x153 = ((uint64_t) x6) * x8;
uint64_t x154 = x152 + x153;
uint64_t x155 = x150 + x154;
uint64_t x156 = x148 + x155;
uint64_t x157 = x147 + x156;
uint64_t x158 = x145 + x157;
uint64_t x159 = x143 + x158;
uint32_t x160 = x7 * 0b10;
uint64_t x161 = ((uint64_t) x) * x160;
uint64_t x162 = Const WO~1~1 * x161;
uint64_t x163 = x159 + x162;
uint64_t x164 = x142 + x163;
uint32_t x165 = (uint32_t) (x164 >> Const WO~0~0~0~1~1~1~0~0);
uint64_t x166 = ((uint64_t) x) * x14;
uint64_t x167 = ((uint64_t) x0) * x13;
uint32_t x168 = x12 * 0b10;
uint64_t x169 = ((uint64_t) x1) * x168;
uint64_t x170 = ((uint64_t) x2) * x11;
uint64_t x171 = ((uint64_t) x3) * x10;
uint32_t x172 = x9 * 0b10;
uint64_t x173 = ((uint64_t) x4) * x172;
uint64_t x174 = ((uint64_t) x5) * x8;
uint64_t x175 = ((uint64_t) x6) * x7;
uint64_t x176 = x174 + x175;
uint64_t x177 = x173 + x176;
uint64_t x178 = x171 + x177;
uint64_t x179 = x170 + x178;
uint64_t x180 = x169 + x179;
uint64_t x181 = x167 + x180;
uint64_t x182 = x166 + x181;
uint64_t x183 = x165 + x182;
uint32_t x184 = (uint32_t) (x183 >> Const WO~0~0~0~1~1~0~1~1);
uint64_t x185 = ((uint64_t) (Const WO~1~1)) * x184;
uint32_t x186 = x37 &
                Const
                  WO~0~0~0~0~1~1~1~1~1~1~1~1~1~1~1~1~1~1~1~1~1~1~1~1~1~1~1~1~1~1~1~1;
uint64_t x187 = x185 + x186;
uint8_t x188 = (uint8_t) (x187 >> Const WO~0~0~0~1~1~1~0~0);
uint32_t x189 = x59 &
                Const
                  WO~0~0~0~0~1~1~1~1~1~1~1~1~1~1~1~1~1~1~1~1~1~1~1~1~1~1~1~1~1~1~1~1;
uint32_t x190 = x188 + x189;
uint32_t x191 = x183 &
                Const
                  WO~0~0~0~0~0~1~1~1~1~1~1~1~1~1~1~1~1~1~1~1~1~1~1~1~1~1~1~1~1~1~1~1;
uint32_t x192 = x164 &
                Const
                  WO~0~0~0~0~1~1~1~1~1~1~1~1~1~1~1~1~1~1~1~1~1~1~1~1~1~1~1~1~1~1~1~1;
uint32_t x193 = x141 &
                Const
                  WO~0~0~0~0~0~1~1~1~1~1~1~1~1~1~1~1~1~1~1~1~1~1~1~1~1~1~1~1~1~1~1~1;
uint32_t x194 = x123 &
                Const
                  WO~0~0~0~0~1~1~1~1~1~1~1~1~1~1~1~1~1~1~1~1~1~1~1~1~1~1~1~1~1~1~1~1;
uint32_t x195 = x102 &
                Const
                  WO~0~0~0~0~1~1~1~1~1~1~1~1~1~1~1~1~1~1~1~1~1~1~1~1~1~1~1~1~1~1~1~1;
bool x196 = (bool) (x190 >> Const WO~0~0~0~1~1~1~0~0);
uint32_t x197 = x78 &
                Const
                  WO~0~0~0~0~0~1~1~1~1~1~1~1~1~1~1~1~1~1~1~1~1~1~1~1~1~1~1~1~1~1~1~1;
uint32_t x198 = x196 + x197;
uint32_t x199 = x190 &
                Const
                  WO~0~0~0~0~1~1~1~1~1~1~1~1~1~1~1~1~1~1~1~1~1~1~1~1~1~1~1~1~1~1~1~1;
uint32_t x200 = x187 &
                Const
                  WO~0~0~0~0~1~1~1~1~1~1~1~1~1~1~1~1~1~1~1~1~1~1~1~1~1~1~1~1~1~1~1~1;
(Return x191, Return x192, Return x193, Return x194, 
Return x195, Return x198, Return x199, Return x200)
     : C_like
