rmulW = 
fun var : base_type -> Type =>
λ x x0 x1 x2 x3 x4 x5 x6 x7 x8 x9 x10 x11 x12 x13 x14 : var (TWord 5),
long x15 = (M32 & x6) * x14;
int x16 = x13 * 0b10;
long x17 = (M32 & x) * x16;
int x18 = x12 * 0b10;
long x19 = (M32 & x0) * x18;
int x20 = x11 * 0b10;
long x21 = (M32 & x1) * x20;
int x22 = x10 * 0b10;
long x23 = (M32 & x2) * x22;
int x24 = x9 * 0b10;
long x25 = (M32 & x3) * x24;
int x26 = x8 * 0b10;
long x27 = (M32 & x4) * x26;
int x28 = x7 * 0b10;
long x29 = (M32 & x5) * x28;
long x30 = x27 + x29;
long x31 = x25 + x30;
long x32 = x23 + x31;
long x33 = x21 + x32;
long x34 = x19 + x33;
long x35 = x17 + x34;
long x36 = 0b11 * x35;
long x37 = x15 + x36;
long x38 = x37 >>> 0b00011100;
long x39 = (M32 & x5) * x14;
long x40 = (M32 & x6) * x13;
long x41 = x39 + x40;
int x42 = x12 * 0b10;
long x43 = (M32 & x) * x42;
long x44 = (M32 & x0) * x11;
int x45 = x10 * 0b10;
long x46 = (M32 & x1) * x45;
int x47 = x9 * 0b10;
long x48 = (M32 & x2) * x47;
long x49 = (M32 & x3) * x8;
int x50 = x7 * 0b10;
long x51 = (M32 & x4) * x50;
long x52 = x49 + x51;
long x53 = x48 + x52;
long x54 = x46 + x53;
long x55 = x44 + x54;
long x56 = x43 + x55;
long x57 = 0b11 * x56;
long x58 = x41 + x57;
long x59 = x38 + x58;
long x60 = x59 >>> 0b00011100;
long x61 = (M32 & x4) * x14;
long x62 = (M32 & x5) * x13;
long x63 = (M32 & x6) * x12;
long x64 = x62 + x63;
long x65 = x61 + x64;
long x66 = (M32 & x) * x11;
long x67 = (M32 & x0) * x10;
int x68 = x9 * 0b10;
long x69 = (M32 & x1) * x68;
long x70 = (M32 & x2) * x8;
long x71 = (M32 & x3) * x7;
long x72 = x70 + x71;
long x73 = x69 + x72;
long x74 = x67 + x73;
long x75 = x66 + x74;
long x76 = 0b11 * x75;
long x77 = x65 + x76;
long x78 = x60 + x77;
long x79 = x78 >>> 0b00011011;
long x80 = (M32 & x3) * x14;
int x81 = x13 * 0b10;
long x82 = (M32 & x4) * x81;
int x83 = x12 * 0b10;
long x84 = (M32 & x5) * x83;
long x85 = (M32 & x6) * x11;
long x86 = x84 + x85;
long x87 = x82 + x86;
long x88 = x80 + x87;
int x89 = x10 * 0b10;
long x90 = (M32 & x) * x89;
int x91 = x9 * 0b10;
long x92 = (M32 & x0) * x91;
int x93 = x8 * 0b10;
long x94 = (M32 & x1) * x93;
int x95 = x7 * 0b10;
long x96 = (M32 & x2) * x95;
long x97 = x94 + x96;
long x98 = x92 + x97;
long x99 = x90 + x98;
long x100 = 0b11 * x99;
long x101 = x88 + x100;
long x102 = x79 + x101;
long x103 = x102 >>> 0b00011100;
long x104 = (M32 & x2) * x14;
long x105 = (M32 & x3) * x13;
int x106 = x12 * 0b10;
long x107 = (M32 & x4) * x106;
long x108 = (M32 & x5) * x11;
long x109 = (M32 & x6) * x10;
long x110 = x108 + x109;
long x111 = x107 + x110;
long x112 = x105 + x111;
long x113 = x104 + x112;
int x114 = x9 * 0b10;
long x115 = (M32 & x) * x114;
long x116 = (M32 & x0) * x8;
int x117 = x7 * 0b10;
long x118 = (M32 & x1) * x117;
long x119 = x116 + x118;
long x120 = x115 + x119;
long x121 = 0b11 * x120;
long x122 = x113 + x121;
long x123 = x103 + x122;
int x124 = (int) (x123 >>> 0b00011100);
long x125 = (M32 & x1) * x14;
long x126 = (M32 & x2) * x13;
long x127 = (M32 & x3) * x12;
long x128 = (M32 & x4) * x11;
long x129 = (M32 & x5) * x10;
long x130 = (M32 & x6) * x9;
long x131 = x129 + x130;
long x132 = x128 + x131;
long x133 = x127 + x132;
long x134 = x126 + x133;
long x135 = x125 + x134;
long x136 = (M32 & x) * x8;
long x137 = (M32 & x0) * x7;
long x138 = x136 + x137;
long x139 = 0b11 * x138;
long x140 = x135 + x139;
long x141 = x124 + x140;
long x142 = x141 >>> 0b00011011;
long x143 = (M32 & x0) * x14;
int x144 = x13 * 0b10;
long x145 = (M32 & x1) * x144;
int x146 = x12 * 0b10;
long x147 = (M32 & x2) * x146;
long x148 = (M32 & x3) * x11;
int x149 = x10 * 0b10;
long x150 = (M32 & x4) * x149;
int x151 = x9 * 0b10;
long x152 = (M32 & x5) * x151;
long x153 = (M32 & x6) * x8;
long x154 = x152 + x153;
long x155 = x150 + x154;
long x156 = x148 + x155;
long x157 = x147 + x156;
long x158 = x145 + x157;
long x159 = x143 + x158;
int x160 = x7 * 0b10;
long x161 = (M32 & x) * x160;
long x162 = 0b11 * x161;
long x163 = x159 + x162;
long x164 = x142 + x163;
int x165 = (int) (x164 >>> 0b00011100);
long x166 = (M32 & x) * x14;
long x167 = (M32 & x0) * x13;
int x168 = x12 * 0b10;
long x169 = (M32 & x1) * x168;
long x170 = (M32 & x2) * x11;
long x171 = (M32 & x3) * x10;
int x172 = x9 * 0b10;
long x173 = (M32 & x4) * x172;
long x174 = (M32 & x5) * x8;
long x175 = (M32 & x6) * x7;
long x176 = x174 + x175;
long x177 = x173 + x176;
long x178 = x171 + x177;
long x179 = x170 + x178;
long x180 = x169 + x179;
long x181 = x167 + x180;
long x182 = x166 + x181;
long x183 = x165 + x182;
int x184 = (int) (x183 >>> 0b00011011);
long x185 = (M32 & 0b11) * x184;
int x186 = ((int) x37) & 0b00001111111111111111111111111111;
long x187 = x185 + x186;
int x188 = (int) (x187 >>> 0b00011100);
int x189 = ((int) x59) & 0b00001111111111111111111111111111;
int x190 = x188 + x189;
int x191 = ((int) x183) & 0b00000111111111111111111111111111;
int x192 = ((int) x164) & 0b00001111111111111111111111111111;
int x193 = ((int) x141) & 0b00000111111111111111111111111111;
int x194 = ((int) x123) & 0b00001111111111111111111111111111;
int x195 = ((int) x102) & 0b00001111111111111111111111111111;
int x196 = (int) (x190 >>> 0b00011100);
int x197 = ((int) x78) & 0b00000111111111111111111111111111;
int x198 = x196 + x197;
int x199 = x190 & 0b00001111111111111111111111111111;
int x200 = ((int) x187) & 0b00001111111111111111111111111111;
(Return x191, Return x192, Return x193, Return x194, 
Return x195, Return x198, Return x199, Return x200)
     : Java_like
