mul = λ var : Z.Syntax.base_type → Type,
λ '(x14, x15, x13, x11, x9, x7, x5, x3, (x28, x29, x27, x25, x23, x21, x19, x17))%core,
uint32_t x31, uint32_t x32 = mulx_u32(x3, x17);
uint32_t x34, uint32_t x35 = mulx_u32(x3, x19);
uint32_t x37, uint32_t x38 = mulx_u32(x3, x21);
uint32_t x40, uint32_t x41 = mulx_u32(x3, x23);
uint32_t x43, uint32_t x44 = mulx_u32(x3, x25);
uint32_t x46, uint32_t x47 = mulx_u32(x3, x27);
uint32_t x49, uint32_t x50 = mulx_u32(x3, x29);
uint32_t x52, uint32_t x53 = mulx_u32(x3, x28);
uint32_t x55, uint8_t x56 = addcarryx_u32(0x0, x32, x34);
uint32_t x58, uint8_t x59 = addcarryx_u32(x56, x35, x37);
uint32_t x61, uint8_t x62 = addcarryx_u32(x59, x38, x40);
uint32_t x64, uint8_t x65 = addcarryx_u32(x62, x41, x43);
uint32_t x67, uint8_t x68 = addcarryx_u32(x65, x44, x46);
uint32_t x70, uint8_t x71 = addcarryx_u32(x68, x47, x49);
uint32_t x73, uint8_t x74 = addcarryx_u32(x71, x50, x52);
uint32_t x76, uint8_t _ = addcarryx_u32(0x0, x74, x53);
uint32_t x79, uint32_t _ = mulx_u32(x31, 0xcccccccd);
uint32_t x82, uint32_t x83 = mulx_u32(x79, 0xfffffffb);
uint32_t x85, uint32_t x86 = mulx_u32(x79, 0xffffffff);
uint32_t x88, uint32_t x89 = mulx_u32(x79, 0xffffffff);
uint32_t x91, uint32_t x92 = mulx_u32(x79, 0xffffffff);
uint32_t x94, uint32_t x95 = mulx_u32(x79, 0xffffffff);
uint32_t x97, uint32_t x98 = mulx_u32(x79, 0xffffffff);
uint32_t x100, uint32_t x101 = mulx_u32(x79, 0xffffffff);
uint32_t x103, uint8_t x104 = mulx_u32_out_u8(x79, 0x3);
uint32_t x106, uint8_t x107 = addcarryx_u32(0x0, x83, x85);
uint32_t x109, uint8_t x110 = addcarryx_u32(x107, x86, x88);
uint32_t x112, uint8_t x113 = addcarryx_u32(x110, x89, x91);
uint32_t x115, uint8_t x116 = addcarryx_u32(x113, x92, x94);
uint32_t x118, uint8_t x119 = addcarryx_u32(x116, x95, x97);
uint32_t x121, uint8_t x122 = addcarryx_u32(x119, x98, x100);
uint32_t x124, uint8_t x125 = addcarryx_u32(x122, x101, x103);
uint8_t x126 = (x125 + x104);
uint32_t _, uint8_t x129 = addcarryx_u32(0x0, x31, x82);
uint32_t x131, uint8_t x132 = addcarryx_u32(x129, x55, x106);
uint32_t x134, uint8_t x135 = addcarryx_u32(x132, x58, x109);
uint32_t x137, uint8_t x138 = addcarryx_u32(x135, x61, x112);
uint32_t x140, uint8_t x141 = addcarryx_u32(x138, x64, x115);
uint32_t x143, uint8_t x144 = addcarryx_u32(x141, x67, x118);
uint32_t x146, uint8_t x147 = addcarryx_u32(x144, x70, x121);
uint32_t x149, uint8_t x150 = addcarryx_u32(x147, x73, x124);
uint32_t x152, uint8_t x153 = addcarryx_u32(x150, x76, x126);
uint8_t x154 = (x153 + 0x0);
uint32_t x156, uint32_t x157 = mulx_u32(x5, x17);
uint32_t x159, uint32_t x160 = mulx_u32(x5, x19);
uint32_t x162, uint32_t x163 = mulx_u32(x5, x21);
uint32_t x165, uint32_t x166 = mulx_u32(x5, x23);
uint32_t x168, uint32_t x169 = mulx_u32(x5, x25);
uint32_t x171, uint32_t x172 = mulx_u32(x5, x27);
uint32_t x174, uint32_t x175 = mulx_u32(x5, x29);
uint32_t x177, uint32_t x178 = mulx_u32(x5, x28);
uint32_t x180, uint8_t x181 = addcarryx_u32(0x0, x157, x159);
uint32_t x183, uint8_t x184 = addcarryx_u32(x181, x160, x162);
uint32_t x186, uint8_t x187 = addcarryx_u32(x184, x163, x165);
uint32_t x189, uint8_t x190 = addcarryx_u32(x187, x166, x168);
uint32_t x192, uint8_t x193 = addcarryx_u32(x190, x169, x171);
uint32_t x195, uint8_t x196 = addcarryx_u32(x193, x172, x174);
uint32_t x198, uint8_t x199 = addcarryx_u32(x196, x175, x177);
uint32_t x201, uint8_t _ = addcarryx_u32(0x0, x199, x178);
uint32_t x204, uint8_t x205 = addcarryx_u32(0x0, x131, x156);
uint32_t x207, uint8_t x208 = addcarryx_u32(x205, x134, x180);
uint32_t x210, uint8_t x211 = addcarryx_u32(x208, x137, x183);
uint32_t x213, uint8_t x214 = addcarryx_u32(x211, x140, x186);
uint32_t x216, uint8_t x217 = addcarryx_u32(x214, x143, x189);
uint32_t x219, uint8_t x220 = addcarryx_u32(x217, x146, x192);
uint32_t x222, uint8_t x223 = addcarryx_u32(x220, x149, x195);
uint32_t x225, uint8_t x226 = addcarryx_u32(x223, x152, x198);
uint32_t x228, uint8_t x229 = addcarryx_u32(x226, x154, x201);
uint32_t x231, uint32_t _ = mulx_u32(x204, 0xcccccccd);
uint32_t x234, uint32_t x235 = mulx_u32(x231, 0xfffffffb);
uint32_t x237, uint32_t x238 = mulx_u32(x231, 0xffffffff);
uint32_t x240, uint32_t x241 = mulx_u32(x231, 0xffffffff);
uint32_t x243, uint32_t x244 = mulx_u32(x231, 0xffffffff);
uint32_t x246, uint32_t x247 = mulx_u32(x231, 0xffffffff);
uint32_t x249, uint32_t x250 = mulx_u32(x231, 0xffffffff);
uint32_t x252, uint32_t x253 = mulx_u32(x231, 0xffffffff);
uint32_t x255, uint8_t x256 = mulx_u32_out_u8(x231, 0x3);
uint32_t x258, uint8_t x259 = addcarryx_u32(0x0, x235, x237);
uint32_t x261, uint8_t x262 = addcarryx_u32(x259, x238, x240);
uint32_t x264, uint8_t x265 = addcarryx_u32(x262, x241, x243);
uint32_t x267, uint8_t x268 = addcarryx_u32(x265, x244, x246);
uint32_t x270, uint8_t x271 = addcarryx_u32(x268, x247, x249);
uint32_t x273, uint8_t x274 = addcarryx_u32(x271, x250, x252);
uint32_t x276, uint8_t x277 = addcarryx_u32(x274, x253, x255);
uint8_t x278 = (x277 + x256);
uint32_t _, uint8_t x281 = addcarryx_u32(0x0, x204, x234);
uint32_t x283, uint8_t x284 = addcarryx_u32(x281, x207, x258);
uint32_t x286, uint8_t x287 = addcarryx_u32(x284, x210, x261);
uint32_t x289, uint8_t x290 = addcarryx_u32(x287, x213, x264);
uint32_t x292, uint8_t x293 = addcarryx_u32(x290, x216, x267);
uint32_t x295, uint8_t x296 = addcarryx_u32(x293, x219, x270);
uint32_t x298, uint8_t x299 = addcarryx_u32(x296, x222, x273);
uint32_t x301, uint8_t x302 = addcarryx_u32(x299, x225, x276);
uint32_t x304, uint8_t x305 = addcarryx_u32(x302, x228, x278);
uint8_t x306 = (x305 + x229);
uint32_t x308, uint32_t x309 = mulx_u32(x7, x17);
uint32_t x311, uint32_t x312 = mulx_u32(x7, x19);
uint32_t x314, uint32_t x315 = mulx_u32(x7, x21);
uint32_t x317, uint32_t x318 = mulx_u32(x7, x23);
uint32_t x320, uint32_t x321 = mulx_u32(x7, x25);
uint32_t x323, uint32_t x324 = mulx_u32(x7, x27);
uint32_t x326, uint32_t x327 = mulx_u32(x7, x29);
uint32_t x329, uint32_t x330 = mulx_u32(x7, x28);
uint32_t x332, uint8_t x333 = addcarryx_u32(0x0, x309, x311);
uint32_t x335, uint8_t x336 = addcarryx_u32(x333, x312, x314);
uint32_t x338, uint8_t x339 = addcarryx_u32(x336, x315, x317);
uint32_t x341, uint8_t x342 = addcarryx_u32(x339, x318, x320);
uint32_t x344, uint8_t x345 = addcarryx_u32(x342, x321, x323);
uint32_t x347, uint8_t x348 = addcarryx_u32(x345, x324, x326);
uint32_t x350, uint8_t x351 = addcarryx_u32(x348, x327, x329);
uint32_t x353, uint8_t _ = addcarryx_u32(0x0, x351, x330);
uint32_t x356, uint8_t x357 = addcarryx_u32(0x0, x283, x308);
uint32_t x359, uint8_t x360 = addcarryx_u32(x357, x286, x332);
uint32_t x362, uint8_t x363 = addcarryx_u32(x360, x289, x335);
uint32_t x365, uint8_t x366 = addcarryx_u32(x363, x292, x338);
uint32_t x368, uint8_t x369 = addcarryx_u32(x366, x295, x341);
uint32_t x371, uint8_t x372 = addcarryx_u32(x369, x298, x344);
uint32_t x374, uint8_t x375 = addcarryx_u32(x372, x301, x347);
uint32_t x377, uint8_t x378 = addcarryx_u32(x375, x304, x350);
uint32_t x380, uint8_t x381 = addcarryx_u32(x378, x306, x353);
uint32_t x383, uint32_t _ = mulx_u32(x356, 0xcccccccd);
uint32_t x386, uint32_t x387 = mulx_u32(x383, 0xfffffffb);
uint32_t x389, uint32_t x390 = mulx_u32(x383, 0xffffffff);
uint32_t x392, uint32_t x393 = mulx_u32(x383, 0xffffffff);
uint32_t x395, uint32_t x396 = mulx_u32(x383, 0xffffffff);
uint32_t x398, uint32_t x399 = mulx_u32(x383, 0xffffffff);
uint32_t x401, uint32_t x402 = mulx_u32(x383, 0xffffffff);
uint32_t x404, uint32_t x405 = mulx_u32(x383, 0xffffffff);
uint32_t x407, uint8_t x408 = mulx_u32_out_u8(x383, 0x3);
uint32_t x410, uint8_t x411 = addcarryx_u32(0x0, x387, x389);
uint32_t x413, uint8_t x414 = addcarryx_u32(x411, x390, x392);
uint32_t x416, uint8_t x417 = addcarryx_u32(x414, x393, x395);
uint32_t x419, uint8_t x420 = addcarryx_u32(x417, x396, x398);
uint32_t x422, uint8_t x423 = addcarryx_u32(x420, x399, x401);
uint32_t x425, uint8_t x426 = addcarryx_u32(x423, x402, x404);
uint32_t x428, uint8_t x429 = addcarryx_u32(x426, x405, x407);
uint8_t x430 = (x429 + x408);
uint32_t _, uint8_t x433 = addcarryx_u32(0x0, x356, x386);
uint32_t x435, uint8_t x436 = addcarryx_u32(x433, x359, x410);
uint32_t x438, uint8_t x439 = addcarryx_u32(x436, x362, x413);
uint32_t x441, uint8_t x442 = addcarryx_u32(x439, x365, x416);
uint32_t x444, uint8_t x445 = addcarryx_u32(x442, x368, x419);
uint32_t x447, uint8_t x448 = addcarryx_u32(x445, x371, x422);
uint32_t x450, uint8_t x451 = addcarryx_u32(x448, x374, x425);
uint32_t x453, uint8_t x454 = addcarryx_u32(x451, x377, x428);
uint32_t x456, uint8_t x457 = addcarryx_u32(x454, x380, x430);
uint8_t x458 = (x457 + x381);
uint32_t x460, uint32_t x461 = mulx_u32(x9, x17);
uint32_t x463, uint32_t x464 = mulx_u32(x9, x19);
uint32_t x466, uint32_t x467 = mulx_u32(x9, x21);
uint32_t x469, uint32_t x470 = mulx_u32(x9, x23);
uint32_t x472, uint32_t x473 = mulx_u32(x9, x25);
uint32_t x475, uint32_t x476 = mulx_u32(x9, x27);
uint32_t x478, uint32_t x479 = mulx_u32(x9, x29);
uint32_t x481, uint32_t x482 = mulx_u32(x9, x28);
uint32_t x484, uint8_t x485 = addcarryx_u32(0x0, x461, x463);
uint32_t x487, uint8_t x488 = addcarryx_u32(x485, x464, x466);
uint32_t x490, uint8_t x491 = addcarryx_u32(x488, x467, x469);
uint32_t x493, uint8_t x494 = addcarryx_u32(x491, x470, x472);
uint32_t x496, uint8_t x497 = addcarryx_u32(x494, x473, x475);
uint32_t x499, uint8_t x500 = addcarryx_u32(x497, x476, x478);
uint32_t x502, uint8_t x503 = addcarryx_u32(x500, x479, x481);
uint32_t x505, uint8_t _ = addcarryx_u32(0x0, x503, x482);
uint32_t x508, uint8_t x509 = addcarryx_u32(0x0, x435, x460);
uint32_t x511, uint8_t x512 = addcarryx_u32(x509, x438, x484);
uint32_t x514, uint8_t x515 = addcarryx_u32(x512, x441, x487);
uint32_t x517, uint8_t x518 = addcarryx_u32(x515, x444, x490);
uint32_t x520, uint8_t x521 = addcarryx_u32(x518, x447, x493);
uint32_t x523, uint8_t x524 = addcarryx_u32(x521, x450, x496);
uint32_t x526, uint8_t x527 = addcarryx_u32(x524, x453, x499);
uint32_t x529, uint8_t x530 = addcarryx_u32(x527, x456, x502);
uint32_t x532, uint8_t x533 = addcarryx_u32(x530, x458, x505);
uint32_t x535, uint32_t _ = mulx_u32(x508, 0xcccccccd);
uint32_t x538, uint32_t x539 = mulx_u32(x535, 0xfffffffb);
uint32_t x541, uint32_t x542 = mulx_u32(x535, 0xffffffff);
uint32_t x544, uint32_t x545 = mulx_u32(x535, 0xffffffff);
uint32_t x547, uint32_t x548 = mulx_u32(x535, 0xffffffff);
uint32_t x550, uint32_t x551 = mulx_u32(x535, 0xffffffff);
uint32_t x553, uint32_t x554 = mulx_u32(x535, 0xffffffff);
uint32_t x556, uint32_t x557 = mulx_u32(x535, 0xffffffff);
uint32_t x559, uint8_t x560 = mulx_u32_out_u8(x535, 0x3);
uint32_t x562, uint8_t x563 = addcarryx_u32(0x0, x539, x541);
uint32_t x565, uint8_t x566 = addcarryx_u32(x563, x542, x544);
uint32_t x568, uint8_t x569 = addcarryx_u32(x566, x545, x547);
uint32_t x571, uint8_t x572 = addcarryx_u32(x569, x548, x550);
uint32_t x574, uint8_t x575 = addcarryx_u32(x572, x551, x553);
uint32_t x577, uint8_t x578 = addcarryx_u32(x575, x554, x556);
uint32_t x580, uint8_t x581 = addcarryx_u32(x578, x557, x559);
uint8_t x582 = (x581 + x560);
uint32_t _, uint8_t x585 = addcarryx_u32(0x0, x508, x538);
uint32_t x587, uint8_t x588 = addcarryx_u32(x585, x511, x562);
uint32_t x590, uint8_t x591 = addcarryx_u32(x588, x514, x565);
uint32_t x593, uint8_t x594 = addcarryx_u32(x591, x517, x568);
uint32_t x596, uint8_t x597 = addcarryx_u32(x594, x520, x571);
uint32_t x599, uint8_t x600 = addcarryx_u32(x597, x523, x574);
uint32_t x602, uint8_t x603 = addcarryx_u32(x600, x526, x577);
uint32_t x605, uint8_t x606 = addcarryx_u32(x603, x529, x580);
uint32_t x608, uint8_t x609 = addcarryx_u32(x606, x532, x582);
uint8_t x610 = (x609 + x533);
uint32_t x612, uint32_t x613 = mulx_u32(x11, x17);
uint32_t x615, uint32_t x616 = mulx_u32(x11, x19);
uint32_t x618, uint32_t x619 = mulx_u32(x11, x21);
uint32_t x621, uint32_t x622 = mulx_u32(x11, x23);
uint32_t x624, uint32_t x625 = mulx_u32(x11, x25);
uint32_t x627, uint32_t x628 = mulx_u32(x11, x27);
uint32_t x630, uint32_t x631 = mulx_u32(x11, x29);
uint32_t x633, uint32_t x634 = mulx_u32(x11, x28);
uint32_t x636, uint8_t x637 = addcarryx_u32(0x0, x613, x615);
uint32_t x639, uint8_t x640 = addcarryx_u32(x637, x616, x618);
uint32_t x642, uint8_t x643 = addcarryx_u32(x640, x619, x621);
uint32_t x645, uint8_t x646 = addcarryx_u32(x643, x622, x624);
uint32_t x648, uint8_t x649 = addcarryx_u32(x646, x625, x627);
uint32_t x651, uint8_t x652 = addcarryx_u32(x649, x628, x630);
uint32_t x654, uint8_t x655 = addcarryx_u32(x652, x631, x633);
uint32_t x657, uint8_t _ = addcarryx_u32(0x0, x655, x634);
uint32_t x660, uint8_t x661 = addcarryx_u32(0x0, x587, x612);
uint32_t x663, uint8_t x664 = addcarryx_u32(x661, x590, x636);
uint32_t x666, uint8_t x667 = addcarryx_u32(x664, x593, x639);
uint32_t x669, uint8_t x670 = addcarryx_u32(x667, x596, x642);
uint32_t x672, uint8_t x673 = addcarryx_u32(x670, x599, x645);
uint32_t x675, uint8_t x676 = addcarryx_u32(x673, x602, x648);
uint32_t x678, uint8_t x679 = addcarryx_u32(x676, x605, x651);
uint32_t x681, uint8_t x682 = addcarryx_u32(x679, x608, x654);
uint32_t x684, uint8_t x685 = addcarryx_u32(x682, x610, x657);
uint32_t x687, uint32_t _ = mulx_u32(x660, 0xcccccccd);
uint32_t x690, uint32_t x691 = mulx_u32(x687, 0xfffffffb);
uint32_t x693, uint32_t x694 = mulx_u32(x687, 0xffffffff);
uint32_t x696, uint32_t x697 = mulx_u32(x687, 0xffffffff);
uint32_t x699, uint32_t x700 = mulx_u32(x687, 0xffffffff);
uint32_t x702, uint32_t x703 = mulx_u32(x687, 0xffffffff);
uint32_t x705, uint32_t x706 = mulx_u32(x687, 0xffffffff);
uint32_t x708, uint32_t x709 = mulx_u32(x687, 0xffffffff);
uint32_t x711, uint8_t x712 = mulx_u32_out_u8(x687, 0x3);
uint32_t x714, uint8_t x715 = addcarryx_u32(0x0, x691, x693);
uint32_t x717, uint8_t x718 = addcarryx_u32(x715, x694, x696);
uint32_t x720, uint8_t x721 = addcarryx_u32(x718, x697, x699);
uint32_t x723, uint8_t x724 = addcarryx_u32(x721, x700, x702);
uint32_t x726, uint8_t x727 = addcarryx_u32(x724, x703, x705);
uint32_t x729, uint8_t x730 = addcarryx_u32(x727, x706, x708);
uint32_t x732, uint8_t x733 = addcarryx_u32(x730, x709, x711);
uint8_t x734 = (x733 + x712);
uint32_t _, uint8_t x737 = addcarryx_u32(0x0, x660, x690);
uint32_t x739, uint8_t x740 = addcarryx_u32(x737, x663, x714);
uint32_t x742, uint8_t x743 = addcarryx_u32(x740, x666, x717);
uint32_t x745, uint8_t x746 = addcarryx_u32(x743, x669, x720);
uint32_t x748, uint8_t x749 = addcarryx_u32(x746, x672, x723);
uint32_t x751, uint8_t x752 = addcarryx_u32(x749, x675, x726);
uint32_t x754, uint8_t x755 = addcarryx_u32(x752, x678, x729);
uint32_t x757, uint8_t x758 = addcarryx_u32(x755, x681, x732);
uint32_t x760, uint8_t x761 = addcarryx_u32(x758, x684, x734);
uint8_t x762 = (x761 + x685);
uint32_t x764, uint32_t x765 = mulx_u32(x13, x17);
uint32_t x767, uint32_t x768 = mulx_u32(x13, x19);
uint32_t x770, uint32_t x771 = mulx_u32(x13, x21);
uint32_t x773, uint32_t x774 = mulx_u32(x13, x23);
uint32_t x776, uint32_t x777 = mulx_u32(x13, x25);
uint32_t x779, uint32_t x780 = mulx_u32(x13, x27);
uint32_t x782, uint32_t x783 = mulx_u32(x13, x29);
uint32_t x785, uint32_t x786 = mulx_u32(x13, x28);
uint32_t x788, uint8_t x789 = addcarryx_u32(0x0, x765, x767);
uint32_t x791, uint8_t x792 = addcarryx_u32(x789, x768, x770);
uint32_t x794, uint8_t x795 = addcarryx_u32(x792, x771, x773);
uint32_t x797, uint8_t x798 = addcarryx_u32(x795, x774, x776);
uint32_t x800, uint8_t x801 = addcarryx_u32(x798, x777, x779);
uint32_t x803, uint8_t x804 = addcarryx_u32(x801, x780, x782);
uint32_t x806, uint8_t x807 = addcarryx_u32(x804, x783, x785);
uint32_t x809, uint8_t _ = addcarryx_u32(0x0, x807, x786);
uint32_t x812, uint8_t x813 = addcarryx_u32(0x0, x739, x764);
uint32_t x815, uint8_t x816 = addcarryx_u32(x813, x742, x788);
uint32_t x818, uint8_t x819 = addcarryx_u32(x816, x745, x791);
uint32_t x821, uint8_t x822 = addcarryx_u32(x819, x748, x794);
uint32_t x824, uint8_t x825 = addcarryx_u32(x822, x751, x797);
uint32_t x827, uint8_t x828 = addcarryx_u32(x825, x754, x800);
uint32_t x830, uint8_t x831 = addcarryx_u32(x828, x757, x803);
uint32_t x833, uint8_t x834 = addcarryx_u32(x831, x760, x806);
uint32_t x836, uint8_t x837 = addcarryx_u32(x834, x762, x809);
uint32_t x839, uint32_t _ = mulx_u32(x812, 0xcccccccd);
uint32_t x842, uint32_t x843 = mulx_u32(x839, 0xfffffffb);
uint32_t x845, uint32_t x846 = mulx_u32(x839, 0xffffffff);
uint32_t x848, uint32_t x849 = mulx_u32(x839, 0xffffffff);
uint32_t x851, uint32_t x852 = mulx_u32(x839, 0xffffffff);
uint32_t x854, uint32_t x855 = mulx_u32(x839, 0xffffffff);
uint32_t x857, uint32_t x858 = mulx_u32(x839, 0xffffffff);
uint32_t x860, uint32_t x861 = mulx_u32(x839, 0xffffffff);
uint32_t x863, uint8_t x864 = mulx_u32_out_u8(x839, 0x3);
uint32_t x866, uint8_t x867 = addcarryx_u32(0x0, x843, x845);
uint32_t x869, uint8_t x870 = addcarryx_u32(x867, x846, x848);
uint32_t x872, uint8_t x873 = addcarryx_u32(x870, x849, x851);
uint32_t x875, uint8_t x876 = addcarryx_u32(x873, x852, x854);
uint32_t x878, uint8_t x879 = addcarryx_u32(x876, x855, x857);
uint32_t x881, uint8_t x882 = addcarryx_u32(x879, x858, x860);
uint32_t x884, uint8_t x885 = addcarryx_u32(x882, x861, x863);
uint8_t x886 = (x885 + x864);
uint32_t _, uint8_t x889 = addcarryx_u32(0x0, x812, x842);
uint32_t x891, uint8_t x892 = addcarryx_u32(x889, x815, x866);
uint32_t x894, uint8_t x895 = addcarryx_u32(x892, x818, x869);
uint32_t x897, uint8_t x898 = addcarryx_u32(x895, x821, x872);
uint32_t x900, uint8_t x901 = addcarryx_u32(x898, x824, x875);
uint32_t x903, uint8_t x904 = addcarryx_u32(x901, x827, x878);
uint32_t x906, uint8_t x907 = addcarryx_u32(x904, x830, x881);
uint32_t x909, uint8_t x910 = addcarryx_u32(x907, x833, x884);
uint32_t x912, uint8_t x913 = addcarryx_u32(x910, x836, x886);
uint8_t x914 = (x913 + x837);
uint32_t x916, uint32_t x917 = mulx_u32(x15, x17);
uint32_t x919, uint32_t x920 = mulx_u32(x15, x19);
uint32_t x922, uint32_t x923 = mulx_u32(x15, x21);
uint32_t x925, uint32_t x926 = mulx_u32(x15, x23);
uint32_t x928, uint32_t x929 = mulx_u32(x15, x25);
uint32_t x931, uint32_t x932 = mulx_u32(x15, x27);
uint32_t x934, uint32_t x935 = mulx_u32(x15, x29);
uint32_t x937, uint32_t x938 = mulx_u32(x15, x28);
uint32_t x940, uint8_t x941 = addcarryx_u32(0x0, x917, x919);
uint32_t x943, uint8_t x944 = addcarryx_u32(x941, x920, x922);
uint32_t x946, uint8_t x947 = addcarryx_u32(x944, x923, x925);
uint32_t x949, uint8_t x950 = addcarryx_u32(x947, x926, x928);
uint32_t x952, uint8_t x953 = addcarryx_u32(x950, x929, x931);
uint32_t x955, uint8_t x956 = addcarryx_u32(x953, x932, x934);
uint32_t x958, uint8_t x959 = addcarryx_u32(x956, x935, x937);
uint32_t x961, uint8_t _ = addcarryx_u32(0x0, x959, x938);
uint32_t x964, uint8_t x965 = addcarryx_u32(0x0, x891, x916);
uint32_t x967, uint8_t x968 = addcarryx_u32(x965, x894, x940);
uint32_t x970, uint8_t x971 = addcarryx_u32(x968, x897, x943);
uint32_t x973, uint8_t x974 = addcarryx_u32(x971, x900, x946);
uint32_t x976, uint8_t x977 = addcarryx_u32(x974, x903, x949);
uint32_t x979, uint8_t x980 = addcarryx_u32(x977, x906, x952);
uint32_t x982, uint8_t x983 = addcarryx_u32(x980, x909, x955);
uint32_t x985, uint8_t x986 = addcarryx_u32(x983, x912, x958);
uint32_t x988, uint8_t x989 = addcarryx_u32(x986, x914, x961);
uint32_t x991, uint32_t _ = mulx_u32(x964, 0xcccccccd);
uint32_t x994, uint32_t x995 = mulx_u32(x991, 0xfffffffb);
uint32_t x997, uint32_t x998 = mulx_u32(x991, 0xffffffff);
uint32_t x1000, uint32_t x1001 = mulx_u32(x991, 0xffffffff);
uint32_t x1003, uint32_t x1004 = mulx_u32(x991, 0xffffffff);
uint32_t x1006, uint32_t x1007 = mulx_u32(x991, 0xffffffff);
uint32_t x1009, uint32_t x1010 = mulx_u32(x991, 0xffffffff);
uint32_t x1012, uint32_t x1013 = mulx_u32(x991, 0xffffffff);
uint32_t x1015, uint8_t x1016 = mulx_u32_out_u8(x991, 0x3);
uint32_t x1018, uint8_t x1019 = addcarryx_u32(0x0, x995, x997);
uint32_t x1021, uint8_t x1022 = addcarryx_u32(x1019, x998, x1000);
uint32_t x1024, uint8_t x1025 = addcarryx_u32(x1022, x1001, x1003);
uint32_t x1027, uint8_t x1028 = addcarryx_u32(x1025, x1004, x1006);
uint32_t x1030, uint8_t x1031 = addcarryx_u32(x1028, x1007, x1009);
uint32_t x1033, uint8_t x1034 = addcarryx_u32(x1031, x1010, x1012);
uint32_t x1036, uint8_t x1037 = addcarryx_u32(x1034, x1013, x1015);
uint8_t x1038 = (x1037 + x1016);
uint32_t _, uint8_t x1041 = addcarryx_u32(0x0, x964, x994);
uint32_t x1043, uint8_t x1044 = addcarryx_u32(x1041, x967, x1018);
uint32_t x1046, uint8_t x1047 = addcarryx_u32(x1044, x970, x1021);
uint32_t x1049, uint8_t x1050 = addcarryx_u32(x1047, x973, x1024);
uint32_t x1052, uint8_t x1053 = addcarryx_u32(x1050, x976, x1027);
uint32_t x1055, uint8_t x1056 = addcarryx_u32(x1053, x979, x1030);
uint32_t x1058, uint8_t x1059 = addcarryx_u32(x1056, x982, x1033);
uint32_t x1061, uint8_t x1062 = addcarryx_u32(x1059, x985, x1036);
uint32_t x1064, uint8_t x1065 = addcarryx_u32(x1062, x988, x1038);
uint8_t x1066 = (x1065 + x989);
uint32_t x1068, uint32_t x1069 = mulx_u32(x14, x17);
uint32_t x1071, uint32_t x1072 = mulx_u32(x14, x19);
uint32_t x1074, uint32_t x1075 = mulx_u32(x14, x21);
uint32_t x1077, uint32_t x1078 = mulx_u32(x14, x23);
uint32_t x1080, uint32_t x1081 = mulx_u32(x14, x25);
uint32_t x1083, uint32_t x1084 = mulx_u32(x14, x27);
uint32_t x1086, uint32_t x1087 = mulx_u32(x14, x29);
uint32_t x1089, uint32_t x1090 = mulx_u32(x14, x28);
uint32_t x1092, uint8_t x1093 = addcarryx_u32(0x0, x1069, x1071);
uint32_t x1095, uint8_t x1096 = addcarryx_u32(x1093, x1072, x1074);
uint32_t x1098, uint8_t x1099 = addcarryx_u32(x1096, x1075, x1077);
uint32_t x1101, uint8_t x1102 = addcarryx_u32(x1099, x1078, x1080);
uint32_t x1104, uint8_t x1105 = addcarryx_u32(x1102, x1081, x1083);
uint32_t x1107, uint8_t x1108 = addcarryx_u32(x1105, x1084, x1086);
uint32_t x1110, uint8_t x1111 = addcarryx_u32(x1108, x1087, x1089);
uint32_t x1113, uint8_t _ = addcarryx_u32(0x0, x1111, x1090);
uint32_t x1116, uint8_t x1117 = addcarryx_u32(0x0, x1043, x1068);
uint32_t x1119, uint8_t x1120 = addcarryx_u32(x1117, x1046, x1092);
uint32_t x1122, uint8_t x1123 = addcarryx_u32(x1120, x1049, x1095);
uint32_t x1125, uint8_t x1126 = addcarryx_u32(x1123, x1052, x1098);
uint32_t x1128, uint8_t x1129 = addcarryx_u32(x1126, x1055, x1101);
uint32_t x1131, uint8_t x1132 = addcarryx_u32(x1129, x1058, x1104);
uint32_t x1134, uint8_t x1135 = addcarryx_u32(x1132, x1061, x1107);
uint32_t x1137, uint8_t x1138 = addcarryx_u32(x1135, x1064, x1110);
uint32_t x1140, uint8_t x1141 = addcarryx_u32(x1138, x1066, x1113);
uint32_t x1143, uint32_t _ = mulx_u32(x1116, 0xcccccccd);
uint32_t x1146, uint32_t x1147 = mulx_u32(x1143, 0xfffffffb);
uint32_t x1149, uint32_t x1150 = mulx_u32(x1143, 0xffffffff);
uint32_t x1152, uint32_t x1153 = mulx_u32(x1143, 0xffffffff);
uint32_t x1155, uint32_t x1156 = mulx_u32(x1143, 0xffffffff);
uint32_t x1158, uint32_t x1159 = mulx_u32(x1143, 0xffffffff);
uint32_t x1161, uint32_t x1162 = mulx_u32(x1143, 0xffffffff);
uint32_t x1164, uint32_t x1165 = mulx_u32(x1143, 0xffffffff);
uint32_t x1167, uint8_t x1168 = mulx_u32_out_u8(x1143, 0x3);
uint32_t x1170, uint8_t x1171 = addcarryx_u32(0x0, x1147, x1149);
uint32_t x1173, uint8_t x1174 = addcarryx_u32(x1171, x1150, x1152);
uint32_t x1176, uint8_t x1177 = addcarryx_u32(x1174, x1153, x1155);
uint32_t x1179, uint8_t x1180 = addcarryx_u32(x1177, x1156, x1158);
uint32_t x1182, uint8_t x1183 = addcarryx_u32(x1180, x1159, x1161);
uint32_t x1185, uint8_t x1186 = addcarryx_u32(x1183, x1162, x1164);
uint32_t x1188, uint8_t x1189 = addcarryx_u32(x1186, x1165, x1167);
uint8_t x1190 = (x1189 + x1168);
uint32_t _, uint8_t x1193 = addcarryx_u32(0x0, x1116, x1146);
uint32_t x1195, uint8_t x1196 = addcarryx_u32(x1193, x1119, x1170);
uint32_t x1198, uint8_t x1199 = addcarryx_u32(x1196, x1122, x1173);
uint32_t x1201, uint8_t x1202 = addcarryx_u32(x1199, x1125, x1176);
uint32_t x1204, uint8_t x1205 = addcarryx_u32(x1202, x1128, x1179);
uint32_t x1207, uint8_t x1208 = addcarryx_u32(x1205, x1131, x1182);
uint32_t x1210, uint8_t x1211 = addcarryx_u32(x1208, x1134, x1185);
uint32_t x1213, uint8_t x1214 = addcarryx_u32(x1211, x1137, x1188);
uint32_t x1216, uint8_t x1217 = addcarryx_u32(x1214, x1140, x1190);
uint8_t x1218 = (x1217 + x1141);
uint32_t x1220, uint8_t x1221 = subborrow_u32(0x0, x1195, 0xfffffffb);
uint32_t x1223, uint8_t x1224 = subborrow_u32(x1221, x1198, 0xffffffff);
uint32_t x1226, uint8_t x1227 = subborrow_u32(x1224, x1201, 0xffffffff);
uint32_t x1229, uint8_t x1230 = subborrow_u32(x1227, x1204, 0xffffffff);
uint32_t x1232, uint8_t x1233 = subborrow_u32(x1230, x1207, 0xffffffff);
uint32_t x1235, uint8_t x1236 = subborrow_u32(x1233, x1210, 0xffffffff);
uint32_t x1238, uint8_t x1239 = subborrow_u32(x1236, x1213, 0xffffffff);
uint32_t x1241, uint8_t x1242 = subborrow_u32(x1239, x1216, 0x3);
uint32_t _, uint8_t x1245 = subborrow_u32(x1242, x1218, 0x0);
(cmovznz32(x1245, x1241, x1216), cmovznz32(x1245, x1238, x1213), cmovznz32(x1245, x1235, x1210), cmovznz32(x1245, x1232, x1207), cmovznz32(x1245, x1229, x1204), cmovznz32(x1245, x1226, x1201), cmovznz32(x1245, x1223, x1198), cmovznz32(x1245, x1220, x1195))
     : ∀ var : Z.Syntax.base_type → Type, expr Z.Syntax.base_type Z.Syntax.op (uint32_t * uint32_t * uint32_t * uint32_t * uint32_t * uint32_t * uint32_t * uint32_t * (uint32_t * uint32_t * uint32_t * uint32_t * uint32_t * uint32_t * uint32_t * uint32_t) -> uint32_t * uint32_t * uint32_t * uint32_t * uint32_t * uint32_t * uint32_t * uint32_t)

Argument scope is [function_scope]
