freeze = λ var : Z.Syntax.base_type → Type,
λ '(x28, x29, x27, x25, x23, x21, x19, x17, x15, x13, x11, x9, x7, x5, x3, x1)%core,
uint32_t x31, uint32_t x32 = Op (Z.Syntax.SubWithGetBorrow 26 (Syntax.TWord 5) (Syntax.TWord 5) (Syntax.TWord 5) (Syntax.TWord 5) (Syntax.TWord 5)) (0x0, Return x1, 0x3ffffef);
uint32_t x34, uint32_t x35 = Op (Z.Syntax.SubWithGetBorrow 26 (Syntax.TWord 5) (Syntax.TWord 5) (Syntax.TWord 5) (Syntax.TWord 5) (Syntax.TWord 5)) (Return x32, Return x3, 0x3ffffff);
uint32_t x37, uint32_t x38 = Op (Z.Syntax.SubWithGetBorrow 26 (Syntax.TWord 5) (Syntax.TWord 5) (Syntax.TWord 5) (Syntax.TWord 5) (Syntax.TWord 5)) (Return x35, Return x5, 0x3ffffff);
uint32_t x40, uint32_t x41 = Op (Z.Syntax.SubWithGetBorrow 26 (Syntax.TWord 5) (Syntax.TWord 5) (Syntax.TWord 5) (Syntax.TWord 5) (Syntax.TWord 5)) (Return x38, Return x7, 0x3ffffff);
uint32_t x43, uint32_t x44 = Op (Z.Syntax.SubWithGetBorrow 26 (Syntax.TWord 5) (Syntax.TWord 5) (Syntax.TWord 5) (Syntax.TWord 5) (Syntax.TWord 5)) (Return x41, Return x9, 0x3ffffff);
uint32_t x46, uint32_t x47 = Op (Z.Syntax.SubWithGetBorrow 26 (Syntax.TWord 5) (Syntax.TWord 5) (Syntax.TWord 5) (Syntax.TWord 5) (Syntax.TWord 5)) (Return x44, Return x11, 0x3ffffff);
uint32_t x49, uint32_t x50 = Op (Z.Syntax.SubWithGetBorrow 26 (Syntax.TWord 5) (Syntax.TWord 5) (Syntax.TWord 5) (Syntax.TWord 5) (Syntax.TWord 5)) (Return x47, Return x13, 0x3ffffff);
uint32_t x52, uint32_t x53 = Op (Z.Syntax.SubWithGetBorrow 25 (Syntax.TWord 5) (Syntax.TWord 5) (Syntax.TWord 5) (Syntax.TWord 5) (Syntax.TWord 5)) (Return x50, Return x15, 0x1ffffff);
uint32_t x55, uint32_t x56 = Op (Z.Syntax.SubWithGetBorrow 26 (Syntax.TWord 5) (Syntax.TWord 5) (Syntax.TWord 5) (Syntax.TWord 5) (Syntax.TWord 5)) (Return x53, Return x17, 0x3ffffff);
uint32_t x58, uint32_t x59 = Op (Z.Syntax.SubWithGetBorrow 26 (Syntax.TWord 5) (Syntax.TWord 5) (Syntax.TWord 5) (Syntax.TWord 5) (Syntax.TWord 5)) (Return x56, Return x19, 0x3ffffff);
uint32_t x61, uint32_t x62 = Op (Z.Syntax.SubWithGetBorrow 26 (Syntax.TWord 5) (Syntax.TWord 5) (Syntax.TWord 5) (Syntax.TWord 5) (Syntax.TWord 5)) (Return x59, Return x21, 0x3ffffff);
uint32_t x64, uint32_t x65 = Op (Z.Syntax.SubWithGetBorrow 26 (Syntax.TWord 5) (Syntax.TWord 5) (Syntax.TWord 5) (Syntax.TWord 5) (Syntax.TWord 5)) (Return x62, Return x23, 0x3ffffff);
uint32_t x67, uint32_t x68 = Op (Z.Syntax.SubWithGetBorrow 26 (Syntax.TWord 5) (Syntax.TWord 5) (Syntax.TWord 5) (Syntax.TWord 5) (Syntax.TWord 5)) (Return x65, Return x25, 0x3ffffff);
uint32_t x70, uint32_t x71 = Op (Z.Syntax.SubWithGetBorrow 26 (Syntax.TWord 5) (Syntax.TWord 5) (Syntax.TWord 5) (Syntax.TWord 5) (Syntax.TWord 5)) (Return x68, Return x27, 0x3ffffff);
uint32_t x73, uint32_t x74 = Op (Z.Syntax.SubWithGetBorrow 26 (Syntax.TWord 5) (Syntax.TWord 5) (Syntax.TWord 5) (Syntax.TWord 5) (Syntax.TWord 5)) (Return x71, Return x29, 0x3ffffff);
uint32_t x76, uint32_t x77 = Op (Z.Syntax.SubWithGetBorrow 25 (Syntax.TWord 5) (Syntax.TWord 5) (Syntax.TWord 5) (Syntax.TWord 5) (Syntax.TWord 5)) (Return x74, Return x28, 0x1ffffff);
uint32_t x78 = cmovznz32(x77, 0x0, 0xffffffff);
uint32_t x79 = (x78 & 0x3ffffef);
uint32_t x81, uint32_t x82 = Op (Z.Syntax.AddWithGetCarry 26 (Syntax.TWord 5) (Syntax.TWord 5) (Syntax.TWord 5) (Syntax.TWord 5) (Syntax.TWord 5)) (0x0, Return x31, Return x79);
uint32_t x83 = (x78 & 0x3ffffff);
uint32_t x85, uint32_t x86 = Op (Z.Syntax.AddWithGetCarry 26 (Syntax.TWord 5) (Syntax.TWord 5) (Syntax.TWord 5) (Syntax.TWord 5) (Syntax.TWord 5)) (Return x82, Return x34, Return x83);
uint32_t x87 = (x78 & 0x3ffffff);
uint32_t x89, uint32_t x90 = Op (Z.Syntax.AddWithGetCarry 26 (Syntax.TWord 5) (Syntax.TWord 5) (Syntax.TWord 5) (Syntax.TWord 5) (Syntax.TWord 5)) (Return x86, Return x37, Return x87);
uint32_t x91 = (x78 & 0x3ffffff);
uint32_t x93, uint32_t x94 = Op (Z.Syntax.AddWithGetCarry 26 (Syntax.TWord 5) (Syntax.TWord 5) (Syntax.TWord 5) (Syntax.TWord 5) (Syntax.TWord 5)) (Return x90, Return x40, Return x91);
uint32_t x95 = (x78 & 0x3ffffff);
uint32_t x97, uint32_t x98 = Op (Z.Syntax.AddWithGetCarry 26 (Syntax.TWord 5) (Syntax.TWord 5) (Syntax.TWord 5) (Syntax.TWord 5) (Syntax.TWord 5)) (Return x94, Return x43, Return x95);
uint32_t x99 = (x78 & 0x3ffffff);
uint32_t x101, uint32_t x102 = Op (Z.Syntax.AddWithGetCarry 26 (Syntax.TWord 5) (Syntax.TWord 5) (Syntax.TWord 5) (Syntax.TWord 5) (Syntax.TWord 5)) (Return x98, Return x46, Return x99);
uint32_t x103 = (x78 & 0x3ffffff);
uint32_t x105, uint32_t x106 = Op (Z.Syntax.AddWithGetCarry 26 (Syntax.TWord 5) (Syntax.TWord 5) (Syntax.TWord 5) (Syntax.TWord 5) (Syntax.TWord 5)) (Return x102, Return x49, Return x103);
uint32_t x107 = (x78 & 0x1ffffff);
uint32_t x109, uint32_t x110 = Op (Z.Syntax.AddWithGetCarry 25 (Syntax.TWord 5) (Syntax.TWord 5) (Syntax.TWord 5) (Syntax.TWord 5) (Syntax.TWord 5)) (Return x106, Return x52, Return x107);
uint32_t x111 = (x78 & 0x3ffffff);
uint32_t x113, uint32_t x114 = Op (Z.Syntax.AddWithGetCarry 26 (Syntax.TWord 5) (Syntax.TWord 5) (Syntax.TWord 5) (Syntax.TWord 5) (Syntax.TWord 5)) (Return x110, Return x55, Return x111);
uint32_t x115 = (x78 & 0x3ffffff);
uint32_t x117, uint32_t x118 = Op (Z.Syntax.AddWithGetCarry 26 (Syntax.TWord 5) (Syntax.TWord 5) (Syntax.TWord 5) (Syntax.TWord 5) (Syntax.TWord 5)) (Return x114, Return x58, Return x115);
uint32_t x119 = (x78 & 0x3ffffff);
uint32_t x121, uint32_t x122 = Op (Z.Syntax.AddWithGetCarry 26 (Syntax.TWord 5) (Syntax.TWord 5) (Syntax.TWord 5) (Syntax.TWord 5) (Syntax.TWord 5)) (Return x118, Return x61, Return x119);
uint32_t x123 = (x78 & 0x3ffffff);
uint32_t x125, uint32_t x126 = Op (Z.Syntax.AddWithGetCarry 26 (Syntax.TWord 5) (Syntax.TWord 5) (Syntax.TWord 5) (Syntax.TWord 5) (Syntax.TWord 5)) (Return x122, Return x64, Return x123);
uint32_t x127 = (x78 & 0x3ffffff);
uint32_t x129, uint32_t x130 = Op (Z.Syntax.AddWithGetCarry 26 (Syntax.TWord 5) (Syntax.TWord 5) (Syntax.TWord 5) (Syntax.TWord 5) (Syntax.TWord 5)) (Return x126, Return x67, Return x127);
uint32_t x131 = (x78 & 0x3ffffff);
uint32_t x133, uint32_t x134 = Op (Z.Syntax.AddWithGetCarry 26 (Syntax.TWord 5) (Syntax.TWord 5) (Syntax.TWord 5) (Syntax.TWord 5) (Syntax.TWord 5)) (Return x130, Return x70, Return x131);
uint32_t x135 = (x78 & 0x3ffffff);
uint32_t x137, uint32_t x138 = Op (Z.Syntax.AddWithGetCarry 26 (Syntax.TWord 5) (Syntax.TWord 5) (Syntax.TWord 5) (Syntax.TWord 5) (Syntax.TWord 5)) (Return x134, Return x73, Return x135);
uint32_t x139 = (x78 & 0x1ffffff);
uint32_t x141, uint32_t _ = Op (Z.Syntax.AddWithGetCarry 25 (Syntax.TWord 5) (Syntax.TWord 5) (Syntax.TWord 5) (Syntax.TWord 5) (Syntax.TWord 5)) (Return x138, Return x76, Return x139);
(Return x141, Return x137, Return x133, Return x129, Return x125, Return x121, Return x117, Return x113, Return x109, Return x105, Return x101, Return x97, Return x93, Return x89, Return x85, Return x81)
     : ∀ var : Z.Syntax.base_type → Type, expr Z.Syntax.base_type Z.Syntax.op (uint32_t * uint32_t * uint32_t * uint32_t * uint32_t * uint32_t * uint32_t * uint32_t * uint32_t * uint32_t * uint32_t * uint32_t * uint32_t * uint32_t * uint32_t * uint32_t -> uint32_t * uint32_t * uint32_t * uint32_t * uint32_t * uint32_t * uint32_t * uint32_t * uint32_t * uint32_t * uint32_t * uint32_t * uint32_t * uint32_t * uint32_t * uint32_t)

Argument scope is [function_scope]
