freeze = λ var : Z.Syntax.base_type → Type,
λ '(x20, x21, x19, x17, x15, x13, x11, x9, x7, x5, x3, x1)%core,
uint32_t x23, uint32_t x24 = Op (Z.Syntax.SubWithGetBorrow 22 (Syntax.TWord 5) (Syntax.TWord 5) (Syntax.TWord 5) (Syntax.TWord 5) (Syntax.TWord 5)) (0x0, Return x1, 0x3fff43);
uint32_t x26, uint32_t x27 = Op (Z.Syntax.SubWithGetBorrow 21 (Syntax.TWord 5) (Syntax.TWord 5) (Syntax.TWord 5) (Syntax.TWord 5) (Syntax.TWord 5)) (Return x24, Return x3, 0x1fffff);
uint32_t x29, uint32_t x30 = Op (Z.Syntax.SubWithGetBorrow 21 (Syntax.TWord 5) (Syntax.TWord 5) (Syntax.TWord 5) (Syntax.TWord 5) (Syntax.TWord 5)) (Return x27, Return x5, 0x1fffff);
uint32_t x32, uint32_t x33 = Op (Z.Syntax.SubWithGetBorrow 22 (Syntax.TWord 5) (Syntax.TWord 5) (Syntax.TWord 5) (Syntax.TWord 5) (Syntax.TWord 5)) (Return x30, Return x7, 0x3fffff);
uint32_t x35, uint32_t x36 = Op (Z.Syntax.SubWithGetBorrow 21 (Syntax.TWord 5) (Syntax.TWord 5) (Syntax.TWord 5) (Syntax.TWord 5) (Syntax.TWord 5)) (Return x33, Return x9, 0x1fffff);
uint32_t x38, uint32_t x39 = Op (Z.Syntax.SubWithGetBorrow 21 (Syntax.TWord 5) (Syntax.TWord 5) (Syntax.TWord 5) (Syntax.TWord 5) (Syntax.TWord 5)) (Return x36, Return x11, 0x1fffff);
uint32_t x41, uint32_t x42 = Op (Z.Syntax.SubWithGetBorrow 22 (Syntax.TWord 5) (Syntax.TWord 5) (Syntax.TWord 5) (Syntax.TWord 5) (Syntax.TWord 5)) (Return x39, Return x13, 0x3fffff);
uint32_t x44, uint32_t x45 = Op (Z.Syntax.SubWithGetBorrow 21 (Syntax.TWord 5) (Syntax.TWord 5) (Syntax.TWord 5) (Syntax.TWord 5) (Syntax.TWord 5)) (Return x42, Return x15, 0x1fffff);
uint32_t x47, uint32_t x48 = Op (Z.Syntax.SubWithGetBorrow 21 (Syntax.TWord 5) (Syntax.TWord 5) (Syntax.TWord 5) (Syntax.TWord 5) (Syntax.TWord 5)) (Return x45, Return x17, 0x1fffff);
uint32_t x50, uint32_t x51 = Op (Z.Syntax.SubWithGetBorrow 22 (Syntax.TWord 5) (Syntax.TWord 5) (Syntax.TWord 5) (Syntax.TWord 5) (Syntax.TWord 5)) (Return x48, Return x19, 0x3fffff);
uint32_t x53, uint32_t x54 = Op (Z.Syntax.SubWithGetBorrow 21 (Syntax.TWord 5) (Syntax.TWord 5) (Syntax.TWord 5) (Syntax.TWord 5) (Syntax.TWord 5)) (Return x51, Return x21, 0x1fffff);
uint32_t x56, uint32_t x57 = Op (Z.Syntax.SubWithGetBorrow 21 (Syntax.TWord 5) (Syntax.TWord 5) (Syntax.TWord 5) (Syntax.TWord 5) (Syntax.TWord 5)) (Return x54, Return x20, 0x1fffff);
uint32_t x58 = cmovznz32(x57, 0x0, 0xffffffff);
uint32_t x59 = (x58 & 0x3fff43);
uint32_t x61, uint32_t x62 = Op (Z.Syntax.AddWithGetCarry 22 (Syntax.TWord 5) (Syntax.TWord 5) (Syntax.TWord 5) (Syntax.TWord 5) (Syntax.TWord 5)) (0x0, Return x23, Return x59);
uint32_t x63 = (x58 & 0x1fffff);
uint32_t x65, uint32_t x66 = Op (Z.Syntax.AddWithGetCarry 21 (Syntax.TWord 5) (Syntax.TWord 5) (Syntax.TWord 5) (Syntax.TWord 5) (Syntax.TWord 5)) (Return x62, Return x26, Return x63);
uint32_t x67 = (x58 & 0x1fffff);
uint32_t x69, uint32_t x70 = Op (Z.Syntax.AddWithGetCarry 21 (Syntax.TWord 5) (Syntax.TWord 5) (Syntax.TWord 5) (Syntax.TWord 5) (Syntax.TWord 5)) (Return x66, Return x29, Return x67);
uint32_t x71 = (x58 & 0x3fffff);
uint32_t x73, uint32_t x74 = Op (Z.Syntax.AddWithGetCarry 22 (Syntax.TWord 5) (Syntax.TWord 5) (Syntax.TWord 5) (Syntax.TWord 5) (Syntax.TWord 5)) (Return x70, Return x32, Return x71);
uint32_t x75 = (x58 & 0x1fffff);
uint32_t x77, uint32_t x78 = Op (Z.Syntax.AddWithGetCarry 21 (Syntax.TWord 5) (Syntax.TWord 5) (Syntax.TWord 5) (Syntax.TWord 5) (Syntax.TWord 5)) (Return x74, Return x35, Return x75);
uint32_t x79 = (x58 & 0x1fffff);
uint32_t x81, uint32_t x82 = Op (Z.Syntax.AddWithGetCarry 21 (Syntax.TWord 5) (Syntax.TWord 5) (Syntax.TWord 5) (Syntax.TWord 5) (Syntax.TWord 5)) (Return x78, Return x38, Return x79);
uint32_t x83 = (x58 & 0x3fffff);
uint32_t x85, uint32_t x86 = Op (Z.Syntax.AddWithGetCarry 22 (Syntax.TWord 5) (Syntax.TWord 5) (Syntax.TWord 5) (Syntax.TWord 5) (Syntax.TWord 5)) (Return x82, Return x41, Return x83);
uint32_t x87 = (x58 & 0x1fffff);
uint32_t x89, uint32_t x90 = Op (Z.Syntax.AddWithGetCarry 21 (Syntax.TWord 5) (Syntax.TWord 5) (Syntax.TWord 5) (Syntax.TWord 5) (Syntax.TWord 5)) (Return x86, Return x44, Return x87);
uint32_t x91 = (x58 & 0x1fffff);
uint32_t x93, uint32_t x94 = Op (Z.Syntax.AddWithGetCarry 21 (Syntax.TWord 5) (Syntax.TWord 5) (Syntax.TWord 5) (Syntax.TWord 5) (Syntax.TWord 5)) (Return x90, Return x47, Return x91);
uint32_t x95 = (x58 & 0x3fffff);
uint32_t x97, uint32_t x98 = Op (Z.Syntax.AddWithGetCarry 22 (Syntax.TWord 5) (Syntax.TWord 5) (Syntax.TWord 5) (Syntax.TWord 5) (Syntax.TWord 5)) (Return x94, Return x50, Return x95);
uint32_t x99 = (x58 & 0x1fffff);
uint32_t x101, uint32_t x102 = Op (Z.Syntax.AddWithGetCarry 21 (Syntax.TWord 5) (Syntax.TWord 5) (Syntax.TWord 5) (Syntax.TWord 5) (Syntax.TWord 5)) (Return x98, Return x53, Return x99);
uint32_t x103 = (x58 & 0x1fffff);
uint32_t x105, uint32_t _ = Op (Z.Syntax.AddWithGetCarry 21 (Syntax.TWord 5) (Syntax.TWord 5) (Syntax.TWord 5) (Syntax.TWord 5) (Syntax.TWord 5)) (Return x102, Return x56, Return x103);
(Return x105, Return x101, Return x97, Return x93, Return x89, Return x85, Return x81, Return x77, Return x73, Return x69, Return x65, Return x61)
     : ∀ var : Z.Syntax.base_type → Type, expr Z.Syntax.base_type Z.Syntax.op (uint32_t * uint32_t * uint32_t * uint32_t * uint32_t * uint32_t * uint32_t * uint32_t * uint32_t * uint32_t * uint32_t * uint32_t -> uint32_t * uint32_t * uint32_t * uint32_t * uint32_t * uint32_t * uint32_t * uint32_t * uint32_t * uint32_t * uint32_t * uint32_t)

Argument scope is [function_scope]
