mul = λ var : Z.Syntax.base_type → Type,
λ '(x14, x15, x13, x11, x9, x7, x5, x3, (x28, x29, x27, x25, x23, x21, x19, x17))%core,
uint64_t x31, uint64_t x32 = mulx_u64(x3, x17);
uint64_t x34, uint64_t x35 = mulx_u64(x3, x19);
uint64_t x37, uint64_t x38 = mulx_u64(x3, x21);
uint64_t x40, uint64_t x41 = mulx_u64(x3, x23);
uint64_t x43, uint64_t x44 = mulx_u64(x3, x25);
uint64_t x46, uint64_t x47 = mulx_u64(x3, x27);
uint64_t x49, uint64_t x50 = mulx_u64(x3, x29);
uint64_t x52, uint64_t x53 = mulx_u64(x3, x28);
uint64_t x55, uint8_t x56 = addcarryx_u64(0x0, x32, x34);
uint64_t x58, uint8_t x59 = addcarryx_u64(x56, x35, x37);
uint64_t x61, uint8_t x62 = addcarryx_u64(x59, x38, x40);
uint64_t x64, uint8_t x65 = addcarryx_u64(x62, x41, x43);
uint64_t x67, uint8_t x68 = addcarryx_u64(x65, x44, x46);
uint64_t x70, uint8_t x71 = addcarryx_u64(x68, x47, x49);
uint64_t x73, uint8_t x74 = addcarryx_u64(x71, x50, x52);
uint64_t x76, uint8_t _ = addcarryx_u64(0x0, x74, x53);
uint64_t x79, uint64_t x80 = mulx_u64(x31, 0xffffffffffffffffL);
uint64_t x82, uint64_t x83 = mulx_u64(x31, 0xffffffffffffffffL);
uint64_t x85, uint64_t x86 = mulx_u64(x31, 0xffffffffffffffffL);
uint64_t x88, uint64_t x89 = mulx_u64(x31, 0xfffffffdffffffffL);
uint64_t x91, uint64_t x92 = mulx_u64(x31, 0xffffffffffffffffL);
uint64_t x94, uint64_t x95 = mulx_u64(x31, 0xffffffffffffffffL);
uint64_t x97, uint64_t x98 = mulx_u64(x31, 0xffffffffffffffffL);
uint64_t x100, uint8_t x101 = mulx_u64_out_u8(x31, 0x3);
uint64_t x103, uint8_t x104 = addcarryx_u64(0x0, x80, x82);
uint64_t x106, uint8_t x107 = addcarryx_u64(x104, x83, x85);
uint64_t x109, uint8_t x110 = addcarryx_u64(x107, x86, x88);
uint64_t x112, uint8_t x113 = addcarryx_u64(x110, x89, x91);
uint64_t x115, uint8_t x116 = addcarryx_u64(x113, x92, x94);
uint64_t x118, uint8_t x119 = addcarryx_u64(x116, x95, x97);
uint64_t x121, uint8_t x122 = addcarryx_u64(x119, x98, x100);
uint8_t x123 = (x122 + x101);
uint64_t _, uint8_t x126 = addcarryx_u64(0x0, x31, x79);
uint64_t x128, uint8_t x129 = addcarryx_u64(x126, x55, x103);
uint64_t x131, uint8_t x132 = addcarryx_u64(x129, x58, x106);
uint64_t x134, uint8_t x135 = addcarryx_u64(x132, x61, x109);
uint64_t x137, uint8_t x138 = addcarryx_u64(x135, x64, x112);
uint64_t x140, uint8_t x141 = addcarryx_u64(x138, x67, x115);
uint64_t x143, uint8_t x144 = addcarryx_u64(x141, x70, x118);
uint64_t x146, uint8_t x147 = addcarryx_u64(x144, x73, x121);
uint64_t x149, uint8_t x150 = addcarryx_u64(x147, x76, x123);
uint8_t x151 = (x150 + 0x0);
uint64_t x153, uint64_t x154 = mulx_u64(x5, x17);
uint64_t x156, uint64_t x157 = mulx_u64(x5, x19);
uint64_t x159, uint64_t x160 = mulx_u64(x5, x21);
uint64_t x162, uint64_t x163 = mulx_u64(x5, x23);
uint64_t x165, uint64_t x166 = mulx_u64(x5, x25);
uint64_t x168, uint64_t x169 = mulx_u64(x5, x27);
uint64_t x171, uint64_t x172 = mulx_u64(x5, x29);
uint64_t x174, uint64_t x175 = mulx_u64(x5, x28);
uint64_t x177, uint8_t x178 = addcarryx_u64(0x0, x154, x156);
uint64_t x180, uint8_t x181 = addcarryx_u64(x178, x157, x159);
uint64_t x183, uint8_t x184 = addcarryx_u64(x181, x160, x162);
uint64_t x186, uint8_t x187 = addcarryx_u64(x184, x163, x165);
uint64_t x189, uint8_t x190 = addcarryx_u64(x187, x166, x168);
uint64_t x192, uint8_t x193 = addcarryx_u64(x190, x169, x171);
uint64_t x195, uint8_t x196 = addcarryx_u64(x193, x172, x174);
uint64_t x198, uint8_t _ = addcarryx_u64(0x0, x196, x175);
uint64_t x201, uint8_t x202 = addcarryx_u64(0x0, x128, x153);
uint64_t x204, uint8_t x205 = addcarryx_u64(x202, x131, x177);
uint64_t x207, uint8_t x208 = addcarryx_u64(x205, x134, x180);
uint64_t x210, uint8_t x211 = addcarryx_u64(x208, x137, x183);
uint64_t x213, uint8_t x214 = addcarryx_u64(x211, x140, x186);
uint64_t x216, uint8_t x217 = addcarryx_u64(x214, x143, x189);
uint64_t x219, uint8_t x220 = addcarryx_u64(x217, x146, x192);
uint64_t x222, uint8_t x223 = addcarryx_u64(x220, x149, x195);
uint64_t x225, uint8_t x226 = addcarryx_u64(x223, x151, x198);
uint64_t x228, uint64_t x229 = mulx_u64(x201, 0xffffffffffffffffL);
uint64_t x231, uint64_t x232 = mulx_u64(x201, 0xffffffffffffffffL);
uint64_t x234, uint64_t x235 = mulx_u64(x201, 0xffffffffffffffffL);
uint64_t x237, uint64_t x238 = mulx_u64(x201, 0xfffffffdffffffffL);
uint64_t x240, uint64_t x241 = mulx_u64(x201, 0xffffffffffffffffL);
uint64_t x243, uint64_t x244 = mulx_u64(x201, 0xffffffffffffffffL);
uint64_t x246, uint64_t x247 = mulx_u64(x201, 0xffffffffffffffffL);
uint64_t x249, uint8_t x250 = mulx_u64_out_u8(x201, 0x3);
uint64_t x252, uint8_t x253 = addcarryx_u64(0x0, x229, x231);
uint64_t x255, uint8_t x256 = addcarryx_u64(x253, x232, x234);
uint64_t x258, uint8_t x259 = addcarryx_u64(x256, x235, x237);
uint64_t x261, uint8_t x262 = addcarryx_u64(x259, x238, x240);
uint64_t x264, uint8_t x265 = addcarryx_u64(x262, x241, x243);
uint64_t x267, uint8_t x268 = addcarryx_u64(x265, x244, x246);
uint64_t x270, uint8_t x271 = addcarryx_u64(x268, x247, x249);
uint8_t x272 = (x271 + x250);
uint64_t _, uint8_t x275 = addcarryx_u64(0x0, x201, x228);
uint64_t x277, uint8_t x278 = addcarryx_u64(x275, x204, x252);
uint64_t x280, uint8_t x281 = addcarryx_u64(x278, x207, x255);
uint64_t x283, uint8_t x284 = addcarryx_u64(x281, x210, x258);
uint64_t x286, uint8_t x287 = addcarryx_u64(x284, x213, x261);
uint64_t x289, uint8_t x290 = addcarryx_u64(x287, x216, x264);
uint64_t x292, uint8_t x293 = addcarryx_u64(x290, x219, x267);
uint64_t x295, uint8_t x296 = addcarryx_u64(x293, x222, x270);
uint64_t x298, uint8_t x299 = addcarryx_u64(x296, x225, x272);
uint8_t x300 = (x299 + x226);
uint64_t x302, uint64_t x303 = mulx_u64(x7, x17);
uint64_t x305, uint64_t x306 = mulx_u64(x7, x19);
uint64_t x308, uint64_t x309 = mulx_u64(x7, x21);
uint64_t x311, uint64_t x312 = mulx_u64(x7, x23);
uint64_t x314, uint64_t x315 = mulx_u64(x7, x25);
uint64_t x317, uint64_t x318 = mulx_u64(x7, x27);
uint64_t x320, uint64_t x321 = mulx_u64(x7, x29);
uint64_t x323, uint64_t x324 = mulx_u64(x7, x28);
uint64_t x326, uint8_t x327 = addcarryx_u64(0x0, x303, x305);
uint64_t x329, uint8_t x330 = addcarryx_u64(x327, x306, x308);
uint64_t x332, uint8_t x333 = addcarryx_u64(x330, x309, x311);
uint64_t x335, uint8_t x336 = addcarryx_u64(x333, x312, x314);
uint64_t x338, uint8_t x339 = addcarryx_u64(x336, x315, x317);
uint64_t x341, uint8_t x342 = addcarryx_u64(x339, x318, x320);
uint64_t x344, uint8_t x345 = addcarryx_u64(x342, x321, x323);
uint64_t x347, uint8_t _ = addcarryx_u64(0x0, x345, x324);
uint64_t x350, uint8_t x351 = addcarryx_u64(0x0, x277, x302);
uint64_t x353, uint8_t x354 = addcarryx_u64(x351, x280, x326);
uint64_t x356, uint8_t x357 = addcarryx_u64(x354, x283, x329);
uint64_t x359, uint8_t x360 = addcarryx_u64(x357, x286, x332);
uint64_t x362, uint8_t x363 = addcarryx_u64(x360, x289, x335);
uint64_t x365, uint8_t x366 = addcarryx_u64(x363, x292, x338);
uint64_t x368, uint8_t x369 = addcarryx_u64(x366, x295, x341);
uint64_t x371, uint8_t x372 = addcarryx_u64(x369, x298, x344);
uint64_t x374, uint8_t x375 = addcarryx_u64(x372, x300, x347);
uint64_t x377, uint64_t x378 = mulx_u64(x350, 0xffffffffffffffffL);
uint64_t x380, uint64_t x381 = mulx_u64(x350, 0xffffffffffffffffL);
uint64_t x383, uint64_t x384 = mulx_u64(x350, 0xffffffffffffffffL);
uint64_t x386, uint64_t x387 = mulx_u64(x350, 0xfffffffdffffffffL);
uint64_t x389, uint64_t x390 = mulx_u64(x350, 0xffffffffffffffffL);
uint64_t x392, uint64_t x393 = mulx_u64(x350, 0xffffffffffffffffL);
uint64_t x395, uint64_t x396 = mulx_u64(x350, 0xffffffffffffffffL);
uint64_t x398, uint8_t x399 = mulx_u64_out_u8(x350, 0x3);
uint64_t x401, uint8_t x402 = addcarryx_u64(0x0, x378, x380);
uint64_t x404, uint8_t x405 = addcarryx_u64(x402, x381, x383);
uint64_t x407, uint8_t x408 = addcarryx_u64(x405, x384, x386);
uint64_t x410, uint8_t x411 = addcarryx_u64(x408, x387, x389);
uint64_t x413, uint8_t x414 = addcarryx_u64(x411, x390, x392);
uint64_t x416, uint8_t x417 = addcarryx_u64(x414, x393, x395);
uint64_t x419, uint8_t x420 = addcarryx_u64(x417, x396, x398);
uint8_t x421 = (x420 + x399);
uint64_t _, uint8_t x424 = addcarryx_u64(0x0, x350, x377);
uint64_t x426, uint8_t x427 = addcarryx_u64(x424, x353, x401);
uint64_t x429, uint8_t x430 = addcarryx_u64(x427, x356, x404);
uint64_t x432, uint8_t x433 = addcarryx_u64(x430, x359, x407);
uint64_t x435, uint8_t x436 = addcarryx_u64(x433, x362, x410);
uint64_t x438, uint8_t x439 = addcarryx_u64(x436, x365, x413);
uint64_t x441, uint8_t x442 = addcarryx_u64(x439, x368, x416);
uint64_t x444, uint8_t x445 = addcarryx_u64(x442, x371, x419);
uint64_t x447, uint8_t x448 = addcarryx_u64(x445, x374, x421);
uint8_t x449 = (x448 + x375);
uint64_t x451, uint64_t x452 = mulx_u64(x9, x17);
uint64_t x454, uint64_t x455 = mulx_u64(x9, x19);
uint64_t x457, uint64_t x458 = mulx_u64(x9, x21);
uint64_t x460, uint64_t x461 = mulx_u64(x9, x23);
uint64_t x463, uint64_t x464 = mulx_u64(x9, x25);
uint64_t x466, uint64_t x467 = mulx_u64(x9, x27);
uint64_t x469, uint64_t x470 = mulx_u64(x9, x29);
uint64_t x472, uint64_t x473 = mulx_u64(x9, x28);
uint64_t x475, uint8_t x476 = addcarryx_u64(0x0, x452, x454);
uint64_t x478, uint8_t x479 = addcarryx_u64(x476, x455, x457);
uint64_t x481, uint8_t x482 = addcarryx_u64(x479, x458, x460);
uint64_t x484, uint8_t x485 = addcarryx_u64(x482, x461, x463);
uint64_t x487, uint8_t x488 = addcarryx_u64(x485, x464, x466);
uint64_t x490, uint8_t x491 = addcarryx_u64(x488, x467, x469);
uint64_t x493, uint8_t x494 = addcarryx_u64(x491, x470, x472);
uint64_t x496, uint8_t _ = addcarryx_u64(0x0, x494, x473);
uint64_t x499, uint8_t x500 = addcarryx_u64(0x0, x426, x451);
uint64_t x502, uint8_t x503 = addcarryx_u64(x500, x429, x475);
uint64_t x505, uint8_t x506 = addcarryx_u64(x503, x432, x478);
uint64_t x508, uint8_t x509 = addcarryx_u64(x506, x435, x481);
uint64_t x511, uint8_t x512 = addcarryx_u64(x509, x438, x484);
uint64_t x514, uint8_t x515 = addcarryx_u64(x512, x441, x487);
uint64_t x517, uint8_t x518 = addcarryx_u64(x515, x444, x490);
uint64_t x520, uint8_t x521 = addcarryx_u64(x518, x447, x493);
uint64_t x523, uint8_t x524 = addcarryx_u64(x521, x449, x496);
uint64_t x526, uint64_t x527 = mulx_u64(x499, 0xffffffffffffffffL);
uint64_t x529, uint64_t x530 = mulx_u64(x499, 0xffffffffffffffffL);
uint64_t x532, uint64_t x533 = mulx_u64(x499, 0xffffffffffffffffL);
uint64_t x535, uint64_t x536 = mulx_u64(x499, 0xfffffffdffffffffL);
uint64_t x538, uint64_t x539 = mulx_u64(x499, 0xffffffffffffffffL);
uint64_t x541, uint64_t x542 = mulx_u64(x499, 0xffffffffffffffffL);
uint64_t x544, uint64_t x545 = mulx_u64(x499, 0xffffffffffffffffL);
uint64_t x547, uint8_t x548 = mulx_u64_out_u8(x499, 0x3);
uint64_t x550, uint8_t x551 = addcarryx_u64(0x0, x527, x529);
uint64_t x553, uint8_t x554 = addcarryx_u64(x551, x530, x532);
uint64_t x556, uint8_t x557 = addcarryx_u64(x554, x533, x535);
uint64_t x559, uint8_t x560 = addcarryx_u64(x557, x536, x538);
uint64_t x562, uint8_t x563 = addcarryx_u64(x560, x539, x541);
uint64_t x565, uint8_t x566 = addcarryx_u64(x563, x542, x544);
uint64_t x568, uint8_t x569 = addcarryx_u64(x566, x545, x547);
uint8_t x570 = (x569 + x548);
uint64_t _, uint8_t x573 = addcarryx_u64(0x0, x499, x526);
uint64_t x575, uint8_t x576 = addcarryx_u64(x573, x502, x550);
uint64_t x578, uint8_t x579 = addcarryx_u64(x576, x505, x553);
uint64_t x581, uint8_t x582 = addcarryx_u64(x579, x508, x556);
uint64_t x584, uint8_t x585 = addcarryx_u64(x582, x511, x559);
uint64_t x587, uint8_t x588 = addcarryx_u64(x585, x514, x562);
uint64_t x590, uint8_t x591 = addcarryx_u64(x588, x517, x565);
uint64_t x593, uint8_t x594 = addcarryx_u64(x591, x520, x568);
uint64_t x596, uint8_t x597 = addcarryx_u64(x594, x523, x570);
uint8_t x598 = (x597 + x524);
uint64_t x600, uint64_t x601 = mulx_u64(x11, x17);
uint64_t x603, uint64_t x604 = mulx_u64(x11, x19);
uint64_t x606, uint64_t x607 = mulx_u64(x11, x21);
uint64_t x609, uint64_t x610 = mulx_u64(x11, x23);
uint64_t x612, uint64_t x613 = mulx_u64(x11, x25);
uint64_t x615, uint64_t x616 = mulx_u64(x11, x27);
uint64_t x618, uint64_t x619 = mulx_u64(x11, x29);
uint64_t x621, uint64_t x622 = mulx_u64(x11, x28);
uint64_t x624, uint8_t x625 = addcarryx_u64(0x0, x601, x603);
uint64_t x627, uint8_t x628 = addcarryx_u64(x625, x604, x606);
uint64_t x630, uint8_t x631 = addcarryx_u64(x628, x607, x609);
uint64_t x633, uint8_t x634 = addcarryx_u64(x631, x610, x612);
uint64_t x636, uint8_t x637 = addcarryx_u64(x634, x613, x615);
uint64_t x639, uint8_t x640 = addcarryx_u64(x637, x616, x618);
uint64_t x642, uint8_t x643 = addcarryx_u64(x640, x619, x621);
uint64_t x645, uint8_t _ = addcarryx_u64(0x0, x643, x622);
uint64_t x648, uint8_t x649 = addcarryx_u64(0x0, x575, x600);
uint64_t x651, uint8_t x652 = addcarryx_u64(x649, x578, x624);
uint64_t x654, uint8_t x655 = addcarryx_u64(x652, x581, x627);
uint64_t x657, uint8_t x658 = addcarryx_u64(x655, x584, x630);
uint64_t x660, uint8_t x661 = addcarryx_u64(x658, x587, x633);
uint64_t x663, uint8_t x664 = addcarryx_u64(x661, x590, x636);
uint64_t x666, uint8_t x667 = addcarryx_u64(x664, x593, x639);
uint64_t x669, uint8_t x670 = addcarryx_u64(x667, x596, x642);
uint64_t x672, uint8_t x673 = addcarryx_u64(x670, x598, x645);
uint64_t x675, uint64_t x676 = mulx_u64(x648, 0xffffffffffffffffL);
uint64_t x678, uint64_t x679 = mulx_u64(x648, 0xffffffffffffffffL);
uint64_t x681, uint64_t x682 = mulx_u64(x648, 0xffffffffffffffffL);
uint64_t x684, uint64_t x685 = mulx_u64(x648, 0xfffffffdffffffffL);
uint64_t x687, uint64_t x688 = mulx_u64(x648, 0xffffffffffffffffL);
uint64_t x690, uint64_t x691 = mulx_u64(x648, 0xffffffffffffffffL);
uint64_t x693, uint64_t x694 = mulx_u64(x648, 0xffffffffffffffffL);
uint64_t x696, uint8_t x697 = mulx_u64_out_u8(x648, 0x3);
uint64_t x699, uint8_t x700 = addcarryx_u64(0x0, x676, x678);
uint64_t x702, uint8_t x703 = addcarryx_u64(x700, x679, x681);
uint64_t x705, uint8_t x706 = addcarryx_u64(x703, x682, x684);
uint64_t x708, uint8_t x709 = addcarryx_u64(x706, x685, x687);
uint64_t x711, uint8_t x712 = addcarryx_u64(x709, x688, x690);
uint64_t x714, uint8_t x715 = addcarryx_u64(x712, x691, x693);
uint64_t x717, uint8_t x718 = addcarryx_u64(x715, x694, x696);
uint8_t x719 = (x718 + x697);
uint64_t _, uint8_t x722 = addcarryx_u64(0x0, x648, x675);
uint64_t x724, uint8_t x725 = addcarryx_u64(x722, x651, x699);
uint64_t x727, uint8_t x728 = addcarryx_u64(x725, x654, x702);
uint64_t x730, uint8_t x731 = addcarryx_u64(x728, x657, x705);
uint64_t x733, uint8_t x734 = addcarryx_u64(x731, x660, x708);
uint64_t x736, uint8_t x737 = addcarryx_u64(x734, x663, x711);
uint64_t x739, uint8_t x740 = addcarryx_u64(x737, x666, x714);
uint64_t x742, uint8_t x743 = addcarryx_u64(x740, x669, x717);
uint64_t x745, uint8_t x746 = addcarryx_u64(x743, x672, x719);
uint8_t x747 = (x746 + x673);
uint64_t x749, uint64_t x750 = mulx_u64(x13, x17);
uint64_t x752, uint64_t x753 = mulx_u64(x13, x19);
uint64_t x755, uint64_t x756 = mulx_u64(x13, x21);
uint64_t x758, uint64_t x759 = mulx_u64(x13, x23);
uint64_t x761, uint64_t x762 = mulx_u64(x13, x25);
uint64_t x764, uint64_t x765 = mulx_u64(x13, x27);
uint64_t x767, uint64_t x768 = mulx_u64(x13, x29);
uint64_t x770, uint64_t x771 = mulx_u64(x13, x28);
uint64_t x773, uint8_t x774 = addcarryx_u64(0x0, x750, x752);
uint64_t x776, uint8_t x777 = addcarryx_u64(x774, x753, x755);
uint64_t x779, uint8_t x780 = addcarryx_u64(x777, x756, x758);
uint64_t x782, uint8_t x783 = addcarryx_u64(x780, x759, x761);
uint64_t x785, uint8_t x786 = addcarryx_u64(x783, x762, x764);
uint64_t x788, uint8_t x789 = addcarryx_u64(x786, x765, x767);
uint64_t x791, uint8_t x792 = addcarryx_u64(x789, x768, x770);
uint64_t x794, uint8_t _ = addcarryx_u64(0x0, x792, x771);
uint64_t x797, uint8_t x798 = addcarryx_u64(0x0, x724, x749);
uint64_t x800, uint8_t x801 = addcarryx_u64(x798, x727, x773);
uint64_t x803, uint8_t x804 = addcarryx_u64(x801, x730, x776);
uint64_t x806, uint8_t x807 = addcarryx_u64(x804, x733, x779);
uint64_t x809, uint8_t x810 = addcarryx_u64(x807, x736, x782);
uint64_t x812, uint8_t x813 = addcarryx_u64(x810, x739, x785);
uint64_t x815, uint8_t x816 = addcarryx_u64(x813, x742, x788);
uint64_t x818, uint8_t x819 = addcarryx_u64(x816, x745, x791);
uint64_t x821, uint8_t x822 = addcarryx_u64(x819, x747, x794);
uint64_t x824, uint64_t x825 = mulx_u64(x797, 0xffffffffffffffffL);
uint64_t x827, uint64_t x828 = mulx_u64(x797, 0xffffffffffffffffL);
uint64_t x830, uint64_t x831 = mulx_u64(x797, 0xffffffffffffffffL);
uint64_t x833, uint64_t x834 = mulx_u64(x797, 0xfffffffdffffffffL);
uint64_t x836, uint64_t x837 = mulx_u64(x797, 0xffffffffffffffffL);
uint64_t x839, uint64_t x840 = mulx_u64(x797, 0xffffffffffffffffL);
uint64_t x842, uint64_t x843 = mulx_u64(x797, 0xffffffffffffffffL);
uint64_t x845, uint8_t x846 = mulx_u64_out_u8(x797, 0x3);
uint64_t x848, uint8_t x849 = addcarryx_u64(0x0, x825, x827);
uint64_t x851, uint8_t x852 = addcarryx_u64(x849, x828, x830);
uint64_t x854, uint8_t x855 = addcarryx_u64(x852, x831, x833);
uint64_t x857, uint8_t x858 = addcarryx_u64(x855, x834, x836);
uint64_t x860, uint8_t x861 = addcarryx_u64(x858, x837, x839);
uint64_t x863, uint8_t x864 = addcarryx_u64(x861, x840, x842);
uint64_t x866, uint8_t x867 = addcarryx_u64(x864, x843, x845);
uint8_t x868 = (x867 + x846);
uint64_t _, uint8_t x871 = addcarryx_u64(0x0, x797, x824);
uint64_t x873, uint8_t x874 = addcarryx_u64(x871, x800, x848);
uint64_t x876, uint8_t x877 = addcarryx_u64(x874, x803, x851);
uint64_t x879, uint8_t x880 = addcarryx_u64(x877, x806, x854);
uint64_t x882, uint8_t x883 = addcarryx_u64(x880, x809, x857);
uint64_t x885, uint8_t x886 = addcarryx_u64(x883, x812, x860);
uint64_t x888, uint8_t x889 = addcarryx_u64(x886, x815, x863);
uint64_t x891, uint8_t x892 = addcarryx_u64(x889, x818, x866);
uint64_t x894, uint8_t x895 = addcarryx_u64(x892, x821, x868);
uint8_t x896 = (x895 + x822);
uint64_t x898, uint64_t x899 = mulx_u64(x15, x17);
uint64_t x901, uint64_t x902 = mulx_u64(x15, x19);
uint64_t x904, uint64_t x905 = mulx_u64(x15, x21);
uint64_t x907, uint64_t x908 = mulx_u64(x15, x23);
uint64_t x910, uint64_t x911 = mulx_u64(x15, x25);
uint64_t x913, uint64_t x914 = mulx_u64(x15, x27);
uint64_t x916, uint64_t x917 = mulx_u64(x15, x29);
uint64_t x919, uint64_t x920 = mulx_u64(x15, x28);
uint64_t x922, uint8_t x923 = addcarryx_u64(0x0, x899, x901);
uint64_t x925, uint8_t x926 = addcarryx_u64(x923, x902, x904);
uint64_t x928, uint8_t x929 = addcarryx_u64(x926, x905, x907);
uint64_t x931, uint8_t x932 = addcarryx_u64(x929, x908, x910);
uint64_t x934, uint8_t x935 = addcarryx_u64(x932, x911, x913);
uint64_t x937, uint8_t x938 = addcarryx_u64(x935, x914, x916);
uint64_t x940, uint8_t x941 = addcarryx_u64(x938, x917, x919);
uint64_t x943, uint8_t _ = addcarryx_u64(0x0, x941, x920);
uint64_t x946, uint8_t x947 = addcarryx_u64(0x0, x873, x898);
uint64_t x949, uint8_t x950 = addcarryx_u64(x947, x876, x922);
uint64_t x952, uint8_t x953 = addcarryx_u64(x950, x879, x925);
uint64_t x955, uint8_t x956 = addcarryx_u64(x953, x882, x928);
uint64_t x958, uint8_t x959 = addcarryx_u64(x956, x885, x931);
uint64_t x961, uint8_t x962 = addcarryx_u64(x959, x888, x934);
uint64_t x964, uint8_t x965 = addcarryx_u64(x962, x891, x937);
uint64_t x967, uint8_t x968 = addcarryx_u64(x965, x894, x940);
uint64_t x970, uint8_t x971 = addcarryx_u64(x968, x896, x943);
uint64_t x973, uint64_t x974 = mulx_u64(x946, 0xffffffffffffffffL);
uint64_t x976, uint64_t x977 = mulx_u64(x946, 0xffffffffffffffffL);
uint64_t x979, uint64_t x980 = mulx_u64(x946, 0xffffffffffffffffL);
uint64_t x982, uint64_t x983 = mulx_u64(x946, 0xfffffffdffffffffL);
uint64_t x985, uint64_t x986 = mulx_u64(x946, 0xffffffffffffffffL);
uint64_t x988, uint64_t x989 = mulx_u64(x946, 0xffffffffffffffffL);
uint64_t x991, uint64_t x992 = mulx_u64(x946, 0xffffffffffffffffL);
uint64_t x994, uint8_t x995 = mulx_u64_out_u8(x946, 0x3);
uint64_t x997, uint8_t x998 = addcarryx_u64(0x0, x974, x976);
uint64_t x1000, uint8_t x1001 = addcarryx_u64(x998, x977, x979);
uint64_t x1003, uint8_t x1004 = addcarryx_u64(x1001, x980, x982);
uint64_t x1006, uint8_t x1007 = addcarryx_u64(x1004, x983, x985);
uint64_t x1009, uint8_t x1010 = addcarryx_u64(x1007, x986, x988);
uint64_t x1012, uint8_t x1013 = addcarryx_u64(x1010, x989, x991);
uint64_t x1015, uint8_t x1016 = addcarryx_u64(x1013, x992, x994);
uint8_t x1017 = (x1016 + x995);
uint64_t _, uint8_t x1020 = addcarryx_u64(0x0, x946, x973);
uint64_t x1022, uint8_t x1023 = addcarryx_u64(x1020, x949, x997);
uint64_t x1025, uint8_t x1026 = addcarryx_u64(x1023, x952, x1000);
uint64_t x1028, uint8_t x1029 = addcarryx_u64(x1026, x955, x1003);
uint64_t x1031, uint8_t x1032 = addcarryx_u64(x1029, x958, x1006);
uint64_t x1034, uint8_t x1035 = addcarryx_u64(x1032, x961, x1009);
uint64_t x1037, uint8_t x1038 = addcarryx_u64(x1035, x964, x1012);
uint64_t x1040, uint8_t x1041 = addcarryx_u64(x1038, x967, x1015);
uint64_t x1043, uint8_t x1044 = addcarryx_u64(x1041, x970, x1017);
uint8_t x1045 = (x1044 + x971);
uint64_t x1047, uint64_t x1048 = mulx_u64(x14, x17);
uint64_t x1050, uint64_t x1051 = mulx_u64(x14, x19);
uint64_t x1053, uint64_t x1054 = mulx_u64(x14, x21);
uint64_t x1056, uint64_t x1057 = mulx_u64(x14, x23);
uint64_t x1059, uint64_t x1060 = mulx_u64(x14, x25);
uint64_t x1062, uint64_t x1063 = mulx_u64(x14, x27);
uint64_t x1065, uint64_t x1066 = mulx_u64(x14, x29);
uint64_t x1068, uint64_t x1069 = mulx_u64(x14, x28);
uint64_t x1071, uint8_t x1072 = addcarryx_u64(0x0, x1048, x1050);
uint64_t x1074, uint8_t x1075 = addcarryx_u64(x1072, x1051, x1053);
uint64_t x1077, uint8_t x1078 = addcarryx_u64(x1075, x1054, x1056);
uint64_t x1080, uint8_t x1081 = addcarryx_u64(x1078, x1057, x1059);
uint64_t x1083, uint8_t x1084 = addcarryx_u64(x1081, x1060, x1062);
uint64_t x1086, uint8_t x1087 = addcarryx_u64(x1084, x1063, x1065);
uint64_t x1089, uint8_t x1090 = addcarryx_u64(x1087, x1066, x1068);
uint64_t x1092, uint8_t _ = addcarryx_u64(0x0, x1090, x1069);
uint64_t x1095, uint8_t x1096 = addcarryx_u64(0x0, x1022, x1047);
uint64_t x1098, uint8_t x1099 = addcarryx_u64(x1096, x1025, x1071);
uint64_t x1101, uint8_t x1102 = addcarryx_u64(x1099, x1028, x1074);
uint64_t x1104, uint8_t x1105 = addcarryx_u64(x1102, x1031, x1077);
uint64_t x1107, uint8_t x1108 = addcarryx_u64(x1105, x1034, x1080);
uint64_t x1110, uint8_t x1111 = addcarryx_u64(x1108, x1037, x1083);
uint64_t x1113, uint8_t x1114 = addcarryx_u64(x1111, x1040, x1086);
uint64_t x1116, uint8_t x1117 = addcarryx_u64(x1114, x1043, x1089);
uint64_t x1119, uint8_t x1120 = addcarryx_u64(x1117, x1045, x1092);
uint64_t x1122, uint64_t x1123 = mulx_u64(x1095, 0xffffffffffffffffL);
uint64_t x1125, uint64_t x1126 = mulx_u64(x1095, 0xffffffffffffffffL);
uint64_t x1128, uint64_t x1129 = mulx_u64(x1095, 0xffffffffffffffffL);
uint64_t x1131, uint64_t x1132 = mulx_u64(x1095, 0xfffffffdffffffffL);
uint64_t x1134, uint64_t x1135 = mulx_u64(x1095, 0xffffffffffffffffL);
uint64_t x1137, uint64_t x1138 = mulx_u64(x1095, 0xffffffffffffffffL);
uint64_t x1140, uint64_t x1141 = mulx_u64(x1095, 0xffffffffffffffffL);
uint64_t x1143, uint8_t x1144 = mulx_u64_out_u8(x1095, 0x3);
uint64_t x1146, uint8_t x1147 = addcarryx_u64(0x0, x1123, x1125);
uint64_t x1149, uint8_t x1150 = addcarryx_u64(x1147, x1126, x1128);
uint64_t x1152, uint8_t x1153 = addcarryx_u64(x1150, x1129, x1131);
uint64_t x1155, uint8_t x1156 = addcarryx_u64(x1153, x1132, x1134);
uint64_t x1158, uint8_t x1159 = addcarryx_u64(x1156, x1135, x1137);
uint64_t x1161, uint8_t x1162 = addcarryx_u64(x1159, x1138, x1140);
uint64_t x1164, uint8_t x1165 = addcarryx_u64(x1162, x1141, x1143);
uint8_t x1166 = (x1165 + x1144);
uint64_t _, uint8_t x1169 = addcarryx_u64(0x0, x1095, x1122);
uint64_t x1171, uint8_t x1172 = addcarryx_u64(x1169, x1098, x1146);
uint64_t x1174, uint8_t x1175 = addcarryx_u64(x1172, x1101, x1149);
uint64_t x1177, uint8_t x1178 = addcarryx_u64(x1175, x1104, x1152);
uint64_t x1180, uint8_t x1181 = addcarryx_u64(x1178, x1107, x1155);
uint64_t x1183, uint8_t x1184 = addcarryx_u64(x1181, x1110, x1158);
uint64_t x1186, uint8_t x1187 = addcarryx_u64(x1184, x1113, x1161);
uint64_t x1189, uint8_t x1190 = addcarryx_u64(x1187, x1116, x1164);
uint64_t x1192, uint8_t x1193 = addcarryx_u64(x1190, x1119, x1166);
uint8_t x1194 = (x1193 + x1120);
uint64_t x1196, uint8_t x1197 = subborrow_u64(0x0, x1171, 0xffffffffffffffffL);
uint64_t x1199, uint8_t x1200 = subborrow_u64(x1197, x1174, 0xffffffffffffffffL);
uint64_t x1202, uint8_t x1203 = subborrow_u64(x1200, x1177, 0xffffffffffffffffL);
uint64_t x1205, uint8_t x1206 = subborrow_u64(x1203, x1180, 0xfffffffdffffffffL);
uint64_t x1208, uint8_t x1209 = subborrow_u64(x1206, x1183, 0xffffffffffffffffL);
uint64_t x1211, uint8_t x1212 = subborrow_u64(x1209, x1186, 0xffffffffffffffffL);
uint64_t x1214, uint8_t x1215 = subborrow_u64(x1212, x1189, 0xffffffffffffffffL);
uint64_t x1217, uint8_t x1218 = subborrow_u64(x1215, x1192, 0x3);
uint64_t _, uint8_t x1221 = subborrow_u64(x1218, x1194, 0x0);
(cmovznz64(x1221, x1217, x1192), cmovznz64(x1221, x1214, x1189), cmovznz64(x1221, x1211, x1186), cmovznz64(x1221, x1208, x1183), cmovznz64(x1221, x1205, x1180), cmovznz64(x1221, x1202, x1177), cmovznz64(x1221, x1199, x1174), cmovznz64(x1221, x1196, x1171))
     : ∀ var : Z.Syntax.base_type → Type, expr Z.Syntax.base_type Z.Syntax.op (uint64_t * uint64_t * uint64_t * uint64_t * uint64_t * uint64_t * uint64_t * uint64_t * (uint64_t * uint64_t * uint64_t * uint64_t * uint64_t * uint64_t * uint64_t * uint64_t) -> uint64_t * uint64_t * uint64_t * uint64_t * uint64_t * uint64_t * uint64_t * uint64_t)

Argument scope is [function_scope]
