mul = λ var : Z.Syntax.base_type → Type,
λ '(x48, x49, x47, x45, x43, x41, x39, x37, x35, x33, x31, x29, x27, x25, x23, x21, x19, x17, x15, x13, x11, x9, x7, x5, x3, (x96, x97, x95, x93, x91, x89, x87, x85, x83, x81, x79, x77, x75, x73, x71, x69, x67, x65, x63, x61, x59, x57, x55, x53, x51))%core,
uint64_t x98 = ((uint64_t)x48 * x96);
uint64_t x99 = ((0x2 * ((uint64_t)x49 * x96)) + (0x2 * ((uint64_t)x48 * x97)));
uint64_t x100 = (((uint64_t)x47 * x96) + ((0x2 * ((uint64_t)x49 * x97)) + ((uint64_t)x48 * x95)));
uint64_t x101 = ((0x2 * ((uint64_t)x45 * x96)) + ((0x2 * ((uint64_t)x47 * x97)) + ((0x2 * ((uint64_t)x49 * x95)) + (0x2 * ((uint64_t)x48 * x93)))));
uint64_t x102 = (((uint64_t)x43 * x96) + ((0x2 * ((uint64_t)x45 * x97)) + (((uint64_t)x47 * x95) + ((0x2 * ((uint64_t)x49 * x93)) + ((uint64_t)x48 * x91)))));
uint64_t x103 = ((0x2 * ((uint64_t)x41 * x96)) + ((0x2 * ((uint64_t)x43 * x97)) + ((0x2 * ((uint64_t)x45 * x95)) + ((0x2 * ((uint64_t)x47 * x93)) + ((0x2 * ((uint64_t)x49 * x91)) + (0x2 * ((uint64_t)x48 * x89)))))));
uint64_t x104 = (((uint64_t)x39 * x96) + ((0x2 * ((uint64_t)x41 * x97)) + (((uint64_t)x43 * x95) + ((0x2 * ((uint64_t)x45 * x93)) + (((uint64_t)x47 * x91) + ((0x2 * ((uint64_t)x49 * x89)) + ((uint64_t)x48 * x87)))))));
uint64_t x105 = ((0x2 * ((uint64_t)x37 * x96)) + ((0x2 * ((uint64_t)x39 * x97)) + ((0x2 * ((uint64_t)x41 * x95)) + ((0x2 * ((uint64_t)x43 * x93)) + ((0x2 * ((uint64_t)x45 * x91)) + ((0x2 * ((uint64_t)x47 * x89)) + ((0x2 * ((uint64_t)x49 * x87)) + (0x2 * ((uint64_t)x48 * x85)))))))));
uint64_t x106 = (((uint64_t)x35 * x96) + ((0x2 * ((uint64_t)x37 * x97)) + (((uint64_t)x39 * x95) + ((0x2 * ((uint64_t)x41 * x93)) + (((uint64_t)x43 * x91) + ((0x2 * ((uint64_t)x45 * x89)) + (((uint64_t)x47 * x87) + ((0x2 * ((uint64_t)x49 * x85)) + ((uint64_t)x48 * x83)))))))));
uint64_t x107 = ((0x2 * ((uint64_t)x33 * x96)) + ((0x2 * ((uint64_t)x35 * x97)) + ((0x2 * ((uint64_t)x37 * x95)) + ((0x2 * ((uint64_t)x39 * x93)) + ((0x2 * ((uint64_t)x41 * x91)) + ((0x2 * ((uint64_t)x43 * x89)) + ((0x2 * ((uint64_t)x45 * x87)) + ((0x2 * ((uint64_t)x47 * x85)) + ((0x2 * ((uint64_t)x49 * x83)) + (0x2 * ((uint64_t)x48 * x81)))))))))));
uint64_t x108 = (((uint64_t)x31 * x96) + ((0x2 * ((uint64_t)x33 * x97)) + (((uint64_t)x35 * x95) + ((0x2 * ((uint64_t)x37 * x93)) + (((uint64_t)x39 * x91) + ((0x2 * ((uint64_t)x41 * x89)) + (((uint64_t)x43 * x87) + ((0x2 * ((uint64_t)x45 * x85)) + (((uint64_t)x47 * x83) + ((0x2 * ((uint64_t)x49 * x81)) + ((uint64_t)x48 * x79)))))))))));
uint64_t x109 = ((0x2 * ((uint64_t)x29 * x96)) + ((0x2 * ((uint64_t)x31 * x97)) + ((0x2 * ((uint64_t)x33 * x95)) + ((0x2 * ((uint64_t)x35 * x93)) + ((0x2 * ((uint64_t)x37 * x91)) + ((0x2 * ((uint64_t)x39 * x89)) + ((0x2 * ((uint64_t)x41 * x87)) + ((0x2 * ((uint64_t)x43 * x85)) + ((0x2 * ((uint64_t)x45 * x83)) + ((0x2 * ((uint64_t)x47 * x81)) + ((0x2 * ((uint64_t)x49 * x79)) + (0x2 * ((uint64_t)x48 * x77)))))))))))));
uint64_t x110 = (((uint64_t)x27 * x96) + ((0x2 * ((uint64_t)x29 * x97)) + (((uint64_t)x31 * x95) + ((0x2 * ((uint64_t)x33 * x93)) + (((uint64_t)x35 * x91) + ((0x2 * ((uint64_t)x37 * x89)) + (((uint64_t)x39 * x87) + ((0x2 * ((uint64_t)x41 * x85)) + (((uint64_t)x43 * x83) + ((0x2 * ((uint64_t)x45 * x81)) + (((uint64_t)x47 * x79) + ((0x2 * ((uint64_t)x49 * x77)) + ((uint64_t)x48 * x75)))))))))))));
uint64_t x111 = ((0x2 * ((uint64_t)x25 * x96)) + ((0x2 * ((uint64_t)x27 * x97)) + ((0x2 * ((uint64_t)x29 * x95)) + ((0x2 * ((uint64_t)x31 * x93)) + ((0x2 * ((uint64_t)x33 * x91)) + ((0x2 * ((uint64_t)x35 * x89)) + ((0x2 * ((uint64_t)x37 * x87)) + ((0x2 * ((uint64_t)x39 * x85)) + ((0x2 * ((uint64_t)x41 * x83)) + ((0x2 * ((uint64_t)x43 * x81)) + ((0x2 * ((uint64_t)x45 * x79)) + ((0x2 * ((uint64_t)x47 * x77)) + ((0x2 * ((uint64_t)x49 * x75)) + (0x2 * ((uint64_t)x48 * x73)))))))))))))));
uint64_t x112 = (((uint64_t)x23 * x96) + ((0x2 * ((uint64_t)x25 * x97)) + (((uint64_t)x27 * x95) + ((0x2 * ((uint64_t)x29 * x93)) + (((uint64_t)x31 * x91) + ((0x2 * ((uint64_t)x33 * x89)) + (((uint64_t)x35 * x87) + ((0x2 * ((uint64_t)x37 * x85)) + (((uint64_t)x39 * x83) + ((0x2 * ((uint64_t)x41 * x81)) + (((uint64_t)x43 * x79) + ((0x2 * ((uint64_t)x45 * x77)) + (((uint64_t)x47 * x75) + ((0x2 * ((uint64_t)x49 * x73)) + ((uint64_t)x48 * x71)))))))))))))));
uint64_t x113 = ((0x2 * ((uint64_t)x21 * x96)) + ((0x2 * ((uint64_t)x23 * x97)) + ((0x2 * ((uint64_t)x25 * x95)) + ((0x2 * ((uint64_t)x27 * x93)) + ((0x2 * ((uint64_t)x29 * x91)) + ((0x2 * ((uint64_t)x31 * x89)) + ((0x2 * ((uint64_t)x33 * x87)) + ((0x2 * ((uint64_t)x35 * x85)) + ((0x2 * ((uint64_t)x37 * x83)) + ((0x2 * ((uint64_t)x39 * x81)) + ((0x2 * ((uint64_t)x41 * x79)) + ((0x2 * ((uint64_t)x43 * x77)) + ((0x2 * ((uint64_t)x45 * x75)) + ((0x2 * ((uint64_t)x47 * x73)) + ((0x2 * ((uint64_t)x49 * x71)) + (0x2 * ((uint64_t)x48 * x69)))))))))))))))));
uint64_t x114 = (((uint64_t)x19 * x96) + ((0x2 * ((uint64_t)x21 * x97)) + (((uint64_t)x23 * x95) + ((0x2 * ((uint64_t)x25 * x93)) + (((uint64_t)x27 * x91) + ((0x2 * ((uint64_t)x29 * x89)) + (((uint64_t)x31 * x87) + ((0x2 * ((uint64_t)x33 * x85)) + (((uint64_t)x35 * x83) + ((0x2 * ((uint64_t)x37 * x81)) + (((uint64_t)x39 * x79) + ((0x2 * ((uint64_t)x41 * x77)) + (((uint64_t)x43 * x75) + ((0x2 * ((uint64_t)x45 * x73)) + (((uint64_t)x47 * x71) + ((0x2 * ((uint64_t)x49 * x69)) + ((uint64_t)x48 * x67)))))))))))))))));
uint64_t x115 = ((0x2 * ((uint64_t)x17 * x96)) + ((0x2 * ((uint64_t)x19 * x97)) + ((0x2 * ((uint64_t)x21 * x95)) + ((0x2 * ((uint64_t)x23 * x93)) + ((0x2 * ((uint64_t)x25 * x91)) + ((0x2 * ((uint64_t)x27 * x89)) + ((0x2 * ((uint64_t)x29 * x87)) + ((0x2 * ((uint64_t)x31 * x85)) + ((0x2 * ((uint64_t)x33 * x83)) + ((0x2 * ((uint64_t)x35 * x81)) + ((0x2 * ((uint64_t)x37 * x79)) + ((0x2 * ((uint64_t)x39 * x77)) + ((0x2 * ((uint64_t)x41 * x75)) + ((0x2 * ((uint64_t)x43 * x73)) + ((0x2 * ((uint64_t)x45 * x71)) + ((0x2 * ((uint64_t)x47 * x69)) + ((0x2 * ((uint64_t)x49 * x67)) + (0x2 * ((uint64_t)x48 * x65)))))))))))))))))));
uint64_t x116 = (((uint64_t)x15 * x96) + ((0x2 * ((uint64_t)x17 * x97)) + (((uint64_t)x19 * x95) + ((0x2 * ((uint64_t)x21 * x93)) + (((uint64_t)x23 * x91) + ((0x2 * ((uint64_t)x25 * x89)) + (((uint64_t)x27 * x87) + ((0x2 * ((uint64_t)x29 * x85)) + (((uint64_t)x31 * x83) + ((0x2 * ((uint64_t)x33 * x81)) + (((uint64_t)x35 * x79) + ((0x2 * ((uint64_t)x37 * x77)) + (((uint64_t)x39 * x75) + ((0x2 * ((uint64_t)x41 * x73)) + (((uint64_t)x43 * x71) + ((0x2 * ((uint64_t)x45 * x69)) + (((uint64_t)x47 * x67) + ((0x2 * ((uint64_t)x49 * x65)) + ((uint64_t)x48 * x63)))))))))))))))))));
uint64_t x117 = ((0x2 * ((uint64_t)x13 * x96)) + ((0x2 * ((uint64_t)x15 * x97)) + ((0x2 * ((uint64_t)x17 * x95)) + ((0x2 * ((uint64_t)x19 * x93)) + ((0x2 * ((uint64_t)x21 * x91)) + ((0x2 * ((uint64_t)x23 * x89)) + ((0x2 * ((uint64_t)x25 * x87)) + ((0x2 * ((uint64_t)x27 * x85)) + ((0x2 * ((uint64_t)x29 * x83)) + ((0x2 * ((uint64_t)x31 * x81)) + ((0x2 * ((uint64_t)x33 * x79)) + ((0x2 * ((uint64_t)x35 * x77)) + ((0x2 * ((uint64_t)x37 * x75)) + ((0x2 * ((uint64_t)x39 * x73)) + ((0x2 * ((uint64_t)x41 * x71)) + ((0x2 * ((uint64_t)x43 * x69)) + ((0x2 * ((uint64_t)x45 * x67)) + ((0x2 * ((uint64_t)x47 * x65)) + ((0x2 * ((uint64_t)x49 * x63)) + (0x2 * ((uint64_t)x48 * x61)))))))))))))))))))));
uint64_t x118 = (((uint64_t)x11 * x96) + ((0x2 * ((uint64_t)x13 * x97)) + (((uint64_t)x15 * x95) + ((0x2 * ((uint64_t)x17 * x93)) + (((uint64_t)x19 * x91) + ((0x2 * ((uint64_t)x21 * x89)) + (((uint64_t)x23 * x87) + ((0x2 * ((uint64_t)x25 * x85)) + (((uint64_t)x27 * x83) + ((0x2 * ((uint64_t)x29 * x81)) + (((uint64_t)x31 * x79) + ((0x2 * ((uint64_t)x33 * x77)) + (((uint64_t)x35 * x75) + ((0x2 * ((uint64_t)x37 * x73)) + (((uint64_t)x39 * x71) + ((0x2 * ((uint64_t)x41 * x69)) + (((uint64_t)x43 * x67) + ((0x2 * ((uint64_t)x45 * x65)) + (((uint64_t)x47 * x63) + ((0x2 * ((uint64_t)x49 * x61)) + ((uint64_t)x48 * x59)))))))))))))))))))));
uint64_t x119 = ((0x2 * ((uint64_t)x9 * x96)) + ((0x2 * ((uint64_t)x11 * x97)) + ((0x2 * ((uint64_t)x13 * x95)) + ((0x2 * ((uint64_t)x15 * x93)) + ((0x2 * ((uint64_t)x17 * x91)) + ((0x2 * ((uint64_t)x19 * x89)) + ((0x2 * ((uint64_t)x21 * x87)) + ((0x2 * ((uint64_t)x23 * x85)) + ((0x2 * ((uint64_t)x25 * x83)) + ((0x2 * ((uint64_t)x27 * x81)) + ((0x2 * ((uint64_t)x29 * x79)) + ((0x2 * ((uint64_t)x31 * x77)) + ((0x2 * ((uint64_t)x33 * x75)) + ((0x2 * ((uint64_t)x35 * x73)) + ((0x2 * ((uint64_t)x37 * x71)) + ((0x2 * ((uint64_t)x39 * x69)) + ((0x2 * ((uint64_t)x41 * x67)) + ((0x2 * ((uint64_t)x43 * x65)) + ((0x2 * ((uint64_t)x45 * x63)) + ((0x2 * ((uint64_t)x47 * x61)) + ((0x2 * ((uint64_t)x49 * x59)) + (0x2 * ((uint64_t)x48 * x57)))))))))))))))))))))));
uint64_t x120 = (((uint64_t)x7 * x96) + ((0x2 * ((uint64_t)x9 * x97)) + (((uint64_t)x11 * x95) + ((0x2 * ((uint64_t)x13 * x93)) + (((uint64_t)x15 * x91) + ((0x2 * ((uint64_t)x17 * x89)) + (((uint64_t)x19 * x87) + ((0x2 * ((uint64_t)x21 * x85)) + (((uint64_t)x23 * x83) + ((0x2 * ((uint64_t)x25 * x81)) + (((uint64_t)x27 * x79) + ((0x2 * ((uint64_t)x29 * x77)) + (((uint64_t)x31 * x75) + ((0x2 * ((uint64_t)x33 * x73)) + (((uint64_t)x35 * x71) + ((0x2 * ((uint64_t)x37 * x69)) + (((uint64_t)x39 * x67) + ((0x2 * ((uint64_t)x41 * x65)) + (((uint64_t)x43 * x63) + ((0x2 * ((uint64_t)x45 * x61)) + (((uint64_t)x47 * x59) + ((0x2 * ((uint64_t)x49 * x57)) + ((uint64_t)x48 * x55)))))))))))))))))))))));
uint64_t x121 = ((0x2 * ((uint64_t)x5 * x96)) + ((0x2 * ((uint64_t)x7 * x97)) + ((0x2 * ((uint64_t)x9 * x95)) + ((0x2 * ((uint64_t)x11 * x93)) + ((0x2 * ((uint64_t)x13 * x91)) + ((0x2 * ((uint64_t)x15 * x89)) + ((0x2 * ((uint64_t)x17 * x87)) + ((0x2 * ((uint64_t)x19 * x85)) + ((0x2 * ((uint64_t)x21 * x83)) + ((0x2 * ((uint64_t)x23 * x81)) + ((0x2 * ((uint64_t)x25 * x79)) + ((0x2 * ((uint64_t)x27 * x77)) + ((0x2 * ((uint64_t)x29 * x75)) + ((0x2 * ((uint64_t)x31 * x73)) + ((0x2 * ((uint64_t)x33 * x71)) + ((0x2 * ((uint64_t)x35 * x69)) + ((0x2 * ((uint64_t)x37 * x67)) + ((0x2 * ((uint64_t)x39 * x65)) + ((0x2 * ((uint64_t)x41 * x63)) + ((0x2 * ((uint64_t)x43 * x61)) + ((0x2 * ((uint64_t)x45 * x59)) + ((0x2 * ((uint64_t)x47 * x57)) + ((0x2 * ((uint64_t)x49 * x55)) + (0x2 * ((uint64_t)x48 * x53)))))))))))))))))))))))));
uint64_t x122 = (((uint64_t)x3 * x96) + ((0x2 * ((uint64_t)x5 * x97)) + (((uint64_t)x7 * x95) + ((0x2 * ((uint64_t)x9 * x93)) + (((uint64_t)x11 * x91) + ((0x2 * ((uint64_t)x13 * x89)) + (((uint64_t)x15 * x87) + ((0x2 * ((uint64_t)x17 * x85)) + (((uint64_t)x19 * x83) + ((0x2 * ((uint64_t)x21 * x81)) + (((uint64_t)x23 * x79) + ((0x2 * ((uint64_t)x25 * x77)) + (((uint64_t)x27 * x75) + ((0x2 * ((uint64_t)x29 * x73)) + (((uint64_t)x31 * x71) + ((0x2 * ((uint64_t)x33 * x69)) + (((uint64_t)x35 * x67) + ((0x2 * ((uint64_t)x37 * x65)) + (((uint64_t)x39 * x63) + ((0x2 * ((uint64_t)x41 * x61)) + (((uint64_t)x43 * x59) + ((0x2 * ((uint64_t)x45 * x57)) + (((uint64_t)x47 * x55) + ((0x2 * ((uint64_t)x49 * x53)) + ((uint64_t)x48 * x51)))))))))))))))))))))))));
uint64_t x123 = (((uint64_t)x3 * x97) + (((uint64_t)x5 * x95) + (((uint64_t)x7 * x93) + (((uint64_t)x9 * x91) + (((uint64_t)x11 * x89) + (((uint64_t)x13 * x87) + (((uint64_t)x15 * x85) + (((uint64_t)x17 * x83) + (((uint64_t)x19 * x81) + (((uint64_t)x21 * x79) + (((uint64_t)x23 * x77) + (((uint64_t)x25 * x75) + (((uint64_t)x27 * x73) + (((uint64_t)x29 * x71) + (((uint64_t)x31 * x69) + (((uint64_t)x33 * x67) + (((uint64_t)x35 * x65) + (((uint64_t)x37 * x63) + (((uint64_t)x39 * x61) + (((uint64_t)x41 * x59) + (((uint64_t)x43 * x57) + (((uint64_t)x45 * x55) + (((uint64_t)x47 * x53) + ((uint64_t)x49 * x51))))))))))))))))))))))));
uint64_t x124 = (((uint64_t)x3 * x95) + ((0x2 * ((uint64_t)x5 * x93)) + (((uint64_t)x7 * x91) + ((0x2 * ((uint64_t)x9 * x89)) + (((uint64_t)x11 * x87) + ((0x2 * ((uint64_t)x13 * x85)) + (((uint64_t)x15 * x83) + ((0x2 * ((uint64_t)x17 * x81)) + (((uint64_t)x19 * x79) + ((0x2 * ((uint64_t)x21 * x77)) + (((uint64_t)x23 * x75) + ((0x2 * ((uint64_t)x25 * x73)) + (((uint64_t)x27 * x71) + ((0x2 * ((uint64_t)x29 * x69)) + (((uint64_t)x31 * x67) + ((0x2 * ((uint64_t)x33 * x65)) + (((uint64_t)x35 * x63) + ((0x2 * ((uint64_t)x37 * x61)) + (((uint64_t)x39 * x59) + ((0x2 * ((uint64_t)x41 * x57)) + (((uint64_t)x43 * x55) + ((0x2 * ((uint64_t)x45 * x53)) + ((uint64_t)x47 * x51)))))))))))))))))))))));
uint64_t x125 = (((uint64_t)x3 * x93) + (((uint64_t)x5 * x91) + (((uint64_t)x7 * x89) + (((uint64_t)x9 * x87) + (((uint64_t)x11 * x85) + (((uint64_t)x13 * x83) + (((uint64_t)x15 * x81) + (((uint64_t)x17 * x79) + (((uint64_t)x19 * x77) + (((uint64_t)x21 * x75) + (((uint64_t)x23 * x73) + (((uint64_t)x25 * x71) + (((uint64_t)x27 * x69) + (((uint64_t)x29 * x67) + (((uint64_t)x31 * x65) + (((uint64_t)x33 * x63) + (((uint64_t)x35 * x61) + (((uint64_t)x37 * x59) + (((uint64_t)x39 * x57) + (((uint64_t)x41 * x55) + (((uint64_t)x43 * x53) + ((uint64_t)x45 * x51))))))))))))))))))))));
uint64_t x126 = (((uint64_t)x3 * x91) + ((0x2 * ((uint64_t)x5 * x89)) + (((uint64_t)x7 * x87) + ((0x2 * ((uint64_t)x9 * x85)) + (((uint64_t)x11 * x83) + ((0x2 * ((uint64_t)x13 * x81)) + (((uint64_t)x15 * x79) + ((0x2 * ((uint64_t)x17 * x77)) + (((uint64_t)x19 * x75) + ((0x2 * ((uint64_t)x21 * x73)) + (((uint64_t)x23 * x71) + ((0x2 * ((uint64_t)x25 * x69)) + (((uint64_t)x27 * x67) + ((0x2 * ((uint64_t)x29 * x65)) + (((uint64_t)x31 * x63) + ((0x2 * ((uint64_t)x33 * x61)) + (((uint64_t)x35 * x59) + ((0x2 * ((uint64_t)x37 * x57)) + (((uint64_t)x39 * x55) + ((0x2 * ((uint64_t)x41 * x53)) + ((uint64_t)x43 * x51)))))))))))))))))))));
uint64_t x127 = (((uint64_t)x3 * x89) + (((uint64_t)x5 * x87) + (((uint64_t)x7 * x85) + (((uint64_t)x9 * x83) + (((uint64_t)x11 * x81) + (((uint64_t)x13 * x79) + (((uint64_t)x15 * x77) + (((uint64_t)x17 * x75) + (((uint64_t)x19 * x73) + (((uint64_t)x21 * x71) + (((uint64_t)x23 * x69) + (((uint64_t)x25 * x67) + (((uint64_t)x27 * x65) + (((uint64_t)x29 * x63) + (((uint64_t)x31 * x61) + (((uint64_t)x33 * x59) + (((uint64_t)x35 * x57) + (((uint64_t)x37 * x55) + (((uint64_t)x39 * x53) + ((uint64_t)x41 * x51))))))))))))))))))));
uint64_t x128 = (((uint64_t)x3 * x87) + ((0x2 * ((uint64_t)x5 * x85)) + (((uint64_t)x7 * x83) + ((0x2 * ((uint64_t)x9 * x81)) + (((uint64_t)x11 * x79) + ((0x2 * ((uint64_t)x13 * x77)) + (((uint64_t)x15 * x75) + ((0x2 * ((uint64_t)x17 * x73)) + (((uint64_t)x19 * x71) + ((0x2 * ((uint64_t)x21 * x69)) + (((uint64_t)x23 * x67) + ((0x2 * ((uint64_t)x25 * x65)) + (((uint64_t)x27 * x63) + ((0x2 * ((uint64_t)x29 * x61)) + (((uint64_t)x31 * x59) + ((0x2 * ((uint64_t)x33 * x57)) + (((uint64_t)x35 * x55) + ((0x2 * ((uint64_t)x37 * x53)) + ((uint64_t)x39 * x51)))))))))))))))))));
uint64_t x129 = (((uint64_t)x3 * x85) + (((uint64_t)x5 * x83) + (((uint64_t)x7 * x81) + (((uint64_t)x9 * x79) + (((uint64_t)x11 * x77) + (((uint64_t)x13 * x75) + (((uint64_t)x15 * x73) + (((uint64_t)x17 * x71) + (((uint64_t)x19 * x69) + (((uint64_t)x21 * x67) + (((uint64_t)x23 * x65) + (((uint64_t)x25 * x63) + (((uint64_t)x27 * x61) + (((uint64_t)x29 * x59) + (((uint64_t)x31 * x57) + (((uint64_t)x33 * x55) + (((uint64_t)x35 * x53) + ((uint64_t)x37 * x51))))))))))))))))));
uint64_t x130 = (((uint64_t)x3 * x83) + ((0x2 * ((uint64_t)x5 * x81)) + (((uint64_t)x7 * x79) + ((0x2 * ((uint64_t)x9 * x77)) + (((uint64_t)x11 * x75) + ((0x2 * ((uint64_t)x13 * x73)) + (((uint64_t)x15 * x71) + ((0x2 * ((uint64_t)x17 * x69)) + (((uint64_t)x19 * x67) + ((0x2 * ((uint64_t)x21 * x65)) + (((uint64_t)x23 * x63) + ((0x2 * ((uint64_t)x25 * x61)) + (((uint64_t)x27 * x59) + ((0x2 * ((uint64_t)x29 * x57)) + (((uint64_t)x31 * x55) + ((0x2 * ((uint64_t)x33 * x53)) + ((uint64_t)x35 * x51)))))))))))))))));
uint64_t x131 = (((uint64_t)x3 * x81) + (((uint64_t)x5 * x79) + (((uint64_t)x7 * x77) + (((uint64_t)x9 * x75) + (((uint64_t)x11 * x73) + (((uint64_t)x13 * x71) + (((uint64_t)x15 * x69) + (((uint64_t)x17 * x67) + (((uint64_t)x19 * x65) + (((uint64_t)x21 * x63) + (((uint64_t)x23 * x61) + (((uint64_t)x25 * x59) + (((uint64_t)x27 * x57) + (((uint64_t)x29 * x55) + (((uint64_t)x31 * x53) + ((uint64_t)x33 * x51))))))))))))))));
uint64_t x132 = (((uint64_t)x3 * x79) + ((0x2 * ((uint64_t)x5 * x77)) + (((uint64_t)x7 * x75) + ((0x2 * ((uint64_t)x9 * x73)) + (((uint64_t)x11 * x71) + ((0x2 * ((uint64_t)x13 * x69)) + (((uint64_t)x15 * x67) + ((0x2 * ((uint64_t)x17 * x65)) + (((uint64_t)x19 * x63) + ((0x2 * ((uint64_t)x21 * x61)) + (((uint64_t)x23 * x59) + ((0x2 * ((uint64_t)x25 * x57)) + (((uint64_t)x27 * x55) + ((0x2 * ((uint64_t)x29 * x53)) + ((uint64_t)x31 * x51)))))))))))))));
uint64_t x133 = (((uint64_t)x3 * x77) + (((uint64_t)x5 * x75) + (((uint64_t)x7 * x73) + (((uint64_t)x9 * x71) + (((uint64_t)x11 * x69) + (((uint64_t)x13 * x67) + (((uint64_t)x15 * x65) + (((uint64_t)x17 * x63) + (((uint64_t)x19 * x61) + (((uint64_t)x21 * x59) + (((uint64_t)x23 * x57) + (((uint64_t)x25 * x55) + (((uint64_t)x27 * x53) + ((uint64_t)x29 * x51))))))))))))));
uint64_t x134 = (((uint64_t)x3 * x75) + ((0x2 * ((uint64_t)x5 * x73)) + (((uint64_t)x7 * x71) + ((0x2 * ((uint64_t)x9 * x69)) + (((uint64_t)x11 * x67) + ((0x2 * ((uint64_t)x13 * x65)) + (((uint64_t)x15 * x63) + ((0x2 * ((uint64_t)x17 * x61)) + (((uint64_t)x19 * x59) + ((0x2 * ((uint64_t)x21 * x57)) + (((uint64_t)x23 * x55) + ((0x2 * ((uint64_t)x25 * x53)) + ((uint64_t)x27 * x51)))))))))))));
uint64_t x135 = (((uint64_t)x3 * x73) + (((uint64_t)x5 * x71) + (((uint64_t)x7 * x69) + (((uint64_t)x9 * x67) + (((uint64_t)x11 * x65) + (((uint64_t)x13 * x63) + (((uint64_t)x15 * x61) + (((uint64_t)x17 * x59) + (((uint64_t)x19 * x57) + (((uint64_t)x21 * x55) + (((uint64_t)x23 * x53) + ((uint64_t)x25 * x51))))))))))));
uint64_t x136 = (((uint64_t)x3 * x71) + ((0x2 * ((uint64_t)x5 * x69)) + (((uint64_t)x7 * x67) + ((0x2 * ((uint64_t)x9 * x65)) + (((uint64_t)x11 * x63) + ((0x2 * ((uint64_t)x13 * x61)) + (((uint64_t)x15 * x59) + ((0x2 * ((uint64_t)x17 * x57)) + (((uint64_t)x19 * x55) + ((0x2 * ((uint64_t)x21 * x53)) + ((uint64_t)x23 * x51)))))))))));
uint64_t x137 = (((uint64_t)x3 * x69) + (((uint64_t)x5 * x67) + (((uint64_t)x7 * x65) + (((uint64_t)x9 * x63) + (((uint64_t)x11 * x61) + (((uint64_t)x13 * x59) + (((uint64_t)x15 * x57) + (((uint64_t)x17 * x55) + (((uint64_t)x19 * x53) + ((uint64_t)x21 * x51))))))))));
uint64_t x138 = (((uint64_t)x3 * x67) + ((0x2 * ((uint64_t)x5 * x65)) + (((uint64_t)x7 * x63) + ((0x2 * ((uint64_t)x9 * x61)) + (((uint64_t)x11 * x59) + ((0x2 * ((uint64_t)x13 * x57)) + (((uint64_t)x15 * x55) + ((0x2 * ((uint64_t)x17 * x53)) + ((uint64_t)x19 * x51)))))))));
uint64_t x139 = (((uint64_t)x3 * x65) + (((uint64_t)x5 * x63) + (((uint64_t)x7 * x61) + (((uint64_t)x9 * x59) + (((uint64_t)x11 * x57) + (((uint64_t)x13 * x55) + (((uint64_t)x15 * x53) + ((uint64_t)x17 * x51))))))));
uint64_t x140 = (((uint64_t)x3 * x63) + ((0x2 * ((uint64_t)x5 * x61)) + (((uint64_t)x7 * x59) + ((0x2 * ((uint64_t)x9 * x57)) + (((uint64_t)x11 * x55) + ((0x2 * ((uint64_t)x13 * x53)) + ((uint64_t)x15 * x51)))))));
uint64_t x141 = (((uint64_t)x3 * x61) + (((uint64_t)x5 * x59) + (((uint64_t)x7 * x57) + (((uint64_t)x9 * x55) + (((uint64_t)x11 * x53) + ((uint64_t)x13 * x51))))));
uint64_t x142 = (((uint64_t)x3 * x59) + ((0x2 * ((uint64_t)x5 * x57)) + (((uint64_t)x7 * x55) + ((0x2 * ((uint64_t)x9 * x53)) + ((uint64_t)x11 * x51)))));
uint64_t x143 = (((uint64_t)x3 * x57) + (((uint64_t)x5 * x55) + (((uint64_t)x7 * x53) + ((uint64_t)x9 * x51))));
uint64_t x144 = (((uint64_t)x3 * x55) + ((0x2 * ((uint64_t)x5 * x53)) + ((uint64_t)x7 * x51)));
uint64_t x145 = (((uint64_t)x3 * x53) + ((uint64_t)x5 * x51));
uint64_t x146 = ((uint64_t)x3 * x51);
uint64_t x147 = (x123 + (0x239 * x98));
uint64_t x148 = (x124 + (0x239 * x99));
uint64_t x149 = (x125 + (0x239 * x100));
uint64_t x150 = (x126 + (0x239 * x101));
uint64_t x151 = (x127 + (0x239 * x102));
uint64_t x152 = (x128 + (0x239 * x103));
uint64_t x153 = (x129 + (0x239 * x104));
uint64_t x154 = (x130 + (0x239 * x105));
uint64_t x155 = (x131 + (0x239 * x106));
uint64_t x156 = (x132 + (0x239 * x107));
uint64_t x157 = (x133 + (0x239 * x108));
uint64_t x158 = (x134 + (0x239 * x109));
uint64_t x159 = (x135 + (0x239 * x110));
uint64_t x160 = (x136 + (0x239 * x111));
uint64_t x161 = (x137 + (0x239 * x112));
uint64_t x162 = (x138 + (0x239 * x113));
uint64_t x163 = (x139 + (0x239 * x114));
uint64_t x164 = (x140 + (0x239 * x115));
uint64_t x165 = (x141 + (0x239 * x116));
uint64_t x166 = (x142 + (0x239 * x117));
uint64_t x167 = (x143 + (0x239 * x118));
uint64_t x168 = (x144 + (0x239 * x119));
uint64_t x169 = (x145 + (0x239 * x120));
uint64_t x170 = (x146 + (0x239 * x121));
uint64_t x171 = (x170 >> 0x15);
uint32_t x172 = ((uint32_t)x170 & 0x1fffff);
uint64_t x173 = (x171 + x169);
uint64_t x174 = (x173 >> 0x14);
uint32_t x175 = ((uint32_t)x173 & 0xfffff);
uint64_t x176 = (x174 + x168);
uint64_t x177 = (x176 >> 0x15);
uint32_t x178 = ((uint32_t)x176 & 0x1fffff);
uint64_t x179 = (x177 + x167);
uint64_t x180 = (x179 >> 0x14);
uint32_t x181 = ((uint32_t)x179 & 0xfffff);
uint64_t x182 = (x180 + x166);
uint64_t x183 = (x182 >> 0x15);
uint32_t x184 = ((uint32_t)x182 & 0x1fffff);
uint64_t x185 = (x183 + x165);
uint64_t x186 = (x185 >> 0x14);
uint32_t x187 = ((uint32_t)x185 & 0xfffff);
uint64_t x188 = (x186 + x164);
uint64_t x189 = (x188 >> 0x15);
uint32_t x190 = ((uint32_t)x188 & 0x1fffff);
uint64_t x191 = (x189 + x163);
uint64_t x192 = (x191 >> 0x14);
uint32_t x193 = ((uint32_t)x191 & 0xfffff);
uint64_t x194 = (x192 + x162);
uint64_t x195 = (x194 >> 0x15);
uint32_t x196 = ((uint32_t)x194 & 0x1fffff);
uint64_t x197 = (x195 + x161);
uint64_t x198 = (x197 >> 0x14);
uint32_t x199 = ((uint32_t)x197 & 0xfffff);
uint64_t x200 = (x198 + x160);
uint64_t x201 = (x200 >> 0x15);
uint32_t x202 = ((uint32_t)x200 & 0x1fffff);
uint64_t x203 = (x201 + x159);
uint64_t x204 = (x203 >> 0x14);
uint32_t x205 = ((uint32_t)x203 & 0xfffff);
uint64_t x206 = (x204 + x158);
uint64_t x207 = (x206 >> 0x15);
uint32_t x208 = ((uint32_t)x206 & 0x1fffff);
uint64_t x209 = (x207 + x157);
uint64_t x210 = (x209 >> 0x14);
uint32_t x211 = ((uint32_t)x209 & 0xfffff);
uint64_t x212 = (x210 + x156);
uint64_t x213 = (x212 >> 0x15);
uint32_t x214 = ((uint32_t)x212 & 0x1fffff);
uint64_t x215 = (x213 + x155);
uint64_t x216 = (x215 >> 0x14);
uint32_t x217 = ((uint32_t)x215 & 0xfffff);
uint64_t x218 = (x216 + x154);
uint64_t x219 = (x218 >> 0x15);
uint32_t x220 = ((uint32_t)x218 & 0x1fffff);
uint64_t x221 = (x219 + x153);
uint64_t x222 = (x221 >> 0x14);
uint32_t x223 = ((uint32_t)x221 & 0xfffff);
uint64_t x224 = (x222 + x152);
uint64_t x225 = (x224 >> 0x15);
uint32_t x226 = ((uint32_t)x224 & 0x1fffff);
uint64_t x227 = (x225 + x151);
uint64_t x228 = (x227 >> 0x14);
uint32_t x229 = ((uint32_t)x227 & 0xfffff);
uint64_t x230 = (x228 + x150);
uint64_t x231 = (x230 >> 0x15);
uint32_t x232 = ((uint32_t)x230 & 0x1fffff);
uint64_t x233 = (x231 + x149);
uint64_t x234 = (x233 >> 0x14);
uint32_t x235 = ((uint32_t)x233 & 0xfffff);
uint64_t x236 = (x234 + x148);
uint64_t x237 = (x236 >> 0x15);
uint32_t x238 = ((uint32_t)x236 & 0x1fffff);
uint64_t x239 = (x237 + x147);
uint64_t x240 = (x239 >> 0x14);
uint32_t x241 = ((uint32_t)x239 & 0xfffff);
uint64_t x242 = (x240 + x122);
uint32_t x243 = (uint32_t) (x242 >> 0x14);
uint32_t x244 = ((uint32_t)x242 & 0xfffff);
uint64_t x245 = (x172 + ((uint64_t)0x239 * x243));
uint32_t x246 = (uint32_t) (x245 >> 0x15);
uint32_t x247 = ((uint32_t)x245 & 0x1fffff);
uint32_t x248 = (x246 + x175);
uint32_t x249 = (x248 >> 0x14);
uint32_t x250 = (x248 & 0xfffff);
return (Return x244, Return x241, Return x238, Return x235, Return x232, Return x229, Return x226, Return x223, Return x220, Return x217, Return x214, Return x211, Return x208, Return x205, Return x202, Return x199, Return x196, Return x193, Return x190, Return x187, Return x184, Return x181, (x249 + x178), Return x250, Return x247)
     : ∀ var : Z.Syntax.base_type → Type, expr Z.Syntax.base_type Z.Syntax.op (uint32_t * uint32_t * uint32_t * uint32_t * uint32_t * uint32_t * uint32_t * uint32_t * uint32_t * uint32_t * uint32_t * uint32_t * uint32_t * uint32_t * uint32_t * uint32_t * uint32_t * uint32_t * uint32_t * uint32_t * uint32_t * uint32_t * uint32_t * uint32_t * uint32_t * (uint32_t * uint32_t * uint32_t * uint32_t * uint32_t * uint32_t * uint32_t * uint32_t * uint32_t * uint32_t * uint32_t * uint32_t * uint32_t * uint32_t * uint32_t * uint32_t * uint32_t * uint32_t * uint32_t * uint32_t * uint32_t * uint32_t * uint32_t * uint32_t * uint32_t) -> uint32_t * uint32_t * uint32_t * uint32_t * uint32_t * uint32_t * uint32_t * uint32_t * uint32_t * uint32_t * uint32_t * uint32_t * uint32_t * uint32_t * uint32_t * uint32_t * uint32_t * uint32_t * uint32_t * uint32_t * uint32_t * uint32_t * uint32_t * uint32_t * uint32_t)

Argument scope is [function_scope]
