square = λ var : Z.Syntax.base_type → Type,
λ '(x46, x47, x45, x43, x41, x39, x37, x35, x33, x31, x29, x27, x25, x23, x21, x19, x17, x15, x13, x11, x9, x7, x5, x3, x1)%core,
uint64_t x48 = ((uint64_t)x46 * x46);
uint64_t x49 = ((0x2 * ((uint64_t)x47 * x46)) + (0x2 * ((uint64_t)x46 * x47)));
uint64_t x50 = (((uint64_t)x45 * x46) + ((0x2 * ((uint64_t)x47 * x47)) + ((uint64_t)x46 * x45)));
uint64_t x51 = ((0x2 * ((uint64_t)x43 * x46)) + ((0x2 * ((uint64_t)x45 * x47)) + ((0x2 * ((uint64_t)x47 * x45)) + (0x2 * ((uint64_t)x46 * x43)))));
uint64_t x52 = (((uint64_t)x41 * x46) + ((0x2 * ((uint64_t)x43 * x47)) + (((uint64_t)x45 * x45) + ((0x2 * ((uint64_t)x47 * x43)) + ((uint64_t)x46 * x41)))));
uint64_t x53 = ((0x2 * ((uint64_t)x39 * x46)) + ((0x2 * ((uint64_t)x41 * x47)) + ((0x2 * ((uint64_t)x43 * x45)) + ((0x2 * ((uint64_t)x45 * x43)) + ((0x2 * ((uint64_t)x47 * x41)) + (0x2 * ((uint64_t)x46 * x39)))))));
uint64_t x54 = (((uint64_t)x37 * x46) + ((0x2 * ((uint64_t)x39 * x47)) + (((uint64_t)x41 * x45) + ((0x2 * ((uint64_t)x43 * x43)) + (((uint64_t)x45 * x41) + ((0x2 * ((uint64_t)x47 * x39)) + ((uint64_t)x46 * x37)))))));
uint64_t x55 = ((0x2 * ((uint64_t)x35 * x46)) + ((0x2 * ((uint64_t)x37 * x47)) + ((0x2 * ((uint64_t)x39 * x45)) + ((0x2 * ((uint64_t)x41 * x43)) + ((0x2 * ((uint64_t)x43 * x41)) + ((0x2 * ((uint64_t)x45 * x39)) + ((0x2 * ((uint64_t)x47 * x37)) + (0x2 * ((uint64_t)x46 * x35)))))))));
uint64_t x56 = (((uint64_t)x33 * x46) + ((0x2 * ((uint64_t)x35 * x47)) + (((uint64_t)x37 * x45) + ((0x2 * ((uint64_t)x39 * x43)) + (((uint64_t)x41 * x41) + ((0x2 * ((uint64_t)x43 * x39)) + (((uint64_t)x45 * x37) + ((0x2 * ((uint64_t)x47 * x35)) + ((uint64_t)x46 * x33)))))))));
uint64_t x57 = ((0x2 * ((uint64_t)x31 * x46)) + ((0x2 * ((uint64_t)x33 * x47)) + ((0x2 * ((uint64_t)x35 * x45)) + ((0x2 * ((uint64_t)x37 * x43)) + ((0x2 * ((uint64_t)x39 * x41)) + ((0x2 * ((uint64_t)x41 * x39)) + ((0x2 * ((uint64_t)x43 * x37)) + ((0x2 * ((uint64_t)x45 * x35)) + ((0x2 * ((uint64_t)x47 * x33)) + (0x2 * ((uint64_t)x46 * x31)))))))))));
uint64_t x58 = (((uint64_t)x29 * x46) + ((0x2 * ((uint64_t)x31 * x47)) + (((uint64_t)x33 * x45) + ((0x2 * ((uint64_t)x35 * x43)) + (((uint64_t)x37 * x41) + ((0x2 * ((uint64_t)x39 * x39)) + (((uint64_t)x41 * x37) + ((0x2 * ((uint64_t)x43 * x35)) + (((uint64_t)x45 * x33) + ((0x2 * ((uint64_t)x47 * x31)) + ((uint64_t)x46 * x29)))))))))));
uint64_t x59 = ((0x2 * ((uint64_t)x27 * x46)) + ((0x2 * ((uint64_t)x29 * x47)) + ((0x2 * ((uint64_t)x31 * x45)) + ((0x2 * ((uint64_t)x33 * x43)) + ((0x2 * ((uint64_t)x35 * x41)) + ((0x2 * ((uint64_t)x37 * x39)) + ((0x2 * ((uint64_t)x39 * x37)) + ((0x2 * ((uint64_t)x41 * x35)) + ((0x2 * ((uint64_t)x43 * x33)) + ((0x2 * ((uint64_t)x45 * x31)) + ((0x2 * ((uint64_t)x47 * x29)) + (0x2 * ((uint64_t)x46 * x27)))))))))))));
uint64_t x60 = (((uint64_t)x25 * x46) + ((0x2 * ((uint64_t)x27 * x47)) + (((uint64_t)x29 * x45) + ((0x2 * ((uint64_t)x31 * x43)) + (((uint64_t)x33 * x41) + ((0x2 * ((uint64_t)x35 * x39)) + (((uint64_t)x37 * x37) + ((0x2 * ((uint64_t)x39 * x35)) + (((uint64_t)x41 * x33) + ((0x2 * ((uint64_t)x43 * x31)) + (((uint64_t)x45 * x29) + ((0x2 * ((uint64_t)x47 * x27)) + ((uint64_t)x46 * x25)))))))))))));
uint64_t x61 = ((0x2 * ((uint64_t)x23 * x46)) + ((0x2 * ((uint64_t)x25 * x47)) + ((0x2 * ((uint64_t)x27 * x45)) + ((0x2 * ((uint64_t)x29 * x43)) + ((0x2 * ((uint64_t)x31 * x41)) + ((0x2 * ((uint64_t)x33 * x39)) + ((0x2 * ((uint64_t)x35 * x37)) + ((0x2 * ((uint64_t)x37 * x35)) + ((0x2 * ((uint64_t)x39 * x33)) + ((0x2 * ((uint64_t)x41 * x31)) + ((0x2 * ((uint64_t)x43 * x29)) + ((0x2 * ((uint64_t)x45 * x27)) + ((0x2 * ((uint64_t)x47 * x25)) + (0x2 * ((uint64_t)x46 * x23)))))))))))))));
uint64_t x62 = (((uint64_t)x21 * x46) + ((0x2 * ((uint64_t)x23 * x47)) + (((uint64_t)x25 * x45) + ((0x2 * ((uint64_t)x27 * x43)) + (((uint64_t)x29 * x41) + ((0x2 * ((uint64_t)x31 * x39)) + (((uint64_t)x33 * x37) + ((0x2 * ((uint64_t)x35 * x35)) + (((uint64_t)x37 * x33) + ((0x2 * ((uint64_t)x39 * x31)) + (((uint64_t)x41 * x29) + ((0x2 * ((uint64_t)x43 * x27)) + (((uint64_t)x45 * x25) + ((0x2 * ((uint64_t)x47 * x23)) + ((uint64_t)x46 * x21)))))))))))))));
uint64_t x63 = ((0x2 * ((uint64_t)x19 * x46)) + ((0x2 * ((uint64_t)x21 * x47)) + ((0x2 * ((uint64_t)x23 * x45)) + ((0x2 * ((uint64_t)x25 * x43)) + ((0x2 * ((uint64_t)x27 * x41)) + ((0x2 * ((uint64_t)x29 * x39)) + ((0x2 * ((uint64_t)x31 * x37)) + ((0x2 * ((uint64_t)x33 * x35)) + ((0x2 * ((uint64_t)x35 * x33)) + ((0x2 * ((uint64_t)x37 * x31)) + ((0x2 * ((uint64_t)x39 * x29)) + ((0x2 * ((uint64_t)x41 * x27)) + ((0x2 * ((uint64_t)x43 * x25)) + ((0x2 * ((uint64_t)x45 * x23)) + ((0x2 * ((uint64_t)x47 * x21)) + (0x2 * ((uint64_t)x46 * x19)))))))))))))))));
uint64_t x64 = (((uint64_t)x17 * x46) + ((0x2 * ((uint64_t)x19 * x47)) + (((uint64_t)x21 * x45) + ((0x2 * ((uint64_t)x23 * x43)) + (((uint64_t)x25 * x41) + ((0x2 * ((uint64_t)x27 * x39)) + (((uint64_t)x29 * x37) + ((0x2 * ((uint64_t)x31 * x35)) + (((uint64_t)x33 * x33) + ((0x2 * ((uint64_t)x35 * x31)) + (((uint64_t)x37 * x29) + ((0x2 * ((uint64_t)x39 * x27)) + (((uint64_t)x41 * x25) + ((0x2 * ((uint64_t)x43 * x23)) + (((uint64_t)x45 * x21) + ((0x2 * ((uint64_t)x47 * x19)) + ((uint64_t)x46 * x17)))))))))))))))));
uint64_t x65 = ((0x2 * ((uint64_t)x15 * x46)) + ((0x2 * ((uint64_t)x17 * x47)) + ((0x2 * ((uint64_t)x19 * x45)) + ((0x2 * ((uint64_t)x21 * x43)) + ((0x2 * ((uint64_t)x23 * x41)) + ((0x2 * ((uint64_t)x25 * x39)) + ((0x2 * ((uint64_t)x27 * x37)) + ((0x2 * ((uint64_t)x29 * x35)) + ((0x2 * ((uint64_t)x31 * x33)) + ((0x2 * ((uint64_t)x33 * x31)) + ((0x2 * ((uint64_t)x35 * x29)) + ((0x2 * ((uint64_t)x37 * x27)) + ((0x2 * ((uint64_t)x39 * x25)) + ((0x2 * ((uint64_t)x41 * x23)) + ((0x2 * ((uint64_t)x43 * x21)) + ((0x2 * ((uint64_t)x45 * x19)) + ((0x2 * ((uint64_t)x47 * x17)) + (0x2 * ((uint64_t)x46 * x15)))))))))))))))))));
uint64_t x66 = (((uint64_t)x13 * x46) + ((0x2 * ((uint64_t)x15 * x47)) + (((uint64_t)x17 * x45) + ((0x2 * ((uint64_t)x19 * x43)) + (((uint64_t)x21 * x41) + ((0x2 * ((uint64_t)x23 * x39)) + (((uint64_t)x25 * x37) + ((0x2 * ((uint64_t)x27 * x35)) + (((uint64_t)x29 * x33) + ((0x2 * ((uint64_t)x31 * x31)) + (((uint64_t)x33 * x29) + ((0x2 * ((uint64_t)x35 * x27)) + (((uint64_t)x37 * x25) + ((0x2 * ((uint64_t)x39 * x23)) + (((uint64_t)x41 * x21) + ((0x2 * ((uint64_t)x43 * x19)) + (((uint64_t)x45 * x17) + ((0x2 * ((uint64_t)x47 * x15)) + ((uint64_t)x46 * x13)))))))))))))))))));
uint64_t x67 = ((0x2 * ((uint64_t)x11 * x46)) + ((0x2 * ((uint64_t)x13 * x47)) + ((0x2 * ((uint64_t)x15 * x45)) + ((0x2 * ((uint64_t)x17 * x43)) + ((0x2 * ((uint64_t)x19 * x41)) + ((0x2 * ((uint64_t)x21 * x39)) + ((0x2 * ((uint64_t)x23 * x37)) + ((0x2 * ((uint64_t)x25 * x35)) + ((0x2 * ((uint64_t)x27 * x33)) + ((0x2 * ((uint64_t)x29 * x31)) + ((0x2 * ((uint64_t)x31 * x29)) + ((0x2 * ((uint64_t)x33 * x27)) + ((0x2 * ((uint64_t)x35 * x25)) + ((0x2 * ((uint64_t)x37 * x23)) + ((0x2 * ((uint64_t)x39 * x21)) + ((0x2 * ((uint64_t)x41 * x19)) + ((0x2 * ((uint64_t)x43 * x17)) + ((0x2 * ((uint64_t)x45 * x15)) + ((0x2 * ((uint64_t)x47 * x13)) + (0x2 * ((uint64_t)x46 * x11)))))))))))))))))))));
uint64_t x68 = (((uint64_t)x9 * x46) + ((0x2 * ((uint64_t)x11 * x47)) + (((uint64_t)x13 * x45) + ((0x2 * ((uint64_t)x15 * x43)) + (((uint64_t)x17 * x41) + ((0x2 * ((uint64_t)x19 * x39)) + (((uint64_t)x21 * x37) + ((0x2 * ((uint64_t)x23 * x35)) + (((uint64_t)x25 * x33) + ((0x2 * ((uint64_t)x27 * x31)) + (((uint64_t)x29 * x29) + ((0x2 * ((uint64_t)x31 * x27)) + (((uint64_t)x33 * x25) + ((0x2 * ((uint64_t)x35 * x23)) + (((uint64_t)x37 * x21) + ((0x2 * ((uint64_t)x39 * x19)) + (((uint64_t)x41 * x17) + ((0x2 * ((uint64_t)x43 * x15)) + (((uint64_t)x45 * x13) + ((0x2 * ((uint64_t)x47 * x11)) + ((uint64_t)x46 * x9)))))))))))))))))))));
uint64_t x69 = ((0x2 * ((uint64_t)x7 * x46)) + ((0x2 * ((uint64_t)x9 * x47)) + ((0x2 * ((uint64_t)x11 * x45)) + ((0x2 * ((uint64_t)x13 * x43)) + ((0x2 * ((uint64_t)x15 * x41)) + ((0x2 * ((uint64_t)x17 * x39)) + ((0x2 * ((uint64_t)x19 * x37)) + ((0x2 * ((uint64_t)x21 * x35)) + ((0x2 * ((uint64_t)x23 * x33)) + ((0x2 * ((uint64_t)x25 * x31)) + ((0x2 * ((uint64_t)x27 * x29)) + ((0x2 * ((uint64_t)x29 * x27)) + ((0x2 * ((uint64_t)x31 * x25)) + ((0x2 * ((uint64_t)x33 * x23)) + ((0x2 * ((uint64_t)x35 * x21)) + ((0x2 * ((uint64_t)x37 * x19)) + ((0x2 * ((uint64_t)x39 * x17)) + ((0x2 * ((uint64_t)x41 * x15)) + ((0x2 * ((uint64_t)x43 * x13)) + ((0x2 * ((uint64_t)x45 * x11)) + ((0x2 * ((uint64_t)x47 * x9)) + (0x2 * ((uint64_t)x46 * x7)))))))))))))))))))))));
uint64_t x70 = (((uint64_t)x5 * x46) + ((0x2 * ((uint64_t)x7 * x47)) + (((uint64_t)x9 * x45) + ((0x2 * ((uint64_t)x11 * x43)) + (((uint64_t)x13 * x41) + ((0x2 * ((uint64_t)x15 * x39)) + (((uint64_t)x17 * x37) + ((0x2 * ((uint64_t)x19 * x35)) + (((uint64_t)x21 * x33) + ((0x2 * ((uint64_t)x23 * x31)) + (((uint64_t)x25 * x29) + ((0x2 * ((uint64_t)x27 * x27)) + (((uint64_t)x29 * x25) + ((0x2 * ((uint64_t)x31 * x23)) + (((uint64_t)x33 * x21) + ((0x2 * ((uint64_t)x35 * x19)) + (((uint64_t)x37 * x17) + ((0x2 * ((uint64_t)x39 * x15)) + (((uint64_t)x41 * x13) + ((0x2 * ((uint64_t)x43 * x11)) + (((uint64_t)x45 * x9) + ((0x2 * ((uint64_t)x47 * x7)) + ((uint64_t)x46 * x5)))))))))))))))))))))));
uint64_t x71 = ((0x2 * ((uint64_t)x3 * x46)) + ((0x2 * ((uint64_t)x5 * x47)) + ((0x2 * ((uint64_t)x7 * x45)) + ((0x2 * ((uint64_t)x9 * x43)) + ((0x2 * ((uint64_t)x11 * x41)) + ((0x2 * ((uint64_t)x13 * x39)) + ((0x2 * ((uint64_t)x15 * x37)) + ((0x2 * ((uint64_t)x17 * x35)) + ((0x2 * ((uint64_t)x19 * x33)) + ((0x2 * ((uint64_t)x21 * x31)) + ((0x2 * ((uint64_t)x23 * x29)) + ((0x2 * ((uint64_t)x25 * x27)) + ((0x2 * ((uint64_t)x27 * x25)) + ((0x2 * ((uint64_t)x29 * x23)) + ((0x2 * ((uint64_t)x31 * x21)) + ((0x2 * ((uint64_t)x33 * x19)) + ((0x2 * ((uint64_t)x35 * x17)) + ((0x2 * ((uint64_t)x37 * x15)) + ((0x2 * ((uint64_t)x39 * x13)) + ((0x2 * ((uint64_t)x41 * x11)) + ((0x2 * ((uint64_t)x43 * x9)) + ((0x2 * ((uint64_t)x45 * x7)) + ((0x2 * ((uint64_t)x47 * x5)) + (0x2 * ((uint64_t)x46 * x3)))))))))))))))))))))))));
uint64_t x72 = (((uint64_t)x1 * x46) + ((0x2 * ((uint64_t)x3 * x47)) + (((uint64_t)x5 * x45) + ((0x2 * ((uint64_t)x7 * x43)) + (((uint64_t)x9 * x41) + ((0x2 * ((uint64_t)x11 * x39)) + (((uint64_t)x13 * x37) + ((0x2 * ((uint64_t)x15 * x35)) + (((uint64_t)x17 * x33) + ((0x2 * ((uint64_t)x19 * x31)) + (((uint64_t)x21 * x29) + ((0x2 * ((uint64_t)x23 * x27)) + (((uint64_t)x25 * x25) + ((0x2 * ((uint64_t)x27 * x23)) + (((uint64_t)x29 * x21) + ((0x2 * ((uint64_t)x31 * x19)) + (((uint64_t)x33 * x17) + ((0x2 * ((uint64_t)x35 * x15)) + (((uint64_t)x37 * x13) + ((0x2 * ((uint64_t)x39 * x11)) + (((uint64_t)x41 * x9) + ((0x2 * ((uint64_t)x43 * x7)) + (((uint64_t)x45 * x5) + ((0x2 * ((uint64_t)x47 * x3)) + ((uint64_t)x46 * x1)))))))))))))))))))))))));
uint64_t x73 = (((uint64_t)x1 * x47) + (((uint64_t)x3 * x45) + (((uint64_t)x5 * x43) + (((uint64_t)x7 * x41) + (((uint64_t)x9 * x39) + (((uint64_t)x11 * x37) + (((uint64_t)x13 * x35) + (((uint64_t)x15 * x33) + (((uint64_t)x17 * x31) + (((uint64_t)x19 * x29) + (((uint64_t)x21 * x27) + (((uint64_t)x23 * x25) + (((uint64_t)x25 * x23) + (((uint64_t)x27 * x21) + (((uint64_t)x29 * x19) + (((uint64_t)x31 * x17) + (((uint64_t)x33 * x15) + (((uint64_t)x35 * x13) + (((uint64_t)x37 * x11) + (((uint64_t)x39 * x9) + (((uint64_t)x41 * x7) + (((uint64_t)x43 * x5) + (((uint64_t)x45 * x3) + ((uint64_t)x47 * x1))))))))))))))))))))))));
uint64_t x74 = (((uint64_t)x1 * x45) + ((0x2 * ((uint64_t)x3 * x43)) + (((uint64_t)x5 * x41) + ((0x2 * ((uint64_t)x7 * x39)) + (((uint64_t)x9 * x37) + ((0x2 * ((uint64_t)x11 * x35)) + (((uint64_t)x13 * x33) + ((0x2 * ((uint64_t)x15 * x31)) + (((uint64_t)x17 * x29) + ((0x2 * ((uint64_t)x19 * x27)) + (((uint64_t)x21 * x25) + ((0x2 * ((uint64_t)x23 * x23)) + (((uint64_t)x25 * x21) + ((0x2 * ((uint64_t)x27 * x19)) + (((uint64_t)x29 * x17) + ((0x2 * ((uint64_t)x31 * x15)) + (((uint64_t)x33 * x13) + ((0x2 * ((uint64_t)x35 * x11)) + (((uint64_t)x37 * x9) + ((0x2 * ((uint64_t)x39 * x7)) + (((uint64_t)x41 * x5) + ((0x2 * ((uint64_t)x43 * x3)) + ((uint64_t)x45 * x1)))))))))))))))))))))));
uint64_t x75 = (((uint64_t)x1 * x43) + (((uint64_t)x3 * x41) + (((uint64_t)x5 * x39) + (((uint64_t)x7 * x37) + (((uint64_t)x9 * x35) + (((uint64_t)x11 * x33) + (((uint64_t)x13 * x31) + (((uint64_t)x15 * x29) + (((uint64_t)x17 * x27) + (((uint64_t)x19 * x25) + (((uint64_t)x21 * x23) + (((uint64_t)x23 * x21) + (((uint64_t)x25 * x19) + (((uint64_t)x27 * x17) + (((uint64_t)x29 * x15) + (((uint64_t)x31 * x13) + (((uint64_t)x33 * x11) + (((uint64_t)x35 * x9) + (((uint64_t)x37 * x7) + (((uint64_t)x39 * x5) + (((uint64_t)x41 * x3) + ((uint64_t)x43 * x1))))))))))))))))))))));
uint64_t x76 = (((uint64_t)x1 * x41) + ((0x2 * ((uint64_t)x3 * x39)) + (((uint64_t)x5 * x37) + ((0x2 * ((uint64_t)x7 * x35)) + (((uint64_t)x9 * x33) + ((0x2 * ((uint64_t)x11 * x31)) + (((uint64_t)x13 * x29) + ((0x2 * ((uint64_t)x15 * x27)) + (((uint64_t)x17 * x25) + ((0x2 * ((uint64_t)x19 * x23)) + (((uint64_t)x21 * x21) + ((0x2 * ((uint64_t)x23 * x19)) + (((uint64_t)x25 * x17) + ((0x2 * ((uint64_t)x27 * x15)) + (((uint64_t)x29 * x13) + ((0x2 * ((uint64_t)x31 * x11)) + (((uint64_t)x33 * x9) + ((0x2 * ((uint64_t)x35 * x7)) + (((uint64_t)x37 * x5) + ((0x2 * ((uint64_t)x39 * x3)) + ((uint64_t)x41 * x1)))))))))))))))))))));
uint64_t x77 = (((uint64_t)x1 * x39) + (((uint64_t)x3 * x37) + (((uint64_t)x5 * x35) + (((uint64_t)x7 * x33) + (((uint64_t)x9 * x31) + (((uint64_t)x11 * x29) + (((uint64_t)x13 * x27) + (((uint64_t)x15 * x25) + (((uint64_t)x17 * x23) + (((uint64_t)x19 * x21) + (((uint64_t)x21 * x19) + (((uint64_t)x23 * x17) + (((uint64_t)x25 * x15) + (((uint64_t)x27 * x13) + (((uint64_t)x29 * x11) + (((uint64_t)x31 * x9) + (((uint64_t)x33 * x7) + (((uint64_t)x35 * x5) + (((uint64_t)x37 * x3) + ((uint64_t)x39 * x1))))))))))))))))))));
uint64_t x78 = (((uint64_t)x1 * x37) + ((0x2 * ((uint64_t)x3 * x35)) + (((uint64_t)x5 * x33) + ((0x2 * ((uint64_t)x7 * x31)) + (((uint64_t)x9 * x29) + ((0x2 * ((uint64_t)x11 * x27)) + (((uint64_t)x13 * x25) + ((0x2 * ((uint64_t)x15 * x23)) + (((uint64_t)x17 * x21) + ((0x2 * ((uint64_t)x19 * x19)) + (((uint64_t)x21 * x17) + ((0x2 * ((uint64_t)x23 * x15)) + (((uint64_t)x25 * x13) + ((0x2 * ((uint64_t)x27 * x11)) + (((uint64_t)x29 * x9) + ((0x2 * ((uint64_t)x31 * x7)) + (((uint64_t)x33 * x5) + ((0x2 * ((uint64_t)x35 * x3)) + ((uint64_t)x37 * x1)))))))))))))))))));
uint64_t x79 = (((uint64_t)x1 * x35) + (((uint64_t)x3 * x33) + (((uint64_t)x5 * x31) + (((uint64_t)x7 * x29) + (((uint64_t)x9 * x27) + (((uint64_t)x11 * x25) + (((uint64_t)x13 * x23) + (((uint64_t)x15 * x21) + (((uint64_t)x17 * x19) + (((uint64_t)x19 * x17) + (((uint64_t)x21 * x15) + (((uint64_t)x23 * x13) + (((uint64_t)x25 * x11) + (((uint64_t)x27 * x9) + (((uint64_t)x29 * x7) + (((uint64_t)x31 * x5) + (((uint64_t)x33 * x3) + ((uint64_t)x35 * x1))))))))))))))))));
uint64_t x80 = (((uint64_t)x1 * x33) + ((0x2 * ((uint64_t)x3 * x31)) + (((uint64_t)x5 * x29) + ((0x2 * ((uint64_t)x7 * x27)) + (((uint64_t)x9 * x25) + ((0x2 * ((uint64_t)x11 * x23)) + (((uint64_t)x13 * x21) + ((0x2 * ((uint64_t)x15 * x19)) + (((uint64_t)x17 * x17) + ((0x2 * ((uint64_t)x19 * x15)) + (((uint64_t)x21 * x13) + ((0x2 * ((uint64_t)x23 * x11)) + (((uint64_t)x25 * x9) + ((0x2 * ((uint64_t)x27 * x7)) + (((uint64_t)x29 * x5) + ((0x2 * ((uint64_t)x31 * x3)) + ((uint64_t)x33 * x1)))))))))))))))));
uint64_t x81 = (((uint64_t)x1 * x31) + (((uint64_t)x3 * x29) + (((uint64_t)x5 * x27) + (((uint64_t)x7 * x25) + (((uint64_t)x9 * x23) + (((uint64_t)x11 * x21) + (((uint64_t)x13 * x19) + (((uint64_t)x15 * x17) + (((uint64_t)x17 * x15) + (((uint64_t)x19 * x13) + (((uint64_t)x21 * x11) + (((uint64_t)x23 * x9) + (((uint64_t)x25 * x7) + (((uint64_t)x27 * x5) + (((uint64_t)x29 * x3) + ((uint64_t)x31 * x1))))))))))))))));
uint64_t x82 = (((uint64_t)x1 * x29) + ((0x2 * ((uint64_t)x3 * x27)) + (((uint64_t)x5 * x25) + ((0x2 * ((uint64_t)x7 * x23)) + (((uint64_t)x9 * x21) + ((0x2 * ((uint64_t)x11 * x19)) + (((uint64_t)x13 * x17) + ((0x2 * ((uint64_t)x15 * x15)) + (((uint64_t)x17 * x13) + ((0x2 * ((uint64_t)x19 * x11)) + (((uint64_t)x21 * x9) + ((0x2 * ((uint64_t)x23 * x7)) + (((uint64_t)x25 * x5) + ((0x2 * ((uint64_t)x27 * x3)) + ((uint64_t)x29 * x1)))))))))))))));
uint64_t x83 = (((uint64_t)x1 * x27) + (((uint64_t)x3 * x25) + (((uint64_t)x5 * x23) + (((uint64_t)x7 * x21) + (((uint64_t)x9 * x19) + (((uint64_t)x11 * x17) + (((uint64_t)x13 * x15) + (((uint64_t)x15 * x13) + (((uint64_t)x17 * x11) + (((uint64_t)x19 * x9) + (((uint64_t)x21 * x7) + (((uint64_t)x23 * x5) + (((uint64_t)x25 * x3) + ((uint64_t)x27 * x1))))))))))))));
uint64_t x84 = (((uint64_t)x1 * x25) + ((0x2 * ((uint64_t)x3 * x23)) + (((uint64_t)x5 * x21) + ((0x2 * ((uint64_t)x7 * x19)) + (((uint64_t)x9 * x17) + ((0x2 * ((uint64_t)x11 * x15)) + (((uint64_t)x13 * x13) + ((0x2 * ((uint64_t)x15 * x11)) + (((uint64_t)x17 * x9) + ((0x2 * ((uint64_t)x19 * x7)) + (((uint64_t)x21 * x5) + ((0x2 * ((uint64_t)x23 * x3)) + ((uint64_t)x25 * x1)))))))))))));
uint64_t x85 = (((uint64_t)x1 * x23) + (((uint64_t)x3 * x21) + (((uint64_t)x5 * x19) + (((uint64_t)x7 * x17) + (((uint64_t)x9 * x15) + (((uint64_t)x11 * x13) + (((uint64_t)x13 * x11) + (((uint64_t)x15 * x9) + (((uint64_t)x17 * x7) + (((uint64_t)x19 * x5) + (((uint64_t)x21 * x3) + ((uint64_t)x23 * x1))))))))))));
uint64_t x86 = (((uint64_t)x1 * x21) + ((0x2 * ((uint64_t)x3 * x19)) + (((uint64_t)x5 * x17) + ((0x2 * ((uint64_t)x7 * x15)) + (((uint64_t)x9 * x13) + ((0x2 * ((uint64_t)x11 * x11)) + (((uint64_t)x13 * x9) + ((0x2 * ((uint64_t)x15 * x7)) + (((uint64_t)x17 * x5) + ((0x2 * ((uint64_t)x19 * x3)) + ((uint64_t)x21 * x1)))))))))));
uint64_t x87 = (((uint64_t)x1 * x19) + (((uint64_t)x3 * x17) + (((uint64_t)x5 * x15) + (((uint64_t)x7 * x13) + (((uint64_t)x9 * x11) + (((uint64_t)x11 * x9) + (((uint64_t)x13 * x7) + (((uint64_t)x15 * x5) + (((uint64_t)x17 * x3) + ((uint64_t)x19 * x1))))))))));
uint64_t x88 = (((uint64_t)x1 * x17) + ((0x2 * ((uint64_t)x3 * x15)) + (((uint64_t)x5 * x13) + ((0x2 * ((uint64_t)x7 * x11)) + (((uint64_t)x9 * x9) + ((0x2 * ((uint64_t)x11 * x7)) + (((uint64_t)x13 * x5) + ((0x2 * ((uint64_t)x15 * x3)) + ((uint64_t)x17 * x1)))))))));
uint64_t x89 = (((uint64_t)x1 * x15) + (((uint64_t)x3 * x13) + (((uint64_t)x5 * x11) + (((uint64_t)x7 * x9) + (((uint64_t)x9 * x7) + (((uint64_t)x11 * x5) + (((uint64_t)x13 * x3) + ((uint64_t)x15 * x1))))))));
uint64_t x90 = (((uint64_t)x1 * x13) + ((0x2 * ((uint64_t)x3 * x11)) + (((uint64_t)x5 * x9) + ((0x2 * ((uint64_t)x7 * x7)) + (((uint64_t)x9 * x5) + ((0x2 * ((uint64_t)x11 * x3)) + ((uint64_t)x13 * x1)))))));
uint64_t x91 = (((uint64_t)x1 * x11) + (((uint64_t)x3 * x9) + (((uint64_t)x5 * x7) + (((uint64_t)x7 * x5) + (((uint64_t)x9 * x3) + ((uint64_t)x11 * x1))))));
uint64_t x92 = (((uint64_t)x1 * x9) + ((0x2 * ((uint64_t)x3 * x7)) + (((uint64_t)x5 * x5) + ((0x2 * ((uint64_t)x7 * x3)) + ((uint64_t)x9 * x1)))));
uint64_t x93 = (((uint64_t)x1 * x7) + (((uint64_t)x3 * x5) + (((uint64_t)x5 * x3) + ((uint64_t)x7 * x1))));
uint64_t x94 = (((uint64_t)x1 * x5) + ((0x2 * ((uint64_t)x3 * x3)) + ((uint64_t)x5 * x1)));
uint64_t x95 = (((uint64_t)x1 * x3) + ((uint64_t)x3 * x1));
uint64_t x96 = ((uint64_t)x1 * x1);
uint64_t x97 = (x73 + (0x239 * x48));
uint64_t x98 = (x74 + (0x239 * x49));
uint64_t x99 = (x75 + (0x239 * x50));
uint64_t x100 = (x76 + (0x239 * x51));
uint64_t x101 = (x77 + (0x239 * x52));
uint64_t x102 = (x78 + (0x239 * x53));
uint64_t x103 = (x79 + (0x239 * x54));
uint64_t x104 = (x80 + (0x239 * x55));
uint64_t x105 = (x81 + (0x239 * x56));
uint64_t x106 = (x82 + (0x239 * x57));
uint64_t x107 = (x83 + (0x239 * x58));
uint64_t x108 = (x84 + (0x239 * x59));
uint64_t x109 = (x85 + (0x239 * x60));
uint64_t x110 = (x86 + (0x239 * x61));
uint64_t x111 = (x87 + (0x239 * x62));
uint64_t x112 = (x88 + (0x239 * x63));
uint64_t x113 = (x89 + (0x239 * x64));
uint64_t x114 = (x90 + (0x239 * x65));
uint64_t x115 = (x91 + (0x239 * x66));
uint64_t x116 = (x92 + (0x239 * x67));
uint64_t x117 = (x93 + (0x239 * x68));
uint64_t x118 = (x94 + (0x239 * x69));
uint64_t x119 = (x95 + (0x239 * x70));
uint64_t x120 = (x96 + (0x239 * x71));
uint64_t x121 = (x120 >> 0x15);
uint32_t x122 = ((uint32_t)x120 & 0x1fffff);
uint64_t x123 = (x121 + x119);
uint64_t x124 = (x123 >> 0x14);
uint32_t x125 = ((uint32_t)x123 & 0xfffff);
uint64_t x126 = (x124 + x118);
uint64_t x127 = (x126 >> 0x15);
uint32_t x128 = ((uint32_t)x126 & 0x1fffff);
uint64_t x129 = (x127 + x117);
uint64_t x130 = (x129 >> 0x14);
uint32_t x131 = ((uint32_t)x129 & 0xfffff);
uint64_t x132 = (x130 + x116);
uint64_t x133 = (x132 >> 0x15);
uint32_t x134 = ((uint32_t)x132 & 0x1fffff);
uint64_t x135 = (x133 + x115);
uint64_t x136 = (x135 >> 0x14);
uint32_t x137 = ((uint32_t)x135 & 0xfffff);
uint64_t x138 = (x136 + x114);
uint64_t x139 = (x138 >> 0x15);
uint32_t x140 = ((uint32_t)x138 & 0x1fffff);
uint64_t x141 = (x139 + x113);
uint64_t x142 = (x141 >> 0x14);
uint32_t x143 = ((uint32_t)x141 & 0xfffff);
uint64_t x144 = (x142 + x112);
uint64_t x145 = (x144 >> 0x15);
uint32_t x146 = ((uint32_t)x144 & 0x1fffff);
uint64_t x147 = (x145 + x111);
uint64_t x148 = (x147 >> 0x14);
uint32_t x149 = ((uint32_t)x147 & 0xfffff);
uint64_t x150 = (x148 + x110);
uint64_t x151 = (x150 >> 0x15);
uint32_t x152 = ((uint32_t)x150 & 0x1fffff);
uint64_t x153 = (x151 + x109);
uint64_t x154 = (x153 >> 0x14);
uint32_t x155 = ((uint32_t)x153 & 0xfffff);
uint64_t x156 = (x154 + x108);
uint64_t x157 = (x156 >> 0x15);
uint32_t x158 = ((uint32_t)x156 & 0x1fffff);
uint64_t x159 = (x157 + x107);
uint64_t x160 = (x159 >> 0x14);
uint32_t x161 = ((uint32_t)x159 & 0xfffff);
uint64_t x162 = (x160 + x106);
uint64_t x163 = (x162 >> 0x15);
uint32_t x164 = ((uint32_t)x162 & 0x1fffff);
uint64_t x165 = (x163 + x105);
uint64_t x166 = (x165 >> 0x14);
uint32_t x167 = ((uint32_t)x165 & 0xfffff);
uint64_t x168 = (x166 + x104);
uint64_t x169 = (x168 >> 0x15);
uint32_t x170 = ((uint32_t)x168 & 0x1fffff);
uint64_t x171 = (x169 + x103);
uint64_t x172 = (x171 >> 0x14);
uint32_t x173 = ((uint32_t)x171 & 0xfffff);
uint64_t x174 = (x172 + x102);
uint64_t x175 = (x174 >> 0x15);
uint32_t x176 = ((uint32_t)x174 & 0x1fffff);
uint64_t x177 = (x175 + x101);
uint64_t x178 = (x177 >> 0x14);
uint32_t x179 = ((uint32_t)x177 & 0xfffff);
uint64_t x180 = (x178 + x100);
uint64_t x181 = (x180 >> 0x15);
uint32_t x182 = ((uint32_t)x180 & 0x1fffff);
uint64_t x183 = (x181 + x99);
uint64_t x184 = (x183 >> 0x14);
uint32_t x185 = ((uint32_t)x183 & 0xfffff);
uint64_t x186 = (x184 + x98);
uint64_t x187 = (x186 >> 0x15);
uint32_t x188 = ((uint32_t)x186 & 0x1fffff);
uint64_t x189 = (x187 + x97);
uint64_t x190 = (x189 >> 0x14);
uint32_t x191 = ((uint32_t)x189 & 0xfffff);
uint64_t x192 = (x190 + x72);
uint32_t x193 = (uint32_t) (x192 >> 0x14);
uint32_t x194 = ((uint32_t)x192 & 0xfffff);
uint64_t x195 = (x122 + ((uint64_t)0x239 * x193));
uint32_t x196 = (uint32_t) (x195 >> 0x15);
uint32_t x197 = ((uint32_t)x195 & 0x1fffff);
uint32_t x198 = (x196 + x125);
uint32_t x199 = (x198 >> 0x14);
uint32_t x200 = (x198 & 0xfffff);
return (Return x194, Return x191, Return x188, Return x185, Return x182, Return x179, Return x176, Return x173, Return x170, Return x167, Return x164, Return x161, Return x158, Return x155, Return x152, Return x149, Return x146, Return x143, Return x140, Return x137, Return x134, Return x131, (x199 + x128), Return x200, Return x197)
     : ∀ var : Z.Syntax.base_type → Type, expr Z.Syntax.base_type Z.Syntax.op (uint32_t * uint32_t * uint32_t * uint32_t * uint32_t * uint32_t * uint32_t * uint32_t * uint32_t * uint32_t * uint32_t * uint32_t * uint32_t * uint32_t * uint32_t * uint32_t * uint32_t * uint32_t * uint32_t * uint32_t * uint32_t * uint32_t * uint32_t * uint32_t * uint32_t -> uint32_t * uint32_t * uint32_t * uint32_t * uint32_t * uint32_t * uint32_t * uint32_t * uint32_t * uint32_t * uint32_t * uint32_t * uint32_t * uint32_t * uint32_t * uint32_t * uint32_t * uint32_t * uint32_t * uint32_t * uint32_t * uint32_t * uint32_t * uint32_t * uint32_t)

Argument scope is [function_scope]
