freeze = λ var : Z.Syntax.base_type → Type,
λ '(x46, x47, x45, x43, x41, x39, x37, x35, x33, x31, x29, x27, x25, x23, x21, x19, x17, x15, x13, x11, x9, x7, x5, x3, x1)%core,
uint32_t x49, uint32_t x50 = Op (Z.Syntax.SubWithGetBorrow 21 (Syntax.TWord 5) (Syntax.TWord 5) (Syntax.TWord 5) (Syntax.TWord 5) (Syntax.TWord 5)) (0x0, Return x1, 0x1ffdc7);
uint32_t x52, uint32_t x53 = Op (Z.Syntax.SubWithGetBorrow 20 (Syntax.TWord 5) (Syntax.TWord 5) (Syntax.TWord 5) (Syntax.TWord 5) (Syntax.TWord 5)) (Return x50, Return x3, 0xfffff);
uint32_t x55, uint32_t x56 = Op (Z.Syntax.SubWithGetBorrow 21 (Syntax.TWord 5) (Syntax.TWord 5) (Syntax.TWord 5) (Syntax.TWord 5) (Syntax.TWord 5)) (Return x53, Return x5, 0x1fffff);
uint32_t x58, uint32_t x59 = Op (Z.Syntax.SubWithGetBorrow 20 (Syntax.TWord 5) (Syntax.TWord 5) (Syntax.TWord 5) (Syntax.TWord 5) (Syntax.TWord 5)) (Return x56, Return x7, 0xfffff);
uint32_t x61, uint32_t x62 = Op (Z.Syntax.SubWithGetBorrow 21 (Syntax.TWord 5) (Syntax.TWord 5) (Syntax.TWord 5) (Syntax.TWord 5) (Syntax.TWord 5)) (Return x59, Return x9, 0x1fffff);
uint32_t x64, uint32_t x65 = Op (Z.Syntax.SubWithGetBorrow 20 (Syntax.TWord 5) (Syntax.TWord 5) (Syntax.TWord 5) (Syntax.TWord 5) (Syntax.TWord 5)) (Return x62, Return x11, 0xfffff);
uint32_t x67, uint32_t x68 = Op (Z.Syntax.SubWithGetBorrow 21 (Syntax.TWord 5) (Syntax.TWord 5) (Syntax.TWord 5) (Syntax.TWord 5) (Syntax.TWord 5)) (Return x65, Return x13, 0x1fffff);
uint32_t x70, uint32_t x71 = Op (Z.Syntax.SubWithGetBorrow 20 (Syntax.TWord 5) (Syntax.TWord 5) (Syntax.TWord 5) (Syntax.TWord 5) (Syntax.TWord 5)) (Return x68, Return x15, 0xfffff);
uint32_t x73, uint32_t x74 = Op (Z.Syntax.SubWithGetBorrow 21 (Syntax.TWord 5) (Syntax.TWord 5) (Syntax.TWord 5) (Syntax.TWord 5) (Syntax.TWord 5)) (Return x71, Return x17, 0x1fffff);
uint32_t x76, uint32_t x77 = Op (Z.Syntax.SubWithGetBorrow 20 (Syntax.TWord 5) (Syntax.TWord 5) (Syntax.TWord 5) (Syntax.TWord 5) (Syntax.TWord 5)) (Return x74, Return x19, 0xfffff);
uint32_t x79, uint32_t x80 = Op (Z.Syntax.SubWithGetBorrow 21 (Syntax.TWord 5) (Syntax.TWord 5) (Syntax.TWord 5) (Syntax.TWord 5) (Syntax.TWord 5)) (Return x77, Return x21, 0x1fffff);
uint32_t x82, uint32_t x83 = Op (Z.Syntax.SubWithGetBorrow 20 (Syntax.TWord 5) (Syntax.TWord 5) (Syntax.TWord 5) (Syntax.TWord 5) (Syntax.TWord 5)) (Return x80, Return x23, 0xfffff);
uint32_t x85, uint32_t x86 = Op (Z.Syntax.SubWithGetBorrow 21 (Syntax.TWord 5) (Syntax.TWord 5) (Syntax.TWord 5) (Syntax.TWord 5) (Syntax.TWord 5)) (Return x83, Return x25, 0x1fffff);
uint32_t x88, uint32_t x89 = Op (Z.Syntax.SubWithGetBorrow 20 (Syntax.TWord 5) (Syntax.TWord 5) (Syntax.TWord 5) (Syntax.TWord 5) (Syntax.TWord 5)) (Return x86, Return x27, 0xfffff);
uint32_t x91, uint32_t x92 = Op (Z.Syntax.SubWithGetBorrow 21 (Syntax.TWord 5) (Syntax.TWord 5) (Syntax.TWord 5) (Syntax.TWord 5) (Syntax.TWord 5)) (Return x89, Return x29, 0x1fffff);
uint32_t x94, uint32_t x95 = Op (Z.Syntax.SubWithGetBorrow 20 (Syntax.TWord 5) (Syntax.TWord 5) (Syntax.TWord 5) (Syntax.TWord 5) (Syntax.TWord 5)) (Return x92, Return x31, 0xfffff);
uint32_t x97, uint32_t x98 = Op (Z.Syntax.SubWithGetBorrow 21 (Syntax.TWord 5) (Syntax.TWord 5) (Syntax.TWord 5) (Syntax.TWord 5) (Syntax.TWord 5)) (Return x95, Return x33, 0x1fffff);
uint32_t x100, uint32_t x101 = Op (Z.Syntax.SubWithGetBorrow 20 (Syntax.TWord 5) (Syntax.TWord 5) (Syntax.TWord 5) (Syntax.TWord 5) (Syntax.TWord 5)) (Return x98, Return x35, 0xfffff);
uint32_t x103, uint32_t x104 = Op (Z.Syntax.SubWithGetBorrow 21 (Syntax.TWord 5) (Syntax.TWord 5) (Syntax.TWord 5) (Syntax.TWord 5) (Syntax.TWord 5)) (Return x101, Return x37, 0x1fffff);
uint32_t x106, uint32_t x107 = Op (Z.Syntax.SubWithGetBorrow 20 (Syntax.TWord 5) (Syntax.TWord 5) (Syntax.TWord 5) (Syntax.TWord 5) (Syntax.TWord 5)) (Return x104, Return x39, 0xfffff);
uint32_t x109, uint32_t x110 = Op (Z.Syntax.SubWithGetBorrow 21 (Syntax.TWord 5) (Syntax.TWord 5) (Syntax.TWord 5) (Syntax.TWord 5) (Syntax.TWord 5)) (Return x107, Return x41, 0x1fffff);
uint32_t x112, uint32_t x113 = Op (Z.Syntax.SubWithGetBorrow 20 (Syntax.TWord 5) (Syntax.TWord 5) (Syntax.TWord 5) (Syntax.TWord 5) (Syntax.TWord 5)) (Return x110, Return x43, 0xfffff);
uint32_t x115, uint32_t x116 = Op (Z.Syntax.SubWithGetBorrow 21 (Syntax.TWord 5) (Syntax.TWord 5) (Syntax.TWord 5) (Syntax.TWord 5) (Syntax.TWord 5)) (Return x113, Return x45, 0x1fffff);
uint32_t x118, uint32_t x119 = Op (Z.Syntax.SubWithGetBorrow 20 (Syntax.TWord 5) (Syntax.TWord 5) (Syntax.TWord 5) (Syntax.TWord 5) (Syntax.TWord 5)) (Return x116, Return x47, 0xfffff);
uint32_t x121, uint32_t x122 = Op (Z.Syntax.SubWithGetBorrow 20 (Syntax.TWord 5) (Syntax.TWord 5) (Syntax.TWord 5) (Syntax.TWord 5) (Syntax.TWord 5)) (Return x119, Return x46, 0xfffff);
uint32_t x123 = cmovznz32(x122, 0x0, 0xffffffff);
uint32_t x124 = (x123 & 0x1ffdc7);
uint32_t x126, uint32_t x127 = Op (Z.Syntax.AddWithGetCarry 21 (Syntax.TWord 5) (Syntax.TWord 5) (Syntax.TWord 5) (Syntax.TWord 5) (Syntax.TWord 5)) (0x0, Return x49, Return x124);
uint32_t x128 = (x123 & 0xfffff);
uint32_t x130, uint32_t x131 = Op (Z.Syntax.AddWithGetCarry 20 (Syntax.TWord 5) (Syntax.TWord 5) (Syntax.TWord 5) (Syntax.TWord 5) (Syntax.TWord 5)) (Return x127, Return x52, Return x128);
uint32_t x132 = (x123 & 0x1fffff);
uint32_t x134, uint32_t x135 = Op (Z.Syntax.AddWithGetCarry 21 (Syntax.TWord 5) (Syntax.TWord 5) (Syntax.TWord 5) (Syntax.TWord 5) (Syntax.TWord 5)) (Return x131, Return x55, Return x132);
uint32_t x136 = (x123 & 0xfffff);
uint32_t x138, uint32_t x139 = Op (Z.Syntax.AddWithGetCarry 20 (Syntax.TWord 5) (Syntax.TWord 5) (Syntax.TWord 5) (Syntax.TWord 5) (Syntax.TWord 5)) (Return x135, Return x58, Return x136);
uint32_t x140 = (x123 & 0x1fffff);
uint32_t x142, uint32_t x143 = Op (Z.Syntax.AddWithGetCarry 21 (Syntax.TWord 5) (Syntax.TWord 5) (Syntax.TWord 5) (Syntax.TWord 5) (Syntax.TWord 5)) (Return x139, Return x61, Return x140);
uint32_t x144 = (x123 & 0xfffff);
uint32_t x146, uint32_t x147 = Op (Z.Syntax.AddWithGetCarry 20 (Syntax.TWord 5) (Syntax.TWord 5) (Syntax.TWord 5) (Syntax.TWord 5) (Syntax.TWord 5)) (Return x143, Return x64, Return x144);
uint32_t x148 = (x123 & 0x1fffff);
uint32_t x150, uint32_t x151 = Op (Z.Syntax.AddWithGetCarry 21 (Syntax.TWord 5) (Syntax.TWord 5) (Syntax.TWord 5) (Syntax.TWord 5) (Syntax.TWord 5)) (Return x147, Return x67, Return x148);
uint32_t x152 = (x123 & 0xfffff);
uint32_t x154, uint32_t x155 = Op (Z.Syntax.AddWithGetCarry 20 (Syntax.TWord 5) (Syntax.TWord 5) (Syntax.TWord 5) (Syntax.TWord 5) (Syntax.TWord 5)) (Return x151, Return x70, Return x152);
uint32_t x156 = (x123 & 0x1fffff);
uint32_t x158, uint32_t x159 = Op (Z.Syntax.AddWithGetCarry 21 (Syntax.TWord 5) (Syntax.TWord 5) (Syntax.TWord 5) (Syntax.TWord 5) (Syntax.TWord 5)) (Return x155, Return x73, Return x156);
uint32_t x160 = (x123 & 0xfffff);
uint32_t x162, uint32_t x163 = Op (Z.Syntax.AddWithGetCarry 20 (Syntax.TWord 5) (Syntax.TWord 5) (Syntax.TWord 5) (Syntax.TWord 5) (Syntax.TWord 5)) (Return x159, Return x76, Return x160);
uint32_t x164 = (x123 & 0x1fffff);
uint32_t x166, uint32_t x167 = Op (Z.Syntax.AddWithGetCarry 21 (Syntax.TWord 5) (Syntax.TWord 5) (Syntax.TWord 5) (Syntax.TWord 5) (Syntax.TWord 5)) (Return x163, Return x79, Return x164);
uint32_t x168 = (x123 & 0xfffff);
uint32_t x170, uint32_t x171 = Op (Z.Syntax.AddWithGetCarry 20 (Syntax.TWord 5) (Syntax.TWord 5) (Syntax.TWord 5) (Syntax.TWord 5) (Syntax.TWord 5)) (Return x167, Return x82, Return x168);
uint32_t x172 = (x123 & 0x1fffff);
uint32_t x174, uint32_t x175 = Op (Z.Syntax.AddWithGetCarry 21 (Syntax.TWord 5) (Syntax.TWord 5) (Syntax.TWord 5) (Syntax.TWord 5) (Syntax.TWord 5)) (Return x171, Return x85, Return x172);
uint32_t x176 = (x123 & 0xfffff);
uint32_t x178, uint32_t x179 = Op (Z.Syntax.AddWithGetCarry 20 (Syntax.TWord 5) (Syntax.TWord 5) (Syntax.TWord 5) (Syntax.TWord 5) (Syntax.TWord 5)) (Return x175, Return x88, Return x176);
uint32_t x180 = (x123 & 0x1fffff);
uint32_t x182, uint32_t x183 = Op (Z.Syntax.AddWithGetCarry 21 (Syntax.TWord 5) (Syntax.TWord 5) (Syntax.TWord 5) (Syntax.TWord 5) (Syntax.TWord 5)) (Return x179, Return x91, Return x180);
uint32_t x184 = (x123 & 0xfffff);
uint32_t x186, uint32_t x187 = Op (Z.Syntax.AddWithGetCarry 20 (Syntax.TWord 5) (Syntax.TWord 5) (Syntax.TWord 5) (Syntax.TWord 5) (Syntax.TWord 5)) (Return x183, Return x94, Return x184);
uint32_t x188 = (x123 & 0x1fffff);
uint32_t x190, uint32_t x191 = Op (Z.Syntax.AddWithGetCarry 21 (Syntax.TWord 5) (Syntax.TWord 5) (Syntax.TWord 5) (Syntax.TWord 5) (Syntax.TWord 5)) (Return x187, Return x97, Return x188);
uint32_t x192 = (x123 & 0xfffff);
uint32_t x194, uint32_t x195 = Op (Z.Syntax.AddWithGetCarry 20 (Syntax.TWord 5) (Syntax.TWord 5) (Syntax.TWord 5) (Syntax.TWord 5) (Syntax.TWord 5)) (Return x191, Return x100, Return x192);
uint32_t x196 = (x123 & 0x1fffff);
uint32_t x198, uint32_t x199 = Op (Z.Syntax.AddWithGetCarry 21 (Syntax.TWord 5) (Syntax.TWord 5) (Syntax.TWord 5) (Syntax.TWord 5) (Syntax.TWord 5)) (Return x195, Return x103, Return x196);
uint32_t x200 = (x123 & 0xfffff);
uint32_t x202, uint32_t x203 = Op (Z.Syntax.AddWithGetCarry 20 (Syntax.TWord 5) (Syntax.TWord 5) (Syntax.TWord 5) (Syntax.TWord 5) (Syntax.TWord 5)) (Return x199, Return x106, Return x200);
uint32_t x204 = (x123 & 0x1fffff);
uint32_t x206, uint32_t x207 = Op (Z.Syntax.AddWithGetCarry 21 (Syntax.TWord 5) (Syntax.TWord 5) (Syntax.TWord 5) (Syntax.TWord 5) (Syntax.TWord 5)) (Return x203, Return x109, Return x204);
uint32_t x208 = (x123 & 0xfffff);
uint32_t x210, uint32_t x211 = Op (Z.Syntax.AddWithGetCarry 20 (Syntax.TWord 5) (Syntax.TWord 5) (Syntax.TWord 5) (Syntax.TWord 5) (Syntax.TWord 5)) (Return x207, Return x112, Return x208);
uint32_t x212 = (x123 & 0x1fffff);
uint32_t x214, uint32_t x215 = Op (Z.Syntax.AddWithGetCarry 21 (Syntax.TWord 5) (Syntax.TWord 5) (Syntax.TWord 5) (Syntax.TWord 5) (Syntax.TWord 5)) (Return x211, Return x115, Return x212);
uint32_t x216 = (x123 & 0xfffff);
uint32_t x218, uint32_t x219 = Op (Z.Syntax.AddWithGetCarry 20 (Syntax.TWord 5) (Syntax.TWord 5) (Syntax.TWord 5) (Syntax.TWord 5) (Syntax.TWord 5)) (Return x215, Return x118, Return x216);
uint32_t x220 = (x123 & 0xfffff);
uint32_t x222, uint32_t _ = Op (Z.Syntax.AddWithGetCarry 20 (Syntax.TWord 5) (Syntax.TWord 5) (Syntax.TWord 5) (Syntax.TWord 5) (Syntax.TWord 5)) (Return x219, Return x121, Return x220);
(Return x222, Return x218, Return x214, Return x210, Return x206, Return x202, Return x198, Return x194, Return x190, Return x186, Return x182, Return x178, Return x174, Return x170, Return x166, Return x162, Return x158, Return x154, Return x150, Return x146, Return x142, Return x138, Return x134, Return x130, Return x126)
     : ∀ var : Z.Syntax.base_type → Type, expr Z.Syntax.base_type Z.Syntax.op (uint32_t * uint32_t * uint32_t * uint32_t * uint32_t * uint32_t * uint32_t * uint32_t * uint32_t * uint32_t * uint32_t * uint32_t * uint32_t * uint32_t * uint32_t * uint32_t * uint32_t * uint32_t * uint32_t * uint32_t * uint32_t * uint32_t * uint32_t * uint32_t * uint32_t -> uint32_t * uint32_t * uint32_t * uint32_t * uint32_t * uint32_t * uint32_t * uint32_t * uint32_t * uint32_t * uint32_t * uint32_t * uint32_t * uint32_t * uint32_t * uint32_t * uint32_t * uint32_t * uint32_t * uint32_t * uint32_t * uint32_t * uint32_t * uint32_t * uint32_t)

Argument scope is [function_scope]
