mul = λ var : Z.Syntax.base_type → Type,
λ '(x20, x21, x19, x17, x15, x13, x11, x9, x7, x5, x3, (x40, x41, x39, x37, x35, x33, x31, x29, x27, x25, x23))%core,
uint32_t x43, uint32_t x44 = mulx_u32(x3, x23);
uint32_t x46, uint32_t x47 = mulx_u32(x3, x25);
uint32_t x49, uint32_t x50 = mulx_u32(x3, x27);
uint32_t x52, uint32_t x53 = mulx_u32(x3, x29);
uint32_t x55, uint32_t x56 = mulx_u32(x3, x31);
uint32_t x58, uint32_t x59 = mulx_u32(x3, x33);
uint32_t x61, uint32_t x62 = mulx_u32(x3, x35);
uint32_t x64, uint32_t x65 = mulx_u32(x3, x37);
uint32_t x67, uint32_t x68 = mulx_u32(x3, x39);
uint32_t x70, uint32_t x71 = mulx_u32(x3, x41);
uint32_t x73, uint32_t x74 = mulx_u32(x3, x40);
uint32_t x76, uint8_t x77 = addcarryx_u32(0x0, x44, x46);
uint32_t x79, uint8_t x80 = addcarryx_u32(x77, x47, x49);
uint32_t x82, uint8_t x83 = addcarryx_u32(x80, x50, x52);
uint32_t x85, uint8_t x86 = addcarryx_u32(x83, x53, x55);
uint32_t x88, uint8_t x89 = addcarryx_u32(x86, x56, x58);
uint32_t x91, uint8_t x92 = addcarryx_u32(x89, x59, x61);
uint32_t x94, uint8_t x95 = addcarryx_u32(x92, x62, x64);
uint32_t x97, uint8_t x98 = addcarryx_u32(x95, x65, x67);
uint32_t x100, uint8_t x101 = addcarryx_u32(x98, x68, x70);
uint32_t x103, uint8_t x104 = addcarryx_u32(x101, x71, x73);
uint32_t x106, uint8_t _ = addcarryx_u32(0x0, x104, x74);
uint32_t x109, uint8_t x110 = addcarryx_u32(0x0, 0x0, x100);
uint32_t x112, uint8_t x113 = addcarryx_u32(x110, 0x0, x103);
uint32_t x115, uint8_t x116 = addcarryx_u32(x113, 0x0, x106);
uint32_t x118, uint32_t _ = mulx_u32(x43, 0x38e38e39);
uint32_t x121, uint32_t x122 = mulx_u32(x118, 0xfffffff7);
uint32_t x124, uint32_t x125 = mulx_u32(x118, 0xffffffff);
uint32_t x127, uint32_t x128 = mulx_u32(x118, 0xffffffff);
uint32_t x130, uint32_t x131 = mulx_u32(x118, 0xffffffff);
uint32_t x133, uint32_t x134 = mulx_u32(x118, 0xffffffff);
uint32_t x136, uint32_t x137 = mulx_u32(x118, 0xffffffff);
uint32_t x139, uint32_t x140 = mulx_u32(x118, 0xffffffff);
uint32_t x142, uint32_t x143 = mulx_u32(x118, 0xffffffff);
uint32_t x145, uint32_t x146 = mulx_u32(x118, 0xffffffff);
uint32_t x148, uint32_t x149 = mulx_u32(x118, 0xffffffff);
uint32_t x151, uint8_t x152 = addcarryx_u32(0x0, x122, x124);
uint32_t x154, uint8_t x155 = addcarryx_u32(x152, x125, x127);
uint32_t x157, uint8_t x158 = addcarryx_u32(x155, x128, x130);
uint32_t x160, uint8_t x161 = addcarryx_u32(x158, x131, x133);
uint32_t x163, uint8_t x164 = addcarryx_u32(x161, x134, x136);
uint32_t x166, uint8_t x167 = addcarryx_u32(x164, x137, x139);
uint32_t x169, uint8_t x170 = addcarryx_u32(x167, x140, x142);
uint32_t x172, uint8_t x173 = addcarryx_u32(x170, x143, x145);
uint32_t x175, uint8_t x176 = addcarryx_u32(x173, x146, x148);
uint32_t x178, uint8_t x179 = addcarryx_u32(x176, x149, x118);
uint32_t _, uint8_t x182 = addcarryx_u32(0x0, x43, x121);
uint32_t x184, uint8_t x185 = addcarryx_u32(x182, x76, x151);
uint32_t x187, uint8_t x188 = addcarryx_u32(x185, x79, x154);
uint32_t x190, uint8_t x191 = addcarryx_u32(x188, x82, x157);
uint32_t x193, uint8_t x194 = addcarryx_u32(x191, x85, x160);
uint32_t x196, uint8_t x197 = addcarryx_u32(x194, x88, x163);
uint32_t x199, uint8_t x200 = addcarryx_u32(x197, x91, x166);
uint32_t x202, uint8_t x203 = addcarryx_u32(x200, x94, x169);
uint32_t x205, uint8_t x206 = addcarryx_u32(x203, x97, x172);
uint32_t x208, uint8_t x209 = addcarryx_u32(x206, x109, x175);
uint32_t x211, uint8_t x212 = addcarryx_u32(x209, x112, x178);
uint32_t x214, uint8_t x215 = addcarryx_u32(x212, x115, x179);
uint8_t x216 = (x215 + x116);
uint32_t x218, uint32_t x219 = mulx_u32(x5, x23);
uint32_t x221, uint32_t x222 = mulx_u32(x5, x25);
uint32_t x224, uint32_t x225 = mulx_u32(x5, x27);
uint32_t x227, uint32_t x228 = mulx_u32(x5, x29);
uint32_t x230, uint32_t x231 = mulx_u32(x5, x31);
uint32_t x233, uint32_t x234 = mulx_u32(x5, x33);
uint32_t x236, uint32_t x237 = mulx_u32(x5, x35);
uint32_t x239, uint32_t x240 = mulx_u32(x5, x37);
uint32_t x242, uint32_t x243 = mulx_u32(x5, x39);
uint32_t x245, uint32_t x246 = mulx_u32(x5, x41);
uint32_t x248, uint32_t x249 = mulx_u32(x5, x40);
uint32_t x251, uint8_t x252 = addcarryx_u32(0x0, x219, x221);
uint32_t x254, uint8_t x255 = addcarryx_u32(x252, x222, x224);
uint32_t x257, uint8_t x258 = addcarryx_u32(x255, x225, x227);
uint32_t x260, uint8_t x261 = addcarryx_u32(x258, x228, x230);
uint32_t x263, uint8_t x264 = addcarryx_u32(x261, x231, x233);
uint32_t x266, uint8_t x267 = addcarryx_u32(x264, x234, x236);
uint32_t x269, uint8_t x270 = addcarryx_u32(x267, x237, x239);
uint32_t x272, uint8_t x273 = addcarryx_u32(x270, x240, x242);
uint32_t x275, uint8_t x276 = addcarryx_u32(x273, x243, x245);
uint32_t x278, uint8_t x279 = addcarryx_u32(x276, x246, x248);
uint32_t x281, uint8_t _ = addcarryx_u32(0x0, x279, x249);
uint32_t x284, uint8_t x285 = addcarryx_u32(0x0, x184, x218);
uint32_t x287, uint8_t x288 = addcarryx_u32(x285, x187, x251);
uint32_t x290, uint8_t x291 = addcarryx_u32(x288, x190, x254);
uint32_t x293, uint8_t x294 = addcarryx_u32(x291, x193, x257);
uint32_t x296, uint8_t x297 = addcarryx_u32(x294, x196, x260);
uint32_t x299, uint8_t x300 = addcarryx_u32(x297, x199, x263);
uint32_t x302, uint8_t x303 = addcarryx_u32(x300, x202, x266);
uint32_t x305, uint8_t x306 = addcarryx_u32(x303, x205, x269);
uint32_t x308, uint8_t x309 = addcarryx_u32(x306, x208, x272);
uint32_t x311, uint8_t x312 = addcarryx_u32(x309, x211, x275);
uint32_t x314, uint8_t x315 = addcarryx_u32(x312, x214, x278);
uint32_t x317, uint8_t x318 = addcarryx_u32(x315, x216, x281);
uint32_t x320, uint32_t _ = mulx_u32(x284, 0x38e38e39);
uint32_t x323, uint32_t x324 = mulx_u32(x320, 0xfffffff7);
uint32_t x326, uint32_t x327 = mulx_u32(x320, 0xffffffff);
uint32_t x329, uint32_t x330 = mulx_u32(x320, 0xffffffff);
uint32_t x332, uint32_t x333 = mulx_u32(x320, 0xffffffff);
uint32_t x335, uint32_t x336 = mulx_u32(x320, 0xffffffff);
uint32_t x338, uint32_t x339 = mulx_u32(x320, 0xffffffff);
uint32_t x341, uint32_t x342 = mulx_u32(x320, 0xffffffff);
uint32_t x344, uint32_t x345 = mulx_u32(x320, 0xffffffff);
uint32_t x347, uint32_t x348 = mulx_u32(x320, 0xffffffff);
uint32_t x350, uint32_t x351 = mulx_u32(x320, 0xffffffff);
uint32_t x353, uint8_t x354 = addcarryx_u32(0x0, x324, x326);
uint32_t x356, uint8_t x357 = addcarryx_u32(x354, x327, x329);
uint32_t x359, uint8_t x360 = addcarryx_u32(x357, x330, x332);
uint32_t x362, uint8_t x363 = addcarryx_u32(x360, x333, x335);
uint32_t x365, uint8_t x366 = addcarryx_u32(x363, x336, x338);
uint32_t x368, uint8_t x369 = addcarryx_u32(x366, x339, x341);
uint32_t x371, uint8_t x372 = addcarryx_u32(x369, x342, x344);
uint32_t x374, uint8_t x375 = addcarryx_u32(x372, x345, x347);
uint32_t x377, uint8_t x378 = addcarryx_u32(x375, x348, x350);
uint32_t x380, uint8_t x381 = addcarryx_u32(x378, x351, x320);
uint32_t _, uint8_t x384 = addcarryx_u32(0x0, x284, x323);
uint32_t x386, uint8_t x387 = addcarryx_u32(x384, x287, x353);
uint32_t x389, uint8_t x390 = addcarryx_u32(x387, x290, x356);
uint32_t x392, uint8_t x393 = addcarryx_u32(x390, x293, x359);
uint32_t x395, uint8_t x396 = addcarryx_u32(x393, x296, x362);
uint32_t x398, uint8_t x399 = addcarryx_u32(x396, x299, x365);
uint32_t x401, uint8_t x402 = addcarryx_u32(x399, x302, x368);
uint32_t x404, uint8_t x405 = addcarryx_u32(x402, x305, x371);
uint32_t x407, uint8_t x408 = addcarryx_u32(x405, x308, x374);
uint32_t x410, uint8_t x411 = addcarryx_u32(x408, x311, x377);
uint32_t x413, uint8_t x414 = addcarryx_u32(x411, x314, x380);
uint32_t x416, uint8_t x417 = addcarryx_u32(x414, x317, x381);
uint8_t x418 = (x417 + x318);
uint32_t x420, uint32_t x421 = mulx_u32(x7, x23);
uint32_t x423, uint32_t x424 = mulx_u32(x7, x25);
uint32_t x426, uint32_t x427 = mulx_u32(x7, x27);
uint32_t x429, uint32_t x430 = mulx_u32(x7, x29);
uint32_t x432, uint32_t x433 = mulx_u32(x7, x31);
uint32_t x435, uint32_t x436 = mulx_u32(x7, x33);
uint32_t x438, uint32_t x439 = mulx_u32(x7, x35);
uint32_t x441, uint32_t x442 = mulx_u32(x7, x37);
uint32_t x444, uint32_t x445 = mulx_u32(x7, x39);
uint32_t x447, uint32_t x448 = mulx_u32(x7, x41);
uint32_t x450, uint32_t x451 = mulx_u32(x7, x40);
uint32_t x453, uint8_t x454 = addcarryx_u32(0x0, x421, x423);
uint32_t x456, uint8_t x457 = addcarryx_u32(x454, x424, x426);
uint32_t x459, uint8_t x460 = addcarryx_u32(x457, x427, x429);
uint32_t x462, uint8_t x463 = addcarryx_u32(x460, x430, x432);
uint32_t x465, uint8_t x466 = addcarryx_u32(x463, x433, x435);
uint32_t x468, uint8_t x469 = addcarryx_u32(x466, x436, x438);
uint32_t x471, uint8_t x472 = addcarryx_u32(x469, x439, x441);
uint32_t x474, uint8_t x475 = addcarryx_u32(x472, x442, x444);
uint32_t x477, uint8_t x478 = addcarryx_u32(x475, x445, x447);
uint32_t x480, uint8_t x481 = addcarryx_u32(x478, x448, x450);
uint32_t x483, uint8_t _ = addcarryx_u32(0x0, x481, x451);
uint32_t x486, uint8_t x487 = addcarryx_u32(0x0, x386, x420);
uint32_t x489, uint8_t x490 = addcarryx_u32(x487, x389, x453);
uint32_t x492, uint8_t x493 = addcarryx_u32(x490, x392, x456);
uint32_t x495, uint8_t x496 = addcarryx_u32(x493, x395, x459);
uint32_t x498, uint8_t x499 = addcarryx_u32(x496, x398, x462);
uint32_t x501, uint8_t x502 = addcarryx_u32(x499, x401, x465);
uint32_t x504, uint8_t x505 = addcarryx_u32(x502, x404, x468);
uint32_t x507, uint8_t x508 = addcarryx_u32(x505, x407, x471);
uint32_t x510, uint8_t x511 = addcarryx_u32(x508, x410, x474);
uint32_t x513, uint8_t x514 = addcarryx_u32(x511, x413, x477);
uint32_t x516, uint8_t x517 = addcarryx_u32(x514, x416, x480);
uint32_t x519, uint8_t x520 = addcarryx_u32(x517, x418, x483);
uint32_t x522, uint32_t _ = mulx_u32(x486, 0x38e38e39);
uint32_t x525, uint32_t x526 = mulx_u32(x522, 0xfffffff7);
uint32_t x528, uint32_t x529 = mulx_u32(x522, 0xffffffff);
uint32_t x531, uint32_t x532 = mulx_u32(x522, 0xffffffff);
uint32_t x534, uint32_t x535 = mulx_u32(x522, 0xffffffff);
uint32_t x537, uint32_t x538 = mulx_u32(x522, 0xffffffff);
uint32_t x540, uint32_t x541 = mulx_u32(x522, 0xffffffff);
uint32_t x543, uint32_t x544 = mulx_u32(x522, 0xffffffff);
uint32_t x546, uint32_t x547 = mulx_u32(x522, 0xffffffff);
uint32_t x549, uint32_t x550 = mulx_u32(x522, 0xffffffff);
uint32_t x552, uint32_t x553 = mulx_u32(x522, 0xffffffff);
uint32_t x555, uint8_t x556 = addcarryx_u32(0x0, x526, x528);
uint32_t x558, uint8_t x559 = addcarryx_u32(x556, x529, x531);
uint32_t x561, uint8_t x562 = addcarryx_u32(x559, x532, x534);
uint32_t x564, uint8_t x565 = addcarryx_u32(x562, x535, x537);
uint32_t x567, uint8_t x568 = addcarryx_u32(x565, x538, x540);
uint32_t x570, uint8_t x571 = addcarryx_u32(x568, x541, x543);
uint32_t x573, uint8_t x574 = addcarryx_u32(x571, x544, x546);
uint32_t x576, uint8_t x577 = addcarryx_u32(x574, x547, x549);
uint32_t x579, uint8_t x580 = addcarryx_u32(x577, x550, x552);
uint32_t x582, uint8_t x583 = addcarryx_u32(x580, x553, x522);
uint32_t _, uint8_t x586 = addcarryx_u32(0x0, x486, x525);
uint32_t x588, uint8_t x589 = addcarryx_u32(x586, x489, x555);
uint32_t x591, uint8_t x592 = addcarryx_u32(x589, x492, x558);
uint32_t x594, uint8_t x595 = addcarryx_u32(x592, x495, x561);
uint32_t x597, uint8_t x598 = addcarryx_u32(x595, x498, x564);
uint32_t x600, uint8_t x601 = addcarryx_u32(x598, x501, x567);
uint32_t x603, uint8_t x604 = addcarryx_u32(x601, x504, x570);
uint32_t x606, uint8_t x607 = addcarryx_u32(x604, x507, x573);
uint32_t x609, uint8_t x610 = addcarryx_u32(x607, x510, x576);
uint32_t x612, uint8_t x613 = addcarryx_u32(x610, x513, x579);
uint32_t x615, uint8_t x616 = addcarryx_u32(x613, x516, x582);
uint32_t x618, uint8_t x619 = addcarryx_u32(x616, x519, x583);
uint8_t x620 = (x619 + x520);
uint32_t x622, uint32_t x623 = mulx_u32(x9, x23);
uint32_t x625, uint32_t x626 = mulx_u32(x9, x25);
uint32_t x628, uint32_t x629 = mulx_u32(x9, x27);
uint32_t x631, uint32_t x632 = mulx_u32(x9, x29);
uint32_t x634, uint32_t x635 = mulx_u32(x9, x31);
uint32_t x637, uint32_t x638 = mulx_u32(x9, x33);
uint32_t x640, uint32_t x641 = mulx_u32(x9, x35);
uint32_t x643, uint32_t x644 = mulx_u32(x9, x37);
uint32_t x646, uint32_t x647 = mulx_u32(x9, x39);
uint32_t x649, uint32_t x650 = mulx_u32(x9, x41);
uint32_t x652, uint32_t x653 = mulx_u32(x9, x40);
uint32_t x655, uint8_t x656 = addcarryx_u32(0x0, x623, x625);
uint32_t x658, uint8_t x659 = addcarryx_u32(x656, x626, x628);
uint32_t x661, uint8_t x662 = addcarryx_u32(x659, x629, x631);
uint32_t x664, uint8_t x665 = addcarryx_u32(x662, x632, x634);
uint32_t x667, uint8_t x668 = addcarryx_u32(x665, x635, x637);
uint32_t x670, uint8_t x671 = addcarryx_u32(x668, x638, x640);
uint32_t x673, uint8_t x674 = addcarryx_u32(x671, x641, x643);
uint32_t x676, uint8_t x677 = addcarryx_u32(x674, x644, x646);
uint32_t x679, uint8_t x680 = addcarryx_u32(x677, x647, x649);
uint32_t x682, uint8_t x683 = addcarryx_u32(x680, x650, x652);
uint32_t x685, uint8_t _ = addcarryx_u32(0x0, x683, x653);
uint32_t x688, uint8_t x689 = addcarryx_u32(0x0, x588, x622);
uint32_t x691, uint8_t x692 = addcarryx_u32(x689, x591, x655);
uint32_t x694, uint8_t x695 = addcarryx_u32(x692, x594, x658);
uint32_t x697, uint8_t x698 = addcarryx_u32(x695, x597, x661);
uint32_t x700, uint8_t x701 = addcarryx_u32(x698, x600, x664);
uint32_t x703, uint8_t x704 = addcarryx_u32(x701, x603, x667);
uint32_t x706, uint8_t x707 = addcarryx_u32(x704, x606, x670);
uint32_t x709, uint8_t x710 = addcarryx_u32(x707, x609, x673);
uint32_t x712, uint8_t x713 = addcarryx_u32(x710, x612, x676);
uint32_t x715, uint8_t x716 = addcarryx_u32(x713, x615, x679);
uint32_t x718, uint8_t x719 = addcarryx_u32(x716, x618, x682);
uint32_t x721, uint8_t x722 = addcarryx_u32(x719, x620, x685);
uint32_t x724, uint32_t _ = mulx_u32(x688, 0x38e38e39);
uint32_t x727, uint32_t x728 = mulx_u32(x724, 0xfffffff7);
uint32_t x730, uint32_t x731 = mulx_u32(x724, 0xffffffff);
uint32_t x733, uint32_t x734 = mulx_u32(x724, 0xffffffff);
uint32_t x736, uint32_t x737 = mulx_u32(x724, 0xffffffff);
uint32_t x739, uint32_t x740 = mulx_u32(x724, 0xffffffff);
uint32_t x742, uint32_t x743 = mulx_u32(x724, 0xffffffff);
uint32_t x745, uint32_t x746 = mulx_u32(x724, 0xffffffff);
uint32_t x748, uint32_t x749 = mulx_u32(x724, 0xffffffff);
uint32_t x751, uint32_t x752 = mulx_u32(x724, 0xffffffff);
uint32_t x754, uint32_t x755 = mulx_u32(x724, 0xffffffff);
uint32_t x757, uint8_t x758 = addcarryx_u32(0x0, x728, x730);
uint32_t x760, uint8_t x761 = addcarryx_u32(x758, x731, x733);
uint32_t x763, uint8_t x764 = addcarryx_u32(x761, x734, x736);
uint32_t x766, uint8_t x767 = addcarryx_u32(x764, x737, x739);
uint32_t x769, uint8_t x770 = addcarryx_u32(x767, x740, x742);
uint32_t x772, uint8_t x773 = addcarryx_u32(x770, x743, x745);
uint32_t x775, uint8_t x776 = addcarryx_u32(x773, x746, x748);
uint32_t x778, uint8_t x779 = addcarryx_u32(x776, x749, x751);
uint32_t x781, uint8_t x782 = addcarryx_u32(x779, x752, x754);
uint32_t x784, uint8_t x785 = addcarryx_u32(x782, x755, x724);
uint32_t _, uint8_t x788 = addcarryx_u32(0x0, x688, x727);
uint32_t x790, uint8_t x791 = addcarryx_u32(x788, x691, x757);
uint32_t x793, uint8_t x794 = addcarryx_u32(x791, x694, x760);
uint32_t x796, uint8_t x797 = addcarryx_u32(x794, x697, x763);
uint32_t x799, uint8_t x800 = addcarryx_u32(x797, x700, x766);
uint32_t x802, uint8_t x803 = addcarryx_u32(x800, x703, x769);
uint32_t x805, uint8_t x806 = addcarryx_u32(x803, x706, x772);
uint32_t x808, uint8_t x809 = addcarryx_u32(x806, x709, x775);
uint32_t x811, uint8_t x812 = addcarryx_u32(x809, x712, x778);
uint32_t x814, uint8_t x815 = addcarryx_u32(x812, x715, x781);
uint32_t x817, uint8_t x818 = addcarryx_u32(x815, x718, x784);
uint32_t x820, uint8_t x821 = addcarryx_u32(x818, x721, x785);
uint8_t x822 = (x821 + x722);
uint32_t x824, uint32_t x825 = mulx_u32(x11, x23);
uint32_t x827, uint32_t x828 = mulx_u32(x11, x25);
uint32_t x830, uint32_t x831 = mulx_u32(x11, x27);
uint32_t x833, uint32_t x834 = mulx_u32(x11, x29);
uint32_t x836, uint32_t x837 = mulx_u32(x11, x31);
uint32_t x839, uint32_t x840 = mulx_u32(x11, x33);
uint32_t x842, uint32_t x843 = mulx_u32(x11, x35);
uint32_t x845, uint32_t x846 = mulx_u32(x11, x37);
uint32_t x848, uint32_t x849 = mulx_u32(x11, x39);
uint32_t x851, uint32_t x852 = mulx_u32(x11, x41);
uint32_t x854, uint32_t x855 = mulx_u32(x11, x40);
uint32_t x857, uint8_t x858 = addcarryx_u32(0x0, x825, x827);
uint32_t x860, uint8_t x861 = addcarryx_u32(x858, x828, x830);
uint32_t x863, uint8_t x864 = addcarryx_u32(x861, x831, x833);
uint32_t x866, uint8_t x867 = addcarryx_u32(x864, x834, x836);
uint32_t x869, uint8_t x870 = addcarryx_u32(x867, x837, x839);
uint32_t x872, uint8_t x873 = addcarryx_u32(x870, x840, x842);
uint32_t x875, uint8_t x876 = addcarryx_u32(x873, x843, x845);
uint32_t x878, uint8_t x879 = addcarryx_u32(x876, x846, x848);
uint32_t x881, uint8_t x882 = addcarryx_u32(x879, x849, x851);
uint32_t x884, uint8_t x885 = addcarryx_u32(x882, x852, x854);
uint32_t x887, uint8_t _ = addcarryx_u32(0x0, x885, x855);
uint32_t x890, uint8_t x891 = addcarryx_u32(0x0, x790, x824);
uint32_t x893, uint8_t x894 = addcarryx_u32(x891, x793, x857);
uint32_t x896, uint8_t x897 = addcarryx_u32(x894, x796, x860);
uint32_t x899, uint8_t x900 = addcarryx_u32(x897, x799, x863);
uint32_t x902, uint8_t x903 = addcarryx_u32(x900, x802, x866);
uint32_t x905, uint8_t x906 = addcarryx_u32(x903, x805, x869);
uint32_t x908, uint8_t x909 = addcarryx_u32(x906, x808, x872);
uint32_t x911, uint8_t x912 = addcarryx_u32(x909, x811, x875);
uint32_t x914, uint8_t x915 = addcarryx_u32(x912, x814, x878);
uint32_t x917, uint8_t x918 = addcarryx_u32(x915, x817, x881);
uint32_t x920, uint8_t x921 = addcarryx_u32(x918, x820, x884);
uint32_t x923, uint8_t x924 = addcarryx_u32(x921, x822, x887);
uint32_t x926, uint32_t _ = mulx_u32(x890, 0x38e38e39);
uint32_t x929, uint32_t x930 = mulx_u32(x926, 0xfffffff7);
uint32_t x932, uint32_t x933 = mulx_u32(x926, 0xffffffff);
uint32_t x935, uint32_t x936 = mulx_u32(x926, 0xffffffff);
uint32_t x938, uint32_t x939 = mulx_u32(x926, 0xffffffff);
uint32_t x941, uint32_t x942 = mulx_u32(x926, 0xffffffff);
uint32_t x944, uint32_t x945 = mulx_u32(x926, 0xffffffff);
uint32_t x947, uint32_t x948 = mulx_u32(x926, 0xffffffff);
uint32_t x950, uint32_t x951 = mulx_u32(x926, 0xffffffff);
uint32_t x953, uint32_t x954 = mulx_u32(x926, 0xffffffff);
uint32_t x956, uint32_t x957 = mulx_u32(x926, 0xffffffff);
uint32_t x959, uint8_t x960 = addcarryx_u32(0x0, x930, x932);
uint32_t x962, uint8_t x963 = addcarryx_u32(x960, x933, x935);
uint32_t x965, uint8_t x966 = addcarryx_u32(x963, x936, x938);
uint32_t x968, uint8_t x969 = addcarryx_u32(x966, x939, x941);
uint32_t x971, uint8_t x972 = addcarryx_u32(x969, x942, x944);
uint32_t x974, uint8_t x975 = addcarryx_u32(x972, x945, x947);
uint32_t x977, uint8_t x978 = addcarryx_u32(x975, x948, x950);
uint32_t x980, uint8_t x981 = addcarryx_u32(x978, x951, x953);
uint32_t x983, uint8_t x984 = addcarryx_u32(x981, x954, x956);
uint32_t x986, uint8_t x987 = addcarryx_u32(x984, x957, x926);
uint32_t _, uint8_t x990 = addcarryx_u32(0x0, x890, x929);
uint32_t x992, uint8_t x993 = addcarryx_u32(x990, x893, x959);
uint32_t x995, uint8_t x996 = addcarryx_u32(x993, x896, x962);
uint32_t x998, uint8_t x999 = addcarryx_u32(x996, x899, x965);
uint32_t x1001, uint8_t x1002 = addcarryx_u32(x999, x902, x968);
uint32_t x1004, uint8_t x1005 = addcarryx_u32(x1002, x905, x971);
uint32_t x1007, uint8_t x1008 = addcarryx_u32(x1005, x908, x974);
uint32_t x1010, uint8_t x1011 = addcarryx_u32(x1008, x911, x977);
uint32_t x1013, uint8_t x1014 = addcarryx_u32(x1011, x914, x980);
uint32_t x1016, uint8_t x1017 = addcarryx_u32(x1014, x917, x983);
uint32_t x1019, uint8_t x1020 = addcarryx_u32(x1017, x920, x986);
uint32_t x1022, uint8_t x1023 = addcarryx_u32(x1020, x923, x987);
uint8_t x1024 = (x1023 + x924);
uint32_t x1026, uint32_t x1027 = mulx_u32(x13, x23);
uint32_t x1029, uint32_t x1030 = mulx_u32(x13, x25);
uint32_t x1032, uint32_t x1033 = mulx_u32(x13, x27);
uint32_t x1035, uint32_t x1036 = mulx_u32(x13, x29);
uint32_t x1038, uint32_t x1039 = mulx_u32(x13, x31);
uint32_t x1041, uint32_t x1042 = mulx_u32(x13, x33);
uint32_t x1044, uint32_t x1045 = mulx_u32(x13, x35);
uint32_t x1047, uint32_t x1048 = mulx_u32(x13, x37);
uint32_t x1050, uint32_t x1051 = mulx_u32(x13, x39);
uint32_t x1053, uint32_t x1054 = mulx_u32(x13, x41);
uint32_t x1056, uint32_t x1057 = mulx_u32(x13, x40);
uint32_t x1059, uint8_t x1060 = addcarryx_u32(0x0, x1027, x1029);
uint32_t x1062, uint8_t x1063 = addcarryx_u32(x1060, x1030, x1032);
uint32_t x1065, uint8_t x1066 = addcarryx_u32(x1063, x1033, x1035);
uint32_t x1068, uint8_t x1069 = addcarryx_u32(x1066, x1036, x1038);
uint32_t x1071, uint8_t x1072 = addcarryx_u32(x1069, x1039, x1041);
uint32_t x1074, uint8_t x1075 = addcarryx_u32(x1072, x1042, x1044);
uint32_t x1077, uint8_t x1078 = addcarryx_u32(x1075, x1045, x1047);
uint32_t x1080, uint8_t x1081 = addcarryx_u32(x1078, x1048, x1050);
uint32_t x1083, uint8_t x1084 = addcarryx_u32(x1081, x1051, x1053);
uint32_t x1086, uint8_t x1087 = addcarryx_u32(x1084, x1054, x1056);
uint32_t x1089, uint8_t _ = addcarryx_u32(0x0, x1087, x1057);
uint32_t x1092, uint8_t x1093 = addcarryx_u32(0x0, x992, x1026);
uint32_t x1095, uint8_t x1096 = addcarryx_u32(x1093, x995, x1059);
uint32_t x1098, uint8_t x1099 = addcarryx_u32(x1096, x998, x1062);
uint32_t x1101, uint8_t x1102 = addcarryx_u32(x1099, x1001, x1065);
uint32_t x1104, uint8_t x1105 = addcarryx_u32(x1102, x1004, x1068);
uint32_t x1107, uint8_t x1108 = addcarryx_u32(x1105, x1007, x1071);
uint32_t x1110, uint8_t x1111 = addcarryx_u32(x1108, x1010, x1074);
uint32_t x1113, uint8_t x1114 = addcarryx_u32(x1111, x1013, x1077);
uint32_t x1116, uint8_t x1117 = addcarryx_u32(x1114, x1016, x1080);
uint32_t x1119, uint8_t x1120 = addcarryx_u32(x1117, x1019, x1083);
uint32_t x1122, uint8_t x1123 = addcarryx_u32(x1120, x1022, x1086);
uint32_t x1125, uint8_t x1126 = addcarryx_u32(x1123, x1024, x1089);
uint32_t x1128, uint32_t _ = mulx_u32(x1092, 0x38e38e39);
uint32_t x1131, uint32_t x1132 = mulx_u32(x1128, 0xfffffff7);
uint32_t x1134, uint32_t x1135 = mulx_u32(x1128, 0xffffffff);
uint32_t x1137, uint32_t x1138 = mulx_u32(x1128, 0xffffffff);
uint32_t x1140, uint32_t x1141 = mulx_u32(x1128, 0xffffffff);
uint32_t x1143, uint32_t x1144 = mulx_u32(x1128, 0xffffffff);
uint32_t x1146, uint32_t x1147 = mulx_u32(x1128, 0xffffffff);
uint32_t x1149, uint32_t x1150 = mulx_u32(x1128, 0xffffffff);
uint32_t x1152, uint32_t x1153 = mulx_u32(x1128, 0xffffffff);
uint32_t x1155, uint32_t x1156 = mulx_u32(x1128, 0xffffffff);
uint32_t x1158, uint32_t x1159 = mulx_u32(x1128, 0xffffffff);
uint32_t x1161, uint8_t x1162 = addcarryx_u32(0x0, x1132, x1134);
uint32_t x1164, uint8_t x1165 = addcarryx_u32(x1162, x1135, x1137);
uint32_t x1167, uint8_t x1168 = addcarryx_u32(x1165, x1138, x1140);
uint32_t x1170, uint8_t x1171 = addcarryx_u32(x1168, x1141, x1143);
uint32_t x1173, uint8_t x1174 = addcarryx_u32(x1171, x1144, x1146);
uint32_t x1176, uint8_t x1177 = addcarryx_u32(x1174, x1147, x1149);
uint32_t x1179, uint8_t x1180 = addcarryx_u32(x1177, x1150, x1152);
uint32_t x1182, uint8_t x1183 = addcarryx_u32(x1180, x1153, x1155);
uint32_t x1185, uint8_t x1186 = addcarryx_u32(x1183, x1156, x1158);
uint32_t x1188, uint8_t x1189 = addcarryx_u32(x1186, x1159, x1128);
uint32_t _, uint8_t x1192 = addcarryx_u32(0x0, x1092, x1131);
uint32_t x1194, uint8_t x1195 = addcarryx_u32(x1192, x1095, x1161);
uint32_t x1197, uint8_t x1198 = addcarryx_u32(x1195, x1098, x1164);
uint32_t x1200, uint8_t x1201 = addcarryx_u32(x1198, x1101, x1167);
uint32_t x1203, uint8_t x1204 = addcarryx_u32(x1201, x1104, x1170);
uint32_t x1206, uint8_t x1207 = addcarryx_u32(x1204, x1107, x1173);
uint32_t x1209, uint8_t x1210 = addcarryx_u32(x1207, x1110, x1176);
uint32_t x1212, uint8_t x1213 = addcarryx_u32(x1210, x1113, x1179);
uint32_t x1215, uint8_t x1216 = addcarryx_u32(x1213, x1116, x1182);
uint32_t x1218, uint8_t x1219 = addcarryx_u32(x1216, x1119, x1185);
uint32_t x1221, uint8_t x1222 = addcarryx_u32(x1219, x1122, x1188);
uint32_t x1224, uint8_t x1225 = addcarryx_u32(x1222, x1125, x1189);
uint8_t x1226 = (x1225 + x1126);
uint32_t x1228, uint32_t x1229 = mulx_u32(x15, x23);
uint32_t x1231, uint32_t x1232 = mulx_u32(x15, x25);
uint32_t x1234, uint32_t x1235 = mulx_u32(x15, x27);
uint32_t x1237, uint32_t x1238 = mulx_u32(x15, x29);
uint32_t x1240, uint32_t x1241 = mulx_u32(x15, x31);
uint32_t x1243, uint32_t x1244 = mulx_u32(x15, x33);
uint32_t x1246, uint32_t x1247 = mulx_u32(x15, x35);
uint32_t x1249, uint32_t x1250 = mulx_u32(x15, x37);
uint32_t x1252, uint32_t x1253 = mulx_u32(x15, x39);
uint32_t x1255, uint32_t x1256 = mulx_u32(x15, x41);
uint32_t x1258, uint32_t x1259 = mulx_u32(x15, x40);
uint32_t x1261, uint8_t x1262 = addcarryx_u32(0x0, x1229, x1231);
uint32_t x1264, uint8_t x1265 = addcarryx_u32(x1262, x1232, x1234);
uint32_t x1267, uint8_t x1268 = addcarryx_u32(x1265, x1235, x1237);
uint32_t x1270, uint8_t x1271 = addcarryx_u32(x1268, x1238, x1240);
uint32_t x1273, uint8_t x1274 = addcarryx_u32(x1271, x1241, x1243);
uint32_t x1276, uint8_t x1277 = addcarryx_u32(x1274, x1244, x1246);
uint32_t x1279, uint8_t x1280 = addcarryx_u32(x1277, x1247, x1249);
uint32_t x1282, uint8_t x1283 = addcarryx_u32(x1280, x1250, x1252);
uint32_t x1285, uint8_t x1286 = addcarryx_u32(x1283, x1253, x1255);
uint32_t x1288, uint8_t x1289 = addcarryx_u32(x1286, x1256, x1258);
uint32_t x1291, uint8_t _ = addcarryx_u32(0x0, x1289, x1259);
uint32_t x1294, uint8_t x1295 = addcarryx_u32(0x0, x1194, x1228);
uint32_t x1297, uint8_t x1298 = addcarryx_u32(x1295, x1197, x1261);
uint32_t x1300, uint8_t x1301 = addcarryx_u32(x1298, x1200, x1264);
uint32_t x1303, uint8_t x1304 = addcarryx_u32(x1301, x1203, x1267);
uint32_t x1306, uint8_t x1307 = addcarryx_u32(x1304, x1206, x1270);
uint32_t x1309, uint8_t x1310 = addcarryx_u32(x1307, x1209, x1273);
uint32_t x1312, uint8_t x1313 = addcarryx_u32(x1310, x1212, x1276);
uint32_t x1315, uint8_t x1316 = addcarryx_u32(x1313, x1215, x1279);
uint32_t x1318, uint8_t x1319 = addcarryx_u32(x1316, x1218, x1282);
uint32_t x1321, uint8_t x1322 = addcarryx_u32(x1319, x1221, x1285);
uint32_t x1324, uint8_t x1325 = addcarryx_u32(x1322, x1224, x1288);
uint32_t x1327, uint8_t x1328 = addcarryx_u32(x1325, x1226, x1291);
uint32_t x1330, uint32_t _ = mulx_u32(x1294, 0x38e38e39);
uint32_t x1333, uint32_t x1334 = mulx_u32(x1330, 0xfffffff7);
uint32_t x1336, uint32_t x1337 = mulx_u32(x1330, 0xffffffff);
uint32_t x1339, uint32_t x1340 = mulx_u32(x1330, 0xffffffff);
uint32_t x1342, uint32_t x1343 = mulx_u32(x1330, 0xffffffff);
uint32_t x1345, uint32_t x1346 = mulx_u32(x1330, 0xffffffff);
uint32_t x1348, uint32_t x1349 = mulx_u32(x1330, 0xffffffff);
uint32_t x1351, uint32_t x1352 = mulx_u32(x1330, 0xffffffff);
uint32_t x1354, uint32_t x1355 = mulx_u32(x1330, 0xffffffff);
uint32_t x1357, uint32_t x1358 = mulx_u32(x1330, 0xffffffff);
uint32_t x1360, uint32_t x1361 = mulx_u32(x1330, 0xffffffff);
uint32_t x1363, uint8_t x1364 = addcarryx_u32(0x0, x1334, x1336);
uint32_t x1366, uint8_t x1367 = addcarryx_u32(x1364, x1337, x1339);
uint32_t x1369, uint8_t x1370 = addcarryx_u32(x1367, x1340, x1342);
uint32_t x1372, uint8_t x1373 = addcarryx_u32(x1370, x1343, x1345);
uint32_t x1375, uint8_t x1376 = addcarryx_u32(x1373, x1346, x1348);
uint32_t x1378, uint8_t x1379 = addcarryx_u32(x1376, x1349, x1351);
uint32_t x1381, uint8_t x1382 = addcarryx_u32(x1379, x1352, x1354);
uint32_t x1384, uint8_t x1385 = addcarryx_u32(x1382, x1355, x1357);
uint32_t x1387, uint8_t x1388 = addcarryx_u32(x1385, x1358, x1360);
uint32_t x1390, uint8_t x1391 = addcarryx_u32(x1388, x1361, x1330);
uint32_t _, uint8_t x1394 = addcarryx_u32(0x0, x1294, x1333);
uint32_t x1396, uint8_t x1397 = addcarryx_u32(x1394, x1297, x1363);
uint32_t x1399, uint8_t x1400 = addcarryx_u32(x1397, x1300, x1366);
uint32_t x1402, uint8_t x1403 = addcarryx_u32(x1400, x1303, x1369);
uint32_t x1405, uint8_t x1406 = addcarryx_u32(x1403, x1306, x1372);
uint32_t x1408, uint8_t x1409 = addcarryx_u32(x1406, x1309, x1375);
uint32_t x1411, uint8_t x1412 = addcarryx_u32(x1409, x1312, x1378);
uint32_t x1414, uint8_t x1415 = addcarryx_u32(x1412, x1315, x1381);
uint32_t x1417, uint8_t x1418 = addcarryx_u32(x1415, x1318, x1384);
uint32_t x1420, uint8_t x1421 = addcarryx_u32(x1418, x1321, x1387);
uint32_t x1423, uint8_t x1424 = addcarryx_u32(x1421, x1324, x1390);
uint32_t x1426, uint8_t x1427 = addcarryx_u32(x1424, x1327, x1391);
uint8_t x1428 = (x1427 + x1328);
uint32_t x1430, uint32_t x1431 = mulx_u32(x17, x23);
uint32_t x1433, uint32_t x1434 = mulx_u32(x17, x25);
uint32_t x1436, uint32_t x1437 = mulx_u32(x17, x27);
uint32_t x1439, uint32_t x1440 = mulx_u32(x17, x29);
uint32_t x1442, uint32_t x1443 = mulx_u32(x17, x31);
uint32_t x1445, uint32_t x1446 = mulx_u32(x17, x33);
uint32_t x1448, uint32_t x1449 = mulx_u32(x17, x35);
uint32_t x1451, uint32_t x1452 = mulx_u32(x17, x37);
uint32_t x1454, uint32_t x1455 = mulx_u32(x17, x39);
uint32_t x1457, uint32_t x1458 = mulx_u32(x17, x41);
uint32_t x1460, uint32_t x1461 = mulx_u32(x17, x40);
uint32_t x1463, uint8_t x1464 = addcarryx_u32(0x0, x1431, x1433);
uint32_t x1466, uint8_t x1467 = addcarryx_u32(x1464, x1434, x1436);
uint32_t x1469, uint8_t x1470 = addcarryx_u32(x1467, x1437, x1439);
uint32_t x1472, uint8_t x1473 = addcarryx_u32(x1470, x1440, x1442);
uint32_t x1475, uint8_t x1476 = addcarryx_u32(x1473, x1443, x1445);
uint32_t x1478, uint8_t x1479 = addcarryx_u32(x1476, x1446, x1448);
uint32_t x1481, uint8_t x1482 = addcarryx_u32(x1479, x1449, x1451);
uint32_t x1484, uint8_t x1485 = addcarryx_u32(x1482, x1452, x1454);
uint32_t x1487, uint8_t x1488 = addcarryx_u32(x1485, x1455, x1457);
uint32_t x1490, uint8_t x1491 = addcarryx_u32(x1488, x1458, x1460);
uint32_t x1493, uint8_t _ = addcarryx_u32(0x0, x1491, x1461);
uint32_t x1496, uint8_t x1497 = addcarryx_u32(0x0, x1396, x1430);
uint32_t x1499, uint8_t x1500 = addcarryx_u32(x1497, x1399, x1463);
uint32_t x1502, uint8_t x1503 = addcarryx_u32(x1500, x1402, x1466);
uint32_t x1505, uint8_t x1506 = addcarryx_u32(x1503, x1405, x1469);
uint32_t x1508, uint8_t x1509 = addcarryx_u32(x1506, x1408, x1472);
uint32_t x1511, uint8_t x1512 = addcarryx_u32(x1509, x1411, x1475);
uint32_t x1514, uint8_t x1515 = addcarryx_u32(x1512, x1414, x1478);
uint32_t x1517, uint8_t x1518 = addcarryx_u32(x1515, x1417, x1481);
uint32_t x1520, uint8_t x1521 = addcarryx_u32(x1518, x1420, x1484);
uint32_t x1523, uint8_t x1524 = addcarryx_u32(x1521, x1423, x1487);
uint32_t x1526, uint8_t x1527 = addcarryx_u32(x1524, x1426, x1490);
uint32_t x1529, uint8_t x1530 = addcarryx_u32(x1527, x1428, x1493);
uint32_t x1532, uint32_t _ = mulx_u32(x1496, 0x38e38e39);
uint32_t x1535, uint32_t x1536 = mulx_u32(x1532, 0xfffffff7);
uint32_t x1538, uint32_t x1539 = mulx_u32(x1532, 0xffffffff);
uint32_t x1541, uint32_t x1542 = mulx_u32(x1532, 0xffffffff);
uint32_t x1544, uint32_t x1545 = mulx_u32(x1532, 0xffffffff);
uint32_t x1547, uint32_t x1548 = mulx_u32(x1532, 0xffffffff);
uint32_t x1550, uint32_t x1551 = mulx_u32(x1532, 0xffffffff);
uint32_t x1553, uint32_t x1554 = mulx_u32(x1532, 0xffffffff);
uint32_t x1556, uint32_t x1557 = mulx_u32(x1532, 0xffffffff);
uint32_t x1559, uint32_t x1560 = mulx_u32(x1532, 0xffffffff);
uint32_t x1562, uint32_t x1563 = mulx_u32(x1532, 0xffffffff);
uint32_t x1565, uint8_t x1566 = addcarryx_u32(0x0, x1536, x1538);
uint32_t x1568, uint8_t x1569 = addcarryx_u32(x1566, x1539, x1541);
uint32_t x1571, uint8_t x1572 = addcarryx_u32(x1569, x1542, x1544);
uint32_t x1574, uint8_t x1575 = addcarryx_u32(x1572, x1545, x1547);
uint32_t x1577, uint8_t x1578 = addcarryx_u32(x1575, x1548, x1550);
uint32_t x1580, uint8_t x1581 = addcarryx_u32(x1578, x1551, x1553);
uint32_t x1583, uint8_t x1584 = addcarryx_u32(x1581, x1554, x1556);
uint32_t x1586, uint8_t x1587 = addcarryx_u32(x1584, x1557, x1559);
uint32_t x1589, uint8_t x1590 = addcarryx_u32(x1587, x1560, x1562);
uint32_t x1592, uint8_t x1593 = addcarryx_u32(x1590, x1563, x1532);
uint32_t _, uint8_t x1596 = addcarryx_u32(0x0, x1496, x1535);
uint32_t x1598, uint8_t x1599 = addcarryx_u32(x1596, x1499, x1565);
uint32_t x1601, uint8_t x1602 = addcarryx_u32(x1599, x1502, x1568);
uint32_t x1604, uint8_t x1605 = addcarryx_u32(x1602, x1505, x1571);
uint32_t x1607, uint8_t x1608 = addcarryx_u32(x1605, x1508, x1574);
uint32_t x1610, uint8_t x1611 = addcarryx_u32(x1608, x1511, x1577);
uint32_t x1613, uint8_t x1614 = addcarryx_u32(x1611, x1514, x1580);
uint32_t x1616, uint8_t x1617 = addcarryx_u32(x1614, x1517, x1583);
uint32_t x1619, uint8_t x1620 = addcarryx_u32(x1617, x1520, x1586);
uint32_t x1622, uint8_t x1623 = addcarryx_u32(x1620, x1523, x1589);
uint32_t x1625, uint8_t x1626 = addcarryx_u32(x1623, x1526, x1592);
uint32_t x1628, uint8_t x1629 = addcarryx_u32(x1626, x1529, x1593);
uint8_t x1630 = (x1629 + x1530);
uint32_t x1632, uint32_t x1633 = mulx_u32(x19, x23);
uint32_t x1635, uint32_t x1636 = mulx_u32(x19, x25);
uint32_t x1638, uint32_t x1639 = mulx_u32(x19, x27);
uint32_t x1641, uint32_t x1642 = mulx_u32(x19, x29);
uint32_t x1644, uint32_t x1645 = mulx_u32(x19, x31);
uint32_t x1647, uint32_t x1648 = mulx_u32(x19, x33);
uint32_t x1650, uint32_t x1651 = mulx_u32(x19, x35);
uint32_t x1653, uint32_t x1654 = mulx_u32(x19, x37);
uint32_t x1656, uint32_t x1657 = mulx_u32(x19, x39);
uint32_t x1659, uint32_t x1660 = mulx_u32(x19, x41);
uint32_t x1662, uint32_t x1663 = mulx_u32(x19, x40);
uint32_t x1665, uint8_t x1666 = addcarryx_u32(0x0, x1633, x1635);
uint32_t x1668, uint8_t x1669 = addcarryx_u32(x1666, x1636, x1638);
uint32_t x1671, uint8_t x1672 = addcarryx_u32(x1669, x1639, x1641);
uint32_t x1674, uint8_t x1675 = addcarryx_u32(x1672, x1642, x1644);
uint32_t x1677, uint8_t x1678 = addcarryx_u32(x1675, x1645, x1647);
uint32_t x1680, uint8_t x1681 = addcarryx_u32(x1678, x1648, x1650);
uint32_t x1683, uint8_t x1684 = addcarryx_u32(x1681, x1651, x1653);
uint32_t x1686, uint8_t x1687 = addcarryx_u32(x1684, x1654, x1656);
uint32_t x1689, uint8_t x1690 = addcarryx_u32(x1687, x1657, x1659);
uint32_t x1692, uint8_t x1693 = addcarryx_u32(x1690, x1660, x1662);
uint32_t x1695, uint8_t _ = addcarryx_u32(0x0, x1693, x1663);
uint32_t x1698, uint8_t x1699 = addcarryx_u32(0x0, x1598, x1632);
uint32_t x1701, uint8_t x1702 = addcarryx_u32(x1699, x1601, x1665);
uint32_t x1704, uint8_t x1705 = addcarryx_u32(x1702, x1604, x1668);
uint32_t x1707, uint8_t x1708 = addcarryx_u32(x1705, x1607, x1671);
uint32_t x1710, uint8_t x1711 = addcarryx_u32(x1708, x1610, x1674);
uint32_t x1713, uint8_t x1714 = addcarryx_u32(x1711, x1613, x1677);
uint32_t x1716, uint8_t x1717 = addcarryx_u32(x1714, x1616, x1680);
uint32_t x1719, uint8_t x1720 = addcarryx_u32(x1717, x1619, x1683);
uint32_t x1722, uint8_t x1723 = addcarryx_u32(x1720, x1622, x1686);
uint32_t x1725, uint8_t x1726 = addcarryx_u32(x1723, x1625, x1689);
uint32_t x1728, uint8_t x1729 = addcarryx_u32(x1726, x1628, x1692);
uint32_t x1731, uint8_t x1732 = addcarryx_u32(x1729, x1630, x1695);
uint32_t x1734, uint32_t _ = mulx_u32(x1698, 0x38e38e39);
uint32_t x1737, uint32_t x1738 = mulx_u32(x1734, 0xfffffff7);
uint32_t x1740, uint32_t x1741 = mulx_u32(x1734, 0xffffffff);
uint32_t x1743, uint32_t x1744 = mulx_u32(x1734, 0xffffffff);
uint32_t x1746, uint32_t x1747 = mulx_u32(x1734, 0xffffffff);
uint32_t x1749, uint32_t x1750 = mulx_u32(x1734, 0xffffffff);
uint32_t x1752, uint32_t x1753 = mulx_u32(x1734, 0xffffffff);
uint32_t x1755, uint32_t x1756 = mulx_u32(x1734, 0xffffffff);
uint32_t x1758, uint32_t x1759 = mulx_u32(x1734, 0xffffffff);
uint32_t x1761, uint32_t x1762 = mulx_u32(x1734, 0xffffffff);
uint32_t x1764, uint32_t x1765 = mulx_u32(x1734, 0xffffffff);
uint32_t x1767, uint8_t x1768 = addcarryx_u32(0x0, x1738, x1740);
uint32_t x1770, uint8_t x1771 = addcarryx_u32(x1768, x1741, x1743);
uint32_t x1773, uint8_t x1774 = addcarryx_u32(x1771, x1744, x1746);
uint32_t x1776, uint8_t x1777 = addcarryx_u32(x1774, x1747, x1749);
uint32_t x1779, uint8_t x1780 = addcarryx_u32(x1777, x1750, x1752);
uint32_t x1782, uint8_t x1783 = addcarryx_u32(x1780, x1753, x1755);
uint32_t x1785, uint8_t x1786 = addcarryx_u32(x1783, x1756, x1758);
uint32_t x1788, uint8_t x1789 = addcarryx_u32(x1786, x1759, x1761);
uint32_t x1791, uint8_t x1792 = addcarryx_u32(x1789, x1762, x1764);
uint32_t x1794, uint8_t x1795 = addcarryx_u32(x1792, x1765, x1734);
uint32_t _, uint8_t x1798 = addcarryx_u32(0x0, x1698, x1737);
uint32_t x1800, uint8_t x1801 = addcarryx_u32(x1798, x1701, x1767);
uint32_t x1803, uint8_t x1804 = addcarryx_u32(x1801, x1704, x1770);
uint32_t x1806, uint8_t x1807 = addcarryx_u32(x1804, x1707, x1773);
uint32_t x1809, uint8_t x1810 = addcarryx_u32(x1807, x1710, x1776);
uint32_t x1812, uint8_t x1813 = addcarryx_u32(x1810, x1713, x1779);
uint32_t x1815, uint8_t x1816 = addcarryx_u32(x1813, x1716, x1782);
uint32_t x1818, uint8_t x1819 = addcarryx_u32(x1816, x1719, x1785);
uint32_t x1821, uint8_t x1822 = addcarryx_u32(x1819, x1722, x1788);
uint32_t x1824, uint8_t x1825 = addcarryx_u32(x1822, x1725, x1791);
uint32_t x1827, uint8_t x1828 = addcarryx_u32(x1825, x1728, x1794);
uint32_t x1830, uint8_t x1831 = addcarryx_u32(x1828, x1731, x1795);
uint8_t x1832 = (x1831 + x1732);
uint32_t x1834, uint32_t x1835 = mulx_u32(x21, x23);
uint32_t x1837, uint32_t x1838 = mulx_u32(x21, x25);
uint32_t x1840, uint32_t x1841 = mulx_u32(x21, x27);
uint32_t x1843, uint32_t x1844 = mulx_u32(x21, x29);
uint32_t x1846, uint32_t x1847 = mulx_u32(x21, x31);
uint32_t x1849, uint32_t x1850 = mulx_u32(x21, x33);
uint32_t x1852, uint32_t x1853 = mulx_u32(x21, x35);
uint32_t x1855, uint32_t x1856 = mulx_u32(x21, x37);
uint32_t x1858, uint32_t x1859 = mulx_u32(x21, x39);
uint32_t x1861, uint32_t x1862 = mulx_u32(x21, x41);
uint32_t x1864, uint32_t x1865 = mulx_u32(x21, x40);
uint32_t x1867, uint8_t x1868 = addcarryx_u32(0x0, x1835, x1837);
uint32_t x1870, uint8_t x1871 = addcarryx_u32(x1868, x1838, x1840);
uint32_t x1873, uint8_t x1874 = addcarryx_u32(x1871, x1841, x1843);
uint32_t x1876, uint8_t x1877 = addcarryx_u32(x1874, x1844, x1846);
uint32_t x1879, uint8_t x1880 = addcarryx_u32(x1877, x1847, x1849);
uint32_t x1882, uint8_t x1883 = addcarryx_u32(x1880, x1850, x1852);
uint32_t x1885, uint8_t x1886 = addcarryx_u32(x1883, x1853, x1855);
uint32_t x1888, uint8_t x1889 = addcarryx_u32(x1886, x1856, x1858);
uint32_t x1891, uint8_t x1892 = addcarryx_u32(x1889, x1859, x1861);
uint32_t x1894, uint8_t x1895 = addcarryx_u32(x1892, x1862, x1864);
uint32_t x1897, uint8_t _ = addcarryx_u32(0x0, x1895, x1865);
uint32_t x1900, uint8_t x1901 = addcarryx_u32(0x0, x1800, x1834);
uint32_t x1903, uint8_t x1904 = addcarryx_u32(x1901, x1803, x1867);
uint32_t x1906, uint8_t x1907 = addcarryx_u32(x1904, x1806, x1870);
uint32_t x1909, uint8_t x1910 = addcarryx_u32(x1907, x1809, x1873);
uint32_t x1912, uint8_t x1913 = addcarryx_u32(x1910, x1812, x1876);
uint32_t x1915, uint8_t x1916 = addcarryx_u32(x1913, x1815, x1879);
uint32_t x1918, uint8_t x1919 = addcarryx_u32(x1916, x1818, x1882);
uint32_t x1921, uint8_t x1922 = addcarryx_u32(x1919, x1821, x1885);
uint32_t x1924, uint8_t x1925 = addcarryx_u32(x1922, x1824, x1888);
uint32_t x1927, uint8_t x1928 = addcarryx_u32(x1925, x1827, x1891);
uint32_t x1930, uint8_t x1931 = addcarryx_u32(x1928, x1830, x1894);
uint32_t x1933, uint8_t x1934 = addcarryx_u32(x1931, x1832, x1897);
uint32_t x1936, uint32_t _ = mulx_u32(x1900, 0x38e38e39);
uint32_t x1939, uint32_t x1940 = mulx_u32(x1936, 0xfffffff7);
uint32_t x1942, uint32_t x1943 = mulx_u32(x1936, 0xffffffff);
uint32_t x1945, uint32_t x1946 = mulx_u32(x1936, 0xffffffff);
uint32_t x1948, uint32_t x1949 = mulx_u32(x1936, 0xffffffff);
uint32_t x1951, uint32_t x1952 = mulx_u32(x1936, 0xffffffff);
uint32_t x1954, uint32_t x1955 = mulx_u32(x1936, 0xffffffff);
uint32_t x1957, uint32_t x1958 = mulx_u32(x1936, 0xffffffff);
uint32_t x1960, uint32_t x1961 = mulx_u32(x1936, 0xffffffff);
uint32_t x1963, uint32_t x1964 = mulx_u32(x1936, 0xffffffff);
uint32_t x1966, uint32_t x1967 = mulx_u32(x1936, 0xffffffff);
uint32_t x1969, uint8_t x1970 = addcarryx_u32(0x0, x1940, x1942);
uint32_t x1972, uint8_t x1973 = addcarryx_u32(x1970, x1943, x1945);
uint32_t x1975, uint8_t x1976 = addcarryx_u32(x1973, x1946, x1948);
uint32_t x1978, uint8_t x1979 = addcarryx_u32(x1976, x1949, x1951);
uint32_t x1981, uint8_t x1982 = addcarryx_u32(x1979, x1952, x1954);
uint32_t x1984, uint8_t x1985 = addcarryx_u32(x1982, x1955, x1957);
uint32_t x1987, uint8_t x1988 = addcarryx_u32(x1985, x1958, x1960);
uint32_t x1990, uint8_t x1991 = addcarryx_u32(x1988, x1961, x1963);
uint32_t x1993, uint8_t x1994 = addcarryx_u32(x1991, x1964, x1966);
uint32_t x1996, uint8_t x1997 = addcarryx_u32(x1994, x1967, x1936);
uint32_t _, uint8_t x2000 = addcarryx_u32(0x0, x1900, x1939);
uint32_t x2002, uint8_t x2003 = addcarryx_u32(x2000, x1903, x1969);
uint32_t x2005, uint8_t x2006 = addcarryx_u32(x2003, x1906, x1972);
uint32_t x2008, uint8_t x2009 = addcarryx_u32(x2006, x1909, x1975);
uint32_t x2011, uint8_t x2012 = addcarryx_u32(x2009, x1912, x1978);
uint32_t x2014, uint8_t x2015 = addcarryx_u32(x2012, x1915, x1981);
uint32_t x2017, uint8_t x2018 = addcarryx_u32(x2015, x1918, x1984);
uint32_t x2020, uint8_t x2021 = addcarryx_u32(x2018, x1921, x1987);
uint32_t x2023, uint8_t x2024 = addcarryx_u32(x2021, x1924, x1990);
uint32_t x2026, uint8_t x2027 = addcarryx_u32(x2024, x1927, x1993);
uint32_t x2029, uint8_t x2030 = addcarryx_u32(x2027, x1930, x1996);
uint32_t x2032, uint8_t x2033 = addcarryx_u32(x2030, x1933, x1997);
uint8_t x2034 = (x2033 + x1934);
uint32_t x2036, uint32_t x2037 = mulx_u32(x20, x23);
uint32_t x2039, uint32_t x2040 = mulx_u32(x20, x25);
uint32_t x2042, uint32_t x2043 = mulx_u32(x20, x27);
uint32_t x2045, uint32_t x2046 = mulx_u32(x20, x29);
uint32_t x2048, uint32_t x2049 = mulx_u32(x20, x31);
uint32_t x2051, uint32_t x2052 = mulx_u32(x20, x33);
uint32_t x2054, uint32_t x2055 = mulx_u32(x20, x35);
uint32_t x2057, uint32_t x2058 = mulx_u32(x20, x37);
uint32_t x2060, uint32_t x2061 = mulx_u32(x20, x39);
uint32_t x2063, uint32_t x2064 = mulx_u32(x20, x41);
uint32_t x2066, uint32_t x2067 = mulx_u32(x20, x40);
uint32_t x2069, uint8_t x2070 = addcarryx_u32(0x0, x2037, x2039);
uint32_t x2072, uint8_t x2073 = addcarryx_u32(x2070, x2040, x2042);
uint32_t x2075, uint8_t x2076 = addcarryx_u32(x2073, x2043, x2045);
uint32_t x2078, uint8_t x2079 = addcarryx_u32(x2076, x2046, x2048);
uint32_t x2081, uint8_t x2082 = addcarryx_u32(x2079, x2049, x2051);
uint32_t x2084, uint8_t x2085 = addcarryx_u32(x2082, x2052, x2054);
uint32_t x2087, uint8_t x2088 = addcarryx_u32(x2085, x2055, x2057);
uint32_t x2090, uint8_t x2091 = addcarryx_u32(x2088, x2058, x2060);
uint32_t x2093, uint8_t x2094 = addcarryx_u32(x2091, x2061, x2063);
uint32_t x2096, uint8_t x2097 = addcarryx_u32(x2094, x2064, x2066);
uint32_t x2099, uint8_t _ = addcarryx_u32(0x0, x2097, x2067);
uint32_t x2102, uint8_t x2103 = addcarryx_u32(0x0, x2002, x2036);
uint32_t x2105, uint8_t x2106 = addcarryx_u32(x2103, x2005, x2069);
uint32_t x2108, uint8_t x2109 = addcarryx_u32(x2106, x2008, x2072);
uint32_t x2111, uint8_t x2112 = addcarryx_u32(x2109, x2011, x2075);
uint32_t x2114, uint8_t x2115 = addcarryx_u32(x2112, x2014, x2078);
uint32_t x2117, uint8_t x2118 = addcarryx_u32(x2115, x2017, x2081);
uint32_t x2120, uint8_t x2121 = addcarryx_u32(x2118, x2020, x2084);
uint32_t x2123, uint8_t x2124 = addcarryx_u32(x2121, x2023, x2087);
uint32_t x2126, uint8_t x2127 = addcarryx_u32(x2124, x2026, x2090);
uint32_t x2129, uint8_t x2130 = addcarryx_u32(x2127, x2029, x2093);
uint32_t x2132, uint8_t x2133 = addcarryx_u32(x2130, x2032, x2096);
uint32_t x2135, uint8_t x2136 = addcarryx_u32(x2133, x2034, x2099);
uint32_t x2138, uint32_t _ = mulx_u32(x2102, 0x38e38e39);
uint32_t x2141, uint32_t x2142 = mulx_u32(x2138, 0xfffffff7);
uint32_t x2144, uint32_t x2145 = mulx_u32(x2138, 0xffffffff);
uint32_t x2147, uint32_t x2148 = mulx_u32(x2138, 0xffffffff);
uint32_t x2150, uint32_t x2151 = mulx_u32(x2138, 0xffffffff);
uint32_t x2153, uint32_t x2154 = mulx_u32(x2138, 0xffffffff);
uint32_t x2156, uint32_t x2157 = mulx_u32(x2138, 0xffffffff);
uint32_t x2159, uint32_t x2160 = mulx_u32(x2138, 0xffffffff);
uint32_t x2162, uint32_t x2163 = mulx_u32(x2138, 0xffffffff);
uint32_t x2165, uint32_t x2166 = mulx_u32(x2138, 0xffffffff);
uint32_t x2168, uint32_t x2169 = mulx_u32(x2138, 0xffffffff);
uint32_t x2171, uint8_t x2172 = addcarryx_u32(0x0, x2142, x2144);
uint32_t x2174, uint8_t x2175 = addcarryx_u32(x2172, x2145, x2147);
uint32_t x2177, uint8_t x2178 = addcarryx_u32(x2175, x2148, x2150);
uint32_t x2180, uint8_t x2181 = addcarryx_u32(x2178, x2151, x2153);
uint32_t x2183, uint8_t x2184 = addcarryx_u32(x2181, x2154, x2156);
uint32_t x2186, uint8_t x2187 = addcarryx_u32(x2184, x2157, x2159);
uint32_t x2189, uint8_t x2190 = addcarryx_u32(x2187, x2160, x2162);
uint32_t x2192, uint8_t x2193 = addcarryx_u32(x2190, x2163, x2165);
uint32_t x2195, uint8_t x2196 = addcarryx_u32(x2193, x2166, x2168);
uint32_t x2198, uint8_t x2199 = addcarryx_u32(x2196, x2169, x2138);
uint32_t _, uint8_t x2202 = addcarryx_u32(0x0, x2102, x2141);
uint32_t x2204, uint8_t x2205 = addcarryx_u32(x2202, x2105, x2171);
uint32_t x2207, uint8_t x2208 = addcarryx_u32(x2205, x2108, x2174);
uint32_t x2210, uint8_t x2211 = addcarryx_u32(x2208, x2111, x2177);
uint32_t x2213, uint8_t x2214 = addcarryx_u32(x2211, x2114, x2180);
uint32_t x2216, uint8_t x2217 = addcarryx_u32(x2214, x2117, x2183);
uint32_t x2219, uint8_t x2220 = addcarryx_u32(x2217, x2120, x2186);
uint32_t x2222, uint8_t x2223 = addcarryx_u32(x2220, x2123, x2189);
uint32_t x2225, uint8_t x2226 = addcarryx_u32(x2223, x2126, x2192);
uint32_t x2228, uint8_t x2229 = addcarryx_u32(x2226, x2129, x2195);
uint32_t x2231, uint8_t x2232 = addcarryx_u32(x2229, x2132, x2198);
uint32_t x2234, uint8_t x2235 = addcarryx_u32(x2232, x2135, x2199);
uint8_t x2236 = (x2235 + x2136);
uint32_t x2238, uint8_t x2239 = subborrow_u32(0x0, x2204, 0xfffffff7);
uint32_t x2241, uint8_t x2242 = subborrow_u32(x2239, x2207, 0xffffffff);
uint32_t x2244, uint8_t x2245 = subborrow_u32(x2242, x2210, 0xffffffff);
uint32_t x2247, uint8_t x2248 = subborrow_u32(x2245, x2213, 0xffffffff);
uint32_t x2250, uint8_t x2251 = subborrow_u32(x2248, x2216, 0xffffffff);
uint32_t x2253, uint8_t x2254 = subborrow_u32(x2251, x2219, 0xffffffff);
uint32_t x2256, uint8_t x2257 = subborrow_u32(x2254, x2222, 0xffffffff);
uint32_t x2259, uint8_t x2260 = subborrow_u32(x2257, x2225, 0xffffffff);
uint32_t x2262, uint8_t x2263 = subborrow_u32(x2260, x2228, 0xffffffff);
uint32_t x2265, uint8_t x2266 = subborrow_u32(x2263, x2231, 0xffffffff);
uint32_t x2268, uint8_t x2269 = subborrow_u32(x2266, x2234, 0x1);
uint32_t _, uint8_t x2272 = subborrow_u32(x2269, x2236, 0x0);
(cmovznz32(x2272, x2268, x2234), cmovznz32(x2272, x2265, x2231), cmovznz32(x2272, x2262, x2228), cmovznz32(x2272, x2259, x2225), cmovznz32(x2272, x2256, x2222), cmovznz32(x2272, x2253, x2219), cmovznz32(x2272, x2250, x2216), cmovznz32(x2272, x2247, x2213), cmovznz32(x2272, x2244, x2210), cmovznz32(x2272, x2241, x2207), cmovznz32(x2272, x2238, x2204))
     : ∀ var : Z.Syntax.base_type → Type, expr Z.Syntax.base_type Z.Syntax.op (uint32_t * uint32_t * uint32_t * uint32_t * uint32_t * uint32_t * uint32_t * uint32_t * uint32_t * uint32_t * uint32_t * (uint32_t * uint32_t * uint32_t * uint32_t * uint32_t * uint32_t * uint32_t * uint32_t * uint32_t * uint32_t * uint32_t) -> uint32_t * uint32_t * uint32_t * uint32_t * uint32_t * uint32_t * uint32_t * uint32_t * uint32_t * uint32_t * uint32_t)

Argument scope is [function_scope]
