mul = λ var : Z.Syntax.base_type → Type,
λ '(x28, x29, x27, x25, x23, x21, x19, x17, x15, x13, x11, x9, x7, x5, x3, (x56, x57, x55, x53, x51, x49, x47, x45, x43, x41, x39, x37, x35, x33, x31))%core,
uint32_t x59, uint32_t x60 = mulx_u32(x3, x31);
uint32_t x62, uint32_t x63 = mulx_u32(x3, x33);
uint32_t x65, uint32_t x66 = mulx_u32(x3, x35);
uint32_t x68, uint32_t x69 = mulx_u32(x3, x37);
uint32_t x71, uint32_t x72 = mulx_u32(x3, x39);
uint32_t x74, uint32_t x75 = mulx_u32(x3, x41);
uint32_t x77, uint32_t x78 = mulx_u32(x3, x43);
uint32_t x80, uint32_t x81 = mulx_u32(x3, x45);
uint32_t x83, uint32_t x84 = mulx_u32(x3, x47);
uint32_t x86, uint32_t x87 = mulx_u32(x3, x49);
uint32_t x89, uint32_t x90 = mulx_u32(x3, x51);
uint32_t x92, uint32_t x93 = mulx_u32(x3, x53);
uint32_t x95, uint32_t x96 = mulx_u32(x3, x55);
uint32_t x98, uint32_t x99 = mulx_u32(x3, x57);
uint32_t x101, uint32_t x102 = mulx_u32(x3, x56);
uint32_t x104, uint8_t x105 = addcarryx_u32(0x0, x60, x62);
uint32_t x107, uint8_t x108 = addcarryx_u32(x105, x63, x65);
uint32_t x110, uint8_t x111 = addcarryx_u32(x108, x66, x68);
uint32_t x113, uint8_t x114 = addcarryx_u32(x111, x69, x71);
uint32_t x116, uint8_t x117 = addcarryx_u32(x114, x72, x74);
uint32_t x119, uint8_t x120 = addcarryx_u32(x117, x75, x77);
uint32_t x122, uint8_t x123 = addcarryx_u32(x120, x78, x80);
uint32_t x125, uint8_t x126 = addcarryx_u32(x123, x81, x83);
uint32_t x128, uint8_t x129 = addcarryx_u32(x126, x84, x86);
uint32_t x131, uint8_t x132 = addcarryx_u32(x129, x87, x89);
uint32_t x134, uint8_t x135 = addcarryx_u32(x132, x90, x92);
uint32_t x137, uint8_t x138 = addcarryx_u32(x135, x93, x95);
uint32_t x140, uint8_t x141 = addcarryx_u32(x138, x96, x98);
uint32_t x143, uint8_t x144 = addcarryx_u32(x141, x99, x101);
uint32_t x146, uint8_t _ = addcarryx_u32(0x0, x144, x102);
uint32_t x149, uint8_t x150 = addcarryx_u32(0x0, 0x0, x128);
uint32_t x152, uint8_t x153 = addcarryx_u32(x150, 0x0, x131);
uint32_t x155, uint8_t x156 = addcarryx_u32(x153, 0x0, x134);
uint32_t x158, uint8_t x159 = addcarryx_u32(x156, 0x0, x137);
uint32_t x161, uint8_t x162 = addcarryx_u32(x159, 0x0, x140);
uint32_t x164, uint8_t x165 = addcarryx_u32(x162, 0x0, x143);
uint32_t x167, uint8_t x168 = addcarryx_u32(x165, 0x0, x146);
uint32_t x170, uint32_t x171 = mulx_u32(x59, 0xffffffff);
uint32_t x173, uint32_t x174 = mulx_u32(x59, 0xffffffff);
uint32_t x176, uint32_t x177 = mulx_u32(x59, 0xffffffff);
uint32_t x179, uint32_t x180 = mulx_u32(x59, 0xffffffff);
uint32_t x182, uint32_t x183 = mulx_u32(x59, 0xffffffff);
uint32_t x185, uint32_t x186 = mulx_u32(x59, 0xffffffff);
uint32_t x188, uint32_t x189 = mulx_u32(x59, 0xffffffff);
uint32_t x191, uint32_t x192 = mulx_u32(x59, 0xfffeffff);
uint32_t x194, uint32_t x195 = mulx_u32(x59, 0xffffffff);
uint32_t x197, uint32_t x198 = mulx_u32(x59, 0xffffffff);
uint32_t x200, uint32_t x201 = mulx_u32(x59, 0xffffffff);
uint32_t x203, uint32_t x204 = mulx_u32(x59, 0xffffffff);
uint32_t x206, uint32_t x207 = mulx_u32(x59, 0xffffffff);
uint32_t x209, uint32_t x210 = mulx_u32(x59, 0xffffffff);
uint32_t x212, uint32_t x213 = mulx_u32(x59, 0xffffffff);
uint32_t x215, uint8_t x216 = addcarryx_u32(0x0, x171, x173);
uint32_t x218, uint8_t x219 = addcarryx_u32(x216, x174, x176);
uint32_t x221, uint8_t x222 = addcarryx_u32(x219, x177, x179);
uint32_t x224, uint8_t x225 = addcarryx_u32(x222, x180, x182);
uint32_t x227, uint8_t x228 = addcarryx_u32(x225, x183, x185);
uint32_t x230, uint8_t x231 = addcarryx_u32(x228, x186, x188);
uint32_t x233, uint8_t x234 = addcarryx_u32(x231, x189, x191);
uint32_t x236, uint8_t x237 = addcarryx_u32(x234, x192, x194);
uint32_t x239, uint8_t x240 = addcarryx_u32(x237, x195, x197);
uint32_t x242, uint8_t x243 = addcarryx_u32(x240, x198, x200);
uint32_t x245, uint8_t x246 = addcarryx_u32(x243, x201, x203);
uint32_t x248, uint8_t x249 = addcarryx_u32(x246, x204, x206);
uint32_t x251, uint8_t x252 = addcarryx_u32(x249, x207, x209);
uint32_t x254, uint8_t x255 = addcarryx_u32(x252, x210, x212);
uint32_t x257, uint8_t _ = addcarryx_u32(0x0, x255, x213);
uint32_t _, uint8_t x261 = addcarryx_u32(0x0, x59, x170);
uint32_t x263, uint8_t x264 = addcarryx_u32(x261, x104, x215);
uint32_t x266, uint8_t x267 = addcarryx_u32(x264, x107, x218);
uint32_t x269, uint8_t x270 = addcarryx_u32(x267, x110, x221);
uint32_t x272, uint8_t x273 = addcarryx_u32(x270, x113, x224);
uint32_t x275, uint8_t x276 = addcarryx_u32(x273, x116, x227);
uint32_t x278, uint8_t x279 = addcarryx_u32(x276, x119, x230);
uint32_t x281, uint8_t x282 = addcarryx_u32(x279, x122, x233);
uint32_t x284, uint8_t x285 = addcarryx_u32(x282, x125, x236);
uint32_t x287, uint8_t x288 = addcarryx_u32(x285, x149, x239);
uint32_t x290, uint8_t x291 = addcarryx_u32(x288, x152, x242);
uint32_t x293, uint8_t x294 = addcarryx_u32(x291, x155, x245);
uint32_t x296, uint8_t x297 = addcarryx_u32(x294, x158, x248);
uint32_t x299, uint8_t x300 = addcarryx_u32(x297, x161, x251);
uint32_t x302, uint8_t x303 = addcarryx_u32(x300, x164, x254);
uint32_t x305, uint8_t x306 = addcarryx_u32(x303, x167, x257);
uint8_t x307 = (x306 + x168);
uint32_t x309, uint32_t x310 = mulx_u32(x5, x31);
uint32_t x312, uint32_t x313 = mulx_u32(x5, x33);
uint32_t x315, uint32_t x316 = mulx_u32(x5, x35);
uint32_t x318, uint32_t x319 = mulx_u32(x5, x37);
uint32_t x321, uint32_t x322 = mulx_u32(x5, x39);
uint32_t x324, uint32_t x325 = mulx_u32(x5, x41);
uint32_t x327, uint32_t x328 = mulx_u32(x5, x43);
uint32_t x330, uint32_t x331 = mulx_u32(x5, x45);
uint32_t x333, uint32_t x334 = mulx_u32(x5, x47);
uint32_t x336, uint32_t x337 = mulx_u32(x5, x49);
uint32_t x339, uint32_t x340 = mulx_u32(x5, x51);
uint32_t x342, uint32_t x343 = mulx_u32(x5, x53);
uint32_t x345, uint32_t x346 = mulx_u32(x5, x55);
uint32_t x348, uint32_t x349 = mulx_u32(x5, x57);
uint32_t x351, uint32_t x352 = mulx_u32(x5, x56);
uint32_t x354, uint8_t x355 = addcarryx_u32(0x0, x310, x312);
uint32_t x357, uint8_t x358 = addcarryx_u32(x355, x313, x315);
uint32_t x360, uint8_t x361 = addcarryx_u32(x358, x316, x318);
uint32_t x363, uint8_t x364 = addcarryx_u32(x361, x319, x321);
uint32_t x366, uint8_t x367 = addcarryx_u32(x364, x322, x324);
uint32_t x369, uint8_t x370 = addcarryx_u32(x367, x325, x327);
uint32_t x372, uint8_t x373 = addcarryx_u32(x370, x328, x330);
uint32_t x375, uint8_t x376 = addcarryx_u32(x373, x331, x333);
uint32_t x378, uint8_t x379 = addcarryx_u32(x376, x334, x336);
uint32_t x381, uint8_t x382 = addcarryx_u32(x379, x337, x339);
uint32_t x384, uint8_t x385 = addcarryx_u32(x382, x340, x342);
uint32_t x387, uint8_t x388 = addcarryx_u32(x385, x343, x345);
uint32_t x390, uint8_t x391 = addcarryx_u32(x388, x346, x348);
uint32_t x393, uint8_t x394 = addcarryx_u32(x391, x349, x351);
uint32_t x396, uint8_t _ = addcarryx_u32(0x0, x394, x352);
uint32_t x399, uint8_t x400 = addcarryx_u32(0x0, x263, x309);
uint32_t x402, uint8_t x403 = addcarryx_u32(x400, x266, x354);
uint32_t x405, uint8_t x406 = addcarryx_u32(x403, x269, x357);
uint32_t x408, uint8_t x409 = addcarryx_u32(x406, x272, x360);
uint32_t x411, uint8_t x412 = addcarryx_u32(x409, x275, x363);
uint32_t x414, uint8_t x415 = addcarryx_u32(x412, x278, x366);
uint32_t x417, uint8_t x418 = addcarryx_u32(x415, x281, x369);
uint32_t x420, uint8_t x421 = addcarryx_u32(x418, x284, x372);
uint32_t x423, uint8_t x424 = addcarryx_u32(x421, x287, x375);
uint32_t x426, uint8_t x427 = addcarryx_u32(x424, x290, x378);
uint32_t x429, uint8_t x430 = addcarryx_u32(x427, x293, x381);
uint32_t x432, uint8_t x433 = addcarryx_u32(x430, x296, x384);
uint32_t x435, uint8_t x436 = addcarryx_u32(x433, x299, x387);
uint32_t x438, uint8_t x439 = addcarryx_u32(x436, x302, x390);
uint32_t x441, uint8_t x442 = addcarryx_u32(x439, x305, x393);
uint32_t x444, uint8_t x445 = addcarryx_u32(x442, x307, x396);
uint32_t x447, uint32_t x448 = mulx_u32(x399, 0xffffffff);
uint32_t x450, uint32_t x451 = mulx_u32(x399, 0xffffffff);
uint32_t x453, uint32_t x454 = mulx_u32(x399, 0xffffffff);
uint32_t x456, uint32_t x457 = mulx_u32(x399, 0xffffffff);
uint32_t x459, uint32_t x460 = mulx_u32(x399, 0xffffffff);
uint32_t x462, uint32_t x463 = mulx_u32(x399, 0xffffffff);
uint32_t x465, uint32_t x466 = mulx_u32(x399, 0xffffffff);
uint32_t x468, uint32_t x469 = mulx_u32(x399, 0xfffeffff);
uint32_t x471, uint32_t x472 = mulx_u32(x399, 0xffffffff);
uint32_t x474, uint32_t x475 = mulx_u32(x399, 0xffffffff);
uint32_t x477, uint32_t x478 = mulx_u32(x399, 0xffffffff);
uint32_t x480, uint32_t x481 = mulx_u32(x399, 0xffffffff);
uint32_t x483, uint32_t x484 = mulx_u32(x399, 0xffffffff);
uint32_t x486, uint32_t x487 = mulx_u32(x399, 0xffffffff);
uint32_t x489, uint32_t x490 = mulx_u32(x399, 0xffffffff);
uint32_t x492, uint8_t x493 = addcarryx_u32(0x0, x448, x450);
uint32_t x495, uint8_t x496 = addcarryx_u32(x493, x451, x453);
uint32_t x498, uint8_t x499 = addcarryx_u32(x496, x454, x456);
uint32_t x501, uint8_t x502 = addcarryx_u32(x499, x457, x459);
uint32_t x504, uint8_t x505 = addcarryx_u32(x502, x460, x462);
uint32_t x507, uint8_t x508 = addcarryx_u32(x505, x463, x465);
uint32_t x510, uint8_t x511 = addcarryx_u32(x508, x466, x468);
uint32_t x513, uint8_t x514 = addcarryx_u32(x511, x469, x471);
uint32_t x516, uint8_t x517 = addcarryx_u32(x514, x472, x474);
uint32_t x519, uint8_t x520 = addcarryx_u32(x517, x475, x477);
uint32_t x522, uint8_t x523 = addcarryx_u32(x520, x478, x480);
uint32_t x525, uint8_t x526 = addcarryx_u32(x523, x481, x483);
uint32_t x528, uint8_t x529 = addcarryx_u32(x526, x484, x486);
uint32_t x531, uint8_t x532 = addcarryx_u32(x529, x487, x489);
uint32_t x534, uint8_t _ = addcarryx_u32(0x0, x532, x490);
uint32_t _, uint8_t x538 = addcarryx_u32(0x0, x399, x447);
uint32_t x540, uint8_t x541 = addcarryx_u32(x538, x402, x492);
uint32_t x543, uint8_t x544 = addcarryx_u32(x541, x405, x495);
uint32_t x546, uint8_t x547 = addcarryx_u32(x544, x408, x498);
uint32_t x549, uint8_t x550 = addcarryx_u32(x547, x411, x501);
uint32_t x552, uint8_t x553 = addcarryx_u32(x550, x414, x504);
uint32_t x555, uint8_t x556 = addcarryx_u32(x553, x417, x507);
uint32_t x558, uint8_t x559 = addcarryx_u32(x556, x420, x510);
uint32_t x561, uint8_t x562 = addcarryx_u32(x559, x423, x513);
uint32_t x564, uint8_t x565 = addcarryx_u32(x562, x426, x516);
uint32_t x567, uint8_t x568 = addcarryx_u32(x565, x429, x519);
uint32_t x570, uint8_t x571 = addcarryx_u32(x568, x432, x522);
uint32_t x573, uint8_t x574 = addcarryx_u32(x571, x435, x525);
uint32_t x576, uint8_t x577 = addcarryx_u32(x574, x438, x528);
uint32_t x579, uint8_t x580 = addcarryx_u32(x577, x441, x531);
uint32_t x582, uint8_t x583 = addcarryx_u32(x580, x444, x534);
uint8_t x584 = (x583 + x445);
uint32_t x586, uint32_t x587 = mulx_u32(x7, x31);
uint32_t x589, uint32_t x590 = mulx_u32(x7, x33);
uint32_t x592, uint32_t x593 = mulx_u32(x7, x35);
uint32_t x595, uint32_t x596 = mulx_u32(x7, x37);
uint32_t x598, uint32_t x599 = mulx_u32(x7, x39);
uint32_t x601, uint32_t x602 = mulx_u32(x7, x41);
uint32_t x604, uint32_t x605 = mulx_u32(x7, x43);
uint32_t x607, uint32_t x608 = mulx_u32(x7, x45);
uint32_t x610, uint32_t x611 = mulx_u32(x7, x47);
uint32_t x613, uint32_t x614 = mulx_u32(x7, x49);
uint32_t x616, uint32_t x617 = mulx_u32(x7, x51);
uint32_t x619, uint32_t x620 = mulx_u32(x7, x53);
uint32_t x622, uint32_t x623 = mulx_u32(x7, x55);
uint32_t x625, uint32_t x626 = mulx_u32(x7, x57);
uint32_t x628, uint32_t x629 = mulx_u32(x7, x56);
uint32_t x631, uint8_t x632 = addcarryx_u32(0x0, x587, x589);
uint32_t x634, uint8_t x635 = addcarryx_u32(x632, x590, x592);
uint32_t x637, uint8_t x638 = addcarryx_u32(x635, x593, x595);
uint32_t x640, uint8_t x641 = addcarryx_u32(x638, x596, x598);
uint32_t x643, uint8_t x644 = addcarryx_u32(x641, x599, x601);
uint32_t x646, uint8_t x647 = addcarryx_u32(x644, x602, x604);
uint32_t x649, uint8_t x650 = addcarryx_u32(x647, x605, x607);
uint32_t x652, uint8_t x653 = addcarryx_u32(x650, x608, x610);
uint32_t x655, uint8_t x656 = addcarryx_u32(x653, x611, x613);
uint32_t x658, uint8_t x659 = addcarryx_u32(x656, x614, x616);
uint32_t x661, uint8_t x662 = addcarryx_u32(x659, x617, x619);
uint32_t x664, uint8_t x665 = addcarryx_u32(x662, x620, x622);
uint32_t x667, uint8_t x668 = addcarryx_u32(x665, x623, x625);
uint32_t x670, uint8_t x671 = addcarryx_u32(x668, x626, x628);
uint32_t x673, uint8_t _ = addcarryx_u32(0x0, x671, x629);
uint32_t x676, uint8_t x677 = addcarryx_u32(0x0, x540, x586);
uint32_t x679, uint8_t x680 = addcarryx_u32(x677, x543, x631);
uint32_t x682, uint8_t x683 = addcarryx_u32(x680, x546, x634);
uint32_t x685, uint8_t x686 = addcarryx_u32(x683, x549, x637);
uint32_t x688, uint8_t x689 = addcarryx_u32(x686, x552, x640);
uint32_t x691, uint8_t x692 = addcarryx_u32(x689, x555, x643);
uint32_t x694, uint8_t x695 = addcarryx_u32(x692, x558, x646);
uint32_t x697, uint8_t x698 = addcarryx_u32(x695, x561, x649);
uint32_t x700, uint8_t x701 = addcarryx_u32(x698, x564, x652);
uint32_t x703, uint8_t x704 = addcarryx_u32(x701, x567, x655);
uint32_t x706, uint8_t x707 = addcarryx_u32(x704, x570, x658);
uint32_t x709, uint8_t x710 = addcarryx_u32(x707, x573, x661);
uint32_t x712, uint8_t x713 = addcarryx_u32(x710, x576, x664);
uint32_t x715, uint8_t x716 = addcarryx_u32(x713, x579, x667);
uint32_t x718, uint8_t x719 = addcarryx_u32(x716, x582, x670);
uint32_t x721, uint8_t x722 = addcarryx_u32(x719, x584, x673);
uint32_t x724, uint32_t x725 = mulx_u32(x676, 0xffffffff);
uint32_t x727, uint32_t x728 = mulx_u32(x676, 0xffffffff);
uint32_t x730, uint32_t x731 = mulx_u32(x676, 0xffffffff);
uint32_t x733, uint32_t x734 = mulx_u32(x676, 0xffffffff);
uint32_t x736, uint32_t x737 = mulx_u32(x676, 0xffffffff);
uint32_t x739, uint32_t x740 = mulx_u32(x676, 0xffffffff);
uint32_t x742, uint32_t x743 = mulx_u32(x676, 0xffffffff);
uint32_t x745, uint32_t x746 = mulx_u32(x676, 0xfffeffff);
uint32_t x748, uint32_t x749 = mulx_u32(x676, 0xffffffff);
uint32_t x751, uint32_t x752 = mulx_u32(x676, 0xffffffff);
uint32_t x754, uint32_t x755 = mulx_u32(x676, 0xffffffff);
uint32_t x757, uint32_t x758 = mulx_u32(x676, 0xffffffff);
uint32_t x760, uint32_t x761 = mulx_u32(x676, 0xffffffff);
uint32_t x763, uint32_t x764 = mulx_u32(x676, 0xffffffff);
uint32_t x766, uint32_t x767 = mulx_u32(x676, 0xffffffff);
uint32_t x769, uint8_t x770 = addcarryx_u32(0x0, x725, x727);
uint32_t x772, uint8_t x773 = addcarryx_u32(x770, x728, x730);
uint32_t x775, uint8_t x776 = addcarryx_u32(x773, x731, x733);
uint32_t x778, uint8_t x779 = addcarryx_u32(x776, x734, x736);
uint32_t x781, uint8_t x782 = addcarryx_u32(x779, x737, x739);
uint32_t x784, uint8_t x785 = addcarryx_u32(x782, x740, x742);
uint32_t x787, uint8_t x788 = addcarryx_u32(x785, x743, x745);
uint32_t x790, uint8_t x791 = addcarryx_u32(x788, x746, x748);
uint32_t x793, uint8_t x794 = addcarryx_u32(x791, x749, x751);
uint32_t x796, uint8_t x797 = addcarryx_u32(x794, x752, x754);
uint32_t x799, uint8_t x800 = addcarryx_u32(x797, x755, x757);
uint32_t x802, uint8_t x803 = addcarryx_u32(x800, x758, x760);
uint32_t x805, uint8_t x806 = addcarryx_u32(x803, x761, x763);
uint32_t x808, uint8_t x809 = addcarryx_u32(x806, x764, x766);
uint32_t x811, uint8_t _ = addcarryx_u32(0x0, x809, x767);
uint32_t _, uint8_t x815 = addcarryx_u32(0x0, x676, x724);
uint32_t x817, uint8_t x818 = addcarryx_u32(x815, x679, x769);
uint32_t x820, uint8_t x821 = addcarryx_u32(x818, x682, x772);
uint32_t x823, uint8_t x824 = addcarryx_u32(x821, x685, x775);
uint32_t x826, uint8_t x827 = addcarryx_u32(x824, x688, x778);
uint32_t x829, uint8_t x830 = addcarryx_u32(x827, x691, x781);
uint32_t x832, uint8_t x833 = addcarryx_u32(x830, x694, x784);
uint32_t x835, uint8_t x836 = addcarryx_u32(x833, x697, x787);
uint32_t x838, uint8_t x839 = addcarryx_u32(x836, x700, x790);
uint32_t x841, uint8_t x842 = addcarryx_u32(x839, x703, x793);
uint32_t x844, uint8_t x845 = addcarryx_u32(x842, x706, x796);
uint32_t x847, uint8_t x848 = addcarryx_u32(x845, x709, x799);
uint32_t x850, uint8_t x851 = addcarryx_u32(x848, x712, x802);
uint32_t x853, uint8_t x854 = addcarryx_u32(x851, x715, x805);
uint32_t x856, uint8_t x857 = addcarryx_u32(x854, x718, x808);
uint32_t x859, uint8_t x860 = addcarryx_u32(x857, x721, x811);
uint8_t x861 = (x860 + x722);
uint32_t x863, uint32_t x864 = mulx_u32(x9, x31);
uint32_t x866, uint32_t x867 = mulx_u32(x9, x33);
uint32_t x869, uint32_t x870 = mulx_u32(x9, x35);
uint32_t x872, uint32_t x873 = mulx_u32(x9, x37);
uint32_t x875, uint32_t x876 = mulx_u32(x9, x39);
uint32_t x878, uint32_t x879 = mulx_u32(x9, x41);
uint32_t x881, uint32_t x882 = mulx_u32(x9, x43);
uint32_t x884, uint32_t x885 = mulx_u32(x9, x45);
uint32_t x887, uint32_t x888 = mulx_u32(x9, x47);
uint32_t x890, uint32_t x891 = mulx_u32(x9, x49);
uint32_t x893, uint32_t x894 = mulx_u32(x9, x51);
uint32_t x896, uint32_t x897 = mulx_u32(x9, x53);
uint32_t x899, uint32_t x900 = mulx_u32(x9, x55);
uint32_t x902, uint32_t x903 = mulx_u32(x9, x57);
uint32_t x905, uint32_t x906 = mulx_u32(x9, x56);
uint32_t x908, uint8_t x909 = addcarryx_u32(0x0, x864, x866);
uint32_t x911, uint8_t x912 = addcarryx_u32(x909, x867, x869);
uint32_t x914, uint8_t x915 = addcarryx_u32(x912, x870, x872);
uint32_t x917, uint8_t x918 = addcarryx_u32(x915, x873, x875);
uint32_t x920, uint8_t x921 = addcarryx_u32(x918, x876, x878);
uint32_t x923, uint8_t x924 = addcarryx_u32(x921, x879, x881);
uint32_t x926, uint8_t x927 = addcarryx_u32(x924, x882, x884);
uint32_t x929, uint8_t x930 = addcarryx_u32(x927, x885, x887);
uint32_t x932, uint8_t x933 = addcarryx_u32(x930, x888, x890);
uint32_t x935, uint8_t x936 = addcarryx_u32(x933, x891, x893);
uint32_t x938, uint8_t x939 = addcarryx_u32(x936, x894, x896);
uint32_t x941, uint8_t x942 = addcarryx_u32(x939, x897, x899);
uint32_t x944, uint8_t x945 = addcarryx_u32(x942, x900, x902);
uint32_t x947, uint8_t x948 = addcarryx_u32(x945, x903, x905);
uint32_t x950, uint8_t _ = addcarryx_u32(0x0, x948, x906);
uint32_t x953, uint8_t x954 = addcarryx_u32(0x0, x817, x863);
uint32_t x956, uint8_t x957 = addcarryx_u32(x954, x820, x908);
uint32_t x959, uint8_t x960 = addcarryx_u32(x957, x823, x911);
uint32_t x962, uint8_t x963 = addcarryx_u32(x960, x826, x914);
uint32_t x965, uint8_t x966 = addcarryx_u32(x963, x829, x917);
uint32_t x968, uint8_t x969 = addcarryx_u32(x966, x832, x920);
uint32_t x971, uint8_t x972 = addcarryx_u32(x969, x835, x923);
uint32_t x974, uint8_t x975 = addcarryx_u32(x972, x838, x926);
uint32_t x977, uint8_t x978 = addcarryx_u32(x975, x841, x929);
uint32_t x980, uint8_t x981 = addcarryx_u32(x978, x844, x932);
uint32_t x983, uint8_t x984 = addcarryx_u32(x981, x847, x935);
uint32_t x986, uint8_t x987 = addcarryx_u32(x984, x850, x938);
uint32_t x989, uint8_t x990 = addcarryx_u32(x987, x853, x941);
uint32_t x992, uint8_t x993 = addcarryx_u32(x990, x856, x944);
uint32_t x995, uint8_t x996 = addcarryx_u32(x993, x859, x947);
uint32_t x998, uint8_t x999 = addcarryx_u32(x996, x861, x950);
uint32_t x1001, uint32_t x1002 = mulx_u32(x953, 0xffffffff);
uint32_t x1004, uint32_t x1005 = mulx_u32(x953, 0xffffffff);
uint32_t x1007, uint32_t x1008 = mulx_u32(x953, 0xffffffff);
uint32_t x1010, uint32_t x1011 = mulx_u32(x953, 0xffffffff);
uint32_t x1013, uint32_t x1014 = mulx_u32(x953, 0xffffffff);
uint32_t x1016, uint32_t x1017 = mulx_u32(x953, 0xffffffff);
uint32_t x1019, uint32_t x1020 = mulx_u32(x953, 0xffffffff);
uint32_t x1022, uint32_t x1023 = mulx_u32(x953, 0xfffeffff);
uint32_t x1025, uint32_t x1026 = mulx_u32(x953, 0xffffffff);
uint32_t x1028, uint32_t x1029 = mulx_u32(x953, 0xffffffff);
uint32_t x1031, uint32_t x1032 = mulx_u32(x953, 0xffffffff);
uint32_t x1034, uint32_t x1035 = mulx_u32(x953, 0xffffffff);
uint32_t x1037, uint32_t x1038 = mulx_u32(x953, 0xffffffff);
uint32_t x1040, uint32_t x1041 = mulx_u32(x953, 0xffffffff);
uint32_t x1043, uint32_t x1044 = mulx_u32(x953, 0xffffffff);
uint32_t x1046, uint8_t x1047 = addcarryx_u32(0x0, x1002, x1004);
uint32_t x1049, uint8_t x1050 = addcarryx_u32(x1047, x1005, x1007);
uint32_t x1052, uint8_t x1053 = addcarryx_u32(x1050, x1008, x1010);
uint32_t x1055, uint8_t x1056 = addcarryx_u32(x1053, x1011, x1013);
uint32_t x1058, uint8_t x1059 = addcarryx_u32(x1056, x1014, x1016);
uint32_t x1061, uint8_t x1062 = addcarryx_u32(x1059, x1017, x1019);
uint32_t x1064, uint8_t x1065 = addcarryx_u32(x1062, x1020, x1022);
uint32_t x1067, uint8_t x1068 = addcarryx_u32(x1065, x1023, x1025);
uint32_t x1070, uint8_t x1071 = addcarryx_u32(x1068, x1026, x1028);
uint32_t x1073, uint8_t x1074 = addcarryx_u32(x1071, x1029, x1031);
uint32_t x1076, uint8_t x1077 = addcarryx_u32(x1074, x1032, x1034);
uint32_t x1079, uint8_t x1080 = addcarryx_u32(x1077, x1035, x1037);
uint32_t x1082, uint8_t x1083 = addcarryx_u32(x1080, x1038, x1040);
uint32_t x1085, uint8_t x1086 = addcarryx_u32(x1083, x1041, x1043);
uint32_t x1088, uint8_t _ = addcarryx_u32(0x0, x1086, x1044);
uint32_t _, uint8_t x1092 = addcarryx_u32(0x0, x953, x1001);
uint32_t x1094, uint8_t x1095 = addcarryx_u32(x1092, x956, x1046);
uint32_t x1097, uint8_t x1098 = addcarryx_u32(x1095, x959, x1049);
uint32_t x1100, uint8_t x1101 = addcarryx_u32(x1098, x962, x1052);
uint32_t x1103, uint8_t x1104 = addcarryx_u32(x1101, x965, x1055);
uint32_t x1106, uint8_t x1107 = addcarryx_u32(x1104, x968, x1058);
uint32_t x1109, uint8_t x1110 = addcarryx_u32(x1107, x971, x1061);
uint32_t x1112, uint8_t x1113 = addcarryx_u32(x1110, x974, x1064);
uint32_t x1115, uint8_t x1116 = addcarryx_u32(x1113, x977, x1067);
uint32_t x1118, uint8_t x1119 = addcarryx_u32(x1116, x980, x1070);
uint32_t x1121, uint8_t x1122 = addcarryx_u32(x1119, x983, x1073);
uint32_t x1124, uint8_t x1125 = addcarryx_u32(x1122, x986, x1076);
uint32_t x1127, uint8_t x1128 = addcarryx_u32(x1125, x989, x1079);
uint32_t x1130, uint8_t x1131 = addcarryx_u32(x1128, x992, x1082);
uint32_t x1133, uint8_t x1134 = addcarryx_u32(x1131, x995, x1085);
uint32_t x1136, uint8_t x1137 = addcarryx_u32(x1134, x998, x1088);
uint8_t x1138 = (x1137 + x999);
uint32_t x1140, uint32_t x1141 = mulx_u32(x11, x31);
uint32_t x1143, uint32_t x1144 = mulx_u32(x11, x33);
uint32_t x1146, uint32_t x1147 = mulx_u32(x11, x35);
uint32_t x1149, uint32_t x1150 = mulx_u32(x11, x37);
uint32_t x1152, uint32_t x1153 = mulx_u32(x11, x39);
uint32_t x1155, uint32_t x1156 = mulx_u32(x11, x41);
uint32_t x1158, uint32_t x1159 = mulx_u32(x11, x43);
uint32_t x1161, uint32_t x1162 = mulx_u32(x11, x45);
uint32_t x1164, uint32_t x1165 = mulx_u32(x11, x47);
uint32_t x1167, uint32_t x1168 = mulx_u32(x11, x49);
uint32_t x1170, uint32_t x1171 = mulx_u32(x11, x51);
uint32_t x1173, uint32_t x1174 = mulx_u32(x11, x53);
uint32_t x1176, uint32_t x1177 = mulx_u32(x11, x55);
uint32_t x1179, uint32_t x1180 = mulx_u32(x11, x57);
uint32_t x1182, uint32_t x1183 = mulx_u32(x11, x56);
uint32_t x1185, uint8_t x1186 = addcarryx_u32(0x0, x1141, x1143);
uint32_t x1188, uint8_t x1189 = addcarryx_u32(x1186, x1144, x1146);
uint32_t x1191, uint8_t x1192 = addcarryx_u32(x1189, x1147, x1149);
uint32_t x1194, uint8_t x1195 = addcarryx_u32(x1192, x1150, x1152);
uint32_t x1197, uint8_t x1198 = addcarryx_u32(x1195, x1153, x1155);
uint32_t x1200, uint8_t x1201 = addcarryx_u32(x1198, x1156, x1158);
uint32_t x1203, uint8_t x1204 = addcarryx_u32(x1201, x1159, x1161);
uint32_t x1206, uint8_t x1207 = addcarryx_u32(x1204, x1162, x1164);
uint32_t x1209, uint8_t x1210 = addcarryx_u32(x1207, x1165, x1167);
uint32_t x1212, uint8_t x1213 = addcarryx_u32(x1210, x1168, x1170);
uint32_t x1215, uint8_t x1216 = addcarryx_u32(x1213, x1171, x1173);
uint32_t x1218, uint8_t x1219 = addcarryx_u32(x1216, x1174, x1176);
uint32_t x1221, uint8_t x1222 = addcarryx_u32(x1219, x1177, x1179);
uint32_t x1224, uint8_t x1225 = addcarryx_u32(x1222, x1180, x1182);
uint32_t x1227, uint8_t _ = addcarryx_u32(0x0, x1225, x1183);
uint32_t x1230, uint8_t x1231 = addcarryx_u32(0x0, x1094, x1140);
uint32_t x1233, uint8_t x1234 = addcarryx_u32(x1231, x1097, x1185);
uint32_t x1236, uint8_t x1237 = addcarryx_u32(x1234, x1100, x1188);
uint32_t x1239, uint8_t x1240 = addcarryx_u32(x1237, x1103, x1191);
uint32_t x1242, uint8_t x1243 = addcarryx_u32(x1240, x1106, x1194);
uint32_t x1245, uint8_t x1246 = addcarryx_u32(x1243, x1109, x1197);
uint32_t x1248, uint8_t x1249 = addcarryx_u32(x1246, x1112, x1200);
uint32_t x1251, uint8_t x1252 = addcarryx_u32(x1249, x1115, x1203);
uint32_t x1254, uint8_t x1255 = addcarryx_u32(x1252, x1118, x1206);
uint32_t x1257, uint8_t x1258 = addcarryx_u32(x1255, x1121, x1209);
uint32_t x1260, uint8_t x1261 = addcarryx_u32(x1258, x1124, x1212);
uint32_t x1263, uint8_t x1264 = addcarryx_u32(x1261, x1127, x1215);
uint32_t x1266, uint8_t x1267 = addcarryx_u32(x1264, x1130, x1218);
uint32_t x1269, uint8_t x1270 = addcarryx_u32(x1267, x1133, x1221);
uint32_t x1272, uint8_t x1273 = addcarryx_u32(x1270, x1136, x1224);
uint32_t x1275, uint8_t x1276 = addcarryx_u32(x1273, x1138, x1227);
uint32_t x1278, uint32_t x1279 = mulx_u32(x1230, 0xffffffff);
uint32_t x1281, uint32_t x1282 = mulx_u32(x1230, 0xffffffff);
uint32_t x1284, uint32_t x1285 = mulx_u32(x1230, 0xffffffff);
uint32_t x1287, uint32_t x1288 = mulx_u32(x1230, 0xffffffff);
uint32_t x1290, uint32_t x1291 = mulx_u32(x1230, 0xffffffff);
uint32_t x1293, uint32_t x1294 = mulx_u32(x1230, 0xffffffff);
uint32_t x1296, uint32_t x1297 = mulx_u32(x1230, 0xffffffff);
uint32_t x1299, uint32_t x1300 = mulx_u32(x1230, 0xfffeffff);
uint32_t x1302, uint32_t x1303 = mulx_u32(x1230, 0xffffffff);
uint32_t x1305, uint32_t x1306 = mulx_u32(x1230, 0xffffffff);
uint32_t x1308, uint32_t x1309 = mulx_u32(x1230, 0xffffffff);
uint32_t x1311, uint32_t x1312 = mulx_u32(x1230, 0xffffffff);
uint32_t x1314, uint32_t x1315 = mulx_u32(x1230, 0xffffffff);
uint32_t x1317, uint32_t x1318 = mulx_u32(x1230, 0xffffffff);
uint32_t x1320, uint32_t x1321 = mulx_u32(x1230, 0xffffffff);
uint32_t x1323, uint8_t x1324 = addcarryx_u32(0x0, x1279, x1281);
uint32_t x1326, uint8_t x1327 = addcarryx_u32(x1324, x1282, x1284);
uint32_t x1329, uint8_t x1330 = addcarryx_u32(x1327, x1285, x1287);
uint32_t x1332, uint8_t x1333 = addcarryx_u32(x1330, x1288, x1290);
uint32_t x1335, uint8_t x1336 = addcarryx_u32(x1333, x1291, x1293);
uint32_t x1338, uint8_t x1339 = addcarryx_u32(x1336, x1294, x1296);
uint32_t x1341, uint8_t x1342 = addcarryx_u32(x1339, x1297, x1299);
uint32_t x1344, uint8_t x1345 = addcarryx_u32(x1342, x1300, x1302);
uint32_t x1347, uint8_t x1348 = addcarryx_u32(x1345, x1303, x1305);
uint32_t x1350, uint8_t x1351 = addcarryx_u32(x1348, x1306, x1308);
uint32_t x1353, uint8_t x1354 = addcarryx_u32(x1351, x1309, x1311);
uint32_t x1356, uint8_t x1357 = addcarryx_u32(x1354, x1312, x1314);
uint32_t x1359, uint8_t x1360 = addcarryx_u32(x1357, x1315, x1317);
uint32_t x1362, uint8_t x1363 = addcarryx_u32(x1360, x1318, x1320);
uint32_t x1365, uint8_t _ = addcarryx_u32(0x0, x1363, x1321);
uint32_t _, uint8_t x1369 = addcarryx_u32(0x0, x1230, x1278);
uint32_t x1371, uint8_t x1372 = addcarryx_u32(x1369, x1233, x1323);
uint32_t x1374, uint8_t x1375 = addcarryx_u32(x1372, x1236, x1326);
uint32_t x1377, uint8_t x1378 = addcarryx_u32(x1375, x1239, x1329);
uint32_t x1380, uint8_t x1381 = addcarryx_u32(x1378, x1242, x1332);
uint32_t x1383, uint8_t x1384 = addcarryx_u32(x1381, x1245, x1335);
uint32_t x1386, uint8_t x1387 = addcarryx_u32(x1384, x1248, x1338);
uint32_t x1389, uint8_t x1390 = addcarryx_u32(x1387, x1251, x1341);
uint32_t x1392, uint8_t x1393 = addcarryx_u32(x1390, x1254, x1344);
uint32_t x1395, uint8_t x1396 = addcarryx_u32(x1393, x1257, x1347);
uint32_t x1398, uint8_t x1399 = addcarryx_u32(x1396, x1260, x1350);
uint32_t x1401, uint8_t x1402 = addcarryx_u32(x1399, x1263, x1353);
uint32_t x1404, uint8_t x1405 = addcarryx_u32(x1402, x1266, x1356);
uint32_t x1407, uint8_t x1408 = addcarryx_u32(x1405, x1269, x1359);
uint32_t x1410, uint8_t x1411 = addcarryx_u32(x1408, x1272, x1362);
uint32_t x1413, uint8_t x1414 = addcarryx_u32(x1411, x1275, x1365);
uint8_t x1415 = (x1414 + x1276);
uint32_t x1417, uint32_t x1418 = mulx_u32(x13, x31);
uint32_t x1420, uint32_t x1421 = mulx_u32(x13, x33);
uint32_t x1423, uint32_t x1424 = mulx_u32(x13, x35);
uint32_t x1426, uint32_t x1427 = mulx_u32(x13, x37);
uint32_t x1429, uint32_t x1430 = mulx_u32(x13, x39);
uint32_t x1432, uint32_t x1433 = mulx_u32(x13, x41);
uint32_t x1435, uint32_t x1436 = mulx_u32(x13, x43);
uint32_t x1438, uint32_t x1439 = mulx_u32(x13, x45);
uint32_t x1441, uint32_t x1442 = mulx_u32(x13, x47);
uint32_t x1444, uint32_t x1445 = mulx_u32(x13, x49);
uint32_t x1447, uint32_t x1448 = mulx_u32(x13, x51);
uint32_t x1450, uint32_t x1451 = mulx_u32(x13, x53);
uint32_t x1453, uint32_t x1454 = mulx_u32(x13, x55);
uint32_t x1456, uint32_t x1457 = mulx_u32(x13, x57);
uint32_t x1459, uint32_t x1460 = mulx_u32(x13, x56);
uint32_t x1462, uint8_t x1463 = addcarryx_u32(0x0, x1418, x1420);
uint32_t x1465, uint8_t x1466 = addcarryx_u32(x1463, x1421, x1423);
uint32_t x1468, uint8_t x1469 = addcarryx_u32(x1466, x1424, x1426);
uint32_t x1471, uint8_t x1472 = addcarryx_u32(x1469, x1427, x1429);
uint32_t x1474, uint8_t x1475 = addcarryx_u32(x1472, x1430, x1432);
uint32_t x1477, uint8_t x1478 = addcarryx_u32(x1475, x1433, x1435);
uint32_t x1480, uint8_t x1481 = addcarryx_u32(x1478, x1436, x1438);
uint32_t x1483, uint8_t x1484 = addcarryx_u32(x1481, x1439, x1441);
uint32_t x1486, uint8_t x1487 = addcarryx_u32(x1484, x1442, x1444);
uint32_t x1489, uint8_t x1490 = addcarryx_u32(x1487, x1445, x1447);
uint32_t x1492, uint8_t x1493 = addcarryx_u32(x1490, x1448, x1450);
uint32_t x1495, uint8_t x1496 = addcarryx_u32(x1493, x1451, x1453);
uint32_t x1498, uint8_t x1499 = addcarryx_u32(x1496, x1454, x1456);
uint32_t x1501, uint8_t x1502 = addcarryx_u32(x1499, x1457, x1459);
uint32_t x1504, uint8_t _ = addcarryx_u32(0x0, x1502, x1460);
uint32_t x1507, uint8_t x1508 = addcarryx_u32(0x0, x1371, x1417);
uint32_t x1510, uint8_t x1511 = addcarryx_u32(x1508, x1374, x1462);
uint32_t x1513, uint8_t x1514 = addcarryx_u32(x1511, x1377, x1465);
uint32_t x1516, uint8_t x1517 = addcarryx_u32(x1514, x1380, x1468);
uint32_t x1519, uint8_t x1520 = addcarryx_u32(x1517, x1383, x1471);
uint32_t x1522, uint8_t x1523 = addcarryx_u32(x1520, x1386, x1474);
uint32_t x1525, uint8_t x1526 = addcarryx_u32(x1523, x1389, x1477);
uint32_t x1528, uint8_t x1529 = addcarryx_u32(x1526, x1392, x1480);
uint32_t x1531, uint8_t x1532 = addcarryx_u32(x1529, x1395, x1483);
uint32_t x1534, uint8_t x1535 = addcarryx_u32(x1532, x1398, x1486);
uint32_t x1537, uint8_t x1538 = addcarryx_u32(x1535, x1401, x1489);
uint32_t x1540, uint8_t x1541 = addcarryx_u32(x1538, x1404, x1492);
uint32_t x1543, uint8_t x1544 = addcarryx_u32(x1541, x1407, x1495);
uint32_t x1546, uint8_t x1547 = addcarryx_u32(x1544, x1410, x1498);
uint32_t x1549, uint8_t x1550 = addcarryx_u32(x1547, x1413, x1501);
uint32_t x1552, uint8_t x1553 = addcarryx_u32(x1550, x1415, x1504);
uint32_t x1555, uint32_t x1556 = mulx_u32(x1507, 0xffffffff);
uint32_t x1558, uint32_t x1559 = mulx_u32(x1507, 0xffffffff);
uint32_t x1561, uint32_t x1562 = mulx_u32(x1507, 0xffffffff);
uint32_t x1564, uint32_t x1565 = mulx_u32(x1507, 0xffffffff);
uint32_t x1567, uint32_t x1568 = mulx_u32(x1507, 0xffffffff);
uint32_t x1570, uint32_t x1571 = mulx_u32(x1507, 0xffffffff);
uint32_t x1573, uint32_t x1574 = mulx_u32(x1507, 0xffffffff);
uint32_t x1576, uint32_t x1577 = mulx_u32(x1507, 0xfffeffff);
uint32_t x1579, uint32_t x1580 = mulx_u32(x1507, 0xffffffff);
uint32_t x1582, uint32_t x1583 = mulx_u32(x1507, 0xffffffff);
uint32_t x1585, uint32_t x1586 = mulx_u32(x1507, 0xffffffff);
uint32_t x1588, uint32_t x1589 = mulx_u32(x1507, 0xffffffff);
uint32_t x1591, uint32_t x1592 = mulx_u32(x1507, 0xffffffff);
uint32_t x1594, uint32_t x1595 = mulx_u32(x1507, 0xffffffff);
uint32_t x1597, uint32_t x1598 = mulx_u32(x1507, 0xffffffff);
uint32_t x1600, uint8_t x1601 = addcarryx_u32(0x0, x1556, x1558);
uint32_t x1603, uint8_t x1604 = addcarryx_u32(x1601, x1559, x1561);
uint32_t x1606, uint8_t x1607 = addcarryx_u32(x1604, x1562, x1564);
uint32_t x1609, uint8_t x1610 = addcarryx_u32(x1607, x1565, x1567);
uint32_t x1612, uint8_t x1613 = addcarryx_u32(x1610, x1568, x1570);
uint32_t x1615, uint8_t x1616 = addcarryx_u32(x1613, x1571, x1573);
uint32_t x1618, uint8_t x1619 = addcarryx_u32(x1616, x1574, x1576);
uint32_t x1621, uint8_t x1622 = addcarryx_u32(x1619, x1577, x1579);
uint32_t x1624, uint8_t x1625 = addcarryx_u32(x1622, x1580, x1582);
uint32_t x1627, uint8_t x1628 = addcarryx_u32(x1625, x1583, x1585);
uint32_t x1630, uint8_t x1631 = addcarryx_u32(x1628, x1586, x1588);
uint32_t x1633, uint8_t x1634 = addcarryx_u32(x1631, x1589, x1591);
uint32_t x1636, uint8_t x1637 = addcarryx_u32(x1634, x1592, x1594);
uint32_t x1639, uint8_t x1640 = addcarryx_u32(x1637, x1595, x1597);
uint32_t x1642, uint8_t _ = addcarryx_u32(0x0, x1640, x1598);
uint32_t _, uint8_t x1646 = addcarryx_u32(0x0, x1507, x1555);
uint32_t x1648, uint8_t x1649 = addcarryx_u32(x1646, x1510, x1600);
uint32_t x1651, uint8_t x1652 = addcarryx_u32(x1649, x1513, x1603);
uint32_t x1654, uint8_t x1655 = addcarryx_u32(x1652, x1516, x1606);
uint32_t x1657, uint8_t x1658 = addcarryx_u32(x1655, x1519, x1609);
uint32_t x1660, uint8_t x1661 = addcarryx_u32(x1658, x1522, x1612);
uint32_t x1663, uint8_t x1664 = addcarryx_u32(x1661, x1525, x1615);
uint32_t x1666, uint8_t x1667 = addcarryx_u32(x1664, x1528, x1618);
uint32_t x1669, uint8_t x1670 = addcarryx_u32(x1667, x1531, x1621);
uint32_t x1672, uint8_t x1673 = addcarryx_u32(x1670, x1534, x1624);
uint32_t x1675, uint8_t x1676 = addcarryx_u32(x1673, x1537, x1627);
uint32_t x1678, uint8_t x1679 = addcarryx_u32(x1676, x1540, x1630);
uint32_t x1681, uint8_t x1682 = addcarryx_u32(x1679, x1543, x1633);
uint32_t x1684, uint8_t x1685 = addcarryx_u32(x1682, x1546, x1636);
uint32_t x1687, uint8_t x1688 = addcarryx_u32(x1685, x1549, x1639);
uint32_t x1690, uint8_t x1691 = addcarryx_u32(x1688, x1552, x1642);
uint8_t x1692 = (x1691 + x1553);
uint32_t x1694, uint32_t x1695 = mulx_u32(x15, x31);
uint32_t x1697, uint32_t x1698 = mulx_u32(x15, x33);
uint32_t x1700, uint32_t x1701 = mulx_u32(x15, x35);
uint32_t x1703, uint32_t x1704 = mulx_u32(x15, x37);
uint32_t x1706, uint32_t x1707 = mulx_u32(x15, x39);
uint32_t x1709, uint32_t x1710 = mulx_u32(x15, x41);
uint32_t x1712, uint32_t x1713 = mulx_u32(x15, x43);
uint32_t x1715, uint32_t x1716 = mulx_u32(x15, x45);
uint32_t x1718, uint32_t x1719 = mulx_u32(x15, x47);
uint32_t x1721, uint32_t x1722 = mulx_u32(x15, x49);
uint32_t x1724, uint32_t x1725 = mulx_u32(x15, x51);
uint32_t x1727, uint32_t x1728 = mulx_u32(x15, x53);
uint32_t x1730, uint32_t x1731 = mulx_u32(x15, x55);
uint32_t x1733, uint32_t x1734 = mulx_u32(x15, x57);
uint32_t x1736, uint32_t x1737 = mulx_u32(x15, x56);
uint32_t x1739, uint8_t x1740 = addcarryx_u32(0x0, x1695, x1697);
uint32_t x1742, uint8_t x1743 = addcarryx_u32(x1740, x1698, x1700);
uint32_t x1745, uint8_t x1746 = addcarryx_u32(x1743, x1701, x1703);
uint32_t x1748, uint8_t x1749 = addcarryx_u32(x1746, x1704, x1706);
uint32_t x1751, uint8_t x1752 = addcarryx_u32(x1749, x1707, x1709);
uint32_t x1754, uint8_t x1755 = addcarryx_u32(x1752, x1710, x1712);
uint32_t x1757, uint8_t x1758 = addcarryx_u32(x1755, x1713, x1715);
uint32_t x1760, uint8_t x1761 = addcarryx_u32(x1758, x1716, x1718);
uint32_t x1763, uint8_t x1764 = addcarryx_u32(x1761, x1719, x1721);
uint32_t x1766, uint8_t x1767 = addcarryx_u32(x1764, x1722, x1724);
uint32_t x1769, uint8_t x1770 = addcarryx_u32(x1767, x1725, x1727);
uint32_t x1772, uint8_t x1773 = addcarryx_u32(x1770, x1728, x1730);
uint32_t x1775, uint8_t x1776 = addcarryx_u32(x1773, x1731, x1733);
uint32_t x1778, uint8_t x1779 = addcarryx_u32(x1776, x1734, x1736);
uint32_t x1781, uint8_t _ = addcarryx_u32(0x0, x1779, x1737);
uint32_t x1784, uint8_t x1785 = addcarryx_u32(0x0, x1648, x1694);
uint32_t x1787, uint8_t x1788 = addcarryx_u32(x1785, x1651, x1739);
uint32_t x1790, uint8_t x1791 = addcarryx_u32(x1788, x1654, x1742);
uint32_t x1793, uint8_t x1794 = addcarryx_u32(x1791, x1657, x1745);
uint32_t x1796, uint8_t x1797 = addcarryx_u32(x1794, x1660, x1748);
uint32_t x1799, uint8_t x1800 = addcarryx_u32(x1797, x1663, x1751);
uint32_t x1802, uint8_t x1803 = addcarryx_u32(x1800, x1666, x1754);
uint32_t x1805, uint8_t x1806 = addcarryx_u32(x1803, x1669, x1757);
uint32_t x1808, uint8_t x1809 = addcarryx_u32(x1806, x1672, x1760);
uint32_t x1811, uint8_t x1812 = addcarryx_u32(x1809, x1675, x1763);
uint32_t x1814, uint8_t x1815 = addcarryx_u32(x1812, x1678, x1766);
uint32_t x1817, uint8_t x1818 = addcarryx_u32(x1815, x1681, x1769);
uint32_t x1820, uint8_t x1821 = addcarryx_u32(x1818, x1684, x1772);
uint32_t x1823, uint8_t x1824 = addcarryx_u32(x1821, x1687, x1775);
uint32_t x1826, uint8_t x1827 = addcarryx_u32(x1824, x1690, x1778);
uint32_t x1829, uint8_t x1830 = addcarryx_u32(x1827, x1692, x1781);
uint32_t x1832, uint32_t x1833 = mulx_u32(x1784, 0xffffffff);
uint32_t x1835, uint32_t x1836 = mulx_u32(x1784, 0xffffffff);
uint32_t x1838, uint32_t x1839 = mulx_u32(x1784, 0xffffffff);
uint32_t x1841, uint32_t x1842 = mulx_u32(x1784, 0xffffffff);
uint32_t x1844, uint32_t x1845 = mulx_u32(x1784, 0xffffffff);
uint32_t x1847, uint32_t x1848 = mulx_u32(x1784, 0xffffffff);
uint32_t x1850, uint32_t x1851 = mulx_u32(x1784, 0xffffffff);
uint32_t x1853, uint32_t x1854 = mulx_u32(x1784, 0xfffeffff);
uint32_t x1856, uint32_t x1857 = mulx_u32(x1784, 0xffffffff);
uint32_t x1859, uint32_t x1860 = mulx_u32(x1784, 0xffffffff);
uint32_t x1862, uint32_t x1863 = mulx_u32(x1784, 0xffffffff);
uint32_t x1865, uint32_t x1866 = mulx_u32(x1784, 0xffffffff);
uint32_t x1868, uint32_t x1869 = mulx_u32(x1784, 0xffffffff);
uint32_t x1871, uint32_t x1872 = mulx_u32(x1784, 0xffffffff);
uint32_t x1874, uint32_t x1875 = mulx_u32(x1784, 0xffffffff);
uint32_t x1877, uint8_t x1878 = addcarryx_u32(0x0, x1833, x1835);
uint32_t x1880, uint8_t x1881 = addcarryx_u32(x1878, x1836, x1838);
uint32_t x1883, uint8_t x1884 = addcarryx_u32(x1881, x1839, x1841);
uint32_t x1886, uint8_t x1887 = addcarryx_u32(x1884, x1842, x1844);
uint32_t x1889, uint8_t x1890 = addcarryx_u32(x1887, x1845, x1847);
uint32_t x1892, uint8_t x1893 = addcarryx_u32(x1890, x1848, x1850);
uint32_t x1895, uint8_t x1896 = addcarryx_u32(x1893, x1851, x1853);
uint32_t x1898, uint8_t x1899 = addcarryx_u32(x1896, x1854, x1856);
uint32_t x1901, uint8_t x1902 = addcarryx_u32(x1899, x1857, x1859);
uint32_t x1904, uint8_t x1905 = addcarryx_u32(x1902, x1860, x1862);
uint32_t x1907, uint8_t x1908 = addcarryx_u32(x1905, x1863, x1865);
uint32_t x1910, uint8_t x1911 = addcarryx_u32(x1908, x1866, x1868);
uint32_t x1913, uint8_t x1914 = addcarryx_u32(x1911, x1869, x1871);
uint32_t x1916, uint8_t x1917 = addcarryx_u32(x1914, x1872, x1874);
uint32_t x1919, uint8_t _ = addcarryx_u32(0x0, x1917, x1875);
uint32_t _, uint8_t x1923 = addcarryx_u32(0x0, x1784, x1832);
uint32_t x1925, uint8_t x1926 = addcarryx_u32(x1923, x1787, x1877);
uint32_t x1928, uint8_t x1929 = addcarryx_u32(x1926, x1790, x1880);
uint32_t x1931, uint8_t x1932 = addcarryx_u32(x1929, x1793, x1883);
uint32_t x1934, uint8_t x1935 = addcarryx_u32(x1932, x1796, x1886);
uint32_t x1937, uint8_t x1938 = addcarryx_u32(x1935, x1799, x1889);
uint32_t x1940, uint8_t x1941 = addcarryx_u32(x1938, x1802, x1892);
uint32_t x1943, uint8_t x1944 = addcarryx_u32(x1941, x1805, x1895);
uint32_t x1946, uint8_t x1947 = addcarryx_u32(x1944, x1808, x1898);
uint32_t x1949, uint8_t x1950 = addcarryx_u32(x1947, x1811, x1901);
uint32_t x1952, uint8_t x1953 = addcarryx_u32(x1950, x1814, x1904);
uint32_t x1955, uint8_t x1956 = addcarryx_u32(x1953, x1817, x1907);
uint32_t x1958, uint8_t x1959 = addcarryx_u32(x1956, x1820, x1910);
uint32_t x1961, uint8_t x1962 = addcarryx_u32(x1959, x1823, x1913);
uint32_t x1964, uint8_t x1965 = addcarryx_u32(x1962, x1826, x1916);
uint32_t x1967, uint8_t x1968 = addcarryx_u32(x1965, x1829, x1919);
uint8_t x1969 = (x1968 + x1830);
uint32_t x1971, uint32_t x1972 = mulx_u32(x17, x31);
uint32_t x1974, uint32_t x1975 = mulx_u32(x17, x33);
uint32_t x1977, uint32_t x1978 = mulx_u32(x17, x35);
uint32_t x1980, uint32_t x1981 = mulx_u32(x17, x37);
uint32_t x1983, uint32_t x1984 = mulx_u32(x17, x39);
uint32_t x1986, uint32_t x1987 = mulx_u32(x17, x41);
uint32_t x1989, uint32_t x1990 = mulx_u32(x17, x43);
uint32_t x1992, uint32_t x1993 = mulx_u32(x17, x45);
uint32_t x1995, uint32_t x1996 = mulx_u32(x17, x47);
uint32_t x1998, uint32_t x1999 = mulx_u32(x17, x49);
uint32_t x2001, uint32_t x2002 = mulx_u32(x17, x51);
uint32_t x2004, uint32_t x2005 = mulx_u32(x17, x53);
uint32_t x2007, uint32_t x2008 = mulx_u32(x17, x55);
uint32_t x2010, uint32_t x2011 = mulx_u32(x17, x57);
uint32_t x2013, uint32_t x2014 = mulx_u32(x17, x56);
uint32_t x2016, uint8_t x2017 = addcarryx_u32(0x0, x1972, x1974);
uint32_t x2019, uint8_t x2020 = addcarryx_u32(x2017, x1975, x1977);
uint32_t x2022, uint8_t x2023 = addcarryx_u32(x2020, x1978, x1980);
uint32_t x2025, uint8_t x2026 = addcarryx_u32(x2023, x1981, x1983);
uint32_t x2028, uint8_t x2029 = addcarryx_u32(x2026, x1984, x1986);
uint32_t x2031, uint8_t x2032 = addcarryx_u32(x2029, x1987, x1989);
uint32_t x2034, uint8_t x2035 = addcarryx_u32(x2032, x1990, x1992);
uint32_t x2037, uint8_t x2038 = addcarryx_u32(x2035, x1993, x1995);
uint32_t x2040, uint8_t x2041 = addcarryx_u32(x2038, x1996, x1998);
uint32_t x2043, uint8_t x2044 = addcarryx_u32(x2041, x1999, x2001);
uint32_t x2046, uint8_t x2047 = addcarryx_u32(x2044, x2002, x2004);
uint32_t x2049, uint8_t x2050 = addcarryx_u32(x2047, x2005, x2007);
uint32_t x2052, uint8_t x2053 = addcarryx_u32(x2050, x2008, x2010);
uint32_t x2055, uint8_t x2056 = addcarryx_u32(x2053, x2011, x2013);
uint32_t x2058, uint8_t _ = addcarryx_u32(0x0, x2056, x2014);
uint32_t x2061, uint8_t x2062 = addcarryx_u32(0x0, x1925, x1971);
uint32_t x2064, uint8_t x2065 = addcarryx_u32(x2062, x1928, x2016);
uint32_t x2067, uint8_t x2068 = addcarryx_u32(x2065, x1931, x2019);
uint32_t x2070, uint8_t x2071 = addcarryx_u32(x2068, x1934, x2022);
uint32_t x2073, uint8_t x2074 = addcarryx_u32(x2071, x1937, x2025);
uint32_t x2076, uint8_t x2077 = addcarryx_u32(x2074, x1940, x2028);
uint32_t x2079, uint8_t x2080 = addcarryx_u32(x2077, x1943, x2031);
uint32_t x2082, uint8_t x2083 = addcarryx_u32(x2080, x1946, x2034);
uint32_t x2085, uint8_t x2086 = addcarryx_u32(x2083, x1949, x2037);
uint32_t x2088, uint8_t x2089 = addcarryx_u32(x2086, x1952, x2040);
uint32_t x2091, uint8_t x2092 = addcarryx_u32(x2089, x1955, x2043);
uint32_t x2094, uint8_t x2095 = addcarryx_u32(x2092, x1958, x2046);
uint32_t x2097, uint8_t x2098 = addcarryx_u32(x2095, x1961, x2049);
uint32_t x2100, uint8_t x2101 = addcarryx_u32(x2098, x1964, x2052);
uint32_t x2103, uint8_t x2104 = addcarryx_u32(x2101, x1967, x2055);
uint32_t x2106, uint8_t x2107 = addcarryx_u32(x2104, x1969, x2058);
uint32_t x2109, uint32_t x2110 = mulx_u32(x2061, 0xffffffff);
uint32_t x2112, uint32_t x2113 = mulx_u32(x2061, 0xffffffff);
uint32_t x2115, uint32_t x2116 = mulx_u32(x2061, 0xffffffff);
uint32_t x2118, uint32_t x2119 = mulx_u32(x2061, 0xffffffff);
uint32_t x2121, uint32_t x2122 = mulx_u32(x2061, 0xffffffff);
uint32_t x2124, uint32_t x2125 = mulx_u32(x2061, 0xffffffff);
uint32_t x2127, uint32_t x2128 = mulx_u32(x2061, 0xffffffff);
uint32_t x2130, uint32_t x2131 = mulx_u32(x2061, 0xfffeffff);
uint32_t x2133, uint32_t x2134 = mulx_u32(x2061, 0xffffffff);
uint32_t x2136, uint32_t x2137 = mulx_u32(x2061, 0xffffffff);
uint32_t x2139, uint32_t x2140 = mulx_u32(x2061, 0xffffffff);
uint32_t x2142, uint32_t x2143 = mulx_u32(x2061, 0xffffffff);
uint32_t x2145, uint32_t x2146 = mulx_u32(x2061, 0xffffffff);
uint32_t x2148, uint32_t x2149 = mulx_u32(x2061, 0xffffffff);
uint32_t x2151, uint32_t x2152 = mulx_u32(x2061, 0xffffffff);
uint32_t x2154, uint8_t x2155 = addcarryx_u32(0x0, x2110, x2112);
uint32_t x2157, uint8_t x2158 = addcarryx_u32(x2155, x2113, x2115);
uint32_t x2160, uint8_t x2161 = addcarryx_u32(x2158, x2116, x2118);
uint32_t x2163, uint8_t x2164 = addcarryx_u32(x2161, x2119, x2121);
uint32_t x2166, uint8_t x2167 = addcarryx_u32(x2164, x2122, x2124);
uint32_t x2169, uint8_t x2170 = addcarryx_u32(x2167, x2125, x2127);
uint32_t x2172, uint8_t x2173 = addcarryx_u32(x2170, x2128, x2130);
uint32_t x2175, uint8_t x2176 = addcarryx_u32(x2173, x2131, x2133);
uint32_t x2178, uint8_t x2179 = addcarryx_u32(x2176, x2134, x2136);
uint32_t x2181, uint8_t x2182 = addcarryx_u32(x2179, x2137, x2139);
uint32_t x2184, uint8_t x2185 = addcarryx_u32(x2182, x2140, x2142);
uint32_t x2187, uint8_t x2188 = addcarryx_u32(x2185, x2143, x2145);
uint32_t x2190, uint8_t x2191 = addcarryx_u32(x2188, x2146, x2148);
uint32_t x2193, uint8_t x2194 = addcarryx_u32(x2191, x2149, x2151);
uint32_t x2196, uint8_t _ = addcarryx_u32(0x0, x2194, x2152);
uint32_t _, uint8_t x2200 = addcarryx_u32(0x0, x2061, x2109);
uint32_t x2202, uint8_t x2203 = addcarryx_u32(x2200, x2064, x2154);
uint32_t x2205, uint8_t x2206 = addcarryx_u32(x2203, x2067, x2157);
uint32_t x2208, uint8_t x2209 = addcarryx_u32(x2206, x2070, x2160);
uint32_t x2211, uint8_t x2212 = addcarryx_u32(x2209, x2073, x2163);
uint32_t x2214, uint8_t x2215 = addcarryx_u32(x2212, x2076, x2166);
uint32_t x2217, uint8_t x2218 = addcarryx_u32(x2215, x2079, x2169);
uint32_t x2220, uint8_t x2221 = addcarryx_u32(x2218, x2082, x2172);
uint32_t x2223, uint8_t x2224 = addcarryx_u32(x2221, x2085, x2175);
uint32_t x2226, uint8_t x2227 = addcarryx_u32(x2224, x2088, x2178);
uint32_t x2229, uint8_t x2230 = addcarryx_u32(x2227, x2091, x2181);
uint32_t x2232, uint8_t x2233 = addcarryx_u32(x2230, x2094, x2184);
uint32_t x2235, uint8_t x2236 = addcarryx_u32(x2233, x2097, x2187);
uint32_t x2238, uint8_t x2239 = addcarryx_u32(x2236, x2100, x2190);
uint32_t x2241, uint8_t x2242 = addcarryx_u32(x2239, x2103, x2193);
uint32_t x2244, uint8_t x2245 = addcarryx_u32(x2242, x2106, x2196);
uint8_t x2246 = (x2245 + x2107);
uint32_t x2248, uint32_t x2249 = mulx_u32(x19, x31);
uint32_t x2251, uint32_t x2252 = mulx_u32(x19, x33);
uint32_t x2254, uint32_t x2255 = mulx_u32(x19, x35);
uint32_t x2257, uint32_t x2258 = mulx_u32(x19, x37);
uint32_t x2260, uint32_t x2261 = mulx_u32(x19, x39);
uint32_t x2263, uint32_t x2264 = mulx_u32(x19, x41);
uint32_t x2266, uint32_t x2267 = mulx_u32(x19, x43);
uint32_t x2269, uint32_t x2270 = mulx_u32(x19, x45);
uint32_t x2272, uint32_t x2273 = mulx_u32(x19, x47);
uint32_t x2275, uint32_t x2276 = mulx_u32(x19, x49);
uint32_t x2278, uint32_t x2279 = mulx_u32(x19, x51);
uint32_t x2281, uint32_t x2282 = mulx_u32(x19, x53);
uint32_t x2284, uint32_t x2285 = mulx_u32(x19, x55);
uint32_t x2287, uint32_t x2288 = mulx_u32(x19, x57);
uint32_t x2290, uint32_t x2291 = mulx_u32(x19, x56);
uint32_t x2293, uint8_t x2294 = addcarryx_u32(0x0, x2249, x2251);
uint32_t x2296, uint8_t x2297 = addcarryx_u32(x2294, x2252, x2254);
uint32_t x2299, uint8_t x2300 = addcarryx_u32(x2297, x2255, x2257);
uint32_t x2302, uint8_t x2303 = addcarryx_u32(x2300, x2258, x2260);
uint32_t x2305, uint8_t x2306 = addcarryx_u32(x2303, x2261, x2263);
uint32_t x2308, uint8_t x2309 = addcarryx_u32(x2306, x2264, x2266);
uint32_t x2311, uint8_t x2312 = addcarryx_u32(x2309, x2267, x2269);
uint32_t x2314, uint8_t x2315 = addcarryx_u32(x2312, x2270, x2272);
uint32_t x2317, uint8_t x2318 = addcarryx_u32(x2315, x2273, x2275);
uint32_t x2320, uint8_t x2321 = addcarryx_u32(x2318, x2276, x2278);
uint32_t x2323, uint8_t x2324 = addcarryx_u32(x2321, x2279, x2281);
uint32_t x2326, uint8_t x2327 = addcarryx_u32(x2324, x2282, x2284);
uint32_t x2329, uint8_t x2330 = addcarryx_u32(x2327, x2285, x2287);
uint32_t x2332, uint8_t x2333 = addcarryx_u32(x2330, x2288, x2290);
uint32_t x2335, uint8_t _ = addcarryx_u32(0x0, x2333, x2291);
uint32_t x2338, uint8_t x2339 = addcarryx_u32(0x0, x2202, x2248);
uint32_t x2341, uint8_t x2342 = addcarryx_u32(x2339, x2205, x2293);
uint32_t x2344, uint8_t x2345 = addcarryx_u32(x2342, x2208, x2296);
uint32_t x2347, uint8_t x2348 = addcarryx_u32(x2345, x2211, x2299);
uint32_t x2350, uint8_t x2351 = addcarryx_u32(x2348, x2214, x2302);
uint32_t x2353, uint8_t x2354 = addcarryx_u32(x2351, x2217, x2305);
uint32_t x2356, uint8_t x2357 = addcarryx_u32(x2354, x2220, x2308);
uint32_t x2359, uint8_t x2360 = addcarryx_u32(x2357, x2223, x2311);
uint32_t x2362, uint8_t x2363 = addcarryx_u32(x2360, x2226, x2314);
uint32_t x2365, uint8_t x2366 = addcarryx_u32(x2363, x2229, x2317);
uint32_t x2368, uint8_t x2369 = addcarryx_u32(x2366, x2232, x2320);
uint32_t x2371, uint8_t x2372 = addcarryx_u32(x2369, x2235, x2323);
uint32_t x2374, uint8_t x2375 = addcarryx_u32(x2372, x2238, x2326);
uint32_t x2377, uint8_t x2378 = addcarryx_u32(x2375, x2241, x2329);
uint32_t x2380, uint8_t x2381 = addcarryx_u32(x2378, x2244, x2332);
uint32_t x2383, uint8_t x2384 = addcarryx_u32(x2381, x2246, x2335);
uint32_t x2386, uint32_t x2387 = mulx_u32(x2338, 0xffffffff);
uint32_t x2389, uint32_t x2390 = mulx_u32(x2338, 0xffffffff);
uint32_t x2392, uint32_t x2393 = mulx_u32(x2338, 0xffffffff);
uint32_t x2395, uint32_t x2396 = mulx_u32(x2338, 0xffffffff);
uint32_t x2398, uint32_t x2399 = mulx_u32(x2338, 0xffffffff);
uint32_t x2401, uint32_t x2402 = mulx_u32(x2338, 0xffffffff);
uint32_t x2404, uint32_t x2405 = mulx_u32(x2338, 0xffffffff);
uint32_t x2407, uint32_t x2408 = mulx_u32(x2338, 0xfffeffff);
uint32_t x2410, uint32_t x2411 = mulx_u32(x2338, 0xffffffff);
uint32_t x2413, uint32_t x2414 = mulx_u32(x2338, 0xffffffff);
uint32_t x2416, uint32_t x2417 = mulx_u32(x2338, 0xffffffff);
uint32_t x2419, uint32_t x2420 = mulx_u32(x2338, 0xffffffff);
uint32_t x2422, uint32_t x2423 = mulx_u32(x2338, 0xffffffff);
uint32_t x2425, uint32_t x2426 = mulx_u32(x2338, 0xffffffff);
uint32_t x2428, uint32_t x2429 = mulx_u32(x2338, 0xffffffff);
uint32_t x2431, uint8_t x2432 = addcarryx_u32(0x0, x2387, x2389);
uint32_t x2434, uint8_t x2435 = addcarryx_u32(x2432, x2390, x2392);
uint32_t x2437, uint8_t x2438 = addcarryx_u32(x2435, x2393, x2395);
uint32_t x2440, uint8_t x2441 = addcarryx_u32(x2438, x2396, x2398);
uint32_t x2443, uint8_t x2444 = addcarryx_u32(x2441, x2399, x2401);
uint32_t x2446, uint8_t x2447 = addcarryx_u32(x2444, x2402, x2404);
uint32_t x2449, uint8_t x2450 = addcarryx_u32(x2447, x2405, x2407);
uint32_t x2452, uint8_t x2453 = addcarryx_u32(x2450, x2408, x2410);
uint32_t x2455, uint8_t x2456 = addcarryx_u32(x2453, x2411, x2413);
uint32_t x2458, uint8_t x2459 = addcarryx_u32(x2456, x2414, x2416);
uint32_t x2461, uint8_t x2462 = addcarryx_u32(x2459, x2417, x2419);
uint32_t x2464, uint8_t x2465 = addcarryx_u32(x2462, x2420, x2422);
uint32_t x2467, uint8_t x2468 = addcarryx_u32(x2465, x2423, x2425);
uint32_t x2470, uint8_t x2471 = addcarryx_u32(x2468, x2426, x2428);
uint32_t x2473, uint8_t _ = addcarryx_u32(0x0, x2471, x2429);
uint32_t _, uint8_t x2477 = addcarryx_u32(0x0, x2338, x2386);
uint32_t x2479, uint8_t x2480 = addcarryx_u32(x2477, x2341, x2431);
uint32_t x2482, uint8_t x2483 = addcarryx_u32(x2480, x2344, x2434);
uint32_t x2485, uint8_t x2486 = addcarryx_u32(x2483, x2347, x2437);
uint32_t x2488, uint8_t x2489 = addcarryx_u32(x2486, x2350, x2440);
uint32_t x2491, uint8_t x2492 = addcarryx_u32(x2489, x2353, x2443);
uint32_t x2494, uint8_t x2495 = addcarryx_u32(x2492, x2356, x2446);
uint32_t x2497, uint8_t x2498 = addcarryx_u32(x2495, x2359, x2449);
uint32_t x2500, uint8_t x2501 = addcarryx_u32(x2498, x2362, x2452);
uint32_t x2503, uint8_t x2504 = addcarryx_u32(x2501, x2365, x2455);
uint32_t x2506, uint8_t x2507 = addcarryx_u32(x2504, x2368, x2458);
uint32_t x2509, uint8_t x2510 = addcarryx_u32(x2507, x2371, x2461);
uint32_t x2512, uint8_t x2513 = addcarryx_u32(x2510, x2374, x2464);
uint32_t x2515, uint8_t x2516 = addcarryx_u32(x2513, x2377, x2467);
uint32_t x2518, uint8_t x2519 = addcarryx_u32(x2516, x2380, x2470);
uint32_t x2521, uint8_t x2522 = addcarryx_u32(x2519, x2383, x2473);
uint8_t x2523 = (x2522 + x2384);
uint32_t x2525, uint32_t x2526 = mulx_u32(x21, x31);
uint32_t x2528, uint32_t x2529 = mulx_u32(x21, x33);
uint32_t x2531, uint32_t x2532 = mulx_u32(x21, x35);
uint32_t x2534, uint32_t x2535 = mulx_u32(x21, x37);
uint32_t x2537, uint32_t x2538 = mulx_u32(x21, x39);
uint32_t x2540, uint32_t x2541 = mulx_u32(x21, x41);
uint32_t x2543, uint32_t x2544 = mulx_u32(x21, x43);
uint32_t x2546, uint32_t x2547 = mulx_u32(x21, x45);
uint32_t x2549, uint32_t x2550 = mulx_u32(x21, x47);
uint32_t x2552, uint32_t x2553 = mulx_u32(x21, x49);
uint32_t x2555, uint32_t x2556 = mulx_u32(x21, x51);
uint32_t x2558, uint32_t x2559 = mulx_u32(x21, x53);
uint32_t x2561, uint32_t x2562 = mulx_u32(x21, x55);
uint32_t x2564, uint32_t x2565 = mulx_u32(x21, x57);
uint32_t x2567, uint32_t x2568 = mulx_u32(x21, x56);
uint32_t x2570, uint8_t x2571 = addcarryx_u32(0x0, x2526, x2528);
uint32_t x2573, uint8_t x2574 = addcarryx_u32(x2571, x2529, x2531);
uint32_t x2576, uint8_t x2577 = addcarryx_u32(x2574, x2532, x2534);
uint32_t x2579, uint8_t x2580 = addcarryx_u32(x2577, x2535, x2537);
uint32_t x2582, uint8_t x2583 = addcarryx_u32(x2580, x2538, x2540);
uint32_t x2585, uint8_t x2586 = addcarryx_u32(x2583, x2541, x2543);
uint32_t x2588, uint8_t x2589 = addcarryx_u32(x2586, x2544, x2546);
uint32_t x2591, uint8_t x2592 = addcarryx_u32(x2589, x2547, x2549);
uint32_t x2594, uint8_t x2595 = addcarryx_u32(x2592, x2550, x2552);
uint32_t x2597, uint8_t x2598 = addcarryx_u32(x2595, x2553, x2555);
uint32_t x2600, uint8_t x2601 = addcarryx_u32(x2598, x2556, x2558);
uint32_t x2603, uint8_t x2604 = addcarryx_u32(x2601, x2559, x2561);
uint32_t x2606, uint8_t x2607 = addcarryx_u32(x2604, x2562, x2564);
uint32_t x2609, uint8_t x2610 = addcarryx_u32(x2607, x2565, x2567);
uint32_t x2612, uint8_t _ = addcarryx_u32(0x0, x2610, x2568);
uint32_t x2615, uint8_t x2616 = addcarryx_u32(0x0, x2479, x2525);
uint32_t x2618, uint8_t x2619 = addcarryx_u32(x2616, x2482, x2570);
uint32_t x2621, uint8_t x2622 = addcarryx_u32(x2619, x2485, x2573);
uint32_t x2624, uint8_t x2625 = addcarryx_u32(x2622, x2488, x2576);
uint32_t x2627, uint8_t x2628 = addcarryx_u32(x2625, x2491, x2579);
uint32_t x2630, uint8_t x2631 = addcarryx_u32(x2628, x2494, x2582);
uint32_t x2633, uint8_t x2634 = addcarryx_u32(x2631, x2497, x2585);
uint32_t x2636, uint8_t x2637 = addcarryx_u32(x2634, x2500, x2588);
uint32_t x2639, uint8_t x2640 = addcarryx_u32(x2637, x2503, x2591);
uint32_t x2642, uint8_t x2643 = addcarryx_u32(x2640, x2506, x2594);
uint32_t x2645, uint8_t x2646 = addcarryx_u32(x2643, x2509, x2597);
uint32_t x2648, uint8_t x2649 = addcarryx_u32(x2646, x2512, x2600);
uint32_t x2651, uint8_t x2652 = addcarryx_u32(x2649, x2515, x2603);
uint32_t x2654, uint8_t x2655 = addcarryx_u32(x2652, x2518, x2606);
uint32_t x2657, uint8_t x2658 = addcarryx_u32(x2655, x2521, x2609);
uint32_t x2660, uint8_t x2661 = addcarryx_u32(x2658, x2523, x2612);
uint32_t x2663, uint32_t x2664 = mulx_u32(x2615, 0xffffffff);
uint32_t x2666, uint32_t x2667 = mulx_u32(x2615, 0xffffffff);
uint32_t x2669, uint32_t x2670 = mulx_u32(x2615, 0xffffffff);
uint32_t x2672, uint32_t x2673 = mulx_u32(x2615, 0xffffffff);
uint32_t x2675, uint32_t x2676 = mulx_u32(x2615, 0xffffffff);
uint32_t x2678, uint32_t x2679 = mulx_u32(x2615, 0xffffffff);
uint32_t x2681, uint32_t x2682 = mulx_u32(x2615, 0xffffffff);
uint32_t x2684, uint32_t x2685 = mulx_u32(x2615, 0xfffeffff);
uint32_t x2687, uint32_t x2688 = mulx_u32(x2615, 0xffffffff);
uint32_t x2690, uint32_t x2691 = mulx_u32(x2615, 0xffffffff);
uint32_t x2693, uint32_t x2694 = mulx_u32(x2615, 0xffffffff);
uint32_t x2696, uint32_t x2697 = mulx_u32(x2615, 0xffffffff);
uint32_t x2699, uint32_t x2700 = mulx_u32(x2615, 0xffffffff);
uint32_t x2702, uint32_t x2703 = mulx_u32(x2615, 0xffffffff);
uint32_t x2705, uint32_t x2706 = mulx_u32(x2615, 0xffffffff);
uint32_t x2708, uint8_t x2709 = addcarryx_u32(0x0, x2664, x2666);
uint32_t x2711, uint8_t x2712 = addcarryx_u32(x2709, x2667, x2669);
uint32_t x2714, uint8_t x2715 = addcarryx_u32(x2712, x2670, x2672);
uint32_t x2717, uint8_t x2718 = addcarryx_u32(x2715, x2673, x2675);
uint32_t x2720, uint8_t x2721 = addcarryx_u32(x2718, x2676, x2678);
uint32_t x2723, uint8_t x2724 = addcarryx_u32(x2721, x2679, x2681);
uint32_t x2726, uint8_t x2727 = addcarryx_u32(x2724, x2682, x2684);
uint32_t x2729, uint8_t x2730 = addcarryx_u32(x2727, x2685, x2687);
uint32_t x2732, uint8_t x2733 = addcarryx_u32(x2730, x2688, x2690);
uint32_t x2735, uint8_t x2736 = addcarryx_u32(x2733, x2691, x2693);
uint32_t x2738, uint8_t x2739 = addcarryx_u32(x2736, x2694, x2696);
uint32_t x2741, uint8_t x2742 = addcarryx_u32(x2739, x2697, x2699);
uint32_t x2744, uint8_t x2745 = addcarryx_u32(x2742, x2700, x2702);
uint32_t x2747, uint8_t x2748 = addcarryx_u32(x2745, x2703, x2705);
uint32_t x2750, uint8_t _ = addcarryx_u32(0x0, x2748, x2706);
uint32_t _, uint8_t x2754 = addcarryx_u32(0x0, x2615, x2663);
uint32_t x2756, uint8_t x2757 = addcarryx_u32(x2754, x2618, x2708);
uint32_t x2759, uint8_t x2760 = addcarryx_u32(x2757, x2621, x2711);
uint32_t x2762, uint8_t x2763 = addcarryx_u32(x2760, x2624, x2714);
uint32_t x2765, uint8_t x2766 = addcarryx_u32(x2763, x2627, x2717);
uint32_t x2768, uint8_t x2769 = addcarryx_u32(x2766, x2630, x2720);
uint32_t x2771, uint8_t x2772 = addcarryx_u32(x2769, x2633, x2723);
uint32_t x2774, uint8_t x2775 = addcarryx_u32(x2772, x2636, x2726);
uint32_t x2777, uint8_t x2778 = addcarryx_u32(x2775, x2639, x2729);
uint32_t x2780, uint8_t x2781 = addcarryx_u32(x2778, x2642, x2732);
uint32_t x2783, uint8_t x2784 = addcarryx_u32(x2781, x2645, x2735);
uint32_t x2786, uint8_t x2787 = addcarryx_u32(x2784, x2648, x2738);
uint32_t x2789, uint8_t x2790 = addcarryx_u32(x2787, x2651, x2741);
uint32_t x2792, uint8_t x2793 = addcarryx_u32(x2790, x2654, x2744);
uint32_t x2795, uint8_t x2796 = addcarryx_u32(x2793, x2657, x2747);
uint32_t x2798, uint8_t x2799 = addcarryx_u32(x2796, x2660, x2750);
uint8_t x2800 = (x2799 + x2661);
uint32_t x2802, uint32_t x2803 = mulx_u32(x23, x31);
uint32_t x2805, uint32_t x2806 = mulx_u32(x23, x33);
uint32_t x2808, uint32_t x2809 = mulx_u32(x23, x35);
uint32_t x2811, uint32_t x2812 = mulx_u32(x23, x37);
uint32_t x2814, uint32_t x2815 = mulx_u32(x23, x39);
uint32_t x2817, uint32_t x2818 = mulx_u32(x23, x41);
uint32_t x2820, uint32_t x2821 = mulx_u32(x23, x43);
uint32_t x2823, uint32_t x2824 = mulx_u32(x23, x45);
uint32_t x2826, uint32_t x2827 = mulx_u32(x23, x47);
uint32_t x2829, uint32_t x2830 = mulx_u32(x23, x49);
uint32_t x2832, uint32_t x2833 = mulx_u32(x23, x51);
uint32_t x2835, uint32_t x2836 = mulx_u32(x23, x53);
uint32_t x2838, uint32_t x2839 = mulx_u32(x23, x55);
uint32_t x2841, uint32_t x2842 = mulx_u32(x23, x57);
uint32_t x2844, uint32_t x2845 = mulx_u32(x23, x56);
uint32_t x2847, uint8_t x2848 = addcarryx_u32(0x0, x2803, x2805);
uint32_t x2850, uint8_t x2851 = addcarryx_u32(x2848, x2806, x2808);
uint32_t x2853, uint8_t x2854 = addcarryx_u32(x2851, x2809, x2811);
uint32_t x2856, uint8_t x2857 = addcarryx_u32(x2854, x2812, x2814);
uint32_t x2859, uint8_t x2860 = addcarryx_u32(x2857, x2815, x2817);
uint32_t x2862, uint8_t x2863 = addcarryx_u32(x2860, x2818, x2820);
uint32_t x2865, uint8_t x2866 = addcarryx_u32(x2863, x2821, x2823);
uint32_t x2868, uint8_t x2869 = addcarryx_u32(x2866, x2824, x2826);
uint32_t x2871, uint8_t x2872 = addcarryx_u32(x2869, x2827, x2829);
uint32_t x2874, uint8_t x2875 = addcarryx_u32(x2872, x2830, x2832);
uint32_t x2877, uint8_t x2878 = addcarryx_u32(x2875, x2833, x2835);
uint32_t x2880, uint8_t x2881 = addcarryx_u32(x2878, x2836, x2838);
uint32_t x2883, uint8_t x2884 = addcarryx_u32(x2881, x2839, x2841);
uint32_t x2886, uint8_t x2887 = addcarryx_u32(x2884, x2842, x2844);
uint32_t x2889, uint8_t _ = addcarryx_u32(0x0, x2887, x2845);
uint32_t x2892, uint8_t x2893 = addcarryx_u32(0x0, x2756, x2802);
uint32_t x2895, uint8_t x2896 = addcarryx_u32(x2893, x2759, x2847);
uint32_t x2898, uint8_t x2899 = addcarryx_u32(x2896, x2762, x2850);
uint32_t x2901, uint8_t x2902 = addcarryx_u32(x2899, x2765, x2853);
uint32_t x2904, uint8_t x2905 = addcarryx_u32(x2902, x2768, x2856);
uint32_t x2907, uint8_t x2908 = addcarryx_u32(x2905, x2771, x2859);
uint32_t x2910, uint8_t x2911 = addcarryx_u32(x2908, x2774, x2862);
uint32_t x2913, uint8_t x2914 = addcarryx_u32(x2911, x2777, x2865);
uint32_t x2916, uint8_t x2917 = addcarryx_u32(x2914, x2780, x2868);
uint32_t x2919, uint8_t x2920 = addcarryx_u32(x2917, x2783, x2871);
uint32_t x2922, uint8_t x2923 = addcarryx_u32(x2920, x2786, x2874);
uint32_t x2925, uint8_t x2926 = addcarryx_u32(x2923, x2789, x2877);
uint32_t x2928, uint8_t x2929 = addcarryx_u32(x2926, x2792, x2880);
uint32_t x2931, uint8_t x2932 = addcarryx_u32(x2929, x2795, x2883);
uint32_t x2934, uint8_t x2935 = addcarryx_u32(x2932, x2798, x2886);
uint32_t x2937, uint8_t x2938 = addcarryx_u32(x2935, x2800, x2889);
uint32_t x2940, uint32_t x2941 = mulx_u32(x2892, 0xffffffff);
uint32_t x2943, uint32_t x2944 = mulx_u32(x2892, 0xffffffff);
uint32_t x2946, uint32_t x2947 = mulx_u32(x2892, 0xffffffff);
uint32_t x2949, uint32_t x2950 = mulx_u32(x2892, 0xffffffff);
uint32_t x2952, uint32_t x2953 = mulx_u32(x2892, 0xffffffff);
uint32_t x2955, uint32_t x2956 = mulx_u32(x2892, 0xffffffff);
uint32_t x2958, uint32_t x2959 = mulx_u32(x2892, 0xffffffff);
uint32_t x2961, uint32_t x2962 = mulx_u32(x2892, 0xfffeffff);
uint32_t x2964, uint32_t x2965 = mulx_u32(x2892, 0xffffffff);
uint32_t x2967, uint32_t x2968 = mulx_u32(x2892, 0xffffffff);
uint32_t x2970, uint32_t x2971 = mulx_u32(x2892, 0xffffffff);
uint32_t x2973, uint32_t x2974 = mulx_u32(x2892, 0xffffffff);
uint32_t x2976, uint32_t x2977 = mulx_u32(x2892, 0xffffffff);
uint32_t x2979, uint32_t x2980 = mulx_u32(x2892, 0xffffffff);
uint32_t x2982, uint32_t x2983 = mulx_u32(x2892, 0xffffffff);
uint32_t x2985, uint8_t x2986 = addcarryx_u32(0x0, x2941, x2943);
uint32_t x2988, uint8_t x2989 = addcarryx_u32(x2986, x2944, x2946);
uint32_t x2991, uint8_t x2992 = addcarryx_u32(x2989, x2947, x2949);
uint32_t x2994, uint8_t x2995 = addcarryx_u32(x2992, x2950, x2952);
uint32_t x2997, uint8_t x2998 = addcarryx_u32(x2995, x2953, x2955);
uint32_t x3000, uint8_t x3001 = addcarryx_u32(x2998, x2956, x2958);
uint32_t x3003, uint8_t x3004 = addcarryx_u32(x3001, x2959, x2961);
uint32_t x3006, uint8_t x3007 = addcarryx_u32(x3004, x2962, x2964);
uint32_t x3009, uint8_t x3010 = addcarryx_u32(x3007, x2965, x2967);
uint32_t x3012, uint8_t x3013 = addcarryx_u32(x3010, x2968, x2970);
uint32_t x3015, uint8_t x3016 = addcarryx_u32(x3013, x2971, x2973);
uint32_t x3018, uint8_t x3019 = addcarryx_u32(x3016, x2974, x2976);
uint32_t x3021, uint8_t x3022 = addcarryx_u32(x3019, x2977, x2979);
uint32_t x3024, uint8_t x3025 = addcarryx_u32(x3022, x2980, x2982);
uint32_t x3027, uint8_t _ = addcarryx_u32(0x0, x3025, x2983);
uint32_t _, uint8_t x3031 = addcarryx_u32(0x0, x2892, x2940);
uint32_t x3033, uint8_t x3034 = addcarryx_u32(x3031, x2895, x2985);
uint32_t x3036, uint8_t x3037 = addcarryx_u32(x3034, x2898, x2988);
uint32_t x3039, uint8_t x3040 = addcarryx_u32(x3037, x2901, x2991);
uint32_t x3042, uint8_t x3043 = addcarryx_u32(x3040, x2904, x2994);
uint32_t x3045, uint8_t x3046 = addcarryx_u32(x3043, x2907, x2997);
uint32_t x3048, uint8_t x3049 = addcarryx_u32(x3046, x2910, x3000);
uint32_t x3051, uint8_t x3052 = addcarryx_u32(x3049, x2913, x3003);
uint32_t x3054, uint8_t x3055 = addcarryx_u32(x3052, x2916, x3006);
uint32_t x3057, uint8_t x3058 = addcarryx_u32(x3055, x2919, x3009);
uint32_t x3060, uint8_t x3061 = addcarryx_u32(x3058, x2922, x3012);
uint32_t x3063, uint8_t x3064 = addcarryx_u32(x3061, x2925, x3015);
uint32_t x3066, uint8_t x3067 = addcarryx_u32(x3064, x2928, x3018);
uint32_t x3069, uint8_t x3070 = addcarryx_u32(x3067, x2931, x3021);
uint32_t x3072, uint8_t x3073 = addcarryx_u32(x3070, x2934, x3024);
uint32_t x3075, uint8_t x3076 = addcarryx_u32(x3073, x2937, x3027);
uint8_t x3077 = (x3076 + x2938);
uint32_t x3079, uint32_t x3080 = mulx_u32(x25, x31);
uint32_t x3082, uint32_t x3083 = mulx_u32(x25, x33);
uint32_t x3085, uint32_t x3086 = mulx_u32(x25, x35);
uint32_t x3088, uint32_t x3089 = mulx_u32(x25, x37);
uint32_t x3091, uint32_t x3092 = mulx_u32(x25, x39);
uint32_t x3094, uint32_t x3095 = mulx_u32(x25, x41);
uint32_t x3097, uint32_t x3098 = mulx_u32(x25, x43);
uint32_t x3100, uint32_t x3101 = mulx_u32(x25, x45);
uint32_t x3103, uint32_t x3104 = mulx_u32(x25, x47);
uint32_t x3106, uint32_t x3107 = mulx_u32(x25, x49);
uint32_t x3109, uint32_t x3110 = mulx_u32(x25, x51);
uint32_t x3112, uint32_t x3113 = mulx_u32(x25, x53);
uint32_t x3115, uint32_t x3116 = mulx_u32(x25, x55);
uint32_t x3118, uint32_t x3119 = mulx_u32(x25, x57);
uint32_t x3121, uint32_t x3122 = mulx_u32(x25, x56);
uint32_t x3124, uint8_t x3125 = addcarryx_u32(0x0, x3080, x3082);
uint32_t x3127, uint8_t x3128 = addcarryx_u32(x3125, x3083, x3085);
uint32_t x3130, uint8_t x3131 = addcarryx_u32(x3128, x3086, x3088);
uint32_t x3133, uint8_t x3134 = addcarryx_u32(x3131, x3089, x3091);
uint32_t x3136, uint8_t x3137 = addcarryx_u32(x3134, x3092, x3094);
uint32_t x3139, uint8_t x3140 = addcarryx_u32(x3137, x3095, x3097);
uint32_t x3142, uint8_t x3143 = addcarryx_u32(x3140, x3098, x3100);
uint32_t x3145, uint8_t x3146 = addcarryx_u32(x3143, x3101, x3103);
uint32_t x3148, uint8_t x3149 = addcarryx_u32(x3146, x3104, x3106);
uint32_t x3151, uint8_t x3152 = addcarryx_u32(x3149, x3107, x3109);
uint32_t x3154, uint8_t x3155 = addcarryx_u32(x3152, x3110, x3112);
uint32_t x3157, uint8_t x3158 = addcarryx_u32(x3155, x3113, x3115);
uint32_t x3160, uint8_t x3161 = addcarryx_u32(x3158, x3116, x3118);
uint32_t x3163, uint8_t x3164 = addcarryx_u32(x3161, x3119, x3121);
uint32_t x3166, uint8_t _ = addcarryx_u32(0x0, x3164, x3122);
uint32_t x3169, uint8_t x3170 = addcarryx_u32(0x0, x3033, x3079);
uint32_t x3172, uint8_t x3173 = addcarryx_u32(x3170, x3036, x3124);
uint32_t x3175, uint8_t x3176 = addcarryx_u32(x3173, x3039, x3127);
uint32_t x3178, uint8_t x3179 = addcarryx_u32(x3176, x3042, x3130);
uint32_t x3181, uint8_t x3182 = addcarryx_u32(x3179, x3045, x3133);
uint32_t x3184, uint8_t x3185 = addcarryx_u32(x3182, x3048, x3136);
uint32_t x3187, uint8_t x3188 = addcarryx_u32(x3185, x3051, x3139);
uint32_t x3190, uint8_t x3191 = addcarryx_u32(x3188, x3054, x3142);
uint32_t x3193, uint8_t x3194 = addcarryx_u32(x3191, x3057, x3145);
uint32_t x3196, uint8_t x3197 = addcarryx_u32(x3194, x3060, x3148);
uint32_t x3199, uint8_t x3200 = addcarryx_u32(x3197, x3063, x3151);
uint32_t x3202, uint8_t x3203 = addcarryx_u32(x3200, x3066, x3154);
uint32_t x3205, uint8_t x3206 = addcarryx_u32(x3203, x3069, x3157);
uint32_t x3208, uint8_t x3209 = addcarryx_u32(x3206, x3072, x3160);
uint32_t x3211, uint8_t x3212 = addcarryx_u32(x3209, x3075, x3163);
uint32_t x3214, uint8_t x3215 = addcarryx_u32(x3212, x3077, x3166);
uint32_t x3217, uint32_t x3218 = mulx_u32(x3169, 0xffffffff);
uint32_t x3220, uint32_t x3221 = mulx_u32(x3169, 0xffffffff);
uint32_t x3223, uint32_t x3224 = mulx_u32(x3169, 0xffffffff);
uint32_t x3226, uint32_t x3227 = mulx_u32(x3169, 0xffffffff);
uint32_t x3229, uint32_t x3230 = mulx_u32(x3169, 0xffffffff);
uint32_t x3232, uint32_t x3233 = mulx_u32(x3169, 0xffffffff);
uint32_t x3235, uint32_t x3236 = mulx_u32(x3169, 0xffffffff);
uint32_t x3238, uint32_t x3239 = mulx_u32(x3169, 0xfffeffff);
uint32_t x3241, uint32_t x3242 = mulx_u32(x3169, 0xffffffff);
uint32_t x3244, uint32_t x3245 = mulx_u32(x3169, 0xffffffff);
uint32_t x3247, uint32_t x3248 = mulx_u32(x3169, 0xffffffff);
uint32_t x3250, uint32_t x3251 = mulx_u32(x3169, 0xffffffff);
uint32_t x3253, uint32_t x3254 = mulx_u32(x3169, 0xffffffff);
uint32_t x3256, uint32_t x3257 = mulx_u32(x3169, 0xffffffff);
uint32_t x3259, uint32_t x3260 = mulx_u32(x3169, 0xffffffff);
uint32_t x3262, uint8_t x3263 = addcarryx_u32(0x0, x3218, x3220);
uint32_t x3265, uint8_t x3266 = addcarryx_u32(x3263, x3221, x3223);
uint32_t x3268, uint8_t x3269 = addcarryx_u32(x3266, x3224, x3226);
uint32_t x3271, uint8_t x3272 = addcarryx_u32(x3269, x3227, x3229);
uint32_t x3274, uint8_t x3275 = addcarryx_u32(x3272, x3230, x3232);
uint32_t x3277, uint8_t x3278 = addcarryx_u32(x3275, x3233, x3235);
uint32_t x3280, uint8_t x3281 = addcarryx_u32(x3278, x3236, x3238);
uint32_t x3283, uint8_t x3284 = addcarryx_u32(x3281, x3239, x3241);
uint32_t x3286, uint8_t x3287 = addcarryx_u32(x3284, x3242, x3244);
uint32_t x3289, uint8_t x3290 = addcarryx_u32(x3287, x3245, x3247);
uint32_t x3292, uint8_t x3293 = addcarryx_u32(x3290, x3248, x3250);
uint32_t x3295, uint8_t x3296 = addcarryx_u32(x3293, x3251, x3253);
uint32_t x3298, uint8_t x3299 = addcarryx_u32(x3296, x3254, x3256);
uint32_t x3301, uint8_t x3302 = addcarryx_u32(x3299, x3257, x3259);
uint32_t x3304, uint8_t _ = addcarryx_u32(0x0, x3302, x3260);
uint32_t _, uint8_t x3308 = addcarryx_u32(0x0, x3169, x3217);
uint32_t x3310, uint8_t x3311 = addcarryx_u32(x3308, x3172, x3262);
uint32_t x3313, uint8_t x3314 = addcarryx_u32(x3311, x3175, x3265);
uint32_t x3316, uint8_t x3317 = addcarryx_u32(x3314, x3178, x3268);
uint32_t x3319, uint8_t x3320 = addcarryx_u32(x3317, x3181, x3271);
uint32_t x3322, uint8_t x3323 = addcarryx_u32(x3320, x3184, x3274);
uint32_t x3325, uint8_t x3326 = addcarryx_u32(x3323, x3187, x3277);
uint32_t x3328, uint8_t x3329 = addcarryx_u32(x3326, x3190, x3280);
uint32_t x3331, uint8_t x3332 = addcarryx_u32(x3329, x3193, x3283);
uint32_t x3334, uint8_t x3335 = addcarryx_u32(x3332, x3196, x3286);
uint32_t x3337, uint8_t x3338 = addcarryx_u32(x3335, x3199, x3289);
uint32_t x3340, uint8_t x3341 = addcarryx_u32(x3338, x3202, x3292);
uint32_t x3343, uint8_t x3344 = addcarryx_u32(x3341, x3205, x3295);
uint32_t x3346, uint8_t x3347 = addcarryx_u32(x3344, x3208, x3298);
uint32_t x3349, uint8_t x3350 = addcarryx_u32(x3347, x3211, x3301);
uint32_t x3352, uint8_t x3353 = addcarryx_u32(x3350, x3214, x3304);
uint8_t x3354 = (x3353 + x3215);
uint32_t x3356, uint32_t x3357 = mulx_u32(x27, x31);
uint32_t x3359, uint32_t x3360 = mulx_u32(x27, x33);
uint32_t x3362, uint32_t x3363 = mulx_u32(x27, x35);
uint32_t x3365, uint32_t x3366 = mulx_u32(x27, x37);
uint32_t x3368, uint32_t x3369 = mulx_u32(x27, x39);
uint32_t x3371, uint32_t x3372 = mulx_u32(x27, x41);
uint32_t x3374, uint32_t x3375 = mulx_u32(x27, x43);
uint32_t x3377, uint32_t x3378 = mulx_u32(x27, x45);
uint32_t x3380, uint32_t x3381 = mulx_u32(x27, x47);
uint32_t x3383, uint32_t x3384 = mulx_u32(x27, x49);
uint32_t x3386, uint32_t x3387 = mulx_u32(x27, x51);
uint32_t x3389, uint32_t x3390 = mulx_u32(x27, x53);
uint32_t x3392, uint32_t x3393 = mulx_u32(x27, x55);
uint32_t x3395, uint32_t x3396 = mulx_u32(x27, x57);
uint32_t x3398, uint32_t x3399 = mulx_u32(x27, x56);
uint32_t x3401, uint8_t x3402 = addcarryx_u32(0x0, x3357, x3359);
uint32_t x3404, uint8_t x3405 = addcarryx_u32(x3402, x3360, x3362);
uint32_t x3407, uint8_t x3408 = addcarryx_u32(x3405, x3363, x3365);
uint32_t x3410, uint8_t x3411 = addcarryx_u32(x3408, x3366, x3368);
uint32_t x3413, uint8_t x3414 = addcarryx_u32(x3411, x3369, x3371);
uint32_t x3416, uint8_t x3417 = addcarryx_u32(x3414, x3372, x3374);
uint32_t x3419, uint8_t x3420 = addcarryx_u32(x3417, x3375, x3377);
uint32_t x3422, uint8_t x3423 = addcarryx_u32(x3420, x3378, x3380);
uint32_t x3425, uint8_t x3426 = addcarryx_u32(x3423, x3381, x3383);
uint32_t x3428, uint8_t x3429 = addcarryx_u32(x3426, x3384, x3386);
uint32_t x3431, uint8_t x3432 = addcarryx_u32(x3429, x3387, x3389);
uint32_t x3434, uint8_t x3435 = addcarryx_u32(x3432, x3390, x3392);
uint32_t x3437, uint8_t x3438 = addcarryx_u32(x3435, x3393, x3395);
uint32_t x3440, uint8_t x3441 = addcarryx_u32(x3438, x3396, x3398);
uint32_t x3443, uint8_t _ = addcarryx_u32(0x0, x3441, x3399);
uint32_t x3446, uint8_t x3447 = addcarryx_u32(0x0, x3310, x3356);
uint32_t x3449, uint8_t x3450 = addcarryx_u32(x3447, x3313, x3401);
uint32_t x3452, uint8_t x3453 = addcarryx_u32(x3450, x3316, x3404);
uint32_t x3455, uint8_t x3456 = addcarryx_u32(x3453, x3319, x3407);
uint32_t x3458, uint8_t x3459 = addcarryx_u32(x3456, x3322, x3410);
uint32_t x3461, uint8_t x3462 = addcarryx_u32(x3459, x3325, x3413);
uint32_t x3464, uint8_t x3465 = addcarryx_u32(x3462, x3328, x3416);
uint32_t x3467, uint8_t x3468 = addcarryx_u32(x3465, x3331, x3419);
uint32_t x3470, uint8_t x3471 = addcarryx_u32(x3468, x3334, x3422);
uint32_t x3473, uint8_t x3474 = addcarryx_u32(x3471, x3337, x3425);
uint32_t x3476, uint8_t x3477 = addcarryx_u32(x3474, x3340, x3428);
uint32_t x3479, uint8_t x3480 = addcarryx_u32(x3477, x3343, x3431);
uint32_t x3482, uint8_t x3483 = addcarryx_u32(x3480, x3346, x3434);
uint32_t x3485, uint8_t x3486 = addcarryx_u32(x3483, x3349, x3437);
uint32_t x3488, uint8_t x3489 = addcarryx_u32(x3486, x3352, x3440);
uint32_t x3491, uint8_t x3492 = addcarryx_u32(x3489, x3354, x3443);
uint32_t x3494, uint32_t x3495 = mulx_u32(x3446, 0xffffffff);
uint32_t x3497, uint32_t x3498 = mulx_u32(x3446, 0xffffffff);
uint32_t x3500, uint32_t x3501 = mulx_u32(x3446, 0xffffffff);
uint32_t x3503, uint32_t x3504 = mulx_u32(x3446, 0xffffffff);
uint32_t x3506, uint32_t x3507 = mulx_u32(x3446, 0xffffffff);
uint32_t x3509, uint32_t x3510 = mulx_u32(x3446, 0xffffffff);
uint32_t x3512, uint32_t x3513 = mulx_u32(x3446, 0xffffffff);
uint32_t x3515, uint32_t x3516 = mulx_u32(x3446, 0xfffeffff);
uint32_t x3518, uint32_t x3519 = mulx_u32(x3446, 0xffffffff);
uint32_t x3521, uint32_t x3522 = mulx_u32(x3446, 0xffffffff);
uint32_t x3524, uint32_t x3525 = mulx_u32(x3446, 0xffffffff);
uint32_t x3527, uint32_t x3528 = mulx_u32(x3446, 0xffffffff);
uint32_t x3530, uint32_t x3531 = mulx_u32(x3446, 0xffffffff);
uint32_t x3533, uint32_t x3534 = mulx_u32(x3446, 0xffffffff);
uint32_t x3536, uint32_t x3537 = mulx_u32(x3446, 0xffffffff);
uint32_t x3539, uint8_t x3540 = addcarryx_u32(0x0, x3495, x3497);
uint32_t x3542, uint8_t x3543 = addcarryx_u32(x3540, x3498, x3500);
uint32_t x3545, uint8_t x3546 = addcarryx_u32(x3543, x3501, x3503);
uint32_t x3548, uint8_t x3549 = addcarryx_u32(x3546, x3504, x3506);
uint32_t x3551, uint8_t x3552 = addcarryx_u32(x3549, x3507, x3509);
uint32_t x3554, uint8_t x3555 = addcarryx_u32(x3552, x3510, x3512);
uint32_t x3557, uint8_t x3558 = addcarryx_u32(x3555, x3513, x3515);
uint32_t x3560, uint8_t x3561 = addcarryx_u32(x3558, x3516, x3518);
uint32_t x3563, uint8_t x3564 = addcarryx_u32(x3561, x3519, x3521);
uint32_t x3566, uint8_t x3567 = addcarryx_u32(x3564, x3522, x3524);
uint32_t x3569, uint8_t x3570 = addcarryx_u32(x3567, x3525, x3527);
uint32_t x3572, uint8_t x3573 = addcarryx_u32(x3570, x3528, x3530);
uint32_t x3575, uint8_t x3576 = addcarryx_u32(x3573, x3531, x3533);
uint32_t x3578, uint8_t x3579 = addcarryx_u32(x3576, x3534, x3536);
uint32_t x3581, uint8_t _ = addcarryx_u32(0x0, x3579, x3537);
uint32_t _, uint8_t x3585 = addcarryx_u32(0x0, x3446, x3494);
uint32_t x3587, uint8_t x3588 = addcarryx_u32(x3585, x3449, x3539);
uint32_t x3590, uint8_t x3591 = addcarryx_u32(x3588, x3452, x3542);
uint32_t x3593, uint8_t x3594 = addcarryx_u32(x3591, x3455, x3545);
uint32_t x3596, uint8_t x3597 = addcarryx_u32(x3594, x3458, x3548);
uint32_t x3599, uint8_t x3600 = addcarryx_u32(x3597, x3461, x3551);
uint32_t x3602, uint8_t x3603 = addcarryx_u32(x3600, x3464, x3554);
uint32_t x3605, uint8_t x3606 = addcarryx_u32(x3603, x3467, x3557);
uint32_t x3608, uint8_t x3609 = addcarryx_u32(x3606, x3470, x3560);
uint32_t x3611, uint8_t x3612 = addcarryx_u32(x3609, x3473, x3563);
uint32_t x3614, uint8_t x3615 = addcarryx_u32(x3612, x3476, x3566);
uint32_t x3617, uint8_t x3618 = addcarryx_u32(x3615, x3479, x3569);
uint32_t x3620, uint8_t x3621 = addcarryx_u32(x3618, x3482, x3572);
uint32_t x3623, uint8_t x3624 = addcarryx_u32(x3621, x3485, x3575);
uint32_t x3626, uint8_t x3627 = addcarryx_u32(x3624, x3488, x3578);
uint32_t x3629, uint8_t x3630 = addcarryx_u32(x3627, x3491, x3581);
uint8_t x3631 = (x3630 + x3492);
uint32_t x3633, uint32_t x3634 = mulx_u32(x29, x31);
uint32_t x3636, uint32_t x3637 = mulx_u32(x29, x33);
uint32_t x3639, uint32_t x3640 = mulx_u32(x29, x35);
uint32_t x3642, uint32_t x3643 = mulx_u32(x29, x37);
uint32_t x3645, uint32_t x3646 = mulx_u32(x29, x39);
uint32_t x3648, uint32_t x3649 = mulx_u32(x29, x41);
uint32_t x3651, uint32_t x3652 = mulx_u32(x29, x43);
uint32_t x3654, uint32_t x3655 = mulx_u32(x29, x45);
uint32_t x3657, uint32_t x3658 = mulx_u32(x29, x47);
uint32_t x3660, uint32_t x3661 = mulx_u32(x29, x49);
uint32_t x3663, uint32_t x3664 = mulx_u32(x29, x51);
uint32_t x3666, uint32_t x3667 = mulx_u32(x29, x53);
uint32_t x3669, uint32_t x3670 = mulx_u32(x29, x55);
uint32_t x3672, uint32_t x3673 = mulx_u32(x29, x57);
uint32_t x3675, uint32_t x3676 = mulx_u32(x29, x56);
uint32_t x3678, uint8_t x3679 = addcarryx_u32(0x0, x3634, x3636);
uint32_t x3681, uint8_t x3682 = addcarryx_u32(x3679, x3637, x3639);
uint32_t x3684, uint8_t x3685 = addcarryx_u32(x3682, x3640, x3642);
uint32_t x3687, uint8_t x3688 = addcarryx_u32(x3685, x3643, x3645);
uint32_t x3690, uint8_t x3691 = addcarryx_u32(x3688, x3646, x3648);
uint32_t x3693, uint8_t x3694 = addcarryx_u32(x3691, x3649, x3651);
uint32_t x3696, uint8_t x3697 = addcarryx_u32(x3694, x3652, x3654);
uint32_t x3699, uint8_t x3700 = addcarryx_u32(x3697, x3655, x3657);
uint32_t x3702, uint8_t x3703 = addcarryx_u32(x3700, x3658, x3660);
uint32_t x3705, uint8_t x3706 = addcarryx_u32(x3703, x3661, x3663);
uint32_t x3708, uint8_t x3709 = addcarryx_u32(x3706, x3664, x3666);
uint32_t x3711, uint8_t x3712 = addcarryx_u32(x3709, x3667, x3669);
uint32_t x3714, uint8_t x3715 = addcarryx_u32(x3712, x3670, x3672);
uint32_t x3717, uint8_t x3718 = addcarryx_u32(x3715, x3673, x3675);
uint32_t x3720, uint8_t _ = addcarryx_u32(0x0, x3718, x3676);
uint32_t x3723, uint8_t x3724 = addcarryx_u32(0x0, x3587, x3633);
uint32_t x3726, uint8_t x3727 = addcarryx_u32(x3724, x3590, x3678);
uint32_t x3729, uint8_t x3730 = addcarryx_u32(x3727, x3593, x3681);
uint32_t x3732, uint8_t x3733 = addcarryx_u32(x3730, x3596, x3684);
uint32_t x3735, uint8_t x3736 = addcarryx_u32(x3733, x3599, x3687);
uint32_t x3738, uint8_t x3739 = addcarryx_u32(x3736, x3602, x3690);
uint32_t x3741, uint8_t x3742 = addcarryx_u32(x3739, x3605, x3693);
uint32_t x3744, uint8_t x3745 = addcarryx_u32(x3742, x3608, x3696);
uint32_t x3747, uint8_t x3748 = addcarryx_u32(x3745, x3611, x3699);
uint32_t x3750, uint8_t x3751 = addcarryx_u32(x3748, x3614, x3702);
uint32_t x3753, uint8_t x3754 = addcarryx_u32(x3751, x3617, x3705);
uint32_t x3756, uint8_t x3757 = addcarryx_u32(x3754, x3620, x3708);
uint32_t x3759, uint8_t x3760 = addcarryx_u32(x3757, x3623, x3711);
uint32_t x3762, uint8_t x3763 = addcarryx_u32(x3760, x3626, x3714);
uint32_t x3765, uint8_t x3766 = addcarryx_u32(x3763, x3629, x3717);
uint32_t x3768, uint8_t x3769 = addcarryx_u32(x3766, x3631, x3720);
uint32_t x3771, uint32_t x3772 = mulx_u32(x3723, 0xffffffff);
uint32_t x3774, uint32_t x3775 = mulx_u32(x3723, 0xffffffff);
uint32_t x3777, uint32_t x3778 = mulx_u32(x3723, 0xffffffff);
uint32_t x3780, uint32_t x3781 = mulx_u32(x3723, 0xffffffff);
uint32_t x3783, uint32_t x3784 = mulx_u32(x3723, 0xffffffff);
uint32_t x3786, uint32_t x3787 = mulx_u32(x3723, 0xffffffff);
uint32_t x3789, uint32_t x3790 = mulx_u32(x3723, 0xffffffff);
uint32_t x3792, uint32_t x3793 = mulx_u32(x3723, 0xfffeffff);
uint32_t x3795, uint32_t x3796 = mulx_u32(x3723, 0xffffffff);
uint32_t x3798, uint32_t x3799 = mulx_u32(x3723, 0xffffffff);
uint32_t x3801, uint32_t x3802 = mulx_u32(x3723, 0xffffffff);
uint32_t x3804, uint32_t x3805 = mulx_u32(x3723, 0xffffffff);
uint32_t x3807, uint32_t x3808 = mulx_u32(x3723, 0xffffffff);
uint32_t x3810, uint32_t x3811 = mulx_u32(x3723, 0xffffffff);
uint32_t x3813, uint32_t x3814 = mulx_u32(x3723, 0xffffffff);
uint32_t x3816, uint8_t x3817 = addcarryx_u32(0x0, x3772, x3774);
uint32_t x3819, uint8_t x3820 = addcarryx_u32(x3817, x3775, x3777);
uint32_t x3822, uint8_t x3823 = addcarryx_u32(x3820, x3778, x3780);
uint32_t x3825, uint8_t x3826 = addcarryx_u32(x3823, x3781, x3783);
uint32_t x3828, uint8_t x3829 = addcarryx_u32(x3826, x3784, x3786);
uint32_t x3831, uint8_t x3832 = addcarryx_u32(x3829, x3787, x3789);
uint32_t x3834, uint8_t x3835 = addcarryx_u32(x3832, x3790, x3792);
uint32_t x3837, uint8_t x3838 = addcarryx_u32(x3835, x3793, x3795);
uint32_t x3840, uint8_t x3841 = addcarryx_u32(x3838, x3796, x3798);
uint32_t x3843, uint8_t x3844 = addcarryx_u32(x3841, x3799, x3801);
uint32_t x3846, uint8_t x3847 = addcarryx_u32(x3844, x3802, x3804);
uint32_t x3849, uint8_t x3850 = addcarryx_u32(x3847, x3805, x3807);
uint32_t x3852, uint8_t x3853 = addcarryx_u32(x3850, x3808, x3810);
uint32_t x3855, uint8_t x3856 = addcarryx_u32(x3853, x3811, x3813);
uint32_t x3858, uint8_t _ = addcarryx_u32(0x0, x3856, x3814);
uint32_t _, uint8_t x3862 = addcarryx_u32(0x0, x3723, x3771);
uint32_t x3864, uint8_t x3865 = addcarryx_u32(x3862, x3726, x3816);
uint32_t x3867, uint8_t x3868 = addcarryx_u32(x3865, x3729, x3819);
uint32_t x3870, uint8_t x3871 = addcarryx_u32(x3868, x3732, x3822);
uint32_t x3873, uint8_t x3874 = addcarryx_u32(x3871, x3735, x3825);
uint32_t x3876, uint8_t x3877 = addcarryx_u32(x3874, x3738, x3828);
uint32_t x3879, uint8_t x3880 = addcarryx_u32(x3877, x3741, x3831);
uint32_t x3882, uint8_t x3883 = addcarryx_u32(x3880, x3744, x3834);
uint32_t x3885, uint8_t x3886 = addcarryx_u32(x3883, x3747, x3837);
uint32_t x3888, uint8_t x3889 = addcarryx_u32(x3886, x3750, x3840);
uint32_t x3891, uint8_t x3892 = addcarryx_u32(x3889, x3753, x3843);
uint32_t x3894, uint8_t x3895 = addcarryx_u32(x3892, x3756, x3846);
uint32_t x3897, uint8_t x3898 = addcarryx_u32(x3895, x3759, x3849);
uint32_t x3900, uint8_t x3901 = addcarryx_u32(x3898, x3762, x3852);
uint32_t x3903, uint8_t x3904 = addcarryx_u32(x3901, x3765, x3855);
uint32_t x3906, uint8_t x3907 = addcarryx_u32(x3904, x3768, x3858);
uint8_t x3908 = (x3907 + x3769);
uint32_t x3910, uint32_t x3911 = mulx_u32(x28, x31);
uint32_t x3913, uint32_t x3914 = mulx_u32(x28, x33);
uint32_t x3916, uint32_t x3917 = mulx_u32(x28, x35);
uint32_t x3919, uint32_t x3920 = mulx_u32(x28, x37);
uint32_t x3922, uint32_t x3923 = mulx_u32(x28, x39);
uint32_t x3925, uint32_t x3926 = mulx_u32(x28, x41);
uint32_t x3928, uint32_t x3929 = mulx_u32(x28, x43);
uint32_t x3931, uint32_t x3932 = mulx_u32(x28, x45);
uint32_t x3934, uint32_t x3935 = mulx_u32(x28, x47);
uint32_t x3937, uint32_t x3938 = mulx_u32(x28, x49);
uint32_t x3940, uint32_t x3941 = mulx_u32(x28, x51);
uint32_t x3943, uint32_t x3944 = mulx_u32(x28, x53);
uint32_t x3946, uint32_t x3947 = mulx_u32(x28, x55);
uint32_t x3949, uint32_t x3950 = mulx_u32(x28, x57);
uint32_t x3952, uint32_t x3953 = mulx_u32(x28, x56);
uint32_t x3955, uint8_t x3956 = addcarryx_u32(0x0, x3911, x3913);
uint32_t x3958, uint8_t x3959 = addcarryx_u32(x3956, x3914, x3916);
uint32_t x3961, uint8_t x3962 = addcarryx_u32(x3959, x3917, x3919);
uint32_t x3964, uint8_t x3965 = addcarryx_u32(x3962, x3920, x3922);
uint32_t x3967, uint8_t x3968 = addcarryx_u32(x3965, x3923, x3925);
uint32_t x3970, uint8_t x3971 = addcarryx_u32(x3968, x3926, x3928);
uint32_t x3973, uint8_t x3974 = addcarryx_u32(x3971, x3929, x3931);
uint32_t x3976, uint8_t x3977 = addcarryx_u32(x3974, x3932, x3934);
uint32_t x3979, uint8_t x3980 = addcarryx_u32(x3977, x3935, x3937);
uint32_t x3982, uint8_t x3983 = addcarryx_u32(x3980, x3938, x3940);
uint32_t x3985, uint8_t x3986 = addcarryx_u32(x3983, x3941, x3943);
uint32_t x3988, uint8_t x3989 = addcarryx_u32(x3986, x3944, x3946);
uint32_t x3991, uint8_t x3992 = addcarryx_u32(x3989, x3947, x3949);
uint32_t x3994, uint8_t x3995 = addcarryx_u32(x3992, x3950, x3952);
uint32_t x3997, uint8_t _ = addcarryx_u32(0x0, x3995, x3953);
uint32_t x4000, uint8_t x4001 = addcarryx_u32(0x0, x3864, x3910);
uint32_t x4003, uint8_t x4004 = addcarryx_u32(x4001, x3867, x3955);
uint32_t x4006, uint8_t x4007 = addcarryx_u32(x4004, x3870, x3958);
uint32_t x4009, uint8_t x4010 = addcarryx_u32(x4007, x3873, x3961);
uint32_t x4012, uint8_t x4013 = addcarryx_u32(x4010, x3876, x3964);
uint32_t x4015, uint8_t x4016 = addcarryx_u32(x4013, x3879, x3967);
uint32_t x4018, uint8_t x4019 = addcarryx_u32(x4016, x3882, x3970);
uint32_t x4021, uint8_t x4022 = addcarryx_u32(x4019, x3885, x3973);
uint32_t x4024, uint8_t x4025 = addcarryx_u32(x4022, x3888, x3976);
uint32_t x4027, uint8_t x4028 = addcarryx_u32(x4025, x3891, x3979);
uint32_t x4030, uint8_t x4031 = addcarryx_u32(x4028, x3894, x3982);
uint32_t x4033, uint8_t x4034 = addcarryx_u32(x4031, x3897, x3985);
uint32_t x4036, uint8_t x4037 = addcarryx_u32(x4034, x3900, x3988);
uint32_t x4039, uint8_t x4040 = addcarryx_u32(x4037, x3903, x3991);
uint32_t x4042, uint8_t x4043 = addcarryx_u32(x4040, x3906, x3994);
uint32_t x4045, uint8_t x4046 = addcarryx_u32(x4043, x3908, x3997);
uint32_t x4048, uint32_t x4049 = mulx_u32(x4000, 0xffffffff);
uint32_t x4051, uint32_t x4052 = mulx_u32(x4000, 0xffffffff);
uint32_t x4054, uint32_t x4055 = mulx_u32(x4000, 0xffffffff);
uint32_t x4057, uint32_t x4058 = mulx_u32(x4000, 0xffffffff);
uint32_t x4060, uint32_t x4061 = mulx_u32(x4000, 0xffffffff);
uint32_t x4063, uint32_t x4064 = mulx_u32(x4000, 0xffffffff);
uint32_t x4066, uint32_t x4067 = mulx_u32(x4000, 0xffffffff);
uint32_t x4069, uint32_t x4070 = mulx_u32(x4000, 0xfffeffff);
uint32_t x4072, uint32_t x4073 = mulx_u32(x4000, 0xffffffff);
uint32_t x4075, uint32_t x4076 = mulx_u32(x4000, 0xffffffff);
uint32_t x4078, uint32_t x4079 = mulx_u32(x4000, 0xffffffff);
uint32_t x4081, uint32_t x4082 = mulx_u32(x4000, 0xffffffff);
uint32_t x4084, uint32_t x4085 = mulx_u32(x4000, 0xffffffff);
uint32_t x4087, uint32_t x4088 = mulx_u32(x4000, 0xffffffff);
uint32_t x4090, uint32_t x4091 = mulx_u32(x4000, 0xffffffff);
uint32_t x4093, uint8_t x4094 = addcarryx_u32(0x0, x4049, x4051);
uint32_t x4096, uint8_t x4097 = addcarryx_u32(x4094, x4052, x4054);
uint32_t x4099, uint8_t x4100 = addcarryx_u32(x4097, x4055, x4057);
uint32_t x4102, uint8_t x4103 = addcarryx_u32(x4100, x4058, x4060);
uint32_t x4105, uint8_t x4106 = addcarryx_u32(x4103, x4061, x4063);
uint32_t x4108, uint8_t x4109 = addcarryx_u32(x4106, x4064, x4066);
uint32_t x4111, uint8_t x4112 = addcarryx_u32(x4109, x4067, x4069);
uint32_t x4114, uint8_t x4115 = addcarryx_u32(x4112, x4070, x4072);
uint32_t x4117, uint8_t x4118 = addcarryx_u32(x4115, x4073, x4075);
uint32_t x4120, uint8_t x4121 = addcarryx_u32(x4118, x4076, x4078);
uint32_t x4123, uint8_t x4124 = addcarryx_u32(x4121, x4079, x4081);
uint32_t x4126, uint8_t x4127 = addcarryx_u32(x4124, x4082, x4084);
uint32_t x4129, uint8_t x4130 = addcarryx_u32(x4127, x4085, x4087);
uint32_t x4132, uint8_t x4133 = addcarryx_u32(x4130, x4088, x4090);
uint32_t x4135, uint8_t _ = addcarryx_u32(0x0, x4133, x4091);
uint32_t _, uint8_t x4139 = addcarryx_u32(0x0, x4000, x4048);
uint32_t x4141, uint8_t x4142 = addcarryx_u32(x4139, x4003, x4093);
uint32_t x4144, uint8_t x4145 = addcarryx_u32(x4142, x4006, x4096);
uint32_t x4147, uint8_t x4148 = addcarryx_u32(x4145, x4009, x4099);
uint32_t x4150, uint8_t x4151 = addcarryx_u32(x4148, x4012, x4102);
uint32_t x4153, uint8_t x4154 = addcarryx_u32(x4151, x4015, x4105);
uint32_t x4156, uint8_t x4157 = addcarryx_u32(x4154, x4018, x4108);
uint32_t x4159, uint8_t x4160 = addcarryx_u32(x4157, x4021, x4111);
uint32_t x4162, uint8_t x4163 = addcarryx_u32(x4160, x4024, x4114);
uint32_t x4165, uint8_t x4166 = addcarryx_u32(x4163, x4027, x4117);
uint32_t x4168, uint8_t x4169 = addcarryx_u32(x4166, x4030, x4120);
uint32_t x4171, uint8_t x4172 = addcarryx_u32(x4169, x4033, x4123);
uint32_t x4174, uint8_t x4175 = addcarryx_u32(x4172, x4036, x4126);
uint32_t x4177, uint8_t x4178 = addcarryx_u32(x4175, x4039, x4129);
uint32_t x4180, uint8_t x4181 = addcarryx_u32(x4178, x4042, x4132);
uint32_t x4183, uint8_t x4184 = addcarryx_u32(x4181, x4045, x4135);
uint8_t x4185 = (x4184 + x4046);
uint32_t x4187, uint8_t x4188 = subborrow_u32(0x0, x4141, 0xffffffff);
uint32_t x4190, uint8_t x4191 = subborrow_u32(x4188, x4144, 0xffffffff);
uint32_t x4193, uint8_t x4194 = subborrow_u32(x4191, x4147, 0xffffffff);
uint32_t x4196, uint8_t x4197 = subborrow_u32(x4194, x4150, 0xffffffff);
uint32_t x4199, uint8_t x4200 = subborrow_u32(x4197, x4153, 0xffffffff);
uint32_t x4202, uint8_t x4203 = subborrow_u32(x4200, x4156, 0xffffffff);
uint32_t x4205, uint8_t x4206 = subborrow_u32(x4203, x4159, 0xffffffff);
uint32_t x4208, uint8_t x4209 = subborrow_u32(x4206, x4162, 0xfffeffff);
uint32_t x4211, uint8_t x4212 = subborrow_u32(x4209, x4165, 0xffffffff);
uint32_t x4214, uint8_t x4215 = subborrow_u32(x4212, x4168, 0xffffffff);
uint32_t x4217, uint8_t x4218 = subborrow_u32(x4215, x4171, 0xffffffff);
uint32_t x4220, uint8_t x4221 = subborrow_u32(x4218, x4174, 0xffffffff);
uint32_t x4223, uint8_t x4224 = subborrow_u32(x4221, x4177, 0xffffffff);
uint32_t x4226, uint8_t x4227 = subborrow_u32(x4224, x4180, 0xffffffff);
uint32_t x4229, uint8_t x4230 = subborrow_u32(x4227, x4183, 0xffffffff);
uint32_t _, uint8_t x4233 = subborrow_u32(x4230, x4185, 0x0);
(cmovznz32(x4233, x4229, x4183), cmovznz32(x4233, x4226, x4180), cmovznz32(x4233, x4223, x4177), cmovznz32(x4233, x4220, x4174), cmovznz32(x4233, x4217, x4171), cmovznz32(x4233, x4214, x4168), cmovznz32(x4233, x4211, x4165), cmovznz32(x4233, x4208, x4162), cmovznz32(x4233, x4205, x4159), cmovznz32(x4233, x4202, x4156), cmovznz32(x4233, x4199, x4153), cmovznz32(x4233, x4196, x4150), cmovznz32(x4233, x4193, x4147), cmovznz32(x4233, x4190, x4144), cmovznz32(x4233, x4187, x4141))
     : ∀ var : Z.Syntax.base_type → Type, expr Z.Syntax.base_type Z.Syntax.op (uint32_t * uint32_t * uint32_t * uint32_t * uint32_t * uint32_t * uint32_t * uint32_t * uint32_t * uint32_t * uint32_t * uint32_t * uint32_t * uint32_t * uint32_t * (uint32_t * uint32_t * uint32_t * uint32_t * uint32_t * uint32_t * uint32_t * uint32_t * uint32_t * uint32_t * uint32_t * uint32_t * uint32_t * uint32_t * uint32_t) -> uint32_t * uint32_t * uint32_t * uint32_t * uint32_t * uint32_t * uint32_t * uint32_t * uint32_t * uint32_t * uint32_t * uint32_t * uint32_t * uint32_t * uint32_t)

Argument scope is [function_scope]
