mul = λ var : Z.Syntax.base_type → Type,
λ '(x22, x23, x21, x19, x17, x15, x13, x11, x9, x7, x5, x3, (x44, x45, x43, x41, x39, x37, x35, x33, x31, x29, x27, x25))%core,
uint32_t x47, uint32_t x48 = mulx_u32(x3, x25);
uint32_t x50, uint32_t x51 = mulx_u32(x3, x27);
uint32_t x53, uint32_t x54 = mulx_u32(x3, x29);
uint32_t x56, uint32_t x57 = mulx_u32(x3, x31);
uint32_t x59, uint32_t x60 = mulx_u32(x3, x33);
uint32_t x62, uint32_t x63 = mulx_u32(x3, x35);
uint32_t x65, uint32_t x66 = mulx_u32(x3, x37);
uint32_t x68, uint32_t x69 = mulx_u32(x3, x39);
uint32_t x71, uint32_t x72 = mulx_u32(x3, x41);
uint32_t x74, uint32_t x75 = mulx_u32(x3, x43);
uint32_t x77, uint32_t x78 = mulx_u32(x3, x45);
uint32_t x80, uint32_t x81 = mulx_u32(x3, x44);
uint32_t x83, uint8_t x84 = addcarryx_u32(0x0, x48, x50);
uint32_t x86, uint8_t x87 = addcarryx_u32(x84, x51, x53);
uint32_t x89, uint8_t x90 = addcarryx_u32(x87, x54, x56);
uint32_t x92, uint8_t x93 = addcarryx_u32(x90, x57, x59);
uint32_t x95, uint8_t x96 = addcarryx_u32(x93, x60, x62);
uint32_t x98, uint8_t x99 = addcarryx_u32(x96, x63, x65);
uint32_t x101, uint8_t x102 = addcarryx_u32(x99, x66, x68);
uint32_t x104, uint8_t x105 = addcarryx_u32(x102, x69, x71);
uint32_t x107, uint8_t x108 = addcarryx_u32(x105, x72, x74);
uint32_t x110, uint8_t x111 = addcarryx_u32(x108, x75, x77);
uint32_t x113, uint8_t x114 = addcarryx_u32(x111, x78, x80);
uint32_t x116, uint8_t _ = addcarryx_u32(0x0, x114, x81);
uint32_t x119, uint8_t x120 = addcarryx_u32(0x0, 0x0, x107);
uint32_t x122, uint8_t x123 = addcarryx_u32(x120, 0x0, x110);
uint32_t x125, uint8_t x126 = addcarryx_u32(x123, 0x0, x113);
uint32_t x128, uint8_t x129 = addcarryx_u32(x126, 0x0, x116);
uint32_t x131, uint32_t x132 = mulx_u32(x47, 0xffffffff);
uint32_t x134, uint32_t x135 = mulx_u32(x47, 0xffffffff);
uint32_t x137, uint32_t x138 = mulx_u32(x47, 0xfffffffe);
uint32_t x140, uint32_t x141 = mulx_u32(x47, 0xffffffff);
uint32_t x143, uint32_t x144 = mulx_u32(x47, 0xffffffff);
uint32_t x146, uint32_t x147 = mulx_u32(x47, 0xffffffff);
uint32_t x149, uint32_t x150 = mulx_u32(x47, 0xffffffff);
uint32_t x152, uint32_t x153 = mulx_u32(x47, 0xffffffff);
uint32_t x155, uint32_t x156 = mulx_u32(x47, 0xffffffff);
uint32_t x158, uint32_t x159 = mulx_u32(x47, 0xffffffff);
uint32_t x161, uint8_t x162 = addcarryx_u32(0x0, x135, x137);
uint32_t x164, uint8_t x165 = addcarryx_u32(x162, x138, x140);
uint32_t x167, uint8_t x168 = addcarryx_u32(x165, x141, x143);
uint32_t x170, uint8_t x171 = addcarryx_u32(x168, x144, x146);
uint32_t x173, uint8_t x174 = addcarryx_u32(x171, x147, x149);
uint32_t x176, uint8_t x177 = addcarryx_u32(x174, x150, x152);
uint32_t x179, uint8_t x180 = addcarryx_u32(x177, x153, x155);
uint32_t x182, uint8_t x183 = addcarryx_u32(x180, x156, x158);
uint32_t x185, uint8_t _ = addcarryx_u32(0x0, x183, x159);
uint32_t _, uint8_t x189 = addcarryx_u32(0x0, x47, x131);
uint32_t x191, uint8_t x192 = addcarryx_u32(x189, x83, x132);
uint32_t x194, uint8_t x195 = addcarryx_u32(x192, x86, 0x0);
uint32_t x197, uint8_t x198 = addcarryx_u32(x195, x89, x134);
uint32_t x200, uint8_t x201 = addcarryx_u32(x198, x92, x161);
uint32_t x203, uint8_t x204 = addcarryx_u32(x201, x95, x164);
uint32_t x206, uint8_t x207 = addcarryx_u32(x204, x98, x167);
uint32_t x209, uint8_t x210 = addcarryx_u32(x207, x101, x170);
uint32_t x212, uint8_t x213 = addcarryx_u32(x210, x104, x173);
uint32_t x215, uint8_t x216 = addcarryx_u32(x213, x119, x176);
uint32_t x218, uint8_t x219 = addcarryx_u32(x216, x122, x179);
uint32_t x221, uint8_t x222 = addcarryx_u32(x219, x125, x182);
uint32_t x224, uint8_t x225 = addcarryx_u32(x222, x128, x185);
uint8_t x226 = (x225 + x129);
uint32_t x228, uint32_t x229 = mulx_u32(x5, x25);
uint32_t x231, uint32_t x232 = mulx_u32(x5, x27);
uint32_t x234, uint32_t x235 = mulx_u32(x5, x29);
uint32_t x237, uint32_t x238 = mulx_u32(x5, x31);
uint32_t x240, uint32_t x241 = mulx_u32(x5, x33);
uint32_t x243, uint32_t x244 = mulx_u32(x5, x35);
uint32_t x246, uint32_t x247 = mulx_u32(x5, x37);
uint32_t x249, uint32_t x250 = mulx_u32(x5, x39);
uint32_t x252, uint32_t x253 = mulx_u32(x5, x41);
uint32_t x255, uint32_t x256 = mulx_u32(x5, x43);
uint32_t x258, uint32_t x259 = mulx_u32(x5, x45);
uint32_t x261, uint32_t x262 = mulx_u32(x5, x44);
uint32_t x264, uint8_t x265 = addcarryx_u32(0x0, x229, x231);
uint32_t x267, uint8_t x268 = addcarryx_u32(x265, x232, x234);
uint32_t x270, uint8_t x271 = addcarryx_u32(x268, x235, x237);
uint32_t x273, uint8_t x274 = addcarryx_u32(x271, x238, x240);
uint32_t x276, uint8_t x277 = addcarryx_u32(x274, x241, x243);
uint32_t x279, uint8_t x280 = addcarryx_u32(x277, x244, x246);
uint32_t x282, uint8_t x283 = addcarryx_u32(x280, x247, x249);
uint32_t x285, uint8_t x286 = addcarryx_u32(x283, x250, x252);
uint32_t x288, uint8_t x289 = addcarryx_u32(x286, x253, x255);
uint32_t x291, uint8_t x292 = addcarryx_u32(x289, x256, x258);
uint32_t x294, uint8_t x295 = addcarryx_u32(x292, x259, x261);
uint32_t x297, uint8_t _ = addcarryx_u32(0x0, x295, x262);
uint32_t x300, uint8_t x301 = addcarryx_u32(0x0, x191, x228);
uint32_t x303, uint8_t x304 = addcarryx_u32(x301, x194, x264);
uint32_t x306, uint8_t x307 = addcarryx_u32(x304, x197, x267);
uint32_t x309, uint8_t x310 = addcarryx_u32(x307, x200, x270);
uint32_t x312, uint8_t x313 = addcarryx_u32(x310, x203, x273);
uint32_t x315, uint8_t x316 = addcarryx_u32(x313, x206, x276);
uint32_t x318, uint8_t x319 = addcarryx_u32(x316, x209, x279);
uint32_t x321, uint8_t x322 = addcarryx_u32(x319, x212, x282);
uint32_t x324, uint8_t x325 = addcarryx_u32(x322, x215, x285);
uint32_t x327, uint8_t x328 = addcarryx_u32(x325, x218, x288);
uint32_t x330, uint8_t x331 = addcarryx_u32(x328, x221, x291);
uint32_t x333, uint8_t x334 = addcarryx_u32(x331, x224, x294);
uint32_t x336, uint8_t x337 = addcarryx_u32(x334, x226, x297);
uint32_t x339, uint32_t x340 = mulx_u32(x300, 0xffffffff);
uint32_t x342, uint32_t x343 = mulx_u32(x300, 0xffffffff);
uint32_t x345, uint32_t x346 = mulx_u32(x300, 0xfffffffe);
uint32_t x348, uint32_t x349 = mulx_u32(x300, 0xffffffff);
uint32_t x351, uint32_t x352 = mulx_u32(x300, 0xffffffff);
uint32_t x354, uint32_t x355 = mulx_u32(x300, 0xffffffff);
uint32_t x357, uint32_t x358 = mulx_u32(x300, 0xffffffff);
uint32_t x360, uint32_t x361 = mulx_u32(x300, 0xffffffff);
uint32_t x363, uint32_t x364 = mulx_u32(x300, 0xffffffff);
uint32_t x366, uint32_t x367 = mulx_u32(x300, 0xffffffff);
uint32_t x369, uint8_t x370 = addcarryx_u32(0x0, x343, x345);
uint32_t x372, uint8_t x373 = addcarryx_u32(x370, x346, x348);
uint32_t x375, uint8_t x376 = addcarryx_u32(x373, x349, x351);
uint32_t x378, uint8_t x379 = addcarryx_u32(x376, x352, x354);
uint32_t x381, uint8_t x382 = addcarryx_u32(x379, x355, x357);
uint32_t x384, uint8_t x385 = addcarryx_u32(x382, x358, x360);
uint32_t x387, uint8_t x388 = addcarryx_u32(x385, x361, x363);
uint32_t x390, uint8_t x391 = addcarryx_u32(x388, x364, x366);
uint32_t x393, uint8_t _ = addcarryx_u32(0x0, x391, x367);
uint32_t _, uint8_t x397 = addcarryx_u32(0x0, x300, x339);
uint32_t x399, uint8_t x400 = addcarryx_u32(x397, x303, x340);
uint32_t x402, uint8_t x403 = addcarryx_u32(x400, x306, 0x0);
uint32_t x405, uint8_t x406 = addcarryx_u32(x403, x309, x342);
uint32_t x408, uint8_t x409 = addcarryx_u32(x406, x312, x369);
uint32_t x411, uint8_t x412 = addcarryx_u32(x409, x315, x372);
uint32_t x414, uint8_t x415 = addcarryx_u32(x412, x318, x375);
uint32_t x417, uint8_t x418 = addcarryx_u32(x415, x321, x378);
uint32_t x420, uint8_t x421 = addcarryx_u32(x418, x324, x381);
uint32_t x423, uint8_t x424 = addcarryx_u32(x421, x327, x384);
uint32_t x426, uint8_t x427 = addcarryx_u32(x424, x330, x387);
uint32_t x429, uint8_t x430 = addcarryx_u32(x427, x333, x390);
uint32_t x432, uint8_t x433 = addcarryx_u32(x430, x336, x393);
uint8_t x434 = (x433 + x337);
uint32_t x436, uint32_t x437 = mulx_u32(x7, x25);
uint32_t x439, uint32_t x440 = mulx_u32(x7, x27);
uint32_t x442, uint32_t x443 = mulx_u32(x7, x29);
uint32_t x445, uint32_t x446 = mulx_u32(x7, x31);
uint32_t x448, uint32_t x449 = mulx_u32(x7, x33);
uint32_t x451, uint32_t x452 = mulx_u32(x7, x35);
uint32_t x454, uint32_t x455 = mulx_u32(x7, x37);
uint32_t x457, uint32_t x458 = mulx_u32(x7, x39);
uint32_t x460, uint32_t x461 = mulx_u32(x7, x41);
uint32_t x463, uint32_t x464 = mulx_u32(x7, x43);
uint32_t x466, uint32_t x467 = mulx_u32(x7, x45);
uint32_t x469, uint32_t x470 = mulx_u32(x7, x44);
uint32_t x472, uint8_t x473 = addcarryx_u32(0x0, x437, x439);
uint32_t x475, uint8_t x476 = addcarryx_u32(x473, x440, x442);
uint32_t x478, uint8_t x479 = addcarryx_u32(x476, x443, x445);
uint32_t x481, uint8_t x482 = addcarryx_u32(x479, x446, x448);
uint32_t x484, uint8_t x485 = addcarryx_u32(x482, x449, x451);
uint32_t x487, uint8_t x488 = addcarryx_u32(x485, x452, x454);
uint32_t x490, uint8_t x491 = addcarryx_u32(x488, x455, x457);
uint32_t x493, uint8_t x494 = addcarryx_u32(x491, x458, x460);
uint32_t x496, uint8_t x497 = addcarryx_u32(x494, x461, x463);
uint32_t x499, uint8_t x500 = addcarryx_u32(x497, x464, x466);
uint32_t x502, uint8_t x503 = addcarryx_u32(x500, x467, x469);
uint32_t x505, uint8_t _ = addcarryx_u32(0x0, x503, x470);
uint32_t x508, uint8_t x509 = addcarryx_u32(0x0, x399, x436);
uint32_t x511, uint8_t x512 = addcarryx_u32(x509, x402, x472);
uint32_t x514, uint8_t x515 = addcarryx_u32(x512, x405, x475);
uint32_t x517, uint8_t x518 = addcarryx_u32(x515, x408, x478);
uint32_t x520, uint8_t x521 = addcarryx_u32(x518, x411, x481);
uint32_t x523, uint8_t x524 = addcarryx_u32(x521, x414, x484);
uint32_t x526, uint8_t x527 = addcarryx_u32(x524, x417, x487);
uint32_t x529, uint8_t x530 = addcarryx_u32(x527, x420, x490);
uint32_t x532, uint8_t x533 = addcarryx_u32(x530, x423, x493);
uint32_t x535, uint8_t x536 = addcarryx_u32(x533, x426, x496);
uint32_t x538, uint8_t x539 = addcarryx_u32(x536, x429, x499);
uint32_t x541, uint8_t x542 = addcarryx_u32(x539, x432, x502);
uint32_t x544, uint8_t x545 = addcarryx_u32(x542, x434, x505);
uint32_t x547, uint32_t x548 = mulx_u32(x508, 0xffffffff);
uint32_t x550, uint32_t x551 = mulx_u32(x508, 0xffffffff);
uint32_t x553, uint32_t x554 = mulx_u32(x508, 0xfffffffe);
uint32_t x556, uint32_t x557 = mulx_u32(x508, 0xffffffff);
uint32_t x559, uint32_t x560 = mulx_u32(x508, 0xffffffff);
uint32_t x562, uint32_t x563 = mulx_u32(x508, 0xffffffff);
uint32_t x565, uint32_t x566 = mulx_u32(x508, 0xffffffff);
uint32_t x568, uint32_t x569 = mulx_u32(x508, 0xffffffff);
uint32_t x571, uint32_t x572 = mulx_u32(x508, 0xffffffff);
uint32_t x574, uint32_t x575 = mulx_u32(x508, 0xffffffff);
uint32_t x577, uint8_t x578 = addcarryx_u32(0x0, x551, x553);
uint32_t x580, uint8_t x581 = addcarryx_u32(x578, x554, x556);
uint32_t x583, uint8_t x584 = addcarryx_u32(x581, x557, x559);
uint32_t x586, uint8_t x587 = addcarryx_u32(x584, x560, x562);
uint32_t x589, uint8_t x590 = addcarryx_u32(x587, x563, x565);
uint32_t x592, uint8_t x593 = addcarryx_u32(x590, x566, x568);
uint32_t x595, uint8_t x596 = addcarryx_u32(x593, x569, x571);
uint32_t x598, uint8_t x599 = addcarryx_u32(x596, x572, x574);
uint32_t x601, uint8_t _ = addcarryx_u32(0x0, x599, x575);
uint32_t _, uint8_t x605 = addcarryx_u32(0x0, x508, x547);
uint32_t x607, uint8_t x608 = addcarryx_u32(x605, x511, x548);
uint32_t x610, uint8_t x611 = addcarryx_u32(x608, x514, 0x0);
uint32_t x613, uint8_t x614 = addcarryx_u32(x611, x517, x550);
uint32_t x616, uint8_t x617 = addcarryx_u32(x614, x520, x577);
uint32_t x619, uint8_t x620 = addcarryx_u32(x617, x523, x580);
uint32_t x622, uint8_t x623 = addcarryx_u32(x620, x526, x583);
uint32_t x625, uint8_t x626 = addcarryx_u32(x623, x529, x586);
uint32_t x628, uint8_t x629 = addcarryx_u32(x626, x532, x589);
uint32_t x631, uint8_t x632 = addcarryx_u32(x629, x535, x592);
uint32_t x634, uint8_t x635 = addcarryx_u32(x632, x538, x595);
uint32_t x637, uint8_t x638 = addcarryx_u32(x635, x541, x598);
uint32_t x640, uint8_t x641 = addcarryx_u32(x638, x544, x601);
uint8_t x642 = (x641 + x545);
uint32_t x644, uint32_t x645 = mulx_u32(x9, x25);
uint32_t x647, uint32_t x648 = mulx_u32(x9, x27);
uint32_t x650, uint32_t x651 = mulx_u32(x9, x29);
uint32_t x653, uint32_t x654 = mulx_u32(x9, x31);
uint32_t x656, uint32_t x657 = mulx_u32(x9, x33);
uint32_t x659, uint32_t x660 = mulx_u32(x9, x35);
uint32_t x662, uint32_t x663 = mulx_u32(x9, x37);
uint32_t x665, uint32_t x666 = mulx_u32(x9, x39);
uint32_t x668, uint32_t x669 = mulx_u32(x9, x41);
uint32_t x671, uint32_t x672 = mulx_u32(x9, x43);
uint32_t x674, uint32_t x675 = mulx_u32(x9, x45);
uint32_t x677, uint32_t x678 = mulx_u32(x9, x44);
uint32_t x680, uint8_t x681 = addcarryx_u32(0x0, x645, x647);
uint32_t x683, uint8_t x684 = addcarryx_u32(x681, x648, x650);
uint32_t x686, uint8_t x687 = addcarryx_u32(x684, x651, x653);
uint32_t x689, uint8_t x690 = addcarryx_u32(x687, x654, x656);
uint32_t x692, uint8_t x693 = addcarryx_u32(x690, x657, x659);
uint32_t x695, uint8_t x696 = addcarryx_u32(x693, x660, x662);
uint32_t x698, uint8_t x699 = addcarryx_u32(x696, x663, x665);
uint32_t x701, uint8_t x702 = addcarryx_u32(x699, x666, x668);
uint32_t x704, uint8_t x705 = addcarryx_u32(x702, x669, x671);
uint32_t x707, uint8_t x708 = addcarryx_u32(x705, x672, x674);
uint32_t x710, uint8_t x711 = addcarryx_u32(x708, x675, x677);
uint32_t x713, uint8_t _ = addcarryx_u32(0x0, x711, x678);
uint32_t x716, uint8_t x717 = addcarryx_u32(0x0, x607, x644);
uint32_t x719, uint8_t x720 = addcarryx_u32(x717, x610, x680);
uint32_t x722, uint8_t x723 = addcarryx_u32(x720, x613, x683);
uint32_t x725, uint8_t x726 = addcarryx_u32(x723, x616, x686);
uint32_t x728, uint8_t x729 = addcarryx_u32(x726, x619, x689);
uint32_t x731, uint8_t x732 = addcarryx_u32(x729, x622, x692);
uint32_t x734, uint8_t x735 = addcarryx_u32(x732, x625, x695);
uint32_t x737, uint8_t x738 = addcarryx_u32(x735, x628, x698);
uint32_t x740, uint8_t x741 = addcarryx_u32(x738, x631, x701);
uint32_t x743, uint8_t x744 = addcarryx_u32(x741, x634, x704);
uint32_t x746, uint8_t x747 = addcarryx_u32(x744, x637, x707);
uint32_t x749, uint8_t x750 = addcarryx_u32(x747, x640, x710);
uint32_t x752, uint8_t x753 = addcarryx_u32(x750, x642, x713);
uint32_t x755, uint32_t x756 = mulx_u32(x716, 0xffffffff);
uint32_t x758, uint32_t x759 = mulx_u32(x716, 0xffffffff);
uint32_t x761, uint32_t x762 = mulx_u32(x716, 0xfffffffe);
uint32_t x764, uint32_t x765 = mulx_u32(x716, 0xffffffff);
uint32_t x767, uint32_t x768 = mulx_u32(x716, 0xffffffff);
uint32_t x770, uint32_t x771 = mulx_u32(x716, 0xffffffff);
uint32_t x773, uint32_t x774 = mulx_u32(x716, 0xffffffff);
uint32_t x776, uint32_t x777 = mulx_u32(x716, 0xffffffff);
uint32_t x779, uint32_t x780 = mulx_u32(x716, 0xffffffff);
uint32_t x782, uint32_t x783 = mulx_u32(x716, 0xffffffff);
uint32_t x785, uint8_t x786 = addcarryx_u32(0x0, x759, x761);
uint32_t x788, uint8_t x789 = addcarryx_u32(x786, x762, x764);
uint32_t x791, uint8_t x792 = addcarryx_u32(x789, x765, x767);
uint32_t x794, uint8_t x795 = addcarryx_u32(x792, x768, x770);
uint32_t x797, uint8_t x798 = addcarryx_u32(x795, x771, x773);
uint32_t x800, uint8_t x801 = addcarryx_u32(x798, x774, x776);
uint32_t x803, uint8_t x804 = addcarryx_u32(x801, x777, x779);
uint32_t x806, uint8_t x807 = addcarryx_u32(x804, x780, x782);
uint32_t x809, uint8_t _ = addcarryx_u32(0x0, x807, x783);
uint32_t _, uint8_t x813 = addcarryx_u32(0x0, x716, x755);
uint32_t x815, uint8_t x816 = addcarryx_u32(x813, x719, x756);
uint32_t x818, uint8_t x819 = addcarryx_u32(x816, x722, 0x0);
uint32_t x821, uint8_t x822 = addcarryx_u32(x819, x725, x758);
uint32_t x824, uint8_t x825 = addcarryx_u32(x822, x728, x785);
uint32_t x827, uint8_t x828 = addcarryx_u32(x825, x731, x788);
uint32_t x830, uint8_t x831 = addcarryx_u32(x828, x734, x791);
uint32_t x833, uint8_t x834 = addcarryx_u32(x831, x737, x794);
uint32_t x836, uint8_t x837 = addcarryx_u32(x834, x740, x797);
uint32_t x839, uint8_t x840 = addcarryx_u32(x837, x743, x800);
uint32_t x842, uint8_t x843 = addcarryx_u32(x840, x746, x803);
uint32_t x845, uint8_t x846 = addcarryx_u32(x843, x749, x806);
uint32_t x848, uint8_t x849 = addcarryx_u32(x846, x752, x809);
uint8_t x850 = (x849 + x753);
uint32_t x852, uint32_t x853 = mulx_u32(x11, x25);
uint32_t x855, uint32_t x856 = mulx_u32(x11, x27);
uint32_t x858, uint32_t x859 = mulx_u32(x11, x29);
uint32_t x861, uint32_t x862 = mulx_u32(x11, x31);
uint32_t x864, uint32_t x865 = mulx_u32(x11, x33);
uint32_t x867, uint32_t x868 = mulx_u32(x11, x35);
uint32_t x870, uint32_t x871 = mulx_u32(x11, x37);
uint32_t x873, uint32_t x874 = mulx_u32(x11, x39);
uint32_t x876, uint32_t x877 = mulx_u32(x11, x41);
uint32_t x879, uint32_t x880 = mulx_u32(x11, x43);
uint32_t x882, uint32_t x883 = mulx_u32(x11, x45);
uint32_t x885, uint32_t x886 = mulx_u32(x11, x44);
uint32_t x888, uint8_t x889 = addcarryx_u32(0x0, x853, x855);
uint32_t x891, uint8_t x892 = addcarryx_u32(x889, x856, x858);
uint32_t x894, uint8_t x895 = addcarryx_u32(x892, x859, x861);
uint32_t x897, uint8_t x898 = addcarryx_u32(x895, x862, x864);
uint32_t x900, uint8_t x901 = addcarryx_u32(x898, x865, x867);
uint32_t x903, uint8_t x904 = addcarryx_u32(x901, x868, x870);
uint32_t x906, uint8_t x907 = addcarryx_u32(x904, x871, x873);
uint32_t x909, uint8_t x910 = addcarryx_u32(x907, x874, x876);
uint32_t x912, uint8_t x913 = addcarryx_u32(x910, x877, x879);
uint32_t x915, uint8_t x916 = addcarryx_u32(x913, x880, x882);
uint32_t x918, uint8_t x919 = addcarryx_u32(x916, x883, x885);
uint32_t x921, uint8_t _ = addcarryx_u32(0x0, x919, x886);
uint32_t x924, uint8_t x925 = addcarryx_u32(0x0, x815, x852);
uint32_t x927, uint8_t x928 = addcarryx_u32(x925, x818, x888);
uint32_t x930, uint8_t x931 = addcarryx_u32(x928, x821, x891);
uint32_t x933, uint8_t x934 = addcarryx_u32(x931, x824, x894);
uint32_t x936, uint8_t x937 = addcarryx_u32(x934, x827, x897);
uint32_t x939, uint8_t x940 = addcarryx_u32(x937, x830, x900);
uint32_t x942, uint8_t x943 = addcarryx_u32(x940, x833, x903);
uint32_t x945, uint8_t x946 = addcarryx_u32(x943, x836, x906);
uint32_t x948, uint8_t x949 = addcarryx_u32(x946, x839, x909);
uint32_t x951, uint8_t x952 = addcarryx_u32(x949, x842, x912);
uint32_t x954, uint8_t x955 = addcarryx_u32(x952, x845, x915);
uint32_t x957, uint8_t x958 = addcarryx_u32(x955, x848, x918);
uint32_t x960, uint8_t x961 = addcarryx_u32(x958, x850, x921);
uint32_t x963, uint32_t x964 = mulx_u32(x924, 0xffffffff);
uint32_t x966, uint32_t x967 = mulx_u32(x924, 0xffffffff);
uint32_t x969, uint32_t x970 = mulx_u32(x924, 0xfffffffe);
uint32_t x972, uint32_t x973 = mulx_u32(x924, 0xffffffff);
uint32_t x975, uint32_t x976 = mulx_u32(x924, 0xffffffff);
uint32_t x978, uint32_t x979 = mulx_u32(x924, 0xffffffff);
uint32_t x981, uint32_t x982 = mulx_u32(x924, 0xffffffff);
uint32_t x984, uint32_t x985 = mulx_u32(x924, 0xffffffff);
uint32_t x987, uint32_t x988 = mulx_u32(x924, 0xffffffff);
uint32_t x990, uint32_t x991 = mulx_u32(x924, 0xffffffff);
uint32_t x993, uint8_t x994 = addcarryx_u32(0x0, x967, x969);
uint32_t x996, uint8_t x997 = addcarryx_u32(x994, x970, x972);
uint32_t x999, uint8_t x1000 = addcarryx_u32(x997, x973, x975);
uint32_t x1002, uint8_t x1003 = addcarryx_u32(x1000, x976, x978);
uint32_t x1005, uint8_t x1006 = addcarryx_u32(x1003, x979, x981);
uint32_t x1008, uint8_t x1009 = addcarryx_u32(x1006, x982, x984);
uint32_t x1011, uint8_t x1012 = addcarryx_u32(x1009, x985, x987);
uint32_t x1014, uint8_t x1015 = addcarryx_u32(x1012, x988, x990);
uint32_t x1017, uint8_t _ = addcarryx_u32(0x0, x1015, x991);
uint32_t _, uint8_t x1021 = addcarryx_u32(0x0, x924, x963);
uint32_t x1023, uint8_t x1024 = addcarryx_u32(x1021, x927, x964);
uint32_t x1026, uint8_t x1027 = addcarryx_u32(x1024, x930, 0x0);
uint32_t x1029, uint8_t x1030 = addcarryx_u32(x1027, x933, x966);
uint32_t x1032, uint8_t x1033 = addcarryx_u32(x1030, x936, x993);
uint32_t x1035, uint8_t x1036 = addcarryx_u32(x1033, x939, x996);
uint32_t x1038, uint8_t x1039 = addcarryx_u32(x1036, x942, x999);
uint32_t x1041, uint8_t x1042 = addcarryx_u32(x1039, x945, x1002);
uint32_t x1044, uint8_t x1045 = addcarryx_u32(x1042, x948, x1005);
uint32_t x1047, uint8_t x1048 = addcarryx_u32(x1045, x951, x1008);
uint32_t x1050, uint8_t x1051 = addcarryx_u32(x1048, x954, x1011);
uint32_t x1053, uint8_t x1054 = addcarryx_u32(x1051, x957, x1014);
uint32_t x1056, uint8_t x1057 = addcarryx_u32(x1054, x960, x1017);
uint8_t x1058 = (x1057 + x961);
uint32_t x1060, uint32_t x1061 = mulx_u32(x13, x25);
uint32_t x1063, uint32_t x1064 = mulx_u32(x13, x27);
uint32_t x1066, uint32_t x1067 = mulx_u32(x13, x29);
uint32_t x1069, uint32_t x1070 = mulx_u32(x13, x31);
uint32_t x1072, uint32_t x1073 = mulx_u32(x13, x33);
uint32_t x1075, uint32_t x1076 = mulx_u32(x13, x35);
uint32_t x1078, uint32_t x1079 = mulx_u32(x13, x37);
uint32_t x1081, uint32_t x1082 = mulx_u32(x13, x39);
uint32_t x1084, uint32_t x1085 = mulx_u32(x13, x41);
uint32_t x1087, uint32_t x1088 = mulx_u32(x13, x43);
uint32_t x1090, uint32_t x1091 = mulx_u32(x13, x45);
uint32_t x1093, uint32_t x1094 = mulx_u32(x13, x44);
uint32_t x1096, uint8_t x1097 = addcarryx_u32(0x0, x1061, x1063);
uint32_t x1099, uint8_t x1100 = addcarryx_u32(x1097, x1064, x1066);
uint32_t x1102, uint8_t x1103 = addcarryx_u32(x1100, x1067, x1069);
uint32_t x1105, uint8_t x1106 = addcarryx_u32(x1103, x1070, x1072);
uint32_t x1108, uint8_t x1109 = addcarryx_u32(x1106, x1073, x1075);
uint32_t x1111, uint8_t x1112 = addcarryx_u32(x1109, x1076, x1078);
uint32_t x1114, uint8_t x1115 = addcarryx_u32(x1112, x1079, x1081);
uint32_t x1117, uint8_t x1118 = addcarryx_u32(x1115, x1082, x1084);
uint32_t x1120, uint8_t x1121 = addcarryx_u32(x1118, x1085, x1087);
uint32_t x1123, uint8_t x1124 = addcarryx_u32(x1121, x1088, x1090);
uint32_t x1126, uint8_t x1127 = addcarryx_u32(x1124, x1091, x1093);
uint32_t x1129, uint8_t _ = addcarryx_u32(0x0, x1127, x1094);
uint32_t x1132, uint8_t x1133 = addcarryx_u32(0x0, x1023, x1060);
uint32_t x1135, uint8_t x1136 = addcarryx_u32(x1133, x1026, x1096);
uint32_t x1138, uint8_t x1139 = addcarryx_u32(x1136, x1029, x1099);
uint32_t x1141, uint8_t x1142 = addcarryx_u32(x1139, x1032, x1102);
uint32_t x1144, uint8_t x1145 = addcarryx_u32(x1142, x1035, x1105);
uint32_t x1147, uint8_t x1148 = addcarryx_u32(x1145, x1038, x1108);
uint32_t x1150, uint8_t x1151 = addcarryx_u32(x1148, x1041, x1111);
uint32_t x1153, uint8_t x1154 = addcarryx_u32(x1151, x1044, x1114);
uint32_t x1156, uint8_t x1157 = addcarryx_u32(x1154, x1047, x1117);
uint32_t x1159, uint8_t x1160 = addcarryx_u32(x1157, x1050, x1120);
uint32_t x1162, uint8_t x1163 = addcarryx_u32(x1160, x1053, x1123);
uint32_t x1165, uint8_t x1166 = addcarryx_u32(x1163, x1056, x1126);
uint32_t x1168, uint8_t x1169 = addcarryx_u32(x1166, x1058, x1129);
uint32_t x1171, uint32_t x1172 = mulx_u32(x1132, 0xffffffff);
uint32_t x1174, uint32_t x1175 = mulx_u32(x1132, 0xffffffff);
uint32_t x1177, uint32_t x1178 = mulx_u32(x1132, 0xfffffffe);
uint32_t x1180, uint32_t x1181 = mulx_u32(x1132, 0xffffffff);
uint32_t x1183, uint32_t x1184 = mulx_u32(x1132, 0xffffffff);
uint32_t x1186, uint32_t x1187 = mulx_u32(x1132, 0xffffffff);
uint32_t x1189, uint32_t x1190 = mulx_u32(x1132, 0xffffffff);
uint32_t x1192, uint32_t x1193 = mulx_u32(x1132, 0xffffffff);
uint32_t x1195, uint32_t x1196 = mulx_u32(x1132, 0xffffffff);
uint32_t x1198, uint32_t x1199 = mulx_u32(x1132, 0xffffffff);
uint32_t x1201, uint8_t x1202 = addcarryx_u32(0x0, x1175, x1177);
uint32_t x1204, uint8_t x1205 = addcarryx_u32(x1202, x1178, x1180);
uint32_t x1207, uint8_t x1208 = addcarryx_u32(x1205, x1181, x1183);
uint32_t x1210, uint8_t x1211 = addcarryx_u32(x1208, x1184, x1186);
uint32_t x1213, uint8_t x1214 = addcarryx_u32(x1211, x1187, x1189);
uint32_t x1216, uint8_t x1217 = addcarryx_u32(x1214, x1190, x1192);
uint32_t x1219, uint8_t x1220 = addcarryx_u32(x1217, x1193, x1195);
uint32_t x1222, uint8_t x1223 = addcarryx_u32(x1220, x1196, x1198);
uint32_t x1225, uint8_t _ = addcarryx_u32(0x0, x1223, x1199);
uint32_t _, uint8_t x1229 = addcarryx_u32(0x0, x1132, x1171);
uint32_t x1231, uint8_t x1232 = addcarryx_u32(x1229, x1135, x1172);
uint32_t x1234, uint8_t x1235 = addcarryx_u32(x1232, x1138, 0x0);
uint32_t x1237, uint8_t x1238 = addcarryx_u32(x1235, x1141, x1174);
uint32_t x1240, uint8_t x1241 = addcarryx_u32(x1238, x1144, x1201);
uint32_t x1243, uint8_t x1244 = addcarryx_u32(x1241, x1147, x1204);
uint32_t x1246, uint8_t x1247 = addcarryx_u32(x1244, x1150, x1207);
uint32_t x1249, uint8_t x1250 = addcarryx_u32(x1247, x1153, x1210);
uint32_t x1252, uint8_t x1253 = addcarryx_u32(x1250, x1156, x1213);
uint32_t x1255, uint8_t x1256 = addcarryx_u32(x1253, x1159, x1216);
uint32_t x1258, uint8_t x1259 = addcarryx_u32(x1256, x1162, x1219);
uint32_t x1261, uint8_t x1262 = addcarryx_u32(x1259, x1165, x1222);
uint32_t x1264, uint8_t x1265 = addcarryx_u32(x1262, x1168, x1225);
uint8_t x1266 = (x1265 + x1169);
uint32_t x1268, uint32_t x1269 = mulx_u32(x15, x25);
uint32_t x1271, uint32_t x1272 = mulx_u32(x15, x27);
uint32_t x1274, uint32_t x1275 = mulx_u32(x15, x29);
uint32_t x1277, uint32_t x1278 = mulx_u32(x15, x31);
uint32_t x1280, uint32_t x1281 = mulx_u32(x15, x33);
uint32_t x1283, uint32_t x1284 = mulx_u32(x15, x35);
uint32_t x1286, uint32_t x1287 = mulx_u32(x15, x37);
uint32_t x1289, uint32_t x1290 = mulx_u32(x15, x39);
uint32_t x1292, uint32_t x1293 = mulx_u32(x15, x41);
uint32_t x1295, uint32_t x1296 = mulx_u32(x15, x43);
uint32_t x1298, uint32_t x1299 = mulx_u32(x15, x45);
uint32_t x1301, uint32_t x1302 = mulx_u32(x15, x44);
uint32_t x1304, uint8_t x1305 = addcarryx_u32(0x0, x1269, x1271);
uint32_t x1307, uint8_t x1308 = addcarryx_u32(x1305, x1272, x1274);
uint32_t x1310, uint8_t x1311 = addcarryx_u32(x1308, x1275, x1277);
uint32_t x1313, uint8_t x1314 = addcarryx_u32(x1311, x1278, x1280);
uint32_t x1316, uint8_t x1317 = addcarryx_u32(x1314, x1281, x1283);
uint32_t x1319, uint8_t x1320 = addcarryx_u32(x1317, x1284, x1286);
uint32_t x1322, uint8_t x1323 = addcarryx_u32(x1320, x1287, x1289);
uint32_t x1325, uint8_t x1326 = addcarryx_u32(x1323, x1290, x1292);
uint32_t x1328, uint8_t x1329 = addcarryx_u32(x1326, x1293, x1295);
uint32_t x1331, uint8_t x1332 = addcarryx_u32(x1329, x1296, x1298);
uint32_t x1334, uint8_t x1335 = addcarryx_u32(x1332, x1299, x1301);
uint32_t x1337, uint8_t _ = addcarryx_u32(0x0, x1335, x1302);
uint32_t x1340, uint8_t x1341 = addcarryx_u32(0x0, x1231, x1268);
uint32_t x1343, uint8_t x1344 = addcarryx_u32(x1341, x1234, x1304);
uint32_t x1346, uint8_t x1347 = addcarryx_u32(x1344, x1237, x1307);
uint32_t x1349, uint8_t x1350 = addcarryx_u32(x1347, x1240, x1310);
uint32_t x1352, uint8_t x1353 = addcarryx_u32(x1350, x1243, x1313);
uint32_t x1355, uint8_t x1356 = addcarryx_u32(x1353, x1246, x1316);
uint32_t x1358, uint8_t x1359 = addcarryx_u32(x1356, x1249, x1319);
uint32_t x1361, uint8_t x1362 = addcarryx_u32(x1359, x1252, x1322);
uint32_t x1364, uint8_t x1365 = addcarryx_u32(x1362, x1255, x1325);
uint32_t x1367, uint8_t x1368 = addcarryx_u32(x1365, x1258, x1328);
uint32_t x1370, uint8_t x1371 = addcarryx_u32(x1368, x1261, x1331);
uint32_t x1373, uint8_t x1374 = addcarryx_u32(x1371, x1264, x1334);
uint32_t x1376, uint8_t x1377 = addcarryx_u32(x1374, x1266, x1337);
uint32_t x1379, uint32_t x1380 = mulx_u32(x1340, 0xffffffff);
uint32_t x1382, uint32_t x1383 = mulx_u32(x1340, 0xffffffff);
uint32_t x1385, uint32_t x1386 = mulx_u32(x1340, 0xfffffffe);
uint32_t x1388, uint32_t x1389 = mulx_u32(x1340, 0xffffffff);
uint32_t x1391, uint32_t x1392 = mulx_u32(x1340, 0xffffffff);
uint32_t x1394, uint32_t x1395 = mulx_u32(x1340, 0xffffffff);
uint32_t x1397, uint32_t x1398 = mulx_u32(x1340, 0xffffffff);
uint32_t x1400, uint32_t x1401 = mulx_u32(x1340, 0xffffffff);
uint32_t x1403, uint32_t x1404 = mulx_u32(x1340, 0xffffffff);
uint32_t x1406, uint32_t x1407 = mulx_u32(x1340, 0xffffffff);
uint32_t x1409, uint8_t x1410 = addcarryx_u32(0x0, x1383, x1385);
uint32_t x1412, uint8_t x1413 = addcarryx_u32(x1410, x1386, x1388);
uint32_t x1415, uint8_t x1416 = addcarryx_u32(x1413, x1389, x1391);
uint32_t x1418, uint8_t x1419 = addcarryx_u32(x1416, x1392, x1394);
uint32_t x1421, uint8_t x1422 = addcarryx_u32(x1419, x1395, x1397);
uint32_t x1424, uint8_t x1425 = addcarryx_u32(x1422, x1398, x1400);
uint32_t x1427, uint8_t x1428 = addcarryx_u32(x1425, x1401, x1403);
uint32_t x1430, uint8_t x1431 = addcarryx_u32(x1428, x1404, x1406);
uint32_t x1433, uint8_t _ = addcarryx_u32(0x0, x1431, x1407);
uint32_t _, uint8_t x1437 = addcarryx_u32(0x0, x1340, x1379);
uint32_t x1439, uint8_t x1440 = addcarryx_u32(x1437, x1343, x1380);
uint32_t x1442, uint8_t x1443 = addcarryx_u32(x1440, x1346, 0x0);
uint32_t x1445, uint8_t x1446 = addcarryx_u32(x1443, x1349, x1382);
uint32_t x1448, uint8_t x1449 = addcarryx_u32(x1446, x1352, x1409);
uint32_t x1451, uint8_t x1452 = addcarryx_u32(x1449, x1355, x1412);
uint32_t x1454, uint8_t x1455 = addcarryx_u32(x1452, x1358, x1415);
uint32_t x1457, uint8_t x1458 = addcarryx_u32(x1455, x1361, x1418);
uint32_t x1460, uint8_t x1461 = addcarryx_u32(x1458, x1364, x1421);
uint32_t x1463, uint8_t x1464 = addcarryx_u32(x1461, x1367, x1424);
uint32_t x1466, uint8_t x1467 = addcarryx_u32(x1464, x1370, x1427);
uint32_t x1469, uint8_t x1470 = addcarryx_u32(x1467, x1373, x1430);
uint32_t x1472, uint8_t x1473 = addcarryx_u32(x1470, x1376, x1433);
uint8_t x1474 = (x1473 + x1377);
uint32_t x1476, uint32_t x1477 = mulx_u32(x17, x25);
uint32_t x1479, uint32_t x1480 = mulx_u32(x17, x27);
uint32_t x1482, uint32_t x1483 = mulx_u32(x17, x29);
uint32_t x1485, uint32_t x1486 = mulx_u32(x17, x31);
uint32_t x1488, uint32_t x1489 = mulx_u32(x17, x33);
uint32_t x1491, uint32_t x1492 = mulx_u32(x17, x35);
uint32_t x1494, uint32_t x1495 = mulx_u32(x17, x37);
uint32_t x1497, uint32_t x1498 = mulx_u32(x17, x39);
uint32_t x1500, uint32_t x1501 = mulx_u32(x17, x41);
uint32_t x1503, uint32_t x1504 = mulx_u32(x17, x43);
uint32_t x1506, uint32_t x1507 = mulx_u32(x17, x45);
uint32_t x1509, uint32_t x1510 = mulx_u32(x17, x44);
uint32_t x1512, uint8_t x1513 = addcarryx_u32(0x0, x1477, x1479);
uint32_t x1515, uint8_t x1516 = addcarryx_u32(x1513, x1480, x1482);
uint32_t x1518, uint8_t x1519 = addcarryx_u32(x1516, x1483, x1485);
uint32_t x1521, uint8_t x1522 = addcarryx_u32(x1519, x1486, x1488);
uint32_t x1524, uint8_t x1525 = addcarryx_u32(x1522, x1489, x1491);
uint32_t x1527, uint8_t x1528 = addcarryx_u32(x1525, x1492, x1494);
uint32_t x1530, uint8_t x1531 = addcarryx_u32(x1528, x1495, x1497);
uint32_t x1533, uint8_t x1534 = addcarryx_u32(x1531, x1498, x1500);
uint32_t x1536, uint8_t x1537 = addcarryx_u32(x1534, x1501, x1503);
uint32_t x1539, uint8_t x1540 = addcarryx_u32(x1537, x1504, x1506);
uint32_t x1542, uint8_t x1543 = addcarryx_u32(x1540, x1507, x1509);
uint32_t x1545, uint8_t _ = addcarryx_u32(0x0, x1543, x1510);
uint32_t x1548, uint8_t x1549 = addcarryx_u32(0x0, x1439, x1476);
uint32_t x1551, uint8_t x1552 = addcarryx_u32(x1549, x1442, x1512);
uint32_t x1554, uint8_t x1555 = addcarryx_u32(x1552, x1445, x1515);
uint32_t x1557, uint8_t x1558 = addcarryx_u32(x1555, x1448, x1518);
uint32_t x1560, uint8_t x1561 = addcarryx_u32(x1558, x1451, x1521);
uint32_t x1563, uint8_t x1564 = addcarryx_u32(x1561, x1454, x1524);
uint32_t x1566, uint8_t x1567 = addcarryx_u32(x1564, x1457, x1527);
uint32_t x1569, uint8_t x1570 = addcarryx_u32(x1567, x1460, x1530);
uint32_t x1572, uint8_t x1573 = addcarryx_u32(x1570, x1463, x1533);
uint32_t x1575, uint8_t x1576 = addcarryx_u32(x1573, x1466, x1536);
uint32_t x1578, uint8_t x1579 = addcarryx_u32(x1576, x1469, x1539);
uint32_t x1581, uint8_t x1582 = addcarryx_u32(x1579, x1472, x1542);
uint32_t x1584, uint8_t x1585 = addcarryx_u32(x1582, x1474, x1545);
uint32_t x1587, uint32_t x1588 = mulx_u32(x1548, 0xffffffff);
uint32_t x1590, uint32_t x1591 = mulx_u32(x1548, 0xffffffff);
uint32_t x1593, uint32_t x1594 = mulx_u32(x1548, 0xfffffffe);
uint32_t x1596, uint32_t x1597 = mulx_u32(x1548, 0xffffffff);
uint32_t x1599, uint32_t x1600 = mulx_u32(x1548, 0xffffffff);
uint32_t x1602, uint32_t x1603 = mulx_u32(x1548, 0xffffffff);
uint32_t x1605, uint32_t x1606 = mulx_u32(x1548, 0xffffffff);
uint32_t x1608, uint32_t x1609 = mulx_u32(x1548, 0xffffffff);
uint32_t x1611, uint32_t x1612 = mulx_u32(x1548, 0xffffffff);
uint32_t x1614, uint32_t x1615 = mulx_u32(x1548, 0xffffffff);
uint32_t x1617, uint8_t x1618 = addcarryx_u32(0x0, x1591, x1593);
uint32_t x1620, uint8_t x1621 = addcarryx_u32(x1618, x1594, x1596);
uint32_t x1623, uint8_t x1624 = addcarryx_u32(x1621, x1597, x1599);
uint32_t x1626, uint8_t x1627 = addcarryx_u32(x1624, x1600, x1602);
uint32_t x1629, uint8_t x1630 = addcarryx_u32(x1627, x1603, x1605);
uint32_t x1632, uint8_t x1633 = addcarryx_u32(x1630, x1606, x1608);
uint32_t x1635, uint8_t x1636 = addcarryx_u32(x1633, x1609, x1611);
uint32_t x1638, uint8_t x1639 = addcarryx_u32(x1636, x1612, x1614);
uint32_t x1641, uint8_t _ = addcarryx_u32(0x0, x1639, x1615);
uint32_t _, uint8_t x1645 = addcarryx_u32(0x0, x1548, x1587);
uint32_t x1647, uint8_t x1648 = addcarryx_u32(x1645, x1551, x1588);
uint32_t x1650, uint8_t x1651 = addcarryx_u32(x1648, x1554, 0x0);
uint32_t x1653, uint8_t x1654 = addcarryx_u32(x1651, x1557, x1590);
uint32_t x1656, uint8_t x1657 = addcarryx_u32(x1654, x1560, x1617);
uint32_t x1659, uint8_t x1660 = addcarryx_u32(x1657, x1563, x1620);
uint32_t x1662, uint8_t x1663 = addcarryx_u32(x1660, x1566, x1623);
uint32_t x1665, uint8_t x1666 = addcarryx_u32(x1663, x1569, x1626);
uint32_t x1668, uint8_t x1669 = addcarryx_u32(x1666, x1572, x1629);
uint32_t x1671, uint8_t x1672 = addcarryx_u32(x1669, x1575, x1632);
uint32_t x1674, uint8_t x1675 = addcarryx_u32(x1672, x1578, x1635);
uint32_t x1677, uint8_t x1678 = addcarryx_u32(x1675, x1581, x1638);
uint32_t x1680, uint8_t x1681 = addcarryx_u32(x1678, x1584, x1641);
uint8_t x1682 = (x1681 + x1585);
uint32_t x1684, uint32_t x1685 = mulx_u32(x19, x25);
uint32_t x1687, uint32_t x1688 = mulx_u32(x19, x27);
uint32_t x1690, uint32_t x1691 = mulx_u32(x19, x29);
uint32_t x1693, uint32_t x1694 = mulx_u32(x19, x31);
uint32_t x1696, uint32_t x1697 = mulx_u32(x19, x33);
uint32_t x1699, uint32_t x1700 = mulx_u32(x19, x35);
uint32_t x1702, uint32_t x1703 = mulx_u32(x19, x37);
uint32_t x1705, uint32_t x1706 = mulx_u32(x19, x39);
uint32_t x1708, uint32_t x1709 = mulx_u32(x19, x41);
uint32_t x1711, uint32_t x1712 = mulx_u32(x19, x43);
uint32_t x1714, uint32_t x1715 = mulx_u32(x19, x45);
uint32_t x1717, uint32_t x1718 = mulx_u32(x19, x44);
uint32_t x1720, uint8_t x1721 = addcarryx_u32(0x0, x1685, x1687);
uint32_t x1723, uint8_t x1724 = addcarryx_u32(x1721, x1688, x1690);
uint32_t x1726, uint8_t x1727 = addcarryx_u32(x1724, x1691, x1693);
uint32_t x1729, uint8_t x1730 = addcarryx_u32(x1727, x1694, x1696);
uint32_t x1732, uint8_t x1733 = addcarryx_u32(x1730, x1697, x1699);
uint32_t x1735, uint8_t x1736 = addcarryx_u32(x1733, x1700, x1702);
uint32_t x1738, uint8_t x1739 = addcarryx_u32(x1736, x1703, x1705);
uint32_t x1741, uint8_t x1742 = addcarryx_u32(x1739, x1706, x1708);
uint32_t x1744, uint8_t x1745 = addcarryx_u32(x1742, x1709, x1711);
uint32_t x1747, uint8_t x1748 = addcarryx_u32(x1745, x1712, x1714);
uint32_t x1750, uint8_t x1751 = addcarryx_u32(x1748, x1715, x1717);
uint32_t x1753, uint8_t _ = addcarryx_u32(0x0, x1751, x1718);
uint32_t x1756, uint8_t x1757 = addcarryx_u32(0x0, x1647, x1684);
uint32_t x1759, uint8_t x1760 = addcarryx_u32(x1757, x1650, x1720);
uint32_t x1762, uint8_t x1763 = addcarryx_u32(x1760, x1653, x1723);
uint32_t x1765, uint8_t x1766 = addcarryx_u32(x1763, x1656, x1726);
uint32_t x1768, uint8_t x1769 = addcarryx_u32(x1766, x1659, x1729);
uint32_t x1771, uint8_t x1772 = addcarryx_u32(x1769, x1662, x1732);
uint32_t x1774, uint8_t x1775 = addcarryx_u32(x1772, x1665, x1735);
uint32_t x1777, uint8_t x1778 = addcarryx_u32(x1775, x1668, x1738);
uint32_t x1780, uint8_t x1781 = addcarryx_u32(x1778, x1671, x1741);
uint32_t x1783, uint8_t x1784 = addcarryx_u32(x1781, x1674, x1744);
uint32_t x1786, uint8_t x1787 = addcarryx_u32(x1784, x1677, x1747);
uint32_t x1789, uint8_t x1790 = addcarryx_u32(x1787, x1680, x1750);
uint32_t x1792, uint8_t x1793 = addcarryx_u32(x1790, x1682, x1753);
uint32_t x1795, uint32_t x1796 = mulx_u32(x1756, 0xffffffff);
uint32_t x1798, uint32_t x1799 = mulx_u32(x1756, 0xffffffff);
uint32_t x1801, uint32_t x1802 = mulx_u32(x1756, 0xfffffffe);
uint32_t x1804, uint32_t x1805 = mulx_u32(x1756, 0xffffffff);
uint32_t x1807, uint32_t x1808 = mulx_u32(x1756, 0xffffffff);
uint32_t x1810, uint32_t x1811 = mulx_u32(x1756, 0xffffffff);
uint32_t x1813, uint32_t x1814 = mulx_u32(x1756, 0xffffffff);
uint32_t x1816, uint32_t x1817 = mulx_u32(x1756, 0xffffffff);
uint32_t x1819, uint32_t x1820 = mulx_u32(x1756, 0xffffffff);
uint32_t x1822, uint32_t x1823 = mulx_u32(x1756, 0xffffffff);
uint32_t x1825, uint8_t x1826 = addcarryx_u32(0x0, x1799, x1801);
uint32_t x1828, uint8_t x1829 = addcarryx_u32(x1826, x1802, x1804);
uint32_t x1831, uint8_t x1832 = addcarryx_u32(x1829, x1805, x1807);
uint32_t x1834, uint8_t x1835 = addcarryx_u32(x1832, x1808, x1810);
uint32_t x1837, uint8_t x1838 = addcarryx_u32(x1835, x1811, x1813);
uint32_t x1840, uint8_t x1841 = addcarryx_u32(x1838, x1814, x1816);
uint32_t x1843, uint8_t x1844 = addcarryx_u32(x1841, x1817, x1819);
uint32_t x1846, uint8_t x1847 = addcarryx_u32(x1844, x1820, x1822);
uint32_t x1849, uint8_t _ = addcarryx_u32(0x0, x1847, x1823);
uint32_t _, uint8_t x1853 = addcarryx_u32(0x0, x1756, x1795);
uint32_t x1855, uint8_t x1856 = addcarryx_u32(x1853, x1759, x1796);
uint32_t x1858, uint8_t x1859 = addcarryx_u32(x1856, x1762, 0x0);
uint32_t x1861, uint8_t x1862 = addcarryx_u32(x1859, x1765, x1798);
uint32_t x1864, uint8_t x1865 = addcarryx_u32(x1862, x1768, x1825);
uint32_t x1867, uint8_t x1868 = addcarryx_u32(x1865, x1771, x1828);
uint32_t x1870, uint8_t x1871 = addcarryx_u32(x1868, x1774, x1831);
uint32_t x1873, uint8_t x1874 = addcarryx_u32(x1871, x1777, x1834);
uint32_t x1876, uint8_t x1877 = addcarryx_u32(x1874, x1780, x1837);
uint32_t x1879, uint8_t x1880 = addcarryx_u32(x1877, x1783, x1840);
uint32_t x1882, uint8_t x1883 = addcarryx_u32(x1880, x1786, x1843);
uint32_t x1885, uint8_t x1886 = addcarryx_u32(x1883, x1789, x1846);
uint32_t x1888, uint8_t x1889 = addcarryx_u32(x1886, x1792, x1849);
uint8_t x1890 = (x1889 + x1793);
uint32_t x1892, uint32_t x1893 = mulx_u32(x21, x25);
uint32_t x1895, uint32_t x1896 = mulx_u32(x21, x27);
uint32_t x1898, uint32_t x1899 = mulx_u32(x21, x29);
uint32_t x1901, uint32_t x1902 = mulx_u32(x21, x31);
uint32_t x1904, uint32_t x1905 = mulx_u32(x21, x33);
uint32_t x1907, uint32_t x1908 = mulx_u32(x21, x35);
uint32_t x1910, uint32_t x1911 = mulx_u32(x21, x37);
uint32_t x1913, uint32_t x1914 = mulx_u32(x21, x39);
uint32_t x1916, uint32_t x1917 = mulx_u32(x21, x41);
uint32_t x1919, uint32_t x1920 = mulx_u32(x21, x43);
uint32_t x1922, uint32_t x1923 = mulx_u32(x21, x45);
uint32_t x1925, uint32_t x1926 = mulx_u32(x21, x44);
uint32_t x1928, uint8_t x1929 = addcarryx_u32(0x0, x1893, x1895);
uint32_t x1931, uint8_t x1932 = addcarryx_u32(x1929, x1896, x1898);
uint32_t x1934, uint8_t x1935 = addcarryx_u32(x1932, x1899, x1901);
uint32_t x1937, uint8_t x1938 = addcarryx_u32(x1935, x1902, x1904);
uint32_t x1940, uint8_t x1941 = addcarryx_u32(x1938, x1905, x1907);
uint32_t x1943, uint8_t x1944 = addcarryx_u32(x1941, x1908, x1910);
uint32_t x1946, uint8_t x1947 = addcarryx_u32(x1944, x1911, x1913);
uint32_t x1949, uint8_t x1950 = addcarryx_u32(x1947, x1914, x1916);
uint32_t x1952, uint8_t x1953 = addcarryx_u32(x1950, x1917, x1919);
uint32_t x1955, uint8_t x1956 = addcarryx_u32(x1953, x1920, x1922);
uint32_t x1958, uint8_t x1959 = addcarryx_u32(x1956, x1923, x1925);
uint32_t x1961, uint8_t _ = addcarryx_u32(0x0, x1959, x1926);
uint32_t x1964, uint8_t x1965 = addcarryx_u32(0x0, x1855, x1892);
uint32_t x1967, uint8_t x1968 = addcarryx_u32(x1965, x1858, x1928);
uint32_t x1970, uint8_t x1971 = addcarryx_u32(x1968, x1861, x1931);
uint32_t x1973, uint8_t x1974 = addcarryx_u32(x1971, x1864, x1934);
uint32_t x1976, uint8_t x1977 = addcarryx_u32(x1974, x1867, x1937);
uint32_t x1979, uint8_t x1980 = addcarryx_u32(x1977, x1870, x1940);
uint32_t x1982, uint8_t x1983 = addcarryx_u32(x1980, x1873, x1943);
uint32_t x1985, uint8_t x1986 = addcarryx_u32(x1983, x1876, x1946);
uint32_t x1988, uint8_t x1989 = addcarryx_u32(x1986, x1879, x1949);
uint32_t x1991, uint8_t x1992 = addcarryx_u32(x1989, x1882, x1952);
uint32_t x1994, uint8_t x1995 = addcarryx_u32(x1992, x1885, x1955);
uint32_t x1997, uint8_t x1998 = addcarryx_u32(x1995, x1888, x1958);
uint32_t x2000, uint8_t x2001 = addcarryx_u32(x1998, x1890, x1961);
uint32_t x2003, uint32_t x2004 = mulx_u32(x1964, 0xffffffff);
uint32_t x2006, uint32_t x2007 = mulx_u32(x1964, 0xffffffff);
uint32_t x2009, uint32_t x2010 = mulx_u32(x1964, 0xfffffffe);
uint32_t x2012, uint32_t x2013 = mulx_u32(x1964, 0xffffffff);
uint32_t x2015, uint32_t x2016 = mulx_u32(x1964, 0xffffffff);
uint32_t x2018, uint32_t x2019 = mulx_u32(x1964, 0xffffffff);
uint32_t x2021, uint32_t x2022 = mulx_u32(x1964, 0xffffffff);
uint32_t x2024, uint32_t x2025 = mulx_u32(x1964, 0xffffffff);
uint32_t x2027, uint32_t x2028 = mulx_u32(x1964, 0xffffffff);
uint32_t x2030, uint32_t x2031 = mulx_u32(x1964, 0xffffffff);
uint32_t x2033, uint8_t x2034 = addcarryx_u32(0x0, x2007, x2009);
uint32_t x2036, uint8_t x2037 = addcarryx_u32(x2034, x2010, x2012);
uint32_t x2039, uint8_t x2040 = addcarryx_u32(x2037, x2013, x2015);
uint32_t x2042, uint8_t x2043 = addcarryx_u32(x2040, x2016, x2018);
uint32_t x2045, uint8_t x2046 = addcarryx_u32(x2043, x2019, x2021);
uint32_t x2048, uint8_t x2049 = addcarryx_u32(x2046, x2022, x2024);
uint32_t x2051, uint8_t x2052 = addcarryx_u32(x2049, x2025, x2027);
uint32_t x2054, uint8_t x2055 = addcarryx_u32(x2052, x2028, x2030);
uint32_t x2057, uint8_t _ = addcarryx_u32(0x0, x2055, x2031);
uint32_t _, uint8_t x2061 = addcarryx_u32(0x0, x1964, x2003);
uint32_t x2063, uint8_t x2064 = addcarryx_u32(x2061, x1967, x2004);
uint32_t x2066, uint8_t x2067 = addcarryx_u32(x2064, x1970, 0x0);
uint32_t x2069, uint8_t x2070 = addcarryx_u32(x2067, x1973, x2006);
uint32_t x2072, uint8_t x2073 = addcarryx_u32(x2070, x1976, x2033);
uint32_t x2075, uint8_t x2076 = addcarryx_u32(x2073, x1979, x2036);
uint32_t x2078, uint8_t x2079 = addcarryx_u32(x2076, x1982, x2039);
uint32_t x2081, uint8_t x2082 = addcarryx_u32(x2079, x1985, x2042);
uint32_t x2084, uint8_t x2085 = addcarryx_u32(x2082, x1988, x2045);
uint32_t x2087, uint8_t x2088 = addcarryx_u32(x2085, x1991, x2048);
uint32_t x2090, uint8_t x2091 = addcarryx_u32(x2088, x1994, x2051);
uint32_t x2093, uint8_t x2094 = addcarryx_u32(x2091, x1997, x2054);
uint32_t x2096, uint8_t x2097 = addcarryx_u32(x2094, x2000, x2057);
uint8_t x2098 = (x2097 + x2001);
uint32_t x2100, uint32_t x2101 = mulx_u32(x23, x25);
uint32_t x2103, uint32_t x2104 = mulx_u32(x23, x27);
uint32_t x2106, uint32_t x2107 = mulx_u32(x23, x29);
uint32_t x2109, uint32_t x2110 = mulx_u32(x23, x31);
uint32_t x2112, uint32_t x2113 = mulx_u32(x23, x33);
uint32_t x2115, uint32_t x2116 = mulx_u32(x23, x35);
uint32_t x2118, uint32_t x2119 = mulx_u32(x23, x37);
uint32_t x2121, uint32_t x2122 = mulx_u32(x23, x39);
uint32_t x2124, uint32_t x2125 = mulx_u32(x23, x41);
uint32_t x2127, uint32_t x2128 = mulx_u32(x23, x43);
uint32_t x2130, uint32_t x2131 = mulx_u32(x23, x45);
uint32_t x2133, uint32_t x2134 = mulx_u32(x23, x44);
uint32_t x2136, uint8_t x2137 = addcarryx_u32(0x0, x2101, x2103);
uint32_t x2139, uint8_t x2140 = addcarryx_u32(x2137, x2104, x2106);
uint32_t x2142, uint8_t x2143 = addcarryx_u32(x2140, x2107, x2109);
uint32_t x2145, uint8_t x2146 = addcarryx_u32(x2143, x2110, x2112);
uint32_t x2148, uint8_t x2149 = addcarryx_u32(x2146, x2113, x2115);
uint32_t x2151, uint8_t x2152 = addcarryx_u32(x2149, x2116, x2118);
uint32_t x2154, uint8_t x2155 = addcarryx_u32(x2152, x2119, x2121);
uint32_t x2157, uint8_t x2158 = addcarryx_u32(x2155, x2122, x2124);
uint32_t x2160, uint8_t x2161 = addcarryx_u32(x2158, x2125, x2127);
uint32_t x2163, uint8_t x2164 = addcarryx_u32(x2161, x2128, x2130);
uint32_t x2166, uint8_t x2167 = addcarryx_u32(x2164, x2131, x2133);
uint32_t x2169, uint8_t _ = addcarryx_u32(0x0, x2167, x2134);
uint32_t x2172, uint8_t x2173 = addcarryx_u32(0x0, x2063, x2100);
uint32_t x2175, uint8_t x2176 = addcarryx_u32(x2173, x2066, x2136);
uint32_t x2178, uint8_t x2179 = addcarryx_u32(x2176, x2069, x2139);
uint32_t x2181, uint8_t x2182 = addcarryx_u32(x2179, x2072, x2142);
uint32_t x2184, uint8_t x2185 = addcarryx_u32(x2182, x2075, x2145);
uint32_t x2187, uint8_t x2188 = addcarryx_u32(x2185, x2078, x2148);
uint32_t x2190, uint8_t x2191 = addcarryx_u32(x2188, x2081, x2151);
uint32_t x2193, uint8_t x2194 = addcarryx_u32(x2191, x2084, x2154);
uint32_t x2196, uint8_t x2197 = addcarryx_u32(x2194, x2087, x2157);
uint32_t x2199, uint8_t x2200 = addcarryx_u32(x2197, x2090, x2160);
uint32_t x2202, uint8_t x2203 = addcarryx_u32(x2200, x2093, x2163);
uint32_t x2205, uint8_t x2206 = addcarryx_u32(x2203, x2096, x2166);
uint32_t x2208, uint8_t x2209 = addcarryx_u32(x2206, x2098, x2169);
uint32_t x2211, uint32_t x2212 = mulx_u32(x2172, 0xffffffff);
uint32_t x2214, uint32_t x2215 = mulx_u32(x2172, 0xffffffff);
uint32_t x2217, uint32_t x2218 = mulx_u32(x2172, 0xfffffffe);
uint32_t x2220, uint32_t x2221 = mulx_u32(x2172, 0xffffffff);
uint32_t x2223, uint32_t x2224 = mulx_u32(x2172, 0xffffffff);
uint32_t x2226, uint32_t x2227 = mulx_u32(x2172, 0xffffffff);
uint32_t x2229, uint32_t x2230 = mulx_u32(x2172, 0xffffffff);
uint32_t x2232, uint32_t x2233 = mulx_u32(x2172, 0xffffffff);
uint32_t x2235, uint32_t x2236 = mulx_u32(x2172, 0xffffffff);
uint32_t x2238, uint32_t x2239 = mulx_u32(x2172, 0xffffffff);
uint32_t x2241, uint8_t x2242 = addcarryx_u32(0x0, x2215, x2217);
uint32_t x2244, uint8_t x2245 = addcarryx_u32(x2242, x2218, x2220);
uint32_t x2247, uint8_t x2248 = addcarryx_u32(x2245, x2221, x2223);
uint32_t x2250, uint8_t x2251 = addcarryx_u32(x2248, x2224, x2226);
uint32_t x2253, uint8_t x2254 = addcarryx_u32(x2251, x2227, x2229);
uint32_t x2256, uint8_t x2257 = addcarryx_u32(x2254, x2230, x2232);
uint32_t x2259, uint8_t x2260 = addcarryx_u32(x2257, x2233, x2235);
uint32_t x2262, uint8_t x2263 = addcarryx_u32(x2260, x2236, x2238);
uint32_t x2265, uint8_t _ = addcarryx_u32(0x0, x2263, x2239);
uint32_t _, uint8_t x2269 = addcarryx_u32(0x0, x2172, x2211);
uint32_t x2271, uint8_t x2272 = addcarryx_u32(x2269, x2175, x2212);
uint32_t x2274, uint8_t x2275 = addcarryx_u32(x2272, x2178, 0x0);
uint32_t x2277, uint8_t x2278 = addcarryx_u32(x2275, x2181, x2214);
uint32_t x2280, uint8_t x2281 = addcarryx_u32(x2278, x2184, x2241);
uint32_t x2283, uint8_t x2284 = addcarryx_u32(x2281, x2187, x2244);
uint32_t x2286, uint8_t x2287 = addcarryx_u32(x2284, x2190, x2247);
uint32_t x2289, uint8_t x2290 = addcarryx_u32(x2287, x2193, x2250);
uint32_t x2292, uint8_t x2293 = addcarryx_u32(x2290, x2196, x2253);
uint32_t x2295, uint8_t x2296 = addcarryx_u32(x2293, x2199, x2256);
uint32_t x2298, uint8_t x2299 = addcarryx_u32(x2296, x2202, x2259);
uint32_t x2301, uint8_t x2302 = addcarryx_u32(x2299, x2205, x2262);
uint32_t x2304, uint8_t x2305 = addcarryx_u32(x2302, x2208, x2265);
uint8_t x2306 = (x2305 + x2209);
uint32_t x2308, uint32_t x2309 = mulx_u32(x22, x25);
uint32_t x2311, uint32_t x2312 = mulx_u32(x22, x27);
uint32_t x2314, uint32_t x2315 = mulx_u32(x22, x29);
uint32_t x2317, uint32_t x2318 = mulx_u32(x22, x31);
uint32_t x2320, uint32_t x2321 = mulx_u32(x22, x33);
uint32_t x2323, uint32_t x2324 = mulx_u32(x22, x35);
uint32_t x2326, uint32_t x2327 = mulx_u32(x22, x37);
uint32_t x2329, uint32_t x2330 = mulx_u32(x22, x39);
uint32_t x2332, uint32_t x2333 = mulx_u32(x22, x41);
uint32_t x2335, uint32_t x2336 = mulx_u32(x22, x43);
uint32_t x2338, uint32_t x2339 = mulx_u32(x22, x45);
uint32_t x2341, uint32_t x2342 = mulx_u32(x22, x44);
uint32_t x2344, uint8_t x2345 = addcarryx_u32(0x0, x2309, x2311);
uint32_t x2347, uint8_t x2348 = addcarryx_u32(x2345, x2312, x2314);
uint32_t x2350, uint8_t x2351 = addcarryx_u32(x2348, x2315, x2317);
uint32_t x2353, uint8_t x2354 = addcarryx_u32(x2351, x2318, x2320);
uint32_t x2356, uint8_t x2357 = addcarryx_u32(x2354, x2321, x2323);
uint32_t x2359, uint8_t x2360 = addcarryx_u32(x2357, x2324, x2326);
uint32_t x2362, uint8_t x2363 = addcarryx_u32(x2360, x2327, x2329);
uint32_t x2365, uint8_t x2366 = addcarryx_u32(x2363, x2330, x2332);
uint32_t x2368, uint8_t x2369 = addcarryx_u32(x2366, x2333, x2335);
uint32_t x2371, uint8_t x2372 = addcarryx_u32(x2369, x2336, x2338);
uint32_t x2374, uint8_t x2375 = addcarryx_u32(x2372, x2339, x2341);
uint32_t x2377, uint8_t _ = addcarryx_u32(0x0, x2375, x2342);
uint32_t x2380, uint8_t x2381 = addcarryx_u32(0x0, x2271, x2308);
uint32_t x2383, uint8_t x2384 = addcarryx_u32(x2381, x2274, x2344);
uint32_t x2386, uint8_t x2387 = addcarryx_u32(x2384, x2277, x2347);
uint32_t x2389, uint8_t x2390 = addcarryx_u32(x2387, x2280, x2350);
uint32_t x2392, uint8_t x2393 = addcarryx_u32(x2390, x2283, x2353);
uint32_t x2395, uint8_t x2396 = addcarryx_u32(x2393, x2286, x2356);
uint32_t x2398, uint8_t x2399 = addcarryx_u32(x2396, x2289, x2359);
uint32_t x2401, uint8_t x2402 = addcarryx_u32(x2399, x2292, x2362);
uint32_t x2404, uint8_t x2405 = addcarryx_u32(x2402, x2295, x2365);
uint32_t x2407, uint8_t x2408 = addcarryx_u32(x2405, x2298, x2368);
uint32_t x2410, uint8_t x2411 = addcarryx_u32(x2408, x2301, x2371);
uint32_t x2413, uint8_t x2414 = addcarryx_u32(x2411, x2304, x2374);
uint32_t x2416, uint8_t x2417 = addcarryx_u32(x2414, x2306, x2377);
uint32_t x2419, uint32_t x2420 = mulx_u32(x2380, 0xffffffff);
uint32_t x2422, uint32_t x2423 = mulx_u32(x2380, 0xffffffff);
uint32_t x2425, uint32_t x2426 = mulx_u32(x2380, 0xfffffffe);
uint32_t x2428, uint32_t x2429 = mulx_u32(x2380, 0xffffffff);
uint32_t x2431, uint32_t x2432 = mulx_u32(x2380, 0xffffffff);
uint32_t x2434, uint32_t x2435 = mulx_u32(x2380, 0xffffffff);
uint32_t x2437, uint32_t x2438 = mulx_u32(x2380, 0xffffffff);
uint32_t x2440, uint32_t x2441 = mulx_u32(x2380, 0xffffffff);
uint32_t x2443, uint32_t x2444 = mulx_u32(x2380, 0xffffffff);
uint32_t x2446, uint32_t x2447 = mulx_u32(x2380, 0xffffffff);
uint32_t x2449, uint8_t x2450 = addcarryx_u32(0x0, x2423, x2425);
uint32_t x2452, uint8_t x2453 = addcarryx_u32(x2450, x2426, x2428);
uint32_t x2455, uint8_t x2456 = addcarryx_u32(x2453, x2429, x2431);
uint32_t x2458, uint8_t x2459 = addcarryx_u32(x2456, x2432, x2434);
uint32_t x2461, uint8_t x2462 = addcarryx_u32(x2459, x2435, x2437);
uint32_t x2464, uint8_t x2465 = addcarryx_u32(x2462, x2438, x2440);
uint32_t x2467, uint8_t x2468 = addcarryx_u32(x2465, x2441, x2443);
uint32_t x2470, uint8_t x2471 = addcarryx_u32(x2468, x2444, x2446);
uint32_t x2473, uint8_t _ = addcarryx_u32(0x0, x2471, x2447);
uint32_t _, uint8_t x2477 = addcarryx_u32(0x0, x2380, x2419);
uint32_t x2479, uint8_t x2480 = addcarryx_u32(x2477, x2383, x2420);
uint32_t x2482, uint8_t x2483 = addcarryx_u32(x2480, x2386, 0x0);
uint32_t x2485, uint8_t x2486 = addcarryx_u32(x2483, x2389, x2422);
uint32_t x2488, uint8_t x2489 = addcarryx_u32(x2486, x2392, x2449);
uint32_t x2491, uint8_t x2492 = addcarryx_u32(x2489, x2395, x2452);
uint32_t x2494, uint8_t x2495 = addcarryx_u32(x2492, x2398, x2455);
uint32_t x2497, uint8_t x2498 = addcarryx_u32(x2495, x2401, x2458);
uint32_t x2500, uint8_t x2501 = addcarryx_u32(x2498, x2404, x2461);
uint32_t x2503, uint8_t x2504 = addcarryx_u32(x2501, x2407, x2464);
uint32_t x2506, uint8_t x2507 = addcarryx_u32(x2504, x2410, x2467);
uint32_t x2509, uint8_t x2510 = addcarryx_u32(x2507, x2413, x2470);
uint32_t x2512, uint8_t x2513 = addcarryx_u32(x2510, x2416, x2473);
uint8_t x2514 = (x2513 + x2417);
uint32_t x2516, uint8_t x2517 = subborrow_u32(0x0, x2479, 0xffffffff);
uint32_t x2519, uint8_t x2520 = subborrow_u32(x2517, x2482, 0x0);
uint32_t x2522, uint8_t x2523 = subborrow_u32(x2520, x2485, 0x0);
uint32_t x2525, uint8_t x2526 = subborrow_u32(x2523, x2488, 0xffffffff);
uint32_t x2528, uint8_t x2529 = subborrow_u32(x2526, x2491, 0xfffffffe);
uint32_t x2531, uint8_t x2532 = subborrow_u32(x2529, x2494, 0xffffffff);
uint32_t x2534, uint8_t x2535 = subborrow_u32(x2532, x2497, 0xffffffff);
uint32_t x2537, uint8_t x2538 = subborrow_u32(x2535, x2500, 0xffffffff);
uint32_t x2540, uint8_t x2541 = subborrow_u32(x2538, x2503, 0xffffffff);
uint32_t x2543, uint8_t x2544 = subborrow_u32(x2541, x2506, 0xffffffff);
uint32_t x2546, uint8_t x2547 = subborrow_u32(x2544, x2509, 0xffffffff);
uint32_t x2549, uint8_t x2550 = subborrow_u32(x2547, x2512, 0xffffffff);
uint32_t _, uint8_t x2553 = subborrow_u32(x2550, x2514, 0x0);
(cmovznz32(x2553, x2549, x2512), cmovznz32(x2553, x2546, x2509), cmovznz32(x2553, x2543, x2506), cmovznz32(x2553, x2540, x2503), cmovznz32(x2553, x2537, x2500), cmovznz32(x2553, x2534, x2497), cmovznz32(x2553, x2531, x2494), cmovznz32(x2553, x2528, x2491), cmovznz32(x2553, x2525, x2488), cmovznz32(x2553, x2522, x2485), cmovznz32(x2553, x2519, x2482), cmovznz32(x2553, x2516, x2479))
     : ∀ var : Z.Syntax.base_type → Type, expr Z.Syntax.base_type Z.Syntax.op (uint32_t * uint32_t * uint32_t * uint32_t * uint32_t * uint32_t * uint32_t * uint32_t * uint32_t * uint32_t * uint32_t * uint32_t * (uint32_t * uint32_t * uint32_t * uint32_t * uint32_t * uint32_t * uint32_t * uint32_t * uint32_t * uint32_t * uint32_t * uint32_t) -> uint32_t * uint32_t * uint32_t * uint32_t * uint32_t * uint32_t * uint32_t * uint32_t * uint32_t * uint32_t * uint32_t * uint32_t)

Argument scope is [function_scope]
