mul = λ var : Z.Syntax.base_type → Type,
λ '(x18, x19, x17, x15, x13, x11, x9, x7, x5, x3, (x36, x37, x35, x33, x31, x29, x27, x25, x23, x21))%core,
uint64_t x38 = (0x2 * (x18 * x36));
uint64_t x39 = ((x19 * x36) + (x18 * x37));
uint64_t x40 = ((0x2 * (x17 * x36)) + ((x19 * x37) + (0x2 * (x18 * x35))));
uint64_t x41 = ((0x2 * (x15 * x36)) + ((0x2 * (x17 * x37)) + ((0x2 * (x19 * x35)) + (0x2 * (x18 * x33)))));
uint64_t x42 = ((x13 * x36) + ((x15 * x37) + ((0x2 * (x17 * x35)) + ((x19 * x33) + (x18 * x31)))));
uint64_t x43 = ((0x2 * (x11 * x36)) + ((x13 * x37) + ((0x2 * (x15 * x35)) + ((0x2 * (x17 * x33)) + ((x19 * x31) + (0x2 * (x18 * x29)))))));
uint64_t x44 = ((x9 * x36) + ((x11 * x37) + ((x13 * x35) + ((x15 * x33) + ((x17 * x31) + ((x19 * x29) + (x18 * x27)))))));
uint64_t x45 = ((0x2 * (x7 * x36)) + ((x9 * x37) + ((0x2 * (x11 * x35)) + ((x13 * x33) + ((x15 * x31) + ((0x2 * (x17 * x29)) + ((x19 * x27) + (0x2 * (x18 * x25)))))))));
uint64_t x46 = ((0x2 * (x5 * x36)) + ((0x2 * (x7 * x37)) + ((0x2 * (x9 * x35)) + ((0x2 * (x11 * x33)) + ((x13 * x31) + ((0x2 * (x15 * x29)) + ((0x2 * (x17 * x27)) + ((0x2 * (x19 * x25)) + (0x2 * (x18 * x23))))))))));
uint64_t x47 = ((x3 * x36) + ((x5 * x37) + ((0x2 * (x7 * x35)) + ((x9 * x33) + ((x11 * x31) + ((x13 * x29) + ((x15 * x27) + ((0x2 * (x17 * x25)) + ((x19 * x23) + (x18 * x21))))))))));
uint64_t x48 = ((x3 * x37) + ((0x2 * (x5 * x35)) + ((0x2 * (x7 * x33)) + ((x9 * x31) + ((0x2 * (x11 * x29)) + ((x13 * x27) + ((0x2 * (x15 * x25)) + ((0x2 * (x17 * x23)) + (x19 * x21)))))))));
uint64_t x49 = ((x3 * x35) + ((x5 * x33) + ((x7 * x31) + ((x9 * x29) + ((x11 * x27) + ((x13 * x25) + ((x15 * x23) + (x17 * x21))))))));
uint64_t x50 = ((x3 * x33) + ((x5 * x31) + ((0x2 * (x7 * x29)) + ((x9 * x27) + ((0x2 * (x11 * x25)) + ((x13 * x23) + (x15 * x21)))))));
uint64_t x51 = ((x3 * x31) + ((0x2 * (x5 * x29)) + ((0x2 * (x7 * x27)) + ((0x2 * (x9 * x25)) + ((0x2 * (x11 * x23)) + (x13 * x21))))));
uint64_t x52 = ((x3 * x29) + ((x5 * x27) + ((0x2 * (x7 * x25)) + ((x9 * x23) + (x11 * x21)))));
uint64_t x53 = ((x3 * x27) + ((0x2 * (x5 * x25)) + ((0x2 * (x7 * x23)) + (x9 * x21))));
uint64_t x54 = ((x3 * x25) + ((x5 * x23) + (x7 * x21)));
uint64_t x55 = ((x3 * x23) + (x5 * x21));
uint64_t x56 = (x3 * x21);
uint128_t x57 = (x48 + ((uint128_t)0x1000003d1 * x38));
uint128_t x58 = (x49 + ((uint128_t)0x1000003d1 * x39));
uint128_t x59 = (x50 + ((uint128_t)0x1000003d1 * x40));
uint128_t x60 = (x51 + ((uint128_t)0x1000003d1 * x41));
uint128_t x61 = (x52 + ((uint128_t)0x1000003d1 * x42));
uint128_t x62 = (x53 + ((uint128_t)0x1000003d1 * x43));
uint128_t x63 = (x54 + ((uint128_t)0x1000003d1 * x44));
uint128_t x64 = (x55 + ((uint128_t)0x1000003d1 * x45));
uint128_t x65 = (x56 + ((uint128_t)0x1000003d1 * x46));
uint128_t x66 = (x65 >> 0x1a);
uint64_t x67 = ((uint64_t)x65 & 0x3ffffff);
uint128_t x68 = (x66 + x64);
uint128_t x69 = (x68 >> 0x1a);
uint64_t x70 = ((uint64_t)x68 & 0x3ffffff);
uint128_t x71 = (x69 + x63);
uint128_t x72 = (x71 >> 0x19);
uint64_t x73 = ((uint64_t)x71 & 0x1ffffff);
uint128_t x74 = (x72 + x62);
uint64_t x75 = (uint64_t) (x74 >> 0x1a);
uint64_t x76 = ((uint64_t)x74 & 0x3ffffff);
uint128_t x77 = (x75 + x61);
uint128_t x78 = (x77 >> 0x19);
uint64_t x79 = ((uint64_t)x77 & 0x1ffffff);
uint128_t x80 = (x78 + x60);
uint64_t x81 = (uint64_t) (x80 >> 0x1a);
uint64_t x82 = ((uint64_t)x80 & 0x3ffffff);
uint128_t x83 = (x81 + x59);
uint64_t x84 = (uint64_t) (x83 >> 0x1a);
uint64_t x85 = ((uint64_t)x83 & 0x3ffffff);
uint128_t x86 = (x84 + x58);
uint64_t x87 = (uint64_t) (x86 >> 0x19);
uint64_t x88 = ((uint64_t)x86 & 0x1ffffff);
uint128_t x89 = (x87 + x57);
uint64_t x90 = (uint64_t) (x89 >> 0x1a);
uint64_t x91 = ((uint64_t)x89 & 0x3ffffff);
uint64_t x92 = (x90 + x47);
uint64_t x93 = (x92 >> 0x19);
uint64_t x94 = (x92 & 0x1ffffff);
uint128_t x95 = (x67 + ((uint128_t)0x1000003d1 * x93));
uint64_t x96 = (uint64_t) (x95 >> 0x1a);
uint64_t x97 = ((uint64_t)x95 & 0x3ffffff);
uint64_t x98 = (x96 + x70);
uint64_t x99 = (x98 >> 0x1a);
uint64_t x100 = (x98 & 0x3ffffff);
return (Return x94, Return x91, Return x88, Return x85, Return x82, Return x79, Return x76, (x99 + x73), Return x100, Return x97)
     : ∀ var : Z.Syntax.base_type → Type, expr Z.Syntax.base_type Z.Syntax.op (uint64_t * uint64_t * uint64_t * uint64_t * uint64_t * uint64_t * uint64_t * uint64_t * uint64_t * uint64_t * (uint64_t * uint64_t * uint64_t * uint64_t * uint64_t * uint64_t * uint64_t * uint64_t * uint64_t * uint64_t) -> uint64_t * uint64_t * uint64_t * uint64_t * uint64_t * uint64_t * uint64_t * uint64_t * uint64_t * uint64_t)

Argument scope is [function_scope]
